<?xml version="1.0" encoding="UTF-8"?>
<!-- Generated by org.testng.reporters.JUnitReportReporter -->
<testsuite hostname="soccf-tr5-001" name="teammates.test.cases.ui.browsertests.InstructorSearchPageUiTest" tests="1" failures="0" timestamp="3 Sep 2014 12:02:56 GMT" time="57.766" errors="0">
  <testcase name="allTests" time="57.766" classname="teammates.test.cases.ui.browsertests.InstructorSearchPageUiTest"/>
</testsuite> <!-- teammates.test.cases.ui.browsertests.InstructorSearchPageUiTest -->
