<?xml version="1.0" encoding="UTF-8"?>
<!-- Generated by org.testng.reporters.JUnitReportReporter -->
<testsuite hostname="soccf-tr5-001" name="teammates.test.cases.ui.browsertests.InstructorHomePageUiTest" tests="1" failures="0" timestamp="30 Aug 2014 08:10:37 GMT" time="126.187" errors="0">
  <testcase name="allTests" time="126.187" classname="teammates.test.cases.ui.browsertests.InstructorHomePageUiTest"/>
</testsuite> <!-- teammates.test.cases.ui.browsertests.InstructorHomePageUiTest -->
