<?xml version="1.0" encoding="UTF-8"?>
<!-- Generated by org.testng.reporters.JUnitReportReporter -->
<testsuite hostname="soccf-tr5-001" name="teammates.test.cases.ui.browsertests.SystemErrorEmailReportTest" tests="5" failures="0" timestamp="29 Oct 2014 13:25:55 GMT" time="3.074" errors="0">
  <testcase name="testNullPointerException" time="0.608" classname="teammates.test.cases.ui.browsertests.SystemErrorEmailReportTest"/>
  <testcase name="testAssertionError" time="0.515" classname="teammates.test.cases.ui.browsertests.SystemErrorEmailReportTest"/>
  <testcase name="testEntityDoesNotExistException" time="0.640" classname="teammates.test.cases.ui.browsertests.SystemErrorEmailReportTest"/>
  <testcase name="testUnauthorizedAccessException" time="0.608" classname="teammates.test.cases.ui.browsertests.SystemErrorEmailReportTest"/>
  <testcase name="testDeadlineExceededException" time="0.703" classname="teammates.test.cases.ui.browsertests.SystemErrorEmailReportTest"/>
</testsuite> <!-- teammates.test.cases.ui.browsertests.SystemErrorEmailReportTest -->
