<?xml version="1.0" encoding="UTF-8"?>
<!-- Generated by org.testng.reporters.JUnitReportReporter -->
<testsuite hostname="soccf-tr5-001" name="teammates.test.cases.ui.browsertests.StudentCourseDetailsPageUiTest" tests="1" failures="0" timestamp="29 Oct 2014 13:47:50 GMT" time="3.338" errors="0">
  <testcase name="testAll" time="3.338" classname="teammates.test.cases.ui.browsertests.StudentCourseDetailsPageUiTest"/>
</testsuite> <!-- teammates.test.cases.ui.browsertests.StudentCourseDetailsPageUiTest -->
