<?xml version="1.0" encoding="UTF-8"?>
<!-- Generated by org.testng.reporters.JUnitReportReporter -->
<testsuite hostname="soccf-tr5-001" name="teammates.test.cases.logic.SubmissionTaskQueueLogicTest" tests="2" failures="0" timestamp="1 Oct 2014 12:29:34 GMT" time="2.106" errors="0">
  <testcase name="testCreationOfSubmissions" time="0.062" classname="teammates.test.cases.logic.SubmissionTaskQueueLogicTest"/>
  <testcase name="testSchedulingOfCreationOfSubmissions" time="2.044" classname="teammates.test.cases.logic.SubmissionTaskQueueLogicTest"/>
</testsuite> <!-- teammates.test.cases.logic.SubmissionTaskQueueLogicTest -->
