<?xml version="1.0" encoding="UTF-8"?>
<!-- Generated by org.testng.reporters.JUnitReportReporter -->
<testsuite hostname="soccf-tr5-001" name="teammates.test.cases.ui.browsertests.StudentEvalEditSubmissionPageUiTest" tests="1" failures="0" timestamp="11 Sep 2014 06:11:54 GMT" time="78.935" errors="0">
  <testcase name="testAll" time="78.935" classname="teammates.test.cases.ui.browsertests.StudentEvalEditSubmissionPageUiTest"/>
</testsuite> <!-- teammates.test.cases.ui.browsertests.StudentEvalEditSubmissionPageUiTest -->
