<?xml version="1.0" encoding="UTF-8"?>
<!-- Generated by org.testng.reporters.JUnitReportReporter -->
<testsuite hostname="soccf-tr5-001" name="teammates.test.cases.logic.FeedbackSessionEmailTaskQueueTest" tests="4" failures="0" timestamp="23 Aug 2014 14:33:19 GMT" time="10.190" errors="0">
  <testcase name="testAll" time="3.074" classname="teammates.test.cases.logic.FeedbackSessionEmailTaskQueueTest"/>
  <testcase name="testScheduleFeedbackSessionOpeningEmails" time="3.073" classname="teammates.test.cases.logic.FeedbackSessionEmailTaskQueueTest"/>
  <testcase name="testScheduleFeedbackSessionClosingEmails" time="2.014" classname="teammates.test.cases.logic.FeedbackSessionEmailTaskQueueTest"/>
  <testcase name="testScheduleFeedbackSessionPublishedEmails" time="2.029" classname="teammates.test.cases.logic.FeedbackSessionEmailTaskQueueTest"/>
</testsuite> <!-- teammates.test.cases.logic.FeedbackSessionEmailTaskQueueTest -->
