<?xml version="1.0" encoding="UTF-8"?>
<!-- Generated by org.testng.reporters.JUnitReportReporter -->
<testsuite hostname="soccf-tr5-001" name="teammates.test.cases.ui.browsertests.InstructorSearchPageUiTest" tests="1" failures="0" timestamp="8 Oct 2014 15:54:50 GMT" time="54.163" errors="0">
  <testcase name="allTests" time="54.163" classname="teammates.test.cases.ui.browsertests.InstructorSearchPageUiTest"/>
</testsuite> <!-- teammates.test.cases.ui.browsertests.InstructorSearchPageUiTest -->
