<?xml version="1.0" encoding="UTF-8"?>
<!-- Generated by org.testng.reporters.JUnitReportReporter -->
<testsuite hostname="soccf-tr5-001" name="teammates.test.cases.ui.AdminInstructorAccountAddActionTest" tests="2" failures="0" timestamp="11 Sep 2014 07:39:06 GMT" time="9.829" errors="0">
  <testcase name="testExecuteAndPostProcess" time="9.829" classname="teammates.test.cases.ui.AdminInstructorAccountAddActionTest"/>
  <testcase name="testGenerateNextDemoCourseId" time="0.000" classname="teammates.test.cases.ui.AdminInstructorAccountAddActionTest"/>
</testsuite> <!-- teammates.test.cases.ui.AdminInstructorAccountAddActionTest -->
