<?xml version="1.0" encoding="UTF-8"?>
<!-- Generated by org.testng.reporters.JUnitReportReporter -->
<testsuite hostname="soccf-tr5-001" name="teammates.test.cases.ui.browsertests.InstructorFeedbackResultsPageUiTest" tests="1" failures="0" timestamp="1 Oct 2014 16:14:17 GMT" time="155.610" errors="0">
  <testcase name="testAll" time="155.610" classname="teammates.test.cases.ui.browsertests.InstructorFeedbackResultsPageUiTest"/>
</testsuite> <!-- teammates.test.cases.ui.browsertests.InstructorFeedbackResultsPageUiTest -->
