<?xml version="1.0" encoding="UTF-8"?>
<!-- Generated by org.testng.reporters.JUnitReportReporter -->
<testsuite hostname="soccf-tr5-001" name="teammates.test.cases.ui.browsertests.InstructorFeedbackQuestionSubmitPageUiTest" tests="1" failures="0" timestamp="7 Aug 2014 06:43:30 GMT" time="17.378" errors="0">
  <testcase name="testAll" time="17.378" classname="teammates.test.cases.ui.browsertests.InstructorFeedbackQuestionSubmitPageUiTest"/>
</testsuite> <!-- teammates.test.cases.ui.browsertests.InstructorFeedbackQuestionSubmitPageUiTest -->
