<?xml version="1.0" encoding="UTF-8"?>
<!-- Generated by org.testng.reporters.JUnitReportReporter -->
<testsuite hostname="soccf-tr5-001" name="teammates.test.cases.common.SessionAttributesTest" tests="1" failures="0" timestamp="29 Oct 2014 17:34:19 GMT" time="0.015" errors="0">
  <testcase name="testSort" time="0.015" classname="teammates.test.cases.common.SessionAttributesTest"/>
</testsuite> <!-- teammates.test.cases.common.SessionAttributesTest -->
