<?xml version="1.0" encoding="UTF-8"?>
<!-- Generated by org.testng.reporters.JUnitReportReporter -->
<testsuite hostname="soccf-tr5-001" name="teammates.test.cases.logic.TeamEvalResultTest" tests="8" failures="0" timestamp="29 Oct 2014 17:12:04 GMT" time="0.218" errors="0">
  <testcase name="testCalculatePerceivedForStudent" time="0.000" classname="teammates.test.cases.logic.TeamEvalResultTest"/>
  <testcase name="testPurgeValuesCorrespondingToSpecialValuesInFilter" time="0.000" classname="teammates.test.cases.logic.TeamEvalResultTest"/>
  <testcase name="testIsSanitized" time="0.000" classname="teammates.test.cases.logic.TeamEvalResultTest"/>
  <testcase name="testExcludeSelfRatings" time="0.000" classname="teammates.test.cases.logic.TeamEvalResultTest"/>
  <testcase name="testNormalizeValues" time="0.000" classname="teammates.test.cases.logic.TeamEvalResultTest"/>
  <testcase name="testAverageColumns" time="0.016" classname="teammates.test.cases.logic.TeamEvalResultTest"/>
  <testcase name="testCalculatePoints" time="0.202" classname="teammates.test.cases.logic.TeamEvalResultTest"/>
  <testcase name="testSum" time="0.000" classname="teammates.test.cases.logic.TeamEvalResultTest"/>
</testsuite> <!-- teammates.test.cases.logic.TeamEvalResultTest -->
