<?xml version="1.0" encoding="UTF-8"?>
<!-- Generated by org.testng.reporters.JUnitReportReporter -->
<testsuite hostname="soccf-tr5-001" name="teammates.test.cases.storage.CoursesDbTest" tests="4" failures="0" timestamp="6 Aug 2014 08:31:51 GMT" time="0.059" errors="0">
  <testcase name="testDeleteCourse" time="0.024" classname="teammates.test.cases.storage.CoursesDbTest"/>
  <testcase name="testGetCourse" time="0.009" classname="teammates.test.cases.storage.CoursesDbTest"/>
  <testcase name="testUpdateCourse" time="0.009" classname="teammates.test.cases.storage.CoursesDbTest"/>
  <testcase name="testCreateCourse" time="0.017" classname="teammates.test.cases.storage.CoursesDbTest"/>
</testsuite> <!-- teammates.test.cases.storage.CoursesDbTest -->
