<?xml version="1.0" encoding="UTF-8"?>
<!-- Generated by org.testng.reporters.JUnitReportReporter -->
<testsuite hostname="soccf-tr5-001" name="teammates.test.cases.logic.CommentsLogicTest" tests="4" failures="0" timestamp="14 Sep 2014 14:29:29 GMT" time="0.296" errors="0">
  <testcase name="testCreateComment" time="0.031" classname="teammates.test.cases.logic.CommentsLogicTest"/>
  <testcase name="testGetComments" time="0.250" classname="teammates.test.cases.logic.CommentsLogicTest"/>
  <testcase name="testUpdateComment" time="0.015" classname="teammates.test.cases.logic.CommentsLogicTest"/>
  <testcase name="testDeleteComment" time="0.000" classname="teammates.test.cases.logic.CommentsLogicTest"/>
</testsuite> <!-- teammates.test.cases.logic.CommentsLogicTest -->
