<?xml version="1.0" encoding="UTF-8"?>
<!-- Generated by org.testng.reporters.JUnitReportReporter -->
<testsuite hostname="soccf-tr5-001" name="teammates.test.cases.ui.StudentEvalSubmissionEditSaveActionTest" tests="2" failures="0" timestamp="11 Sep 2014 06:11:54 GMT" time="0.266" errors="0">
  <testcase name="testExecuteAndPostProcess" time="0.156" classname="teammates.test.cases.ui.StudentEvalSubmissionEditSaveActionTest"/>
  <testcase name="testValidation" time="0.110" classname="teammates.test.cases.ui.StudentEvalSubmissionEditSaveActionTest"/>
</testsuite> <!-- teammates.test.cases.ui.StudentEvalSubmissionEditSaveActionTest -->
