<?xml version="1.0" encoding="UTF-8"?>
<!-- Generated by org.testng.reporters.JUnitReportReporter -->
<testsuite hostname="soccf-tr5-001" name="teammates.test.cases.ui.InstructorFeedbackAddActionTest" tests="1" failures="0" timestamp="26 Sep 2014 15:21:30 GMT" time="1.077" errors="0">
  <testcase name="testExecuteAndPostProcess" time="1.077" classname="teammates.test.cases.ui.InstructorFeedbackAddActionTest"/>
</testsuite> <!-- teammates.test.cases.ui.InstructorFeedbackAddActionTest -->
