<?xml version="1.0" encoding="UTF-8"?>
<!-- Generated by org.testng.reporters.JUnitReportReporter -->
<testsuite hostname="soccf-tr5-001" name="teammates.test.cases.testdriver.HtmlHelperTest" tests="3" failures="0" timestamp="25 Feb 2015 13:04:50 GMT" time="0.733" errors="0">
  <testcase name="testConvertToStandardHtml" time="0.062" classname="teammates.test.cases.testdriver.HtmlHelperTest"/>
  <testcase name="testConvertToStandardHtmlPart" time="0.063" classname="teammates.test.cases.testdriver.HtmlHelperTest"/>
  <testcase name="testComparison" time="0.608" classname="teammates.test.cases.testdriver.HtmlHelperTest"/>
</testsuite> <!-- teammates.test.cases.testdriver.HtmlHelperTest -->
