<?xml version="1.0" encoding="UTF-8"?>
<!-- Generated by org.testng.reporters.JUnitReportReporter -->
<testsuite hostname="soccf-tr5-001" name="teammates.test.cases.ui.browsertests.InstructorEvalEditPageUiTest" tests="1" failures="0" timestamp="3 Sep 2014 15:50:16 GMT" time="37.767" errors="0">
  <testcase name="runTestsInOrder" time="37.767" classname="teammates.test.cases.ui.browsertests.InstructorEvalEditPageUiTest"/>
</testsuite> <!-- teammates.test.cases.ui.browsertests.InstructorEvalEditPageUiTest -->
