<?xml version="1.0" encoding="UTF-8"?>
<!-- Generated by org.testng.reporters.JUnitReportReporter -->
<testsuite hostname="soccf-tr5-001" name="teammates.test.cases.ui.StudentFeedbackSubmissionEditSaveActionTest" tests="2" failures="0" timestamp="14 Sep 2014 18:19:38 GMT" time="5.414" errors="0">
  <testcase name="testGracePeriodExecuteAndPostProcess" time="0.328" classname="teammates.test.cases.ui.StudentFeedbackSubmissionEditSaveActionTest"/>
  <testcase name="testExecuteAndPostProcess" time="5.086" classname="teammates.test.cases.ui.StudentFeedbackSubmissionEditSaveActionTest"/>
</testsuite> <!-- teammates.test.cases.ui.StudentFeedbackSubmissionEditSaveActionTest -->
