<?xml version="1.0" encoding="UTF-8"?>
<!-- Generated by org.testng.reporters.JUnitReportReporter -->
<testsuite hostname="soccf-tr5-001" name="teammates.test.cases.logic.BackDoorLogicTest" tests="2" failures="0" timestamp="14 Sep 2014 17:55:08 GMT" time="1.732" errors="0">
  <testcase name="testPersistDataBundle" time="1.701" classname="teammates.test.cases.logic.BackDoorLogicTest"/>
  <testcase name="testGetSubmission" time="0.031" classname="teammates.test.cases.logic.BackDoorLogicTest"/>
</testsuite> <!-- teammates.test.cases.logic.BackDoorLogicTest -->
