<?xml version="1.0" encoding="UTF-8"?>
<!-- Generated by org.testng.reporters.JUnitReportReporter -->
<testsuite hostname="soccf-tr5-001" name="teammates.test.cases.common.StudentAttributesTest" tests="12" failures="0" timestamp="7 Aug 2014 04:10:48 GMT" time="0.000" errors="0">
  <testcase name="testGetValidityInfo" time="0.000" classname="teammates.test.cases.common.StudentAttributesTest"/>
  <testcase name="testSortByNameAndThenByEmail" time="0.000" classname="teammates.test.cases.common.StudentAttributesTest"/>
  <testcase name="testSortBySection" time="0.000" classname="teammates.test.cases.common.StudentAttributesTest"/>
  <testcase name="testToEnrollmentString" time="0.000" classname="teammates.test.cases.common.StudentAttributesTest"/>
  <testcase name="testToString" time="0.000" classname="teammates.test.cases.common.StudentAttributesTest"/>
  <testcase name="testStudentConstructor" time="0.000" classname="teammates.test.cases.common.StudentAttributesTest"/>
  <testcase name="testValidate" time="0.000" classname="teammates.test.cases.common.StudentAttributesTest"/>
  <testcase name="testUpdateStatusEnum" time="0.000" classname="teammates.test.cases.common.StudentAttributesTest"/>
  <testcase name="testIsEnrollInfoSameAs" time="0.000" classname="teammates.test.cases.common.StudentAttributesTest"/>
  <testcase name="testSortByTeam" time="0.000" classname="teammates.test.cases.common.StudentAttributesTest"/>
  <testcase name="testIsValid" time="0.000" classname="teammates.test.cases.common.StudentAttributesTest"/>
  <testcase name="testIsRegistered" time="0.000" classname="teammates.test.cases.common.StudentAttributesTest"/>
</testsuite> <!-- teammates.test.cases.common.StudentAttributesTest -->
