<?xml version="1.0" encoding="UTF-8"?>
<!-- Generated by org.testng.reporters.JUnitReportReporter -->
<testsuite hostname="soccf-tr5-001" name="teammates.test.cases.ui.InstructorFeedbackQuestionEditActionTest" tests="7" failures="0" timestamp="29 Oct 2014 17:12:04 GMT" time="11.107" errors="0">
  <testcase name="testExecuteAndPostProcessConstSumOption" time="1.311" classname="teammates.test.cases.ui.InstructorFeedbackQuestionEditActionTest"/>
  <testcase name="testExecuteAndPostProcessNumScale" time="2.152" classname="teammates.test.cases.ui.InstructorFeedbackQuestionEditActionTest"/>
  <testcase name="testExecuteAndPostProcessConstSumRecipient" time="1.731" classname="teammates.test.cases.ui.InstructorFeedbackQuestionEditActionTest"/>
  <testcase name="testExecuteAndPostProcess" time="0.203" classname="teammates.test.cases.ui.InstructorFeedbackQuestionEditActionTest"/>
  <testcase name="testExecuteAndPostProcessMcq" time="1.731" classname="teammates.test.cases.ui.InstructorFeedbackQuestionEditActionTest"/>
  <testcase name="testExecuteAndPostProcessMsq" time="2.013" classname="teammates.test.cases.ui.InstructorFeedbackQuestionEditActionTest"/>
  <testcase name="testExecuteAndPostProcessContributionQuestion" time="1.966" classname="teammates.test.cases.ui.InstructorFeedbackQuestionEditActionTest"/>
</testsuite> <!-- teammates.test.cases.ui.InstructorFeedbackQuestionEditActionTest -->
