<?xml version="1.0" encoding="UTF-8"?>
<!-- Generated by org.testng.reporters.JUnitReportReporter -->
<testsuite hostname="soccf-tr5-001" name="teammates.test.cases.ui.InstructorFeedbackQuestionAddActionTest" tests="7" failures="0" timestamp="21 Aug 2014 08:55:40 GMT" time="2.964" errors="0">
  <testcase name="testExecuteAndPostProcess" time="1.092" classname="teammates.test.cases.ui.InstructorFeedbackQuestionAddActionTest"/>
  <testcase name="testExecuteAndPostProcessMsq" time="0.437" classname="teammates.test.cases.ui.InstructorFeedbackQuestionAddActionTest"/>
  <testcase name="testExecuteAndPostProcessConstSumRecipient" time="0.141" classname="teammates.test.cases.ui.InstructorFeedbackQuestionAddActionTest"/>
  <testcase name="testExecuteAndPostProcessNumScale" time="0.374" classname="teammates.test.cases.ui.InstructorFeedbackQuestionAddActionTest"/>
  <testcase name="testExecuteAndPostProcessMcq" time="0.452" classname="teammates.test.cases.ui.InstructorFeedbackQuestionAddActionTest"/>
  <testcase name="testExecuteAndPostProcessConstSumOption" time="0.312" classname="teammates.test.cases.ui.InstructorFeedbackQuestionAddActionTest"/>
  <testcase name="testExecuteAndPostProcessContributionQuestion" time="0.156" classname="teammates.test.cases.ui.InstructorFeedbackQuestionAddActionTest"/>
</testsuite> <!-- teammates.test.cases.ui.InstructorFeedbackQuestionAddActionTest -->
