<?xml version="1.0" encoding="UTF-8"?>
<!-- Generated by org.testng.reporters.JUnitReportReporter -->
<testsuite hostname="soccf-tr5-001" name="teammates.test.cases.ui.InstructorFeedbackQuestionSubmissionEditPageActionTest" tests="1" failures="0" timestamp="5 Nov 2014 12:23:04 GMT" time="0.640" errors="0">
  <testcase name="testExecuteAndPostProcess" time="0.640" classname="teammates.test.cases.ui.InstructorFeedbackQuestionSubmissionEditPageActionTest"/>
</testsuite> <!-- teammates.test.cases.ui.InstructorFeedbackQuestionSubmissionEditPageActionTest -->
