<?xml version="1.0" encoding="UTF-8"?>
<!-- Generated by org.testng.reporters.JUnitReportReporter -->
<testsuite hostname="soccf-tr5-001" name="teammates.test.cases.ui.browsertests.InstructorCommentsPageUiTest" tests="1" failures="0" timestamp="10 Sep 2014 13:16:53 GMT" time="151.957" errors="0">
  <testcase name="allTests" time="151.957" classname="teammates.test.cases.ui.browsertests.InstructorCommentsPageUiTest"/>
</testsuite> <!-- teammates.test.cases.ui.browsertests.InstructorCommentsPageUiTest -->
