<?xml version="1.0" encoding="UTF-8"?>
<!-- Generated by org.testng.reporters.JUnitReportReporter -->
<testsuite hostname="soccf-tr5-001" name="teammates.test.cases.ui.browsertests.InstructorFeedbackPageUiTest" tests="1" failures="0" timestamp="28 Aug 2014 05:20:38 GMT" time="482.938" errors="0">
  <testcase name="allTests" time="482.938" classname="teammates.test.cases.ui.browsertests.InstructorFeedbackPageUiTest"/>
</testsuite> <!-- teammates.test.cases.ui.browsertests.InstructorFeedbackPageUiTest -->
