<?xml version="1.0" encoding="UTF-8"?>
<!-- Generated by org.testng.reporters.JUnitReportReporter -->
<testsuite hostname="soccf-tr5-001" name="teammates.test.cases.ui.browsertests.InstructorCommentsPageUiTest" tests="1" failures="0" timestamp="7 Aug 2014 04:18:04 GMT" time="69.867" errors="0">
  <testcase name="allTests" time="69.867" classname="teammates.test.cases.ui.browsertests.InstructorCommentsPageUiTest"/>
</testsuite> <!-- teammates.test.cases.ui.browsertests.InstructorCommentsPageUiTest -->
