<?xml version="1.0" encoding="UTF-8"?>
<!-- Generated by org.testng.reporters.JUnitReportReporter -->
<testsuite hostname="soccf-tr5-001" name="teammates.test.cases.ui.FeedbackSessionStatsPageActionTest" tests="1" failures="0" timestamp="15 Sep 2014 10:43:01 GMT" time="0.016" errors="0">
  <testcase name="testExecuteAndPostProcess" time="0.016" classname="teammates.test.cases.ui.FeedbackSessionStatsPageActionTest"/>
</testsuite> <!-- teammates.test.cases.ui.FeedbackSessionStatsPageActionTest -->
