<?xml version="1.0" encoding="UTF-8"?>
<!-- Generated by org.testng.reporters.JUnitReportReporter -->
<testsuite hostname="soccf-tr5-001" name="teammates.test.cases.ui.browsertests.InstructorFeedbackResultsPageUiTest" tests="1" failures="0" timestamp="24 Sep 2014 12:58:05 GMT" time="6.305" errors="1">
  <testcase name="testAll" time="6.305" classname="teammates.test.cases.ui.browsertests.InstructorFeedbackResultsPageUiTest">
    <error type="org.junit.ComparisonFailure" message="expected:&lt;&lt;[expected&gt;

   &lt;html&gt;
      &lt;head&gt;
         &lt;link href=&quot;/favicon.png&quot; rel=&quot;shortcut icon&quot;/&gt;
                  &lt;meta content=&quot;text/html; charset=UTF-8&quot; http-equiv=&quot;Content-Type&quot;/&gt;
                  &lt;meta content=&quot;IE=edge&quot; http-equiv=&quot;X-UA-Compatible&quot;/&gt;
                  &lt;meta content=&quot;width=device-width, initial-scale=1&quot; name=&quot;viewport&quot;/&gt;
                  &lt;title&gt;
            TEAMMATES - Feedback Session Results
         &lt;/title&gt;
         &lt;#comment         &lt;/#comment&gt;
         &lt;link href=&quot;/bootstrap/css/bootstrap.min.css&quot; rel=&quot;stylesheet&quot;/&gt;
                  &lt;#comment         &lt;/#comment&gt;
         &lt;link href=&quot;/bootstrap/css/bootstrap-theme.min.css&quot; rel=&quot;stylesheet&quot;/&gt;
                  &lt;link href=&quot;/stylesheets/teammatesCommon.css&quot; media=&quot;screen&quot; rel=&quot;stylesheet&quot; type=&quot;text/css&quot;/&gt;
                  &lt;script async=&quot;&quot; src=&quot;https://ssl.google-analytics.com/ga.js&quot; type=&quot;text/javascript&quot;&gt;
         &lt;/script&gt;
         &lt;script src=&quot;/js/googleAnalytics.js&quot; type=&quot;text/javascript&quot;&gt;
         &lt;/script&gt;
         &lt;script src=&quot;/js/jquery-minified.js&quot; type=&quot;text/javascript&quot;&gt;
         &lt;/script&gt;
         &lt;script src=&quot;/js/common.js&quot; type=&quot;text/javascript&quot;&gt;
         &lt;/script&gt;
         &lt;script src=&quot;/js/instructor.js&quot; type=&quot;text/javascript&quot;&gt;
         &lt;/script&gt;
         &lt;script src=&quot;/js/instructorFeedbackResults.js&quot; type=&quot;text/javascript&quot;&gt;
         &lt;/script&gt;
         &lt;script src=&quot;/js/instructorFeedbackResultsAjaxByQuestion.js&quot; type=&quot;text/javascript&quot;&gt;
         &lt;/script&gt;
         &lt;script src=&quot;/js/instructorFeedbackResultsAjaxResponseRate.js&quot; type=&quot;text/javascript&quot;&gt;
         &lt;/script&gt;
         &lt;script src=&quot;/js/additionalQuestionInfo.js&quot; type=&quot;text/javascript&quot;&gt;
         &lt;/script&gt;
         &lt;#comment         &lt;/#comment&gt;
         &lt;script src=&quot;/bootstrap/js/bootstrap.min.js&quot;&gt;
         &lt;/script&gt;
         &lt;#comment         &lt;/#comment&gt;
         &lt;#comment         &lt;/#comment&gt;
      &lt;/head&gt;
      &lt;body&gt;
         &lt;div class=&quot;navbar navbar-inverse navbar-fixed-top&quot; role=&quot;navigation&quot;&gt;
            &lt;div class=&quot;container&quot;&gt;
               &lt;div class=&quot;navbar-header&quot;&gt;
                  &lt;button class=&quot;navbar-toggle&quot; data-target=&quot;#contentLinks&quot; data-toggle=&quot;collapse&quot; type=&quot;button&quot;&gt;
                     &lt;span class=&quot;sr-only&quot;&gt;
                        Toggle navigation
                     &lt;/span&gt;
                     &lt;span class=&quot;icon-bar&quot;&gt;
                     &lt;/span&gt;
                     &lt;span class=&quot;icon-bar&quot;&gt;
                     &lt;/span&gt;
                     &lt;span class=&quot;icon-bar&quot;&gt;
                     &lt;/span&gt;
                  &lt;/button&gt;
                  &lt;a class=&quot;navbar-brand&quot; href=&quot;/index.html&quot;&gt;
                     TEAMMATES
                  &lt;/a&gt;
               &lt;/div&gt;
               &lt;div class=&quot;collapse navbar-collapse&quot; id=&quot;contentLinks&quot;&gt;
                  &lt;ul class=&quot;nav navbar-nav&quot;&gt;
                     &lt;li class=&quot;&quot;&gt;
                        &lt;a class=&quot;nav home&quot; data-link=&quot;instructorHome&quot; href=&quot;/page/instructorHomePage?user=CFResultsUiT.instr&quot;&gt;
                           Home
                        &lt;/a&gt;
                     &lt;/li&gt;
                     &lt;li class=&quot;&quot;&gt;
                        &lt;a class=&quot;nav courses&quot; data-link=&quot;instructorCourse&quot; href=&quot;/page/instructorCoursesPage?user=CFResultsUiT.instr&quot;&gt;
                           Courses
                        &lt;/a&gt;
                     &lt;/li&gt;
                     &lt;li class=&quot;active&quot;&gt;
                        &lt;a class=&quot;nav evaluations&quot; data-link=&quot;instructorEval&quot; href=&quot;/page/instructorFeedbacksPage?user=CFResultsUiT.instr&quot;&gt;
                           Sessions
                        &lt;/a&gt;
                     &lt;/li&gt;
                     &lt;li class=&quot;&quot;&gt;
                        &lt;a class=&quot;nav students&quot; data-link=&quot;instructorStudent&quot; href=&quot;/page/instructorStudentListPage?user=CFResultsUiT.instr&quot;&gt;
                           Students
                        &lt;/a&gt;
                     &lt;/li&gt;
                     &lt;li class=&quot;&quot;&gt;
                        &lt;a class=&quot;nav comments&quot; data-link=&quot;instructorComments&quot; href=&quot;/page/instructorCommentsPage?user=CFResultsUiT.instr&quot;&gt;
                           Comments
                        &lt;/a&gt;
                     &lt;/li&gt;
                     &lt;li class=&quot;&quot;&gt;
                        &lt;a class=&quot;nav search&quot; data-link=&quot;instructorSearch&quot; href=&quot;/page/instructorSearchPage?user=CFResultsUiT.instr&quot;&gt;
                           Search
                        &lt;/a&gt;
                     &lt;/li&gt;
                     &lt;li&gt;
                        &lt;a class=&quot;nav help&quot; href=&quot;/instructorHelp.html&quot; target=&quot;_blank&quot;&gt;
                           Help
                        &lt;/a&gt;
                     &lt;/li&gt;
                  &lt;/ul&gt;
                  &lt;ul class=&quot;nav navbar-nav pull-right&quot;&gt;
                     &lt;li&gt;
                        &lt;a class=&quot;nav logout&quot; href=&quot;/logout.jsp&quot;&gt;
                           Logout
                        
                        (
                           &lt;span class=&quot;text-info&quot; data-original-title=&quot;CFResultsUiT.instr&quot; data-placement=&quot;bottom&quot; data-toggle=&quot;tooltip&quot; title=&quot;&quot;&gt;
                              CFResultsUiT.instr
                           &lt;/span&gt;
                           )
                        &lt;/a&gt;
                     &lt;/li&gt;
                  &lt;/ul&gt;
               &lt;/div&gt;
            &lt;/div&gt;
         &lt;/div&gt;
         &lt;div id=&quot;frameBody&quot;&gt;
            &lt;div class=&quot;container&quot; id=&quot;frameBodyWrapper&quot;&gt;
               &lt;div id=&quot;topOfPage&quot;&gt;
               &lt;/div&gt;
               &lt;div id=&quot;headerOperation&quot;&gt;
                  &lt;h1&gt;
                     Session Results
                  &lt;/h1&gt;
               &lt;/div&gt;
               &lt;div class=&quot;well well-plain padding-0&quot;&gt;
                  &lt;form action=&quot;/page/instructorFeedbackResultsDownload&quot; class=&quot;form-horizontal&quot; method=&quot;post&quot; role=&quot;form&quot;&gt;
                     &lt;div class=&quot;panel-heading&quot;&gt;
                        &lt;div class=&quot;row&quot;&gt;
                           &lt;div class=&quot;col-sm-4&quot;&gt;
                              &lt;div class=&quot;form-group&quot;&gt;
                                 &lt;label class=&quot;col-sm-2 control-label&quot;&gt;
                                    Course:
                                 &lt;/label&gt;
                                 &lt;div class=&quot;col-sm-10&quot;&gt;
                                    &lt;p class=&quot;form-control-static&quot;&gt;
                                       CFResultsUiT.CS2104
                                    &lt;/p&gt;
                                 &lt;/div&gt;
                              &lt;/div&gt;
                              &lt;div class=&quot;form-group&quot;&gt;
                                 &lt;label class=&quot;col-sm-2 control-label&quot;&gt;
                                    Session:
                                 &lt;/label&gt;
                                 &lt;div class=&quot;col-sm-10&quot;&gt;
                                    &lt;p class=&quot;form-control-static&quot;&gt;
                                       First Session
                                       &lt;a href=&quot;/page/instructorFeedbackEditPage?courseid=CFResultsUiT.CS2104&amp;fsname=First+Session&amp;user=CFResultsUiT.instr&quot;&gt;
                                          [Edit]
                                       &lt;/a&gt;
                                    &lt;/p&gt;
                                 &lt;/div&gt;
                              &lt;/div&gt;
                           &lt;/div&gt;
                           &lt;div class=&quot;col-sm-6&quot;&gt;
                              &lt;div class=&quot;form-group&quot;&gt;
                                 &lt;label class=&quot;col-sm-4 control-label&quot;&gt;
                                    Session duration:
                                 &lt;/label&gt;
                                 &lt;div class=&quot;col-sm-8&quot;&gt;
                                    &lt;p class=&quot;form-control-static&quot;&gt;
                                       01 Apr 2012, 23:59   
                                       &lt;b&gt;
                                          to
                                       &lt;/b&gt;
                                          30 Apr 2016, 23:59
                                    &lt;/p&gt;
                                 &lt;/div&gt;
                              &lt;/div&gt;
                              &lt;div class=&quot;form-group&quot;&gt;
                                 &lt;label class=&quot;col-sm-4 control-label&quot;&gt;
                                    Results visible from:
                                 &lt;/label&gt;
                                 &lt;div class=&quot;col-sm-8&quot;&gt;
                                    &lt;p class=&quot;form-control-static&quot;&gt;
                                       01 May 2012, 23:59
                                    &lt;/p&gt;
                                 &lt;/div&gt;
                              &lt;/div&gt;
                           &lt;/div&gt;
                           &lt;div class=&quot;col-sm-2&quot;&gt;
                              &lt;div id=&quot;feedbackDataButtons&quot;&gt;
                                 &lt;input class=&quot;btn btn-primary pull-right&quot; id=&quot;button_download&quot; name=&quot;fruploaddownloadbtn&quot; type=&quot;submit&quot; value=&quot;Download results&quot;/&gt;
                                                               &lt;/div&gt;
                              &lt;input name=&quot;user&quot; type=&quot;hidden&quot; value=&quot;CFResultsUiT.instr&quot;/&gt;
                                                            &lt;input name=&quot;fsname&quot; type=&quot;hidden&quot; value=&quot;First Session&quot;/&gt;
                                                            &lt;input name=&quot;courseid&quot; type=&quot;hidden&quot; value=&quot;CFResultsUiT.CS2104&quot;/&gt;
                                                            &lt;input name=&quot;sectionname&quot; type=&quot;hidden&quot; value=&quot;All&quot;/&gt;
                                                         &lt;/div&gt;
                        &lt;/div&gt;
                     &lt;/div&gt;
                  &lt;/form&gt;
               &lt;/div&gt;
               &lt;form action=&quot;/page/instructorFeedbackResultsPage?courseid=CFResultsUiT.CS2104&amp;fsname=First+Session&amp;user=CFResultsUiT.instr&quot; class=&quot;form-horizontal&quot; method=&quot;post&quot; role=&quot;form&quot;&gt;
                  &lt;div class=&quot;panel panel-info margin-0&quot;&gt;
                     &lt;div class=&quot;panel-body&quot;&gt;
                        &lt;div class=&quot;row&quot;&gt;
                           &lt;div class=&quot;col-sm-5&quot; data-original-title=&quot;View results in different formats&quot; data-toggle=&quot;tooltip&quot; title=&quot;&quot;&gt;
                              &lt;div class=&quot;form-group&quot;&gt;
                                 &lt;label class=&quot;col-sm-2 control-label&quot; for=&quot;viewSelect&quot;&gt;
                                    View:
                                 &lt;/label&gt;
                                 &lt;div class=&quot;col-sm-10&quot;&gt;
                                    &lt;select class=&quot;form-control&quot; id=&quot;viewSelect&quot; name=&quot;frsorttype&quot; onchange=&quot;this.form.submit()&quot;&gt;
                                       &lt;option selected=&quot;selected&quot; value=&quot;question&quot;&gt;
                                          Group by - Question
                                       &lt;/option&gt;
                                       &lt;option value=&quot;giver-recipient-question&quot;&gt;
                                          Group by - Giver &gt; Recipient &gt; Question
                                       &lt;/option&gt;
                                       &lt;option value=&quot;recipient-giver-question&quot;&gt;
                                          Group by - Recipient &gt; Giver &gt; Question
                                       &lt;/option&gt;
                                       &lt;option value=&quot;giver-question-recipient&quot;&gt;
                                          Group by - Giver &gt; Question &gt; Recipient
                                       &lt;/option&gt;
                                       &lt;option value=&quot;recipient-question-giver&quot;&gt;
                                          Group by - Recipient &gt; Question &gt; Giver
                                       &lt;/option&gt;
                                    &lt;/select&gt;
                                 &lt;/div&gt;
                              &lt;/div&gt;
                           &lt;/div&gt;
                           &lt;div class=&quot;col-sm-5&quot; data-original-title=&quot;Filter the results in the current view&quot; data-toggle=&quot;tooltip&quot; title=&quot;&quot;&gt;
                              &lt;div class=&quot;form-group&quot;&gt;
                                 &lt;label class=&quot;col-sm-2 control-label&quot; for=&quot;viewSelect&quot;&gt;
                                    Filter:
                                 &lt;/label&gt;
                                 &lt;div class=&quot;col-sm-10&quot;&gt;
                                    &lt;div class=&quot;input-group&quot;&gt;
                                       &lt;input class=&quot;form-control&quot; id=&quot;results-search-box&quot; onchange=&quot;updateResultsFilter()&quot; placeholder=&quot;Type keywords from the question title&quot; type=&quot;text&quot;/&gt;
                                                                              &lt;a class=&quot;input-group-addon btn btn-default&quot;&gt;
                                          &lt;span class=&quot;glyphicon glyphicon-search&quot;&gt;
                                          &lt;/span&gt;
                                       &lt;/a&gt;
                                    &lt;/div&gt;
                                 &lt;/div&gt;
                              &lt;/div&gt;
                           &lt;/div&gt;
                           &lt;div class=&quot;col-sm-2 pull-right&quot;&gt;
                              &lt;div class=&quot;col-sm-12&quot; data-original-title=&quot;Group results in the current view by team&quot; data-toggle=&quot;tooltip&quot; title=&quot;&quot;&gt;
                                 &lt;div class=&quot;checkbox padding-top-0 min-height-0&quot;&gt;
                                    &lt;label class=&quot;text-strike&quot;&gt;
                                       &lt;input checked=&quot;checked&quot; id=&quot;frgroupbyteam&quot; name=&quot;frgroupbyteam&quot; type=&quot;checkbox&quot;/&gt;
                                                                              Group by Teams
                                    &lt;/label&gt;
                                 &lt;/div&gt;
                              &lt;/div&gt;
                              &lt;div class=&quot;col-sm-12&quot; data-original-title=&quot;Show statistics&quot; data-toggle=&quot;tooltip&quot; title=&quot;&quot;&gt;
                                 &lt;div class=&quot;checkbox padding-top-0 min-height-0&quot;&gt;
                                    &lt;label&gt;
                                       &lt;input checked=&quot;checked&quot; id=&quot;show-stats-checkbox&quot; name=&quot;frshowstats&quot; type=&quot;checkbox&quot;/&gt;
                                                                              Show Statistics
                                    &lt;/label&gt;
                                 &lt;/div&gt;
                              &lt;/div&gt;
                           &lt;/div&gt;
                        &lt;/div&gt;
                        &lt;div class=&quot;row&quot;&gt;
                           &lt;div class=&quot;col-sm-5&quot; data-original-title=&quot;View results by sections&quot; data-toggle=&quot;tooltip&quot; title=&quot;&quot;&gt;
                              &lt;div class=&quot;form-group&quot;&gt;
                                 &lt;label class=&quot;col-sm-2 control-label&quot; for=&quot;sectionSelect&quot;&gt;
                                    Section:
                                 &lt;/label&gt;
                                 &lt;div class=&quot;col-sm-10&quot;&gt;
                                    &lt;select class=&quot;form-control&quot; id=&quot;sectionSelect&quot; name=&quot;frgroupbysection&quot; onchange=&quot;this.form.submit()&quot;&gt;
                                       &lt;option selected=&quot;selected&quot; value=&quot;All&quot;&gt;
                                          All
                                       &lt;/option&gt;
                                       &lt;option value=&quot;Section A&quot;&gt;
                                          Section A
                                       &lt;/option&gt;
                                       &lt;option value=&quot;Section B&quot;&gt;
                                          Section B
                                       &lt;/option&gt;
                                    &lt;/select&gt;
                                 &lt;/div&gt;
                              &lt;/div&gt;
                           &lt;/div&gt;
                           &lt;div class=&quot;col-sm-7 pull-right&quot; style=&quot;padding-top:8px;&quot;&gt;
                              &lt;a class=&quot;btn btn-default btn-xs pull-right&quot; data-original-title=&quot;Collapse all panels. You can also click on the panel heading to toggle each one individually.&quot; data-toggle=&quot;tooltip&quot; id=&quot;collapse-panels-button&quot; onclick=&quot;toggleCollapse(this)&quot; title=&quot;&quot;&gt;
                                 Collapse Questions
                              &lt;/a&gt;
                           &lt;/div&gt;
                        &lt;/div&gt;
                     &lt;/div&gt;
                  &lt;/div&gt;
                  &lt;input name=&quot;fsname&quot; type=&quot;hidden&quot; value=&quot;First Session&quot;/&gt;
                                    &lt;input name=&quot;courseid&quot; type=&quot;hidden&quot; value=&quot;CFResultsUiT.CS2104&quot;/&gt;
                                    &lt;input name=&quot;user&quot; type=&quot;hidden&quot; value=&quot;CFResultsUiT.instr&quot;/&gt;
                                 &lt;/form&gt;
               &lt;br/&gt;
                              &lt;div id=&quot;statusMessage&quot; style=&quot;display: none;&quot;&gt;
               &lt;/div&gt;
               &lt;br/&gt;
                              &lt;br/&gt;
                              &lt;div class=&quot;panel panel-info&quot;&gt;
                  &lt;div class=&quot;panel-heading&quot; data-target=&quot;#panelBodyCollapse-1&quot; id=&quot;panelHeading-1&quot; style=&quot;cursor: pointer;&quot;&gt;
                     &lt;form action=&quot;/page/instructorFeedbackResultsPage&quot; class=&quot;seeMoreForm-1&quot; id=&quot;seeMore-1&quot; style=&quot;display:none;&quot;&gt;
                        &lt;input name=&quot;courseid&quot; type=&quot;hidden&quot; value=&quot;CFResultsUiT.CS2104&quot;/&gt;
                                                &lt;input name=&quot;fsname&quot; type=&quot;hidden&quot; value=&quot;First Session&quot;/&gt;
                                                &lt;input name=&quot;user&quot; type=&quot;hidden&quot; value=&quot;CFResultsUiT.instr&quot;/&gt;
                                                &lt;input name=&quot;frgroupbyteam&quot; type=&quot;hidden&quot; value=&quot;on&quot;/&gt;
                                                &lt;input name=&quot;frsorttype&quot; type=&quot;hidden&quot; value=&quot;question&quot;/&gt;
                                                &lt;input id=&quot;showStats-1&quot; name=&quot;frshowstats&quot; type=&quot;hidden&quot; value=&quot;on&quot;/&gt;
                                                &lt;input name=&quot;questionnum&quot; type=&quot;hidden&quot; value=&quot;1&quot;/&gt;
                                             &lt;/form&gt;
                     &lt;div class=&quot;display-icon pull-right&quot;&gt;
                        &lt;span class=&quot;glyphicon glyphicon-chevron-up pull-right&quot;&gt;
                        &lt;/span&gt;
                     &lt;/div&gt;
                     &lt;strong&gt;
                        Question 1:
                     &lt;/strong&gt;
                     &lt;span class=&quot;text-preserve-space&quot;&gt;
                        Rate 3 other students&#039; products
                     &lt;/span&gt;
                  &lt;/div&gt;
                  &lt;div class=&quot;panel-collapse collapse in&quot; id=&quot;panelBodyCollapse-1&quot;&gt;
                     &lt;div class=&quot;panel-body padding-0&quot; id=&quot;questionBody-0&quot;&gt;
                        &lt;div class=&quot;resultStatistics&quot;&gt;
                        &lt;/div&gt;
                        &lt;div class=&quot;table-responsive&quot;&gt;
                           &lt;table class=&quot;table table-striped table-bordered dataTable margin-0&quot;&gt;
                              &lt;thead class=&quot;background-color-medium-gray text-color-gray font-weight-normal&quot;&gt;
                                 &lt;tr&gt;
                                    &lt;th class=&quot;button-sort-none&quot; id=&quot;button_sortFromName&quot; onclick=&quot;toggleSort(this,1)&quot; style=&quot;width: 15%;&quot;&gt;
                                       Giver
                                       &lt;span class=&quot;icon-sort unsorted&quot;&gt;
                                       &lt;/span&gt;
                                    &lt;/th&gt;
                                    &lt;th class=&quot;button-sort-none&quot; id=&quot;button_sortFromTeam&quot; onclick=&quot;toggleSort(this,2)&quot; style=&quot;width: 15%;&quot;&gt;
                                       Team
                                       &lt;span class=&quot;icon-sort unsorted&quot;&gt;
                                       &lt;/span&gt;
                                    &lt;/th&gt;
                                    &lt;th class=&quot;button-sort-none&quot; id=&quot;button_sortToName&quot; onclick=&quot;toggleSort(this,3)&quot; style=&quot;width: 15%;&quot;&gt;
                                       Recipient
                                       &lt;span class=&quot;icon-sort unsorted&quot;&gt;
                                       &lt;/span&gt;
                                    &lt;/th&gt;
                                    &lt;th class=&quot;button-sort-ascending&quot; id=&quot;button_sortToTeam&quot; onclick=&quot;toggleSort(this,4)&quot; style=&quot;width: 15%;&quot;&gt;
                                       Team
                                       &lt;span class=&quot;icon-sort unsorted&quot;&gt;
                                       &lt;/span&gt;
                                    &lt;/th&gt;
                                    &lt;th class=&quot;button-sort-none&quot; id=&quot;button_sortFeedback&quot; onclick=&quot;toggleSort(this,5)&quot;&gt;
                                       Feedback
                                       &lt;span class=&quot;icon-sort unsorted&quot;&gt;
                                       &lt;/span&gt;
                                    &lt;/th&gt;
                                 &lt;/tr&gt;
                              &lt;/thead&gt;
                              &lt;thead&gt;
                              &lt;/thead&gt;
                              &lt;tbody&gt;
                                 &lt;tr&gt;
                                    &lt;td class=&quot;middlealign&quot;&gt;
                                       Alice Betsy
                                    &lt;/td&gt;
                                    &lt;td class=&quot;middlealign&quot;&gt;
                                       Team 1
                                    &lt;/td&gt;
                                    &lt;td class=&quot;middlealign&quot;&gt;
                                       Benny Charles
                                    &lt;/td&gt;
                                    &lt;td class=&quot;middlealign&quot;&gt;
                                       Team 1
                                    &lt;/td&gt;
                                    &lt;td class=&quot;text-preserve-space&quot;&gt;
                                       2 Response to Benny.
                                    &lt;/td&gt;
                                 &lt;/tr&gt;
                                 &lt;tr&gt;
                                    &lt;td class=&quot;middlealign&quot;&gt;
                                       Alice Betsy
                                    &lt;/td&gt;
                                    &lt;td class=&quot;middlealign&quot;&gt;
                                       Team 1
                                    &lt;/td&gt;
                                    &lt;td class=&quot;middlealign&quot;&gt;
                                       Drop out
                                    &lt;/td&gt;
                                    &lt;td class=&quot;middlealign&quot;&gt;
                                       Team 2
                                    &lt;/td&gt;
                                    &lt;td class=&quot;text-preserve-space&quot;&gt;
                                       Response to Dropout.
                                    &lt;/td&gt;
                                 &lt;/tr&gt;
                                 &lt;tr&gt;
                                    &lt;td class=&quot;middlealign&quot;&gt;
                                       Benny Charles
                                    &lt;/td&gt;
                                    &lt;td class=&quot;middlealign&quot;&gt;
                                       Team 1
                                    &lt;/td&gt;
                                    &lt;td class=&quot;middlealign&quot;&gt;
                                       Charlie Dávis
                                    &lt;/td&gt;
                                    &lt;td class=&quot;middlealign&quot;&gt;
                                       Team 2
                                    &lt;/td&gt;
                                    &lt;td class=&quot;text-preserve-space&quot;&gt;
                                       4 Response to Charlie.
                                    &lt;/td&gt;
                                 &lt;/tr&gt;
                                 &lt;tr&gt;
                                    &lt;td class=&quot;middlealign&quot;&gt;
                                       Benny Charles
                                    &lt;/td&gt;
                                    &lt;td class=&quot;middlealign&quot;&gt;
                                       Team 1
                                    &lt;/td&gt;
                                    &lt;td class=&quot;middlealign&quot;&gt;
                                       Danny Engrid
                                    &lt;/td&gt;
                                    &lt;td class=&quot;middlealign&quot;&gt;
                                       Team 2
                                    &lt;/td&gt;
                                    &lt;td class=&quot;text-preserve-space&quot;&gt;
                                       1 Response to Danny.
                                    &lt;/td&gt;
                                 &lt;/tr&gt;
                                 &lt;tr&gt;
                                    &lt;td class=&quot;middlealign&quot;&gt;
                                       Charlie Dávis
                                    &lt;/td&gt;
                                    &lt;td class=&quot;middlealign&quot;&gt;
                                       Team 2
                                    &lt;/td&gt;
                                    &lt;td class=&quot;middlealign&quot;&gt;
                                       Emily
                                    &lt;/td&gt;
                                    &lt;td class=&quot;middlealign&quot;&gt;
                                       Team 3
                                    &lt;/td&gt;
                                    &lt;td class=&quot;text-preserve-space&quot;&gt;
                                       3 Response to Emily.
                                    &lt;/td&gt;
                                 &lt;/tr&gt;
                                 &lt;tr&gt;
                                    &lt;td class=&quot;middlealign&quot;&gt;
                                       Drop out
                                    &lt;/td&gt;
                                    &lt;td class=&quot;middlealign&quot;&gt;
                                       Team 2
                                    &lt;/td&gt;
                                    &lt;td class=&quot;middlealign&quot;&gt;
                                       Alice Betsy
                                    &lt;/td&gt;
                                    &lt;td class=&quot;middlealign&quot;&gt;
                                       Team 1
                                    &lt;/td&gt;
                                    &lt;td class=&quot;text-preserve-space&quot;&gt;
                                       Response to Alice from Dropout.
                                    &lt;/td&gt;
                                 &lt;/tr&gt;
                                 &lt;tr&gt;
                                    &lt;td class=&quot;middlealign&quot;&gt;
                                       Drop out
                                    &lt;/td&gt;
                                    &lt;td class=&quot;middlealign&quot;&gt;
                                       Team 2
                                    &lt;/td&gt;
                                    &lt;td class=&quot;middlealign&quot;&gt;
                                       Benny Charles
                                    &lt;/td&gt;
                                    &lt;td class=&quot;middlealign&quot;&gt;
                                       Team 1
                                    &lt;/td&gt;
                                    &lt;td class=&quot;text-preserve-space&quot;&gt;
                                       Response to Benny from Dropout.
                                    &lt;/td&gt;
                                 &lt;/tr&gt;
                                 &lt;tr&gt;
                                    &lt;td class=&quot;middlealign&quot;&gt;
                                       Drop out
                                    &lt;/td&gt;
                                    &lt;td class=&quot;middlealign&quot;&gt;
                                       Team 2
                                    &lt;/td&gt;
                                    &lt;td class=&quot;middlealign&quot;&gt;
                                       Danny Engrid
                                    &lt;/td&gt;
                                    &lt;td class=&quot;middlealign&quot;&gt;
                                       Team 2
                                    &lt;/td&gt;
                                    &lt;td class=&quot;text-preserve-space&quot;&gt;
                                       Response to Danny from Dropout.
                                    &lt;/td&gt;
                                 &lt;/tr&gt;
                              &lt;/tbody&gt;
                           &lt;/table&gt;
                        &lt;/div&gt;
                     &lt;/div&gt;
                  &lt;/div&gt;
               &lt;/div&gt;
               &lt;div class=&quot;panel panel-info&quot;&gt;
                  &lt;div class=&quot;panel-heading&quot; data-target=&quot;#panelBodyCollapse-2&quot; id=&quot;panelHeading-2&quot; style=&quot;cursor: pointer;&quot;&gt;
                     &lt;form action=&quot;/page/instructorFeedbackResultsPage&quot; class=&quot;seeMoreForm-2&quot; id=&quot;seeMore-2&quot; style=&quot;display:none;&quot;&gt;
                        &lt;input name=&quot;courseid&quot; type=&quot;hidden&quot; value=&quot;CFResultsUiT.CS2104&quot;/&gt;
                                                &lt;input name=&quot;fsname&quot; type=&quot;hidden&quot; value=&quot;First Session&quot;/&gt;
                                                &lt;input name=&quot;user&quot; type=&quot;hidden&quot; value=&quot;CFResultsUiT.instr&quot;/&gt;
                                                &lt;input name=&quot;frgroupbyteam&quot; type=&quot;hidden&quot; value=&quot;on&quot;/&gt;
                                                &lt;input name=&quot;frsorttype&quot; type=&quot;hidden&quot; value=&quot;question&quot;/&gt;
                                                &lt;input id=&quot;showStats-2&quot; name=&quot;frshowstats&quot; type=&quot;hidden&quot; value=&quot;on&quot;/&gt;
                                                &lt;input name=&quot;questionnum&quot; type=&quot;hidden&quot; value=&quot;2&quot;/&gt;
                                             &lt;/form&gt;
                     &lt;div class=&quot;display-icon pull-right&quot;&gt;
                        &lt;span class=&quot;glyphicon glyphicon-chevron-up pull-right&quot;&gt;
                        &lt;/span&gt;
                     &lt;/div&gt;
                     &lt;strong&gt;
                        Question 2:
                     &lt;/strong&gt;
                     &lt;span class=&quot;text-preserve-space&quot;&gt;
                        What is the best selling point of your product?
                     &lt;/span&gt;
                  &lt;/div&gt;
                  &lt;div class=&quot;panel-collapse collapse in&quot; id=&quot;panelBodyCollapse-2&quot;&gt;
                     &lt;div class=&quot;panel-body padding-0&quot; id=&quot;questionBody-1&quot;&gt;
                        &lt;div class=&quot;resultStatistics&quot;&gt;
                        &lt;/div&gt;
                        &lt;div class=&quot;table-responsive&quot;&gt;
                           &lt;table class=&quot;table table-striped table-bordered dataTable margin-0&quot;&gt;
                              &lt;thead class=&quot;background-color-medium-gray text-color-gray font-weight-normal&quot;&gt;
                                 &lt;tr&gt;
                                    &lt;th class=&quot;button-sort-none&quot; id=&quot;button_sortFromName&quot; onclick=&quot;toggleSort(this,1)&quot; style=&quot;width: 15%;&quot;&gt;
                                       Giver
                                       &lt;span class=&quot;icon-sort unsorted&quot;&gt;
                                       &lt;/span&gt;
                                    &lt;/th&gt;
                                    &lt;th class=&quot;button-sort-none&quot; id=&quot;button_sortFromTeam&quot; onclick=&quot;toggleSort(this,2)&quot; style=&quot;width: 15%;&quot;&gt;
                                       Team
                                       &lt;span class=&quot;icon-sort unsorted&quot;&gt;
                                       &lt;/span&gt;
                                    &lt;/th&gt;
                                    &lt;th class=&quot;button-sort-none&quot; id=&quot;button_sortToName&quot; onclick=&quot;toggleSort(this,3)&quot; style=&quot;width: 15%;&quot;&gt;
                                       Recipient
                                       &lt;span class=&quot;icon-sort unsorted&quot;&gt;
                                       &lt;/span&gt;
                                    &lt;/th&gt;
                                    &lt;th class=&quot;button-sort-ascending&quot; id=&quot;button_sortToTeam&quot; onclick=&quot;toggleSort(this,4)&quot; style=&quot;width: 15%;&quot;&gt;
                                       Team
                                       &lt;span class=&quot;icon-sort unsorted&quot;&gt;
                                       &lt;/span&gt;
                                    &lt;/th&gt;
                                    &lt;th class=&quot;button-sort-none&quot; id=&quot;button_sortFeedback&quot; onclick=&quot;toggleSort(this,5)&quot;&gt;
                                       Feedback
                                       &lt;span class=&quot;icon-sort unsorted&quot;&gt;
                                       &lt;/span&gt;
                                    &lt;/th&gt;
                                 &lt;/tr&gt;
                              &lt;/thead&gt;
                              &lt;thead&gt;
                              &lt;/thead&gt;
                              &lt;tbody&gt;
                                 &lt;tr&gt;
                                    &lt;td class=&quot;middlealign&quot;&gt;
                                       Alice Betsy
                                    &lt;/td&gt;
                                    &lt;td class=&quot;middlealign&quot;&gt;
                                       Team 1
                                    &lt;/td&gt;
                                    &lt;td class=&quot;middlealign&quot;&gt;
                                       Alice Betsy
                                    &lt;/td&gt;
                                    &lt;td class=&quot;middlealign&quot;&gt;
                                       Team 1
                                    &lt;/td&gt;
                                    &lt;td class=&quot;text-preserve-space&quot;&gt;
                                       Alice self feedback.
                                    &lt;/td&gt;
                                 &lt;/tr&gt;
                              &lt;/tbody&gt;
                           &lt;/table&gt;
                        &lt;/div&gt;
                     &lt;/div&gt;
                  &lt;/div&gt;
               &lt;/div&gt;
               &lt;div class=&quot;panel panel-info&quot;&gt;
                  &lt;div class=&quot;panel-heading&quot; data-target=&quot;#panelBodyCollapse-3&quot; id=&quot;panelHeading-3&quot; style=&quot;cursor: pointer;&quot;&gt;
                     &lt;form action=&quot;/page/instructorFeedbackResultsPage&quot; class=&quot;seeMoreForm-3&quot; id=&quot;seeMore-3&quot; style=&quot;display:none;&quot;&gt;
                        &lt;input name=&quot;courseid&quot; type=&quot;hidden&quot; value=&quot;CFResultsUiT.CS2104&quot;/&gt;
                                                &lt;input name=&quot;fsname&quot; type=&quot;hidden&quot; value=&quot;First Session&quot;/&gt;
                                                &lt;input name=&quot;user&quot; type=&quot;hidden&quot; value=&quot;CFResultsUiT.instr&quot;/&gt;
                                                &lt;input name=&quot;frgroupbyteam&quot; type=&quot;hidden&quot; value=&quot;on&quot;/&gt;
                                                &lt;input name=&quot;frsorttype&quot; type=&quot;hidden&quot; value=&quot;question&quot;/&gt;
                                                &lt;input id=&quot;showStats-3&quot; name=&quot;frshowstats&quot; type=&quot;hidden&quot; value=&quot;on&quot;/&gt;
                                                &lt;input name=&quot;questionnum&quot; type=&quot;hidden&quot; value=&quot;3&quot;/&gt;
                                             &lt;/form&gt;
                     &lt;div class=&quot;display-icon pull-right&quot;&gt;
                        &lt;span class=&quot;glyphicon glyphicon-chevron-up pull-right&quot;&gt;
                        &lt;/span&gt;
                     &lt;/div&gt;
                     &lt;strong&gt;
                        Question 3:
                     &lt;/strong&gt;
                     &lt;span class=&quot;text-preserve-space&quot;&gt;
                        My comments on the class
                     &lt;/span&gt;
                  &lt;/div&gt;
                  &lt;div class=&quot;panel-collapse collapse in&quot; id=&quot;panelBodyCollapse-3&quot;&gt;
                     &lt;div class=&quot;panel-body padding-0&quot; id=&quot;questionBody-2&quot;&gt;
                        &lt;div class=&quot;resultStatistics&quot;&gt;
                        &lt;/div&gt;
                        &lt;div class=&quot;table-responsive&quot;&gt;
                           &lt;table class=&quot;table table-striped table-bordered dataTable margin-0&quot;&gt;
                              &lt;thead class=&quot;background-color-medium-gray text-color-gray font-weight-normal&quot;&gt;
                                 &lt;tr&gt;
                                    &lt;th class=&quot;button-sort-none&quot; id=&quot;button_sortFromName&quot; onclick=&quot;toggleSort(this,1)&quot; style=&quot;width: 15%;&quot;&gt;
                                       Giver
                                       &lt;span class=&quot;icon-sort unsorted&quot;&gt;
                                       &lt;/span&gt;
                                    &lt;/th&gt;
                                    &lt;th class=&quot;button-sort-none&quot; id=&quot;button_sortFromTeam&quot; onclick=&quot;toggleSort(this,2)&quot; style=&quot;width: 15%;&quot;&gt;
                                       Team
                                       &lt;span class=&quot;icon-sort unsorted&quot;&gt;
                                       &lt;/span&gt;
                                    &lt;/th&gt;
                                    &lt;th class=&quot;button-sort-none&quot; id=&quot;button_sortToName&quot; onclick=&quot;toggleSort(this,3)&quot; style=&quot;width: 15%;&quot;&gt;
                                       Recipient
                                       &lt;span class=&quot;icon-sort unsorted&quot;&gt;
                                       &lt;/span&gt;
                                    &lt;/th&gt;
                                    &lt;th class=&quot;button-sort-ascending&quot; id=&quot;button_sortToTeam&quot; onclick=&quot;toggleSort(this,4)&quot; style=&quot;width: 15%;&quot;&gt;
                                       Team
                                       &lt;span class=&quot;icon-sort unsorted&quot;&gt;
                                       &lt;/span&gt;
                                    &lt;/th&gt;
                                    &lt;th class=&quot;button-sort-none&quot; id=&quot;button_sortFeedback&quot; onclick=&quot;toggleSort(this,5)&quot;&gt;
                                       Feedback
                                       &lt;span class=&quot;icon-sort unsorted&quot;&gt;
                                       &lt;/span&gt;
                                    &lt;/th&gt;
                                 &lt;/tr&gt;
                              &lt;/thead&gt;
                              &lt;thead&gt;
                              &lt;/thead&gt;
                              &lt;tbody&gt;
                                 &lt;tr&gt;
                                    &lt;td class=&quot;middlealign&quot;&gt;
                                       Teammates Test
                                    &lt;/td&gt;
                                    &lt;td class=&quot;middlealign&quot;&gt;
                                       Instructors
                                    &lt;/td&gt;
                                    &lt;td class=&quot;middlealign&quot;&gt;
                                       -
                                    &lt;/td&gt;
                                    &lt;td class=&quot;middlealign&quot;&gt;
                                       -
                                    &lt;/td&gt;
                                    &lt;td class=&quot;text-preserve-space&quot;&gt;
                                       This is for nobody specific.
                                    &lt;/td&gt;
                                 &lt;/tr&gt;
                              &lt;/tbody&gt;
                           &lt;/table&gt;
                        &lt;/div&gt;
                     &lt;/div&gt;
                  &lt;/div&gt;
               &lt;/div&gt;
               &lt;div class=&quot;panel panel-info&quot;&gt;
                  &lt;div class=&quot;panel-heading&quot; data-target=&quot;#panelBodyCollapse-4&quot; id=&quot;panelHeading-4&quot; style=&quot;cursor: pointer;&quot;&gt;
                     &lt;form action=&quot;/page/instructorFeedbackResultsPage&quot; class=&quot;seeMoreForm-4&quot; id=&quot;seeMore-4&quot; style=&quot;display:none;&quot;&gt;
                        &lt;input name=&quot;courseid&quot; type=&quot;hidden&quot; value=&quot;CFResultsUiT.CS2104&quot;/&gt;
                                                &lt;input name=&quot;fsname&quot; type=&quot;hidden&quot; value=&quot;First Session&quot;/&gt;
                                                &lt;input name=&quot;user&quot; type=&quot;hidden&quot; value=&quot;CFResultsUiT.instr&quot;/&gt;
                                                &lt;input name=&quot;frgroupbyteam&quot; type=&quot;hidden&quot; value=&quot;on&quot;/&gt;
                                                &lt;input name=&quot;frsorttype&quot; type=&quot;hidden&quot; value=&quot;question&quot;/&gt;
                                                &lt;input id=&quot;showStats-4&quot; name=&quot;frshowstats&quot; type=&quot;hidden&quot; value=&quot;on&quot;/&gt;
                                                &lt;input name=&quot;questionnum&quot; type=&quot;hidden&quot; value=&quot;4&quot;/&gt;
                                             &lt;/form&gt;
                     &lt;div class=&quot;display-icon pull-right&quot;&gt;
                        &lt;span class=&quot;glyphicon glyphicon-chevron-up pull-right&quot;&gt;
                        &lt;/span&gt;
                     &lt;/div&gt;
                     &lt;strong&gt;
                        Question 4:
                     &lt;/strong&gt;
                     &lt;span class=&quot;text-preserve-space&quot;&gt;
                        Give feedback to 3 other teams.
                     &lt;/span&gt;
                  &lt;/div&gt;
                  &lt;div class=&quot;panel-collapse collapse in&quot; id=&quot;panelBodyCollapse-4&quot;&gt;
                     &lt;div class=&quot;panel-body padding-0&quot; id=&quot;questionBody-3&quot;&gt;
                        &lt;div class=&quot;resultStatistics&quot;&gt;
                        &lt;/div&gt;
                        &lt;div class=&quot;table-responsive&quot;&gt;
                           &lt;table class=&quot;table table-striped table-bordered dataTable margin-0&quot;&gt;
                              &lt;thead class=&quot;background-color-medium-gray text-color-gray font-weight-normal&quot;&gt;
                                 &lt;tr&gt;
                                    &lt;th class=&quot;button-sort-none&quot; id=&quot;button_sortFromName&quot; onclick=&quot;toggleSort(this,1)&quot; style=&quot;width: 15%;&quot;&gt;
                                       Giver
                                       &lt;span class=&quot;icon-sort unsorted&quot;&gt;
                                       &lt;/span&gt;
                                    &lt;/th&gt;
                                    &lt;th class=&quot;button-sort-none&quot; id=&quot;button_sortFromTeam&quot; onclick=&quot;toggleSort(this,2)&quot; style=&quot;width: 15%;&quot;&gt;
                                       Team
                                       &lt;span class=&quot;icon-sort unsorted&quot;&gt;
                                       &lt;/span&gt;
                                    &lt;/th&gt;
                                    &lt;th class=&quot;button-sort-none&quot; id=&quot;button_sortToName&quot; onclick=&quot;toggleSort(this,3)&quot; style=&quot;width: 15%;&quot;&gt;
                                       Recipient
                                       &lt;span class=&quot;icon-sort unsorted&quot;&gt;
                                       &lt;/span&gt;
                                    &lt;/th&gt;
                                    &lt;th class=&quot;button-sort-ascending&quot; id=&quot;button_sortToTeam&quot; onclick=&quot;toggleSort(this,4)&quot; style=&quot;width: 15%;&quot;&gt;
                                       Team
                                       &lt;span class=&quot;icon-sort unsorted&quot;&gt;
                                       &lt;/span&gt;
                                    &lt;/th&gt;
                                    &lt;th class=&quot;button-sort-none&quot; id=&quot;button_sortFeedback&quot; onclick=&quot;toggleSort(this,5)&quot;&gt;
                                       Feedback
                                       &lt;span class=&quot;icon-sort unsorted&quot;&gt;
                                       &lt;/span&gt;
                                    &lt;/th&gt;
                                 &lt;/tr&gt;
                              &lt;/thead&gt;
                              &lt;thead&gt;
                              &lt;/thead&gt;
                              &lt;tbody&gt;
                                 &lt;tr&gt;
                                    &lt;td class=&quot;middlealign&quot;&gt;
                                       Team 1
                                    &lt;/td&gt;
                                    &lt;td class=&quot;middlealign&quot;&gt;
                                    &lt;/td&gt;
                                    &lt;td class=&quot;middlealign&quot;&gt;
                                       Team 2
                                    &lt;/td&gt;
                                    &lt;td class=&quot;middlealign&quot;&gt;
                                    &lt;/td&gt;
                                    &lt;td class=&quot;text-preserve-space&quot;&gt;
                                       Response from team 1 (by alice) to team 2.
                                    &lt;/td&gt;
                                 &lt;/tr&gt;
                              &lt;/tbody&gt;
                           &lt;/table&gt;
                        &lt;/div&gt;
                     &lt;/div&gt;
                  &lt;/div&gt;
               &lt;/div&gt;
               &lt;div class=&quot;panel panel-info&quot;&gt;
                  &lt;div class=&quot;panel-heading&quot; data-target=&quot;#panelBodyCollapse-5&quot; id=&quot;panelHeading-5&quot; style=&quot;cursor: pointer;&quot;&gt;
                     &lt;form action=&quot;/page/instructorFeedbackResultsPage&quot; class=&quot;seeMoreForm-5&quot; id=&quot;seeMore-5&quot; style=&quot;display:none;&quot;&gt;
                        &lt;input name=&quot;courseid&quot; type=&quot;hidden&quot; value=&quot;CFResultsUiT.CS2104&quot;/&gt;
                                                &lt;input name=&quot;fsname&quot; type=&quot;hidden&quot; value=&quot;First Session&quot;/&gt;
                                                &lt;input name=&quot;user&quot; type=&quot;hidden&quot; value=&quot;CFResultsUiT.instr&quot;/&gt;
                                                &lt;input name=&quot;frgroupbyteam&quot; type=&quot;hidden&quot; value=&quot;on&quot;/&gt;
                                                &lt;input name=&quot;frsorttype&quot; type=&quot;hidden&quot; value=&quot;question&quot;/&gt;
                                                &lt;input id=&quot;showStats-5&quot; name=&quot;frshowstats&quot; type=&quot;hidden&quot; value=&quot;on&quot;/&gt;
                                                &lt;input name=&quot;questionnum&quot; type=&quot;hidden&quot; value=&quot;5&quot;/&gt;
                                             &lt;/form&gt;
                     &lt;div class=&quot;display-icon pull-right&quot;&gt;
                        &lt;span class=&quot;glyphicon glyphicon-chevron-up pull-right&quot;&gt;
                        &lt;/span&gt;
                     &lt;/div&gt;
                     &lt;strong&gt;
                        Question 5:
                     &lt;/strong&gt;
                     &lt;span class=&quot;text-preserve-space&quot;&gt;
                        Give feedback to your team mates
                     &lt;/span&gt;
                  &lt;/div&gt;
                  &lt;div class=&quot;panel-collapse collapse in&quot; id=&quot;panelBodyCollapse-5&quot;&gt;
                     &lt;div class=&quot;panel-body padding-0&quot; id=&quot;questionBody-4&quot;&gt;
                        &lt;div class=&quot;col-sm-12&quot;&gt;
                           &lt;i class=&quot;text-muted&quot;&gt;
                              There are no responses for this question.
                           &lt;/i&gt;
                        &lt;/div&gt;
                     &lt;/div&gt;
                  &lt;/div&gt;
               &lt;/div&gt;
               &lt;div class=&quot;panel panel-info&quot;&gt;
                  &lt;div class=&quot;panel-heading&quot; data-target=&quot;#panelBodyCollapse-6&quot; id=&quot;panelHeading-6&quot; style=&quot;cursor: pointer;&quot;&gt;
                     &lt;form action=&quot;/page/instructorFeedbackResultsPage&quot; class=&quot;seeMoreForm-6&quot; id=&quot;seeMore-6&quot; style=&quot;display:none;&quot;&gt;
                        &lt;input name=&quot;courseid&quot; type=&quot;hidden&quot; value=&quot;CFResultsUiT.CS2104&quot;/&gt;
                                                &lt;input name=&quot;fsname&quot; type=&quot;hidden&quot; value=&quot;First Session&quot;/&gt;
                                                &lt;input name=&quot;user&quot; type=&quot;hidden&quot; value=&quot;CFResultsUiT.instr&quot;/&gt;
                                                &lt;input name=&quot;frgroupbyteam&quot; type=&quot;hidden&quot; value=&quot;on&quot;/&gt;
                                                &lt;input name=&quot;frsorttype&quot; type=&quot;hidden&quot; value=&quot;question&quot;/&gt;
                                                &lt;input id=&quot;showStats-6&quot; name=&quot;frshowstats&quot; type=&quot;hidden&quot; value=&quot;on&quot;/&gt;
                                                &lt;input name=&quot;questionnum&quot; type=&quot;hidden&quot; value=&quot;6&quot;/&gt;
                                             &lt;/form&gt;
                     &lt;div class=&quot;display-icon pull-right&quot;&gt;
                        &lt;span class=&quot;glyphicon glyphicon-chevron-up pull-right&quot;&gt;
                        &lt;/span&gt;
                     &lt;/div&gt;
                     &lt;strong&gt;
                        Question 6:
                     &lt;/strong&gt;
                     &lt;span class=&quot;text-preserve-space&quot;&gt;
                        This question should be hidden.
                     &lt;/span&gt;
                  &lt;/div&gt;
                  &lt;div class=&quot;panel-collapse collapse in&quot; id=&quot;panelBodyCollapse-6&quot;&gt;
                     &lt;div class=&quot;panel-body padding-0&quot; id=&quot;questionBody-5&quot;&gt;
                        &lt;div class=&quot;col-sm-12&quot;&gt;
                           &lt;i class=&quot;text-muted&quot;&gt;
                              There are no responses for this question.
                           &lt;/i&gt;
                        &lt;/div&gt;
                     &lt;/div&gt;
                  &lt;/div&gt;
               &lt;/div&gt;
               &lt;div class=&quot;panel panel-info&quot;&gt;
                  &lt;div class=&quot;panel-heading&quot; data-target=&quot;#panelBodyCollapse-7&quot; id=&quot;panelHeading-7&quot; style=&quot;cursor: pointer;&quot;&gt;
                     &lt;form action=&quot;/page/instructorFeedbackResultsPage&quot; class=&quot;seeMoreForm-7&quot; id=&quot;seeMore-7&quot; style=&quot;display:none;&quot;&gt;
                        &lt;input name=&quot;courseid&quot; type=&quot;hidden&quot; value=&quot;CFResultsUiT.CS2104&quot;/&gt;
                                                &lt;input name=&quot;fsname&quot; type=&quot;hidden&quot; value=&quot;First Session&quot;/&gt;
                                                &lt;input name=&quot;user&quot; type=&quot;hidden&quot; value=&quot;CFResultsUiT.instr&quot;/&gt;
                                                &lt;input name=&quot;frgroupbyteam&quot; type=&quot;hidden&quot; value=&quot;on&quot;/&gt;
                                                &lt;input name=&quot;frsorttype&quot; type=&quot;hidden&quot; value=&quot;question&quot;/&gt;
                                                &lt;input id=&quot;showStats-7&quot; name=&quot;frshowstats&quot; type=&quot;hidden&quot; value=&quot;on&quot;/&gt;
                                                &lt;input name=&quot;questionnum&quot; type=&quot;hidden&quot; value=&quot;7&quot;/&gt;
                                             &lt;/form&gt;
                     &lt;div class=&quot;display-icon pull-right&quot;&gt;
                        &lt;span class=&quot;glyphicon glyphicon-chevron-up pull-right&quot;&gt;
                        &lt;/span&gt;
                     &lt;/div&gt;
                     &lt;strong&gt;
                        Question 7:
                     &lt;/strong&gt;
                     &lt;span class=&quot;text-preserve-space&quot;&gt;
                        What is your extra feature? 
                        &lt;span style=&quot; white-space: normal;&quot;&gt;
                           &lt;a class=&quot;color_gray&quot; data-less=&quot;[less]&quot; data-more=&quot;[more]&quot; href=&quot;javascript:;&quot; id=&quot;questionAdditionalInfoButton-7-&quot; onclick=&quot;toggleAdditionalQuestionInfo(&#039;7-&#039;)&quot;&gt;
                              [more]
                           &lt;/a&gt;
                           &lt;br/&gt;
                                                      &lt;span id=&quot;questionAdditionalInfo-7-&quot; style=&quot;display:none;&quot;&gt;
                              Multiple-choice (single answer) question options:
                              &lt;ul style=&quot;list-style-type: disc;margin-left: 20px;&quot;&gt;
                                 &lt;li&gt;
                                    FlexiCommand
                                 &lt;/li&gt;
                                 &lt;li&gt;
                                    PowerSearch
                                 &lt;/li&gt;
                                 &lt;li&gt;
                                    GoodUI
                                 &lt;/li&gt;
                                 &lt;li&gt;
                                    Google Integration
                                 &lt;/li&gt;
                              &lt;/ul&gt;
                           &lt;/span&gt;
                        &lt;/span&gt;
                     &lt;/span&gt;
                  &lt;/div&gt;
                  &lt;div class=&quot;panel-collapse collapse in&quot; id=&quot;panelBodyCollapse-7&quot;&gt;
                     &lt;div class=&quot;panel-body padding-0&quot; id=&quot;questionBody-6&quot;&gt;
                        &lt;div class=&quot;resultStatistics&quot;&gt;
                           &lt;div class=&quot;panel-body&quot;&gt;
                              &lt;div class=&quot;row&quot;&gt;
                                 &lt;div class=&quot;col-sm-4 text-color-gray&quot;&gt;
                                    &lt;strong&gt;
                                       Response Summary
                                    &lt;/strong&gt;
                                 &lt;/div&gt;
                              &lt;/div&gt;
                              &lt;div class=&quot;row&quot;&gt;
                                 &lt;div class=&quot;col-sm-4&quot;&gt;
                                    &lt;table class=&quot;table margin-0&quot;&gt;
                                       &lt;thead&gt;
                                          &lt;tr&gt;
                                             &lt;td&gt;
                                                Choice
                                             &lt;/td&gt;
                                             &lt;td&gt;
                                                Response Count
                                             &lt;/td&gt;
                                             &lt;td&gt;
                                                Percentage
                                             &lt;/td&gt;
                                          &lt;/tr&gt;
                                       &lt;/thead&gt;
                                       &lt;tbody&gt;
                                          &lt;tr&gt;
                                             &lt;td&gt;
                                                FlexiCommand
                                             &lt;/td&gt;
                                             &lt;td&gt;
                                                0
                                             &lt;/td&gt;
                                             &lt;td&gt;
                                                0%
                                             &lt;/td&gt;
                                          &lt;/tr&gt;
                                          &lt;tr&gt;
                                             &lt;td&gt;
                                                PowerSearch
                                             &lt;/td&gt;
                                             &lt;td&gt;
                                                2
                                             &lt;/td&gt;
                                             &lt;td&gt;
                                                100%
                                             &lt;/td&gt;
                                          &lt;/tr&gt;
                                          &lt;tr&gt;
                                             &lt;td&gt;
                                                GoodUI
                                             &lt;/td&gt;
                                             &lt;td&gt;
                                                0
                                             &lt;/td&gt;
                                             &lt;td&gt;
                                                0%
                                             &lt;/td&gt;
                                          &lt;/tr&gt;
                                          &lt;tr&gt;
                                             &lt;td&gt;
                                                Google Integration
                                             &lt;/td&gt;
                                             &lt;td&gt;
                                                0
                                             &lt;/td&gt;
                                             &lt;td&gt;
                                                0%
                                             &lt;/td&gt;
                                          &lt;/tr&gt;
                                       &lt;/tbody&gt;
                                    &lt;/table&gt;
                                 &lt;/div&gt;
                              &lt;/div&gt;
                           &lt;/div&gt;
                        &lt;/div&gt;
                        &lt;div class=&quot;table-responsive&quot;&gt;
                           &lt;table class=&quot;table table-striped table-bordered dataTable margin-0&quot;&gt;
                              &lt;thead class=&quot;background-color-medium-gray text-color-gray font-weight-normal&quot;&gt;
                                 &lt;tr&gt;
                                    &lt;th class=&quot;button-sort-none&quot; id=&quot;button_sortFromName&quot; onclick=&quot;toggleSort(this,1)&quot; style=&quot;width: 15%;&quot;&gt;
                                       Giver
                                       &lt;span class=&quot;icon-sort unsorted&quot;&gt;
                                       &lt;/span&gt;
                                    &lt;/th&gt;
                                    &lt;th class=&quot;button-sort-none&quot; id=&quot;button_sortFromTeam&quot; onclick=&quot;toggleSort(this,2)&quot; style=&quot;width: 15%;&quot;&gt;
                                       Team
                                       &lt;span class=&quot;icon-sort unsorted&quot;&gt;
                                       &lt;/span&gt;
                                    &lt;/th&gt;
                                    &lt;th class=&quot;button-sort-none&quot; id=&quot;button_sortToName&quot; onclick=&quot;toggleSort(this,3)&quot; style=&quot;width: 15%;&quot;&gt;
                                       Recipient
                                       &lt;span class=&quot;icon-sort unsorted&quot;&gt;
                                       &lt;/span&gt;
                                    &lt;/th&gt;
                                    &lt;th class=&quot;button-sort-ascending&quot; id=&quot;button_sortToTeam&quot; onclick=&quot;toggleSort(this,4)&quot; style=&quot;width: 15%;&quot;&gt;
                                       Team
                                       &lt;span class=&quot;icon-sort unsorted&quot;&gt;
                                       &lt;/span&gt;
                                    &lt;/th&gt;
                                    &lt;th class=&quot;button-sort-none&quot; id=&quot;button_sortFeedback&quot; onclick=&quot;toggleSort(this,5)&quot;&gt;
                                       Feedback
                                       &lt;span class=&quot;icon-sort unsorted&quot;&gt;
                                       &lt;/span&gt;
                                    &lt;/th&gt;
                                 &lt;/tr&gt;
                              &lt;/thead&gt;
                              &lt;thead&gt;
                              &lt;/thead&gt;
                              &lt;tbody&gt;
                                 &lt;tr&gt;
                                    &lt;td class=&quot;middlealign&quot;&gt;
                                       Alice Betsy
                                    &lt;/td&gt;
                                    &lt;td class=&quot;middlealign&quot;&gt;
                                       Team 1
                                    &lt;/td&gt;
                                    &lt;td class=&quot;middlealign&quot;&gt;
                                       Alice Betsy
                                    &lt;/td&gt;
                                    &lt;td class=&quot;middlealign&quot;&gt;
                                       Team 1
                                    &lt;/td&gt;
                                    &lt;td class=&quot;text-preserve-space&quot;&gt;
                                       PowerSearch
                                    &lt;/td&gt;
                                 &lt;/tr&gt;
                                 &lt;tr&gt;
                                    &lt;td class=&quot;middlealign&quot;&gt;
                                       Drop out
                                    &lt;/td&gt;
                                    &lt;td class=&quot;middlealign&quot;&gt;
                                       Team 2
                                    &lt;/td&gt;
                                    &lt;td class=&quot;middlealign&quot;&gt;
                                       Drop out
                                    &lt;/td&gt;
                                    &lt;td class=&quot;middlealign&quot;&gt;
                                       Team 2
                                    &lt;/td&gt;
                                    &lt;td class=&quot;text-preserve-space&quot;&gt;
                                       PowerSearch
                                    &lt;/td&gt;
                                 &lt;/tr&gt;
                              &lt;/tbody&gt;
                           &lt;/table&gt;
                        &lt;/div&gt;
                     &lt;/div&gt;
                  &lt;/div&gt;
               &lt;/div&gt;
               &lt;div class=&quot;panel panel-info&quot;&gt;
                  &lt;div class=&quot;panel-heading&quot; data-target=&quot;#panelBodyCollapse-8&quot; id=&quot;panelHeading-8&quot; style=&quot;cursor: pointer;&quot;&gt;
                     &lt;form action=&quot;/page/instructorFeedbackResultsPage&quot; class=&quot;seeMoreForm-8&quot; id=&quot;seeMore-8&quot; style=&quot;display:none;&quot;&gt;
                        &lt;input name=&quot;courseid&quot; type=&quot;hidden&quot; value=&quot;CFResultsUiT.CS2104&quot;/&gt;
                                                &lt;input name=&quot;fsname&quot; type=&quot;hidden&quot; value=&quot;First Session&quot;/&gt;
                                                &lt;input name=&quot;user&quot; type=&quot;hidden&quot; value=&quot;CFResultsUiT.instr&quot;/&gt;
                                                &lt;input name=&quot;frgroupbyteam&quot; type=&quot;hidden&quot; value=&quot;on&quot;/&gt;
                                                &lt;input name=&quot;frsorttype&quot; type=&quot;hidden&quot; value=&quot;question&quot;/&gt;
                                                &lt;input id=&quot;showStats-8&quot; name=&quot;frshowstats&quot; type=&quot;hidden&quot; value=&quot;on&quot;/&gt;
                                                &lt;input name=&quot;questionnum&quot; type=&quot;hidden&quot; value=&quot;8&quot;/&gt;
                                             &lt;/form&gt;
                     &lt;div class=&quot;display-icon pull-right&quot;&gt;
                        &lt;span class=&quot;glyphicon glyphicon-chevron-up pull-right&quot;&gt;
                        &lt;/span&gt;
                     &lt;/div&gt;
                     &lt;strong&gt;
                        Question 8:
                     &lt;/strong&gt;
                     &lt;span class=&quot;text-preserve-space&quot;&gt;
                        What is your extra feature? 
                        &lt;span style=&quot; white-space: normal;&quot;&gt;
                           &lt;a class=&quot;color_gray&quot; data-less=&quot;[less]&quot; data-more=&quot;[more]&quot; href=&quot;javascript:;&quot; id=&quot;questionAdditionalInfoButton-8-&quot; onclick=&quot;toggleAdditionalQuestionInfo(&#039;8-&#039;)&quot;&gt;
                              [more]
                           &lt;/a&gt;
                           &lt;br/&gt;
                                                      &lt;span id=&quot;questionAdditionalInfo-8-&quot; style=&quot;display:none;&quot;&gt;
                              Multiple-choice (multiple answers) question options:
                              &lt;ul style=&quot;list-style-type: disc;margin-left: 20px;&quot;&gt;
                                 &lt;li&gt;
                                    FlexiCommand
                                 &lt;/li&gt;
                                 &lt;li&gt;
                                    PowerSearch
                                 &lt;/li&gt;
                                 &lt;li&gt;
                                    GoodUI
                                 &lt;/li&gt;
                                 &lt;li&gt;
                                    Google Integration
                                 &lt;/li&gt;
                              &lt;/ul&gt;
                           &lt;/span&gt;
                        &lt;/span&gt;
                     &lt;/span&gt;
                  &lt;/div&gt;
                  &lt;div class=&quot;panel-collapse collapse in&quot; id=&quot;panelBodyCollapse-8&quot;&gt;
                     &lt;div class=&quot;panel-body padding-0&quot; id=&quot;questionBody-7&quot;&gt;
                        &lt;div class=&quot;resultStatistics&quot;&gt;
                           &lt;div class=&quot;panel-body&quot;&gt;
                              &lt;div class=&quot;row&quot;&gt;
                                 &lt;div class=&quot;col-sm-4 text-color-gray&quot;&gt;
                                    &lt;strong&gt;
                                       Response Summary
                                    &lt;/strong&gt;
                                 &lt;/div&gt;
                              &lt;/div&gt;
                              &lt;div class=&quot;row&quot;&gt;
                                 &lt;div class=&quot;col-sm-4&quot;&gt;
                                    &lt;table class=&quot;table margin-0&quot;&gt;
                                       &lt;thead&gt;
                                          &lt;tr&gt;
                                             &lt;td&gt;
                                                Choice
                                             &lt;/td&gt;
                                             &lt;td&gt;
                                                Response Count
                                             &lt;/td&gt;
                                             &lt;td&gt;
                                                Percentage
                                             &lt;/td&gt;
                                          &lt;/tr&gt;
                                       &lt;/thead&gt;
                                       &lt;tbody&gt;
                                          &lt;tr&gt;
                                             &lt;td&gt;
                                                FlexiCommand
                                             &lt;/td&gt;
                                             &lt;td&gt;
                                                0
                                             &lt;/td&gt;
                                             &lt;td&gt;
                                                0%
                                             &lt;/td&gt;
                                          &lt;/tr&gt;
                                          &lt;tr&gt;
                                             &lt;td&gt;
                                                PowerSearch
                                             &lt;/td&gt;
                                             &lt;td&gt;
                                                1
                                             &lt;/td&gt;
                                             &lt;td&gt;
                                                50%
                                             &lt;/td&gt;
                                          &lt;/tr&gt;
                                          &lt;tr&gt;
                                             &lt;td&gt;
                                                GoodUI
                                             &lt;/td&gt;
                                             &lt;td&gt;
                                                1
                                             &lt;/td&gt;
                                             &lt;td&gt;
                                                50%
                                             &lt;/td&gt;
                                          &lt;/tr&gt;
                                          &lt;tr&gt;
                                             &lt;td&gt;
                                                Google Integration
                                             &lt;/td&gt;
                                             &lt;td&gt;
                                                0
                                             &lt;/td&gt;
                                             &lt;td&gt;
                                                0%
                                             &lt;/td&gt;
                                          &lt;/tr&gt;
                                       &lt;/tbody&gt;
                                    &lt;/table&gt;
                                 &lt;/div&gt;
                              &lt;/div&gt;
                           &lt;/div&gt;
                        &lt;/div&gt;
                        &lt;div class=&quot;table-responsive&quot;&gt;
                           &lt;table class=&quot;table table-striped table-bordered dataTable margin-0&quot;&gt;
                              &lt;thead class=&quot;background-color-medium-gray text-color-gray font-weight-normal&quot;&gt;
                                 &lt;tr&gt;
                                    &lt;th class=&quot;button-sort-none&quot; id=&quot;button_sortFromName&quot; onclick=&quot;toggleSort(this,1)&quot; style=&quot;width: 15%;&quot;&gt;
                                       Giver
                                       &lt;span class=&quot;icon-sort unsorted&quot;&gt;
                                       &lt;/span&gt;
                                    &lt;/th&gt;
                                    &lt;th class=&quot;button-sort-none&quot; id=&quot;button_sortFromTeam&quot; onclick=&quot;toggleSort(this,2)&quot; style=&quot;width: 15%;&quot;&gt;
                                       Team
                                       &lt;span class=&quot;icon-sort unsorted&quot;&gt;
                                       &lt;/span&gt;
                                    &lt;/th&gt;
                                    &lt;th class=&quot;button-sort-none&quot; id=&quot;button_sortToName&quot; onclick=&quot;toggleSort(this,3)&quot; style=&quot;width: 15%;&quot;&gt;
                                       Recipient
                                       &lt;span class=&quot;icon-sort unsorted&quot;&gt;
                                       &lt;/span&gt;
                                    &lt;/th&gt;
                                    &lt;th class=&quot;button-sort-ascending&quot; id=&quot;button_sortToTeam&quot; onclick=&quot;toggleSort(this,4)&quot; style=&quot;width: 15%;&quot;&gt;
                                       Team
                                       &lt;span class=&quot;icon-sort unsorted&quot;&gt;
                                       &lt;/span&gt;
                                    &lt;/th&gt;
                                    &lt;th class=&quot;button-sort-none&quot; id=&quot;button_sortFeedback&quot; onclick=&quot;toggleSort(this,5)&quot;&gt;
                                       Feedback
                                       &lt;span class=&quot;icon-sort unsorted&quot;&gt;
                                       &lt;/span&gt;
                                    &lt;/th&gt;
                                 &lt;/tr&gt;
                              &lt;/thead&gt;
                              &lt;thead&gt;
                              &lt;/thead&gt;
                              &lt;tbody&gt;
                                 &lt;tr&gt;
                                    &lt;td class=&quot;middlealign&quot;&gt;
                                       Alice Betsy
                                    &lt;/td&gt;
                                    &lt;td class=&quot;middlealign&quot;&gt;
                                       Team 1
                                    &lt;/td&gt;
                                    &lt;td class=&quot;middlealign&quot;&gt;
                                       Alice Betsy
                                    &lt;/td&gt;
                                    &lt;td class=&quot;middlealign&quot;&gt;
                                       Team 1
                                    &lt;/td&gt;
                                    &lt;td class=&quot;text-preserve-space&quot;&gt;
                                       &lt;ul class=&quot;selectedOptionsList&quot;&gt;
                                          &lt;li&gt;
                                             PowerSearch
                                          &lt;/li&gt;
                                          &lt;li&gt;
                                             GoodUI
                                          &lt;/li&gt;
                                       &lt;/ul&gt;
                                    &lt;/td&gt;
                                 &lt;/tr&gt;
                              &lt;/tbody&gt;
                           &lt;/table&gt;
                        &lt;/div&gt;
                     &lt;/div&gt;
                  &lt;/div&gt;
               &lt;/div&gt;
               &lt;div class=&quot;panel panel-info&quot;&gt;
                  &lt;div class=&quot;panel-heading&quot; data-target=&quot;#panelBodyCollapse-9&quot; id=&quot;panelHeading-9&quot; style=&quot;cursor: pointer;&quot;&gt;
                     &lt;form action=&quot;/page/instructorFeedbackResultsPage&quot; class=&quot;seeMoreForm-9&quot; id=&quot;seeMore-9&quot; style=&quot;display:none;&quot;&gt;
                        &lt;input name=&quot;courseid&quot; type=&quot;hidden&quot; value=&quot;CFResultsUiT.CS2104&quot;/&gt;
                                                &lt;input name=&quot;fsname&quot; type=&quot;hidden&quot; value=&quot;First Session&quot;/&gt;
                                                &lt;input name=&quot;user&quot; type=&quot;hidden&quot; value=&quot;CFResultsUiT.instr&quot;/&gt;
                                                &lt;input name=&quot;frgroupbyteam&quot; type=&quot;hidden&quot; value=&quot;on&quot;/&gt;
                                                &lt;input name=&quot;frsorttype&quot; type=&quot;hidden&quot; value=&quot;question&quot;/&gt;
                                                &lt;input id=&quot;showStats-9&quot; name=&quot;frshowstats&quot; type=&quot;hidden&quot; value=&quot;on&quot;/&gt;
                                                &lt;input name=&quot;questionnum&quot; type=&quot;hidden&quot; value=&quot;9&quot;/&gt;
                                             &lt;/form&gt;
                     &lt;div class=&quot;display-icon pull-right&quot;&gt;
                        &lt;span class=&quot;glyphicon glyphicon-chevron-up pull-right&quot;&gt;
                        &lt;/span&gt;
                     &lt;/div&gt;
                     &lt;strong&gt;
                        Question 9:
                     &lt;/strong&gt;
                     &lt;span class=&quot;text-preserve-space&quot;&gt;
                        Who do you think is the most hardworking student? 
                        &lt;span style=&quot; white-space: normal;&quot;&gt;
                           &lt;a class=&quot;color_gray&quot; data-less=&quot;[less]&quot; data-more=&quot;[more]&quot; href=&quot;javascript:;&quot; id=&quot;questionAdditionalInfoButton-9-&quot; onclick=&quot;toggleAdditionalQuestionInfo(&#039;9-&#039;)&quot;&gt;
                              [more]
                           &lt;/a&gt;
                           &lt;br/&gt;
                                                      &lt;span id=&quot;questionAdditionalInfo-9-&quot; style=&quot;display:none;&quot;&gt;
                              Multiple-choice (single answer) question options:
                              &lt;br/&gt;
                                                            The options for this question is automatically generated from the list of all students in this course.
                           &lt;/span&gt;
                        &lt;/span&gt;
                     &lt;/span&gt;
                  &lt;/div&gt;
                  &lt;div class=&quot;panel-collapse collapse in&quot; id=&quot;panelBodyCollapse-9&quot;&gt;
                     &lt;div class=&quot;panel-body padding-0&quot; id=&quot;questionBody-8&quot;&gt;
                        &lt;div class=&quot;resultStatistics&quot;&gt;
                           &lt;div class=&quot;panel-body&quot;&gt;
                              &lt;div class=&quot;row&quot;&gt;
                                 &lt;div class=&quot;col-sm-4 text-color-gray&quot;&gt;
                                    &lt;strong&gt;
                                       Response Summary
                                    &lt;/strong&gt;
                                 &lt;/div&gt;
                              &lt;/div&gt;
                              &lt;div class=&quot;row&quot;&gt;
                                 &lt;div class=&quot;col-sm-4&quot;&gt;
                                    &lt;table class=&quot;table margin-0&quot;&gt;
                                       &lt;thead&gt;
                                          &lt;tr&gt;
                                             &lt;td&gt;
                                                Choice
                                             &lt;/td&gt;
                                             &lt;td&gt;
                                                Response Count
                                             &lt;/td&gt;
                                             &lt;td&gt;
                                                Percentage
                                             &lt;/td&gt;
                                          &lt;/tr&gt;
                                       &lt;/thead&gt;
                                       &lt;tbody&gt;
                                          &lt;tr&gt;
                                             &lt;td&gt;
                                                Danny
                                             &lt;/td&gt;
                                             &lt;td&gt;
                                                1
                                             &lt;/td&gt;
                                             &lt;td&gt;
                                                100%
                                             &lt;/td&gt;
                                          &lt;/tr&gt;
                                       &lt;/tbody&gt;
                                    &lt;/table&gt;
                                 &lt;/div&gt;
                              &lt;/div&gt;
                           &lt;/div&gt;
                        &lt;/div&gt;
                        &lt;div class=&quot;table-responsive&quot;&gt;
                           &lt;table class=&quot;table table-striped table-bordered dataTable margin-0&quot;&gt;
                              &lt;thead class=&quot;background-color-medium-gray text-color-gray font-weight-normal&quot;&gt;
                                 &lt;tr&gt;
                                    &lt;th class=&quot;button-sort-none&quot; id=&quot;button_sortFromName&quot; onclick=&quot;toggleSort(this,1)&quot; style=&quot;width: 15%;&quot;&gt;
                                       Giver
                                       &lt;span class=&quot;icon-sort unsorted&quot;&gt;
                                       &lt;/span&gt;
                                    &lt;/th&gt;
                                    &lt;th class=&quot;button-sort-none&quot; id=&quot;button_sortFromTeam&quot; onclick=&quot;toggleSort(this,2)&quot; style=&quot;width: 15%;&quot;&gt;
                                       Team
                                       &lt;span class=&quot;icon-sort unsorted&quot;&gt;
                                       &lt;/span&gt;
                                    &lt;/th&gt;
                                    &lt;th class=&quot;button-sort-none&quot; id=&quot;button_sortToName&quot; onclick=&quot;toggleSort(this,3)&quot; style=&quot;width: 15%;&quot;&gt;
                                       Recipient
                                       &lt;span class=&quot;icon-sort unsorted&quot;&gt;
                                       &lt;/span&gt;
                                    &lt;/th&gt;
                                    &lt;th class=&quot;button-sort-ascending&quot; id=&quot;button_sortToTeam&quot; onclick=&quot;toggleSort(this,4)&quot; style=&quot;width: 15%;&quot;&gt;
                                       Team
                                       &lt;span class=&quot;icon-sort unsorted&quot;&gt;
                                       &lt;/span&gt;
                                    &lt;/th&gt;
                                    &lt;th class=&quot;button-sort-none&quot; id=&quot;button_sortFeedback&quot; onclick=&quot;toggleSort(this,5)&quot;&gt;
                                       Feedback
                                       &lt;span class=&quot;icon-sort unsorted&quot;&gt;
                                       &lt;/span&gt;
                                    &lt;/th&gt;
                                 &lt;/tr&gt;
                              &lt;/thead&gt;
                              &lt;thead&gt;
                              &lt;/thead&gt;
                              &lt;tbody&gt;
                                 &lt;tr&gt;
                                    &lt;td class=&quot;middlealign&quot;&gt;
                                       Alice Betsy
                                    &lt;/td&gt;
                                    &lt;td class=&quot;middlealign&quot;&gt;
                                       Team 1
                                    &lt;/td&gt;
                                    &lt;td class=&quot;middlealign&quot;&gt;
                                       Alice Betsy
                                    &lt;/td&gt;
                                    &lt;td class=&quot;middlealign&quot;&gt;
                                       Team 1
                                    &lt;/td&gt;
                                    &lt;td class=&quot;text-preserve-space&quot;&gt;
                                       Danny
                                    &lt;/td&gt;
                                 &lt;/tr&gt;
                              &lt;/tbody&gt;
                           &lt;/table&gt;
                        &lt;/div&gt;
                     &lt;/div&gt;
                  &lt;/div&gt;
               &lt;/div&gt;
               &lt;div class=&quot;panel panel-info&quot;&gt;
                  &lt;div class=&quot;panel-heading&quot; data-target=&quot;#panelBodyCollapse-10&quot; id=&quot;panelHeading-10&quot; style=&quot;cursor: pointer;&quot;&gt;
                     &lt;form action=&quot;/page/instructorFeedbackResultsPage&quot; class=&quot;seeMoreForm-10&quot; id=&quot;seeMore-10&quot; style=&quot;display:none;&quot;&gt;
                        &lt;input name=&quot;courseid&quot; type=&quot;hidden&quot; value=&quot;CFResultsUiT.CS2104&quot;/&gt;
                                                &lt;input name=&quot;fsname&quot; type=&quot;hidden&quot; value=&quot;First Session&quot;/&gt;
                                                &lt;input name=&quot;user&quot; type=&quot;hidden&quot; value=&quot;CFResultsUiT.instr&quot;/&gt;
                                                &lt;input name=&quot;frgroupbyteam&quot; type=&quot;hidden&quot; value=&quot;on&quot;/&gt;
                                                &lt;input name=&quot;frsorttype&quot; type=&quot;hidden&quot; value=&quot;question&quot;/&gt;
                                                &lt;input id=&quot;showStats-10&quot; name=&quot;frshowstats&quot; type=&quot;hidden&quot; value=&quot;on&quot;/&gt;
                                                &lt;input name=&quot;questionnum&quot; type=&quot;hidden&quot; value=&quot;10&quot;/&gt;
                                             &lt;/form&gt;
                     &lt;div class=&quot;display-icon pull-right&quot;&gt;
                        &lt;span class=&quot;glyphicon glyphicon-chevron-up pull-right&quot;&gt;
                        &lt;/span&gt;
                     &lt;/div&gt;
                     &lt;strong&gt;
                        Question 10:
                     &lt;/strong&gt;
                     &lt;span class=&quot;text-preserve-space&quot;&gt;
                        Which team do you think has the best feature? 
                        &lt;span style=&quot; white-space: normal;&quot;&gt;
                           &lt;a class=&quot;color_gray&quot; data-less=&quot;[less]&quot; data-more=&quot;[more]&quot; href=&quot;javascript:;&quot; id=&quot;questionAdditionalInfoButton-10-&quot; onclick=&quot;toggleAdditionalQuestionInfo(&#039;10-&#039;)&quot;&gt;
                              [more]
                           &lt;/a&gt;
                           &lt;br/&gt;
                                                      &lt;span id=&quot;questionAdditionalInfo-10-&quot; style=&quot;display:none;&quot;&gt;
                              Multiple-choice (single answer) question options:
                              &lt;br/&gt;
                                                            The options for this question is automatically generated from the list of all teams in this course.
                           &lt;/span&gt;
                        &lt;/span&gt;
                     &lt;/span&gt;
                  &lt;/div&gt;
                  &lt;div class=&quot;panel-collapse collapse in&quot; id=&quot;panelBodyCollapse-10&quot;&gt;
                     &lt;div class=&quot;panel-body padding-0&quot; id=&quot;questionBody-9&quot;&gt;
                        &lt;div class=&quot;resultStatistics&quot;&gt;
                           &lt;div class=&quot;panel-body&quot;&gt;
                              &lt;div class=&quot;row&quot;&gt;
                                 &lt;div class=&quot;col-sm-4 text-color-gray&quot;&gt;
                                    &lt;strong&gt;
                                       Response Summary
                                    &lt;/strong&gt;
                                 &lt;/div&gt;
                              &lt;/div&gt;
                              &lt;div class=&quot;row&quot;&gt;
                                 &lt;div class=&quot;col-sm-4&quot;&gt;
                                    &lt;table class=&quot;table margin-0&quot;&gt;
                                       &lt;thead&gt;
                                          &lt;tr&gt;
                                             &lt;td&gt;
                                                Choice
                                             &lt;/td&gt;
                                             &lt;td&gt;
                                                Response Count
                                             &lt;/td&gt;
                                             &lt;td&gt;
                                                Percentage
                                             &lt;/td&gt;
                                          &lt;/tr&gt;
                                       &lt;/thead&gt;
                                       &lt;tbody&gt;
                                          &lt;tr&gt;
                                             &lt;td&gt;
                                                Team 1
                                             &lt;/td&gt;
                                             &lt;td&gt;
                                                1
                                             &lt;/td&gt;
                                             &lt;td&gt;
                                                50%
                                             &lt;/td&gt;
                                          &lt;/tr&gt;
                                          &lt;tr&gt;
                                             &lt;td&gt;
                                                Team 2
                                             &lt;/td&gt;
                                             &lt;td&gt;
                                                1
                                             &lt;/td&gt;
                                             &lt;td&gt;
                                                50%
                                             &lt;/td&gt;
                                          &lt;/tr&gt;
                                       &lt;/tbody&gt;
                                    &lt;/table&gt;
                                 &lt;/div&gt;
                              &lt;/div&gt;
                           &lt;/div&gt;
                        &lt;/div&gt;
                        &lt;div class=&quot;table-responsive&quot;&gt;
                           &lt;table class=&quot;table table-striped table-bordered dataTable margin-0&quot;&gt;
                              &lt;thead class=&quot;background-color-medium-gray text-color-gray font-weight-normal&quot;&gt;
                                 &lt;tr&gt;
                                    &lt;th class=&quot;button-sort-none&quot; id=&quot;button_sortFromName&quot; onclick=&quot;toggleSort(this,1)&quot; style=&quot;width: 15%;&quot;&gt;
                                       Giver
                                       &lt;span class=&quot;icon-sort unsorted&quot;&gt;
                                       &lt;/span&gt;
                                    &lt;/th&gt;
                                    &lt;th class=&quot;button-sort-none&quot; id=&quot;button_sortFromTeam&quot; onclick=&quot;toggleSort(this,2)&quot; style=&quot;width: 15%;&quot;&gt;
                                       Team
                                       &lt;span class=&quot;icon-sort unsorted&quot;&gt;
                                       &lt;/span&gt;
                                    &lt;/th&gt;
                                    &lt;th class=&quot;button-sort-none&quot; id=&quot;button_sortToName&quot; onclick=&quot;toggleSort(this,3)&quot; style=&quot;width: 15%;&quot;&gt;
                                       Recipient
                                       &lt;span class=&quot;icon-sort unsorted&quot;&gt;
                                       &lt;/span&gt;
                                    &lt;/th&gt;
                                    &lt;th class=&quot;button-sort-ascending&quot; id=&quot;button_sortToTeam&quot; onclick=&quot;toggleSort(this,4)&quot; style=&quot;width: 15%;&quot;&gt;
                                       Team
                                       &lt;span class=&quot;icon-sort unsorted&quot;&gt;
                                       &lt;/span&gt;
                                    &lt;/th&gt;
                                    &lt;th class=&quot;button-sort-none&quot; id=&quot;button_sortFeedback&quot; onclick=&quot;toggleSort(this,5)&quot;&gt;
                                       Feedback
                                       &lt;span class=&quot;icon-sort unsorted&quot;&gt;
                                       &lt;/span&gt;
                                    &lt;/th&gt;
                                 &lt;/tr&gt;
                              &lt;/thead&gt;
                              &lt;thead&gt;
                              &lt;/thead&gt;
                              &lt;tbody&gt;
                                 &lt;tr&gt;
                                    &lt;td class=&quot;middlealign&quot;&gt;
                                       Alice Betsy
                                    &lt;/td&gt;
                                    &lt;td class=&quot;middlealign&quot;&gt;
                                       Team 1
                                    &lt;/td&gt;
                                    &lt;td class=&quot;middlealign&quot;&gt;
                                       Alice Betsy
                                    &lt;/td&gt;
                                    &lt;td class=&quot;middlealign&quot;&gt;
                                       Team 1
                                    &lt;/td&gt;
                                    &lt;td class=&quot;text-preserve-space&quot;&gt;
                                       Team 1
                                    &lt;/td&gt;
                                 &lt;/tr&gt;
                                 &lt;tr&gt;
                                    &lt;td class=&quot;middlealign&quot;&gt;
                                       Drop out
                                    &lt;/td&gt;
                                    &lt;td class=&quot;middlealign&quot;&gt;
                                       Team 2
                                    &lt;/td&gt;
                                    &lt;td class=&quot;middlealign&quot;&gt;
                                       Drop out
                                    &lt;/td&gt;
                                    &lt;td class=&quot;middlealign&quot;&gt;
                                       Team 2
                                    &lt;/td&gt;
                                    &lt;td class=&quot;text-preserve-space&quot;&gt;
                                       Team 2
                                    &lt;/td&gt;
                                 &lt;/tr&gt;
                              &lt;/tbody&gt;
                           &lt;/table&gt;
                        &lt;/div&gt;
                     &lt;/div&gt;
                  &lt;/div&gt;
               &lt;/div&gt;
               &lt;div class=&quot;panel panel-info&quot;&gt;
                  &lt;div class=&quot;panel-heading&quot; data-target=&quot;#panelBodyCollapse-11&quot; id=&quot;panelHeading-11&quot; style=&quot;cursor: pointer;&quot;&gt;
                     &lt;form action=&quot;/page/instructorFeedbackResultsPage&quot; class=&quot;seeMoreForm-11&quot; id=&quot;seeMore-11&quot; style=&quot;display:none;&quot;&gt;
                        &lt;input name=&quot;courseid&quot; type=&quot;hidden&quot; value=&quot;CFResultsUiT.CS2104&quot;/&gt;
                                                &lt;input name=&quot;fsname&quot; type=&quot;hidden&quot; value=&quot;First Session&quot;/&gt;
                                                &lt;input name=&quot;user&quot; type=&quot;hidden&quot; value=&quot;CFResultsUiT.instr&quot;/&gt;
                                                &lt;input name=&quot;frgroupbyteam&quot; type=&quot;hidden&quot; value=&quot;on&quot;/&gt;
                                                &lt;input name=&quot;frsorttype&quot; type=&quot;hidden&quot; value=&quot;question&quot;/&gt;
                                                &lt;input id=&quot;showStats-11&quot; name=&quot;frshowstats&quot; type=&quot;hidden&quot; value=&quot;on&quot;/&gt;
                                                &lt;input name=&quot;questionnum&quot; type=&quot;hidden&quot; value=&quot;11&quot;/&gt;
                                             &lt;/form&gt;
                     &lt;div class=&quot;display-icon pull-right&quot;&gt;
                        &lt;span class=&quot;glyphicon glyphicon-chevron-up pull-right&quot;&gt;
                        &lt;/span&gt;
                     &lt;/div&gt;
                     &lt;strong&gt;
                        Question 11:
                     &lt;/strong&gt;
                     &lt;span class=&quot;text-preserve-space&quot;&gt;
                        Who are your teammates? 
                        &lt;span style=&quot; white-space: normal;&quot;&gt;
                           &lt;a class=&quot;color_gray&quot; data-less=&quot;[less]&quot; data-more=&quot;[more]&quot; href=&quot;javascript:;&quot; id=&quot;questionAdditionalInfoButton-11-&quot; onclick=&quot;toggleAdditionalQuestionInfo(&#039;11-&#039;)&quot;&gt;
                              [more]
                           &lt;/a&gt;
                           &lt;br/&gt;
                                                      &lt;span id=&quot;questionAdditionalInfo-11-&quot; style=&quot;display:none;&quot;&gt;
                              Multiple-choice (multiple answers) question options:
                              &lt;br/&gt;
                                                            The options for this question is automatically generated from the list of all students in this course.
                           &lt;/span&gt;
                        &lt;/span&gt;
                     &lt;/span&gt;
                  &lt;/div&gt;
                  &lt;div class=&quot;panel-collapse collapse in&quot; id=&quot;panelBodyCollapse-11&quot;&gt;
                     &lt;div class=&quot;panel-body padding-0&quot; id=&quot;questionBody-10&quot;&gt;
                        &lt;div class=&quot;resultStatistics&quot;&gt;
                           &lt;div class=&quot;panel-body&quot;&gt;
                              &lt;div class=&quot;row&quot;&gt;
                                 &lt;div class=&quot;col-sm-4 text-color-gray&quot;&gt;
                                    &lt;strong&gt;
                                       Response Summary
                                    &lt;/strong&gt;
                                 &lt;/div&gt;
                              &lt;/div&gt;
                              &lt;div class=&quot;row&quot;&gt;
                                 &lt;div class=&quot;col-sm-4&quot;&gt;
                                    &lt;table class=&quot;table margin-0&quot;&gt;
                                       &lt;thead&gt;
                                          &lt;tr&gt;
                                             &lt;td&gt;
                                                Choice
                                             &lt;/td&gt;
                                             &lt;td&gt;
                                                Response Count
                                             &lt;/td&gt;
                                             &lt;td&gt;
                                                Percentage
                                             &lt;/td&gt;
                                          &lt;/tr&gt;
                                       &lt;/thead&gt;
                                       &lt;tbody&gt;
                                          &lt;tr&gt;
                                             &lt;td&gt;
                                                Danny
                                             &lt;/td&gt;
                                             &lt;td&gt;
                                                1
                                             &lt;/td&gt;
                                             &lt;td&gt;
                                                100%
                                             &lt;/td&gt;
                                          &lt;/tr&gt;
                                       &lt;/tbody&gt;
                                    &lt;/table&gt;
                                 &lt;/div&gt;
                              &lt;/div&gt;
                           &lt;/div&gt;
                        &lt;/div&gt;
                        &lt;div class=&quot;table-responsive&quot;&gt;
                           &lt;table class=&quot;table table-striped table-bordered dataTable margin-0&quot;&gt;
                              &lt;thead class=&quot;background-color-medium-gray text-color-gray font-weight-normal&quot;&gt;
                                 &lt;tr&gt;
                                    &lt;th class=&quot;button-sort-none&quot; id=&quot;button_sortFromName&quot; onclick=&quot;toggleSort(this,1)&quot; style=&quot;width: 15%;&quot;&gt;
                                       Giver
                                       &lt;span class=&quot;icon-sort unsorted&quot;&gt;
                                       &lt;/span&gt;
                                    &lt;/th&gt;
                                    &lt;th class=&quot;button-sort-none&quot; id=&quot;button_sortFromTeam&quot; onclick=&quot;toggleSort(this,2)&quot; style=&quot;width: 15%;&quot;&gt;
                                       Team
                                       &lt;span class=&quot;icon-sort unsorted&quot;&gt;
                                       &lt;/span&gt;
                                    &lt;/th&gt;
                                    &lt;th class=&quot;button-sort-none&quot; id=&quot;button_sortToName&quot; onclick=&quot;toggleSort(this,3)&quot; style=&quot;width: 15%;&quot;&gt;
                                       Recipient
                                       &lt;span class=&quot;icon-sort unsorted&quot;&gt;
                                       &lt;/span&gt;
                                    &lt;/th&gt;
                                    &lt;th class=&quot;button-sort-ascending&quot; id=&quot;button_sortToTeam&quot; onclick=&quot;toggleSort(this,4)&quot; style=&quot;width: 15%;&quot;&gt;
                                       Team
                                       &lt;span class=&quot;icon-sort unsorted&quot;&gt;
                                       &lt;/span&gt;
                                    &lt;/th&gt;
                                    &lt;th class=&quot;button-sort-none&quot; id=&quot;button_sortFeedback&quot; onclick=&quot;toggleSort(this,5)&quot;&gt;
                                       Feedback
                                       &lt;span class=&quot;icon-sort unsorted&quot;&gt;
                                       &lt;/span&gt;
                                    &lt;/th&gt;
                                 &lt;/tr&gt;
                              &lt;/thead&gt;
                              &lt;thead&gt;
                              &lt;/thead&gt;
                              &lt;tbody&gt;
                                 &lt;tr&gt;
                                    &lt;td class=&quot;middlealign&quot;&gt;
                                       Alice Betsy
                                    &lt;/td&gt;
                                    &lt;td class=&quot;middlealign&quot;&gt;
                                       Team 1
                                    &lt;/td&gt;
                                    &lt;td class=&quot;middlealign&quot;&gt;
                                       Alice Betsy
                                    &lt;/td&gt;
                                    &lt;td class=&quot;middlealign&quot;&gt;
                                       Team 1
                                    &lt;/td&gt;
                                    &lt;td class=&quot;text-preserve-space&quot;&gt;
                                       &lt;ul class=&quot;selectedOptionsList&quot;&gt;
                                          &lt;li&gt;
                                             Danny
                                          &lt;/li&gt;
                                       &lt;/ul&gt;
                                    &lt;/td&gt;
                                 &lt;/tr&gt;
                              &lt;/tbody&gt;
                           &lt;/table&gt;
                        &lt;/div&gt;
                     &lt;/div&gt;
                  &lt;/div&gt;
               &lt;/div&gt;
               &lt;div class=&quot;panel panel-info&quot;&gt;
                  &lt;div class=&quot;panel-heading&quot; data-target=&quot;#panelBodyCollapse-12&quot; id=&quot;panelHeading-12&quot; style=&quot;cursor: pointer;&quot;&gt;
                     &lt;form action=&quot;/page/instructorFeedbackResultsPage&quot; class=&quot;seeMoreForm-12&quot; id=&quot;seeMore-12&quot; style=&quot;display:none;&quot;&gt;
                        &lt;input name=&quot;courseid&quot; type=&quot;hidden&quot; value=&quot;CFResultsUiT.CS2104&quot;/&gt;
                                                &lt;input name=&quot;fsname&quot; type=&quot;hidden&quot; value=&quot;First Session&quot;/&gt;
                                                &lt;input name=&quot;user&quot; type=&quot;hidden&quot; value=&quot;CFResultsUiT.instr&quot;/&gt;
                                                &lt;input name=&quot;frgroupbyteam&quot; type=&quot;hidden&quot; value=&quot;on&quot;/&gt;
                                                &lt;input name=&quot;frsorttype&quot; type=&quot;hidden&quot; value=&quot;question&quot;/&gt;
                                                &lt;input id=&quot;showStats-12&quot; name=&quot;frshowstats&quot; type=&quot;hidden&quot; value=&quot;on&quot;/&gt;
                                                &lt;input name=&quot;questionnum&quot; type=&quot;hidden&quot; value=&quot;12&quot;/&gt;
                                             &lt;/form&gt;
                     &lt;div class=&quot;display-icon pull-right&quot;&gt;
                        &lt;span class=&quot;glyphicon glyphicon-chevron-up pull-right&quot;&gt;
                        &lt;/span&gt;
                     &lt;/div&gt;
                     &lt;strong&gt;
                        Question 12:
                     &lt;/strong&gt;
                     &lt;span class=&quot;text-preserve-space&quot;&gt;
                        Which teams do you like? 
                        &lt;span style=&quot; white-space: normal;&quot;&gt;
                           &lt;a class=&quot;color_gray&quot; data-less=&quot;[less]&quot; data-more=&quot;[more]&quot; href=&quot;javascript:;&quot; id=&quot;questionAdditionalInfoButton-12-&quot; onclick=&quot;toggleAdditionalQuestionInfo(&#039;12-&#039;)&quot;&gt;
                              [more]
                           &lt;/a&gt;
                           &lt;br/&gt;
                                                      &lt;span id=&quot;questionAdditionalInfo-12-&quot; style=&quot;display:none;&quot;&gt;
                              Multiple-choice (multiple answers) question options:
                              &lt;br/&gt;
                                                            The options for this question is automatically generated from the list of all teams in this course.
                           &lt;/span&gt;
                        &lt;/span&gt;
                     &lt;/span&gt;
                  &lt;/div&gt;
                  &lt;div class=&quot;panel-collapse collapse in&quot; id=&quot;panelBodyCollapse-12&quot;&gt;
                     &lt;div class=&quot;panel-body padding-0&quot; id=&quot;questionBody-11&quot;&gt;
                        &lt;div class=&quot;resultStatistics&quot;&gt;
                           &lt;div class=&quot;panel-body&quot;&gt;
                              &lt;div class=&quot;row&quot;&gt;
                                 &lt;div class=&quot;col-sm-4 text-color-gray&quot;&gt;
                                    &lt;strong&gt;
                                       Response Summary
                                    &lt;/strong&gt;
                                 &lt;/div&gt;
                              &lt;/div&gt;
                              &lt;div class=&quot;row&quot;&gt;
                                 &lt;div class=&quot;col-sm-4&quot;&gt;
                                    &lt;table class=&quot;table margin-0&quot;&gt;
                                       &lt;thead&gt;
                                          &lt;tr&gt;
                                             &lt;td&gt;
                                                Choice
                                             &lt;/td&gt;
                                             &lt;td&gt;
                                                Response Count
                                             &lt;/td&gt;
                                             &lt;td&gt;
                                                Percentage
                                             &lt;/td&gt;
                                          &lt;/tr&gt;
                                       &lt;/thead&gt;
                                       &lt;tbody&gt;
                                          &lt;tr&gt;
                                             &lt;td&gt;
                                                Team 1
                                             &lt;/td&gt;
                                             &lt;td&gt;
                                                1
                                             &lt;/td&gt;
                                             &lt;td&gt;
                                                50%
                                             &lt;/td&gt;
                                          &lt;/tr&gt;
                                          &lt;tr&gt;
                                             &lt;td&gt;
                                                Team 2
                                             &lt;/td&gt;
                                             &lt;td&gt;
                                                1
                                             &lt;/td&gt;
                                             &lt;td&gt;
                                                50%
                                             &lt;/td&gt;
                                          &lt;/tr&gt;
                                       &lt;/tbody&gt;
                                    &lt;/table&gt;
                                 &lt;/div&gt;
                              &lt;/div&gt;
                           &lt;/div&gt;
                        &lt;/div&gt;
                        &lt;div class=&quot;table-responsive&quot;&gt;
                           &lt;table class=&quot;table table-striped table-bordered dataTable margin-0&quot;&gt;
                              &lt;thead class=&quot;background-color-medium-gray text-color-gray font-weight-normal&quot;&gt;
                                 &lt;tr&gt;
                                    &lt;th class=&quot;button-sort-none&quot; id=&quot;button_sortFromName&quot; onclick=&quot;toggleSort(this,1)&quot; style=&quot;width: 15%;&quot;&gt;
                                       Giver
                                       &lt;span class=&quot;icon-sort unsorted&quot;&gt;
                                       &lt;/span&gt;
                                    &lt;/th&gt;
                                    &lt;th class=&quot;button-sort-none&quot; id=&quot;button_sortFromTeam&quot; onclick=&quot;toggleSort(this,2)&quot; style=&quot;width: 15%;&quot;&gt;
                                       Team
                                       &lt;span class=&quot;icon-sort unsorted&quot;&gt;
                                       &lt;/span&gt;
                                    &lt;/th&gt;
                                    &lt;th class=&quot;button-sort-none&quot; id=&quot;button_sortToName&quot; onclick=&quot;toggleSort(this,3)&quot; style=&quot;width: 15%;&quot;&gt;
                                       Recipient
                                       &lt;span class=&quot;icon-sort unsorted&quot;&gt;
                                       &lt;/span&gt;
                                    &lt;/th&gt;
                                    &lt;th class=&quot;button-sort-ascending&quot; id=&quot;button_sortToTeam&quot; onclick=&quot;toggleSort(this,4)&quot; style=&quot;width: 15%;&quot;&gt;
                                       Team
                                       &lt;span class=&quot;icon-sort unsorted&quot;&gt;
                                       &lt;/span&gt;
                                    &lt;/th&gt;
                                    &lt;th class=&quot;button-sort-none&quot; id=&quot;button_sortFeedback&quot; onclick=&quot;toggleSort(this,5)&quot;&gt;
                                       Feedback
                                       &lt;span class=&quot;icon-sort unsorted&quot;&gt;
                                       &lt;/span&gt;
                                    &lt;/th&gt;
                                 &lt;/tr&gt;
                              &lt;/thead&gt;
                              &lt;thead&gt;
                              &lt;/thead&gt;
                              &lt;tbody&gt;
                                 &lt;tr&gt;
                                    &lt;td class=&quot;middlealign&quot;&gt;
                                       Alice Betsy
                                    &lt;/td&gt;
                                    &lt;td class=&quot;middlealign&quot;&gt;
                                       Team 1
                                    &lt;/td&gt;
                                    &lt;td class=&quot;middlealign&quot;&gt;
                                       Alice Betsy
                                    &lt;/td&gt;
                                    &lt;td class=&quot;middlealign&quot;&gt;
                                       Team 1
                                    &lt;/td&gt;
                                    &lt;td class=&quot;text-preserve-space&quot;&gt;
                                       &lt;ul class=&quot;selectedOptionsList&quot;&gt;
                                          &lt;li&gt;
                                             Team 1
                                          &lt;/li&gt;
                                          &lt;li&gt;
                                             Team 2
                                          &lt;/li&gt;
                                       &lt;/ul&gt;
                                    &lt;/td&gt;
                                 &lt;/tr&gt;
                              &lt;/tbody&gt;
                           &lt;/table&gt;
                        &lt;/div&gt;
                     &lt;/div&gt;
                  &lt;/div&gt;
               &lt;/div&gt;
               &lt;div class=&quot;panel panel-info&quot;&gt;
                  &lt;div class=&quot;panel-heading&quot; data-target=&quot;#panelBodyCollapse-13&quot; id=&quot;panelHeading-13&quot; style=&quot;cursor: pointer;&quot;&gt;
                     &lt;form action=&quot;/page/instructorFeedbackResultsPage&quot; class=&quot;seeMoreForm-13&quot; id=&quot;seeMore-13&quot; style=&quot;display:none;&quot;&gt;
                        &lt;input name=&quot;courseid&quot; type=&quot;hidden&quot; value=&quot;CFResultsUiT.CS2104&quot;/&gt;
                                                &lt;input name=&quot;fsname&quot; type=&quot;hidden&quot; value=&quot;First Session&quot;/&gt;
                                                &lt;input name=&quot;user&quot; type=&quot;hidden&quot; value=&quot;CFResultsUiT.instr&quot;/&gt;
                                                &lt;input name=&quot;frgroupbyteam&quot; type=&quot;hidden&quot; value=&quot;on&quot;/&gt;
                                                &lt;input name=&quot;frsorttype&quot; type=&quot;hidden&quot; value=&quot;question&quot;/&gt;
                                                &lt;input id=&quot;showStats-13&quot; name=&quot;frshowstats&quot; type=&quot;hidden&quot; value=&quot;on&quot;/&gt;
                                                &lt;input name=&quot;questionnum&quot; type=&quot;hidden&quot; value=&quot;13&quot;/&gt;
                                             &lt;/form&gt;
                     &lt;div class=&quot;display-icon pull-right&quot;&gt;
                        &lt;span class=&quot;glyphicon glyphicon-chevron-up pull-right&quot;&gt;
                        &lt;/span&gt;
                     &lt;/div&gt;
                     &lt;strong&gt;
                        Question 13:
                     &lt;/strong&gt;
                     &lt;span class=&quot;text-preserve-space&quot;&gt;
                        Rate our product. 
                        &lt;span style=&quot; white-space: normal;&quot;&gt;
                           &lt;a class=&quot;color_gray&quot; data-less=&quot;[less]&quot; data-more=&quot;[more]&quot; href=&quot;javascript:;&quot; id=&quot;questionAdditionalInfoButton-13-&quot; onclick=&quot;toggleAdditionalQuestionInfo(&#039;13-&#039;)&quot;&gt;
                              [more]
                           &lt;/a&gt;
                           &lt;br/&gt;
                                                      &lt;span id=&quot;questionAdditionalInfo-13-&quot; style=&quot;display:none;&quot;&gt;
                              Numerical-scale question:
                              &lt;br/&gt;
                                                            Minimum value: 1. Increment: 0.5. Maximum value: 5.
                           &lt;/span&gt;
                        &lt;/span&gt;
                     &lt;/span&gt;
                  &lt;/div&gt;
                  &lt;div class=&quot;panel-collapse collapse in&quot; id=&quot;panelBodyCollapse-13&quot;&gt;
                     &lt;div class=&quot;panel-body padding-0&quot; id=&quot;questionBody-12&quot;&gt;
                        &lt;div class=&quot;resultStatistics&quot;&gt;
                           &lt;div class=&quot;panel-body&quot;&gt;
                              &lt;div class=&quot;row&quot;&gt;
                                 &lt;div class=&quot;col-sm-4 text-color-gray&quot;&gt;
                                    &lt;strong&gt;
                                       Response Summary
                                    &lt;/strong&gt;
                                 &lt;/div&gt;
                              &lt;/div&gt;
                              &lt;div class=&quot;row&quot;&gt;
                                 &lt;form class=&quot;form-horizontal col-sm-12&quot; role=&quot;form&quot;&gt;
                                    &lt;div class=&quot;form-group margin-0&quot;&gt;
                                       &lt;label class=&quot;col-sm-2 control-label font-weight-normal&quot;&gt;
                                          Average:
                                       &lt;/label&gt;
                                       &lt;div class=&quot;col-sm-3&quot;&gt;
                                          &lt;p class=&quot;form-control-static&quot;&gt;
                                             3.5
                                          &lt;/p&gt;
                                       &lt;/div&gt;
                                    &lt;/div&gt;
                                    &lt;div class=&quot;form-group margin-0&quot;&gt;
                                       &lt;label class=&quot;col-sm-2 control-label font-weight-normal&quot;&gt;
                                          Minimum:
                                       &lt;/label&gt;
                                       &lt;div class=&quot;col-sm-3&quot;&gt;
                                          &lt;p class=&quot;form-control-static&quot;&gt;
                                             3.5
                                          &lt;/p&gt;
                                       &lt;/div&gt;
                                    &lt;/div&gt;
                                    &lt;div class=&quot;form-group margin-0&quot;&gt;
                                       &lt;label class=&quot;col-sm-2 control-label font-weight-normal&quot;&gt;
                                          Maximum:
                                       &lt;/label&gt;
                                       &lt;div class=&quot;col-sm-3&quot;&gt;
                                          &lt;p class=&quot;form-control-static&quot;&gt;
                                             3.5
                                          &lt;/p&gt;
                                       &lt;/div&gt;
                                    &lt;/div&gt;
                                 &lt;/form&gt;
                              &lt;/div&gt;
                           &lt;/div&gt;
                        &lt;/div&gt;
                        &lt;div class=&quot;table-responsive&quot;&gt;
                           &lt;table class=&quot;table table-striped table-bordered dataTable margin-0&quot;&gt;
                              &lt;thead class=&quot;background-color-medium-gray text-color-gray font-weight-normal&quot;&gt;
                                 &lt;tr&gt;
                                    &lt;th class=&quot;button-sort-none&quot; id=&quot;button_sortFromName&quot; onclick=&quot;toggleSort(this,1)&quot; style=&quot;width: 15%;&quot;&gt;
                                       Giver
                                       &lt;span class=&quot;icon-sort unsorted&quot;&gt;
                                       &lt;/span&gt;
                                    &lt;/th&gt;
                                    &lt;th class=&quot;button-sort-none&quot; id=&quot;button_sortFromTeam&quot; onclick=&quot;toggleSort(this,2)&quot; style=&quot;width: 15%;&quot;&gt;
                                       Team
                                       &lt;span class=&quot;icon-sort unsorted&quot;&gt;
                                       &lt;/span&gt;
                                    &lt;/th&gt;
                                    &lt;th class=&quot;button-sort-none&quot; id=&quot;button_sortToName&quot; onclick=&quot;toggleSort(this,3)&quot; style=&quot;width: 15%;&quot;&gt;
                                       Recipient
                                       &lt;span class=&quot;icon-sort unsorted&quot;&gt;
                                       &lt;/span&gt;
                                    &lt;/th&gt;
                                    &lt;th class=&quot;button-sort-ascending&quot; id=&quot;button_sortToTeam&quot; onclick=&quot;toggleSort(this,4)&quot; style=&quot;width: 15%;&quot;&gt;
                                       Team
                                       &lt;span class=&quot;icon-sort unsorted&quot;&gt;
                                       &lt;/span&gt;
                                    &lt;/th&gt;
                                    &lt;th class=&quot;button-sort-none&quot; id=&quot;button_sortFeedback&quot; onclick=&quot;toggleSort(this,5)&quot;&gt;
                                       Feedback
                                       &lt;span class=&quot;icon-sort unsorted&quot;&gt;
                                       &lt;/span&gt;
                                    &lt;/th&gt;
                                 &lt;/tr&gt;
                              &lt;/thead&gt;
                              &lt;thead&gt;
                              &lt;/thead&gt;
                              &lt;tbody&gt;
                                 &lt;tr&gt;
                                    &lt;td class=&quot;middlealign&quot;&gt;
                                       Alice Betsy
                                    &lt;/td&gt;
                                    &lt;td class=&quot;middlealign&quot;&gt;
                                       Team 1
                                    &lt;/td&gt;
                                    &lt;td class=&quot;middlealign&quot;&gt;
                                       Alice Betsy
                                    &lt;/td&gt;
                                    &lt;td class=&quot;middlealign&quot;&gt;
                                       Team 1
                                    &lt;/td&gt;
                                    &lt;td class=&quot;text-preserve-space&quot;&gt;
                                       3.5
                                    &lt;/td&gt;
                                 &lt;/tr&gt;
                              &lt;/tbody&gt;
                           &lt;/table&gt;
                        &lt;/div&gt;
                     &lt;/div&gt;
                  &lt;/div&gt;
               &lt;/div&gt;
               &lt;div class=&quot;panel panel-info&quot;&gt;
                  &lt;div class=&quot;panel-heading&quot; data-target=&quot;#panelBodyCollapse-14&quot; id=&quot;panelHeading-14&quot; style=&quot;cursor: pointer;&quot;&gt;
                     &lt;form action=&quot;/page/instructorFeedbackResultsPage&quot; class=&quot;seeMoreForm-14&quot; id=&quot;seeMore-14&quot; style=&quot;display:none;&quot;&gt;
                        &lt;input name=&quot;courseid&quot; type=&quot;hidden&quot; value=&quot;CFResultsUiT.CS2104&quot;/&gt;
                                                &lt;input name=&quot;fsname&quot; type=&quot;hidden&quot; value=&quot;First Session&quot;/&gt;
                                                &lt;input name=&quot;user&quot; type=&quot;hidden&quot; value=&quot;CFResultsUiT.instr&quot;/&gt;
                                                &lt;input name=&quot;frgroupbyteam&quot; type=&quot;hidden&quot; value=&quot;on&quot;/&gt;
                                                &lt;input name=&quot;frsorttype&quot; type=&quot;hidden&quot; value=&quot;question&quot;/&gt;
                                                &lt;input id=&quot;showStats-14&quot; name=&quot;frshowstats&quot; type=&quot;hidden&quot; value=&quot;on&quot;/&gt;
                                                &lt;input name=&quot;questionnum&quot; type=&quot;hidden&quot; value=&quot;14&quot;/&gt;
                                             &lt;/form&gt;
                     &lt;div class=&quot;display-icon pull-right&quot;&gt;
                        &lt;span class=&quot;glyphicon glyphicon-chevron-up pull-right&quot;&gt;
                        &lt;/span&gt;
                     &lt;/div&gt;
                     &lt;strong&gt;
                        Question 14:
                     &lt;/strong&gt;
                     &lt;span class=&quot;text-preserve-space&quot;&gt;
                        How important are the following factors to you? Give points accordingly. 
                        &lt;span style=&quot; white-space: normal;&quot;&gt;
                           &lt;a class=&quot;color_gray&quot; data-less=&quot;[less]&quot; data-more=&quot;[more]&quot; href=&quot;javascript:;&quot; id=&quot;questionAdditionalInfoButton-14-&quot; onclick=&quot;toggleAdditionalQuestionInfo(&#039;14-&#039;)&quot;&gt;
                              [more]
                           &lt;/a&gt;
                           &lt;br/&gt;
                                                      &lt;span id=&quot;questionAdditionalInfo-14-&quot; style=&quot;display:none;&quot;&gt;
                              Distribute points (among options) question options:
                              &lt;ul style=&quot;list-style-type: disc;margin-left: 20px;&quot;&gt;
                                 &lt;li&gt;
                                    Grades
                                 &lt;/li&gt;
                                 &lt;li&gt;
                                    Fun
                                 &lt;/li&gt;
                              &lt;/ul&gt;
                              Total points: 100
                           &lt;/span&gt;
                        &lt;/span&gt;
                     &lt;/span&gt;
                  &lt;/div&gt;
                  &lt;div class=&quot;panel-collapse collapse in&quot; id=&quot;panelBodyCollapse-14&quot;&gt;
                     &lt;div class=&quot;panel-body padding-0&quot; id=&quot;questionBody-13&quot;&gt;
                        &lt;div class=&quot;resultStatistics&quot;&gt;
                           &lt;div class=&quot;panel-body&quot;&gt;
                              &lt;div class=&quot;row&quot;&gt;
                                 &lt;div class=&quot;col-sm-4 text-color-gray&quot;&gt;
                                    &lt;strong&gt;
                                       Response Summary
                                    &lt;/strong&gt;
                                 &lt;/div&gt;
                              &lt;/div&gt;
                              &lt;div class=&quot;row&quot;&gt;
                                 &lt;div class=&quot;col-sm-12&quot;&gt;
                                    &lt;table class=&quot;table table-bordered table-responsive margin-0&quot;&gt;
                                       &lt;thead&gt;
                                          &lt;tr&gt;
                                             &lt;td class=&quot;button-sort-ascending&quot; id=&quot;button_sortteamname&quot; onclick=&quot;toggleSort(this,1);&quot; style=&quot;width: 35%;&quot;&gt;
                                                Option
                                                &lt;span class=&quot;icon-sort unsorted&quot;&gt;
                                                &lt;/span&gt;
                                             &lt;/td&gt;
                                             &lt;td class=&quot;button-sort-none&quot; id=&quot;button_sortname&quot; onclick=&quot;toggleSort(this,2);&quot;&gt;
                                                Points Received
                                                &lt;span class=&quot;icon-sort unsorted&quot;&gt;
                                                &lt;/span&gt;
                                             &lt;/td&gt;
                                             &lt;td class=&quot;button-sort-none&quot; id=&quot;button_sortclaimed&quot; onclick=&quot;toggleSort(this,3);&quot; style=&quot;width:15%;&quot;&gt;
                                                Average Points
                                                &lt;span class=&quot;icon-sort unsorted&quot;&gt;
                                                &lt;/span&gt;
                                             &lt;/td&gt;
                                          &lt;/tr&gt;
                                       &lt;/thead&gt;
                                       &lt;tbody&gt;
                                          &lt;tr&gt;
                                             &lt;td&gt;
                                                Fun
                                             &lt;/td&gt;
                                             &lt;td&gt;
                                                55
                                             &lt;/td&gt;
                                             &lt;td&gt;
                                                55
                                             &lt;/td&gt;
                                          &lt;/tr&gt;
                                          &lt;tr&gt;
                                             &lt;td&gt;
                                                Grades
                                             &lt;/td&gt;
                                             &lt;td&gt;
                                                45
                                             &lt;/td&gt;
                                             &lt;td&gt;
                                                45
                                             &lt;/td&gt;
                                          &lt;/tr&gt;
                                       &lt;/tbody&gt;
                                    &lt;/table&gt;
                                 &lt;/div&gt;
                              &lt;/div&gt;
                           &lt;/div&gt;
                        &lt;/div&gt;
                        &lt;div class=&quot;table-responsive&quot;&gt;
                           &lt;table class=&quot;table table-striped table-bordered dataTable margin-0&quot;&gt;
                              &lt;thead class=&quot;background-color-medium-gray text-color-gray font-weight-normal&quot;&gt;
                                 &lt;tr&gt;
                                    &lt;th class=&quot;button-sort-none&quot; id=&quot;button_sortFromName&quot; onclick=&quot;toggleSort(this,1)&quot; style=&quot;width: 15%;&quot;&gt;
                                       Giver
                                       &lt;span class=&quot;icon-sort unsorted&quot;&gt;
                                       &lt;/span&gt;
                                    &lt;/th&gt;
                                    &lt;th class=&quot;button-sort-none&quot; id=&quot;button_sortFromTeam&quot; onclick=&quot;toggleSort(this,2)&quot; style=&quot;width: 15%;&quot;&gt;
                                       Team
                                       &lt;span class=&quot;icon-sort unsorted&quot;&gt;
                                       &lt;/span&gt;
                                    &lt;/th&gt;
                                    &lt;th class=&quot;button-sort-none&quot; id=&quot;button_sortToName&quot; onclick=&quot;toggleSort(this,3)&quot; style=&quot;width: 15%;&quot;&gt;
                                       Recipient
                                       &lt;span class=&quot;icon-sort unsorted&quot;&gt;
                                       &lt;/span&gt;
                                    &lt;/th&gt;
                                    &lt;th class=&quot;button-sort-ascending&quot; id=&quot;button_sortToTeam&quot; onclick=&quot;toggleSort(this,4)&quot; style=&quot;width: 15%;&quot;&gt;
                                       Team
                                       &lt;span class=&quot;icon-sort unsorted&quot;&gt;
                                       &lt;/span&gt;
                                    &lt;/th&gt;
                                    &lt;th class=&quot;button-sort-none&quot; id=&quot;button_sortFeedback&quot; onclick=&quot;toggleSort(this,5)&quot;&gt;
                                       Feedback
                                       &lt;span class=&quot;icon-sort unsorted&quot;&gt;
                                       &lt;/span&gt;
                                    &lt;/th&gt;
                                 &lt;/tr&gt;
                              &lt;/thead&gt;
                              &lt;thead&gt;
                              &lt;/thead&gt;
                              &lt;tbody&gt;
                                 &lt;tr&gt;
                                    &lt;td class=&quot;middlealign&quot;&gt;
                                       Alice Betsy
                                    &lt;/td&gt;
                                    &lt;td class=&quot;middlealign&quot;&gt;
                                       Team 1
                                    &lt;/td&gt;
                                    &lt;td class=&quot;middlealign&quot;&gt;
                                       Alice Betsy
                                    &lt;/td&gt;
                                    &lt;td class=&quot;middlealign&quot;&gt;
                                       Team 1
                                    &lt;/td&gt;
                                    &lt;td class=&quot;text-preserve-space&quot;&gt;
                                       &lt;ul&gt;
                                          &lt;li&gt;
                                             Grades: 45
                                          &lt;/li&gt;
                                          &lt;li&gt;
                                             Fun: 55
                                          &lt;/li&gt;
                                       &lt;/ul&gt;
                                    &lt;/td&gt;
                                 &lt;/tr&gt;
                              &lt;/tbody&gt;
                           &lt;/table&gt;
                        &lt;/div&gt;
                     &lt;/div&gt;
                  &lt;/div&gt;
               &lt;/div&gt;
               &lt;div class=&quot;panel panel-info&quot;&gt;
                  &lt;div class=&quot;panel-heading&quot; data-target=&quot;#panelBodyCollapse-15&quot; id=&quot;panelHeading-15&quot; style=&quot;cursor: pointer;&quot;&gt;
                     &lt;form action=&quot;/page/instructorFeedbackResultsPage&quot; class=&quot;seeMoreForm-15&quot; id=&quot;seeMore-15&quot; style=&quot;display:none;&quot;&gt;
                        &lt;input name=&quot;courseid&quot; type=&quot;hidden&quot; value=&quot;CFResultsUiT.CS2104&quot;/&gt;
                                                &lt;input name=&quot;fsname&quot; type=&quot;hidden&quot; value=&quot;First Session&quot;/&gt;
                                                &lt;input name=&quot;user&quot; type=&quot;hidden&quot; value=&quot;CFResultsUiT.instr&quot;/&gt;
                                                &lt;input name=&quot;frgroupbyteam&quot; type=&quot;hidden&quot; value=&quot;on&quot;/&gt;
                                                &lt;input name=&quot;frsorttype&quot; type=&quot;hidden&quot; value=&quot;question&quot;/&gt;
                                                &lt;input id=&quot;showStats-15&quot; name=&quot;frshowstats&quot; type=&quot;hidden&quot; value=&quot;on&quot;/&gt;
                                                &lt;input name=&quot;questionnum&quot; type=&quot;hidden&quot; value=&quot;15&quot;/&gt;
                                             &lt;/form&gt;
                     &lt;div class=&quot;display-icon pull-right&quot;&gt;
                        &lt;span class=&quot;glyphicon glyphicon-chevron-up pull-right&quot;&gt;
                        &lt;/span&gt;
                     &lt;/div&gt;
                     &lt;strong&gt;
                        Question 15:
                     &lt;/strong&gt;
                     &lt;span class=&quot;text-preserve-space&quot;&gt;
                        Split points among the your team members and yourself, according to how much you think each member has contributed. 
                        &lt;span style=&quot; white-space: normal;&quot;&gt;
                           &lt;a class=&quot;color_gray&quot; data-less=&quot;[less]&quot; data-more=&quot;[more]&quot; href=&quot;javascript:;&quot; id=&quot;questionAdditionalInfoButton-15-&quot; onclick=&quot;toggleAdditionalQuestionInfo(&#039;15-&#039;)&quot;&gt;
                              [more]
                           &lt;/a&gt;
                           &lt;br/&gt;
                                                      &lt;span id=&quot;questionAdditionalInfo-15-&quot; style=&quot;display:none;&quot;&gt;
                              Distribute points (among recipients) question
                              &lt;br/&gt;
                                                            Points per recipient: 100
                           &lt;/span&gt;
                        &lt;/span&gt;
                     &lt;/span&gt;
                  &lt;/div&gt;
                  &lt;div class=&quot;panel-collapse collapse in&quot; id=&quot;panelBodyCollapse-15&quot;&gt;
                     &lt;div class=&quot;panel-body padding-0&quot; id=&quot;questionBody-14&quot;&gt;
                        &lt;div class=&quot;resultStatistics&quot;&gt;
                           &lt;div class=&quot;panel-body&quot;&gt;
                              &lt;div class=&quot;row&quot;&gt;
                                 &lt;div class=&quot;col-sm-4 text-color-gray&quot;&gt;
                                    &lt;strong&gt;
                                       Response Summary
                                    &lt;/strong&gt;
                                 &lt;/div&gt;
                              &lt;/div&gt;
                              &lt;div class=&quot;row&quot;&gt;
                                 &lt;div class=&quot;col-sm-12&quot;&gt;
                                    &lt;table class=&quot;table table-bordered table-responsive margin-0&quot;&gt;
                                       &lt;thead&gt;
                                          &lt;tr&gt;
                                             &lt;td class=&quot;button-sort-ascending&quot; id=&quot;button_sortteamname&quot; onclick=&quot;toggleSort(this,1);&quot; style=&quot;width: 35%;&quot;&gt;
                                                Recipient
                                                &lt;span class=&quot;icon-sort unsorted&quot;&gt;
                                                &lt;/span&gt;
                                             &lt;/td&gt;
                                             &lt;td class=&quot;button-sort-none&quot; id=&quot;button_sortname&quot; onclick=&quot;toggleSort(this,2);&quot;&gt;
                                                Points Received
                                                &lt;span class=&quot;icon-sort unsorted&quot;&gt;
                                                &lt;/span&gt;
                                             &lt;/td&gt;
                                             &lt;td class=&quot;button-sort-none&quot; id=&quot;button_sortclaimed&quot; onclick=&quot;toggleSort(this,3);&quot; style=&quot;width:15%;&quot;&gt;
                                                Average Points
                                                &lt;span class=&quot;icon-sort unsorted&quot;&gt;
                                                &lt;/span&gt;
                                             &lt;/td&gt;
                                          &lt;/tr&gt;
                                       &lt;/thead&gt;
                                       &lt;tbody&gt;
                                          &lt;tr&gt;
                                             &lt;td&gt;
                                                Charlie Dávis
                                             &lt;/td&gt;
                                             &lt;td&gt;
                                                50
                                             &lt;/td&gt;
                                             &lt;td&gt;
                                                50
                                             &lt;/td&gt;
                                          &lt;/tr&gt;
                                          &lt;tr&gt;
                                             &lt;td&gt;
                                                Benny Charles
                                             &lt;/td&gt;
                                             &lt;td&gt;
                                                90
                                             &lt;/td&gt;
                                             &lt;td&gt;
                                                90
                                             &lt;/td&gt;
                                          &lt;/tr&gt;
                                          &lt;tr&gt;
                                             &lt;td&gt;
                                                Danny Engrid
                                             &lt;/td&gt;
                                             &lt;td&gt;
                                                150
                                             &lt;/td&gt;
                                             &lt;td&gt;
                                                150
                                             &lt;/td&gt;
                                          &lt;/tr&gt;
                                          &lt;tr&gt;
                                             &lt;td&gt;
                                                Alice Betsy
                                             &lt;/td&gt;
                                             &lt;td&gt;
                                                110
                                             &lt;/td&gt;
                                             &lt;td&gt;
                                                110
                                             &lt;/td&gt;
                                          &lt;/tr&gt;
                                       &lt;/tbody&gt;
                                    &lt;/table&gt;
                                 &lt;/div&gt;
                              &lt;/div&gt;
                           &lt;/div&gt;
                        &lt;/div&gt;
                        &lt;div class=&quot;table-responsive&quot;&gt;
                           &lt;table class=&quot;table table-striped table-bordered dataTable margin-0&quot;&gt;
                              &lt;thead class=&quot;background-color-medium-gray text-color-gray font-weight-normal&quot;&gt;
                                 &lt;tr&gt;
                                    &lt;th class=&quot;button-sort-none&quot; id=&quot;button_sortFromName&quot; onclick=&quot;toggleSort(this,1)&quot; style=&quot;width: 15%;&quot;&gt;
                                       Giver
                                       &lt;span class=&quot;icon-sort unsorted&quot;&gt;
                                       &lt;/span&gt;
                                    &lt;/th&gt;
                                    &lt;th class=&quot;button-sort-none&quot; id=&quot;button_sortFromTeam&quot; onclick=&quot;toggleSort(this,2)&quot; style=&quot;width: 15%;&quot;&gt;
                                       Team
                                       &lt;span class=&quot;icon-sort unsorted&quot;&gt;
                                       &lt;/span&gt;
                                    &lt;/th&gt;
                                    &lt;th class=&quot;button-sort-none&quot; id=&quot;button_sortToName&quot; onclick=&quot;toggleSort(this,3)&quot; style=&quot;width: 15%;&quot;&gt;
                                       Recipient
                                       &lt;span class=&quot;icon-sort unsorted&quot;&gt;
                                       &lt;/span&gt;
                                    &lt;/th&gt;
                                    &lt;th class=&quot;button-sort-ascending&quot; id=&quot;button_sortToTeam&quot; onclick=&quot;toggleSort(this,4)&quot; style=&quot;width: 15%;&quot;&gt;
                                       Team
                                       &lt;span class=&quot;icon-sort unsorted&quot;&gt;
                                       &lt;/span&gt;
                                    &lt;/th&gt;
                                    &lt;th class=&quot;button-sort-none&quot; id=&quot;button_sortFeedback&quot; onclick=&quot;toggleSort(this,5)&quot;&gt;
                                       Feedback
                                       &lt;span class=&quot;icon-sort unsorted&quot;&gt;
                                       &lt;/span&gt;
                                    &lt;/th&gt;
                                 &lt;/tr&gt;
                              &lt;/thead&gt;
                              &lt;thead&gt;
                              &lt;/thead&gt;
                              &lt;tbody&gt;
                                 &lt;tr&gt;
                                    &lt;td class=&quot;middlealign&quot;&gt;
                                       Alice Betsy
                                    &lt;/td&gt;
                                    &lt;td class=&quot;middlealign&quot;&gt;
                                       Team 1
                                    &lt;/td&gt;
                                    &lt;td class=&quot;middlealign&quot;&gt;
                                       Alice Betsy
                                    &lt;/td&gt;
                                    &lt;td class=&quot;middlealign&quot;&gt;
                                       Team 1
                                    &lt;/td&gt;
                                    &lt;td class=&quot;text-preserve-space&quot;&gt;
                                       110
                                    &lt;/td&gt;
                                 &lt;/tr&gt;
                                 &lt;tr&gt;
                                    &lt;td class=&quot;middlealign&quot;&gt;
                                       Alice Betsy
                                    &lt;/td&gt;
                                    &lt;td class=&quot;middlealign&quot;&gt;
                                       Team 1
                                    &lt;/td&gt;
                                    &lt;td class=&quot;middlealign&quot;&gt;
                                       Benny Charles
                                    &lt;/td&gt;
                                    &lt;td class=&quot;middlealign&quot;&gt;
                                       Team 1
                                    &lt;/td&gt;
                                    &lt;td class=&quot;text-preserve-space&quot;&gt;
                                       90
                                    &lt;/td&gt;
                                 &lt;/tr&gt;
                                 &lt;tr&gt;
                                    &lt;td class=&quot;middlealign&quot;&gt;
                                       Alice Betsy
                                    &lt;/td&gt;
                                    &lt;td class=&quot;middlealign&quot;&gt;
                                       Team 1
                                    &lt;/td&gt;
                                    &lt;td class=&quot;middlealign&quot;&gt;
                                       Charlie Dávis
                                    &lt;/td&gt;
                                    &lt;td class=&quot;middlealign&quot;&gt;
                                       Team 2
                                    &lt;/td&gt;
                                    &lt;td class=&quot;text-preserve-space&quot;&gt;
                                       50
                                    &lt;/td&gt;
                                 &lt;/tr&gt;
                                 &lt;tr&gt;
                                    &lt;td class=&quot;middlealign&quot;&gt;
                                       Alice Betsy
                                    &lt;/td&gt;
                                    &lt;td class=&quot;middlealign&quot;&gt;
                                       Team 1
                                    &lt;/td&gt;
                                    &lt;td class=&quot;middlealign&quot;&gt;
                                       Danny Engrid
                                    &lt;/td&gt;
                                    &lt;td class=&quot;middlealign&quot;&gt;
                                       Team 2
                                    &lt;/td&gt;
                                    &lt;td class=&quot;text-preserve-space&quot;&gt;
                                       150
                                    &lt;/td&gt;
                                 &lt;/tr&gt;
                              &lt;/tbody&gt;
                           &lt;/table&gt;
                        &lt;/div&gt;
                     &lt;/div&gt;
                  &lt;/div&gt;
               &lt;/div&gt;
               &lt;div class=&quot;panel panel-info&quot;&gt;
                  &lt;div class=&quot;panel-heading&quot; data-target=&quot;#panelBodyCollapse-16&quot; id=&quot;panelHeading-16&quot; style=&quot;cursor: pointer;&quot;&gt;
                     &lt;form action=&quot;/page/instructorFeedbackResultsPage&quot; class=&quot;seeMoreForm-16&quot; id=&quot;seeMore-16&quot; style=&quot;display:none;&quot;&gt;
                        &lt;input name=&quot;courseid&quot; type=&quot;hidden&quot; value=&quot;CFResultsUiT.CS2104&quot;/&gt;
                                                &lt;input name=&quot;fsname&quot; type=&quot;hidden&quot; value=&quot;First Session&quot;/&gt;
                                                &lt;input name=&quot;user&quot; type=&quot;hidden&quot; value=&quot;CFResultsUiT.instr&quot;/&gt;
                                                &lt;input name=&quot;frgroupbyteam&quot; type=&quot;hidden&quot; value=&quot;on&quot;/&gt;
                                                &lt;input name=&quot;frsorttype&quot; type=&quot;hidden&quot; value=&quot;question&quot;/&gt;
                                                &lt;input id=&quot;showStats-16&quot; name=&quot;frshowstats&quot; type=&quot;hidden&quot; value=&quot;on&quot;/&gt;
                                                &lt;input name=&quot;questionnum&quot; type=&quot;hidden&quot; value=&quot;16&quot;/&gt;
                                             &lt;/form&gt;
                     &lt;div class=&quot;display-icon pull-right&quot;&gt;
                        &lt;span class=&quot;glyphicon glyphicon-chevron-up pull-right&quot;&gt;
                        &lt;/span&gt;
                     &lt;/div&gt;
                     &lt;strong&gt;
                        Question 16:
                     &lt;/strong&gt;
                     &lt;span class=&quot;text-preserve-space&quot;&gt;
                        Rate the contribution of yourself and your team members towards the latest project. 
                        &lt;span style=&quot; white-space: normal;&quot;&gt;
                           &lt;a class=&quot;color_gray&quot; data-less=&quot;[less]&quot; data-more=&quot;[more]&quot; href=&quot;javascript:;&quot; id=&quot;questionAdditionalInfoButton-16-&quot; onclick=&quot;toggleAdditionalQuestionInfo(&#039;16-&#039;)&quot;&gt;
                              [more]
                           &lt;/a&gt;
                           &lt;br/&gt;
                                                      &lt;span id=&quot;questionAdditionalInfo-16-&quot; style=&quot;display:none;&quot;&gt;
                              Team contribution question
                           &lt;/span&gt;
                        &lt;/span&gt;
                     &lt;/span&gt;
                  &lt;/div&gt;
                  &lt;div class=&quot;panel-collapse collapse in&quot; id=&quot;panelBodyCollapse-16&quot;&gt;
                     &lt;div class=&quot;panel-body padding-0&quot; id=&quot;questionBody-15&quot;&gt;
                        &lt;div class=&quot;resultStatistics&quot;&gt;
                           &lt;div class=&quot;panel-body&quot;&gt;
                              &lt;div class=&quot;row&quot;&gt;
                                 &lt;div class=&quot;col-sm-4 text-color-gray&quot;&gt;
                                    &lt;strong&gt;
                                       Response Summary
                                    &lt;/strong&gt;
                                 &lt;/div&gt;
                                 &lt;div class=&quot;col-sm-3 pull-right&quot;&gt;
                                    [
                                    &lt;a href=&quot;/instructorHelp.html#faq7a&quot; id=&quot;interpret_help_link&quot; target=&quot;_blank&quot;&gt;
                                       How do I interpret/use these values?
                                    &lt;/a&gt;
                                    ]
                                 &lt;/div&gt;
                              &lt;/div&gt;
                              &lt;div class=&quot;row&quot;&gt;
                                 &lt;div class=&quot;col-sm-12&quot;&gt;
                                    &lt;table class=&quot;table table-bordered table-responsive margin-0&quot;&gt;
                                       &lt;thead&gt;
                                          &lt;tr&gt;
                                             &lt;td class=&quot;button-sort-ascending&quot; id=&quot;button_sortteamname&quot; onclick=&quot;toggleSort(this,1);&quot;&gt;
                                                Team
                                                &lt;span class=&quot;icon-sort unsorted&quot;&gt;
                                                &lt;/span&gt;
                                             &lt;/td&gt;
                                             &lt;td class=&quot;button-sort-none&quot; id=&quot;button_sortname&quot; onclick=&quot;toggleSort(this,2)&quot;&gt;
                                                Student
                                                &lt;span class=&quot;icon-sort unsorted&quot;&gt;
                                                &lt;/span&gt;
                                             &lt;/td&gt;
                                             &lt;td class=&quot;button-sort-none&quot; data-container=&quot;body&quot; data-original-title=&quot;This is the students own estimation of his/her contributions&quot; data-placement=&quot;top&quot; data-toggle=&quot;tooltip&quot; id=&quot;button_sortclaimed&quot; onclick=&quot;toggleSort(this,3,sortByPoint)&quot; title=&quot;&quot;&gt;
                                                &lt;abbr title=&quot;Claimed Contribution&quot;&gt;
                                                   CC
                                                &lt;/abbr&gt;
                                                &lt;span class=&quot;icon-sort unsorted&quot;&gt;
                                                &lt;/span&gt;
                                             &lt;/td&gt;
                                             &lt;td class=&quot;button-sort-none&quot; data-container=&quot;body&quot; data-original-title=&quot;This is the average of what other team members think this student contributed&quot; data-placement=&quot;top&quot; data-toggle=&quot;tooltip&quot; id=&quot;button_sortperceived&quot; onclick=&quot;toggleSort(this,4,sortByPoint)&quot; title=&quot;&quot;&gt;
                                                &lt;abbr title=&quot;Percived Contribution&quot;&gt;
                                                   PC
                                                &lt;/abbr&gt;
                                                &lt;span class=&quot;icon-sort unsorted&quot;&gt;
                                                &lt;/span&gt;
                                             &lt;/td&gt;
                                             &lt;td class=&quot;button-sort-none&quot; data-container=&quot;body&quot; data-original-title=&quot;Perceived Contribution - Claimed Contribution&quot; data-placement=&quot;top&quot; data-toggle=&quot;tooltip&quot; id=&quot;button_sortdiff&quot; onclick=&quot;toggleSort(this,5,sortByDiff)&quot; title=&quot;&quot;&gt;
                                                Diff
                                                &lt;span class=&quot;icon-sort unsorted&quot;&gt;
                                                &lt;/span&gt;
                                             &lt;/td&gt;
                                             &lt;td class=&quot;align-center&quot; data-container=&quot;body&quot; data-original-title=&quot;The list of points that this student received from others&quot; data-placement=&quot;top&quot; data-toggle=&quot;tooltip&quot; title=&quot;&quot;&gt;
                                                Ratings Received
                                             &lt;/td&gt;
                                          &lt;/tr&gt;
                                       &lt;/thead&gt;
                                       &lt;tbody&gt;
                                          &lt;tr id=&quot;student&lt;%=idx%&gt;&quot;&gt;
                                             &lt;td&gt;
                                                Team 1
                                             &lt;/td&gt;
                                             &lt;td id=&quot;studentname&quot;&gt;
                                                Benny Charles
                                             &lt;/td&gt;
                                             &lt;td&gt;
                                                &lt;span class=&quot;color-negative&quot; data-original-title=&quot;Not Available: There is no data for this or the data is not enough&quot; data-placement=&quot;top&quot; data-toggle=&quot;tooltip&quot; title=&quot;&quot;&gt;
                                                   N/A
                                                &lt;/span&gt;
                                             &lt;/td&gt;
                                             &lt;td&gt;
                                                &lt;span class=&quot;color_neutral&quot;&gt;
                                                   E
                                                &lt;/span&gt;
                                             &lt;/td&gt;
                                             &lt;td&gt;
                                                &lt;span class=&quot;color-negative&quot; data-container=&quot;body&quot; data-original-title=&quot;Not Available: There is no data for this or the data is not enough&quot; data-placement=&quot;top&quot; data-toggle=&quot;tooltip&quot; title=&quot;&quot;&gt;
                                                   N/A
                                                &lt;/span&gt;
                                             &lt;/td&gt;
                                             &lt;td&gt;
                                                &lt;span class=&quot;color_neutral&quot;&gt;
                                                   E
                                                &lt;/span&gt;
                                             &lt;/td&gt;
                                          &lt;/tr&gt;
                                          &lt;tr id=&quot;student&lt;%=idx%&gt;&quot;&gt;
                                             &lt;td&gt;
                                                Team 1
                                             &lt;/td&gt;
                                             &lt;td id=&quot;studentname&quot;&gt;
                                                Alice Betsy
                                             &lt;/td&gt;
                                             &lt;td&gt;
                                                &lt;span class=&quot;color-positive&quot;&gt;
                                                   E +11%
                                                &lt;/span&gt;
                                             &lt;/td&gt;
                                             &lt;td&gt;
                                                &lt;span class=&quot;color-negative&quot; data-original-title=&quot;Not Available: There is no data for this or the data is not enough&quot; data-placement=&quot;top&quot; data-toggle=&quot;tooltip&quot; title=&quot;&quot;&gt;
                                                   N/A
                                                &lt;/span&gt;
                                             &lt;/td&gt;
                                             &lt;td&gt;
                                                &lt;span class=&quot;color-negative&quot; data-container=&quot;body&quot; data-original-title=&quot;Not Available: There is no data for this or the data is not enough&quot; data-placement=&quot;top&quot; data-toggle=&quot;tooltip&quot; title=&quot;&quot;&gt;
                                                   N/A
                                                &lt;/span&gt;
                                             &lt;/td&gt;
                                             &lt;td&gt;
                                                &lt;span class=&quot;color-negative&quot; data-original-title=&quot;Not Available: There is no data for this or the data is not enough&quot; data-placement=&quot;top&quot; data-toggle=&quot;tooltip&quot; title=&quot;&quot;&gt;
                                                   N/A
                                                &lt;/span&gt;
                                             &lt;/td&gt;
                                          &lt;/tr&gt;
                                       &lt;/tbody&gt;
                                    &lt;/table&gt;
                                 &lt;/div&gt;
                              &lt;/div&gt;
                           &lt;/div&gt;
                        &lt;/div&gt;
                        &lt;div class=&quot;table-responsive&quot;&gt;
                           &lt;table class=&quot;table table-striped table-bordered dataTable margin-0&quot;&gt;
                              &lt;thead class=&quot;background-color-medium-gray text-color-gray font-weight-normal&quot;&gt;
                                 &lt;tr&gt;
                                    &lt;th class=&quot;button-sort-none&quot; id=&quot;button_sortFromName&quot; onclick=&quot;toggleSort(this,1)&quot; style=&quot;width: 15%;&quot;&gt;
                                       Giver
                                       &lt;span class=&quot;icon-sort unsorted&quot;&gt;
                                       &lt;/span&gt;
                                    &lt;/th&gt;
                                    &lt;th class=&quot;button-sort-none&quot; id=&quot;button_sortFromTeam&quot; onclick=&quot;toggleSort(this,2)&quot; style=&quot;width: 15%;&quot;&gt;
                                       Team
                                       &lt;span class=&quot;icon-sort unsorted&quot;&gt;
                                       &lt;/span&gt;
                                    &lt;/th&gt;
                                    &lt;th class=&quot;button-sort-none&quot; id=&quot;button_sortToName&quot; onclick=&quot;toggleSort(this,3)&quot; style=&quot;width: 15%;&quot;&gt;
                                       Recipient
                                       &lt;span class=&quot;icon-sort unsorted&quot;&gt;
                                       &lt;/span&gt;
                                    &lt;/th&gt;
                                    &lt;th class=&quot;button-sort-ascending&quot; id=&quot;button_sortToTeam&quot; onclick=&quot;toggleSort(this,4)&quot; style=&quot;width: 15%;&quot;&gt;
                                       Team
                                       &lt;span class=&quot;icon-sort unsorted&quot;&gt;
                                       &lt;/span&gt;
                                    &lt;/th&gt;
                                    &lt;th class=&quot;button-sort-none&quot; id=&quot;button_sortFeedback&quot; onclick=&quot;toggleSort(this,5)&quot;&gt;
                                       Feedback
                                       &lt;span class=&quot;icon-sort unsorted&quot;&gt;
                                       &lt;/span&gt;
                                    &lt;/th&gt;
                                 &lt;/tr&gt;
                              &lt;/thead&gt;
                              &lt;thead&gt;
                              &lt;/thead&gt;
                              &lt;tbody&gt;
                                 &lt;tr&gt;
                                    &lt;td class=&quot;middlealign&quot;&gt;
                                       Alice Betsy
                                    &lt;/td&gt;
                                    &lt;td class=&quot;middlealign&quot;&gt;
                                       Team 1
                                    &lt;/td&gt;
                                    &lt;td class=&quot;middlealign&quot;&gt;
                                       Alice Betsy
                                    &lt;/td&gt;
                                    &lt;td class=&quot;middlealign&quot;&gt;
                                       Team 1
                                    &lt;/td&gt;
                                    &lt;td class=&quot;text-preserve-space&quot;&gt;
                                       &lt;span class=&quot;color-positive&quot;&gt;
                                          Equal Share +50%
                                       &lt;/span&gt;
                                       &lt;span&gt;
                                            [Perceived Contribution:
                                          &lt;span &quot;=&quot;&quot; class=&quot;color-negative&quot;&gt;
                                             N/A
                                          &lt;/span&gt;
                                          ]
                                       &lt;/span&gt;
                                    &lt;/td&gt;
                                 &lt;/tr&gt;
                                 &lt;tr&gt;
                                    &lt;td class=&quot;middlealign&quot;&gt;
                                       Alice Betsy
                                    &lt;/td&gt;
                                    &lt;td class=&quot;middlealign&quot;&gt;
                                       Team 1
                                    &lt;/td&gt;
                                    &lt;td class=&quot;middlealign&quot;&gt;
                                       Benny Charles
                                    &lt;/td&gt;
                                    &lt;td class=&quot;middlealign&quot;&gt;
                                       Team 1
                                    &lt;/td&gt;
                                    &lt;td class=&quot;text-preserve-space&quot;&gt;
                                       &lt;span class=&quot;color_neutral&quot;&gt;
                                          Equal Share
                                       &lt;/span&gt;
                                    &lt;/td&gt;
                                 &lt;/tr&gt;
                              &lt;/tbody&gt;
                           &lt;/table&gt;
                        &lt;/div&gt;
                     &lt;/div&gt;
                  &lt;/div&gt;
               &lt;/div&gt;
               &lt;div class=&quot;panel panel-warning&quot;&gt;
                  &lt;div class=&quot;panel-heading&quot; data-target=&quot;#panelBodyCollapse-17&quot; id=&quot;panelHeading-17&quot; style=&quot;cursor: pointer;&quot;&gt;
                     &lt;form action=&quot;/page/instructorFeedbackResultsAjaxResponseRate&quot; class=&quot;responseRateForm&quot; id=&quot;responseRate&quot; style=&quot;display:none;&quot;&gt;
                        &lt;input name=&quot;courseid&quot; type=&quot;hidden&quot; value=&quot;CFResultsUiT.CS2104&quot;/&gt;
                                                &lt;input name=&quot;fsname&quot; type=&quot;hidden&quot; value=&quot;First Session&quot;/&gt;
                                                &lt;input name=&quot;user&quot; type=&quot;hidden&quot; value=&quot;CFResultsUiT.instr&quot;/&gt;
                                             &lt;/form&gt;
                     &lt;div class=&quot;display-icon pull-right&quot;&gt;
                        &lt;span class=&quot;glyphicon glyphicon-chevron-up pull-right&quot;&gt;
                        &lt;/span&gt;
                     &lt;/div&gt;
                     Participants who have not responded to any question
                  &lt;/div&gt;
                  &lt;div class=&quot;panel-collapse collapse in&quot; id=&quot;panelBodyCollapse-17&quot;&gt;
                     &lt;div class=&quot;panel-body padding-0&quot;&gt;
                        &lt;table class=&quot;table table-striped table-bordered margin-0&quot;&gt;
                           &lt;tbody&gt;
                              &lt;tr&gt;
                                 &lt;td&gt;
                                    Danny Engrid
                                 &lt;/td&gt;
                              &lt;/tr&gt;
                              &lt;tr&gt;
                                 &lt;td&gt;
                                    Emily
                                 &lt;/td&gt;
                              &lt;/tr&gt;
                              &lt;tr&gt;
                                 &lt;td&gt;
                                    Extra guy
                                 &lt;/td&gt;
                              &lt;/tr&gt;
                              &lt;tr&gt;
                                 &lt;td&gt;
                                    Teammates Helper1
                                 &lt;/td&gt;
                              &lt;/tr&gt;
                              &lt;tr&gt;
                                 &lt;td&gt;
                                    Teammates Helper2
                                 &lt;/td&gt;
                              &lt;/tr&gt;
                           &lt;/tbody&gt;
                        &lt;/table&gt;
                     &lt;/div&gt;
                  &lt;/div&gt;
               &lt;/div&gt;
            &lt;/div&gt;
         &lt;/div&gt;
         &lt;div class=&quot;container-fluid&quot; id=&quot;footerComponent&quot;&gt;
            &lt;div class=&quot;container&quot;&gt;
               &lt;div class=&quot;row&quot;&gt;
                  &lt;div class=&quot;col-md-4&quot;&gt;
                     &lt;span&gt;
                        [
                        &lt;a href=&quot;/index.html&quot;&gt;
                           TEAMMATES
                        &lt;/a&gt;
                        V4.99]
                     &lt;/span&gt;
                  &lt;/div&gt;
                  &lt;div class=&quot;col-md-4&quot;&gt;
                     [for
                     &lt;span class=&quot;highlight-white&quot;&gt;
                        &lt;span class=&quot;color_white&quot;&gt;
                           TEAMMATES Test Institute 1
                        &lt;/span&gt;
                     &lt;/span&gt;
                     ]
                  &lt;/div&gt;
                  &lt;div class=&quot;col-md-4&quot;&gt;
                     &lt;span&gt;
                        [Send
                        &lt;a class=&quot;link&quot; href=&quot;../contact.html&quot; target=&quot;_blank&quot;&gt;
                           Feedback
                        &lt;/a&gt;
                        ]
                     &lt;/span&gt;
                  &lt;/div&gt;
               &lt;/div&gt;
            &lt;/div&gt;
         &lt;/div&gt;
      &lt;/body&gt;
   &lt;/html&gt;

&lt;/expected]&gt;&gt; but was:&lt;&lt;[actual&gt;

   &lt;html&gt;
      &lt;head&gt;
         &lt;link href=&quot;/favicon.png&quot; rel=&quot;shortcut icon&quot;/&gt;
                  &lt;meta content=&quot;text/html; charset=UTF-8&quot; http-equiv=&quot;Content-Type&quot;/&gt;
                  &lt;meta content=&quot;IE=edge&quot; http-equiv=&quot;X-UA-Compatible&quot;/&gt;
                  &lt;meta content=&quot;width=device-width, initial-scale=1&quot; name=&quot;viewport&quot;/&gt;
                  &lt;title&gt;
            TEAMMATES - Feedback Session Results
         &lt;/title&gt;
         &lt;#comment         &lt;/#comment&gt;
         &lt;link href=&quot;/bootstrap/css/bootstrap.min.css&quot; rel=&quot;stylesheet&quot;/&gt;
                  &lt;#comment         &lt;/#comment&gt;
         &lt;link href=&quot;/bootstrap/css/bootstrap-theme.min.css&quot; rel=&quot;stylesheet&quot;/&gt;
                  &lt;link href=&quot;/stylesheets/teammatesCommon.css&quot; media=&quot;screen&quot; rel=&quot;stylesheet&quot; type=&quot;text/css&quot;/&gt;
                  &lt;script async=&quot;&quot; src=&quot;https://ssl.google-analytics.com/ga.js&quot; type=&quot;text/javascript&quot;&gt;
         &lt;/script&gt;
         &lt;script src=&quot;/js/googleAnalytics.js&quot; type=&quot;text/javascript&quot;&gt;
         &lt;/script&gt;
         &lt;script src=&quot;/js/jquery-minified.js&quot; type=&quot;text/javascript&quot;&gt;
         &lt;/script&gt;
         &lt;script src=&quot;/js/common.js&quot; type=&quot;text/javascript&quot;&gt;
         &lt;/script&gt;
         &lt;script src=&quot;/js/instructor.js&quot; type=&quot;text/javascript&quot;&gt;
         &lt;/script&gt;
         &lt;script src=&quot;/js/instructorFeedbackResults.js&quot; type=&quot;text/javascript&quot;&gt;
         &lt;/script&gt;
         &lt;script src=&quot;/js/instructorFeedbackResultsAjaxByQuestion.js&quot; type=&quot;text/javascript&quot;&gt;
         &lt;/script&gt;
         &lt;script src=&quot;/js/instructorFeedbackResultsAjaxResponseRate.js&quot; type=&quot;text/javascript&quot;&gt;
         &lt;/script&gt;
         &lt;script src=&quot;/js/additionalQuestionInfo.js&quot; type=&quot;text/javascript&quot;&gt;
         &lt;/script&gt;
         &lt;#comment         &lt;/#comment&gt;
         &lt;script src=&quot;/bootstrap/js/bootstrap.min.js&quot;&gt;
         &lt;/script&gt;
         &lt;#comment         &lt;/#comment&gt;
         &lt;#comment         &lt;/#comment&gt;
      &lt;/head&gt;
      &lt;body&gt;
         &lt;div class=&quot;navbar navbar-inverse navbar-fixed-top&quot; role=&quot;navigation&quot;&gt;
            &lt;div class=&quot;container&quot;&gt;
               &lt;div class=&quot;navbar-header&quot;&gt;
                  &lt;button class=&quot;navbar-toggle&quot; data-target=&quot;#contentLinks&quot; data-toggle=&quot;collapse&quot; type=&quot;button&quot;&gt;
                     &lt;span class=&quot;sr-only&quot;&gt;
                        Toggle navigation
                     &lt;/span&gt;
                     &lt;span class=&quot;icon-bar&quot;&gt;
                     &lt;/span&gt;
                     &lt;span class=&quot;icon-bar&quot;&gt;
                     &lt;/span&gt;
                     &lt;span class=&quot;icon-bar&quot;&gt;
                     &lt;/span&gt;
                  &lt;/button&gt;
                  &lt;a class=&quot;navbar-brand&quot; href=&quot;/index.html&quot;&gt;
                     TEAMMATES
                  &lt;/a&gt;
               &lt;/div&gt;
               &lt;div class=&quot;collapse navbar-collapse&quot; id=&quot;contentLinks&quot;&gt;
                  &lt;ul class=&quot;nav navbar-nav&quot;&gt;
                     &lt;li class=&quot;&quot;&gt;
                        &lt;a class=&quot;nav home&quot; data-link=&quot;instructorHome&quot; href=&quot;/page/instructorHomePage?user=CFResultsUiT.instr&quot;&gt;
                           Home
                        &lt;/a&gt;
                     &lt;/li&gt;
                     &lt;li class=&quot;&quot;&gt;
                        &lt;a class=&quot;nav courses&quot; data-link=&quot;instructorCourse&quot; href=&quot;/page/instructorCoursesPage?user=CFResultsUiT.instr&quot;&gt;
                           Courses
                        &lt;/a&gt;
                     &lt;/li&gt;
                     &lt;li class=&quot;active&quot;&gt;
                        &lt;a class=&quot;nav evaluations&quot; data-link=&quot;instructorEval&quot; href=&quot;/page/instructorFeedbacksPage?user=CFResultsUiT.instr&quot;&gt;
                           Sessions
                        &lt;/a&gt;
                     &lt;/li&gt;
                     &lt;li class=&quot;&quot;&gt;
                        &lt;a class=&quot;nav students&quot; data-link=&quot;instructorStudent&quot; href=&quot;/page/instructorStudentListPage?user=CFResultsUiT.instr&quot;&gt;
                           Students
                        &lt;/a&gt;
                     &lt;/li&gt;
                     &lt;li class=&quot;&quot;&gt;
                        &lt;a class=&quot;nav comments&quot; data-link=&quot;instructorComments&quot; href=&quot;/page/instructorCommentsPage?user=CFResultsUiT.instr&quot;&gt;
                           Comments
                        &lt;/a&gt;
                     &lt;/li&gt;
                     &lt;li class=&quot;&quot;&gt;
                        &lt;a class=&quot;nav search&quot; data-link=&quot;instructorSearch&quot; href=&quot;/page/instructorSearchPage?user=CFResultsUiT.instr&quot;&gt;
                           Search
                        &lt;/a&gt;
                     &lt;/li&gt;
                     &lt;li&gt;
                        &lt;a class=&quot;nav help&quot; href=&quot;/instructorHelp.html&quot; target=&quot;_blank&quot;&gt;
                           Help
                        &lt;/a&gt;
                     &lt;/li&gt;
                  &lt;/ul&gt;
                  &lt;ul class=&quot;nav navbar-nav pull-right&quot;&gt;
                     &lt;li&gt;
                        &lt;a class=&quot;nav logout&quot; href=&quot;/logout.jsp&quot;&gt;
                           Logout
                        
                        (
                           &lt;span class=&quot;text-info&quot; data-original-title=&quot;CFResultsUiT.instr&quot; data-placement=&quot;bottom&quot; data-toggle=&quot;tooltip&quot; title=&quot;&quot;&gt;
                              CFResultsUiT.instr
                           &lt;/span&gt;
                           )
                        &lt;/a&gt;
                     &lt;/li&gt;
                  &lt;/ul&gt;
               &lt;/div&gt;
            &lt;/div&gt;
         &lt;/div&gt;
         &lt;div id=&quot;frameBody&quot;&gt;
            &lt;div class=&quot;container&quot; id=&quot;frameBodyWrapper&quot;&gt;
               &lt;div id=&quot;topOfPage&quot;&gt;
               &lt;/div&gt;
               &lt;div id=&quot;headerOperation&quot;&gt;
                  &lt;h1&gt;
                     Session Results
                  &lt;/h1&gt;
               &lt;/div&gt;
               &lt;div class=&quot;well well-plain padding-0&quot;&gt;
                  &lt;form action=&quot;/page/instructorFeedbackResultsDownload&quot; class=&quot;form-horizontal&quot; method=&quot;post&quot; role=&quot;form&quot;&gt;
                     &lt;div class=&quot;panel-heading&quot;&gt;
                        &lt;div class=&quot;row&quot;&gt;
                           &lt;div class=&quot;col-sm-4&quot;&gt;
                              &lt;div class=&quot;form-group&quot;&gt;
                                 &lt;label class=&quot;col-sm-2 control-label&quot;&gt;
                                    Course:
                                 &lt;/label&gt;
                                 &lt;div class=&quot;col-sm-10&quot;&gt;
                                    &lt;p class=&quot;form-control-static&quot;&gt;
                                       CFResultsUiT.CS2104
                                    &lt;/p&gt;
                                 &lt;/div&gt;
                              &lt;/div&gt;
                              &lt;div class=&quot;form-group&quot;&gt;
                                 &lt;label class=&quot;col-sm-2 control-label&quot;&gt;
                                    Session:
                                 &lt;/label&gt;
                                 &lt;div class=&quot;col-sm-10&quot;&gt;
                                    &lt;p class=&quot;form-control-static&quot;&gt;
                                       First Session
                                       &lt;a href=&quot;/page/instructorFeedbackEditPage?courseid=CFResultsUiT.CS2104&amp;fsname=First+Session&amp;user=CFResultsUiT.instr&quot;&gt;
                                          [Edit]
                                       &lt;/a&gt;
                                    &lt;/p&gt;
                                 &lt;/div&gt;
                              &lt;/div&gt;
                           &lt;/div&gt;
                           &lt;div class=&quot;col-sm-6&quot;&gt;
                              &lt;div class=&quot;form-group&quot;&gt;
                                 &lt;label class=&quot;col-sm-4 control-label&quot;&gt;
                                    Session duration:
                                 &lt;/label&gt;
                                 &lt;div class=&quot;col-sm-8&quot;&gt;
                                    &lt;p class=&quot;form-control-static&quot;&gt;
                                       01 Apr 2012, 23:59   
                                       &lt;b&gt;
                                          to
                                       &lt;/b&gt;
                                          30 Apr 2016, 23:59
                                    &lt;/p&gt;
                                 &lt;/div&gt;
                              &lt;/div&gt;
                              &lt;div class=&quot;form-group&quot;&gt;
                                 &lt;label class=&quot;col-sm-4 control-label&quot;&gt;
                                    Results visible from:
                                 &lt;/label&gt;
                                 &lt;div class=&quot;col-sm-8&quot;&gt;
                                    &lt;p class=&quot;form-control-static&quot;&gt;
                                       01 May 2012, 23:59
                                    &lt;/p&gt;
                                 &lt;/div&gt;
                              &lt;/div&gt;
                           &lt;/div&gt;
                           &lt;div class=&quot;col-sm-2&quot;&gt;
                              &lt;div id=&quot;feedbackDataButtons&quot;&gt;
                                 &lt;input class=&quot;btn btn-primary pull-right&quot; id=&quot;button_download&quot; name=&quot;fruploaddownloadbtn&quot; type=&quot;submit&quot; value=&quot;Download results&quot;/&gt;
                                                               &lt;/div&gt;
                              &lt;input name=&quot;user&quot; type=&quot;hidden&quot; value=&quot;CFResultsUiT.instr&quot;/&gt;
                                                            &lt;input name=&quot;fsname&quot; type=&quot;hidden&quot; value=&quot;First Session&quot;/&gt;
                                                            &lt;input name=&quot;courseid&quot; type=&quot;hidden&quot; value=&quot;CFResultsUiT.CS2104&quot;/&gt;
                                                            &lt;input name=&quot;sectionname&quot; type=&quot;hidden&quot; value=&quot;All&quot;/&gt;
                                                         &lt;/div&gt;
                        &lt;/div&gt;
                     &lt;/div&gt;
                  &lt;/form&gt;
               &lt;/div&gt;
               &lt;form action=&quot;/page/instructorFeedbackResultsPage?courseid=CFResultsUiT.CS2104&amp;fsname=First+Session&amp;user=CFResultsUiT.instr&quot; class=&quot;form-horizontal&quot; method=&quot;post&quot; role=&quot;form&quot;&gt;
                  &lt;div class=&quot;panel panel-info margin-0&quot;&gt;
                     &lt;div class=&quot;panel-body&quot;&gt;
                        &lt;div class=&quot;row&quot;&gt;
                           &lt;div class=&quot;col-sm-5&quot; data-original-title=&quot;View results in different formats&quot; data-toggle=&quot;tooltip&quot; title=&quot;&quot;&gt;
                              &lt;div class=&quot;form-group&quot;&gt;
                                 &lt;label class=&quot;col-sm-2 control-label&quot; for=&quot;viewSelect&quot;&gt;
                                    View:
                                 &lt;/label&gt;
                                 &lt;div class=&quot;col-sm-10&quot;&gt;
                                    &lt;select class=&quot;form-control&quot; id=&quot;viewSelect&quot; name=&quot;frsorttype&quot; onchange=&quot;this.form.submit()&quot;&gt;
                                       &lt;option selected=&quot;selected&quot; value=&quot;question&quot;&gt;
                                          Group by - Question
                                       &lt;/option&gt;
                                       &lt;option value=&quot;giver-recipient-question&quot;&gt;
                                          Group by - Giver &gt; Recipient &gt; Question
                                       &lt;/option&gt;
                                       &lt;option value=&quot;recipient-giver-question&quot;&gt;
                                          Group by - Recipient &gt; Giver &gt; Question
                                       &lt;/option&gt;
                                       &lt;option value=&quot;giver-question-recipient&quot;&gt;
                                          Group by - Giver &gt; Question &gt; Recipient
                                       &lt;/option&gt;
                                       &lt;option value=&quot;recipient-question-giver&quot;&gt;
                                          Group by - Recipient &gt; Question &gt; Giver
                                       &lt;/option&gt;
                                    &lt;/select&gt;
                                 &lt;/div&gt;
                              &lt;/div&gt;
                           &lt;/div&gt;
                           &lt;div class=&quot;col-sm-5&quot; data-original-title=&quot;Filter the results in the current view&quot; data-toggle=&quot;tooltip&quot; title=&quot;&quot;&gt;
                              &lt;div class=&quot;form-group&quot;&gt;
                                 &lt;label class=&quot;col-sm-2 control-label&quot; for=&quot;viewSelect&quot;&gt;
                                    Filter:
                                 &lt;/label&gt;
                                 &lt;div class=&quot;col-sm-10&quot;&gt;
                                    &lt;div class=&quot;input-group&quot;&gt;
                                       &lt;input class=&quot;form-control&quot; id=&quot;results-search-box&quot; onchange=&quot;updateResultsFilter()&quot; placeholder=&quot;Type keywords from the question title&quot; type=&quot;text&quot;/&gt;
                                                                              &lt;a class=&quot;input-group-addon btn btn-default&quot;&gt;
                                          &lt;span class=&quot;glyphicon glyphicon-search&quot;&gt;
                                          &lt;/span&gt;
                                       &lt;/a&gt;
                                    &lt;/div&gt;
                                 &lt;/div&gt;
                              &lt;/div&gt;
                           &lt;/div&gt;
                           &lt;div class=&quot;col-sm-2 pull-right&quot;&gt;
                              &lt;div class=&quot;col-sm-12&quot; data-original-title=&quot;Group results in the current view by team&quot; data-toggle=&quot;tooltip&quot; title=&quot;&quot;&gt;
                                 &lt;div class=&quot;checkbox padding-top-0 min-height-0&quot;&gt;
                                    &lt;label class=&quot;text-strike&quot;&gt;
                                       &lt;input checked=&quot;checked&quot; id=&quot;frgroupbyteam&quot; name=&quot;frgroupbyteam&quot; type=&quot;checkbox&quot;/&gt;
                                                                              Group by Teams
                                    &lt;/label&gt;
                                 &lt;/div&gt;
                              &lt;/div&gt;
                              &lt;div class=&quot;col-sm-12&quot; data-original-title=&quot;Show statistics&quot; data-toggle=&quot;tooltip&quot; title=&quot;&quot;&gt;
                                 &lt;div class=&quot;checkbox padding-top-0 min-height-0&quot;&gt;
                                    &lt;label&gt;
                                       &lt;input checked=&quot;checked&quot; id=&quot;show-stats-checkbox&quot; name=&quot;frshowstats&quot; type=&quot;checkbox&quot;/&gt;
                                                                              Show Statistics
                                    &lt;/label&gt;
                                 &lt;/div&gt;
                              &lt;/div&gt;
                           &lt;/div&gt;
                        &lt;/div&gt;
                        &lt;div class=&quot;row&quot;&gt;
                           &lt;div class=&quot;col-sm-5&quot; data-original-title=&quot;View results by sections&quot; data-toggle=&quot;tooltip&quot; title=&quot;&quot;&gt;
                              &lt;div class=&quot;form-group&quot;&gt;
                                 &lt;label class=&quot;col-sm-2 control-label&quot; for=&quot;sectionSelect&quot;&gt;
                                    Section:
                                 &lt;/label&gt;
                                 &lt;div class=&quot;col-sm-10&quot;&gt;
                                    &lt;select class=&quot;form-control&quot; id=&quot;sectionSelect&quot; name=&quot;frgroupbysection&quot; onchange=&quot;this.form.submit()&quot;&gt;
                                       &lt;option selected=&quot;selected&quot; value=&quot;All&quot;&gt;
                                          All
                                       &lt;/option&gt;
                                       &lt;option value=&quot;Section A&quot;&gt;
                                          Section A
                                       &lt;/option&gt;
                                       &lt;option value=&quot;Section B&quot;&gt;
                                          Section B
                                       &lt;/option&gt;
                                    &lt;/select&gt;
                                 &lt;/div&gt;
                              &lt;/div&gt;
                           &lt;/div&gt;
                           &lt;div class=&quot;col-sm-7 pull-right&quot; style=&quot;padding-top:8px;&quot;&gt;
                              &lt;a class=&quot;btn btn-default btn-xs pull-right&quot; data-original-title=&quot;Collapse all panels. You can also click on the panel heading to toggle each one individually.&quot; data-toggle=&quot;tooltip&quot; id=&quot;collapse-panels-button&quot; onclick=&quot;toggleCollapse(this)&quot; title=&quot;&quot;&gt;
                                 Collapse Questions
                              &lt;/a&gt;
                           &lt;/div&gt;
                        &lt;/div&gt;
                     &lt;/div&gt;
                  &lt;/div&gt;
                  &lt;input name=&quot;fsname&quot; type=&quot;hidden&quot; value=&quot;First Session&quot;/&gt;
                                    &lt;input name=&quot;courseid&quot; type=&quot;hidden&quot; value=&quot;CFResultsUiT.CS2104&quot;/&gt;
                                    &lt;input name=&quot;user&quot; type=&quot;hidden&quot; value=&quot;CFResultsUiT.instr&quot;/&gt;
                                 &lt;/form&gt;
               &lt;br/&gt;
                              &lt;div id=&quot;statusMessage&quot; style=&quot;display: none;&quot;&gt;
               &lt;/div&gt;
               &lt;br/&gt;
                              &lt;br/&gt;
                              &lt;div class=&quot;panel panel-info&quot;&gt;
                  &lt;div class=&quot;panel-heading&quot; data-target=&quot;#panelBodyCollapse-1&quot; id=&quot;panelHeading-1&quot; style=&quot;cursor: pointer;&quot;&gt;
                     &lt;form action=&quot;/page/instructorFeedbackResultsPage&quot; class=&quot;seeMoreForm-1&quot; id=&quot;seeMore-1&quot; style=&quot;display:none;&quot;&gt;
                        &lt;input name=&quot;courseid&quot; type=&quot;hidden&quot; value=&quot;CFResultsUiT.CS2104&quot;/&gt;
                                                &lt;input name=&quot;fsname&quot; type=&quot;hidden&quot; value=&quot;First Session&quot;/&gt;
                                                &lt;input name=&quot;user&quot; type=&quot;hidden&quot; value=&quot;CFResultsUiT.instr&quot;/&gt;
                                                &lt;input name=&quot;frgroupbyteam&quot; type=&quot;hidden&quot; value=&quot;on&quot;/&gt;
                                                &lt;input name=&quot;frsorttype&quot; type=&quot;hidden&quot; value=&quot;question&quot;/&gt;
                                                &lt;input id=&quot;showStats-1&quot; name=&quot;frshowstats&quot; type=&quot;hidden&quot; value=&quot;on&quot;/&gt;
                                                &lt;input name=&quot;questionnum&quot; type=&quot;hidden&quot; value=&quot;1&quot;/&gt;
                                             &lt;/form&gt;
                     &lt;div class=&quot;display-icon pull-right&quot;&gt;
                        &lt;span class=&quot;glyphicon glyphicon-chevron-up pull-right&quot;&gt;
                        &lt;/span&gt;
                     &lt;/div&gt;
                     &lt;strong&gt;
                        Question 1:
                     &lt;/strong&gt;
                     &lt;span class=&quot;text-preserve-space&quot;&gt;
                        Rate 3 other students&#039; products
                     &lt;/span&gt;
                  &lt;/div&gt;
                  &lt;div class=&quot;panel-collapse collapse in&quot; id=&quot;panelBodyCollapse-1&quot;&gt;
                     &lt;div class=&quot;panel-body padding-0&quot; id=&quot;questionBody-0&quot;&gt;
                        &lt;div class=&quot;resultStatistics&quot;&gt;
                        &lt;/div&gt;
                        &lt;div class=&quot;table-responsive&quot;&gt;
                           &lt;table class=&quot;table table-striped table-bordered dataTable margin-0&quot;&gt;
                              &lt;thead class=&quot;background-color-medium-gray text-color-gray font-weight-normal&quot;&gt;
                                 &lt;tr&gt;
                                    &lt;th class=&quot;button-sort-none&quot; id=&quot;button_sortFromName&quot; onclick=&quot;toggleSort(this,1)&quot; style=&quot;width: 15%;&quot;&gt;
                                       Giver
                                       &lt;span class=&quot;icon-sort unsorted&quot;&gt;
                                       &lt;/span&gt;
                                    &lt;/th&gt;
                                    &lt;th class=&quot;button-sort-none&quot; id=&quot;button_sortFromTeam&quot; onclick=&quot;toggleSort(this,2)&quot; style=&quot;width: 15%;&quot;&gt;
                                       Team
                                       &lt;span class=&quot;icon-sort unsorted&quot;&gt;
                                       &lt;/span&gt;
                                    &lt;/th&gt;
                                    &lt;th class=&quot;button-sort-none&quot; id=&quot;button_sortToName&quot; onclick=&quot;toggleSort(this,3)&quot; style=&quot;width: 15%;&quot;&gt;
                                       Recipient
                                       &lt;span class=&quot;icon-sort unsorted&quot;&gt;
                                       &lt;/span&gt;
                                    &lt;/th&gt;
                                    &lt;th class=&quot;button-sort-ascending&quot; id=&quot;button_sortToTeam&quot; onclick=&quot;toggleSort(this,4)&quot; style=&quot;width: 15%;&quot;&gt;
                                       Team
                                       &lt;span class=&quot;icon-sort unsorted&quot;&gt;
                                       &lt;/span&gt;
                                    &lt;/th&gt;
                                    &lt;th class=&quot;button-sort-none&quot; id=&quot;button_sortFeedback&quot; onclick=&quot;toggleSort(this,5)&quot;&gt;
                                       Feedback
                                       &lt;span class=&quot;icon-sort unsorted&quot;&gt;
                                       &lt;/span&gt;
                                    &lt;/th&gt;
                                 &lt;/tr&gt;
                              &lt;/thead&gt;
                              &lt;thead&gt;
                              &lt;/thead&gt;
                              &lt;tbody&gt;
                                 &lt;tr&gt;
                                    &lt;td class=&quot;middlealign&quot;&gt;
                                       Alice Betsy
                                    &lt;/td&gt;
                                    &lt;td class=&quot;middlealign&quot;&gt;
                                       Team 1
                                    &lt;/td&gt;
                                    &lt;td class=&quot;middlealign&quot;&gt;
                                       Benny Charles
                                    &lt;/td&gt;
                                    &lt;td class=&quot;middlealign&quot;&gt;
                                       Team 1
                                    &lt;/td&gt;
                                    &lt;td class=&quot;text-preserve-space&quot;&gt;
                                       2 Response to Benny.
                                    &lt;/td&gt;
                                 &lt;/tr&gt;
                                 &lt;tr&gt;
                                    &lt;td class=&quot;middlealign&quot;&gt;
                                       Alice Betsy
                                    &lt;/td&gt;
                                    &lt;td class=&quot;middlealign&quot;&gt;
                                       Team 1
                                    &lt;/td&gt;
                                    &lt;td class=&quot;middlealign&quot;&gt;
                                       Drop out
                                    &lt;/td&gt;
                                    &lt;td class=&quot;middlealign&quot;&gt;
                                       Team 2
                                    &lt;/td&gt;
                                    &lt;td class=&quot;text-preserve-space&quot;&gt;
                                       Response to Dropout.
                                    &lt;/td&gt;
                                 &lt;/tr&gt;
                                 &lt;tr&gt;
                                    &lt;td class=&quot;middlealign&quot;&gt;
                                       Benny Charles
                                    &lt;/td&gt;
                                    &lt;td class=&quot;middlealign&quot;&gt;
                                       Team 1
                                    &lt;/td&gt;
                                    &lt;td class=&quot;middlealign&quot;&gt;
                                       Charlie Dávis
                                    &lt;/td&gt;
                                    &lt;td class=&quot;middlealign&quot;&gt;
                                       Team 2
                                    &lt;/td&gt;
                                    &lt;td class=&quot;text-preserve-space&quot;&gt;
                                       4 Response to Charlie.
                                    &lt;/td&gt;
                                 &lt;/tr&gt;
                                 &lt;tr&gt;
                                    &lt;td class=&quot;middlealign&quot;&gt;
                                       Benny Charles
                                    &lt;/td&gt;
                                    &lt;td class=&quot;middlealign&quot;&gt;
                                       Team 1
                                    &lt;/td&gt;
                                    &lt;td class=&quot;middlealign&quot;&gt;
                                       Danny Engrid
                                    &lt;/td&gt;
                                    &lt;td class=&quot;middlealign&quot;&gt;
                                       Team 2
                                    &lt;/td&gt;
                                    &lt;td class=&quot;text-preserve-space&quot;&gt;
                                       1 Response to Danny.
                                    &lt;/td&gt;
                                 &lt;/tr&gt;
                                 &lt;tr&gt;
                                    &lt;td class=&quot;middlealign&quot;&gt;
                                       Charlie Dávis
                                    &lt;/td&gt;
                                    &lt;td class=&quot;middlealign&quot;&gt;
                                       Team 2
                                    &lt;/td&gt;
                                    &lt;td class=&quot;middlealign&quot;&gt;
                                       Emily
                                    &lt;/td&gt;
                                    &lt;td class=&quot;middlealign&quot;&gt;
                                       Team 3
                                    &lt;/td&gt;
                                    &lt;td class=&quot;text-preserve-space&quot;&gt;
                                       3 Response to Emily.
                                    &lt;/td&gt;
                                 &lt;/tr&gt;
                                 &lt;tr&gt;
                                    &lt;td class=&quot;middlealign&quot;&gt;
                                       Drop out
                                    &lt;/td&gt;
                                    &lt;td class=&quot;middlealign&quot;&gt;
                                       Team 2
                                    &lt;/td&gt;
                                    &lt;td class=&quot;middlealign&quot;&gt;
                                       Alice Betsy
                                    &lt;/td&gt;
                                    &lt;td class=&quot;middlealign&quot;&gt;
                                       Team 1
                                    &lt;/td&gt;
                                    &lt;td class=&quot;text-preserve-space&quot;&gt;
                                       Response to Alice from Dropout.
                                    &lt;/td&gt;
                                 &lt;/tr&gt;
                                 &lt;tr&gt;
                                    &lt;td class=&quot;middlealign&quot;&gt;
                                       Drop out
                                    &lt;/td&gt;
                                    &lt;td class=&quot;middlealign&quot;&gt;
                                       Team 2
                                    &lt;/td&gt;
                                    &lt;td class=&quot;middlealign&quot;&gt;
                                       Benny Charles
                                    &lt;/td&gt;
                                    &lt;td class=&quot;middlealign&quot;&gt;
                                       Team 1
                                    &lt;/td&gt;
                                    &lt;td class=&quot;text-preserve-space&quot;&gt;
                                       Response to Benny from Dropout.
                                    &lt;/td&gt;
                                 &lt;/tr&gt;
                                 &lt;tr&gt;
                                    &lt;td class=&quot;middlealign&quot;&gt;
                                       Drop out
                                    &lt;/td&gt;
                                    &lt;td class=&quot;middlealign&quot;&gt;
                                       Team 2
                                    &lt;/td&gt;
                                    &lt;td class=&quot;middlealign&quot;&gt;
                                       Danny Engrid
                                    &lt;/td&gt;
                                    &lt;td class=&quot;middlealign&quot;&gt;
                                       Team 2
                                    &lt;/td&gt;
                                    &lt;td class=&quot;text-preserve-space&quot;&gt;
                                       Response to Danny from Dropout.
                                    &lt;/td&gt;
                                 &lt;/tr&gt;
                              &lt;/tbody&gt;
                           &lt;/table&gt;
                        &lt;/div&gt;
                     &lt;/div&gt;
                  &lt;/div&gt;
               &lt;/div&gt;
               &lt;div class=&quot;panel panel-info&quot;&gt;
                  &lt;div class=&quot;panel-heading&quot; data-target=&quot;#panelBodyCollapse-2&quot; id=&quot;panelHeading-2&quot; style=&quot;cursor: pointer;&quot;&gt;
                     &lt;form action=&quot;/page/instructorFeedbackResultsPage&quot; class=&quot;seeMoreForm-2&quot; id=&quot;seeMore-2&quot; style=&quot;display:none;&quot;&gt;
                        &lt;input name=&quot;courseid&quot; type=&quot;hidden&quot; value=&quot;CFResultsUiT.CS2104&quot;/&gt;
                                                &lt;input name=&quot;fsname&quot; type=&quot;hidden&quot; value=&quot;First Session&quot;/&gt;
                                                &lt;input name=&quot;user&quot; type=&quot;hidden&quot; value=&quot;CFResultsUiT.instr&quot;/&gt;
                                                &lt;input name=&quot;frgroupbyteam&quot; type=&quot;hidden&quot; value=&quot;on&quot;/&gt;
                                                &lt;input name=&quot;frsorttype&quot; type=&quot;hidden&quot; value=&quot;question&quot;/&gt;
                                                &lt;input id=&quot;showStats-2&quot; name=&quot;frshowstats&quot; type=&quot;hidden&quot; value=&quot;on&quot;/&gt;
                                                &lt;input name=&quot;questionnum&quot; type=&quot;hidden&quot; value=&quot;2&quot;/&gt;
                                             &lt;/form&gt;
                     &lt;div class=&quot;display-icon pull-right&quot;&gt;
                        &lt;span class=&quot;glyphicon glyphicon-chevron-up pull-right&quot;&gt;
                        &lt;/span&gt;
                     &lt;/div&gt;
                     &lt;strong&gt;
                        Question 2:
                     &lt;/strong&gt;
                     &lt;span class=&quot;text-preserve-space&quot;&gt;
                        What is the best selling point of your product?
                     &lt;/span&gt;
                  &lt;/div&gt;
                  &lt;div class=&quot;panel-collapse collapse in&quot; id=&quot;panelBodyCollapse-2&quot;&gt;
                     &lt;div class=&quot;panel-body padding-0&quot; id=&quot;questionBody-1&quot;&gt;
                        &lt;div class=&quot;col-sm-12&quot;&gt;
                           &lt;i class=&quot;text-muted&quot;&gt;
                              There are no responses for this question.
                           &lt;/i&gt;
                        &lt;/div&gt;
                     &lt;/div&gt;
                  &lt;/div&gt;
               &lt;/div&gt;
               &lt;div class=&quot;panel panel-info&quot;&gt;
                  &lt;div class=&quot;panel-heading&quot; data-target=&quot;#panelBodyCollapse-3&quot; id=&quot;panelHeading-3&quot; style=&quot;cursor: pointer;&quot;&gt;
                     &lt;form action=&quot;/page/instructorFeedbackResultsPage&quot; class=&quot;seeMoreForm-3&quot; id=&quot;seeMore-3&quot; style=&quot;display:none;&quot;&gt;
                        &lt;input name=&quot;courseid&quot; type=&quot;hidden&quot; value=&quot;CFResultsUiT.CS2104&quot;/&gt;
                                                &lt;input name=&quot;fsname&quot; type=&quot;hidden&quot; value=&quot;First Session&quot;/&gt;
                                                &lt;input name=&quot;user&quot; type=&quot;hidden&quot; value=&quot;CFResultsUiT.instr&quot;/&gt;
                                                &lt;input name=&quot;frgroupbyteam&quot; type=&quot;hidden&quot; value=&quot;on&quot;/&gt;
                                                &lt;input name=&quot;frsorttype&quot; type=&quot;hidden&quot; value=&quot;question&quot;/&gt;
                                                &lt;input id=&quot;showStats-3&quot; name=&quot;frshowstats&quot; type=&quot;hidden&quot; value=&quot;on&quot;/&gt;
                                                &lt;input name=&quot;questionnum&quot; type=&quot;hidden&quot; value=&quot;3&quot;/&gt;
                                             &lt;/form&gt;
                     &lt;div class=&quot;display-icon pull-right&quot;&gt;
                        &lt;span class=&quot;glyphicon glyphicon-chevron-up pull-right&quot;&gt;
                        &lt;/span&gt;
                     &lt;/div&gt;
                     &lt;strong&gt;
                        Question 3:
                     &lt;/strong&gt;
                     &lt;span class=&quot;text-preserve-space&quot;&gt;
                        My comments on the class
                     &lt;/span&gt;
                  &lt;/div&gt;
                  &lt;div class=&quot;panel-collapse collapse in&quot; id=&quot;panelBodyCollapse-3&quot;&gt;
                     &lt;div class=&quot;panel-body padding-0&quot; id=&quot;questionBody-2&quot;&gt;
                        &lt;div class=&quot;resultStatistics&quot;&gt;
                        &lt;/div&gt;
                        &lt;div class=&quot;table-responsive&quot;&gt;
                           &lt;table class=&quot;table table-striped table-bordered dataTable margin-0&quot;&gt;
                              &lt;thead class=&quot;background-color-medium-gray text-color-gray font-weight-normal&quot;&gt;
                                 &lt;tr&gt;
                                    &lt;th class=&quot;button-sort-none&quot; id=&quot;button_sortFromName&quot; onclick=&quot;toggleSort(this,1)&quot; style=&quot;width: 15%;&quot;&gt;
                                       Giver
                                       &lt;span class=&quot;icon-sort unsorted&quot;&gt;
                                       &lt;/span&gt;
                                    &lt;/th&gt;
                                    &lt;th class=&quot;button-sort-none&quot; id=&quot;button_sortFromTeam&quot; onclick=&quot;toggleSort(this,2)&quot; style=&quot;width: 15%;&quot;&gt;
                                       Team
                                       &lt;span class=&quot;icon-sort unsorted&quot;&gt;
                                       &lt;/span&gt;
                                    &lt;/th&gt;
                                    &lt;th class=&quot;button-sort-none&quot; id=&quot;button_sortToName&quot; onclick=&quot;toggleSort(this,3)&quot; style=&quot;width: 15%;&quot;&gt;
                                       Recipient
                                       &lt;span class=&quot;icon-sort unsorted&quot;&gt;
                                       &lt;/span&gt;
                                    &lt;/th&gt;
                                    &lt;th class=&quot;button-sort-ascending&quot; id=&quot;button_sortToTeam&quot; onclick=&quot;toggleSort(this,4)&quot; style=&quot;width: 15%;&quot;&gt;
                                       Team
                                       &lt;span class=&quot;icon-sort unsorted&quot;&gt;
                                       &lt;/span&gt;
                                    &lt;/th&gt;
                                    &lt;th class=&quot;button-sort-none&quot; id=&quot;button_sortFeedback&quot; onclick=&quot;toggleSort(this,5)&quot;&gt;
                                       Feedback
                                       &lt;span class=&quot;icon-sort unsorted&quot;&gt;
                                       &lt;/span&gt;
                                    &lt;/th&gt;
                                 &lt;/tr&gt;
                              &lt;/thead&gt;
                              &lt;thead&gt;
                              &lt;/thead&gt;
                              &lt;tbody&gt;
                                 &lt;tr&gt;
                                    &lt;td class=&quot;middlealign&quot;&gt;
                                       Teammates Test
                                    &lt;/td&gt;
                                    &lt;td class=&quot;middlealign&quot;&gt;
                                       Instructors
                                    &lt;/td&gt;
                                    &lt;td class=&quot;middlealign&quot;&gt;
                                       -
                                    &lt;/td&gt;
                                    &lt;td class=&quot;middlealign&quot;&gt;
                                       -
                                    &lt;/td&gt;
                                    &lt;td class=&quot;text-preserve-space&quot;&gt;
                                       This is for nobody specific.
                                    &lt;/td&gt;
                                 &lt;/tr&gt;
                              &lt;/tbody&gt;
                           &lt;/table&gt;
                        &lt;/div&gt;
                     &lt;/div&gt;
                  &lt;/div&gt;
               &lt;/div&gt;
               &lt;div class=&quot;panel panel-info&quot;&gt;
                  &lt;div class=&quot;panel-heading&quot; data-target=&quot;#panelBodyCollapse-4&quot; id=&quot;panelHeading-4&quot; style=&quot;cursor: pointer;&quot;&gt;
                     &lt;form action=&quot;/page/instructorFeedbackResultsPage&quot; class=&quot;seeMoreForm-4&quot; id=&quot;seeMore-4&quot; style=&quot;display:none;&quot;&gt;
                        &lt;input name=&quot;courseid&quot; type=&quot;hidden&quot; value=&quot;CFResultsUiT.CS2104&quot;/&gt;
                                                &lt;input name=&quot;fsname&quot; type=&quot;hidden&quot; value=&quot;First Session&quot;/&gt;
                                                &lt;input name=&quot;user&quot; type=&quot;hidden&quot; value=&quot;CFResultsUiT.instr&quot;/&gt;
                                                &lt;input name=&quot;frgroupbyteam&quot; type=&quot;hidden&quot; value=&quot;on&quot;/&gt;
                                                &lt;input name=&quot;frsorttype&quot; type=&quot;hidden&quot; value=&quot;question&quot;/&gt;
                                                &lt;input id=&quot;showStats-4&quot; name=&quot;frshowstats&quot; type=&quot;hidden&quot; value=&quot;on&quot;/&gt;
                                                &lt;input name=&quot;questionnum&quot; type=&quot;hidden&quot; value=&quot;4&quot;/&gt;
                                             &lt;/form&gt;
                     &lt;div class=&quot;display-icon pull-right&quot;&gt;
                        &lt;span class=&quot;glyphicon glyphicon-chevron-up pull-right&quot;&gt;
                        &lt;/span&gt;
                     &lt;/div&gt;
                     &lt;strong&gt;
                        Question 4:
                     &lt;/strong&gt;
                     &lt;span class=&quot;text-preserve-space&quot;&gt;
                        Give feedback to 3 other teams.
                     &lt;/span&gt;
                  &lt;/div&gt;
                  &lt;div class=&quot;panel-collapse collapse in&quot; id=&quot;panelBodyCollapse-4&quot;&gt;
                     &lt;div class=&quot;panel-body padding-0&quot; id=&quot;questionBody-3&quot;&gt;
                        &lt;div class=&quot;col-sm-12&quot;&gt;
                           &lt;i class=&quot;text-muted&quot;&gt;
                              There are no responses for this question.
                           &lt;/i&gt;
                        &lt;/div&gt;
                     &lt;/div&gt;
                  &lt;/div&gt;
               &lt;/div&gt;
               &lt;div class=&quot;panel panel-info&quot;&gt;
                  &lt;div class=&quot;panel-heading&quot; data-target=&quot;#panelBodyCollapse-5&quot; id=&quot;panelHeading-5&quot; style=&quot;cursor: pointer;&quot;&gt;
                     &lt;form action=&quot;/page/instructorFeedbackResultsPage&quot; class=&quot;seeMoreForm-5&quot; id=&quot;seeMore-5&quot; style=&quot;display:none;&quot;&gt;
                        &lt;input name=&quot;courseid&quot; type=&quot;hidden&quot; value=&quot;CFResultsUiT.CS2104&quot;/&gt;
                                                &lt;input name=&quot;fsname&quot; type=&quot;hidden&quot; value=&quot;First Session&quot;/&gt;
                                                &lt;input name=&quot;user&quot; type=&quot;hidden&quot; value=&quot;CFResultsUiT.instr&quot;/&gt;
                                                &lt;input name=&quot;frgroupbyteam&quot; type=&quot;hidden&quot; value=&quot;on&quot;/&gt;
                                                &lt;input name=&quot;frsorttype&quot; type=&quot;hidden&quot; value=&quot;question&quot;/&gt;
                                                &lt;input id=&quot;showStats-5&quot; name=&quot;frshowstats&quot; type=&quot;hidden&quot; value=&quot;on&quot;/&gt;
                                                &lt;input name=&quot;questionnum&quot; type=&quot;hidden&quot; value=&quot;5&quot;/&gt;
                                             &lt;/form&gt;
                     &lt;div class=&quot;display-icon pull-right&quot;&gt;
                        &lt;span class=&quot;glyphicon glyphicon-chevron-up pull-right&quot;&gt;
                        &lt;/span&gt;
                     &lt;/div&gt;
                     &lt;strong&gt;
                        Question 5:
                     &lt;/strong&gt;
                     &lt;span class=&quot;text-preserve-space&quot;&gt;
                        Give feedback to your team mates
                     &lt;/span&gt;
                  &lt;/div&gt;
                  &lt;div class=&quot;panel-collapse collapse in&quot; id=&quot;panelBodyCollapse-5&quot;&gt;
                     &lt;div class=&quot;panel-body padding-0&quot; id=&quot;questionBody-4&quot;&gt;
                        &lt;div class=&quot;col-sm-12&quot;&gt;
                           &lt;i class=&quot;text-muted&quot;&gt;
                              There are no responses for this question.
                           &lt;/i&gt;
                        &lt;/div&gt;
                     &lt;/div&gt;
                  &lt;/div&gt;
               &lt;/div&gt;
               &lt;div class=&quot;panel panel-info&quot;&gt;
                  &lt;div class=&quot;panel-heading&quot; data-target=&quot;#panelBodyCollapse-6&quot; id=&quot;panelHeading-6&quot; style=&quot;cursor: pointer;&quot;&gt;
                     &lt;form action=&quot;/page/instructorFeedbackResultsPage&quot; class=&quot;seeMoreForm-6&quot; id=&quot;seeMore-6&quot; style=&quot;display:none;&quot;&gt;
                        &lt;input name=&quot;courseid&quot; type=&quot;hidden&quot; value=&quot;CFResultsUiT.CS2104&quot;/&gt;
                                                &lt;input name=&quot;fsname&quot; type=&quot;hidden&quot; value=&quot;First Session&quot;/&gt;
                                                &lt;input name=&quot;user&quot; type=&quot;hidden&quot; value=&quot;CFResultsUiT.instr&quot;/&gt;
                                                &lt;input name=&quot;frgroupbyteam&quot; type=&quot;hidden&quot; value=&quot;on&quot;/&gt;
                                                &lt;input name=&quot;frsorttype&quot; type=&quot;hidden&quot; value=&quot;question&quot;/&gt;
                                                &lt;input id=&quot;showStats-6&quot; name=&quot;frshowstats&quot; type=&quot;hidden&quot; value=&quot;on&quot;/&gt;
                                                &lt;input name=&quot;questionnum&quot; type=&quot;hidden&quot; value=&quot;6&quot;/&gt;
                                             &lt;/form&gt;
                     &lt;div class=&quot;display-icon pull-right&quot;&gt;
                        &lt;span class=&quot;glyphicon glyphicon-chevron-up pull-right&quot;&gt;
                        &lt;/span&gt;
                     &lt;/div&gt;
                     &lt;strong&gt;
                        Question 6:
                     &lt;/strong&gt;
                     &lt;span class=&quot;text-preserve-space&quot;&gt;
                        This question should be hidden.
                     &lt;/span&gt;
                  &lt;/div&gt;
                  &lt;div class=&quot;panel-collapse collapse in&quot; id=&quot;panelBodyCollapse-6&quot;&gt;
                     &lt;div class=&quot;panel-body padding-0&quot; id=&quot;questionBody-5&quot;&gt;
                        &lt;div class=&quot;col-sm-12&quot;&gt;
                           &lt;i class=&quot;text-muted&quot;&gt;
                              There are no responses for this question.
                           &lt;/i&gt;
                        &lt;/div&gt;
                     &lt;/div&gt;
                  &lt;/div&gt;
               &lt;/div&gt;
               &lt;div class=&quot;panel panel-info&quot;&gt;
                  &lt;div class=&quot;panel-heading&quot; data-target=&quot;#panelBodyCollapse-7&quot; id=&quot;panelHeading-7&quot; style=&quot;cursor: pointer;&quot;&gt;
                     &lt;form action=&quot;/page/instructorFeedbackResultsPage&quot; class=&quot;seeMoreForm-7&quot; id=&quot;seeMore-7&quot; style=&quot;display:none;&quot;&gt;
                        &lt;input name=&quot;courseid&quot; type=&quot;hidden&quot; value=&quot;CFResultsUiT.CS2104&quot;/&gt;
                                                &lt;input name=&quot;fsname&quot; type=&quot;hidden&quot; value=&quot;First Session&quot;/&gt;
                                                &lt;input name=&quot;user&quot; type=&quot;hidden&quot; value=&quot;CFResultsUiT.instr&quot;/&gt;
                                                &lt;input name=&quot;frgroupbyteam&quot; type=&quot;hidden&quot; value=&quot;on&quot;/&gt;
                                                &lt;input name=&quot;frsorttype&quot; type=&quot;hidden&quot; value=&quot;question&quot;/&gt;
                                                &lt;input id=&quot;showStats-7&quot; name=&quot;frshowstats&quot; type=&quot;hidden&quot; value=&quot;on&quot;/&gt;
                                                &lt;input name=&quot;questionnum&quot; type=&quot;hidden&quot; value=&quot;7&quot;/&gt;
                                             &lt;/form&gt;
                     &lt;div class=&quot;display-icon pull-right&quot;&gt;
                        &lt;span class=&quot;glyphicon glyphicon-chevron-up pull-right&quot;&gt;
                        &lt;/span&gt;
                     &lt;/div&gt;
                     &lt;strong&gt;
                        Question 7:
                     &lt;/strong&gt;
                     &lt;span class=&quot;text-preserve-space&quot;&gt;
                        What is your extra feature? 
                        &lt;span style=&quot; white-space: normal;&quot;&gt;
                           &lt;a class=&quot;color_gray&quot; data-less=&quot;[less]&quot; data-more=&quot;[more]&quot; href=&quot;javascript:;&quot; id=&quot;questionAdditionalInfoButton-7-&quot; onclick=&quot;toggleAdditionalQuestionInfo(&#039;7-&#039;)&quot;&gt;
                              [more]
                           &lt;/a&gt;
                           &lt;br/&gt;
                                                      &lt;span id=&quot;questionAdditionalInfo-7-&quot; style=&quot;display:none;&quot;&gt;
                              Multiple-choice (single answer) question options:
                              &lt;ul style=&quot;list-style-type: disc;margin-left: 20px;&quot;&gt;
                                 &lt;li&gt;
                                    FlexiCommand
                                 &lt;/li&gt;
                                 &lt;li&gt;
                                    PowerSearch
                                 &lt;/li&gt;
                                 &lt;li&gt;
                                    GoodUI
                                 &lt;/li&gt;
                                 &lt;li&gt;
                                    Google Integration
                                 &lt;/li&gt;
                              &lt;/ul&gt;
                           &lt;/span&gt;
                        &lt;/span&gt;
                     &lt;/span&gt;
                  &lt;/div&gt;
                  &lt;div class=&quot;panel-collapse collapse in&quot; id=&quot;panelBodyCollapse-7&quot;&gt;
                     &lt;div class=&quot;panel-body padding-0&quot; id=&quot;questionBody-6&quot;&gt;
                        &lt;div class=&quot;col-sm-12&quot;&gt;
                           &lt;i class=&quot;text-muted&quot;&gt;
                              There are no responses for this question.
                           &lt;/i&gt;
                        &lt;/div&gt;
                     &lt;/div&gt;
                  &lt;/div&gt;
               &lt;/div&gt;
               &lt;div class=&quot;panel panel-info&quot;&gt;
                  &lt;div class=&quot;panel-heading&quot; data-target=&quot;#panelBodyCollapse-8&quot; id=&quot;panelHeading-8&quot; style=&quot;cursor: pointer;&quot;&gt;
                     &lt;form action=&quot;/page/instructorFeedbackResultsPage&quot; class=&quot;seeMoreForm-8&quot; id=&quot;seeMore-8&quot; style=&quot;display:none;&quot;&gt;
                        &lt;input name=&quot;courseid&quot; type=&quot;hidden&quot; value=&quot;CFResultsUiT.CS2104&quot;/&gt;
                                                &lt;input name=&quot;fsname&quot; type=&quot;hidden&quot; value=&quot;First Session&quot;/&gt;
                                                &lt;input name=&quot;user&quot; type=&quot;hidden&quot; value=&quot;CFResultsUiT.instr&quot;/&gt;
                                                &lt;input name=&quot;frgroupbyteam&quot; type=&quot;hidden&quot; value=&quot;on&quot;/&gt;
                                                &lt;input name=&quot;frsorttype&quot; type=&quot;hidden&quot; value=&quot;question&quot;/&gt;
                                                &lt;input id=&quot;showStats-8&quot; name=&quot;frshowstats&quot; type=&quot;hidden&quot; value=&quot;on&quot;/&gt;
                                                &lt;input name=&quot;questionnum&quot; type=&quot;hidden&quot; value=&quot;8&quot;/&gt;
                                             &lt;/form&gt;
                     &lt;div class=&quot;display-icon pull-right&quot;&gt;
                        &lt;span class=&quot;glyphicon glyphicon-chevron-up pull-right&quot;&gt;
                        &lt;/span&gt;
                     &lt;/div&gt;
                     &lt;strong&gt;
                        Question 8:
                     &lt;/strong&gt;
                     &lt;span class=&quot;text-preserve-space&quot;&gt;
                        What is your extra feature? 
                        &lt;span style=&quot; white-space: normal;&quot;&gt;
                           &lt;a class=&quot;color_gray&quot; data-less=&quot;[less]&quot; data-more=&quot;[more]&quot; href=&quot;javascript:;&quot; id=&quot;questionAdditionalInfoButton-8-&quot; onclick=&quot;toggleAdditionalQuestionInfo(&#039;8-&#039;)&quot;&gt;
                              [more]
                           &lt;/a&gt;
                           &lt;br/&gt;
                                                      &lt;span id=&quot;questionAdditionalInfo-8-&quot; style=&quot;display:none;&quot;&gt;
                              Multiple-choice (multiple answers) question options:
                              &lt;ul style=&quot;list-style-type: disc;margin-left: 20px;&quot;&gt;
                                 &lt;li&gt;
                                    FlexiCommand
                                 &lt;/li&gt;
                                 &lt;li&gt;
                                    PowerSearch
                                 &lt;/li&gt;
                                 &lt;li&gt;
                                    GoodUI
                                 &lt;/li&gt;
                                 &lt;li&gt;
                                    Google Integration
                                 &lt;/li&gt;
                              &lt;/ul&gt;
                           &lt;/span&gt;
                        &lt;/span&gt;
                     &lt;/span&gt;
                  &lt;/div&gt;
                  &lt;div class=&quot;panel-collapse collapse in&quot; id=&quot;panelBodyCollapse-8&quot;&gt;
                     &lt;div class=&quot;panel-body padding-0&quot; id=&quot;questionBody-7&quot;&gt;
                        &lt;div class=&quot;col-sm-12&quot;&gt;
                           &lt;i class=&quot;text-muted&quot;&gt;
                              There are no responses for this question.
                           &lt;/i&gt;
                        &lt;/div&gt;
                     &lt;/div&gt;
                  &lt;/div&gt;
               &lt;/div&gt;
               &lt;div class=&quot;panel panel-info&quot;&gt;
                  &lt;div class=&quot;panel-heading&quot; data-target=&quot;#panelBodyCollapse-9&quot; id=&quot;panelHeading-9&quot; style=&quot;cursor: pointer;&quot;&gt;
                     &lt;form action=&quot;/page/instructorFeedbackResultsPage&quot; class=&quot;seeMoreForm-9&quot; id=&quot;seeMore-9&quot; style=&quot;display:none;&quot;&gt;
                        &lt;input name=&quot;courseid&quot; type=&quot;hidden&quot; value=&quot;CFResultsUiT.CS2104&quot;/&gt;
                                                &lt;input name=&quot;fsname&quot; type=&quot;hidden&quot; value=&quot;First Session&quot;/&gt;
                                                &lt;input name=&quot;user&quot; type=&quot;hidden&quot; value=&quot;CFResultsUiT.instr&quot;/&gt;
                                                &lt;input name=&quot;frgroupbyteam&quot; type=&quot;hidden&quot; value=&quot;on&quot;/&gt;
                                                &lt;input name=&quot;frsorttype&quot; type=&quot;hidden&quot; value=&quot;question&quot;/&gt;
                                                &lt;input id=&quot;showStats-9&quot; name=&quot;frshowstats&quot; type=&quot;hidden&quot; value=&quot;on&quot;/&gt;
                                                &lt;input name=&quot;questionnum&quot; type=&quot;hidden&quot; value=&quot;9&quot;/&gt;
                                             &lt;/form&gt;
                     &lt;div class=&quot;display-icon pull-right&quot;&gt;
                        &lt;span class=&quot;glyphicon glyphicon-chevron-up pull-right&quot;&gt;
                        &lt;/span&gt;
                     &lt;/div&gt;
                     &lt;strong&gt;
                        Question 9:
                     &lt;/strong&gt;
                     &lt;span class=&quot;text-preserve-space&quot;&gt;
                        Who do you think is the most hardworking student? 
                        &lt;span style=&quot; white-space: normal;&quot;&gt;
                           &lt;a class=&quot;color_gray&quot; data-less=&quot;[less]&quot; data-more=&quot;[more]&quot; href=&quot;javascript:;&quot; id=&quot;questionAdditionalInfoButton-9-&quot; onclick=&quot;toggleAdditionalQuestionInfo(&#039;9-&#039;)&quot;&gt;
                              [more]
                           &lt;/a&gt;
                           &lt;br/&gt;
                                                      &lt;span id=&quot;questionAdditionalInfo-9-&quot; style=&quot;display:none;&quot;&gt;
                              Multiple-choice (single answer) question options:
                              &lt;br/&gt;
                                                            The options for this question is automatically generated from the list of all students in this course.
                           &lt;/span&gt;
                        &lt;/span&gt;
                     &lt;/span&gt;
                  &lt;/div&gt;
                  &lt;div class=&quot;panel-collapse collapse in&quot; id=&quot;panelBodyCollapse-9&quot;&gt;
                     &lt;div class=&quot;panel-body padding-0&quot; id=&quot;questionBody-8&quot;&gt;
                        &lt;div class=&quot;col-sm-12&quot;&gt;
                           &lt;i class=&quot;text-muted&quot;&gt;
                              There are no responses for this question.
                           &lt;/i&gt;
                        &lt;/div&gt;
                     &lt;/div&gt;
                  &lt;/div&gt;
               &lt;/div&gt;
               &lt;div class=&quot;panel panel-info&quot;&gt;
                  &lt;div class=&quot;panel-heading&quot; data-target=&quot;#panelBodyCollapse-10&quot; id=&quot;panelHeading-10&quot; style=&quot;cursor: pointer;&quot;&gt;
                     &lt;form action=&quot;/page/instructorFeedbackResultsPage&quot; class=&quot;seeMoreForm-10&quot; id=&quot;seeMore-10&quot; style=&quot;display:none;&quot;&gt;
                        &lt;input name=&quot;courseid&quot; type=&quot;hidden&quot; value=&quot;CFResultsUiT.CS2104&quot;/&gt;
                                                &lt;input name=&quot;fsname&quot; type=&quot;hidden&quot; value=&quot;First Session&quot;/&gt;
                                                &lt;input name=&quot;user&quot; type=&quot;hidden&quot; value=&quot;CFResultsUiT.instr&quot;/&gt;
                                                &lt;input name=&quot;frgroupbyteam&quot; type=&quot;hidden&quot; value=&quot;on&quot;/&gt;
                                                &lt;input name=&quot;frsorttype&quot; type=&quot;hidden&quot; value=&quot;question&quot;/&gt;
                                                &lt;input id=&quot;showStats-10&quot; name=&quot;frshowstats&quot; type=&quot;hidden&quot; value=&quot;on&quot;/&gt;
                                                &lt;input name=&quot;questionnum&quot; type=&quot;hidden&quot; value=&quot;10&quot;/&gt;
                                             &lt;/form&gt;
                     &lt;div class=&quot;display-icon pull-right&quot;&gt;
                        &lt;span class=&quot;glyphicon glyphicon-chevron-up pull-right&quot;&gt;
                        &lt;/span&gt;
                     &lt;/div&gt;
                     &lt;strong&gt;
                        Question 10:
                     &lt;/strong&gt;
                     &lt;span class=&quot;text-preserve-space&quot;&gt;
                        Which team do you think has the best feature? 
                        &lt;span style=&quot; white-space: normal;&quot;&gt;
                           &lt;a class=&quot;color_gray&quot; data-less=&quot;[less]&quot; data-more=&quot;[more]&quot; href=&quot;javascript:;&quot; id=&quot;questionAdditionalInfoButton-10-&quot; onclick=&quot;toggleAdditionalQuestionInfo(&#039;10-&#039;)&quot;&gt;
                              [more]
                           &lt;/a&gt;
                           &lt;br/&gt;
                                                      &lt;span id=&quot;questionAdditionalInfo-10-&quot; style=&quot;display:none;&quot;&gt;
                              Multiple-choice (single answer) question options:
                              &lt;br/&gt;
                                                            The options for this question is automatically generated from the list of all teams in this course.
                           &lt;/span&gt;
                        &lt;/span&gt;
                     &lt;/span&gt;
                  &lt;/div&gt;
                  &lt;div class=&quot;panel-collapse collapse in&quot; id=&quot;panelBodyCollapse-10&quot;&gt;
                     &lt;div class=&quot;panel-body padding-0&quot; id=&quot;questionBody-9&quot;&gt;
                        &lt;div class=&quot;col-sm-12&quot;&gt;
                           &lt;i class=&quot;text-muted&quot;&gt;
                              There are no responses for this question.
                           &lt;/i&gt;
                        &lt;/div&gt;
                     &lt;/div&gt;
                  &lt;/div&gt;
               &lt;/div&gt;
               &lt;div class=&quot;panel panel-info&quot;&gt;
                  &lt;div class=&quot;panel-heading&quot; data-target=&quot;#panelBodyCollapse-11&quot; id=&quot;panelHeading-11&quot; style=&quot;cursor: pointer;&quot;&gt;
                     &lt;form action=&quot;/page/instructorFeedbackResultsPage&quot; class=&quot;seeMoreForm-11&quot; id=&quot;seeMore-11&quot; style=&quot;display:none;&quot;&gt;
                        &lt;input name=&quot;courseid&quot; type=&quot;hidden&quot; value=&quot;CFResultsUiT.CS2104&quot;/&gt;
                                                &lt;input name=&quot;fsname&quot; type=&quot;hidden&quot; value=&quot;First Session&quot;/&gt;
                                                &lt;input name=&quot;user&quot; type=&quot;hidden&quot; value=&quot;CFResultsUiT.instr&quot;/&gt;
                                                &lt;input name=&quot;frgroupbyteam&quot; type=&quot;hidden&quot; value=&quot;on&quot;/&gt;
                                                &lt;input name=&quot;frsorttype&quot; type=&quot;hidden&quot; value=&quot;question&quot;/&gt;
                                                &lt;input id=&quot;showStats-11&quot; name=&quot;frshowstats&quot; type=&quot;hidden&quot; value=&quot;on&quot;/&gt;
                                                &lt;input name=&quot;questionnum&quot; type=&quot;hidden&quot; value=&quot;11&quot;/&gt;
                                             &lt;/form&gt;
                     &lt;div class=&quot;display-icon pull-right&quot;&gt;
                        &lt;span class=&quot;glyphicon glyphicon-chevron-up pull-right&quot;&gt;
                        &lt;/span&gt;
                     &lt;/div&gt;
                     &lt;strong&gt;
                        Question 11:
                     &lt;/strong&gt;
                     &lt;span class=&quot;text-preserve-space&quot;&gt;
                        Who are your teammates? 
                        &lt;span style=&quot; white-space: normal;&quot;&gt;
                           &lt;a class=&quot;color_gray&quot; data-less=&quot;[less]&quot; data-more=&quot;[more]&quot; href=&quot;javascript:;&quot; id=&quot;questionAdditionalInfoButton-11-&quot; onclick=&quot;toggleAdditionalQuestionInfo(&#039;11-&#039;)&quot;&gt;
                              [more]
                           &lt;/a&gt;
                           &lt;br/&gt;
                                                      &lt;span id=&quot;questionAdditionalInfo-11-&quot; style=&quot;display:none;&quot;&gt;
                              Multiple-choice (multiple answers) question options:
                              &lt;br/&gt;
                                                            The options for this question is automatically generated from the list of all students in this course.
                           &lt;/span&gt;
                        &lt;/span&gt;
                     &lt;/span&gt;
                  &lt;/div&gt;
                  &lt;div class=&quot;panel-collapse collapse in&quot; id=&quot;panelBodyCollapse-11&quot;&gt;
                     &lt;div class=&quot;panel-body padding-0&quot; id=&quot;questionBody-10&quot;&gt;
                        &lt;div class=&quot;col-sm-12&quot;&gt;
                           &lt;i class=&quot;text-muted&quot;&gt;
                              There are no responses for this question.
                           &lt;/i&gt;
                        &lt;/div&gt;
                     &lt;/div&gt;
                  &lt;/div&gt;
               &lt;/div&gt;
               &lt;div class=&quot;panel panel-info&quot;&gt;
                  &lt;div class=&quot;panel-heading&quot; data-target=&quot;#panelBodyCollapse-12&quot; id=&quot;panelHeading-12&quot; style=&quot;cursor: pointer;&quot;&gt;
                     &lt;form action=&quot;/page/instructorFeedbackResultsPage&quot; class=&quot;seeMoreForm-12&quot; id=&quot;seeMore-12&quot; style=&quot;display:none;&quot;&gt;
                        &lt;input name=&quot;courseid&quot; type=&quot;hidden&quot; value=&quot;CFResultsUiT.CS2104&quot;/&gt;
                                                &lt;input name=&quot;fsname&quot; type=&quot;hidden&quot; value=&quot;First Session&quot;/&gt;
                                                &lt;input name=&quot;user&quot; type=&quot;hidden&quot; value=&quot;CFResultsUiT.instr&quot;/&gt;
                                                &lt;input name=&quot;frgroupbyteam&quot; type=&quot;hidden&quot; value=&quot;on&quot;/&gt;
                                                &lt;input name=&quot;frsorttype&quot; type=&quot;hidden&quot; value=&quot;question&quot;/&gt;
                                                &lt;input id=&quot;showStats-12&quot; name=&quot;frshowstats&quot; type=&quot;hidden&quot; value=&quot;on&quot;/&gt;
                                                &lt;input name=&quot;questionnum&quot; type=&quot;hidden&quot; value=&quot;12&quot;/&gt;
                                             &lt;/form&gt;
                     &lt;div class=&quot;display-icon pull-right&quot;&gt;
                        &lt;span class=&quot;glyphicon glyphicon-chevron-up pull-right&quot;&gt;
                        &lt;/span&gt;
                     &lt;/div&gt;
                     &lt;strong&gt;
                        Question 12:
                     &lt;/strong&gt;
                     &lt;span class=&quot;text-preserve-space&quot;&gt;
                        Which teams do you like? 
                        &lt;span style=&quot; white-space: normal;&quot;&gt;
                           &lt;a class=&quot;color_gray&quot; data-less=&quot;[less]&quot; data-more=&quot;[more]&quot; href=&quot;javascript:;&quot; id=&quot;questionAdditionalInfoButton-12-&quot; onclick=&quot;toggleAdditionalQuestionInfo(&#039;12-&#039;)&quot;&gt;
                              [more]
                           &lt;/a&gt;
                           &lt;br/&gt;
                                                      &lt;span id=&quot;questionAdditionalInfo-12-&quot; style=&quot;display:none;&quot;&gt;
                              Multiple-choice (multiple answers) question options:
                              &lt;br/&gt;
                                                            The options for this question is automatically generated from the list of all teams in this course.
                           &lt;/span&gt;
                        &lt;/span&gt;
                     &lt;/span&gt;
                  &lt;/div&gt;
                  &lt;div class=&quot;panel-collapse collapse in&quot; id=&quot;panelBodyCollapse-12&quot;&gt;
                     &lt;div class=&quot;panel-body padding-0&quot; id=&quot;questionBody-11&quot;&gt;
                        &lt;div class=&quot;col-sm-12&quot;&gt;
                           &lt;i class=&quot;text-muted&quot;&gt;
                              There are no responses for this question.
                           &lt;/i&gt;
                        &lt;/div&gt;
                     &lt;/div&gt;
                  &lt;/div&gt;
               &lt;/div&gt;
               &lt;div class=&quot;panel panel-info&quot;&gt;
                  &lt;div class=&quot;panel-heading&quot; data-target=&quot;#panelBodyCollapse-13&quot; id=&quot;panelHeading-13&quot; style=&quot;cursor: pointer;&quot;&gt;
                     &lt;form action=&quot;/page/instructorFeedbackResultsPage&quot; class=&quot;seeMoreForm-13&quot; id=&quot;seeMore-13&quot; style=&quot;display:none;&quot;&gt;
                        &lt;input name=&quot;courseid&quot; type=&quot;hidden&quot; value=&quot;CFResultsUiT.CS2104&quot;/&gt;
                                                &lt;input name=&quot;fsname&quot; type=&quot;hidden&quot; value=&quot;First Session&quot;/&gt;
                                                &lt;input name=&quot;user&quot; type=&quot;hidden&quot; value=&quot;CFResultsUiT.instr&quot;/&gt;
                                                &lt;input name=&quot;frgroupbyteam&quot; type=&quot;hidden&quot; value=&quot;on&quot;/&gt;
                                                &lt;input name=&quot;frsorttype&quot; type=&quot;hidden&quot; value=&quot;question&quot;/&gt;
                                                &lt;input id=&quot;showStats-13&quot; name=&quot;frshowstats&quot; type=&quot;hidden&quot; value=&quot;on&quot;/&gt;
                                                &lt;input name=&quot;questionnum&quot; type=&quot;hidden&quot; value=&quot;13&quot;/&gt;
                                             &lt;/form&gt;
                     &lt;div class=&quot;display-icon pull-right&quot;&gt;
                        &lt;span class=&quot;glyphicon glyphicon-chevron-up pull-right&quot;&gt;
                        &lt;/span&gt;
                     &lt;/div&gt;
                     &lt;strong&gt;
                        Question 13:
                     &lt;/strong&gt;
                     &lt;span class=&quot;text-preserve-space&quot;&gt;
                        Rate our product. 
                        &lt;span style=&quot; white-space: normal;&quot;&gt;
                           &lt;a class=&quot;color_gray&quot; data-less=&quot;[less]&quot; data-more=&quot;[more]&quot; href=&quot;javascript:;&quot; id=&quot;questionAdditionalInfoButton-13-&quot; onclick=&quot;toggleAdditionalQuestionInfo(&#039;13-&#039;)&quot;&gt;
                              [more]
                           &lt;/a&gt;
                           &lt;br/&gt;
                                                      &lt;span id=&quot;questionAdditionalInfo-13-&quot; style=&quot;display:none;&quot;&gt;
                              Numerical-scale question:
                              &lt;br/&gt;
                                                            Minimum value: 1. Increment: 0.5. Maximum value: 5.
                           &lt;/span&gt;
                        &lt;/span&gt;
                     &lt;/span&gt;
                  &lt;/div&gt;
                  &lt;div class=&quot;panel-collapse collapse in&quot; id=&quot;panelBodyCollapse-13&quot;&gt;
                     &lt;div class=&quot;panel-body padding-0&quot; id=&quot;questionBody-12&quot;&gt;
                        &lt;div class=&quot;col-sm-12&quot;&gt;
                           &lt;i class=&quot;text-muted&quot;&gt;
                              There are no responses for this question.
                           &lt;/i&gt;
                        &lt;/div&gt;
                     &lt;/div&gt;
                  &lt;/div&gt;
               &lt;/div&gt;
               &lt;div class=&quot;panel panel-info&quot;&gt;
                  &lt;div class=&quot;panel-heading&quot; data-target=&quot;#panelBodyCollapse-14&quot; id=&quot;panelHeading-14&quot; style=&quot;cursor: pointer;&quot;&gt;
                     &lt;form action=&quot;/page/instructorFeedbackResultsPage&quot; class=&quot;seeMoreForm-14&quot; id=&quot;seeMore-14&quot; style=&quot;display:none;&quot;&gt;
                        &lt;input name=&quot;courseid&quot; type=&quot;hidden&quot; value=&quot;CFResultsUiT.CS2104&quot;/&gt;
                                                &lt;input name=&quot;fsname&quot; type=&quot;hidden&quot; value=&quot;First Session&quot;/&gt;
                                                &lt;input name=&quot;user&quot; type=&quot;hidden&quot; value=&quot;CFResultsUiT.instr&quot;/&gt;
                                                &lt;input name=&quot;frgroupbyteam&quot; type=&quot;hidden&quot; value=&quot;on&quot;/&gt;
                                                &lt;input name=&quot;frsorttype&quot; type=&quot;hidden&quot; value=&quot;question&quot;/&gt;
                                                &lt;input id=&quot;showStats-14&quot; name=&quot;frshowstats&quot; type=&quot;hidden&quot; value=&quot;on&quot;/&gt;
                                                &lt;input name=&quot;questionnum&quot; type=&quot;hidden&quot; value=&quot;14&quot;/&gt;
                                             &lt;/form&gt;
                     &lt;div class=&quot;display-icon pull-right&quot;&gt;
                        &lt;span class=&quot;glyphicon glyphicon-chevron-up pull-right&quot;&gt;
                        &lt;/span&gt;
                     &lt;/div&gt;
                     &lt;strong&gt;
                        Question 14:
                     &lt;/strong&gt;
                     &lt;span class=&quot;text-preserve-space&quot;&gt;
                        How important are the following factors to you? Give points accordingly. 
                        &lt;span style=&quot; white-space: normal;&quot;&gt;
                           &lt;a class=&quot;color_gray&quot; data-less=&quot;[less]&quot; data-more=&quot;[more]&quot; href=&quot;javascript:;&quot; id=&quot;questionAdditionalInfoButton-14-&quot; onclick=&quot;toggleAdditionalQuestionInfo(&#039;14-&#039;)&quot;&gt;
                              [more]
                           &lt;/a&gt;
                           &lt;br/&gt;
                                                      &lt;span id=&quot;questionAdditionalInfo-14-&quot; style=&quot;display:none;&quot;&gt;
                              Distribute points (among options) question options:
                              &lt;ul style=&quot;list-style-type: disc;margin-left: 20px;&quot;&gt;
                                 &lt;li&gt;
                                    Grades
                                 &lt;/li&gt;
                                 &lt;li&gt;
                                    Fun
                                 &lt;/li&gt;
                              &lt;/ul&gt;
                              Total points: 100
                           &lt;/span&gt;
                        &lt;/span&gt;
                     &lt;/span&gt;
                  &lt;/div&gt;
                  &lt;div class=&quot;panel-collapse collapse in&quot; id=&quot;panelBodyCollapse-14&quot;&gt;
                     &lt;div class=&quot;panel-body padding-0&quot; id=&quot;questionBody-13&quot;&gt;
                        &lt;div class=&quot;col-sm-12&quot;&gt;
                           &lt;i class=&quot;text-muted&quot;&gt;
                              There are no responses for this question.
                           &lt;/i&gt;
                        &lt;/div&gt;
                     &lt;/div&gt;
                  &lt;/div&gt;
               &lt;/div&gt;
               &lt;div class=&quot;panel panel-info&quot;&gt;
                  &lt;div class=&quot;panel-heading&quot; data-target=&quot;#panelBodyCollapse-15&quot; id=&quot;panelHeading-15&quot; style=&quot;cursor: pointer;&quot;&gt;
                     &lt;form action=&quot;/page/instructorFeedbackResultsPage&quot; class=&quot;seeMoreForm-15&quot; id=&quot;seeMore-15&quot; style=&quot;display:none;&quot;&gt;
                        &lt;input name=&quot;courseid&quot; type=&quot;hidden&quot; value=&quot;CFResultsUiT.CS2104&quot;/&gt;
                                                &lt;input name=&quot;fsname&quot; type=&quot;hidden&quot; value=&quot;First Session&quot;/&gt;
                                                &lt;input name=&quot;user&quot; type=&quot;hidden&quot; value=&quot;CFResultsUiT.instr&quot;/&gt;
                                                &lt;input name=&quot;frgroupbyteam&quot; type=&quot;hidden&quot; value=&quot;on&quot;/&gt;
                                                &lt;input name=&quot;frsorttype&quot; type=&quot;hidden&quot; value=&quot;question&quot;/&gt;
                                                &lt;input id=&quot;showStats-15&quot; name=&quot;frshowstats&quot; type=&quot;hidden&quot; value=&quot;on&quot;/&gt;
                                                &lt;input name=&quot;questionnum&quot; type=&quot;hidden&quot; value=&quot;15&quot;/&gt;
                                             &lt;/form&gt;
                     &lt;div class=&quot;display-icon pull-right&quot;&gt;
                        &lt;span class=&quot;glyphicon glyphicon-chevron-up pull-right&quot;&gt;
                        &lt;/span&gt;
                     &lt;/div&gt;
                     &lt;strong&gt;
                        Question 15:
                     &lt;/strong&gt;
                     &lt;span class=&quot;text-preserve-space&quot;&gt;
                        Split points among the your team members and yourself, according to how much you think each member has contributed. 
                        &lt;span style=&quot; white-space: normal;&quot;&gt;
                           &lt;a class=&quot;color_gray&quot; data-less=&quot;[less]&quot; data-more=&quot;[more]&quot; href=&quot;javascript:;&quot; id=&quot;questionAdditionalInfoButton-15-&quot; onclick=&quot;toggleAdditionalQuestionInfo(&#039;15-&#039;)&quot;&gt;
                              [more]
                           &lt;/a&gt;
                           &lt;br/&gt;
                                                      &lt;span id=&quot;questionAdditionalInfo-15-&quot; style=&quot;display:none;&quot;&gt;
                              Distribute points (among recipients) question
                              &lt;br/&gt;
                                                            Points per recipient: 100
                           &lt;/span&gt;
                        &lt;/span&gt;
                     &lt;/span&gt;
                  &lt;/div&gt;
                  &lt;div class=&quot;panel-collapse collapse in&quot; id=&quot;panelBodyCollapse-15&quot;&gt;
                     &lt;div class=&quot;panel-body padding-0&quot; id=&quot;questionBody-14&quot;&gt;
                        &lt;div class=&quot;col-sm-12&quot;&gt;
                           &lt;i class=&quot;text-muted&quot;&gt;
                              There are no responses for this question.
                           &lt;/i&gt;
                        &lt;/div&gt;
                     &lt;/div&gt;
                  &lt;/div&gt;
               &lt;/div&gt;
               &lt;div class=&quot;panel panel-info&quot;&gt;
                  &lt;div class=&quot;panel-heading&quot; data-target=&quot;#panelBodyCollapse-16&quot; id=&quot;panelHeading-16&quot; style=&quot;cursor: pointer;&quot;&gt;
                     &lt;form action=&quot;/page/instructorFeedbackResultsPage&quot; class=&quot;seeMoreForm-16&quot; id=&quot;seeMore-16&quot; style=&quot;display:none;&quot;&gt;
                        &lt;input name=&quot;courseid&quot; type=&quot;hidden&quot; value=&quot;CFResultsUiT.CS2104&quot;/&gt;
                                                &lt;input name=&quot;fsname&quot; type=&quot;hidden&quot; value=&quot;First Session&quot;/&gt;
                                                &lt;input name=&quot;user&quot; type=&quot;hidden&quot; value=&quot;CFResultsUiT.instr&quot;/&gt;
                                                &lt;input name=&quot;frgroupbyteam&quot; type=&quot;hidden&quot; value=&quot;on&quot;/&gt;
                                                &lt;input name=&quot;frsorttype&quot; type=&quot;hidden&quot; value=&quot;question&quot;/&gt;
                                                &lt;input id=&quot;showStats-16&quot; name=&quot;frshowstats&quot; type=&quot;hidden&quot; value=&quot;on&quot;/&gt;
                                                &lt;input name=&quot;questionnum&quot; type=&quot;hidden&quot; value=&quot;16&quot;/&gt;
                                             &lt;/form&gt;
                     &lt;div class=&quot;display-icon pull-right&quot;&gt;
                        &lt;span class=&quot;glyphicon glyphicon-chevron-up pull-right&quot;&gt;
                        &lt;/span&gt;
                     &lt;/div&gt;
                     &lt;strong&gt;
                        Question 16:
                     &lt;/strong&gt;
                     &lt;span class=&quot;text-preserve-space&quot;&gt;
                        Rate the contribution of yourself and your team members towards the latest project. 
                        &lt;span style=&quot; white-space: normal;&quot;&gt;
                           &lt;a class=&quot;color_gray&quot; data-less=&quot;[less]&quot; data-more=&quot;[more]&quot; href=&quot;javascript:;&quot; id=&quot;questionAdditionalInfoButton-16-&quot; onclick=&quot;toggleAdditionalQuestionInfo(&#039;16-&#039;)&quot;&gt;
                              [more]
                           &lt;/a&gt;
                           &lt;br/&gt;
                                                      &lt;span id=&quot;questionAdditionalInfo-16-&quot; style=&quot;display:none;&quot;&gt;
                              Team contribution question
                           &lt;/span&gt;
                        &lt;/span&gt;
                     &lt;/span&gt;
                  &lt;/div&gt;
                  &lt;div class=&quot;panel-collapse collapse in&quot; id=&quot;panelBodyCollapse-16&quot;&gt;
                     &lt;div class=&quot;panel-body padding-0&quot; id=&quot;questionBody-15&quot;&gt;
                        &lt;div class=&quot;col-sm-12&quot;&gt;
                           &lt;i class=&quot;text-muted&quot;&gt;
                              There are no responses for this question.
                           &lt;/i&gt;
                        &lt;/div&gt;
                     &lt;/div&gt;
                  &lt;/div&gt;
               &lt;/div&gt;
               &lt;div class=&quot;panel panel-warning&quot;&gt;
                  &lt;div class=&quot;panel-heading&quot; data-target=&quot;#panelBodyCollapse-17&quot; id=&quot;panelHeading-17&quot; style=&quot;cursor: pointer;&quot;&gt;
                     &lt;form action=&quot;/page/instructorFeedbackResultsAjaxResponseRate&quot; class=&quot;responseRateForm&quot; id=&quot;responseRate&quot; style=&quot;display:none;&quot;&gt;
                        &lt;input name=&quot;courseid&quot; type=&quot;hidden&quot; value=&quot;CFResultsUiT.CS2104&quot;/&gt;
                                                &lt;input name=&quot;fsname&quot; type=&quot;hidden&quot; value=&quot;First Session&quot;/&gt;
                                                &lt;input name=&quot;user&quot; type=&quot;hidden&quot; value=&quot;CFResultsUiT.instr&quot;/&gt;
                                             &lt;/form&gt;
                     &lt;div class=&quot;display-icon pull-right&quot;&gt;
                        &lt;span class=&quot;glyphicon glyphicon-chevron-up pull-right&quot;&gt;
                        &lt;/span&gt;
                     &lt;/div&gt;
                     Participants who have not responded to any question
                  &lt;/div&gt;
                  &lt;div class=&quot;panel-collapse collapse in&quot; id=&quot;panelBodyCollapse-17&quot;&gt;
                     &lt;div class=&quot;panel-body padding-0&quot;&gt;
                        &lt;table class=&quot;table table-striped table-bordered margin-0&quot;&gt;
                           &lt;tbody&gt;
                              &lt;tr&gt;
                                 &lt;td&gt;
                                    Danny Engrid
                                 &lt;/td&gt;
                              &lt;/tr&gt;
                              &lt;tr&gt;
                                 &lt;td&gt;
                                    Emily
                                 &lt;/td&gt;
                              &lt;/tr&gt;
                              &lt;tr&gt;
                                 &lt;td&gt;
                                    Extra guy
                                 &lt;/td&gt;
                              &lt;/tr&gt;
                              &lt;tr&gt;
                                 &lt;td&gt;
                                    Teammates Helper1
                                 &lt;/td&gt;
                              &lt;/tr&gt;
                              &lt;tr&gt;
                                 &lt;td&gt;
                                    Teammates Helper2
                                 &lt;/td&gt;
                              &lt;/tr&gt;
                           &lt;/tbody&gt;
                        &lt;/table&gt;
                     &lt;/div&gt;
                  &lt;/div&gt;
               &lt;/div&gt;
            &lt;/div&gt;
         &lt;/div&gt;
         &lt;div class=&quot;container-fluid&quot; id=&quot;footerComponent&quot;&gt;
            &lt;div class=&quot;container&quot;&gt;
               &lt;div class=&quot;row&quot;&gt;
                  &lt;div class=&quot;col-md-4&quot;&gt;
                     &lt;span&gt;
                        [
                        &lt;a href=&quot;/index.html&quot;&gt;
                           TEAMMATES
                        &lt;/a&gt;
                        V4.99]
                     &lt;/span&gt;
                  &lt;/div&gt;
                  &lt;div class=&quot;col-md-4&quot;&gt;
                     [for
                     &lt;span class=&quot;highlight-white&quot;&gt;
                        &lt;span class=&quot;color_white&quot;&gt;
                           TEAMMATES Test Institute 1
                        &lt;/span&gt;
                     &lt;/span&gt;
                     ]
                  &lt;/div&gt;
                  &lt;div class=&quot;col-md-4&quot;&gt;
                     &lt;span&gt;
                        [Send
                        &lt;a class=&quot;link&quot; href=&quot;../contact.html&quot; target=&quot;_blank&quot;&gt;
                           Feedback
                        &lt;/a&gt;
                        ]
                     &lt;/span&gt;
                  &lt;/div&gt;
               &lt;/div&gt;
            &lt;/div&gt;
         &lt;/div&gt;
      &lt;/body&gt;
   &lt;/html&gt;

&lt;/actual]&gt;&gt;">
      <![CDATA[org.junit.ComparisonFailure: expected:<<[expected>

   <html>
      <head>
         <link href="/favicon.png" rel="shortcut icon"/>
                  <meta content="text/html; charset=UTF-8" http-equiv="Content-Type"/>
                  <meta content="IE=edge" http-equiv="X-UA-Compatible"/>
                  <meta content="width=device-width, initial-scale=1" name="viewport"/>
                  <title>
            TEAMMATES - Feedback Session Results
         </title>
         <#comment         </#comment>
         <link href="/bootstrap/css/bootstrap.min.css" rel="stylesheet"/>
                  <#comment         </#comment>
         <link href="/bootstrap/css/bootstrap-theme.min.css" rel="stylesheet"/>
                  <link href="/stylesheets/teammatesCommon.css" media="screen" rel="stylesheet" type="text/css"/>
                  <script async="" src="https://ssl.google-analytics.com/ga.js" type="text/javascript">
         </script>
         <script src="/js/googleAnalytics.js" type="text/javascript">
         </script>
         <script src="/js/jquery-minified.js" type="text/javascript">
         </script>
         <script src="/js/common.js" type="text/javascript">
         </script>
         <script src="/js/instructor.js" type="text/javascript">
         </script>
         <script src="/js/instructorFeedbackResults.js" type="text/javascript">
         </script>
         <script src="/js/instructorFeedbackResultsAjaxByQuestion.js" type="text/javascript">
         </script>
         <script src="/js/instructorFeedbackResultsAjaxResponseRate.js" type="text/javascript">
         </script>
         <script src="/js/additionalQuestionInfo.js" type="text/javascript">
         </script>
         <#comment         </#comment>
         <script src="/bootstrap/js/bootstrap.min.js">
         </script>
         <#comment         </#comment>
         <#comment         </#comment>
      </head>
      <body>
         <div class="navbar navbar-inverse navbar-fixed-top" role="navigation">
            <div class="container">
               <div class="navbar-header">
                  <button class="navbar-toggle" data-target="#contentLinks" data-toggle="collapse" type="button">
                     <span class="sr-only">
                        Toggle navigation
                     </span>
                     <span class="icon-bar">
                     </span>
                     <span class="icon-bar">
                     </span>
                     <span class="icon-bar">
                     </span>
                  </button>
                  <a class="navbar-brand" href="/index.html">
                     TEAMMATES
                  </a>
               </div>
               <div class="collapse navbar-collapse" id="contentLinks">
                  <ul class="nav navbar-nav">
                     <li class="">
                        <a class="nav home" data-link="instructorHome" href="/page/instructorHomePage?user=CFResultsUiT.instr">
                           Home
                        </a>
                     </li>
                     <li class="">
                        <a class="nav courses" data-link="instructorCourse" href="/page/instructorCoursesPage?user=CFResultsUiT.instr">
                           Courses
                        </a>
                     </li>
                     <li class="active">
                        <a class="nav evaluations" data-link="instructorEval" href="/page/instructorFeedbacksPage?user=CFResultsUiT.instr">
                           Sessions
                        </a>
                     </li>
                     <li class="">
                        <a class="nav students" data-link="instructorStudent" href="/page/instructorStudentListPage?user=CFResultsUiT.instr">
                           Students
                        </a>
                     </li>
                     <li class="">
                        <a class="nav comments" data-link="instructorComments" href="/page/instructorCommentsPage?user=CFResultsUiT.instr">
                           Comments
                        </a>
                     </li>
                     <li class="">
                        <a class="nav search" data-link="instructorSearch" href="/page/instructorSearchPage?user=CFResultsUiT.instr">
                           Search
                        </a>
                     </li>
                     <li>
                        <a class="nav help" href="/instructorHelp.html" target="_blank">
                           Help
                        </a>
                     </li>
                  </ul>
                  <ul class="nav navbar-nav pull-right">
                     <li>
                        <a class="nav logout" href="/logout.jsp">
                           Logout
                        
                        (
                           <span class="text-info" data-original-title="CFResultsUiT.instr" data-placement="bottom" data-toggle="tooltip" title="">
                              CFResultsUiT.instr
                           </span>
                           )
                        </a>
                     </li>
                  </ul>
               </div>
            </div>
         </div>
         <div id="frameBody">
            <div class="container" id="frameBodyWrapper">
               <div id="topOfPage">
               </div>
               <div id="headerOperation">
                  <h1>
                     Session Results
                  </h1>
               </div>
               <div class="well well-plain padding-0">
                  <form action="/page/instructorFeedbackResultsDownload" class="form-horizontal" method="post" role="form">
                     <div class="panel-heading">
                        <div class="row">
                           <div class="col-sm-4">
                              <div class="form-group">
                                 <label class="col-sm-2 control-label">
                                    Course:
                                 </label>
                                 <div class="col-sm-10">
                                    <p class="form-control-static">
                                       CFResultsUiT.CS2104
                                    </p>
                                 </div>
                              </div>
                              <div class="form-group">
                                 <label class="col-sm-2 control-label">
                                    Session:
                                 </label>
                                 <div class="col-sm-10">
                                    <p class="form-control-static">
                                       First Session
                                       <a href="/page/instructorFeedbackEditPage?courseid=CFResultsUiT.CS2104&fsname=First+Session&user=CFResultsUiT.instr">
                                          [Edit]
                                       </a>
                                    </p>
                                 </div>
                              </div>
                           </div>
                           <div class="col-sm-6">
                              <div class="form-group">
                                 <label class="col-sm-4 control-label">
                                    Session duration:
                                 </label>
                                 <div class="col-sm-8">
                                    <p class="form-control-static">
                                       01 Apr 2012, 23:59   
                                       <b>
                                          to
                                       </b>
                                          30 Apr 2016, 23:59
                                    </p>
                                 </div>
                              </div>
                              <div class="form-group">
                                 <label class="col-sm-4 control-label">
                                    Results visible from:
                                 </label>
                                 <div class="col-sm-8">
                                    <p class="form-control-static">
                                       01 May 2012, 23:59
                                    </p>
                                 </div>
                              </div>
                           </div>
                           <div class="col-sm-2">
                              <div id="feedbackDataButtons">
                                 <input class="btn btn-primary pull-right" id="button_download" name="fruploaddownloadbtn" type="submit" value="Download results"/>
                                                               </div>
                              <input name="user" type="hidden" value="CFResultsUiT.instr"/>
                                                            <input name="fsname" type="hidden" value="First Session"/>
                                                            <input name="courseid" type="hidden" value="CFResultsUiT.CS2104"/>
                                                            <input name="sectionname" type="hidden" value="All"/>
                                                         </div>
                        </div>
                     </div>
                  </form>
               </div>
               <form action="/page/instructorFeedbackResultsPage?courseid=CFResultsUiT.CS2104&fsname=First+Session&user=CFResultsUiT.instr" class="form-horizontal" method="post" role="form">
                  <div class="panel panel-info margin-0">
                     <div class="panel-body">
                        <div class="row">
                           <div class="col-sm-5" data-original-title="View results in different formats" data-toggle="tooltip" title="">
                              <div class="form-group">
                                 <label class="col-sm-2 control-label" for="viewSelect">
                                    View:
                                 </label>
                                 <div class="col-sm-10">
                                    <select class="form-control" id="viewSelect" name="frsorttype" onchange="this.form.submit()">
                                       <option selected="selected" value="question">
                                          Group by - Question
                                       </option>
                                       <option value="giver-recipient-question">
                                          Group by - Giver > Recipient > Question
                                       </option>
                                       <option value="recipient-giver-question">
                                          Group by - Recipient > Giver > Question
                                       </option>
                                       <option value="giver-question-recipient">
                                          Group by - Giver > Question > Recipient
                                       </option>
                                       <option value="recipient-question-giver">
                                          Group by - Recipient > Question > Giver
                                       </option>
                                    </select>
                                 </div>
                              </div>
                           </div>
                           <div class="col-sm-5" data-original-title="Filter the results in the current view" data-toggle="tooltip" title="">
                              <div class="form-group">
                                 <label class="col-sm-2 control-label" for="viewSelect">
                                    Filter:
                                 </label>
                                 <div class="col-sm-10">
                                    <div class="input-group">
                                       <input class="form-control" id="results-search-box" onchange="updateResultsFilter()" placeholder="Type keywords from the question title" type="text"/>
                                                                              <a class="input-group-addon btn btn-default">
                                          <span class="glyphicon glyphicon-search">
                                          </span>
                                       </a>
                                    </div>
                                 </div>
                              </div>
                           </div>
                           <div class="col-sm-2 pull-right">
                              <div class="col-sm-12" data-original-title="Group results in the current view by team" data-toggle="tooltip" title="">
                                 <div class="checkbox padding-top-0 min-height-0">
                                    <label class="text-strike">
                                       <input checked="checked" id="frgroupbyteam" name="frgroupbyteam" type="checkbox"/>
                                                                              Group by Teams
                                    </label>
                                 </div>
                              </div>
                              <div class="col-sm-12" data-original-title="Show statistics" data-toggle="tooltip" title="">
                                 <div class="checkbox padding-top-0 min-height-0">
                                    <label>
                                       <input checked="checked" id="show-stats-checkbox" name="frshowstats" type="checkbox"/>
                                                                              Show Statistics
                                    </label>
                                 </div>
                              </div>
                           </div>
                        </div>
                        <div class="row">
                           <div class="col-sm-5" data-original-title="View results by sections" data-toggle="tooltip" title="">
                              <div class="form-group">
                                 <label class="col-sm-2 control-label" for="sectionSelect">
                                    Section:
                                 </label>
                                 <div class="col-sm-10">
                                    <select class="form-control" id="sectionSelect" name="frgroupbysection" onchange="this.form.submit()">
                                       <option selected="selected" value="All">
                                          All
                                       </option>
                                       <option value="Section A">
                                          Section A
                                       </option>
                                       <option value="Section B">
                                          Section B
                                       </option>
                                    </select>
                                 </div>
                              </div>
                           </div>
                           <div class="col-sm-7 pull-right" style="padding-top:8px;">
                              <a class="btn btn-default btn-xs pull-right" data-original-title="Collapse all panels. You can also click on the panel heading to toggle each one individually." data-toggle="tooltip" id="collapse-panels-button" onclick="toggleCollapse(this)" title="">
                                 Collapse Questions
                              </a>
                           </div>
                        </div>
                     </div>
                  </div>
                  <input name="fsname" type="hidden" value="First Session"/>
                                    <input name="courseid" type="hidden" value="CFResultsUiT.CS2104"/>
                                    <input name="user" type="hidden" value="CFResultsUiT.instr"/>
                                 </form>
               <br/>
                              <div id="statusMessage" style="display: none;">
               </div>
               <br/>
                              <br/>
                              <div class="panel panel-info">
                  <div class="panel-heading" data-target="#panelBodyCollapse-1" id="panelHeading-1" style="cursor: pointer;">
                     <form action="/page/instructorFeedbackResultsPage" class="seeMoreForm-1" id="seeMore-1" style="display:none;">
                        <input name="courseid" type="hidden" value="CFResultsUiT.CS2104"/>
                                                <input name="fsname" type="hidden" value="First Session"/>
                                                <input name="user" type="hidden" value="CFResultsUiT.instr"/>
                                                <input name="frgroupbyteam" type="hidden" value="on"/>
                                                <input name="frsorttype" type="hidden" value="question"/>
                                                <input id="showStats-1" name="frshowstats" type="hidden" value="on"/>
                                                <input name="questionnum" type="hidden" value="1"/>
                                             </form>
                     <div class="display-icon pull-right">
                        <span class="glyphicon glyphicon-chevron-up pull-right">
                        </span>
                     </div>
                     <strong>
                        Question 1:
                     </strong>
                     <span class="text-preserve-space">
                        Rate 3 other students' products
                     </span>
                  </div>
                  <div class="panel-collapse collapse in" id="panelBodyCollapse-1">
                     <div class="panel-body padding-0" id="questionBody-0">
                        <div class="resultStatistics">
                        </div>
                        <div class="table-responsive">
                           <table class="table table-striped table-bordered dataTable margin-0">
                              <thead class="background-color-medium-gray text-color-gray font-weight-normal">
                                 <tr>
                                    <th class="button-sort-none" id="button_sortFromName" onclick="toggleSort(this,1)" style="width: 15%;">
                                       Giver
                                       <span class="icon-sort unsorted">
                                       </span>
                                    </th>
                                    <th class="button-sort-none" id="button_sortFromTeam" onclick="toggleSort(this,2)" style="width: 15%;">
                                       Team
                                       <span class="icon-sort unsorted">
                                       </span>
                                    </th>
                                    <th class="button-sort-none" id="button_sortToName" onclick="toggleSort(this,3)" style="width: 15%;">
                                       Recipient
                                       <span class="icon-sort unsorted">
                                       </span>
                                    </th>
                                    <th class="button-sort-ascending" id="button_sortToTeam" onclick="toggleSort(this,4)" style="width: 15%;">
                                       Team
                                       <span class="icon-sort unsorted">
                                       </span>
                                    </th>
                                    <th class="button-sort-none" id="button_sortFeedback" onclick="toggleSort(this,5)">
                                       Feedback
                                       <span class="icon-sort unsorted">
                                       </span>
                                    </th>
                                 </tr>
                              </thead>
                              <thead>
                              </thead>
                              <tbody>
                                 <tr>
                                    <td class="middlealign">
                                       Alice Betsy
                                    </td>
                                    <td class="middlealign">
                                       Team 1
                                    </td>
                                    <td class="middlealign">
                                       Benny Charles
                                    </td>
                                    <td class="middlealign">
                                       Team 1
                                    </td>
                                    <td class="text-preserve-space">
                                       2 Response to Benny.
                                    </td>
                                 </tr>
                                 <tr>
                                    <td class="middlealign">
                                       Alice Betsy
                                    </td>
                                    <td class="middlealign">
                                       Team 1
                                    </td>
                                    <td class="middlealign">
                                       Drop out
                                    </td>
                                    <td class="middlealign">
                                       Team 2
                                    </td>
                                    <td class="text-preserve-space">
                                       Response to Dropout.
                                    </td>
                                 </tr>
                                 <tr>
                                    <td class="middlealign">
                                       Benny Charles
                                    </td>
                                    <td class="middlealign">
                                       Team 1
                                    </td>
                                    <td class="middlealign">
                                       Charlie Dávis
                                    </td>
                                    <td class="middlealign">
                                       Team 2
                                    </td>
                                    <td class="text-preserve-space">
                                       4 Response to Charlie.
                                    </td>
                                 </tr>
                                 <tr>
                                    <td class="middlealign">
                                       Benny Charles
                                    </td>
                                    <td class="middlealign">
                                       Team 1
                                    </td>
                                    <td class="middlealign">
                                       Danny Engrid
                                    </td>
                                    <td class="middlealign">
                                       Team 2
                                    </td>
                                    <td class="text-preserve-space">
                                       1 Response to Danny.
                                    </td>
                                 </tr>
                                 <tr>
                                    <td class="middlealign">
                                       Charlie Dávis
                                    </td>
                                    <td class="middlealign">
                                       Team 2
                                    </td>
                                    <td class="middlealign">
                                       Emily
                                    </td>
                                    <td class="middlealign">
                                       Team 3
                                    </td>
                                    <td class="text-preserve-space">
                                       3 Response to Emily.
                                    </td>
                                 </tr>
                                 <tr>
                                    <td class="middlealign">
                                       Drop out
                                    </td>
                                    <td class="middlealign">
                                       Team 2
                                    </td>
                                    <td class="middlealign">
                                       Alice Betsy
                                    </td>
                                    <td class="middlealign">
                                       Team 1
                                    </td>
                                    <td class="text-preserve-space">
                                       Response to Alice from Dropout.
                                    </td>
                                 </tr>
                                 <tr>
                                    <td class="middlealign">
                                       Drop out
                                    </td>
                                    <td class="middlealign">
                                       Team 2
                                    </td>
                                    <td class="middlealign">
                                       Benny Charles
                                    </td>
                                    <td class="middlealign">
                                       Team 1
                                    </td>
                                    <td class="text-preserve-space">
                                       Response to Benny from Dropout.
                                    </td>
                                 </tr>
                                 <tr>
                                    <td class="middlealign">
                                       Drop out
                                    </td>
                                    <td class="middlealign">
                                       Team 2
                                    </td>
                                    <td class="middlealign">
                                       Danny Engrid
                                    </td>
                                    <td class="middlealign">
                                       Team 2
                                    </td>
                                    <td class="text-preserve-space">
                                       Response to Danny from Dropout.
                                    </td>
                                 </tr>
                              </tbody>
                           </table>
                        </div>
                     </div>
                  </div>
               </div>
               <div class="panel panel-info">
                  <div class="panel-heading" data-target="#panelBodyCollapse-2" id="panelHeading-2" style="cursor: pointer;">
                     <form action="/page/instructorFeedbackResultsPage" class="seeMoreForm-2" id="seeMore-2" style="display:none;">
                        <input name="courseid" type="hidden" value="CFResultsUiT.CS2104"/>
                                                <input name="fsname" type="hidden" value="First Session"/>
                                                <input name="user" type="hidden" value="CFResultsUiT.instr"/>
                                                <input name="frgroupbyteam" type="hidden" value="on"/>
                                                <input name="frsorttype" type="hidden" value="question"/>
                                                <input id="showStats-2" name="frshowstats" type="hidden" value="on"/>
                                                <input name="questionnum" type="hidden" value="2"/>
                                             </form>
                     <div class="display-icon pull-right">
                        <span class="glyphicon glyphicon-chevron-up pull-right">
                        </span>
                     </div>
                     <strong>
                        Question 2:
                     </strong>
                     <span class="text-preserve-space">
                        What is the best selling point of your product?
                     </span>
                  </div>
                  <div class="panel-collapse collapse in" id="panelBodyCollapse-2">
                     <div class="panel-body padding-0" id="questionBody-1">
                        <div class="resultStatistics">
                        </div>
                        <div class="table-responsive">
                           <table class="table table-striped table-bordered dataTable margin-0">
                              <thead class="background-color-medium-gray text-color-gray font-weight-normal">
                                 <tr>
                                    <th class="button-sort-none" id="button_sortFromName" onclick="toggleSort(this,1)" style="width: 15%;">
                                       Giver
                                       <span class="icon-sort unsorted">
                                       </span>
                                    </th>
                                    <th class="button-sort-none" id="button_sortFromTeam" onclick="toggleSort(this,2)" style="width: 15%;">
                                       Team
                                       <span class="icon-sort unsorted">
                                       </span>
                                    </th>
                                    <th class="button-sort-none" id="button_sortToName" onclick="toggleSort(this,3)" style="width: 15%;">
                                       Recipient
                                       <span class="icon-sort unsorted">
                                       </span>
                                    </th>
                                    <th class="button-sort-ascending" id="button_sortToTeam" onclick="toggleSort(this,4)" style="width: 15%;">
                                       Team
                                       <span class="icon-sort unsorted">
                                       </span>
                                    </th>
                                    <th class="button-sort-none" id="button_sortFeedback" onclick="toggleSort(this,5)">
                                       Feedback
                                       <span class="icon-sort unsorted">
                                       </span>
                                    </th>
                                 </tr>
                              </thead>
                              <thead>
                              </thead>
                              <tbody>
                                 <tr>
                                    <td class="middlealign">
                                       Alice Betsy
                                    </td>
                                    <td class="middlealign">
                                       Team 1
                                    </td>
                                    <td class="middlealign">
                                       Alice Betsy
                                    </td>
                                    <td class="middlealign">
                                       Team 1
                                    </td>
                                    <td class="text-preserve-space">
                                       Alice self feedback.
                                    </td>
                                 </tr>
                              </tbody>
                           </table>
                        </div>
                     </div>
                  </div>
               </div>
               <div class="panel panel-info">
                  <div class="panel-heading" data-target="#panelBodyCollapse-3" id="panelHeading-3" style="cursor: pointer;">
                     <form action="/page/instructorFeedbackResultsPage" class="seeMoreForm-3" id="seeMore-3" style="display:none;">
                        <input name="courseid" type="hidden" value="CFResultsUiT.CS2104"/>
                                                <input name="fsname" type="hidden" value="First Session"/>
                                                <input name="user" type="hidden" value="CFResultsUiT.instr"/>
                                                <input name="frgroupbyteam" type="hidden" value="on"/>
                                                <input name="frsorttype" type="hidden" value="question"/>
                                                <input id="showStats-3" name="frshowstats" type="hidden" value="on"/>
                                                <input name="questionnum" type="hidden" value="3"/>
                                             </form>
                     <div class="display-icon pull-right">
                        <span class="glyphicon glyphicon-chevron-up pull-right">
                        </span>
                     </div>
                     <strong>
                        Question 3:
                     </strong>
                     <span class="text-preserve-space">
                        My comments on the class
                     </span>
                  </div>
                  <div class="panel-collapse collapse in" id="panelBodyCollapse-3">
                     <div class="panel-body padding-0" id="questionBody-2">
                        <div class="resultStatistics">
                        </div>
                        <div class="table-responsive">
                           <table class="table table-striped table-bordered dataTable margin-0">
                              <thead class="background-color-medium-gray text-color-gray font-weight-normal">
                                 <tr>
                                    <th class="button-sort-none" id="button_sortFromName" onclick="toggleSort(this,1)" style="width: 15%;">
                                       Giver
                                       <span class="icon-sort unsorted">
                                       </span>
                                    </th>
                                    <th class="button-sort-none" id="button_sortFromTeam" onclick="toggleSort(this,2)" style="width: 15%;">
                                       Team
                                       <span class="icon-sort unsorted">
                                       </span>
                                    </th>
                                    <th class="button-sort-none" id="button_sortToName" onclick="toggleSort(this,3)" style="width: 15%;">
                                       Recipient
                                       <span class="icon-sort unsorted">
                                       </span>
                                    </th>
                                    <th class="button-sort-ascending" id="button_sortToTeam" onclick="toggleSort(this,4)" style="width: 15%;">
                                       Team
                                       <span class="icon-sort unsorted">
                                       </span>
                                    </th>
                                    <th class="button-sort-none" id="button_sortFeedback" onclick="toggleSort(this,5)">
                                       Feedback
                                       <span class="icon-sort unsorted">
                                       </span>
                                    </th>
                                 </tr>
                              </thead>
                              <thead>
                              </thead>
                              <tbody>
                                 <tr>
                                    <td class="middlealign">
                                       Teammates Test
                                    </td>
                                    <td class="middlealign">
                                       Instructors
                                    </td>
                                    <td class="middlealign">
                                       -
                                    </td>
                                    <td class="middlealign">
                                       -
                                    </td>
                                    <td class="text-preserve-space">
                                       This is for nobody specific.
                                    </td>
                                 </tr>
                              </tbody>
                           </table>
                        </div>
                     </div>
                  </div>
               </div>
               <div class="panel panel-info">
                  <div class="panel-heading" data-target="#panelBodyCollapse-4" id="panelHeading-4" style="cursor: pointer;">
                     <form action="/page/instructorFeedbackResultsPage" class="seeMoreForm-4" id="seeMore-4" style="display:none;">
                        <input name="courseid" type="hidden" value="CFResultsUiT.CS2104"/>
                                                <input name="fsname" type="hidden" value="First Session"/>
                                                <input name="user" type="hidden" value="CFResultsUiT.instr"/>
                                                <input name="frgroupbyteam" type="hidden" value="on"/>
                                                <input name="frsorttype" type="hidden" value="question"/>
                                                <input id="showStats-4" name="frshowstats" type="hidden" value="on"/>
                                                <input name="questionnum" type="hidden" value="4"/>
                                             </form>
                     <div class="display-icon pull-right">
                        <span class="glyphicon glyphicon-chevron-up pull-right">
                        </span>
                     </div>
                     <strong>
                        Question 4:
                     </strong>
                     <span class="text-preserve-space">
                        Give feedback to 3 other teams.
                     </span>
                  </div>
                  <div class="panel-collapse collapse in" id="panelBodyCollapse-4">
                     <div class="panel-body padding-0" id="questionBody-3">
                        <div class="resultStatistics">
                        </div>
                        <div class="table-responsive">
                           <table class="table table-striped table-bordered dataTable margin-0">
                              <thead class="background-color-medium-gray text-color-gray font-weight-normal">
                                 <tr>
                                    <th class="button-sort-none" id="button_sortFromName" onclick="toggleSort(this,1)" style="width: 15%;">
                                       Giver
                                       <span class="icon-sort unsorted">
                                       </span>
                                    </th>
                                    <th class="button-sort-none" id="button_sortFromTeam" onclick="toggleSort(this,2)" style="width: 15%;">
                                       Team
                                       <span class="icon-sort unsorted">
                                       </span>
                                    </th>
                                    <th class="button-sort-none" id="button_sortToName" onclick="toggleSort(this,3)" style="width: 15%;">
                                       Recipient
                                       <span class="icon-sort unsorted">
                                       </span>
                                    </th>
                                    <th class="button-sort-ascending" id="button_sortToTeam" onclick="toggleSort(this,4)" style="width: 15%;">
                                       Team
                                       <span class="icon-sort unsorted">
                                       </span>
                                    </th>
                                    <th class="button-sort-none" id="button_sortFeedback" onclick="toggleSort(this,5)">
                                       Feedback
                                       <span class="icon-sort unsorted">
                                       </span>
                                    </th>
                                 </tr>
                              </thead>
                              <thead>
                              </thead>
                              <tbody>
                                 <tr>
                                    <td class="middlealign">
                                       Team 1
                                    </td>
                                    <td class="middlealign">
                                    </td>
                                    <td class="middlealign">
                                       Team 2
                                    </td>
                                    <td class="middlealign">
                                    </td>
                                    <td class="text-preserve-space">
                                       Response from team 1 (by alice) to team 2.
                                    </td>
                                 </tr>
                              </tbody>
                           </table>
                        </div>
                     </div>
                  </div>
               </div>
               <div class="panel panel-info">
                  <div class="panel-heading" data-target="#panelBodyCollapse-5" id="panelHeading-5" style="cursor: pointer;">
                     <form action="/page/instructorFeedbackResultsPage" class="seeMoreForm-5" id="seeMore-5" style="display:none;">
                        <input name="courseid" type="hidden" value="CFResultsUiT.CS2104"/>
                                                <input name="fsname" type="hidden" value="First Session"/>
                                                <input name="user" type="hidden" value="CFResultsUiT.instr"/>
                                                <input name="frgroupbyteam" type="hidden" value="on"/>
                                                <input name="frsorttype" type="hidden" value="question"/>
                                                <input id="showStats-5" name="frshowstats" type="hidden" value="on"/>
                                                <input name="questionnum" type="hidden" value="5"/>
                                             </form>
                     <div class="display-icon pull-right">
                        <span class="glyphicon glyphicon-chevron-up pull-right">
                        </span>
                     </div>
                     <strong>
                        Question 5:
                     </strong>
                     <span class="text-preserve-space">
                        Give feedback to your team mates
                     </span>
                  </div>
                  <div class="panel-collapse collapse in" id="panelBodyCollapse-5">
                     <div class="panel-body padding-0" id="questionBody-4">
                        <div class="col-sm-12">
                           <i class="text-muted">
                              There are no responses for this question.
                           </i>
                        </div>
                     </div>
                  </div>
               </div>
               <div class="panel panel-info">
                  <div class="panel-heading" data-target="#panelBodyCollapse-6" id="panelHeading-6" style="cursor: pointer;">
                     <form action="/page/instructorFeedbackResultsPage" class="seeMoreForm-6" id="seeMore-6" style="display:none;">
                        <input name="courseid" type="hidden" value="CFResultsUiT.CS2104"/>
                                                <input name="fsname" type="hidden" value="First Session"/>
                                                <input name="user" type="hidden" value="CFResultsUiT.instr"/>
                                                <input name="frgroupbyteam" type="hidden" value="on"/>
                                                <input name="frsorttype" type="hidden" value="question"/>
                                                <input id="showStats-6" name="frshowstats" type="hidden" value="on"/>
                                                <input name="questionnum" type="hidden" value="6"/>
                                             </form>
                     <div class="display-icon pull-right">
                        <span class="glyphicon glyphicon-chevron-up pull-right">
                        </span>
                     </div>
                     <strong>
                        Question 6:
                     </strong>
                     <span class="text-preserve-space">
                        This question should be hidden.
                     </span>
                  </div>
                  <div class="panel-collapse collapse in" id="panelBodyCollapse-6">
                     <div class="panel-body padding-0" id="questionBody-5">
                        <div class="col-sm-12">
                           <i class="text-muted">
                              There are no responses for this question.
                           </i>
                        </div>
                     </div>
                  </div>
               </div>
               <div class="panel panel-info">
                  <div class="panel-heading" data-target="#panelBodyCollapse-7" id="panelHeading-7" style="cursor: pointer;">
                     <form action="/page/instructorFeedbackResultsPage" class="seeMoreForm-7" id="seeMore-7" style="display:none;">
                        <input name="courseid" type="hidden" value="CFResultsUiT.CS2104"/>
                                                <input name="fsname" type="hidden" value="First Session"/>
                                                <input name="user" type="hidden" value="CFResultsUiT.instr"/>
                                                <input name="frgroupbyteam" type="hidden" value="on"/>
                                                <input name="frsorttype" type="hidden" value="question"/>
                                                <input id="showStats-7" name="frshowstats" type="hidden" value="on"/>
                                                <input name="questionnum" type="hidden" value="7"/>
                                             </form>
                     <div class="display-icon pull-right">
                        <span class="glyphicon glyphicon-chevron-up pull-right">
                        </span>
                     </div>
                     <strong>
                        Question 7:
                     </strong>
                     <span class="text-preserve-space">
                        What is your extra feature? 
                        <span style=" white-space: normal;">
                           <a class="color_gray" data-less="[less]" data-more="[more]" href="javascript:;" id="questionAdditionalInfoButton-7-" onclick="toggleAdditionalQuestionInfo('7-')">
                              [more]
                           </a>
                           <br/>
                                                      <span id="questionAdditionalInfo-7-" style="display:none;">
                              Multiple-choice (single answer) question options:
                              <ul style="list-style-type: disc;margin-left: 20px;">
                                 <li>
                                    FlexiCommand
                                 </li>
                                 <li>
                                    PowerSearch
                                 </li>
                                 <li>
                                    GoodUI
                                 </li>
                                 <li>
                                    Google Integration
                                 </li>
                              </ul>
                           </span>
                        </span>
                     </span>
                  </div>
                  <div class="panel-collapse collapse in" id="panelBodyCollapse-7">
                     <div class="panel-body padding-0" id="questionBody-6">
                        <div class="resultStatistics">
                           <div class="panel-body">
                              <div class="row">
                                 <div class="col-sm-4 text-color-gray">
                                    <strong>
                                       Response Summary
                                    </strong>
                                 </div>
                              </div>
                              <div class="row">
                                 <div class="col-sm-4">
                                    <table class="table margin-0">
                                       <thead>
                                          <tr>
                                             <td>
                                                Choice
                                             </td>
                                             <td>
                                                Response Count
                                             </td>
                                             <td>
                                                Percentage
                                             </td>
                                          </tr>
                                       </thead>
                                       <tbody>
                                          <tr>
                                             <td>
                                                FlexiCommand
                                             </td>
                                             <td>
                                                0
                                             </td>
                                             <td>
                                                0%
                                             </td>
                                          </tr>
                                          <tr>
                                             <td>
                                                PowerSearch
                                             </td>
                                             <td>
                                                2
                                             </td>
                                             <td>
                                                100%
                                             </td>
                                          </tr>
                                          <tr>
                                             <td>
                                                GoodUI
                                             </td>
                                             <td>
                                                0
                                             </td>
                                             <td>
                                                0%
                                             </td>
                                          </tr>
                                          <tr>
                                             <td>
                                                Google Integration
                                             </td>
                                             <td>
                                                0
                                             </td>
                                             <td>
                                                0%
                                             </td>
                                          </tr>
                                       </tbody>
                                    </table>
                                 </div>
                              </div>
                           </div>
                        </div>
                        <div class="table-responsive">
                           <table class="table table-striped table-bordered dataTable margin-0">
                              <thead class="background-color-medium-gray text-color-gray font-weight-normal">
                                 <tr>
                                    <th class="button-sort-none" id="button_sortFromName" onclick="toggleSort(this,1)" style="width: 15%;">
                                       Giver
                                       <span class="icon-sort unsorted">
                                       </span>
                                    </th>
                                    <th class="button-sort-none" id="button_sortFromTeam" onclick="toggleSort(this,2)" style="width: 15%;">
                                       Team
                                       <span class="icon-sort unsorted">
                                       </span>
                                    </th>
                                    <th class="button-sort-none" id="button_sortToName" onclick="toggleSort(this,3)" style="width: 15%;">
                                       Recipient
                                       <span class="icon-sort unsorted">
                                       </span>
                                    </th>
                                    <th class="button-sort-ascending" id="button_sortToTeam" onclick="toggleSort(this,4)" style="width: 15%;">
                                       Team
                                       <span class="icon-sort unsorted">
                                       </span>
                                    </th>
                                    <th class="button-sort-none" id="button_sortFeedback" onclick="toggleSort(this,5)">
                                       Feedback
                                       <span class="icon-sort unsorted">
                                       </span>
                                    </th>
                                 </tr>
                              </thead>
                              <thead>
                              </thead>
                              <tbody>
                                 <tr>
                                    <td class="middlealign">
                                       Alice Betsy
                                    </td>
                                    <td class="middlealign">
                                       Team 1
                                    </td>
                                    <td class="middlealign">
                                       Alice Betsy
                                    </td>
                                    <td class="middlealign">
                                       Team 1
                                    </td>
                                    <td class="text-preserve-space">
                                       PowerSearch
                                    </td>
                                 </tr>
                                 <tr>
                                    <td class="middlealign">
                                       Drop out
                                    </td>
                                    <td class="middlealign">
                                       Team 2
                                    </td>
                                    <td class="middlealign">
                                       Drop out
                                    </td>
                                    <td class="middlealign">
                                       Team 2
                                    </td>
                                    <td class="text-preserve-space">
                                       PowerSearch
                                    </td>
                                 </tr>
                              </tbody>
                           </table>
                        </div>
                     </div>
                  </div>
               </div>
               <div class="panel panel-info">
                  <div class="panel-heading" data-target="#panelBodyCollapse-8" id="panelHeading-8" style="cursor: pointer;">
                     <form action="/page/instructorFeedbackResultsPage" class="seeMoreForm-8" id="seeMore-8" style="display:none;">
                        <input name="courseid" type="hidden" value="CFResultsUiT.CS2104"/>
                                                <input name="fsname" type="hidden" value="First Session"/>
                                                <input name="user" type="hidden" value="CFResultsUiT.instr"/>
                                                <input name="frgroupbyteam" type="hidden" value="on"/>
                                                <input name="frsorttype" type="hidden" value="question"/>
                                                <input id="showStats-8" name="frshowstats" type="hidden" value="on"/>
                                                <input name="questionnum" type="hidden" value="8"/>
                                             </form>
                     <div class="display-icon pull-right">
                        <span class="glyphicon glyphicon-chevron-up pull-right">
                        </span>
                     </div>
                     <strong>
                        Question 8:
                     </strong>
                     <span class="text-preserve-space">
                        What is your extra feature? 
                        <span style=" white-space: normal;">
                           <a class="color_gray" data-less="[less]" data-more="[more]" href="javascript:;" id="questionAdditionalInfoButton-8-" onclick="toggleAdditionalQuestionInfo('8-')">
                              [more]
                           </a>
                           <br/>
                                                      <span id="questionAdditionalInfo-8-" style="display:none;">
                              Multiple-choice (multiple answers) question options:
                              <ul style="list-style-type: disc;margin-left: 20px;">
                                 <li>
                                    FlexiCommand
                                 </li>
                                 <li>
                                    PowerSearch
                                 </li>
                                 <li>
                                    GoodUI
                                 </li>
                                 <li>
                                    Google Integration
                                 </li>
                              </ul>
                           </span>
                        </span>
                     </span>
                  </div>
                  <div class="panel-collapse collapse in" id="panelBodyCollapse-8">
                     <div class="panel-body padding-0" id="questionBody-7">
                        <div class="resultStatistics">
                           <div class="panel-body">
                              <div class="row">
                                 <div class="col-sm-4 text-color-gray">
                                    <strong>
                                       Response Summary
                                    </strong>
                                 </div>
                              </div>
                              <div class="row">
                                 <div class="col-sm-4">
                                    <table class="table margin-0">
                                       <thead>
                                          <tr>
                                             <td>
                                                Choice
                                             </td>
                                             <td>
                                                Response Count
                                             </td>
                                             <td>
                                                Percentage
                                             </td>
                                          </tr>
                                       </thead>
                                       <tbody>
                                          <tr>
                                             <td>
                                                FlexiCommand
                                             </td>
                                             <td>
                                                0
                                             </td>
                                             <td>
                                                0%
                                             </td>
                                          </tr>
                                          <tr>
                                             <td>
                                                PowerSearch
                                             </td>
                                             <td>
                                                1
                                             </td>
                                             <td>
                                                50%
                                             </td>
                                          </tr>
                                          <tr>
                                             <td>
                                                GoodUI
                                             </td>
                                             <td>
                                                1
                                             </td>
                                             <td>
                                                50%
                                             </td>
                                          </tr>
                                          <tr>
                                             <td>
                                                Google Integration
                                             </td>
                                             <td>
                                                0
                                             </td>
                                             <td>
                                                0%
                                             </td>
                                          </tr>
                                       </tbody>
                                    </table>
                                 </div>
                              </div>
                           </div>
                        </div>
                        <div class="table-responsive">
                           <table class="table table-striped table-bordered dataTable margin-0">
                              <thead class="background-color-medium-gray text-color-gray font-weight-normal">
                                 <tr>
                                    <th class="button-sort-none" id="button_sortFromName" onclick="toggleSort(this,1)" style="width: 15%;">
                                       Giver
                                       <span class="icon-sort unsorted">
                                       </span>
                                    </th>
                                    <th class="button-sort-none" id="button_sortFromTeam" onclick="toggleSort(this,2)" style="width: 15%;">
                                       Team
                                       <span class="icon-sort unsorted">
                                       </span>
                                    </th>
                                    <th class="button-sort-none" id="button_sortToName" onclick="toggleSort(this,3)" style="width: 15%;">
                                       Recipient
                                       <span class="icon-sort unsorted">
                                       </span>
                                    </th>
                                    <th class="button-sort-ascending" id="button_sortToTeam" onclick="toggleSort(this,4)" style="width: 15%;">
                                       Team
                                       <span class="icon-sort unsorted">
                                       </span>
                                    </th>
                                    <th class="button-sort-none" id="button_sortFeedback" onclick="toggleSort(this,5)">
                                       Feedback
                                       <span class="icon-sort unsorted">
                                       </span>
                                    </th>
                                 </tr>
                              </thead>
                              <thead>
                              </thead>
                              <tbody>
                                 <tr>
                                    <td class="middlealign">
                                       Alice Betsy
                                    </td>
                                    <td class="middlealign">
                                       Team 1
                                    </td>
                                    <td class="middlealign">
                                       Alice Betsy
                                    </td>
                                    <td class="middlealign">
                                       Team 1
                                    </td>
                                    <td class="text-preserve-space">
                                       <ul class="selectedOptionsList">
                                          <li>
                                             PowerSearch
                                          </li>
                                          <li>
                                             GoodUI
                                          </li>
                                       </ul>
                                    </td>
                                 </tr>
                              </tbody>
                           </table>
                        </div>
                     </div>
                  </div>
               </div>
               <div class="panel panel-info">
                  <div class="panel-heading" data-target="#panelBodyCollapse-9" id="panelHeading-9" style="cursor: pointer;">
                     <form action="/page/instructorFeedbackResultsPage" class="seeMoreForm-9" id="seeMore-9" style="display:none;">
                        <input name="courseid" type="hidden" value="CFResultsUiT.CS2104"/>
                                                <input name="fsname" type="hidden" value="First Session"/>
                                                <input name="user" type="hidden" value="CFResultsUiT.instr"/>
                                                <input name="frgroupbyteam" type="hidden" value="on"/>
                                                <input name="frsorttype" type="hidden" value="question"/>
                                                <input id="showStats-9" name="frshowstats" type="hidden" value="on"/>
                                                <input name="questionnum" type="hidden" value="9"/>
                                             </form>
                     <div class="display-icon pull-right">
                        <span class="glyphicon glyphicon-chevron-up pull-right">
                        </span>
                     </div>
                     <strong>
                        Question 9:
                     </strong>
                     <span class="text-preserve-space">
                        Who do you think is the most hardworking student? 
                        <span style=" white-space: normal;">
                           <a class="color_gray" data-less="[less]" data-more="[more]" href="javascript:;" id="questionAdditionalInfoButton-9-" onclick="toggleAdditionalQuestionInfo('9-')">
                              [more]
                           </a>
                           <br/>
                                                      <span id="questionAdditionalInfo-9-" style="display:none;">
                              Multiple-choice (single answer) question options:
                              <br/>
                                                            The options for this question is automatically generated from the list of all students in this course.
                           </span>
                        </span>
                     </span>
                  </div>
                  <div class="panel-collapse collapse in" id="panelBodyCollapse-9">
                     <div class="panel-body padding-0" id="questionBody-8">
                        <div class="resultStatistics">
                           <div class="panel-body">
                              <div class="row">
                                 <div class="col-sm-4 text-color-gray">
                                    <strong>
                                       Response Summary
                                    </strong>
                                 </div>
                              </div>
                              <div class="row">
                                 <div class="col-sm-4">
                                    <table class="table margin-0">
                                       <thead>
                                          <tr>
                                             <td>
                                                Choice
                                             </td>
                                             <td>
                                                Response Count
                                             </td>
                                             <td>
                                                Percentage
                                             </td>
                                          </tr>
                                       </thead>
                                       <tbody>
                                          <tr>
                                             <td>
                                                Danny
                                             </td>
                                             <td>
                                                1
                                             </td>
                                             <td>
                                                100%
                                             </td>
                                          </tr>
                                       </tbody>
                                    </table>
                                 </div>
                              </div>
                           </div>
                        </div>
                        <div class="table-responsive">
                           <table class="table table-striped table-bordered dataTable margin-0">
                              <thead class="background-color-medium-gray text-color-gray font-weight-normal">
                                 <tr>
                                    <th class="button-sort-none" id="button_sortFromName" onclick="toggleSort(this,1)" style="width: 15%;">
                                       Giver
                                       <span class="icon-sort unsorted">
                                       </span>
                                    </th>
                                    <th class="button-sort-none" id="button_sortFromTeam" onclick="toggleSort(this,2)" style="width: 15%;">
                                       Team
                                       <span class="icon-sort unsorted">
                                       </span>
                                    </th>
                                    <th class="button-sort-none" id="button_sortToName" onclick="toggleSort(this,3)" style="width: 15%;">
                                       Recipient
                                       <span class="icon-sort unsorted">
                                       </span>
                                    </th>
                                    <th class="button-sort-ascending" id="button_sortToTeam" onclick="toggleSort(this,4)" style="width: 15%;">
                                       Team
                                       <span class="icon-sort unsorted">
                                       </span>
                                    </th>
                                    <th class="button-sort-none" id="button_sortFeedback" onclick="toggleSort(this,5)">
                                       Feedback
                                       <span class="icon-sort unsorted">
                                       </span>
                                    </th>
                                 </tr>
                              </thead>
                              <thead>
                              </thead>
                              <tbody>
                                 <tr>
                                    <td class="middlealign">
                                       Alice Betsy
                                    </td>
                                    <td class="middlealign">
                                       Team 1
                                    </td>
                                    <td class="middlealign">
                                       Alice Betsy
                                    </td>
                                    <td class="middlealign">
                                       Team 1
                                    </td>
                                    <td class="text-preserve-space">
                                       Danny
                                    </td>
                                 </tr>
                              </tbody>
                           </table>
                        </div>
                     </div>
                  </div>
               </div>
               <div class="panel panel-info">
                  <div class="panel-heading" data-target="#panelBodyCollapse-10" id="panelHeading-10" style="cursor: pointer;">
                     <form action="/page/instructorFeedbackResultsPage" class="seeMoreForm-10" id="seeMore-10" style="display:none;">
                        <input name="courseid" type="hidden" value="CFResultsUiT.CS2104"/>
                                                <input name="fsname" type="hidden" value="First Session"/>
                                                <input name="user" type="hidden" value="CFResultsUiT.instr"/>
                                                <input name="frgroupbyteam" type="hidden" value="on"/>
                                                <input name="frsorttype" type="hidden" value="question"/>
                                                <input id="showStats-10" name="frshowstats" type="hidden" value="on"/>
                                                <input name="questionnum" type="hidden" value="10"/>
                                             </form>
                     <div class="display-icon pull-right">
                        <span class="glyphicon glyphicon-chevron-up pull-right">
                        </span>
                     </div>
                     <strong>
                        Question 10:
                     </strong>
                     <span class="text-preserve-space">
                        Which team do you think has the best feature? 
                        <span style=" white-space: normal;">
                           <a class="color_gray" data-less="[less]" data-more="[more]" href="javascript:;" id="questionAdditionalInfoButton-10-" onclick="toggleAdditionalQuestionInfo('10-')">
                              [more]
                           </a>
                           <br/>
                                                      <span id="questionAdditionalInfo-10-" style="display:none;">
                              Multiple-choice (single answer) question options:
                              <br/>
                                                            The options for this question is automatically generated from the list of all teams in this course.
                           </span>
                        </span>
                     </span>
                  </div>
                  <div class="panel-collapse collapse in" id="panelBodyCollapse-10">
                     <div class="panel-body padding-0" id="questionBody-9">
                        <div class="resultStatistics">
                           <div class="panel-body">
                              <div class="row">
                                 <div class="col-sm-4 text-color-gray">
                                    <strong>
                                       Response Summary
                                    </strong>
                                 </div>
                              </div>
                              <div class="row">
                                 <div class="col-sm-4">
                                    <table class="table margin-0">
                                       <thead>
                                          <tr>
                                             <td>
                                                Choice
                                             </td>
                                             <td>
                                                Response Count
                                             </td>
                                             <td>
                                                Percentage
                                             </td>
                                          </tr>
                                       </thead>
                                       <tbody>
                                          <tr>
                                             <td>
                                                Team 1
                                             </td>
                                             <td>
                                                1
                                             </td>
                                             <td>
                                                50%
                                             </td>
                                          </tr>
                                          <tr>
                                             <td>
                                                Team 2
                                             </td>
                                             <td>
                                                1
                                             </td>
                                             <td>
                                                50%
                                             </td>
                                          </tr>
                                       </tbody>
                                    </table>
                                 </div>
                              </div>
                           </div>
                        </div>
                        <div class="table-responsive">
                           <table class="table table-striped table-bordered dataTable margin-0">
                              <thead class="background-color-medium-gray text-color-gray font-weight-normal">
                                 <tr>
                                    <th class="button-sort-none" id="button_sortFromName" onclick="toggleSort(this,1)" style="width: 15%;">
                                       Giver
                                       <span class="icon-sort unsorted">
                                       </span>
                                    </th>
                                    <th class="button-sort-none" id="button_sortFromTeam" onclick="toggleSort(this,2)" style="width: 15%;">
                                       Team
                                       <span class="icon-sort unsorted">
                                       </span>
                                    </th>
                                    <th class="button-sort-none" id="button_sortToName" onclick="toggleSort(this,3)" style="width: 15%;">
                                       Recipient
                                       <span class="icon-sort unsorted">
                                       </span>
                                    </th>
                                    <th class="button-sort-ascending" id="button_sortToTeam" onclick="toggleSort(this,4)" style="width: 15%;">
                                       Team
                                       <span class="icon-sort unsorted">
                                       </span>
                                    </th>
                                    <th class="button-sort-none" id="button_sortFeedback" onclick="toggleSort(this,5)">
                                       Feedback
                                       <span class="icon-sort unsorted">
                                       </span>
                                    </th>
                                 </tr>
                              </thead>
                              <thead>
                              </thead>
                              <tbody>
                                 <tr>
                                    <td class="middlealign">
                                       Alice Betsy
                                    </td>
                                    <td class="middlealign">
                                       Team 1
                                    </td>
                                    <td class="middlealign">
                                       Alice Betsy
                                    </td>
                                    <td class="middlealign">
                                       Team 1
                                    </td>
                                    <td class="text-preserve-space">
                                       Team 1
                                    </td>
                                 </tr>
                                 <tr>
                                    <td class="middlealign">
                                       Drop out
                                    </td>
                                    <td class="middlealign">
                                       Team 2
                                    </td>
                                    <td class="middlealign">
                                       Drop out
                                    </td>
                                    <td class="middlealign">
                                       Team 2
                                    </td>
                                    <td class="text-preserve-space">
                                       Team 2
                                    </td>
                                 </tr>
                              </tbody>
                           </table>
                        </div>
                     </div>
                  </div>
               </div>
               <div class="panel panel-info">
                  <div class="panel-heading" data-target="#panelBodyCollapse-11" id="panelHeading-11" style="cursor: pointer;">
                     <form action="/page/instructorFeedbackResultsPage" class="seeMoreForm-11" id="seeMore-11" style="display:none;">
                        <input name="courseid" type="hidden" value="CFResultsUiT.CS2104"/>
                                                <input name="fsname" type="hidden" value="First Session"/>
                                                <input name="user" type="hidden" value="CFResultsUiT.instr"/>
                                                <input name="frgroupbyteam" type="hidden" value="on"/>
                                                <input name="frsorttype" type="hidden" value="question"/>
                                                <input id="showStats-11" name="frshowstats" type="hidden" value="on"/>
                                                <input name="questionnum" type="hidden" value="11"/>
                                             </form>
                     <div class="display-icon pull-right">
                        <span class="glyphicon glyphicon-chevron-up pull-right">
                        </span>
                     </div>
                     <strong>
                        Question 11:
                     </strong>
                     <span class="text-preserve-space">
                        Who are your teammates? 
                        <span style=" white-space: normal;">
                           <a class="color_gray" data-less="[less]" data-more="[more]" href="javascript:;" id="questionAdditionalInfoButton-11-" onclick="toggleAdditionalQuestionInfo('11-')">
                              [more]
                           </a>
                           <br/>
                                                      <span id="questionAdditionalInfo-11-" style="display:none;">
                              Multiple-choice (multiple answers) question options:
                              <br/>
                                                            The options for this question is automatically generated from the list of all students in this course.
                           </span>
                        </span>
                     </span>
                  </div>
                  <div class="panel-collapse collapse in" id="panelBodyCollapse-11">
                     <div class="panel-body padding-0" id="questionBody-10">
                        <div class="resultStatistics">
                           <div class="panel-body">
                              <div class="row">
                                 <div class="col-sm-4 text-color-gray">
                                    <strong>
                                       Response Summary
                                    </strong>
                                 </div>
                              </div>
                              <div class="row">
                                 <div class="col-sm-4">
                                    <table class="table margin-0">
                                       <thead>
                                          <tr>
                                             <td>
                                                Choice
                                             </td>
                                             <td>
                                                Response Count
                                             </td>
                                             <td>
                                                Percentage
                                             </td>
                                          </tr>
                                       </thead>
                                       <tbody>
                                          <tr>
                                             <td>
                                                Danny
                                             </td>
                                             <td>
                                                1
                                             </td>
                                             <td>
                                                100%
                                             </td>
                                          </tr>
                                       </tbody>
                                    </table>
                                 </div>
                              </div>
                           </div>
                        </div>
                        <div class="table-responsive">
                           <table class="table table-striped table-bordered dataTable margin-0">
                              <thead class="background-color-medium-gray text-color-gray font-weight-normal">
                                 <tr>
                                    <th class="button-sort-none" id="button_sortFromName" onclick="toggleSort(this,1)" style="width: 15%;">
                                       Giver
                                       <span class="icon-sort unsorted">
                                       </span>
                                    </th>
                                    <th class="button-sort-none" id="button_sortFromTeam" onclick="toggleSort(this,2)" style="width: 15%;">
                                       Team
                                       <span class="icon-sort unsorted">
                                       </span>
                                    </th>
                                    <th class="button-sort-none" id="button_sortToName" onclick="toggleSort(this,3)" style="width: 15%;">
                                       Recipient
                                       <span class="icon-sort unsorted">
                                       </span>
                                    </th>
                                    <th class="button-sort-ascending" id="button_sortToTeam" onclick="toggleSort(this,4)" style="width: 15%;">
                                       Team
                                       <span class="icon-sort unsorted">
                                       </span>
                                    </th>
                                    <th class="button-sort-none" id="button_sortFeedback" onclick="toggleSort(this,5)">
                                       Feedback
                                       <span class="icon-sort unsorted">
                                       </span>
                                    </th>
                                 </tr>
                              </thead>
                              <thead>
                              </thead>
                              <tbody>
                                 <tr>
                                    <td class="middlealign">
                                       Alice Betsy
                                    </td>
                                    <td class="middlealign">
                                       Team 1
                                    </td>
                                    <td class="middlealign">
                                       Alice Betsy
                                    </td>
                                    <td class="middlealign">
                                       Team 1
                                    </td>
                                    <td class="text-preserve-space">
                                       <ul class="selectedOptionsList">
                                          <li>
                                             Danny
                                          </li>
                                       </ul>
                                    </td>
                                 </tr>
                              </tbody>
                           </table>
                        </div>
                     </div>
                  </div>
               </div>
               <div class="panel panel-info">
                  <div class="panel-heading" data-target="#panelBodyCollapse-12" id="panelHeading-12" style="cursor: pointer;">
                     <form action="/page/instructorFeedbackResultsPage" class="seeMoreForm-12" id="seeMore-12" style="display:none;">
                        <input name="courseid" type="hidden" value="CFResultsUiT.CS2104"/>
                                                <input name="fsname" type="hidden" value="First Session"/>
                                                <input name="user" type="hidden" value="CFResultsUiT.instr"/>
                                                <input name="frgroupbyteam" type="hidden" value="on"/>
                                                <input name="frsorttype" type="hidden" value="question"/>
                                                <input id="showStats-12" name="frshowstats" type="hidden" value="on"/>
                                                <input name="questionnum" type="hidden" value="12"/>
                                             </form>
                     <div class="display-icon pull-right">
                        <span class="glyphicon glyphicon-chevron-up pull-right">
                        </span>
                     </div>
                     <strong>
                        Question 12:
                     </strong>
                     <span class="text-preserve-space">
                        Which teams do you like? 
                        <span style=" white-space: normal;">
                           <a class="color_gray" data-less="[less]" data-more="[more]" href="javascript:;" id="questionAdditionalInfoButton-12-" onclick="toggleAdditionalQuestionInfo('12-')">
                              [more]
                           </a>
                           <br/>
                                                      <span id="questionAdditionalInfo-12-" style="display:none;">
                              Multiple-choice (multiple answers) question options:
                              <br/>
                                                            The options for this question is automatically generated from the list of all teams in this course.
                           </span>
                        </span>
                     </span>
                  </div>
                  <div class="panel-collapse collapse in" id="panelBodyCollapse-12">
                     <div class="panel-body padding-0" id="questionBody-11">
                        <div class="resultStatistics">
                           <div class="panel-body">
                              <div class="row">
                                 <div class="col-sm-4 text-color-gray">
                                    <strong>
                                       Response Summary
                                    </strong>
                                 </div>
                              </div>
                              <div class="row">
                                 <div class="col-sm-4">
                                    <table class="table margin-0">
                                       <thead>
                                          <tr>
                                             <td>
                                                Choice
                                             </td>
                                             <td>
                                                Response Count
                                             </td>
                                             <td>
                                                Percentage
                                             </td>
                                          </tr>
                                       </thead>
                                       <tbody>
                                          <tr>
                                             <td>
                                                Team 1
                                             </td>
                                             <td>
                                                1
                                             </td>
                                             <td>
                                                50%
                                             </td>
                                          </tr>
                                          <tr>
                                             <td>
                                                Team 2
                                             </td>
                                             <td>
                                                1
                                             </td>
                                             <td>
                                                50%
                                             </td>
                                          </tr>
                                       </tbody>
                                    </table>
                                 </div>
                              </div>
                           </div>
                        </div>
                        <div class="table-responsive">
                           <table class="table table-striped table-bordered dataTable margin-0">
                              <thead class="background-color-medium-gray text-color-gray font-weight-normal">
                                 <tr>
                                    <th class="button-sort-none" id="button_sortFromName" onclick="toggleSort(this,1)" style="width: 15%;">
                                       Giver
                                       <span class="icon-sort unsorted">
                                       </span>
                                    </th>
                                    <th class="button-sort-none" id="button_sortFromTeam" onclick="toggleSort(this,2)" style="width: 15%;">
                                       Team
                                       <span class="icon-sort unsorted">
                                       </span>
                                    </th>
                                    <th class="button-sort-none" id="button_sortToName" onclick="toggleSort(this,3)" style="width: 15%;">
                                       Recipient
                                       <span class="icon-sort unsorted">
                                       </span>
                                    </th>
                                    <th class="button-sort-ascending" id="button_sortToTeam" onclick="toggleSort(this,4)" style="width: 15%;">
                                       Team
                                       <span class="icon-sort unsorted">
                                       </span>
                                    </th>
                                    <th class="button-sort-none" id="button_sortFeedback" onclick="toggleSort(this,5)">
                                       Feedback
                                       <span class="icon-sort unsorted">
                                       </span>
                                    </th>
                                 </tr>
                              </thead>
                              <thead>
                              </thead>
                              <tbody>
                                 <tr>
                                    <td class="middlealign">
                                       Alice Betsy
                                    </td>
                                    <td class="middlealign">
                                       Team 1
                                    </td>
                                    <td class="middlealign">
                                       Alice Betsy
                                    </td>
                                    <td class="middlealign">
                                       Team 1
                                    </td>
                                    <td class="text-preserve-space">
                                       <ul class="selectedOptionsList">
                                          <li>
                                             Team 1
                                          </li>
                                          <li>
                                             Team 2
                                          </li>
                                       </ul>
                                    </td>
                                 </tr>
                              </tbody>
                           </table>
                        </div>
                     </div>
                  </div>
               </div>
               <div class="panel panel-info">
                  <div class="panel-heading" data-target="#panelBodyCollapse-13" id="panelHeading-13" style="cursor: pointer;">
                     <form action="/page/instructorFeedbackResultsPage" class="seeMoreForm-13" id="seeMore-13" style="display:none;">
                        <input name="courseid" type="hidden" value="CFResultsUiT.CS2104"/>
                                                <input name="fsname" type="hidden" value="First Session"/>
                                                <input name="user" type="hidden" value="CFResultsUiT.instr"/>
                                                <input name="frgroupbyteam" type="hidden" value="on"/>
                                                <input name="frsorttype" type="hidden" value="question"/>
                                                <input id="showStats-13" name="frshowstats" type="hidden" value="on"/>
                                                <input name="questionnum" type="hidden" value="13"/>
                                             </form>
                     <div class="display-icon pull-right">
                        <span class="glyphicon glyphicon-chevron-up pull-right">
                        </span>
                     </div>
                     <strong>
                        Question 13:
                     </strong>
                     <span class="text-preserve-space">
                        Rate our product. 
                        <span style=" white-space: normal;">
                           <a class="color_gray" data-less="[less]" data-more="[more]" href="javascript:;" id="questionAdditionalInfoButton-13-" onclick="toggleAdditionalQuestionInfo('13-')">
                              [more]
                           </a>
                           <br/>
                                                      <span id="questionAdditionalInfo-13-" style="display:none;">
                              Numerical-scale question:
                              <br/>
                                                            Minimum value: 1. Increment: 0.5. Maximum value: 5.
                           </span>
                        </span>
                     </span>
                  </div>
                  <div class="panel-collapse collapse in" id="panelBodyCollapse-13">
                     <div class="panel-body padding-0" id="questionBody-12">
                        <div class="resultStatistics">
                           <div class="panel-body">
                              <div class="row">
                                 <div class="col-sm-4 text-color-gray">
                                    <strong>
                                       Response Summary
                                    </strong>
                                 </div>
                              </div>
                              <div class="row">
                                 <form class="form-horizontal col-sm-12" role="form">
                                    <div class="form-group margin-0">
                                       <label class="col-sm-2 control-label font-weight-normal">
                                          Average:
                                       </label>
                                       <div class="col-sm-3">
                                          <p class="form-control-static">
                                             3.5
                                          </p>
                                       </div>
                                    </div>
                                    <div class="form-group margin-0">
                                       <label class="col-sm-2 control-label font-weight-normal">
                                          Minimum:
                                       </label>
                                       <div class="col-sm-3">
                                          <p class="form-control-static">
                                             3.5
                                          </p>
                                       </div>
                                    </div>
                                    <div class="form-group margin-0">
                                       <label class="col-sm-2 control-label font-weight-normal">
                                          Maximum:
                                       </label>
                                       <div class="col-sm-3">
                                          <p class="form-control-static">
                                             3.5
                                          </p>
                                       </div>
                                    </div>
                                 </form>
                              </div>
                           </div>
                        </div>
                        <div class="table-responsive">
                           <table class="table table-striped table-bordered dataTable margin-0">
                              <thead class="background-color-medium-gray text-color-gray font-weight-normal">
                                 <tr>
                                    <th class="button-sort-none" id="button_sortFromName" onclick="toggleSort(this,1)" style="width: 15%;">
                                       Giver
                                       <span class="icon-sort unsorted">
                                       </span>
                                    </th>
                                    <th class="button-sort-none" id="button_sortFromTeam" onclick="toggleSort(this,2)" style="width: 15%;">
                                       Team
                                       <span class="icon-sort unsorted">
                                       </span>
                                    </th>
                                    <th class="button-sort-none" id="button_sortToName" onclick="toggleSort(this,3)" style="width: 15%;">
                                       Recipient
                                       <span class="icon-sort unsorted">
                                       </span>
                                    </th>
                                    <th class="button-sort-ascending" id="button_sortToTeam" onclick="toggleSort(this,4)" style="width: 15%;">
                                       Team
                                       <span class="icon-sort unsorted">
                                       </span>
                                    </th>
                                    <th class="button-sort-none" id="button_sortFeedback" onclick="toggleSort(this,5)">
                                       Feedback
                                       <span class="icon-sort unsorted">
                                       </span>
                                    </th>
                                 </tr>
                              </thead>
                              <thead>
                              </thead>
                              <tbody>
                                 <tr>
                                    <td class="middlealign">
                                       Alice Betsy
                                    </td>
                                    <td class="middlealign">
                                       Team 1
                                    </td>
                                    <td class="middlealign">
                                       Alice Betsy
                                    </td>
                                    <td class="middlealign">
                                       Team 1
                                    </td>
                                    <td class="text-preserve-space">
                                       3.5
                                    </td>
                                 </tr>
                              </tbody>
                           </table>
                        </div>
                     </div>
                  </div>
               </div>
               <div class="panel panel-info">
                  <div class="panel-heading" data-target="#panelBodyCollapse-14" id="panelHeading-14" style="cursor: pointer;">
                     <form action="/page/instructorFeedbackResultsPage" class="seeMoreForm-14" id="seeMore-14" style="display:none;">
                        <input name="courseid" type="hidden" value="CFResultsUiT.CS2104"/>
                                                <input name="fsname" type="hidden" value="First Session"/>
                                                <input name="user" type="hidden" value="CFResultsUiT.instr"/>
                                                <input name="frgroupbyteam" type="hidden" value="on"/>
                                                <input name="frsorttype" type="hidden" value="question"/>
                                                <input id="showStats-14" name="frshowstats" type="hidden" value="on"/>
                                                <input name="questionnum" type="hidden" value="14"/>
                                             </form>
                     <div class="display-icon pull-right">
                        <span class="glyphicon glyphicon-chevron-up pull-right">
                        </span>
                     </div>
                     <strong>
                        Question 14:
                     </strong>
                     <span class="text-preserve-space">
                        How important are the following factors to you? Give points accordingly. 
                        <span style=" white-space: normal;">
                           <a class="color_gray" data-less="[less]" data-more="[more]" href="javascript:;" id="questionAdditionalInfoButton-14-" onclick="toggleAdditionalQuestionInfo('14-')">
                              [more]
                           </a>
                           <br/>
                                                      <span id="questionAdditionalInfo-14-" style="display:none;">
                              Distribute points (among options) question options:
                              <ul style="list-style-type: disc;margin-left: 20px;">
                                 <li>
                                    Grades
                                 </li>
                                 <li>
                                    Fun
                                 </li>
                              </ul>
                              Total points: 100
                           </span>
                        </span>
                     </span>
                  </div>
                  <div class="panel-collapse collapse in" id="panelBodyCollapse-14">
                     <div class="panel-body padding-0" id="questionBody-13">
                        <div class="resultStatistics">
                           <div class="panel-body">
                              <div class="row">
                                 <div class="col-sm-4 text-color-gray">
                                    <strong>
                                       Response Summary
                                    </strong>
                                 </div>
                              </div>
                              <div class="row">
                                 <div class="col-sm-12">
                                    <table class="table table-bordered table-responsive margin-0">
                                       <thead>
                                          <tr>
                                             <td class="button-sort-ascending" id="button_sortteamname" onclick="toggleSort(this,1);" style="width: 35%;">
                                                Option
                                                <span class="icon-sort unsorted">
                                                </span>
                                             </td>
                                             <td class="button-sort-none" id="button_sortname" onclick="toggleSort(this,2);">
                                                Points Received
                                                <span class="icon-sort unsorted">
                                                </span>
                                             </td>
                                             <td class="button-sort-none" id="button_sortclaimed" onclick="toggleSort(this,3);" style="width:15%;">
                                                Average Points
                                                <span class="icon-sort unsorted">
                                                </span>
                                             </td>
                                          </tr>
                                       </thead>
                                       <tbody>
                                          <tr>
                                             <td>
                                                Fun
                                             </td>
                                             <td>
                                                55
                                             </td>
                                             <td>
                                                55
                                             </td>
                                          </tr>
                                          <tr>
                                             <td>
                                                Grades
                                             </td>
                                             <td>
                                                45
                                             </td>
                                             <td>
                                                45
                                             </td>
                                          </tr>
                                       </tbody>
                                    </table>
                                 </div>
                              </div>
                           </div>
                        </div>
                        <div class="table-responsive">
                           <table class="table table-striped table-bordered dataTable margin-0">
                              <thead class="background-color-medium-gray text-color-gray font-weight-normal">
                                 <tr>
                                    <th class="button-sort-none" id="button_sortFromName" onclick="toggleSort(this,1)" style="width: 15%;">
                                       Giver
                                       <span class="icon-sort unsorted">
                                       </span>
                                    </th>
                                    <th class="button-sort-none" id="button_sortFromTeam" onclick="toggleSort(this,2)" style="width: 15%;">
                                       Team
                                       <span class="icon-sort unsorted">
                                       </span>
                                    </th>
                                    <th class="button-sort-none" id="button_sortToName" onclick="toggleSort(this,3)" style="width: 15%;">
                                       Recipient
                                       <span class="icon-sort unsorted">
                                       </span>
                                    </th>
                                    <th class="button-sort-ascending" id="button_sortToTeam" onclick="toggleSort(this,4)" style="width: 15%;">
                                       Team
                                       <span class="icon-sort unsorted">
                                       </span>
                                    </th>
                                    <th class="button-sort-none" id="button_sortFeedback" onclick="toggleSort(this,5)">
                                       Feedback
                                       <span class="icon-sort unsorted">
                                       </span>
                                    </th>
                                 </tr>
                              </thead>
                              <thead>
                              </thead>
                              <tbody>
                                 <tr>
                                    <td class="middlealign">
                                       Alice Betsy
                                    </td>
                                    <td class="middlealign">
                                       Team 1
                                    </td>
                                    <td class="middlealign">
                                       Alice Betsy
                                    </td>
                                    <td class="middlealign">
                                       Team 1
                                    </td>
                                    <td class="text-preserve-space">
                                       <ul>
                                          <li>
                                             Grades: 45
                                          </li>
                                          <li>
                                             Fun: 55
                                          </li>
                                       </ul>
                                    </td>
                                 </tr>
                              </tbody>
                           </table>
                        </div>
                     </div>
                  </div>
               </div>
               <div class="panel panel-info">
                  <div class="panel-heading" data-target="#panelBodyCollapse-15" id="panelHeading-15" style="cursor: pointer;">
                     <form action="/page/instructorFeedbackResultsPage" class="seeMoreForm-15" id="seeMore-15" style="display:none;">
                        <input name="courseid" type="hidden" value="CFResultsUiT.CS2104"/>
                                                <input name="fsname" type="hidden" value="First Session"/>
                                                <input name="user" type="hidden" value="CFResultsUiT.instr"/>
                                                <input name="frgroupbyteam" type="hidden" value="on"/>
                                                <input name="frsorttype" type="hidden" value="question"/>
                                                <input id="showStats-15" name="frshowstats" type="hidden" value="on"/>
                                                <input name="questionnum" type="hidden" value="15"/>
                                             </form>
                     <div class="display-icon pull-right">
                        <span class="glyphicon glyphicon-chevron-up pull-right">
                        </span>
                     </div>
                     <strong>
                        Question 15:
                     </strong>
                     <span class="text-preserve-space">
                        Split points among the your team members and yourself, according to how much you think each member has contributed. 
                        <span style=" white-space: normal;">
                           <a class="color_gray" data-less="[less]" data-more="[more]" href="javascript:;" id="questionAdditionalInfoButton-15-" onclick="toggleAdditionalQuestionInfo('15-')">
                              [more]
                           </a>
                           <br/>
                                                      <span id="questionAdditionalInfo-15-" style="display:none;">
                              Distribute points (among recipients) question
                              <br/>
                                                            Points per recipient: 100
                           </span>
                        </span>
                     </span>
                  </div>
                  <div class="panel-collapse collapse in" id="panelBodyCollapse-15">
                     <div class="panel-body padding-0" id="questionBody-14">
                        <div class="resultStatistics">
                           <div class="panel-body">
                              <div class="row">
                                 <div class="col-sm-4 text-color-gray">
                                    <strong>
                                       Response Summary
                                    </strong>
                                 </div>
                              </div>
                              <div class="row">
                                 <div class="col-sm-12">
                                    <table class="table table-bordered table-responsive margin-0">
                                       <thead>
                                          <tr>
                                             <td class="button-sort-ascending" id="button_sortteamname" onclick="toggleSort(this,1);" style="width: 35%;">
                                                Recipient
                                                <span class="icon-sort unsorted">
                                                </span>
                                             </td>
                                             <td class="button-sort-none" id="button_sortname" onclick="toggleSort(this,2);">
                                                Points Received
                                                <span class="icon-sort unsorted">
                                                </span>
                                             </td>
                                             <td class="button-sort-none" id="button_sortclaimed" onclick="toggleSort(this,3);" style="width:15%;">
                                                Average Points
                                                <span class="icon-sort unsorted">
                                                </span>
                                             </td>
                                          </tr>
                                       </thead>
                                       <tbody>
                                          <tr>
                                             <td>
                                                Charlie Dávis
                                             </td>
                                             <td>
                                                50
                                             </td>
                                             <td>
                                                50
                                             </td>
                                          </tr>
                                          <tr>
                                             <td>
                                                Benny Charles
                                             </td>
                                             <td>
                                                90
                                             </td>
                                             <td>
                                                90
                                             </td>
                                          </tr>
                                          <tr>
                                             <td>
                                                Danny Engrid
                                             </td>
                                             <td>
                                                150
                                             </td>
                                             <td>
                                                150
                                             </td>
                                          </tr>
                                          <tr>
                                             <td>
                                                Alice Betsy
                                             </td>
                                             <td>
                                                110
                                             </td>
                                             <td>
                                                110
                                             </td>
                                          </tr>
                                       </tbody>
                                    </table>
                                 </div>
                              </div>
                           </div>
                        </div>
                        <div class="table-responsive">
                           <table class="table table-striped table-bordered dataTable margin-0">
                              <thead class="background-color-medium-gray text-color-gray font-weight-normal">
                                 <tr>
                                    <th class="button-sort-none" id="button_sortFromName" onclick="toggleSort(this,1)" style="width: 15%;">
                                       Giver
                                       <span class="icon-sort unsorted">
                                       </span>
                                    </th>
                                    <th class="button-sort-none" id="button_sortFromTeam" onclick="toggleSort(this,2)" style="width: 15%;">
                                       Team
                                       <span class="icon-sort unsorted">
                                       </span>
                                    </th>
                                    <th class="button-sort-none" id="button_sortToName" onclick="toggleSort(this,3)" style="width: 15%;">
                                       Recipient
                                       <span class="icon-sort unsorted">
                                       </span>
                                    </th>
                                    <th class="button-sort-ascending" id="button_sortToTeam" onclick="toggleSort(this,4)" style="width: 15%;">
                                       Team
                                       <span class="icon-sort unsorted">
                                       </span>
                                    </th>
                                    <th class="button-sort-none" id="button_sortFeedback" onclick="toggleSort(this,5)">
                                       Feedback
                                       <span class="icon-sort unsorted">
                                       </span>
                                    </th>
                                 </tr>
                              </thead>
                              <thead>
                              </thead>
                              <tbody>
                                 <tr>
                                    <td class="middlealign">
                                       Alice Betsy
                                    </td>
                                    <td class="middlealign">
                                       Team 1
                                    </td>
                                    <td class="middlealign">
                                       Alice Betsy
                                    </td>
                                    <td class="middlealign">
                                       Team 1
                                    </td>
                                    <td class="text-preserve-space">
                                       110
                                    </td>
                                 </tr>
                                 <tr>
                                    <td class="middlealign">
                                       Alice Betsy
                                    </td>
                                    <td class="middlealign">
                                       Team 1
                                    </td>
                                    <td class="middlealign">
                                       Benny Charles
                                    </td>
                                    <td class="middlealign">
                                       Team 1
                                    </td>
                                    <td class="text-preserve-space">
                                       90
                                    </td>
                                 </tr>
                                 <tr>
                                    <td class="middlealign">
                                       Alice Betsy
                                    </td>
                                    <td class="middlealign">
                                       Team 1
                                    </td>
                                    <td class="middlealign">
                                       Charlie Dávis
                                    </td>
                                    <td class="middlealign">
                                       Team 2
                                    </td>
                                    <td class="text-preserve-space">
                                       50
                                    </td>
                                 </tr>
                                 <tr>
                                    <td class="middlealign">
                                       Alice Betsy
                                    </td>
                                    <td class="middlealign">
                                       Team 1
                                    </td>
                                    <td class="middlealign">
                                       Danny Engrid
                                    </td>
                                    <td class="middlealign">
                                       Team 2
                                    </td>
                                    <td class="text-preserve-space">
                                       150
                                    </td>
                                 </tr>
                              </tbody>
                           </table>
                        </div>
                     </div>
                  </div>
               </div>
               <div class="panel panel-info">
                  <div class="panel-heading" data-target="#panelBodyCollapse-16" id="panelHeading-16" style="cursor: pointer;">
                     <form action="/page/instructorFeedbackResultsPage" class="seeMoreForm-16" id="seeMore-16" style="display:none;">
                        <input name="courseid" type="hidden" value="CFResultsUiT.CS2104"/>
                                                <input name="fsname" type="hidden" value="First Session"/>
                                                <input name="user" type="hidden" value="CFResultsUiT.instr"/>
                                                <input name="frgroupbyteam" type="hidden" value="on"/>
                                                <input name="frsorttype" type="hidden" value="question"/>
                                                <input id="showStats-16" name="frshowstats" type="hidden" value="on"/>
                                                <input name="questionnum" type="hidden" value="16"/>
                                             </form>
                     <div class="display-icon pull-right">
                        <span class="glyphicon glyphicon-chevron-up pull-right">
                        </span>
                     </div>
                     <strong>
                        Question 16:
                     </strong>
                     <span class="text-preserve-space">
                        Rate the contribution of yourself and your team members towards the latest project. 
                        <span style=" white-space: normal;">
                           <a class="color_gray" data-less="[less]" data-more="[more]" href="javascript:;" id="questionAdditionalInfoButton-16-" onclick="toggleAdditionalQuestionInfo('16-')">
                              [more]
                           </a>
                           <br/>
                                                      <span id="questionAdditionalInfo-16-" style="display:none;">
                              Team contribution question
                           </span>
                        </span>
                     </span>
                  </div>
                  <div class="panel-collapse collapse in" id="panelBodyCollapse-16">
                     <div class="panel-body padding-0" id="questionBody-15">
                        <div class="resultStatistics">
                           <div class="panel-body">
                              <div class="row">
                                 <div class="col-sm-4 text-color-gray">
                                    <strong>
                                       Response Summary
                                    </strong>
                                 </div>
                                 <div class="col-sm-3 pull-right">
                                    [
                                    <a href="/instructorHelp.html#faq7a" id="interpret_help_link" target="_blank">
                                       How do I interpret/use these values?
                                    </a>
                                    ]
                                 </div>
                              </div>
                              <div class="row">
                                 <div class="col-sm-12">
                                    <table class="table table-bordered table-responsive margin-0">
                                       <thead>
                                          <tr>
                                             <td class="button-sort-ascending" id="button_sortteamname" onclick="toggleSort(this,1);">
                                                Team
                                                <span class="icon-sort unsorted">
                                                </span>
                                             </td>
                                             <td class="button-sort-none" id="button_sortname" onclick="toggleSort(this,2)">
                                                Student
                                                <span class="icon-sort unsorted">
                                                </span>
                                             </td>
                                             <td class="button-sort-none" data-container="body" data-original-title="This is the students own estimation of his/her contributions" data-placement="top" data-toggle="tooltip" id="button_sortclaimed" onclick="toggleSort(this,3,sortByPoint)" title="">
                                                <abbr title="Claimed Contribution">
                                                   CC
                                                </abbr>
                                                <span class="icon-sort unsorted">
                                                </span>
                                             </td>
                                             <td class="button-sort-none" data-container="body" data-original-title="This is the average of what other team members think this student contributed" data-placement="top" data-toggle="tooltip" id="button_sortperceived" onclick="toggleSort(this,4,sortByPoint)" title="">
                                                <abbr title="Percived Contribution">
                                                   PC
                                                </abbr>
                                                <span class="icon-sort unsorted">
                                                </span>
                                             </td>
                                             <td class="button-sort-none" data-container="body" data-original-title="Perceived Contribution - Claimed Contribution" data-placement="top" data-toggle="tooltip" id="button_sortdiff" onclick="toggleSort(this,5,sortByDiff)" title="">
                                                Diff
                                                <span class="icon-sort unsorted">
                                                </span>
                                             </td>
                                             <td class="align-center" data-container="body" data-original-title="The list of points that this student received from others" data-placement="top" data-toggle="tooltip" title="">
                                                Ratings Received
                                             </td>
                                          </tr>
                                       </thead>
                                       <tbody>
                                          <tr id="student<%=idx%>">
                                             <td>
                                                Team 1
                                             </td>
                                             <td id="studentname">
                                                Benny Charles
                                             </td>
                                             <td>
                                                <span class="color-negative" data-original-title="Not Available: There is no data for this or the data is not enough" data-placement="top" data-toggle="tooltip" title="">
                                                   N/A
                                                </span>
                                             </td>
                                             <td>
                                                <span class="color_neutral">
                                                   E
                                                </span>
                                             </td>
                                             <td>
                                                <span class="color-negative" data-container="body" data-original-title="Not Available: There is no data for this or the data is not enough" data-placement="top" data-toggle="tooltip" title="">
                                                   N/A
                                                </span>
                                             </td>
                                             <td>
                                                <span class="color_neutral">
                                                   E
                                                </span>
                                             </td>
                                          </tr>
                                          <tr id="student<%=idx%>">
                                             <td>
                                                Team 1
                                             </td>
                                             <td id="studentname">
                                                Alice Betsy
                                             </td>
                                             <td>
                                                <span class="color-positive">
                                                   E +11%
                                                </span>
                                             </td>
                                             <td>
                                                <span class="color-negative" data-original-title="Not Available: There is no data for this or the data is not enough" data-placement="top" data-toggle="tooltip" title="">
                                                   N/A
                                                </span>
                                             </td>
                                             <td>
                                                <span class="color-negative" data-container="body" data-original-title="Not Available: There is no data for this or the data is not enough" data-placement="top" data-toggle="tooltip" title="">
                                                   N/A
                                                </span>
                                             </td>
                                             <td>
                                                <span class="color-negative" data-original-title="Not Available: There is no data for this or the data is not enough" data-placement="top" data-toggle="tooltip" title="">
                                                   N/A
                                                </span>
                                             </td>
                                          </tr>
                                       </tbody>
                                    </table>
                                 </div>
                              </div>
                           </div>
                        </div>
                        <div class="table-responsive">
                           <table class="table table-striped table-bordered dataTable margin-0">
                              <thead class="background-color-medium-gray text-color-gray font-weight-normal">
                                 <tr>
                                    <th class="button-sort-none" id="button_sortFromName" onclick="toggleSort(this,1)" style="width: 15%;">
                                       Giver
                                       <span class="icon-sort unsorted">
                                       </span>
                                    </th>
                                    <th class="button-sort-none" id="button_sortFromTeam" onclick="toggleSort(this,2)" style="width: 15%;">
                                       Team
                                       <span class="icon-sort unsorted">
                                       </span>
                                    </th>
                                    <th class="button-sort-none" id="button_sortToName" onclick="toggleSort(this,3)" style="width: 15%;">
                                       Recipient
                                       <span class="icon-sort unsorted">
                                       </span>
                                    </th>
                                    <th class="button-sort-ascending" id="button_sortToTeam" onclick="toggleSort(this,4)" style="width: 15%;">
                                       Team
                                       <span class="icon-sort unsorted">
                                       </span>
                                    </th>
                                    <th class="button-sort-none" id="button_sortFeedback" onclick="toggleSort(this,5)">
                                       Feedback
                                       <span class="icon-sort unsorted">
                                       </span>
                                    </th>
                                 </tr>
                              </thead>
                              <thead>
                              </thead>
                              <tbody>
                                 <tr>
                                    <td class="middlealign">
                                       Alice Betsy
                                    </td>
                                    <td class="middlealign">
                                       Team 1
                                    </td>
                                    <td class="middlealign">
                                       Alice Betsy
                                    </td>
                                    <td class="middlealign">
                                       Team 1
                                    </td>
                                    <td class="text-preserve-space">
                                       <span class="color-positive">
                                          Equal Share +50%
                                       </span>
                                       <span>
                                            [Perceived Contribution:
                                          <span "="" class="color-negative">
                                             N/A
                                          </span>
                                          ]
                                       </span>
                                    </td>
                                 </tr>
                                 <tr>
                                    <td class="middlealign">
                                       Alice Betsy
                                    </td>
                                    <td class="middlealign">
                                       Team 1
                                    </td>
                                    <td class="middlealign">
                                       Benny Charles
                                    </td>
                                    <td class="middlealign">
                                       Team 1
                                    </td>
                                    <td class="text-preserve-space">
                                       <span class="color_neutral">
                                          Equal Share
                                       </span>
                                    </td>
                                 </tr>
                              </tbody>
                           </table>
                        </div>
                     </div>
                  </div>
               </div>
               <div class="panel panel-warning">
                  <div class="panel-heading" data-target="#panelBodyCollapse-17" id="panelHeading-17" style="cursor: pointer;">
                     <form action="/page/instructorFeedbackResultsAjaxResponseRate" class="responseRateForm" id="responseRate" style="display:none;">
                        <input name="courseid" type="hidden" value="CFResultsUiT.CS2104"/>
                                                <input name="fsname" type="hidden" value="First Session"/>
                                                <input name="user" type="hidden" value="CFResultsUiT.instr"/>
                                             </form>
                     <div class="display-icon pull-right">
                        <span class="glyphicon glyphicon-chevron-up pull-right">
                        </span>
                     </div>
                     Participants who have not responded to any question
                  </div>
                  <div class="panel-collapse collapse in" id="panelBodyCollapse-17">
                     <div class="panel-body padding-0">
                        <table class="table table-striped table-bordered margin-0">
                           <tbody>
                              <tr>
                                 <td>
                                    Danny Engrid
                                 </td>
                              </tr>
                              <tr>
                                 <td>
                                    Emily
                                 </td>
                              </tr>
                              <tr>
                                 <td>
                                    Extra guy
                                 </td>
                              </tr>
                              <tr>
                                 <td>
                                    Teammates Helper1
                                 </td>
                              </tr>
                              <tr>
                                 <td>
                                    Teammates Helper2
                                 </td>
                              </tr>
                           </tbody>
                        </table>
                     </div>
                  </div>
               </div>
            </div>
         </div>
         <div class="container-fluid" id="footerComponent">
            <div class="container">
               <div class="row">
                  <div class="col-md-4">
                     <span>
                        [
                        <a href="/index.html">
                           TEAMMATES
                        </a>
                        V4.99]
                     </span>
                  </div>
                  <div class="col-md-4">
                     [for
                     <span class="highlight-white">
                        <span class="color_white">
                           TEAMMATES Test Institute 1
                        </span>
                     </span>
                     ]
                  </div>
                  <div class="col-md-4">
                     <span>
                        [Send
                        <a class="link" href="../contact.html" target="_blank">
                           Feedback
                        </a>
                        ]
                     </span>
                  </div>
               </div>
            </div>
         </div>
      </body>
   </html>

</expected]>> but was:<<[actual>

   <html>
      <head>
         <link href="/favicon.png" rel="shortcut icon"/>
                  <meta content="text/html; charset=UTF-8" http-equiv="Content-Type"/>
                  <meta content="IE=edge" http-equiv="X-UA-Compatible"/>
                  <meta content="width=device-width, initial-scale=1" name="viewport"/>
                  <title>
            TEAMMATES - Feedback Session Results
         </title>
         <#comment         </#comment>
         <link href="/bootstrap/css/bootstrap.min.css" rel="stylesheet"/>
                  <#comment         </#comment>
         <link href="/bootstrap/css/bootstrap-theme.min.css" rel="stylesheet"/>
                  <link href="/stylesheets/teammatesCommon.css" media="screen" rel="stylesheet" type="text/css"/>
                  <script async="" src="https://ssl.google-analytics.com/ga.js" type="text/javascript">
         </script>
         <script src="/js/googleAnalytics.js" type="text/javascript">
         </script>
         <script src="/js/jquery-minified.js" type="text/javascript">
         </script>
         <script src="/js/common.js" type="text/javascript">
         </script>
         <script src="/js/instructor.js" type="text/javascript">
         </script>
         <script src="/js/instructorFeedbackResults.js" type="text/javascript">
         </script>
         <script src="/js/instructorFeedbackResultsAjaxByQuestion.js" type="text/javascript">
         </script>
         <script src="/js/instructorFeedbackResultsAjaxResponseRate.js" type="text/javascript">
         </script>
         <script src="/js/additionalQuestionInfo.js" type="text/javascript">
         </script>
         <#comment         </#comment>
         <script src="/bootstrap/js/bootstrap.min.js">
         </script>
         <#comment         </#comment>
         <#comment         </#comment>
      </head>
      <body>
         <div class="navbar navbar-inverse navbar-fixed-top" role="navigation">
            <div class="container">
               <div class="navbar-header">
                  <button class="navbar-toggle" data-target="#contentLinks" data-toggle="collapse" type="button">
                     <span class="sr-only">
                        Toggle navigation
                     </span>
                     <span class="icon-bar">
                     </span>
                     <span class="icon-bar">
                     </span>
                     <span class="icon-bar">
                     </span>
                  </button>
                  <a class="navbar-brand" href="/index.html">
                     TEAMMATES
                  </a>
               </div>
               <div class="collapse navbar-collapse" id="contentLinks">
                  <ul class="nav navbar-nav">
                     <li class="">
                        <a class="nav home" data-link="instructorHome" href="/page/instructorHomePage?user=CFResultsUiT.instr">
                           Home
                        </a>
                     </li>
                     <li class="">
                        <a class="nav courses" data-link="instructorCourse" href="/page/instructorCoursesPage?user=CFResultsUiT.instr">
                           Courses
                        </a>
                     </li>
                     <li class="active">
                        <a class="nav evaluations" data-link="instructorEval" href="/page/instructorFeedbacksPage?user=CFResultsUiT.instr">
                           Sessions
                        </a>
                     </li>
                     <li class="">
                        <a class="nav students" data-link="instructorStudent" href="/page/instructorStudentListPage?user=CFResultsUiT.instr">
                           Students
                        </a>
                     </li>
                     <li class="">
                        <a class="nav comments" data-link="instructorComments" href="/page/instructorCommentsPage?user=CFResultsUiT.instr">
                           Comments
                        </a>
                     </li>
                     <li class="">
                        <a class="nav search" data-link="instructorSearch" href="/page/instructorSearchPage?user=CFResultsUiT.instr">
                           Search
                        </a>
                     </li>
                     <li>
                        <a class="nav help" href="/instructorHelp.html" target="_blank">
                           Help
                        </a>
                     </li>
                  </ul>
                  <ul class="nav navbar-nav pull-right">
                     <li>
                        <a class="nav logout" href="/logout.jsp">
                           Logout
                        
                        (
                           <span class="text-info" data-original-title="CFResultsUiT.instr" data-placement="bottom" data-toggle="tooltip" title="">
                              CFResultsUiT.instr
                           </span>
                           )
                        </a>
                     </li>
                  </ul>
               </div>
            </div>
         </div>
         <div id="frameBody">
            <div class="container" id="frameBodyWrapper">
               <div id="topOfPage">
               </div>
               <div id="headerOperation">
                  <h1>
                     Session Results
                  </h1>
               </div>
               <div class="well well-plain padding-0">
                  <form action="/page/instructorFeedbackResultsDownload" class="form-horizontal" method="post" role="form">
                     <div class="panel-heading">
                        <div class="row">
                           <div class="col-sm-4">
                              <div class="form-group">
                                 <label class="col-sm-2 control-label">
                                    Course:
                                 </label>
                                 <div class="col-sm-10">
                                    <p class="form-control-static">
                                       CFResultsUiT.CS2104
                                    </p>
                                 </div>
                              </div>
                              <div class="form-group">
                                 <label class="col-sm-2 control-label">
                                    Session:
                                 </label>
                                 <div class="col-sm-10">
                                    <p class="form-control-static">
                                       First Session
                                       <a href="/page/instructorFeedbackEditPage?courseid=CFResultsUiT.CS2104&fsname=First+Session&user=CFResultsUiT.instr">
                                          [Edit]
                                       </a>
                                    </p>
                                 </div>
                              </div>
                           </div>
                           <div class="col-sm-6">
                              <div class="form-group">
                                 <label class="col-sm-4 control-label">
                                    Session duration:
                                 </label>
                                 <div class="col-sm-8">
                                    <p class="form-control-static">
                                       01 Apr 2012, 23:59   
                                       <b>
                                          to
                                       </b>
                                          30 Apr 2016, 23:59
                                    </p>
                                 </div>
                              </div>
                              <div class="form-group">
                                 <label class="col-sm-4 control-label">
                                    Results visible from:
                                 </label>
                                 <div class="col-sm-8">
                                    <p class="form-control-static">
                                       01 May 2012, 23:59
                                    </p>
                                 </div>
                              </div>
                           </div>
                           <div class="col-sm-2">
                              <div id="feedbackDataButtons">
                                 <input class="btn btn-primary pull-right" id="button_download" name="fruploaddownloadbtn" type="submit" value="Download results"/>
                                                               </div>
                              <input name="user" type="hidden" value="CFResultsUiT.instr"/>
                                                            <input name="fsname" type="hidden" value="First Session"/>
                                                            <input name="courseid" type="hidden" value="CFResultsUiT.CS2104"/>
                                                            <input name="sectionname" type="hidden" value="All"/>
                                                         </div>
                        </div>
                     </div>
                  </form>
               </div>
               <form action="/page/instructorFeedbackResultsPage?courseid=CFResultsUiT.CS2104&fsname=First+Session&user=CFResultsUiT.instr" class="form-horizontal" method="post" role="form">
                  <div class="panel panel-info margin-0">
                     <div class="panel-body">
                        <div class="row">
                           <div class="col-sm-5" data-original-title="View results in different formats" data-toggle="tooltip" title="">
                              <div class="form-group">
                                 <label class="col-sm-2 control-label" for="viewSelect">
                                    View:
                                 </label>
                                 <div class="col-sm-10">
                                    <select class="form-control" id="viewSelect" name="frsorttype" onchange="this.form.submit()">
                                       <option selected="selected" value="question">
                                          Group by - Question
                                       </option>
                                       <option value="giver-recipient-question">
                                          Group by - Giver > Recipient > Question
                                       </option>
                                       <option value="recipient-giver-question">
                                          Group by - Recipient > Giver > Question
                                       </option>
                                       <option value="giver-question-recipient">
                                          Group by - Giver > Question > Recipient
                                       </option>
                                       <option value="recipient-question-giver">
                                          Group by - Recipient > Question > Giver
                                       </option>
                                    </select>
                                 </div>
                              </div>
                           </div>
                           <div class="col-sm-5" data-original-title="Filter the results in the current view" data-toggle="tooltip" title="">
                              <div class="form-group">
                                 <label class="col-sm-2 control-label" for="viewSelect">
                                    Filter:
                                 </label>
                                 <div class="col-sm-10">
                                    <div class="input-group">
                                       <input class="form-control" id="results-search-box" onchange="updateResultsFilter()" placeholder="Type keywords from the question title" type="text"/>
                                                                              <a class="input-group-addon btn btn-default">
                                          <span class="glyphicon glyphicon-search">
                                          </span>
                                       </a>
                                    </div>
                                 </div>
                              </div>
                           </div>
                           <div class="col-sm-2 pull-right">
                              <div class="col-sm-12" data-original-title="Group results in the current view by team" data-toggle="tooltip" title="">
                                 <div class="checkbox padding-top-0 min-height-0">
                                    <label class="text-strike">
                                       <input checked="checked" id="frgroupbyteam" name="frgroupbyteam" type="checkbox"/>
                                                                              Group by Teams
                                    </label>
                                 </div>
                              </div>
                              <div class="col-sm-12" data-original-title="Show statistics" data-toggle="tooltip" title="">
                                 <div class="checkbox padding-top-0 min-height-0">
                                    <label>
                                       <input checked="checked" id="show-stats-checkbox" name="frshowstats" type="checkbox"/>
                                                                              Show Statistics
                                    </label>
                                 </div>
                              </div>
                           </div>
                        </div>
                        <div class="row">
                           <div class="col-sm-5" data-original-title="View results by sections" data-toggle="tooltip" title="">
                              <div class="form-group">
                                 <label class="col-sm-2 control-label" for="sectionSelect">
                                    Section:
                                 </label>
                                 <div class="col-sm-10">
                                    <select class="form-control" id="sectionSelect" name="frgroupbysection" onchange="this.form.submit()">
                                       <option selected="selected" value="All">
                                          All
                                       </option>
                                       <option value="Section A">
                                          Section A
                                       </option>
                                       <option value="Section B">
                                          Section B
                                       </option>
                                    </select>
                                 </div>
                              </div>
                           </div>
                           <div class="col-sm-7 pull-right" style="padding-top:8px;">
                              <a class="btn btn-default btn-xs pull-right" data-original-title="Collapse all panels. You can also click on the panel heading to toggle each one individually." data-toggle="tooltip" id="collapse-panels-button" onclick="toggleCollapse(this)" title="">
                                 Collapse Questions
                              </a>
                           </div>
                        </div>
                     </div>
                  </div>
                  <input name="fsname" type="hidden" value="First Session"/>
                                    <input name="courseid" type="hidden" value="CFResultsUiT.CS2104"/>
                                    <input name="user" type="hidden" value="CFResultsUiT.instr"/>
                                 </form>
               <br/>
                              <div id="statusMessage" style="display: none;">
               </div>
               <br/>
                              <br/>
                              <div class="panel panel-info">
                  <div class="panel-heading" data-target="#panelBodyCollapse-1" id="panelHeading-1" style="cursor: pointer;">
                     <form action="/page/instructorFeedbackResultsPage" class="seeMoreForm-1" id="seeMore-1" style="display:none;">
                        <input name="courseid" type="hidden" value="CFResultsUiT.CS2104"/>
                                                <input name="fsname" type="hidden" value="First Session"/>
                                                <input name="user" type="hidden" value="CFResultsUiT.instr"/>
                                                <input name="frgroupbyteam" type="hidden" value="on"/>
                                                <input name="frsorttype" type="hidden" value="question"/>
                                                <input id="showStats-1" name="frshowstats" type="hidden" value="on"/>
                                                <input name="questionnum" type="hidden" value="1"/>
                                             </form>
                     <div class="display-icon pull-right">
                        <span class="glyphicon glyphicon-chevron-up pull-right">
                        </span>
                     </div>
                     <strong>
                        Question 1:
                     </strong>
                     <span class="text-preserve-space">
                        Rate 3 other students' products
                     </span>
                  </div>
                  <div class="panel-collapse collapse in" id="panelBodyCollapse-1">
                     <div class="panel-body padding-0" id="questionBody-0">
                        <div class="resultStatistics">
                        </div>
                        <div class="table-responsive">
                           <table class="table table-striped table-bordered dataTable margin-0">
                              <thead class="background-color-medium-gray text-color-gray font-weight-normal">
                                 <tr>
                                    <th class="button-sort-none" id="button_sortFromName" onclick="toggleSort(this,1)" style="width: 15%;">
                                       Giver
                                       <span class="icon-sort unsorted">
                                       </span>
                                    </th>
                                    <th class="button-sort-none" id="button_sortFromTeam" onclick="toggleSort(this,2)" style="width: 15%;">
                                       Team
                                       <span class="icon-sort unsorted">
                                       </span>
                                    </th>
                                    <th class="button-sort-none" id="button_sortToName" onclick="toggleSort(this,3)" style="width: 15%;">
                                       Recipient
                                       <span class="icon-sort unsorted">
                                       </span>
                                    </th>
                                    <th class="button-sort-ascending" id="button_sortToTeam" onclick="toggleSort(this,4)" style="width: 15%;">
                                       Team
                                       <span class="icon-sort unsorted">
                                       </span>
                                    </th>
                                    <th class="button-sort-none" id="button_sortFeedback" onclick="toggleSort(this,5)">
                                       Feedback
                                       <span class="icon-sort unsorted">
                                       </span>
                                    </th>
                                 </tr>
                              </thead>
                              <thead>
                              </thead>
                              <tbody>
                                 <tr>
                                    <td class="middlealign">
                                       Alice Betsy
                                    </td>
                                    <td class="middlealign">
                                       Team 1
                                    </td>
                                    <td class="middlealign">
                                       Benny Charles
                                    </td>
                                    <td class="middlealign">
                                       Team 1
                                    </td>
                                    <td class="text-preserve-space">
                                       2 Response to Benny.
                                    </td>
                                 </tr>
                                 <tr>
                                    <td class="middlealign">
                                       Alice Betsy
                                    </td>
                                    <td class="middlealign">
                                       Team 1
                                    </td>
                                    <td class="middlealign">
                                       Drop out
                                    </td>
                                    <td class="middlealign">
                                       Team 2
                                    </td>
                                    <td class="text-preserve-space">
                                       Response to Dropout.
                                    </td>
                                 </tr>
                                 <tr>
                                    <td class="middlealign">
                                       Benny Charles
                                    </td>
                                    <td class="middlealign">
                                       Team 1
                                    </td>
                                    <td class="middlealign">
                                       Charlie Dávis
                                    </td>
                                    <td class="middlealign">
                                       Team 2
                                    </td>
                                    <td class="text-preserve-space">
                                       4 Response to Charlie.
                                    </td>
                                 </tr>
                                 <tr>
                                    <td class="middlealign">
                                       Benny Charles
                                    </td>
                                    <td class="middlealign">
                                       Team 1
                                    </td>
                                    <td class="middlealign">
                                       Danny Engrid
                                    </td>
                                    <td class="middlealign">
                                       Team 2
                                    </td>
                                    <td class="text-preserve-space">
                                       1 Response to Danny.
                                    </td>
                                 </tr>
                                 <tr>
                                    <td class="middlealign">
                                       Charlie Dávis
                                    </td>
                                    <td class="middlealign">
                                       Team 2
                                    </td>
                                    <td class="middlealign">
                                       Emily
                                    </td>
                                    <td class="middlealign">
                                       Team 3
                                    </td>
                                    <td class="text-preserve-space">
                                       3 Response to Emily.
                                    </td>
                                 </tr>
                                 <tr>
                                    <td class="middlealign">
                                       Drop out
                                    </td>
                                    <td class="middlealign">
                                       Team 2
                                    </td>
                                    <td class="middlealign">
                                       Alice Betsy
                                    </td>
                                    <td class="middlealign">
                                       Team 1
                                    </td>
                                    <td class="text-preserve-space">
                                       Response to Alice from Dropout.
                                    </td>
                                 </tr>
                                 <tr>
                                    <td class="middlealign">
                                       Drop out
                                    </td>
                                    <td class="middlealign">
                                       Team 2
                                    </td>
                                    <td class="middlealign">
                                       Benny Charles
                                    </td>
                                    <td class="middlealign">
                                       Team 1
                                    </td>
                                    <td class="text-preserve-space">
                                       Response to Benny from Dropout.
                                    </td>
                                 </tr>
                                 <tr>
                                    <td class="middlealign">
                                       Drop out
                                    </td>
                                    <td class="middlealign">
                                       Team 2
                                    </td>
                                    <td class="middlealign">
                                       Danny Engrid
                                    </td>
                                    <td class="middlealign">
                                       Team 2
                                    </td>
                                    <td class="text-preserve-space">
                                       Response to Danny from Dropout.
                                    </td>
                                 </tr>
                              </tbody>
                           </table>
                        </div>
                     </div>
                  </div>
               </div>
               <div class="panel panel-info">
                  <div class="panel-heading" data-target="#panelBodyCollapse-2" id="panelHeading-2" style="cursor: pointer;">
                     <form action="/page/instructorFeedbackResultsPage" class="seeMoreForm-2" id="seeMore-2" style="display:none;">
                        <input name="courseid" type="hidden" value="CFResultsUiT.CS2104"/>
                                                <input name="fsname" type="hidden" value="First Session"/>
                                                <input name="user" type="hidden" value="CFResultsUiT.instr"/>
                                                <input name="frgroupbyteam" type="hidden" value="on"/>
                                                <input name="frsorttype" type="hidden" value="question"/>
                                                <input id="showStats-2" name="frshowstats" type="hidden" value="on"/>
                                                <input name="questionnum" type="hidden" value="2"/>
                                             </form>
                     <div class="display-icon pull-right">
                        <span class="glyphicon glyphicon-chevron-up pull-right">
                        </span>
                     </div>
                     <strong>
                        Question 2:
                     </strong>
                     <span class="text-preserve-space">
                        What is the best selling point of your product?
                     </span>
                  </div>
                  <div class="panel-collapse collapse in" id="panelBodyCollapse-2">
                     <div class="panel-body padding-0" id="questionBody-1">
                        <div class="col-sm-12">
                           <i class="text-muted">
                              There are no responses for this question.
                           </i>
                        </div>
                     </div>
                  </div>
               </div>
               <div class="panel panel-info">
                  <div class="panel-heading" data-target="#panelBodyCollapse-3" id="panelHeading-3" style="cursor: pointer;">
                     <form action="/page/instructorFeedbackResultsPage" class="seeMoreForm-3" id="seeMore-3" style="display:none;">
                        <input name="courseid" type="hidden" value="CFResultsUiT.CS2104"/>
                                                <input name="fsname" type="hidden" value="First Session"/>
                                                <input name="user" type="hidden" value="CFResultsUiT.instr"/>
                                                <input name="frgroupbyteam" type="hidden" value="on"/>
                                                <input name="frsorttype" type="hidden" value="question"/>
                                                <input id="showStats-3" name="frshowstats" type="hidden" value="on"/>
                                                <input name="questionnum" type="hidden" value="3"/>
                                             </form>
                     <div class="display-icon pull-right">
                        <span class="glyphicon glyphicon-chevron-up pull-right">
                        </span>
                     </div>
                     <strong>
                        Question 3:
                     </strong>
                     <span class="text-preserve-space">
                        My comments on the class
                     </span>
                  </div>
                  <div class="panel-collapse collapse in" id="panelBodyCollapse-3">
                     <div class="panel-body padding-0" id="questionBody-2">
                        <div class="resultStatistics">
                        </div>
                        <div class="table-responsive">
                           <table class="table table-striped table-bordered dataTable margin-0">
                              <thead class="background-color-medium-gray text-color-gray font-weight-normal">
                                 <tr>
                                    <th class="button-sort-none" id="button_sortFromName" onclick="toggleSort(this,1)" style="width: 15%;">
                                       Giver
                                       <span class="icon-sort unsorted">
                                       </span>
                                    </th>
                                    <th class="button-sort-none" id="button_sortFromTeam" onclick="toggleSort(this,2)" style="width: 15%;">
                                       Team
                                       <span class="icon-sort unsorted">
                                       </span>
                                    </th>
                                    <th class="button-sort-none" id="button_sortToName" onclick="toggleSort(this,3)" style="width: 15%;">
                                       Recipient
                                       <span class="icon-sort unsorted">
                                       </span>
                                    </th>
                                    <th class="button-sort-ascending" id="button_sortToTeam" onclick="toggleSort(this,4)" style="width: 15%;">
                                       Team
                                       <span class="icon-sort unsorted">
                                       </span>
                                    </th>
                                    <th class="button-sort-none" id="button_sortFeedback" onclick="toggleSort(this,5)">
                                       Feedback
                                       <span class="icon-sort unsorted">
                                       </span>
                                    </th>
                                 </tr>
                              </thead>
                              <thead>
                              </thead>
                              <tbody>
                                 <tr>
                                    <td class="middlealign">
                                       Teammates Test
                                    </td>
                                    <td class="middlealign">
                                       Instructors
                                    </td>
                                    <td class="middlealign">
                                       -
                                    </td>
                                    <td class="middlealign">
                                       -
                                    </td>
                                    <td class="text-preserve-space">
                                       This is for nobody specific.
                                    </td>
                                 </tr>
                              </tbody>
                           </table>
                        </div>
                     </div>
                  </div>
               </div>
               <div class="panel panel-info">
                  <div class="panel-heading" data-target="#panelBodyCollapse-4" id="panelHeading-4" style="cursor: pointer;">
                     <form action="/page/instructorFeedbackResultsPage" class="seeMoreForm-4" id="seeMore-4" style="display:none;">
                        <input name="courseid" type="hidden" value="CFResultsUiT.CS2104"/>
                                                <input name="fsname" type="hidden" value="First Session"/>
                                                <input name="user" type="hidden" value="CFResultsUiT.instr"/>
                                                <input name="frgroupbyteam" type="hidden" value="on"/>
                                                <input name="frsorttype" type="hidden" value="question"/>
                                                <input id="showStats-4" name="frshowstats" type="hidden" value="on"/>
                                                <input name="questionnum" type="hidden" value="4"/>
                                             </form>
                     <div class="display-icon pull-right">
                        <span class="glyphicon glyphicon-chevron-up pull-right">
                        </span>
                     </div>
                     <strong>
                        Question 4:
                     </strong>
                     <span class="text-preserve-space">
                        Give feedback to 3 other teams.
                     </span>
                  </div>
                  <div class="panel-collapse collapse in" id="panelBodyCollapse-4">
                     <div class="panel-body padding-0" id="questionBody-3">
                        <div class="col-sm-12">
                           <i class="text-muted">
                              There are no responses for this question.
                           </i>
                        </div>
                     </div>
                  </div>
               </div>
               <div class="panel panel-info">
                  <div class="panel-heading" data-target="#panelBodyCollapse-5" id="panelHeading-5" style="cursor: pointer;">
                     <form action="/page/instructorFeedbackResultsPage" class="seeMoreForm-5" id="seeMore-5" style="display:none;">
                        <input name="courseid" type="hidden" value="CFResultsUiT.CS2104"/>
                                                <input name="fsname" type="hidden" value="First Session"/>
                                                <input name="user" type="hidden" value="CFResultsUiT.instr"/>
                                                <input name="frgroupbyteam" type="hidden" value="on"/>
                                                <input name="frsorttype" type="hidden" value="question"/>
                                                <input id="showStats-5" name="frshowstats" type="hidden" value="on"/>
                                                <input name="questionnum" type="hidden" value="5"/>
                                             </form>
                     <div class="display-icon pull-right">
                        <span class="glyphicon glyphicon-chevron-up pull-right">
                        </span>
                     </div>
                     <strong>
                        Question 5:
                     </strong>
                     <span class="text-preserve-space">
                        Give feedback to your team mates
                     </span>
                  </div>
                  <div class="panel-collapse collapse in" id="panelBodyCollapse-5">
                     <div class="panel-body padding-0" id="questionBody-4">
                        <div class="col-sm-12">
                           <i class="text-muted">
                              There are no responses for this question.
                           </i>
                        </div>
                     </div>
                  </div>
               </div>
               <div class="panel panel-info">
                  <div class="panel-heading" data-target="#panelBodyCollapse-6" id="panelHeading-6" style="cursor: pointer;">
                     <form action="/page/instructorFeedbackResultsPage" class="seeMoreForm-6" id="seeMore-6" style="display:none;">
                        <input name="courseid" type="hidden" value="CFResultsUiT.CS2104"/>
                                                <input name="fsname" type="hidden" value="First Session"/>
                                                <input name="user" type="hidden" value="CFResultsUiT.instr"/>
                                                <input name="frgroupbyteam" type="hidden" value="on"/>
                                                <input name="frsorttype" type="hidden" value="question"/>
                                                <input id="showStats-6" name="frshowstats" type="hidden" value="on"/>
                                                <input name="questionnum" type="hidden" value="6"/>
                                             </form>
                     <div class="display-icon pull-right">
                        <span class="glyphicon glyphicon-chevron-up pull-right">
                        </span>
                     </div>
                     <strong>
                        Question 6:
                     </strong>
                     <span class="text-preserve-space">
                        This question should be hidden.
                     </span>
                  </div>
                  <div class="panel-collapse collapse in" id="panelBodyCollapse-6">
                     <div class="panel-body padding-0" id="questionBody-5">
                        <div class="col-sm-12">
                           <i class="text-muted">
                              There are no responses for this question.
                           </i>
                        </div>
                     </div>
                  </div>
               </div>
               <div class="panel panel-info">
                  <div class="panel-heading" data-target="#panelBodyCollapse-7" id="panelHeading-7" style="cursor: pointer;">
                     <form action="/page/instructorFeedbackResultsPage" class="seeMoreForm-7" id="seeMore-7" style="display:none;">
                        <input name="courseid" type="hidden" value="CFResultsUiT.CS2104"/>
                                                <input name="fsname" type="hidden" value="First Session"/>
                                                <input name="user" type="hidden" value="CFResultsUiT.instr"/>
                                                <input name="frgroupbyteam" type="hidden" value="on"/>
                                                <input name="frsorttype" type="hidden" value="question"/>
                                                <input id="showStats-7" name="frshowstats" type="hidden" value="on"/>
                                                <input name="questionnum" type="hidden" value="7"/>
                                             </form>
                     <div class="display-icon pull-right">
                        <span class="glyphicon glyphicon-chevron-up pull-right">
                        </span>
                     </div>
                     <strong>
                        Question 7:
                     </strong>
                     <span class="text-preserve-space">
                        What is your extra feature? 
                        <span style=" white-space: normal;">
                           <a class="color_gray" data-less="[less]" data-more="[more]" href="javascript:;" id="questionAdditionalInfoButton-7-" onclick="toggleAdditionalQuestionInfo('7-')">
                              [more]
                           </a>
                           <br/>
                                                      <span id="questionAdditionalInfo-7-" style="display:none;">
                              Multiple-choice (single answer) question options:
                              <ul style="list-style-type: disc;margin-left: 20px;">
                                 <li>
                                    FlexiCommand
                                 </li>
                                 <li>
                                    PowerSearch
                                 </li>
                                 <li>
                                    GoodUI
                                 </li>
                                 <li>
                                    Google Integration
                                 </li>
                              </ul>
                           </span>
                        </span>
                     </span>
                  </div>
                  <div class="panel-collapse collapse in" id="panelBodyCollapse-7">
                     <div class="panel-body padding-0" id="questionBody-6">
                        <div class="col-sm-12">
                           <i class="text-muted">
                              There are no responses for this question.
                           </i>
                        </div>
                     </div>
                  </div>
               </div>
               <div class="panel panel-info">
                  <div class="panel-heading" data-target="#panelBodyCollapse-8" id="panelHeading-8" style="cursor: pointer;">
                     <form action="/page/instructorFeedbackResultsPage" class="seeMoreForm-8" id="seeMore-8" style="display:none;">
                        <input name="courseid" type="hidden" value="CFResultsUiT.CS2104"/>
                                                <input name="fsname" type="hidden" value="First Session"/>
                                                <input name="user" type="hidden" value="CFResultsUiT.instr"/>
                                                <input name="frgroupbyteam" type="hidden" value="on"/>
                                                <input name="frsorttype" type="hidden" value="question"/>
                                                <input id="showStats-8" name="frshowstats" type="hidden" value="on"/>
                                                <input name="questionnum" type="hidden" value="8"/>
                                             </form>
                     <div class="display-icon pull-right">
                        <span class="glyphicon glyphicon-chevron-up pull-right">
                        </span>
                     </div>
                     <strong>
                        Question 8:
                     </strong>
                     <span class="text-preserve-space">
                        What is your extra feature? 
                        <span style=" white-space: normal;">
                           <a class="color_gray" data-less="[less]" data-more="[more]" href="javascript:;" id="questionAdditionalInfoButton-8-" onclick="toggleAdditionalQuestionInfo('8-')">
                              [more]
                           </a>
                           <br/>
                                                      <span id="questionAdditionalInfo-8-" style="display:none;">
                              Multiple-choice (multiple answers) question options:
                              <ul style="list-style-type: disc;margin-left: 20px;">
                                 <li>
                                    FlexiCommand
                                 </li>
                                 <li>
                                    PowerSearch
                                 </li>
                                 <li>
                                    GoodUI
                                 </li>
                                 <li>
                                    Google Integration
                                 </li>
                              </ul>
                           </span>
                        </span>
                     </span>
                  </div>
                  <div class="panel-collapse collapse in" id="panelBodyCollapse-8">
                     <div class="panel-body padding-0" id="questionBody-7">
                        <div class="col-sm-12">
                           <i class="text-muted">
                              There are no responses for this question.
                           </i>
                        </div>
                     </div>
                  </div>
               </div>
               <div class="panel panel-info">
                  <div class="panel-heading" data-target="#panelBodyCollapse-9" id="panelHeading-9" style="cursor: pointer;">
                     <form action="/page/instructorFeedbackResultsPage" class="seeMoreForm-9" id="seeMore-9" style="display:none;">
                        <input name="courseid" type="hidden" value="CFResultsUiT.CS2104"/>
                                                <input name="fsname" type="hidden" value="First Session"/>
                                                <input name="user" type="hidden" value="CFResultsUiT.instr"/>
                                                <input name="frgroupbyteam" type="hidden" value="on"/>
                                                <input name="frsorttype" type="hidden" value="question"/>
                                                <input id="showStats-9" name="frshowstats" type="hidden" value="on"/>
                                                <input name="questionnum" type="hidden" value="9"/>
                                             </form>
                     <div class="display-icon pull-right">
                        <span class="glyphicon glyphicon-chevron-up pull-right">
                        </span>
                     </div>
                     <strong>
                        Question 9:
                     </strong>
                     <span class="text-preserve-space">
                        Who do you think is the most hardworking student? 
                        <span style=" white-space: normal;">
                           <a class="color_gray" data-less="[less]" data-more="[more]" href="javascript:;" id="questionAdditionalInfoButton-9-" onclick="toggleAdditionalQuestionInfo('9-')">
                              [more]
                           </a>
                           <br/>
                                                      <span id="questionAdditionalInfo-9-" style="display:none;">
                              Multiple-choice (single answer) question options:
                              <br/>
                                                            The options for this question is automatically generated from the list of all students in this course.
                           </span>
                        </span>
                     </span>
                  </div>
                  <div class="panel-collapse collapse in" id="panelBodyCollapse-9">
                     <div class="panel-body padding-0" id="questionBody-8">
                        <div class="col-sm-12">
                           <i class="text-muted">
                              There are no responses for this question.
                           </i>
                        </div>
                     </div>
                  </div>
               </div>
               <div class="panel panel-info">
                  <div class="panel-heading" data-target="#panelBodyCollapse-10" id="panelHeading-10" style="cursor: pointer;">
                     <form action="/page/instructorFeedbackResultsPage" class="seeMoreForm-10" id="seeMore-10" style="display:none;">
                        <input name="courseid" type="hidden" value="CFResultsUiT.CS2104"/>
                                                <input name="fsname" type="hidden" value="First Session"/>
                                                <input name="user" type="hidden" value="CFResultsUiT.instr"/>
                                                <input name="frgroupbyteam" type="hidden" value="on"/>
                                                <input name="frsorttype" type="hidden" value="question"/>
                                                <input id="showStats-10" name="frshowstats" type="hidden" value="on"/>
                                                <input name="questionnum" type="hidden" value="10"/>
                                             </form>
                     <div class="display-icon pull-right">
                        <span class="glyphicon glyphicon-chevron-up pull-right">
                        </span>
                     </div>
                     <strong>
                        Question 10:
                     </strong>
                     <span class="text-preserve-space">
                        Which team do you think has the best feature? 
                        <span style=" white-space: normal;">
                           <a class="color_gray" data-less="[less]" data-more="[more]" href="javascript:;" id="questionAdditionalInfoButton-10-" onclick="toggleAdditionalQuestionInfo('10-')">
                              [more]
                           </a>
                           <br/>
                                                      <span id="questionAdditionalInfo-10-" style="display:none;">
                              Multiple-choice (single answer) question options:
                              <br/>
                                                            The options for this question is automatically generated from the list of all teams in this course.
                           </span>
                        </span>
                     </span>
                  </div>
                  <div class="panel-collapse collapse in" id="panelBodyCollapse-10">
                     <div class="panel-body padding-0" id="questionBody-9">
                        <div class="col-sm-12">
                           <i class="text-muted">
                              There are no responses for this question.
                           </i>
                        </div>
                     </div>
                  </div>
               </div>
               <div class="panel panel-info">
                  <div class="panel-heading" data-target="#panelBodyCollapse-11" id="panelHeading-11" style="cursor: pointer;">
                     <form action="/page/instructorFeedbackResultsPage" class="seeMoreForm-11" id="seeMore-11" style="display:none;">
                        <input name="courseid" type="hidden" value="CFResultsUiT.CS2104"/>
                                                <input name="fsname" type="hidden" value="First Session"/>
                                                <input name="user" type="hidden" value="CFResultsUiT.instr"/>
                                                <input name="frgroupbyteam" type="hidden" value="on"/>
                                                <input name="frsorttype" type="hidden" value="question"/>
                                                <input id="showStats-11" name="frshowstats" type="hidden" value="on"/>
                                                <input name="questionnum" type="hidden" value="11"/>
                                             </form>
                     <div class="display-icon pull-right">
                        <span class="glyphicon glyphicon-chevron-up pull-right">
                        </span>
                     </div>
                     <strong>
                        Question 11:
                     </strong>
                     <span class="text-preserve-space">
                        Who are your teammates? 
                        <span style=" white-space: normal;">
                           <a class="color_gray" data-less="[less]" data-more="[more]" href="javascript:;" id="questionAdditionalInfoButton-11-" onclick="toggleAdditionalQuestionInfo('11-')">
                              [more]
                           </a>
                           <br/>
                                                      <span id="questionAdditionalInfo-11-" style="display:none;">
                              Multiple-choice (multiple answers) question options:
                              <br/>
                                                            The options for this question is automatically generated from the list of all students in this course.
                           </span>
                        </span>
                     </span>
                  </div>
                  <div class="panel-collapse collapse in" id="panelBodyCollapse-11">
                     <div class="panel-body padding-0" id="questionBody-10">
                        <div class="col-sm-12">
                           <i class="text-muted">
                              There are no responses for this question.
                           </i>
                        </div>
                     </div>
                  </div>
               </div>
               <div class="panel panel-info">
                  <div class="panel-heading" data-target="#panelBodyCollapse-12" id="panelHeading-12" style="cursor: pointer;">
                     <form action="/page/instructorFeedbackResultsPage" class="seeMoreForm-12" id="seeMore-12" style="display:none;">
                        <input name="courseid" type="hidden" value="CFResultsUiT.CS2104"/>
                                                <input name="fsname" type="hidden" value="First Session"/>
                                                <input name="user" type="hidden" value="CFResultsUiT.instr"/>
                                                <input name="frgroupbyteam" type="hidden" value="on"/>
                                                <input name="frsorttype" type="hidden" value="question"/>
                                                <input id="showStats-12" name="frshowstats" type="hidden" value="on"/>
                                                <input name="questionnum" type="hidden" value="12"/>
                                             </form>
                     <div class="display-icon pull-right">
                        <span class="glyphicon glyphicon-chevron-up pull-right">
                        </span>
                     </div>
                     <strong>
                        Question 12:
                     </strong>
                     <span class="text-preserve-space">
                        Which teams do you like? 
                        <span style=" white-space: normal;">
                           <a class="color_gray" data-less="[less]" data-more="[more]" href="javascript:;" id="questionAdditionalInfoButton-12-" onclick="toggleAdditionalQuestionInfo('12-')">
                              [more]
                           </a>
                           <br/>
                                                      <span id="questionAdditionalInfo-12-" style="display:none;">
                              Multiple-choice (multiple answers) question options:
                              <br/>
                                                            The options for this question is automatically generated from the list of all teams in this course.
                           </span>
                        </span>
                     </span>
                  </div>
                  <div class="panel-collapse collapse in" id="panelBodyCollapse-12">
                     <div class="panel-body padding-0" id="questionBody-11">
                        <div class="col-sm-12">
                           <i class="text-muted">
                              There are no responses for this question.
                           </i>
                        </div>
                     </div>
                  </div>
               </div>
               <div class="panel panel-info">
                  <div class="panel-heading" data-target="#panelBodyCollapse-13" id="panelHeading-13" style="cursor: pointer;">
                     <form action="/page/instructorFeedbackResultsPage" class="seeMoreForm-13" id="seeMore-13" style="display:none;">
                        <input name="courseid" type="hidden" value="CFResultsUiT.CS2104"/>
                                                <input name="fsname" type="hidden" value="First Session"/>
                                                <input name="user" type="hidden" value="CFResultsUiT.instr"/>
                                                <input name="frgroupbyteam" type="hidden" value="on"/>
                                                <input name="frsorttype" type="hidden" value="question"/>
                                                <input id="showStats-13" name="frshowstats" type="hidden" value="on"/>
                                                <input name="questionnum" type="hidden" value="13"/>
                                             </form>
                     <div class="display-icon pull-right">
                        <span class="glyphicon glyphicon-chevron-up pull-right">
                        </span>
                     </div>
                     <strong>
                        Question 13:
                     </strong>
                     <span class="text-preserve-space">
                        Rate our product. 
                        <span style=" white-space: normal;">
                           <a class="color_gray" data-less="[less]" data-more="[more]" href="javascript:;" id="questionAdditionalInfoButton-13-" onclick="toggleAdditionalQuestionInfo('13-')">
                              [more]
                           </a>
                           <br/>
                                                      <span id="questionAdditionalInfo-13-" style="display:none;">
                              Numerical-scale question:
                              <br/>
                                                            Minimum value: 1. Increment: 0.5. Maximum value: 5.
                           </span>
                        </span>
                     </span>
                  </div>
                  <div class="panel-collapse collapse in" id="panelBodyCollapse-13">
                     <div class="panel-body padding-0" id="questionBody-12">
                        <div class="col-sm-12">
                           <i class="text-muted">
                              There are no responses for this question.
                           </i>
                        </div>
                     </div>
                  </div>
               </div>
               <div class="panel panel-info">
                  <div class="panel-heading" data-target="#panelBodyCollapse-14" id="panelHeading-14" style="cursor: pointer;">
                     <form action="/page/instructorFeedbackResultsPage" class="seeMoreForm-14" id="seeMore-14" style="display:none;">
                        <input name="courseid" type="hidden" value="CFResultsUiT.CS2104"/>
                                                <input name="fsname" type="hidden" value="First Session"/>
                                                <input name="user" type="hidden" value="CFResultsUiT.instr"/>
                                                <input name="frgroupbyteam" type="hidden" value="on"/>
                                                <input name="frsorttype" type="hidden" value="question"/>
                                                <input id="showStats-14" name="frshowstats" type="hidden" value="on"/>
                                                <input name="questionnum" type="hidden" value="14"/>
                                             </form>
                     <div class="display-icon pull-right">
                        <span class="glyphicon glyphicon-chevron-up pull-right">
                        </span>
                     </div>
                     <strong>
                        Question 14:
                     </strong>
                     <span class="text-preserve-space">
                        How important are the following factors to you? Give points accordingly. 
                        <span style=" white-space: normal;">
                           <a class="color_gray" data-less="[less]" data-more="[more]" href="javascript:;" id="questionAdditionalInfoButton-14-" onclick="toggleAdditionalQuestionInfo('14-')">
                              [more]
                           </a>
                           <br/>
                                                      <span id="questionAdditionalInfo-14-" style="display:none;">
                              Distribute points (among options) question options:
                              <ul style="list-style-type: disc;margin-left: 20px;">
                                 <li>
                                    Grades
                                 </li>
                                 <li>
                                    Fun
                                 </li>
                              </ul>
                              Total points: 100
                           </span>
                        </span>
                     </span>
                  </div>
                  <div class="panel-collapse collapse in" id="panelBodyCollapse-14">
                     <div class="panel-body padding-0" id="questionBody-13">
                        <div class="col-sm-12">
                           <i class="text-muted">
                              There are no responses for this question.
                           </i>
                        </div>
                     </div>
                  </div>
               </div>
               <div class="panel panel-info">
                  <div class="panel-heading" data-target="#panelBodyCollapse-15" id="panelHeading-15" style="cursor: pointer;">
                     <form action="/page/instructorFeedbackResultsPage" class="seeMoreForm-15" id="seeMore-15" style="display:none;">
                        <input name="courseid" type="hidden" value="CFResultsUiT.CS2104"/>
                                                <input name="fsname" type="hidden" value="First Session"/>
                                                <input name="user" type="hidden" value="CFResultsUiT.instr"/>
                                                <input name="frgroupbyteam" type="hidden" value="on"/>
                                                <input name="frsorttype" type="hidden" value="question"/>
                                                <input id="showStats-15" name="frshowstats" type="hidden" value="on"/>
                                                <input name="questionnum" type="hidden" value="15"/>
                                             </form>
                     <div class="display-icon pull-right">
                        <span class="glyphicon glyphicon-chevron-up pull-right">
                        </span>
                     </div>
                     <strong>
                        Question 15:
                     </strong>
                     <span class="text-preserve-space">
                        Split points among the your team members and yourself, according to how much you think each member has contributed. 
                        <span style=" white-space: normal;">
                           <a class="color_gray" data-less="[less]" data-more="[more]" href="javascript:;" id="questionAdditionalInfoButton-15-" onclick="toggleAdditionalQuestionInfo('15-')">
                              [more]
                           </a>
                           <br/>
                                                      <span id="questionAdditionalInfo-15-" style="display:none;">
                              Distribute points (among recipients) question
                              <br/>
                                                            Points per recipient: 100
                           </span>
                        </span>
                     </span>
                  </div>
                  <div class="panel-collapse collapse in" id="panelBodyCollapse-15">
                     <div class="panel-body padding-0" id="questionBody-14">
                        <div class="col-sm-12">
                           <i class="text-muted">
                              There are no responses for this question.
                           </i>
                        </div>
                     </div>
                  </div>
               </div>
               <div class="panel panel-info">
                  <div class="panel-heading" data-target="#panelBodyCollapse-16" id="panelHeading-16" style="cursor: pointer;">
                     <form action="/page/instructorFeedbackResultsPage" class="seeMoreForm-16" id="seeMore-16" style="display:none;">
                        <input name="courseid" type="hidden" value="CFResultsUiT.CS2104"/>
                                                <input name="fsname" type="hidden" value="First Session"/>
                                                <input name="user" type="hidden" value="CFResultsUiT.instr"/>
                                                <input name="frgroupbyteam" type="hidden" value="on"/>
                                                <input name="frsorttype" type="hidden" value="question"/>
                                                <input id="showStats-16" name="frshowstats" type="hidden" value="on"/>
                                                <input name="questionnum" type="hidden" value="16"/>
                                             </form>
                     <div class="display-icon pull-right">
                        <span class="glyphicon glyphicon-chevron-up pull-right">
                        </span>
                     </div>
                     <strong>
                        Question 16:
                     </strong>
                     <span class="text-preserve-space">
                        Rate the contribution of yourself and your team members towards the latest project. 
                        <span style=" white-space: normal;">
                           <a class="color_gray" data-less="[less]" data-more="[more]" href="javascript:;" id="questionAdditionalInfoButton-16-" onclick="toggleAdditionalQuestionInfo('16-')">
                              [more]
                           </a>
                           <br/>
                                                      <span id="questionAdditionalInfo-16-" style="display:none;">
                              Team contribution question
                           </span>
                        </span>
                     </span>
                  </div>
                  <div class="panel-collapse collapse in" id="panelBodyCollapse-16">
                     <div class="panel-body padding-0" id="questionBody-15">
                        <div class="col-sm-12">
                           <i class="text-muted">
                              There are no responses for this question.
                           </i>
                        </div>
                     </div>
                  </div>
               </div>
               <div class="panel panel-warning">
                  <div class="panel-heading" data-target="#panelBodyCollapse-17" id="panelHeading-17" style="cursor: pointer;">
                     <form action="/page/instructorFeedbackResultsAjaxResponseRate" class="responseRateForm" id="responseRate" style="display:none;">
                        <input name="courseid" type="hidden" value="CFResultsUiT.CS2104"/>
                                                <input name="fsname" type="hidden" value="First Session"/>
                                                <input name="user" type="hidden" value="CFResultsUiT.instr"/>
                                             </form>
                     <div class="display-icon pull-right">
                        <span class="glyphicon glyphicon-chevron-up pull-right">
                        </span>
                     </div>
                     Participants who have not responded to any question
                  </div>
                  <div class="panel-collapse collapse in" id="panelBodyCollapse-17">
                     <div class="panel-body padding-0">
                        <table class="table table-striped table-bordered margin-0">
                           <tbody>
                              <tr>
                                 <td>
                                    Danny Engrid
                                 </td>
                              </tr>
                              <tr>
                                 <td>
                                    Emily
                                 </td>
                              </tr>
                              <tr>
                                 <td>
                                    Extra guy
                                 </td>
                              </tr>
                              <tr>
                                 <td>
                                    Teammates Helper1
                                 </td>
                              </tr>
                              <tr>
                                 <td>
                                    Teammates Helper2
                                 </td>
                              </tr>
                           </tbody>
                        </table>
                     </div>
                  </div>
               </div>
            </div>
         </div>
         <div class="container-fluid" id="footerComponent">
            <div class="container">
               <div class="row">
                  <div class="col-md-4">
                     <span>
                        [
                        <a href="/index.html">
                           TEAMMATES
                        </a>
                        V4.99]
                     </span>
                  </div>
                  <div class="col-md-4">
                     [for
                     <span class="highlight-white">
                        <span class="color_white">
                           TEAMMATES Test Institute 1
                        </span>
                     </span>
                     ]
                  </div>
                  <div class="col-md-4">
                     <span>
                        [Send
                        <a class="link" href="../contact.html" target="_blank">
                           Feedback
                        </a>
                        ]
                     </span>
                  </div>
               </div>
            </div>
         </div>
      </body>
   </html>

</actual]>>
	at org.junit.Assert.assertEquals(Assert.java:115)
	at org.junit.Assert.assertEquals(Assert.java:144)
	at teammates.test.driver.HtmlHelper.assertSameHtml(HtmlHelper.java:34)
	at teammates.test.pageobjects.AppPage.verifyHtml(AppPage.java:723)
	at teammates.test.cases.ui.browsertests.InstructorFeedbackResultsPageUiTest.testContent(InstructorFeedbackResultsPageUiTest.java:68)
	at teammates.test.cases.ui.browsertests.InstructorFeedbackResultsPageUiTest.testAll(InstructorFeedbackResultsPageUiTest.java:50)
	at sun.reflect.NativeMethodAccessorImpl.invoke0(Native Method)
	at sun.reflect.NativeMethodAccessorImpl.invoke(NativeMethodAccessorImpl.java:57)
	at sun.reflect.DelegatingMethodAccessorImpl.invoke(DelegatingMethodAccessorImpl.java:43)
	at java.lang.reflect.Method.invoke(Method.java:606)
	at org.testng.internal.MethodInvocationHelper.invokeMethod(MethodInvocationHelper.java:84)
	at org.testng.internal.Invoker.invokeMethod(Invoker.java:714)
	at org.testng.internal.Invoker.invokeTestMethod(Invoker.java:901)
	at org.testng.internal.Invoker.invokeTestMethods(Invoker.java:1231)
	at org.testng.internal.TestMethodWorker.invokeTestMethods(TestMethodWorker.java:127)
	at org.testng.internal.TestMethodWorker.run(TestMethodWorker.java:111)
	at java.util.concurrent.ThreadPoolExecutor.runWorker(ThreadPoolExecutor.java:1145)
	at java.util.concurrent.ThreadPoolExecutor$Worker.run(ThreadPoolExecutor.java:615)
	at java.lang.Thread.run(Thread.java:745)
]]>
    </error>
  </testcase> <!-- testAll -->
</testsuite> <!-- teammates.test.cases.ui.browsertests.InstructorFeedbackResultsPageUiTest -->
