<?xml version="1.0" encoding="UTF-8"?>
<!-- Generated by org.testng.reporters.JUnitReportReporter -->
<testsuite hostname="soccf-tr5-001" name="teammates.test.cases.testdriver.BackDoorTest" tests="2" failures="0" timestamp="3 Sep 2014 15:28:41 GMT" time="0.421" errors="0">
  <testcase name="testCreateStudent" time="0.312" classname="teammates.test.cases.testdriver.BackDoorTest"/>
  <testcase name="testEditEvaluation" time="0.109" classname="teammates.test.cases.testdriver.BackDoorTest"/>
</testsuite> <!-- teammates.test.cases.testdriver.BackDoorTest -->
