<?xml version="1.0" encoding="UTF-8"?>
<!-- Generated by org.testng.reporters.JUnitReportReporter -->
<testsuite hostname="soccf-tr5-001" name="teammates.test.automated.EvaluationOpeningReminderTest" tests="2" failures="0" timestamp="8 Oct 2014 19:23:16 GMT" time="3.229" errors="0">
  <testcase name="testEvaluationOpeningMailAction" time="1.076" classname="teammates.test.automated.EvaluationOpeningReminderTest"/>
  <testcase name="testAdditionOfTaskToTaskQueue" time="2.153" classname="teammates.test.automated.EvaluationOpeningReminderTest"/>
</testsuite> <!-- teammates.test.automated.EvaluationOpeningReminderTest -->
