<?xml version="1.0" encoding="UTF-8"?>
<!-- Generated by org.testng.reporters.JUnitReportReporter -->
<testsuite hostname="soccf-tr5-001" name="teammates.test.cases.ui.browsertests.InstructorStudentRecordsPageUiTest" tests="1" failures="0" timestamp="6 Aug 2014 08:31:51 GMT" time="38.594" errors="0">
  <testcase name="testAll" time="38.594" classname="teammates.test.cases.ui.browsertests.InstructorStudentRecordsPageUiTest"/>
</testsuite> <!-- teammates.test.cases.ui.browsertests.InstructorStudentRecordsPageUiTest -->
