<?xml version="1.0" encoding="UTF-8"?>
<!-- Generated by org.testng.reporters.JUnitReportReporter -->
<testsuite hostname="soccf-tr5-001" name="teammates.test.cases.ui.InstructorFeedbacksPageActionTest" tests="1" failures="0" timestamp="14 Sep 2014 18:19:38 GMT" time="1.794" errors="0">
  <testcase name="testExecuteAndPostProcess" time="1.794" classname="teammates.test.cases.ui.InstructorFeedbacksPageActionTest"/>
</testsuite> <!-- teammates.test.cases.ui.InstructorFeedbacksPageActionTest -->
