<?xml version="1.0" encoding="UTF-8"?>
<!-- Generated by org.testng.reporters.JUnitReportReporter -->
<testsuite hostname="soccf-tr5-001" name="teammates.test.cases.ui.browsertests.FeedbackContributionQuestionUiTest" tests="1" failures="0" timestamp="14 Sep 2014 17:55:08 GMT" time="61.869" errors="0">
  <testcase name="allTests" time="61.869" classname="teammates.test.cases.ui.browsertests.FeedbackContributionQuestionUiTest"/>
</testsuite> <!-- teammates.test.cases.ui.browsertests.FeedbackContributionQuestionUiTest -->
