<?xml version="1.0" encoding="UTF-8"?>
<!-- Generated by org.testng.reporters.JUnitReportReporter -->
<testsuite hostname="soccf-tr5-001" name="teammates.test.automated.EvaluationClosingReminderTest" tests="2" failures="0" timestamp="15 Sep 2014 13:12:51 GMT" time="2.326" errors="0">
  <testcase name="testAdditionOfTaskToTaskQueue" time="2.263" classname="teammates.test.automated.EvaluationClosingReminderTest"/>
  <testcase name="testEvaluationClosingMailAction" time="0.063" classname="teammates.test.automated.EvaluationClosingReminderTest"/>
</testsuite> <!-- teammates.test.automated.EvaluationClosingReminderTest -->
