<?xml version="1.0" encoding="UTF-8"?>
<!-- Generated by org.testng.reporters.JUnitReportReporter -->
<testsuite hostname="soccf-tr5-001" name="teammates.test.cases.ui.browsertests.AllAccessControlUiTests" tests="8" failures="0" timestamp="15 Sep 2014 10:43:00 GMT" time="98.435" errors="0">
  <testcase name="testUserNotLoggedIn" time="0.733" classname="teammates.test.cases.ui.browsertests.AllAccessControlUiTests"/>
  <testcase name="testInstructorHome" time="21.590" classname="teammates.test.cases.ui.browsertests.AllAccessControlUiTests"/>
  <testcase name="testUserNotRegistered" time="10.733" classname="teammates.test.cases.ui.browsertests.AllAccessControlUiTests"/>
  <testcase name="testPubliclyAccessiblePages" time="8.923" classname="teammates.test.cases.ui.browsertests.AllAccessControlUiTests"/>
  <testcase name="testStudentAccessToAdminPages" time="12.527" classname="teammates.test.cases.ui.browsertests.AllAccessControlUiTests"/>
  <testcase name="testStudentHome" time="4.664" classname="teammates.test.cases.ui.browsertests.AllAccessControlUiTests"/>
  <testcase name="testStudentEvalSubmission" time="19.952" classname="teammates.test.cases.ui.browsertests.AllAccessControlUiTests"/>
  <testcase name="testStudentEvalResult" time="19.313" classname="teammates.test.cases.ui.browsertests.AllAccessControlUiTests"/>
</testsuite> <!-- teammates.test.cases.ui.browsertests.AllAccessControlUiTests -->
