<?xml version="1.0" encoding="UTF-8"?>
<!-- Generated by org.testng.reporters.JUnitReportReporter -->
<testsuite hostname="soccf-tr5-001" name="teammates.test.cases.ui.browsertests.InstructorEvalSubmissionViewPageUiTest" tests="1" failures="0" timestamp="11 Sep 2014 07:39:05 GMT" time="20.108" errors="0">
  <testcase name="testAll" time="20.108" classname="teammates.test.cases.ui.browsertests.InstructorEvalSubmissionViewPageUiTest"/>
</testsuite> <!-- teammates.test.cases.ui.browsertests.InstructorEvalSubmissionViewPageUiTest -->
