<?xml version="1.0" encoding="UTF-8"?>
<!-- Generated by org.testng.reporters.JUnitReportReporter -->
<testsuite hostname="soccf-tr5-001" name="teammates.test.automated.FeedbackSessionClosingReminderTest" tests="2" failures="0" timestamp="29 Oct 2014 17:34:19 GMT" time="2.293" errors="0">
  <testcase name="testAdditionOfTaskToTaskQueue" time="2.153" classname="teammates.test.automated.FeedbackSessionClosingReminderTest"/>
  <testcase name="testFeedbackSessionClosingMailAction" time="0.140" classname="teammates.test.automated.FeedbackSessionClosingReminderTest"/>
</testsuite> <!-- teammates.test.automated.FeedbackSessionClosingReminderTest -->
