<?xml version="1.0" encoding="UTF-8"?>
<!-- Generated by org.testng.reporters.JUnitReportReporter -->
<testsuite hostname="soccf-tr5-001" name="teammates.test.cases.storage.SubmissionsDbTest" tests="4" failures="0" timestamp="1 Oct 2014 11:57:39 GMT" time="0.078" errors="0">
  <testcase name="testEditSubmission" time="0.032" classname="teammates.test.cases.storage.SubmissionsDbTest"/>
  <testcase name="testDeleteSubmission" time="0.015" classname="teammates.test.cases.storage.SubmissionsDbTest"/>
  <testcase name="testCreateSubmission" time="0.031" classname="teammates.test.cases.storage.SubmissionsDbTest"/>
  <testcase name="testGetSubmission" time="0.000" classname="teammates.test.cases.storage.SubmissionsDbTest"/>
</testsuite> <!-- teammates.test.cases.storage.SubmissionsDbTest -->
