<?xml version="1.0" encoding="UTF-8"?>
<!-- Generated by org.testng.reporters.JUnitReportReporter -->
<testsuite hostname="soccf-tr5-001" name="teammates.test.cases.logic.SubmissionsAdjustmentTest" tests="2" failures="0" timestamp="7 Aug 2014 06:43:30 GMT" time="8.278" errors="0">
  <testcase name="testEnrollStudentsWithScheduledSubmissionAdjustment" time="7.648" classname="teammates.test.cases.logic.SubmissionsAdjustmentTest"/>
  <testcase name="testAdjustmentOfResponses" time="0.630" classname="teammates.test.cases.logic.SubmissionsAdjustmentTest"/>
</testsuite> <!-- teammates.test.cases.logic.SubmissionsAdjustmentTest -->
