<?xml version="1.0" encoding="UTF-8"?>
<!-- Generated by org.testng.reporters.JUnitReportReporter -->
<testsuite hostname="soccf-tr5-001" name="teammates.test.cases.logic.AccountsLogicTest" tests="8" failures="0" timestamp="28 Aug 2014 05:20:39 GMT" time="1.544" errors="0">
  <testcase name="testGetInstructorAccounts" time="0.031" classname="teammates.test.cases.logic.AccountsLogicTest"/>
  <testcase name="testDeletePicture" time="0.016" classname="teammates.test.cases.logic.AccountsLogicTest"/>
  <testcase name="testAccountFunctions" time="0.093" classname="teammates.test.cases.logic.AccountsLogicTest"/>
  <testcase name="testJoinCourseForStudent" time="0.936" classname="teammates.test.cases.logic.AccountsLogicTest"/>
  <testcase name="testJoinCourseForInstructor" time="0.234" classname="teammates.test.cases.logic.AccountsLogicTest"/>
  <testcase name="testStudentProfileFunctions" time="0.031" classname="teammates.test.cases.logic.AccountsLogicTest"/>
  <testcase name="testDeleteAccountCascade" time="0.187" classname="teammates.test.cases.logic.AccountsLogicTest"/>
  <testcase name="testCreateAccount" time="0.016" classname="teammates.test.cases.logic.AccountsLogicTest"/>
</testsuite> <!-- teammates.test.cases.logic.AccountsLogicTest -->
