<?xml version="1.0" encoding="UTF-8"?>
<!-- Generated by org.testng.reporters.JUnitReportReporter -->
<testsuite hostname="soccf-tr5-001" name="teammates.test.cases.ui.browsertests.AllAccessControlUiTests" tests="8" failures="0" timestamp="1 Oct 2014 12:29:34 GMT" time="93.412" errors="0">
  <testcase name="testStudentEvalResult" time="19.671" classname="teammates.test.cases.ui.browsertests.AllAccessControlUiTests"/>
  <testcase name="testInstructorHome" time="15.616" classname="teammates.test.cases.ui.browsertests.AllAccessControlUiTests"/>
  <testcase name="testStudentAccessToAdminPages" time="9.111" classname="teammates.test.cases.ui.browsertests.AllAccessControlUiTests"/>
  <testcase name="testUserNotRegistered" time="11.247" classname="teammates.test.cases.ui.browsertests.AllAccessControlUiTests"/>
  <testcase name="testStudentHome" time="5.054" classname="teammates.test.cases.ui.browsertests.AllAccessControlUiTests"/>
  <testcase name="testUserNotLoggedIn" time="1.124" classname="teammates.test.cases.ui.browsertests.AllAccessControlUiTests"/>
  <testcase name="testStudentEvalSubmission" time="21.980" classname="teammates.test.cases.ui.browsertests.AllAccessControlUiTests"/>
  <testcase name="testPubliclyAccessiblePages" time="9.609" classname="teammates.test.cases.ui.browsertests.AllAccessControlUiTests"/>
</testsuite> <!-- teammates.test.cases.ui.browsertests.AllAccessControlUiTests -->
