<?xml version="1.0" encoding="UTF-8"?>
<!-- Generated by org.testng.reporters.JUnitReportReporter -->
<testsuite hostname="soccf-tr5-001" name="teammates.test.cases.logic.SubmissionsAdjustmentTest" tests="2" failures="0" timestamp="15 Sep 2014 13:12:51 GMT" time="34.951" errors="0">
  <testcase name="testEnrollStudentsWithScheduledSubmissionAdjustment" time="34.795" classname="teammates.test.cases.logic.SubmissionsAdjustmentTest"/>
  <testcase name="testAdjustmentOfResponses" time="0.156" classname="teammates.test.cases.logic.SubmissionsAdjustmentTest"/>
</testsuite> <!-- teammates.test.cases.logic.SubmissionsAdjustmentTest -->
