<?xml version="1.0" encoding="UTF-8"?>
<!-- Generated by org.testng.reporters.JUnitReportReporter -->
<testsuite hostname="soccf-tr5-001" name="teammates.test.cases.ui.browsertests.AdminAccountManagementPageUiTest" tests="1" failures="0" timestamp="28 Aug 2014 05:20:38 GMT" time="39.452" errors="0">
  <testcase name="testAll" time="39.452" classname="teammates.test.cases.ui.browsertests.AdminAccountManagementPageUiTest"/>
</testsuite> <!-- teammates.test.cases.ui.browsertests.AdminAccountManagementPageUiTest -->
