<?xml version="1.0" encoding="UTF-8"?>
<!-- Generated by org.testng.reporters.JUnitReportReporter -->
<testsuite hostname="soccf-tr5-001" name="teammates.test.cases.logic.CoursesLogicTest" tests="1" failures="0" timestamp="10 Sep 2014 13:16:53 GMT" time="1.248" errors="0">
  <testcase name="testAll" time="1.248" classname="teammates.test.cases.logic.CoursesLogicTest"/>
</testsuite> <!-- teammates.test.cases.logic.CoursesLogicTest -->
