<?xml version="1.0" encoding="UTF-8"?>
<!-- Generated by org.testng.reporters.JUnitReportReporter -->
<testsuite hostname="soccf-tr5-001" name="teammates.test.cases.ui.InstructorCourseArchiveActionTest" tests="1" failures="0" timestamp="8 Oct 2014 15:22:55 GMT" time="0.219" errors="0">
  <testcase name="testExecuteAndPostProcess" time="0.219" classname="teammates.test.cases.ui.InstructorCourseArchiveActionTest"/>
</testsuite> <!-- teammates.test.cases.ui.InstructorCourseArchiveActionTest -->
