<?xml version="1.0" encoding="UTF-8"?>
<!-- Generated by org.testng.reporters.JUnitReportReporter -->
<testsuite hostname="soccf-tr5-001" name="teammates.test.cases.BaseTestCaseTest" tests="2" failures="0" timestamp="25 Feb 2015 13:04:50 GMT" time="0.249" errors="0">
  <testcase name="testAssertContainsRegex" time="0.249" classname="teammates.test.cases.BaseTestCaseTest"/>
  <testcase name="testAssertContains" time="0.000" classname="teammates.test.cases.BaseTestCaseTest"/>
</testsuite> <!-- teammates.test.cases.BaseTestCaseTest -->
