<?xml version="1.0" encoding="UTF-8"?>
<!-- Generated by org.testng.reporters.JUnitReportReporter -->
<testsuite hostname="soccf-tr5-001" name="teammates.test.cases.ui.InstructorFeedbackQuestionCopyActionTest" tests="2" failures="0" timestamp="11 Sep 2014 07:39:06 GMT" time="13.400" errors="0">
  <testcase name="testAccessControl" time="6.162" classname="teammates.test.cases.ui.InstructorFeedbackQuestionCopyActionTest"/>
  <testcase name="testExecuteAndPostProcess" time="7.238" classname="teammates.test.cases.ui.InstructorFeedbackQuestionCopyActionTest"/>
</testsuite> <!-- teammates.test.cases.ui.InstructorFeedbackQuestionCopyActionTest -->
