<?xml version="1.0" encoding="UTF-8"?>
<!-- Generated by org.testng.reporters.JUnitReportReporter -->
<testsuite hostname="soccf-tr5-001" name="teammates.test.cases.ui.browsertests.AllJsTests" tests="1" failures="0" timestamp="15 Sep 2014 13:12:50 GMT" time="3.495" errors="0">
  <testcase name="executeJsTests" time="3.495" classname="teammates.test.cases.ui.browsertests.AllJsTests"/>
</testsuite> <!-- teammates.test.cases.ui.browsertests.AllJsTests -->
