<?xml version="1.0" encoding="UTF-8"?>
<!-- Generated by org.testng.reporters.JUnitReportReporter -->
<testsuite hostname="soccf-tr5-001" name="teammates.test.automated.FeedbackSessionClosingReminderTest" tests="2" failures="0" timestamp="6 Aug 2014 07:33:52 GMT" time="2.340" errors="0">
  <testcase name="testAdditionOfTaskToTaskQueue" time="2.106" classname="teammates.test.automated.FeedbackSessionClosingReminderTest"/>
  <testcase name="testFeedbackSessionClosingMailAction" time="0.234" classname="teammates.test.automated.FeedbackSessionClosingReminderTest"/>
</testsuite> <!-- teammates.test.automated.FeedbackSessionClosingReminderTest -->
