<?xml version="1.0" encoding="UTF-8"?>
<!-- Generated by org.testng.reporters.JUnitReportReporter -->
<testsuite hostname="soccf-tr5-001" name="teammates.test.cases.logic.StudentsLogicTest" tests="1" failures="0" timestamp="1 Oct 2014 16:05:06 GMT" time="1.202" errors="0">
  <testcase name="testAll" time="1.202" classname="teammates.test.cases.logic.StudentsLogicTest"/>
</testsuite> <!-- teammates.test.cases.logic.StudentsLogicTest -->
