<?xml version="1.0" encoding="UTF-8"?>
<!-- Generated by org.testng.reporters.JUnitReportReporter -->
<testsuite hostname="soccf-tr5-001" name="teammates.test.cases.ui.InstructorFeedbackCopyActionTest" tests="2" failures="0" timestamp="23 Aug 2014 14:33:18 GMT" time="6.880" errors="0">
  <testcase name="testAccessControl" time="3.338" classname="teammates.test.cases.ui.InstructorFeedbackCopyActionTest"/>
  <testcase name="testExecuteAndPostProcess" time="3.542" classname="teammates.test.cases.ui.InstructorFeedbackCopyActionTest"/>
</testsuite> <!-- teammates.test.cases.ui.InstructorFeedbackCopyActionTest -->
