<?xml version="1.0" encoding="UTF-8"?>
<!-- Generated by org.testng.reporters.JUnitReportReporter -->
<testsuite hostname="soccf-tr5-001" name="teammates.test.automated.FeedbackSessionPublishedReminderTest" tests="2" failures="0" timestamp="15 Sep 2014 13:12:51 GMT" time="4.914" errors="0">
  <testcase name="testAdditionOfTaskToTaskQueue" time="3.463" classname="teammates.test.automated.FeedbackSessionPublishedReminderTest"/>
  <testcase name="testFeedbackSessionOpeningMailAction" time="1.451" classname="teammates.test.automated.FeedbackSessionPublishedReminderTest"/>
</testsuite> <!-- teammates.test.automated.FeedbackSessionPublishedReminderTest -->
