<?xml version="1.0" encoding="UTF-8"?>
<!-- Generated by org.testng.reporters.JUnitReportReporter -->
<testsuite hostname="soccf-tr5-001" name="teammates.test.cases.ui.browsertests.InstructorHomePageUiTest" tests="1" failures="0" timestamp="3 Sep 2014 15:33:24 GMT" time="17.830" errors="1">
  <testcase name="allTests" time="17.830" classname="teammates.test.cases.ui.browsertests.InstructorHomePageUiTest">
    <error type="org.junit.ComparisonFailure" message="expected:&lt;&lt;[expected&gt;
   &lt;div class=&quot;container theme-showcase&quot; id=&quot;frameBodyWrapper&quot;&gt;
      &lt;div id=&quot;topOfPage&quot;&gt;
      &lt;/div&gt;
      &lt;div class=&quot;inner-container&quot;&gt;
         &lt;div class=&quot;row&quot;&gt;
            &lt;div class=&quot;col-md-5&quot;&gt;
               &lt;h1&gt;
                  Instructor Home
               &lt;/h1&gt;
            &lt;/div&gt;
            &lt;div class=&quot;col-md-5 instructor-header-bar&quot;&gt;
               &lt;form action=&quot;/page/instructorSearchPage?user=CHomeUiT.instructor.tmms&quot; method=&quot;get&quot; name=&quot;search_form&quot;&gt;
                  &lt;div class=&quot;input-group&quot;&gt;
                     &lt;input class=&quot;form-control&quot; data-original-title=&quot;Search for student&#039;s name&quot; data-placement=&quot;top&quot; data-toggle=&quot;tooltip&quot; id=&quot;searchbox&quot; name=&quot;searchkey&quot; placeholder=&quot;Student Name&quot; title=&quot;&quot; type=&quot;text&quot;/&gt;
                                          &lt;span class=&quot;input-group-btn&quot;&gt;
                        &lt;button class=&quot;btn btn-default&quot; id=&quot;buttonSearch&quot; type=&quot;submit&quot; value=&quot;Search&quot;&gt;
                           Search
                        &lt;/button&gt;
                     &lt;/span&gt;
                  &lt;/div&gt;
                  &lt;input name=&quot;searchstudents&quot; type=&quot;hidden&quot; value=&quot;true&quot;/&gt;
                                    &lt;input name=&quot;searchcommentforstudents&quot; type=&quot;hidden&quot; value=&quot;false&quot;/&gt;
                                    &lt;input name=&quot;searchcommentforresponses&quot; type=&quot;hidden&quot; value=&quot;false&quot;/&gt;
                                    &lt;input name=&quot;user&quot; type=&quot;hidden&quot; value=&quot;CHomeUiT.instructor.tmms&quot;/&gt;
                                 &lt;/form&gt;
            &lt;/div&gt;
            &lt;div class=&quot;col-md-2 instructor-header-bar&quot;&gt;
               &lt;a class=&quot;btn btn-primary btn-md&quot; href=&quot;/page/instructorCoursesPage?user=CHomeUiT.instructor.tmms&quot; id=&quot;addNewCourse&quot;&gt;
                  Add New Course
               &lt;/a&gt;
            &lt;/div&gt;
         &lt;/div&gt;
      &lt;/div&gt;
      &lt;br/&gt;
            &lt;div id=&quot;statusMessage&quot; style=&quot;display: none;&quot;&gt;
      &lt;/div&gt;
      &lt;div class=&quot;row&quot;&gt;
         &lt;div class=&quot;col-md-5 pull-right&quot;&gt;
            &lt;div class=&quot;row&quot;&gt;
               &lt;div class=&quot;col-md-3 btn-group&quot;&gt;
                  &lt;h5 class=&quot;pull-right&quot;&gt;
                     &lt;strong&gt;
                        Sort By:
                     &lt;/strong&gt;
                  &lt;/h5&gt;
               &lt;/div&gt;
               &lt;div class=&quot;col-md-9&quot;&gt;
                  &lt;div class=&quot;btn-group pull-right&quot; data-toggle=&quot;buttons&quot;&gt;
                     &lt;label class=&quot;btn btn-default &quot; data=&quot;id&quot; id=&quot;sortById&quot; name=&quot;sortby&quot;&gt;
                        &lt;input type=&quot;radio&quot;/&gt;
                                                Course ID
                     &lt;/label&gt;
                     &lt;label class=&quot;btn btn-default &quot; data=&quot;name&quot; id=&quot;sortByName&quot; name=&quot;sortby&quot;&gt;
                        &lt;input name=&quot;sortby&quot; type=&quot;radio&quot; value=&quot;name&quot;/&gt;
                                                Course Name
                     &lt;/label&gt;
                     &lt;label class=&quot;btn btn-default active&quot; data=&quot;createdAt&quot; id=&quot;sortByDate&quot; name=&quot;sortby&quot;&gt;
                        &lt;input type=&quot;radio&quot;/&gt;
                                                Creation Date
                     &lt;/label&gt;
                  &lt;/div&gt;
               &lt;/div&gt;
            &lt;/div&gt;
         &lt;/div&gt;
      &lt;/div&gt;
      &lt;br/&gt;
            &lt;div class=&quot;panel panel-primary&quot; id=&quot;course0&quot;&gt;
         &lt;div class=&quot;panel-heading&quot;&gt;
            &lt;div class=&quot;row&quot;&gt;
               &lt;div class=&quot;col-md-6&quot;&gt;
                  &lt;strong&gt;
                     [CHomeUiT.CS1101] :
                                    Programming Methodology
                  &lt;/strong&gt;
               &lt;/div&gt;
               &lt;div class=&quot;col-md-6&quot;&gt;
                  &lt;span class=&quot;pull-right&quot;&gt;
                     &lt;a class=&quot;btn btn-primary btn-xs btn-tm-actions course-enroll-for-test&quot; data-original-title=&quot;Enroll student into the course&quot; data-placement=&quot;top&quot; data-toggle=&quot;tooltip&quot; disabled=&quot;disabled&quot; href=&quot;/page/instructorCourseEnrollPage?courseid=CHomeUiT.CS1101&amp;user=CHomeUiT.instructor.tmms&quot; title=&quot;&quot;&gt;
                        Enroll
                     &lt;/a&gt;
                     &lt;a class=&quot;btn btn-primary btn-xs btn-tm-actions course-view-for-test&quot; data-original-title=&quot;View, edit and send invitation emails to the students in the course&quot; data-placement=&quot;top&quot; data-toggle=&quot;tooltip&quot; href=&quot;/page/instructorCourseDetailsPage?courseid=CHomeUiT.CS1101&amp;user=CHomeUiT.instructor.tmms&quot; title=&quot;&quot;&gt;
                        View
                     &lt;/a&gt;
                     &lt;a class=&quot;btn btn-primary btn-xs btn-tm-actions course-edit-for-test&quot; data-original-title=&quot;Edit Course information and instructor list&quot; data-placement=&quot;top&quot; data-toggle=&quot;tooltip&quot; href=&quot;/page/instructorCourseEditPage?courseid=CHomeUiT.CS1101&amp;user=CHomeUiT.instructor.tmms&quot; title=&quot;&quot;&gt;
                        Edit
                     &lt;/a&gt;
                     &lt;a class=&quot;btn btn-primary btn-xs btn-tm-actions course-add-eval-for-test&quot; data-original-title=&quot;Add a feedback session for the course&quot; data-placement=&quot;top&quot; data-toggle=&quot;tooltip&quot; disabled=&quot;disabled&quot; href=&quot;/page/instructorFeedbacksPage?user=CHomeUiT.instructor.tmms&amp;courseid=CHomeUiT.CS1101&quot; title=&quot;&quot;&gt;
                        Add Session
                     &lt;/a&gt;
                     &lt;a class=&quot;btn btn-primary btn-xs btn-tm-actions course-archive-for-test&quot; data-original-title=&quot;Archive the course so that it will not be shown in the home page any more (you can still access it from the &#039;Courses&#039; tab)&quot; data-placement=&quot;top&quot; data-toggle=&quot;tooltip&quot; href=&quot;/page/instructorCourseArchive?courseid=CHomeUiT.CS1101&amp;archive=true&amp;next=%2Fpage%2FinstructorHomePage&amp;user=CHomeUiT.instructor.tmms&quot; onclick=&quot;return toggleArchiveCourseConfirmation(&#039;CHomeUiT.CS1101&#039;)&quot; title=&quot;&quot;&gt;
                        Archive
                     &lt;/a&gt;
                     &lt;a class=&quot;btn btn-primary btn-xs btn-tm-actions course-notify-pending-comments-for-test
                                        hidden&quot; data-original-title=&quot;Send email notification to recipients of 0 pending comment&quot; data-placement=&quot;top&quot; data-toggle=&quot;tooltip&quot; href=&quot;/page/instructorStudentCommentClearPending?courseid=CHomeUiT.CS1101&amp;user=CHomeUiT.instructor.tmms&quot; title=&quot;&quot;&gt;
                        &lt;span class=&quot;badge&quot;&gt;
                           0
                        &lt;/span&gt;
                        &lt;span class=&quot;glyphicon glyphicon-comment&quot;&gt;
                        &lt;/span&gt;
                        &lt;span class=&quot;glyphicon glyphicon-arrow-right&quot;&gt;
                        &lt;/span&gt;
                        &lt;span class=&quot;glyphicon glyphicon-envelope&quot;&gt;
                        &lt;/span&gt;
                     &lt;/a&gt;
                     &lt;a class=&quot;btn btn-primary btn-xs btn-tm-actions course-delete-for-test&quot; data-original-title=&quot;Delete the course and its corresponding students and sessions&quot; data-placement=&quot;top&quot; data-toggle=&quot;tooltip&quot; disabled=&quot;disabled&quot; href=&quot;/page/instructorCourseDelete?courseid=CHomeUiT.CS1101&amp;next=%2Fpage%2FinstructorHomePage&amp;user=CHomeUiT.instructor.tmms&quot; onclick=&quot;return toggleDeleteCourseConfirmation(&#039;CHomeUiT.CS1101&#039;)&quot; title=&quot;&quot;&gt;
                        Delete
                     &lt;/a&gt;
                  &lt;/span&gt;
               &lt;/div&gt;
            &lt;/div&gt;
         &lt;/div&gt;
         &lt;table class=&quot;table-responsive table table-striped table-bordered&quot;&gt;
            &lt;thead&gt;
               &lt;tr&gt;
                  &lt;th class=&quot;button-sort-none&quot; id=&quot;button_sortname&quot; onclick=&quot;toggleSort(this,1);&quot;&gt;
                     Session Name
                     &lt;span class=&quot;icon-sort unsorted&quot;&gt;
                     &lt;/span&gt;
                  &lt;/th&gt;
                  &lt;th&gt;
                     Status
                  &lt;/th&gt;
                  &lt;th&gt;
                     &lt;span data-original-title=&quot;Number of students submitted / Class size&quot; data-placement=&quot;top&quot; data-toggle=&quot;tooltip&quot; title=&quot;&quot;&gt;
                        Response Rate
                     &lt;/span&gt;
                  &lt;/th&gt;
                  &lt;th class=&quot;no-print&quot;&gt;
                     Action(s)
                  &lt;/th&gt;
               &lt;/tr&gt;
            &lt;/thead&gt;
            &lt;tbody&gt;
               &lt;tr id=&quot;session0&quot;&gt;
                  &lt;td&gt;
                     Fourth Eval
                  &lt;/td&gt;
                  &lt;td&gt;
                     &lt;span data-original-title=&quot;The evaluation is created but has not yet started&quot; data-placement=&quot;top&quot; data-toggle=&quot;tooltip&quot; title=&quot;&quot;&gt;
                        Awaiting
                     &lt;/span&gt;
                  &lt;/td&gt;
                  &lt;td class=&quot;session-response-for-test recent&quot;&gt;
                     0 / 4
                  &lt;/td&gt;
                  &lt;td class=&quot;no-print&quot;&gt;
                     &lt;a class=&quot;btn btn-default btn-xs btn-tm-actions session-view-for-test&quot; data-original-title=&quot;View the current results of the evaluation&quot; data-placement=&quot;top&quot; data-toggle=&quot;tooltip&quot; href=&quot;/page/instructorEvalResultsPage?courseid=CHomeUiT.CS1101&amp;evaluationname=Fourth+Eval&amp;user=CHomeUiT.instructor.tmms&quot; title=&quot;&quot;&gt;
                        View Results
                     &lt;/a&gt;
                     &lt;a class=&quot;btn btn-default btn-xs btn-tm-actions session-edit-for-test&quot; data-original-title=&quot;Edit evaluation details&quot; data-placement=&quot;top&quot; data-toggle=&quot;tooltip&quot; disabled=&quot;disabled&quot; href=&quot;/page/instructorEvalEditPage?courseid=CHomeUiT.CS1101&amp;evaluationname=Fourth+Eval&amp;user=CHomeUiT.instructor.tmms&quot; title=&quot;&quot;&gt;
                        Edit
                     &lt;/a&gt;
                     &lt;a class=&quot;btn btn-default btn-xs btn-tm-actions session-preview-for-test&quot; data-original-title=&quot;Preview evaluation session&quot; data-placement=&quot;top&quot; data-toggle=&quot;tooltip&quot; href=&quot;/page/instructorEvalPreview?courseid=CHomeUiT.CS1101&amp;evaluationname=Fourth+Eval&amp;user=CHomeUiT.instructor.tmms&quot; target=&quot;_blank&quot; title=&quot;&quot;&gt;
                        Preview
                     &lt;/a&gt;
                     &lt;a class=&quot;btn btn-default btn-xs btn-tm-actions session-delete-for-test&quot; data-original-title=&quot;Delete the evaluation&quot; data-placement=&quot;top&quot; data-toggle=&quot;tooltip&quot; disabled=&quot;disabled&quot; href=&quot;/page/instructorEvalDelete?courseid=CHomeUiT.CS1101&amp;evaluationname=Fourth+Eval&amp;next=%2Fpage%2FinstructorHomePage%3Fuser%3DCHomeUiT.instructor.tmms&amp;user=CHomeUiT.instructor.tmms&quot; onclick=&quot;return toggleDeleteEvaluationConfirmation(&#039;CHomeUiT.CS1101&#039;,&#039;Fourth Eval&#039;);&quot; title=&quot;&quot;&gt;
                        Delete
                     &lt;/a&gt;
                     &lt;a class=&quot;btn btn-default btn-xs btn-tm-actions session-remind-for-test disabled&quot; data-original-title=&quot;Send e-mails to remind students who have not submitted their evaluations to do so&quot; data-placement=&quot;top&quot; data-toggle=&quot;tooltip&quot; href=&quot;/page/instructorEvalRemind?courseid=CHomeUiT.CS1101&amp;evaluationname=Fourth+Eval&amp;user=CHomeUiT.instructor.tmms&quot; onclick=&quot;return false&quot; title=&quot;&quot;&gt;
                        Remind
                     &lt;/a&gt;
                     &lt;a class=&quot;btn btn-default btn-xs btn-tm-actions session-publish-for-test disabled&quot; data-original-title=&quot;Publish evaluation results for students to view&quot; data-placement=&quot;top&quot; data-toggle=&quot;tooltip&quot; disabled=&quot;disabled&quot; href=&quot;/page/instructorEvalPublish?courseid=CHomeUiT.CS1101&amp;evaluationname=Fourth+Eval&amp;next=%2Fpage%2FinstructorHomePage%3Fuser%3DCHomeUiT.instructor.tmms&amp;user=CHomeUiT.instructor.tmms&quot; onclick=&quot;return false&quot; title=&quot;&quot;&gt;
                        Publish
                     &lt;/a&gt;
                  &lt;/td&gt;
               &lt;/tr&gt;
               &lt;tr id=&quot;session1&quot;&gt;
                  &lt;td&gt;
                     Fifth Eval
                  &lt;/td&gt;
                  &lt;td&gt;
                     &lt;span data-original-title=&quot;The evaluation has started and students can submit feedback until the closing time&quot; data-placement=&quot;top&quot; data-toggle=&quot;tooltip&quot; title=&quot;&quot;&gt;
                        Open
                     &lt;/span&gt;
                  &lt;/td&gt;
                  &lt;td class=&quot;session-response-for-test recent&quot;&gt;
                     0 / 4
                  &lt;/td&gt;
                  &lt;td class=&quot;no-print&quot;&gt;
                     &lt;a class=&quot;btn btn-default btn-xs btn-tm-actions session-view-for-test&quot; data-original-title=&quot;View the current results of the evaluation&quot; data-placement=&quot;top&quot; data-toggle=&quot;tooltip&quot; href=&quot;/page/instructorEvalResultsPage?courseid=CHomeUiT.CS1101&amp;evaluationname=Fifth+Eval&amp;user=CHomeUiT.instructor.tmms&quot; title=&quot;&quot;&gt;
                        View Results
                     &lt;/a&gt;
                     &lt;a class=&quot;btn btn-default btn-xs btn-tm-actions session-edit-for-test&quot; data-original-title=&quot;Edit evaluation details&quot; data-placement=&quot;top&quot; data-toggle=&quot;tooltip&quot; disabled=&quot;disabled&quot; href=&quot;/page/instructorEvalEditPage?courseid=CHomeUiT.CS1101&amp;evaluationname=Fifth+Eval&amp;user=CHomeUiT.instructor.tmms&quot; title=&quot;&quot;&gt;
                        Edit
                     &lt;/a&gt;
                     &lt;a class=&quot;btn btn-default btn-xs btn-tm-actions session-preview-for-test&quot; data-original-title=&quot;Preview evaluation session&quot; data-placement=&quot;top&quot; data-toggle=&quot;tooltip&quot; href=&quot;/page/instructorEvalPreview?courseid=CHomeUiT.CS1101&amp;evaluationname=Fifth+Eval&amp;user=CHomeUiT.instructor.tmms&quot; target=&quot;_blank&quot; title=&quot;&quot;&gt;
                        Preview
                     &lt;/a&gt;
                     &lt;a class=&quot;btn btn-default btn-xs btn-tm-actions session-delete-for-test&quot; data-original-title=&quot;Delete the evaluation&quot; data-placement=&quot;top&quot; data-toggle=&quot;tooltip&quot; disabled=&quot;disabled&quot; href=&quot;/page/instructorEvalDelete?courseid=CHomeUiT.CS1101&amp;evaluationname=Fifth+Eval&amp;next=%2Fpage%2FinstructorHomePage%3Fuser%3DCHomeUiT.instructor.tmms&amp;user=CHomeUiT.instructor.tmms&quot; onclick=&quot;return toggleDeleteEvaluationConfirmation(&#039;CHomeUiT.CS1101&#039;,&#039;Fifth Eval&#039;);&quot; title=&quot;&quot;&gt;
                        Delete
                     &lt;/a&gt;
                     &lt;a class=&quot;btn btn-default btn-xs btn-tm-actions session-remind-for-test&quot; data-original-title=&quot;Send e-mails to remind students who have not submitted their evaluations to do so&quot; data-placement=&quot;top&quot; data-toggle=&quot;tooltip&quot; href=&quot;/page/instructorEvalRemind?courseid=CHomeUiT.CS1101&amp;evaluationname=Fifth+Eval&amp;user=CHomeUiT.instructor.tmms&quot; onclick=&quot;return toggleRemindStudents(&#039;Fifth Eval&#039;);&quot; title=&quot;&quot;&gt;
                        Remind
                     &lt;/a&gt;
                     &lt;a class=&quot;btn btn-default btn-xs btn-tm-actions session-publish-for-test disabled&quot; data-original-title=&quot;Publish evaluation results for students to view&quot; data-placement=&quot;top&quot; data-toggle=&quot;tooltip&quot; disabled=&quot;disabled&quot; href=&quot;/page/instructorEvalPublish?courseid=CHomeUiT.CS1101&amp;evaluationname=Fifth+Eval&amp;next=%2Fpage%2FinstructorHomePage%3Fuser%3DCHomeUiT.instructor.tmms&amp;user=CHomeUiT.instructor.tmms&quot; onclick=&quot;return false&quot; title=&quot;&quot;&gt;
                        Publish
                     &lt;/a&gt;
                  &lt;/td&gt;
               &lt;/tr&gt;
               &lt;tr id=&quot;session2&quot;&gt;
                  &lt;td&gt;
                     Third Eval
                  &lt;/td&gt;
                  &lt;td&gt;
                     &lt;span data-original-title=&quot;The evaluation has finished but the results have not been made available to the students&quot; data-placement=&quot;top&quot; data-toggle=&quot;tooltip&quot; title=&quot;&quot;&gt;
                        Closed
                     &lt;/span&gt;
                  &lt;/td&gt;
                  &lt;td class=&quot;session-response-for-test&quot;&gt;
                     &lt;a href=&quot;/page/instructorEvalStatsPage?courseid=CHomeUiT.CS1101&amp;evaluationname=Third+Eval&amp;user=CHomeUiT.instructor.tmms&quot; oncontextmenu=&quot;return false;&quot;&gt;
                        Show
                     &lt;/a&gt;
                  &lt;/td&gt;
                  &lt;td class=&quot;no-print&quot;&gt;
                     &lt;a class=&quot;btn btn-default btn-xs btn-tm-actions session-view-for-test&quot; data-original-title=&quot;View the current results of the evaluation&quot; data-placement=&quot;top&quot; data-toggle=&quot;tooltip&quot; href=&quot;/page/instructorEvalResultsPage?courseid=CHomeUiT.CS1101&amp;evaluationname=Third+Eval&amp;user=CHomeUiT.instructor.tmms&quot; title=&quot;&quot;&gt;
                        View Results
                     &lt;/a&gt;
                     &lt;a class=&quot;btn btn-default btn-xs btn-tm-actions session-edit-for-test&quot; data-original-title=&quot;Edit evaluation details&quot; data-placement=&quot;top&quot; data-toggle=&quot;tooltip&quot; disabled=&quot;disabled&quot; href=&quot;/page/instructorEvalEditPage?courseid=CHomeUiT.CS1101&amp;evaluationname=Third+Eval&amp;user=CHomeUiT.instructor.tmms&quot; title=&quot;&quot;&gt;
                        Edit
                     &lt;/a&gt;
                     &lt;a class=&quot;btn btn-default btn-xs btn-tm-actions session-preview-for-test&quot; data-original-title=&quot;Preview evaluation session&quot; data-placement=&quot;top&quot; data-toggle=&quot;tooltip&quot; href=&quot;/page/instructorEvalPreview?courseid=CHomeUiT.CS1101&amp;evaluationname=Third+Eval&amp;user=CHomeUiT.instructor.tmms&quot; target=&quot;_blank&quot; title=&quot;&quot;&gt;
                        Preview
                     &lt;/a&gt;
                     &lt;a class=&quot;btn btn-default btn-xs btn-tm-actions session-delete-for-test&quot; data-original-title=&quot;Delete the evaluation&quot; data-placement=&quot;top&quot; data-toggle=&quot;tooltip&quot; disabled=&quot;disabled&quot; href=&quot;/page/instructorEvalDelete?courseid=CHomeUiT.CS1101&amp;evaluationname=Third+Eval&amp;next=%2Fpage%2FinstructorHomePage%3Fuser%3DCHomeUiT.instructor.tmms&amp;user=CHomeUiT.instructor.tmms&quot; onclick=&quot;return toggleDeleteEvaluationConfirmation(&#039;CHomeUiT.CS1101&#039;,&#039;Third Eval&#039;);&quot; title=&quot;&quot;&gt;
                        Delete
                     &lt;/a&gt;
                     &lt;a class=&quot;btn btn-default btn-xs btn-tm-actions session-remind-for-test disabled&quot; data-original-title=&quot;Send e-mails to remind students who have not submitted their evaluations to do so&quot; data-placement=&quot;top&quot; data-toggle=&quot;tooltip&quot; href=&quot;/page/instructorEvalRemind?courseid=CHomeUiT.CS1101&amp;evaluationname=Third+Eval&amp;user=CHomeUiT.instructor.tmms&quot; onclick=&quot;return false&quot; title=&quot;&quot;&gt;
                        Remind
                     &lt;/a&gt;
                     &lt;a class=&quot;btn btn-default btn-xs btn-tm-actions session-publish-for-test&quot; data-original-title=&quot;Publish evaluation results for students to view&quot; data-placement=&quot;top&quot; data-toggle=&quot;tooltip&quot; disabled=&quot;disabled&quot; href=&quot;/page/instructorEvalPublish?courseid=CHomeUiT.CS1101&amp;evaluationname=Third+Eval&amp;next=%2Fpage%2FinstructorHomePage%3Fuser%3DCHomeUiT.instructor.tmms&amp;user=CHomeUiT.instructor.tmms&quot; onclick=&quot;return togglePublishEvaluation(&#039;Third Eval&#039;);&quot; title=&quot;&quot;&gt;
                        Publish
                     &lt;/a&gt;
                  &lt;/td&gt;
               &lt;/tr&gt;
            &lt;/tbody&gt;
         &lt;/table&gt;
      &lt;/div&gt;
      &lt;br/&gt;
            &lt;div class=&quot;panel panel-primary&quot; id=&quot;course1&quot;&gt;
         &lt;div class=&quot;panel-heading&quot;&gt;
            &lt;div class=&quot;row&quot;&gt;
               &lt;div class=&quot;col-md-6&quot;&gt;
                  &lt;strong&gt;
                     [CHomeUiT.CS2104] :
                                    Programming Language Concepts
                  &lt;/strong&gt;
               &lt;/div&gt;
               &lt;div class=&quot;col-md-6&quot;&gt;
                  &lt;span class=&quot;pull-right&quot;&gt;
                     &lt;a class=&quot;btn btn-primary btn-xs btn-tm-actions course-enroll-for-test&quot; data-original-title=&quot;Enroll student into the course&quot; data-placement=&quot;top&quot; data-toggle=&quot;tooltip&quot; href=&quot;/page/instructorCourseEnrollPage?courseid=CHomeUiT.CS2104&amp;user=CHomeUiT.instructor.tmms&quot; title=&quot;&quot;&gt;
                        Enroll
                     &lt;/a&gt;
                     &lt;a class=&quot;btn btn-primary btn-xs btn-tm-actions course-view-for-test&quot; data-original-title=&quot;View, edit and send invitation emails to the students in the course&quot; data-placement=&quot;top&quot; data-toggle=&quot;tooltip&quot; href=&quot;/page/instructorCourseDetailsPage?courseid=CHomeUiT.CS2104&amp;user=CHomeUiT.instructor.tmms&quot; title=&quot;&quot;&gt;
                        View
                     &lt;/a&gt;
                     &lt;a class=&quot;btn btn-primary btn-xs btn-tm-actions course-edit-for-test&quot; data-original-title=&quot;Edit Course information and instructor list&quot; data-placement=&quot;top&quot; data-toggle=&quot;tooltip&quot; href=&quot;/page/instructorCourseEditPage?courseid=CHomeUiT.CS2104&amp;user=CHomeUiT.instructor.tmms&quot; title=&quot;&quot;&gt;
                        Edit
                     &lt;/a&gt;
                     &lt;a class=&quot;btn btn-primary btn-xs btn-tm-actions course-add-eval-for-test&quot; data-original-title=&quot;Add a feedback session for the course&quot; data-placement=&quot;top&quot; data-toggle=&quot;tooltip&quot; href=&quot;/page/instructorFeedbacksPage?user=CHomeUiT.instructor.tmms&amp;courseid=CHomeUiT.CS2104&quot; title=&quot;&quot;&gt;
                        Add Session
                     &lt;/a&gt;
                     &lt;a class=&quot;btn btn-primary btn-xs btn-tm-actions course-archive-for-test&quot; data-original-title=&quot;Archive the course so that it will not be shown in the home page any more (you can still access it from the &#039;Courses&#039; tab)&quot; data-placement=&quot;top&quot; data-toggle=&quot;tooltip&quot; href=&quot;/page/instructorCourseArchive?courseid=CHomeUiT.CS2104&amp;archive=true&amp;next=%2Fpage%2FinstructorHomePage&amp;user=CHomeUiT.instructor.tmms&quot; onclick=&quot;return toggleArchiveCourseConfirmation(&#039;CHomeUiT.CS2104&#039;)&quot; title=&quot;&quot;&gt;
                        Archive
                     &lt;/a&gt;
                     &lt;a class=&quot;btn btn-primary btn-xs btn-tm-actions course-notify-pending-comments-for-test
                                        hidden&quot; data-original-title=&quot;Send email notification to recipients of 0 pending comment&quot; data-placement=&quot;top&quot; data-toggle=&quot;tooltip&quot; href=&quot;/page/instructorStudentCommentClearPending?courseid=CHomeUiT.CS2104&amp;user=CHomeUiT.instructor.tmms&quot; title=&quot;&quot;&gt;
                        &lt;span class=&quot;badge&quot;&gt;
                           0
                        &lt;/span&gt;
                        &lt;span class=&quot;glyphicon glyphicon-comment&quot;&gt;
                        &lt;/span&gt;
                        &lt;span class=&quot;glyphicon glyphicon-arrow-right&quot;&gt;
                        &lt;/span&gt;
                        &lt;span class=&quot;glyphicon glyphicon-envelope&quot;&gt;
                        &lt;/span&gt;
                     &lt;/a&gt;
                     &lt;a class=&quot;btn btn-primary btn-xs btn-tm-actions course-delete-for-test&quot; data-original-title=&quot;Delete the course and its corresponding students and sessions&quot; data-placement=&quot;top&quot; data-toggle=&quot;tooltip&quot; href=&quot;/page/instructorCourseDelete?courseid=CHomeUiT.CS2104&amp;next=%2Fpage%2FinstructorHomePage&amp;user=CHomeUiT.instructor.tmms&quot; onclick=&quot;return toggleDeleteCourseConfirmation(&#039;CHomeUiT.CS2104&#039;)&quot; title=&quot;&quot;&gt;
                        Delete
                     &lt;/a&gt;
                  &lt;/span&gt;
               &lt;/div&gt;
            &lt;/div&gt;
         &lt;/div&gt;
         &lt;table class=&quot;table-responsive table table-striped table-bordered&quot;&gt;
            &lt;thead&gt;
               &lt;tr&gt;
                  &lt;th class=&quot;button-sort-none&quot; id=&quot;button_sortname&quot; onclick=&quot;toggleSort(this,1);&quot;&gt;
                     Session Name
                     &lt;span class=&quot;icon-sort unsorted&quot;&gt;
                     &lt;/span&gt;
                  &lt;/th&gt;
                  &lt;th&gt;
                     Status
                  &lt;/th&gt;
                  &lt;th&gt;
                     &lt;span data-original-title=&quot;Number of students submitted / Class size&quot; data-placement=&quot;top&quot; data-toggle=&quot;tooltip&quot; title=&quot;&quot;&gt;
                        Response Rate
                     &lt;/span&gt;
                  &lt;/th&gt;
                  &lt;th class=&quot;no-print&quot;&gt;
                     Action(s)
                  &lt;/th&gt;
               &lt;/tr&gt;
            &lt;/thead&gt;
            &lt;tbody&gt;
               &lt;tr id=&quot;session3&quot;&gt;
                  &lt;td&gt;
                     First Eval
                  &lt;/td&gt;
                  &lt;td&gt;
                     &lt;span data-original-title=&quot;The evaluation has started and students can submit feedback until the closing time&quot; data-placement=&quot;top&quot; data-toggle=&quot;tooltip&quot; title=&quot;&quot;&gt;
                        Open
                     &lt;/span&gt;
                  &lt;/td&gt;
                  &lt;td class=&quot;session-response-for-test recent&quot;&gt;
                     4 / 4
                  &lt;/td&gt;
                  &lt;td class=&quot;no-print&quot;&gt;
                     &lt;a class=&quot;btn btn-default btn-xs btn-tm-actions session-view-for-test&quot; data-original-title=&quot;View the current results of the evaluation&quot; data-placement=&quot;top&quot; data-toggle=&quot;tooltip&quot; href=&quot;/page/instructorEvalResultsPage?courseid=CHomeUiT.CS2104&amp;evaluationname=First+Eval&amp;user=CHomeUiT.instructor.tmms&quot; title=&quot;&quot;&gt;
                        View Results
                     &lt;/a&gt;
                     &lt;a class=&quot;btn btn-default btn-xs btn-tm-actions session-edit-for-test&quot; data-original-title=&quot;Edit evaluation details&quot; data-placement=&quot;top&quot; data-toggle=&quot;tooltip&quot; href=&quot;/page/instructorEvalEditPage?courseid=CHomeUiT.CS2104&amp;evaluationname=First+Eval&amp;user=CHomeUiT.instructor.tmms&quot; title=&quot;&quot;&gt;
                        Edit
                     &lt;/a&gt;
                     &lt;a class=&quot;btn btn-default btn-xs btn-tm-actions session-preview-for-test&quot; data-original-title=&quot;Preview evaluation session&quot; data-placement=&quot;top&quot; data-toggle=&quot;tooltip&quot; href=&quot;/page/instructorEvalPreview?courseid=CHomeUiT.CS2104&amp;evaluationname=First+Eval&amp;user=CHomeUiT.instructor.tmms&quot; target=&quot;_blank&quot; title=&quot;&quot;&gt;
                        Preview
                     &lt;/a&gt;
                     &lt;a class=&quot;btn btn-default btn-xs btn-tm-actions session-delete-for-test&quot; data-original-title=&quot;Delete the evaluation&quot; data-placement=&quot;top&quot; data-toggle=&quot;tooltip&quot; href=&quot;/page/instructorEvalDelete?courseid=CHomeUiT.CS2104&amp;evaluationname=First+Eval&amp;next=%2Fpage%2FinstructorHomePage%3Fuser%3DCHomeUiT.instructor.tmms&amp;user=CHomeUiT.instructor.tmms&quot; onclick=&quot;return toggleDeleteEvaluationConfirmation(&#039;CHomeUiT.CS2104&#039;,&#039;First Eval&#039;);&quot; title=&quot;&quot;&gt;
                        Delete
                     &lt;/a&gt;
                     &lt;a class=&quot;btn btn-default btn-xs btn-tm-actions session-remind-for-test&quot; data-original-title=&quot;Send e-mails to remind students who have not submitted their evaluations to do so&quot; data-placement=&quot;top&quot; data-toggle=&quot;tooltip&quot; href=&quot;/page/instructorEvalRemind?courseid=CHomeUiT.CS2104&amp;evaluationname=First+Eval&amp;user=CHomeUiT.instructor.tmms&quot; onclick=&quot;return toggleRemindStudents(&#039;First Eval&#039;);&quot; title=&quot;&quot;&gt;
                        Remind
                     &lt;/a&gt;
                     &lt;a class=&quot;btn btn-default btn-xs btn-tm-actions session-publish-for-test disabled&quot; data-original-title=&quot;Publish evaluation results for students to view&quot; data-placement=&quot;top&quot; data-toggle=&quot;tooltip&quot; href=&quot;/page/instructorEvalPublish?courseid=CHomeUiT.CS2104&amp;evaluationname=First+Eval&amp;next=%2Fpage%2FinstructorHomePage%3Fuser%3DCHomeUiT.instructor.tmms&amp;user=CHomeUiT.instructor.tmms&quot; onclick=&quot;return false&quot; title=&quot;&quot;&gt;
                        Publish
                     &lt;/a&gt;
                  &lt;/td&gt;
               &lt;/tr&gt;
               &lt;tr id=&quot;session5&quot;&gt;
                  &lt;td&gt;
                     Second Feedback Session
                  &lt;/td&gt;
                  &lt;td&gt;
                     &lt;span data-original-title=&quot;The feedback session has been created, is visible, and is waiting to open.&quot; data-placement=&quot;top&quot; data-toggle=&quot;tooltip&quot; title=&quot;&quot;&gt;
                        Awaiting
                     &lt;/span&gt;
                  &lt;/td&gt;
                  &lt;td class=&quot;session-response-for-test recent&quot;&gt;
                     0 / 0
                  &lt;/td&gt;
                  &lt;td class=&quot;no-print&quot;&gt;
                     &lt;a class=&quot;btn btn-default btn-xs btn-tm-actions session-view-for-test&quot; data-original-title=&quot;View the submitted responses for this feedback session&quot; data-placement=&quot;top&quot; data-toggle=&quot;tooltip&quot; href=&quot;/page/instructorFeedbackResultsPage?courseid=CHomeUiT.CS2104&amp;fsname=Second+Feedback+Session&amp;user=CHomeUiT.instructor.tmms&quot; title=&quot;&quot;&gt;
                        View Results
                     &lt;/a&gt;
                     &lt;a class=&quot;btn btn-default btn-xs btn-tm-actions session-edit-for-test&quot; data-original-title=&quot;Edit feedback session details&quot; data-placement=&quot;top&quot; data-toggle=&quot;tooltip&quot; href=&quot;/page/instructorFeedbackEditPage?courseid=CHomeUiT.CS2104&amp;fsname=Second+Feedback+Session&amp;user=CHomeUiT.instructor.tmms&quot; title=&quot;&quot;&gt;
                        Edit
                     &lt;/a&gt;
                     &lt;a class=&quot;btn btn-default btn-xs btn-tm-actions session-delete-for-test&quot; data-original-title=&quot;Delete the feedback session&quot; data-placement=&quot;top&quot; data-toggle=&quot;tooltip&quot; href=&quot;/page/instructorFeedbackDelete?courseid=CHomeUiT.CS2104&amp;fsname=Second+Feedback+Session&amp;next=%2Fpage%2FinstructorFeedbacksPage%3Fuser%3DCHomeUiT.instructor.tmms&amp;user=CHomeUiT.instructor.tmms&quot; onclick=&quot;return toggleDeleteFeedbackSessionConfirmation(&#039;CHomeUiT.CS2104&#039;,&#039;Second Feedback Session&#039;);&quot; title=&quot;&quot;&gt;
                        Delete
                     &lt;/a&gt;
                     &lt;a class=&quot;btn btn-default btn-xs btn-tm-actions session-submit-for-test&quot; data-original-title=&quot;Start submitting feedback&quot; data-placement=&quot;top&quot; data-toggle=&quot;tooltip&quot; href=&quot;/page/instructorFeedbackSubmissionEditPage?courseid=CHomeUiT.CS2104&amp;fsname=Second+Feedback+Session&amp;user=CHomeUiT.instructor.tmms&quot; title=&quot;&quot;&gt;
                        Submit
                     &lt;/a&gt;
                     &lt;a class=&quot;btn btn-default btn-xs btn-tm-actions session-remind-for-test disabled&quot; data-original-title=&quot;Send e-mails to remind students and instructors who have not submitted their feedbacks to do so&quot; data-placement=&quot;top&quot; data-toggle=&quot;tooltip&quot; href=&quot;/page/instructorFeedbackRemind?courseid=CHomeUiT.CS2104&amp;fsname=Second+Feedback+Session&amp;user=CHomeUiT.instructor.tmms&quot; onclick=&quot;return false&quot; title=&quot;&quot;&gt;
                        Remind
                     &lt;/a&gt;
                     &lt;a class=&quot;btn btn-default btn-xs btn-tm-actions session-publish-for-test disabled&quot; data-original-title=&quot;This session is not yet opened&quot; data-placement=&quot;top&quot; data-toggle=&quot;tooltip&quot; href=&quot;/page/instructorFeedbackPublish?courseid=CHomeUiT.CS2104&amp;fsname=Second+Feedback+Session&amp;next=%2Fpage%2FinstructorFeedbacksPage%3Fuser%3DCHomeUiT.instructor.tmms&amp;user=CHomeUiT.instructor.tmms&quot; onclick=&quot;return false&quot; title=&quot;&quot;&gt;
                        Publish
                     &lt;/a&gt;
                  &lt;/td&gt;
               &lt;/tr&gt;
               &lt;tr id=&quot;session6&quot;&gt;
                  &lt;td&gt;
                     First Feedback Session
                  &lt;/td&gt;
                  &lt;td&gt;
                     &lt;span data-original-title=&quot;The feedback session has been created, is visible, and is open for submissions.&quot; data-placement=&quot;top&quot; data-toggle=&quot;tooltip&quot; title=&quot;&quot;&gt;
                        Open
                     &lt;/span&gt;
                  &lt;/td&gt;
                  &lt;td class=&quot;session-response-for-test recent&quot;&gt;
                     0 / 4
                  &lt;/td&gt;
                  &lt;td class=&quot;no-print&quot;&gt;
                     &lt;a class=&quot;btn btn-default btn-xs btn-tm-actions session-view-for-test&quot; data-original-title=&quot;View the submitted responses for this feedback session&quot; data-placement=&quot;top&quot; data-toggle=&quot;tooltip&quot; href=&quot;/page/instructorFeedbackResultsPage?courseid=CHomeUiT.CS2104&amp;fsname=First+Feedback+Session&amp;user=CHomeUiT.instructor.tmms&quot; title=&quot;&quot;&gt;
                        View Results
                     &lt;/a&gt;
                     &lt;a class=&quot;btn btn-default btn-xs btn-tm-actions session-edit-for-test&quot; data-original-title=&quot;Edit feedback session details&quot; data-placement=&quot;top&quot; data-toggle=&quot;tooltip&quot; href=&quot;/page/instructorFeedbackEditPage?courseid=CHomeUiT.CS2104&amp;fsname=First+Feedback+Session&amp;user=CHomeUiT.instructor.tmms&quot; title=&quot;&quot;&gt;
                        Edit
                     &lt;/a&gt;
                     &lt;a class=&quot;btn btn-default btn-xs btn-tm-actions session-delete-for-test&quot; data-original-title=&quot;Delete the feedback session&quot; data-placement=&quot;top&quot; data-toggle=&quot;tooltip&quot; href=&quot;/page/instructorFeedbackDelete?courseid=CHomeUiT.CS2104&amp;fsname=First+Feedback+Session&amp;next=%2Fpage%2FinstructorFeedbacksPage%3Fuser%3DCHomeUiT.instructor.tmms&amp;user=CHomeUiT.instructor.tmms&quot; onclick=&quot;return toggleDeleteFeedbackSessionConfirmation(&#039;CHomeUiT.CS2104&#039;,&#039;First Feedback Session&#039;);&quot; title=&quot;&quot;&gt;
                        Delete
                     &lt;/a&gt;
                     &lt;a class=&quot;btn btn-default btn-xs btn-tm-actions session-submit-for-test&quot; data-original-title=&quot;Start submitting feedback&quot; data-placement=&quot;top&quot; data-toggle=&quot;tooltip&quot; href=&quot;/page/instructorFeedbackSubmissionEditPage?courseid=CHomeUiT.CS2104&amp;fsname=First+Feedback+Session&amp;user=CHomeUiT.instructor.tmms&quot; title=&quot;&quot;&gt;
                        Submit
                     &lt;/a&gt;
                     &lt;a class=&quot;btn btn-default btn-xs btn-tm-actions session-remind-for-test&quot; data-original-title=&quot;Send e-mails to remind students and instructors who have not submitted their feedbacks to do so&quot; data-placement=&quot;top&quot; data-toggle=&quot;tooltip&quot; href=&quot;/page/instructorFeedbackRemind?courseid=CHomeUiT.CS2104&amp;fsname=First+Feedback+Session&amp;user=CHomeUiT.instructor.tmms&quot; onclick=&quot;return toggleRemindStudents(&#039;First Feedback Session&#039;);&quot; title=&quot;&quot;&gt;
                        Remind
                     &lt;/a&gt;
                     &lt;a class=&quot;btn btn-default btn-xs btn-tm-actions session-publish-for-test&quot; data-original-title=&quot;Make session responses available for viewing&quot; data-placement=&quot;top&quot; data-toggle=&quot;tooltip&quot; href=&quot;/page/instructorFeedbackPublish?courseid=CHomeUiT.CS2104&amp;fsname=First+Feedback+Session&amp;next=%2Fpage%2FinstructorFeedbacksPage%3Fuser%3DCHomeUiT.instructor.tmms&amp;user=CHomeUiT.instructor.tmms&quot; onclick=&quot;return togglePublishEvaluation(&#039;First Feedback Session&#039;);&quot; title=&quot;&quot;&gt;
                        Publish
                     &lt;/a&gt;
                  &lt;/td&gt;
               &lt;/tr&gt;
               &lt;tr id=&quot;session4&quot;&gt;
                  &lt;td&gt;
                     Second Eval
                  &lt;/td&gt;
                  &lt;td&gt;
                     &lt;span data-original-title=&quot;The evaluation has finished and the results have been made available to students&quot; data-placement=&quot;top&quot; data-toggle=&quot;tooltip&quot; title=&quot;&quot;&gt;
                        Published
                     &lt;/span&gt;
                  &lt;/td&gt;
                  &lt;td class=&quot;session-response-for-test&quot;&gt;
                     &lt;a href=&quot;/page/instructorEvalStatsPage?courseid=CHomeUiT.CS2104&amp;evaluationname=Second+Eval&amp;user=CHomeUiT.instructor.tmms&quot; oncontextmenu=&quot;return false;&quot;&gt;
                        Show
                     &lt;/a&gt;
                  &lt;/td&gt;
                  &lt;td class=&quot;no-print&quot;&gt;
                     &lt;a class=&quot;btn btn-default btn-xs btn-tm-actions session-view-for-test&quot; data-original-title=&quot;View the current results of the evaluation&quot; data-placement=&quot;top&quot; data-toggle=&quot;tooltip&quot; href=&quot;/page/instructorEvalResultsPage?courseid=CHomeUiT.CS2104&amp;evaluationname=Second+Eval&amp;user=CHomeUiT.instructor.tmms&quot; title=&quot;&quot;&gt;
                        View Results
                     &lt;/a&gt;
                     &lt;a class=&quot;btn btn-default btn-xs btn-tm-actions session-edit-for-test disabled&quot; data-original-title=&quot;Edit evaluation details&quot; data-placement=&quot;top&quot; data-toggle=&quot;tooltip&quot; href=&quot;/page/instructorEvalEditPage?courseid=CHomeUiT.CS2104&amp;evaluationname=Second+Eval&amp;user=CHomeUiT.instructor.tmms&quot; onclick=&quot;return false&quot; title=&quot;&quot;&gt;
                        Edit
                     &lt;/a&gt;
                     &lt;a class=&quot;btn btn-default btn-xs btn-tm-actions session-preview-for-test&quot; data-original-title=&quot;Preview evaluation session&quot; data-placement=&quot;top&quot; data-toggle=&quot;tooltip&quot; href=&quot;/page/instructorEvalPreview?courseid=CHomeUiT.CS2104&amp;evaluationname=Second+Eval&amp;user=CHomeUiT.instructor.tmms&quot; target=&quot;_blank&quot; title=&quot;&quot;&gt;
                        Preview
                     &lt;/a&gt;
                     &lt;a class=&quot;btn btn-default btn-xs btn-tm-actions session-delete-for-test&quot; data-original-title=&quot;Delete the evaluation&quot; data-placement=&quot;top&quot; data-toggle=&quot;tooltip&quot; href=&quot;/page/instructorEvalDelete?courseid=CHomeUiT.CS2104&amp;evaluationname=Second+Eval&amp;next=%2Fpage%2FinstructorHomePage%3Fuser%3DCHomeUiT.instructor.tmms&amp;user=CHomeUiT.instructor.tmms&quot; onclick=&quot;return toggleDeleteEvaluationConfirmation(&#039;CHomeUiT.CS2104&#039;,&#039;Second Eval&#039;);&quot; title=&quot;&quot;&gt;
                        Delete
                     &lt;/a&gt;
                     &lt;a class=&quot;btn btn-default btn-xs btn-tm-actions session-remind-for-test disabled&quot; data-original-title=&quot;Send e-mails to remind students who have not submitted their evaluations to do so&quot; data-placement=&quot;top&quot; data-toggle=&quot;tooltip&quot; href=&quot;/page/instructorEvalRemind?courseid=CHomeUiT.CS2104&amp;evaluationname=Second+Eval&amp;user=CHomeUiT.instructor.tmms&quot; onclick=&quot;return false&quot; title=&quot;&quot;&gt;
                        Remind
                     &lt;/a&gt;
                     &lt;a class=&quot;btn btn-default btn-xs btn-tm-actions session-unpublish-for-test&quot; data-original-title=&quot;Make results not visible to students&quot; data-placement=&quot;top&quot; data-toggle=&quot;tooltip&quot; href=&quot;/page/instructorEvalUnpublish?courseid=CHomeUiT.CS2104&amp;evaluationname=Second+Eval&amp;next=%2Fpage%2FinstructorHomePage%3Fuser%3DCHomeUiT.instructor.tmms&amp;user=CHomeUiT.instructor.tmms&quot; onclick=&quot;return toggleUnpublishEvaluation(&#039;Second Eval&#039;);&quot; title=&quot;&quot;&gt;
                        Unpublish
                     &lt;/a&gt;
                  &lt;/td&gt;
               &lt;/tr&gt;
               &lt;tr id=&quot;session7&quot;&gt;
                  &lt;td&gt;
                     Fourth Feedback Session
                  &lt;/td&gt;
                  &lt;td&gt;
                     &lt;span data-original-title=&quot;The feedback session has been created, is visible, and has ended.&lt;br /&gt;The responses for this session are visible.&quot; data-placement=&quot;top&quot; data-toggle=&quot;tooltip&quot; title=&quot;&quot;&gt;
                        Published
                     &lt;/span&gt;
                  &lt;/td&gt;
                  &lt;td class=&quot;session-response-for-test&quot;&gt;
                     &lt;a href=&quot;/page/feedbackSessionStatsPage?courseid=CHomeUiT.CS2104&amp;fsname=Fourth+Feedback+Session&amp;user=CHomeUiT.instructor.tmms&quot; oncontextmenu=&quot;return false;&quot;&gt;
                        Show
                     &lt;/a&gt;
                  &lt;/td&gt;
                  &lt;td class=&quot;no-print&quot;&gt;
                     &lt;a class=&quot;btn btn-default btn-xs btn-tm-actions session-view-for-test&quot; data-original-title=&quot;View the submitted responses for this feedback session&quot; data-placement=&quot;top&quot; data-toggle=&quot;tooltip&quot; href=&quot;/page/instructorFeedbackResultsPage?courseid=CHomeUiT.CS2104&amp;fsname=Fourth+Feedback+Session&amp;user=CHomeUiT.instructor.tmms&quot; title=&quot;&quot;&gt;
                        View Results
                     &lt;/a&gt;
                     &lt;a class=&quot;btn btn-default btn-xs btn-tm-actions session-edit-for-test&quot; data-original-title=&quot;Edit feedback session details&quot; data-placement=&quot;top&quot; data-toggle=&quot;tooltip&quot; href=&quot;/page/instructorFeedbackEditPage?courseid=CHomeUiT.CS2104&amp;fsname=Fourth+Feedback+Session&amp;user=CHomeUiT.instructor.tmms&quot; title=&quot;&quot;&gt;
                        Edit
                     &lt;/a&gt;
                     &lt;a class=&quot;btn btn-default btn-xs btn-tm-actions session-delete-for-test&quot; data-original-title=&quot;Delete the feedback session&quot; data-placement=&quot;top&quot; data-toggle=&quot;tooltip&quot; href=&quot;/page/instructorFeedbackDelete?courseid=CHomeUiT.CS2104&amp;fsname=Fourth+Feedback+Session&amp;next=%2Fpage%2FinstructorFeedbacksPage%3Fuser%3DCHomeUiT.instructor.tmms&amp;user=CHomeUiT.instructor.tmms&quot; onclick=&quot;return toggleDeleteFeedbackSessionConfirmation(&#039;CHomeUiT.CS2104&#039;,&#039;Fourth Feedback Session&#039;);&quot; title=&quot;&quot;&gt;
                        Delete
                     &lt;/a&gt;
                     &lt;a class=&quot;btn btn-default btn-xs btn-tm-actions session-submit-for-test&quot; data-original-title=&quot;Start submitting feedback&quot; data-placement=&quot;top&quot; data-toggle=&quot;tooltip&quot; href=&quot;/page/instructorFeedbackSubmissionEditPage?courseid=CHomeUiT.CS2104&amp;fsname=Fourth+Feedback+Session&amp;user=CHomeUiT.instructor.tmms&quot; title=&quot;&quot;&gt;
                        Submit
                     &lt;/a&gt;
                     &lt;a class=&quot;btn btn-default btn-xs btn-tm-actions session-remind-for-test disabled&quot; data-original-title=&quot;Send e-mails to remind students and instructors who have not submitted their feedbacks to do so&quot; data-placement=&quot;top&quot; data-toggle=&quot;tooltip&quot; href=&quot;/page/instructorFeedbackRemind?courseid=CHomeUiT.CS2104&amp;fsname=Fourth+Feedback+Session&amp;user=CHomeUiT.instructor.tmms&quot; onclick=&quot;return false&quot; title=&quot;&quot;&gt;
                        Remind
                     &lt;/a&gt;
                     &lt;a class=&quot;btn btn-default btn-xs btn-tm-actions session-unpublish-for-test&quot; data-original-title=&quot;Make responses no longer visible&quot; data-placement=&quot;top&quot; data-toggle=&quot;tooltip&quot; href=&quot;/page/instructorFeedbackUnpublish?courseid=CHomeUiT.CS2104&amp;fsname=Fourth+Feedback+Session&amp;next=%2Fpage%2FinstructorFeedbacksPage%3Fuser%3DCHomeUiT.instructor.tmms&amp;user=CHomeUiT.instructor.tmms&quot; onclick=&quot;return toggleUnpublishEvaluation(&#039;Fourth Feedback Session&#039;);&quot; title=&quot;&quot;&gt;
                        Unpublish
                     &lt;/a&gt;
                  &lt;/td&gt;
               &lt;/tr&gt;
               &lt;tr id=&quot;session8&quot;&gt;
                  &lt;td&gt;
                     Third Feedback Session
                  &lt;/td&gt;
                  &lt;td&gt;
                     &lt;span data-original-title=&quot;The feedback session has been created, is visible, and has ended.&quot; data-placement=&quot;top&quot; data-toggle=&quot;tooltip&quot; title=&quot;&quot;&gt;
                        Closed
                     &lt;/span&gt;
                  &lt;/td&gt;
                  &lt;td class=&quot;session-response-for-test&quot;&gt;
                     &lt;a href=&quot;/page/feedbackSessionStatsPage?courseid=CHomeUiT.CS2104&amp;fsname=Third+Feedback+Session&amp;user=CHomeUiT.instructor.tmms&quot; oncontextmenu=&quot;return false;&quot;&gt;
                        Show
                     &lt;/a&gt;
                  &lt;/td&gt;
                  &lt;td class=&quot;no-print&quot;&gt;
                     &lt;a class=&quot;btn btn-default btn-xs btn-tm-actions session-view-for-test&quot; data-original-title=&quot;View the submitted responses for this feedback session&quot; data-placement=&quot;top&quot; data-toggle=&quot;tooltip&quot; href=&quot;/page/instructorFeedbackResultsPage?courseid=CHomeUiT.CS2104&amp;fsname=Third+Feedback+Session&amp;user=CHomeUiT.instructor.tmms&quot; title=&quot;&quot;&gt;
                        View Results
                     &lt;/a&gt;
                     &lt;a class=&quot;btn btn-default btn-xs btn-tm-actions session-edit-for-test&quot; data-original-title=&quot;Edit feedback session details&quot; data-placement=&quot;top&quot; data-toggle=&quot;tooltip&quot; href=&quot;/page/instructorFeedbackEditPage?courseid=CHomeUiT.CS2104&amp;fsname=Third+Feedback+Session&amp;user=CHomeUiT.instructor.tmms&quot; title=&quot;&quot;&gt;
                        Edit
                     &lt;/a&gt;
                     &lt;a class=&quot;btn btn-default btn-xs btn-tm-actions session-delete-for-test&quot; data-original-title=&quot;Delete the feedback session&quot; data-placement=&quot;top&quot; data-toggle=&quot;tooltip&quot; href=&quot;/page/instructorFeedbackDelete?courseid=CHomeUiT.CS2104&amp;fsname=Third+Feedback+Session&amp;next=%2Fpage%2FinstructorFeedbacksPage%3Fuser%3DCHomeUiT.instructor.tmms&amp;user=CHomeUiT.instructor.tmms&quot; onclick=&quot;return toggleDeleteFeedbackSessionConfirmation(&#039;CHomeUiT.CS2104&#039;,&#039;Third Feedback Session&#039;);&quot; title=&quot;&quot;&gt;
                        Delete
                     &lt;/a&gt;
                     &lt;a class=&quot;btn btn-default btn-xs btn-tm-actions session-submit-for-test&quot; data-original-title=&quot;Start submitting feedback&quot; data-placement=&quot;top&quot; data-toggle=&quot;tooltip&quot; href=&quot;/page/instructorFeedbackSubmissionEditPage?courseid=CHomeUiT.CS2104&amp;fsname=Third+Feedback+Session&amp;user=CHomeUiT.instructor.tmms&quot; title=&quot;&quot;&gt;
                        Submit
                     &lt;/a&gt;
                     &lt;a class=&quot;btn btn-default btn-xs btn-tm-actions session-remind-for-test disabled&quot; data-original-title=&quot;Send e-mails to remind students and instructors who have not submitted their feedbacks to do so&quot; data-placement=&quot;top&quot; data-toggle=&quot;tooltip&quot; href=&quot;/page/instructorFeedbackRemind?courseid=CHomeUiT.CS2104&amp;fsname=Third+Feedback+Session&amp;user=CHomeUiT.instructor.tmms&quot; onclick=&quot;return false&quot; title=&quot;&quot;&gt;
                        Remind
                     &lt;/a&gt;
                     &lt;a class=&quot;btn btn-default btn-xs btn-tm-actions session-publish-for-test&quot; data-original-title=&quot;Make session responses available for viewing&quot; data-placement=&quot;top&quot; data-toggle=&quot;tooltip&quot; href=&quot;/page/instructorFeedbackPublish?courseid=CHomeUiT.CS2104&amp;fsname=Third+Feedback+Session&amp;next=%2Fpage%2FinstructorFeedbacksPage%3Fuser%3DCHomeUiT.instructor.tmms&amp;user=CHomeUiT.instructor.tmms&quot; onclick=&quot;return togglePublishEvaluation(&#039;Third Feedback Session&#039;);&quot; title=&quot;&quot;&gt;
                        Publish
                     &lt;/a&gt;
                  &lt;/td&gt;
               &lt;/tr&gt;
            &lt;/tbody&gt;
         &lt;/table&gt;
      &lt;/div&gt;
      &lt;br/&gt;
         &lt;/div&gt;

&lt;/expected]&gt;&gt; but was:&lt;&lt;[actual&gt;
   &lt;div class=&quot;container theme-showcase&quot; id=&quot;frameBodyWrapper&quot;&gt;
      &lt;div id=&quot;topOfPage&quot;&gt;
      &lt;/div&gt;
      &lt;div class=&quot;inner-container&quot;&gt;
         &lt;div class=&quot;row&quot;&gt;
            &lt;div class=&quot;col-md-5&quot;&gt;
               &lt;h1&gt;
                  Instructor Home
               &lt;/h1&gt;
            &lt;/div&gt;
            &lt;div class=&quot;col-md-5 instructor-header-bar&quot;&gt;
               &lt;form action=&quot;/page/instructorSearchPage?user=CHomeUiT.instructor.tmms&quot; method=&quot;get&quot; name=&quot;search_form&quot;&gt;
                  &lt;div class=&quot;input-group&quot;&gt;
                     &lt;input class=&quot;form-control&quot; data-original-title=&quot;Search for student&#039;s name&quot; data-placement=&quot;top&quot; data-toggle=&quot;tooltip&quot; id=&quot;searchbox&quot; name=&quot;searchkey&quot; placeholder=&quot;Student Name&quot; title=&quot;&quot; type=&quot;text&quot;/&gt;
                                          &lt;span class=&quot;input-group-btn&quot;&gt;
                        &lt;button class=&quot;btn btn-default&quot; id=&quot;buttonSearch&quot; type=&quot;submit&quot; value=&quot;Search&quot;&gt;
                           Search
                        &lt;/button&gt;
                     &lt;/span&gt;
                  &lt;/div&gt;
                  &lt;input name=&quot;searchstudents&quot; type=&quot;hidden&quot; value=&quot;true&quot;/&gt;
                                    &lt;input name=&quot;searchcommentforstudents&quot; type=&quot;hidden&quot; value=&quot;false&quot;/&gt;
                                    &lt;input name=&quot;searchcommentforresponses&quot; type=&quot;hidden&quot; value=&quot;false&quot;/&gt;
                                    &lt;input name=&quot;user&quot; type=&quot;hidden&quot; value=&quot;CHomeUiT.instructor.tmms&quot;/&gt;
                                 &lt;/form&gt;
            &lt;/div&gt;
            &lt;div class=&quot;col-md-2 instructor-header-bar&quot;&gt;
               &lt;a class=&quot;btn btn-primary btn-md&quot; href=&quot;/page/instructorCoursesPage?user=CHomeUiT.instructor.tmms&quot; id=&quot;addNewCourse&quot;&gt;
                  Add New Course
               &lt;/a&gt;
            &lt;/div&gt;
         &lt;/div&gt;
      &lt;/div&gt;
      &lt;br/&gt;
            &lt;div id=&quot;statusMessage&quot; style=&quot;display: none;&quot;&gt;
      &lt;/div&gt;
      &lt;div class=&quot;row&quot;&gt;
         &lt;div class=&quot;col-md-5 pull-right&quot;&gt;
            &lt;div class=&quot;row&quot;&gt;
               &lt;div class=&quot;col-md-3 btn-group&quot;&gt;
                  &lt;h5 class=&quot;pull-right&quot;&gt;
                     &lt;strong&gt;
                        Sort By:
                     &lt;/strong&gt;
                  &lt;/h5&gt;
               &lt;/div&gt;
               &lt;div class=&quot;col-md-9&quot;&gt;
                  &lt;div class=&quot;btn-group pull-right&quot; data-toggle=&quot;buttons&quot;&gt;
                     &lt;label class=&quot;btn btn-default &quot; data=&quot;id&quot; id=&quot;sortById&quot; name=&quot;sortby&quot;&gt;
                        &lt;input type=&quot;radio&quot;/&gt;
                                                Course ID
                     &lt;/label&gt;
                     &lt;label class=&quot;btn btn-default &quot; data=&quot;name&quot; id=&quot;sortByName&quot; name=&quot;sortby&quot;&gt;
                        &lt;input name=&quot;sortby&quot; type=&quot;radio&quot; value=&quot;name&quot;/&gt;
                                                Course Name
                     &lt;/label&gt;
                     &lt;label class=&quot;btn btn-default active&quot; data=&quot;createdAt&quot; id=&quot;sortByDate&quot; name=&quot;sortby&quot;&gt;
                        &lt;input type=&quot;radio&quot;/&gt;
                                                Creation Date
                     &lt;/label&gt;
                  &lt;/div&gt;
               &lt;/div&gt;
            &lt;/div&gt;
         &lt;/div&gt;
      &lt;/div&gt;
      &lt;br/&gt;
            &lt;div class=&quot;panel panel-primary&quot; id=&quot;course0&quot;&gt;
         &lt;div class=&quot;panel-heading&quot;&gt;
            &lt;div class=&quot;row&quot;&gt;
               &lt;div class=&quot;col-md-6&quot;&gt;
                  &lt;strong&gt;
                     [CHomeUiT.CS2104] :
                                    Programming Language Concepts
                  &lt;/strong&gt;
               &lt;/div&gt;
               &lt;div class=&quot;col-md-6&quot;&gt;
                  &lt;span class=&quot;pull-right&quot;&gt;
                     &lt;a class=&quot;btn btn-primary btn-xs btn-tm-actions course-enroll-for-test&quot; data-original-title=&quot;Enroll student into the course&quot; data-placement=&quot;top&quot; data-toggle=&quot;tooltip&quot; href=&quot;/page/instructorCourseEnrollPage?courseid=CHomeUiT.CS2104&amp;user=CHomeUiT.instructor.tmms&quot; title=&quot;&quot;&gt;
                        Enroll
                     &lt;/a&gt;
                     &lt;a class=&quot;btn btn-primary btn-xs btn-tm-actions course-view-for-test&quot; data-original-title=&quot;View, edit and send invitation emails to the students in the course&quot; data-placement=&quot;top&quot; data-toggle=&quot;tooltip&quot; href=&quot;/page/instructorCourseDetailsPage?courseid=CHomeUiT.CS2104&amp;user=CHomeUiT.instructor.tmms&quot; title=&quot;&quot;&gt;
                        View
                     &lt;/a&gt;
                     &lt;a class=&quot;btn btn-primary btn-xs btn-tm-actions course-edit-for-test&quot; data-original-title=&quot;Edit Course information and instructor list&quot; data-placement=&quot;top&quot; data-toggle=&quot;tooltip&quot; href=&quot;/page/instructorCourseEditPage?courseid=CHomeUiT.CS2104&amp;user=CHomeUiT.instructor.tmms&quot; title=&quot;&quot;&gt;
                        Edit
                     &lt;/a&gt;
                     &lt;a class=&quot;btn btn-primary btn-xs btn-tm-actions course-add-eval-for-test&quot; data-original-title=&quot;Add a feedback session for the course&quot; data-placement=&quot;top&quot; data-toggle=&quot;tooltip&quot; href=&quot;/page/instructorFeedbacksPage?user=CHomeUiT.instructor.tmms&amp;courseid=CHomeUiT.CS2104&quot; title=&quot;&quot;&gt;
                        Add Session
                     &lt;/a&gt;
                     &lt;a class=&quot;btn btn-primary btn-xs btn-tm-actions course-archive-for-test&quot; data-original-title=&quot;Archive the course so that it will not be shown in the home page any more (you can still access it from the &#039;Courses&#039; tab)&quot; data-placement=&quot;top&quot; data-toggle=&quot;tooltip&quot; href=&quot;/page/instructorCourseArchive?courseid=CHomeUiT.CS2104&amp;archive=true&amp;next=%2Fpage%2FinstructorHomePage&amp;user=CHomeUiT.instructor.tmms&quot; onclick=&quot;return toggleArchiveCourseConfirmation(&#039;CHomeUiT.CS2104&#039;)&quot; title=&quot;&quot;&gt;
                        Archive
                     &lt;/a&gt;
                     &lt;a class=&quot;btn btn-primary btn-xs btn-tm-actions course-notify-pending-comments-for-test
                                        hidden&quot; data-original-title=&quot;Send email notification to recipients of 0 pending comment&quot; data-placement=&quot;top&quot; data-toggle=&quot;tooltip&quot; href=&quot;/page/instructorStudentCommentClearPending?courseid=CHomeUiT.CS2104&amp;user=CHomeUiT.instructor.tmms&quot; title=&quot;&quot;&gt;
                        &lt;span class=&quot;badge&quot;&gt;
                           0
                        &lt;/span&gt;
                        &lt;span class=&quot;glyphicon glyphicon-comment&quot;&gt;
                        &lt;/span&gt;
                        &lt;span class=&quot;glyphicon glyphicon-arrow-right&quot;&gt;
                        &lt;/span&gt;
                        &lt;span class=&quot;glyphicon glyphicon-envelope&quot;&gt;
                        &lt;/span&gt;
                     &lt;/a&gt;
                     &lt;a class=&quot;btn btn-primary btn-xs btn-tm-actions course-delete-for-test&quot; data-original-title=&quot;Delete the course and its corresponding students and sessions&quot; data-placement=&quot;top&quot; data-toggle=&quot;tooltip&quot; href=&quot;/page/instructorCourseDelete?courseid=CHomeUiT.CS2104&amp;next=%2Fpage%2FinstructorHomePage&amp;user=CHomeUiT.instructor.tmms&quot; onclick=&quot;return toggleDeleteCourseConfirmation(&#039;CHomeUiT.CS2104&#039;)&quot; title=&quot;&quot;&gt;
                        Delete
                     &lt;/a&gt;
                  &lt;/span&gt;
               &lt;/div&gt;
            &lt;/div&gt;
         &lt;/div&gt;
         &lt;table class=&quot;table-responsive table table-striped table-bordered&quot;&gt;
            &lt;thead&gt;
               &lt;tr&gt;
                  &lt;th class=&quot;button-sort-none&quot; id=&quot;button_sortname&quot; onclick=&quot;toggleSort(this,1);&quot;&gt;
                     Session Name
                     &lt;span class=&quot;icon-sort unsorted&quot;&gt;
                     &lt;/span&gt;
                  &lt;/th&gt;
                  &lt;th&gt;
                     Status
                  &lt;/th&gt;
                  &lt;th&gt;
                     &lt;span data-original-title=&quot;Number of students submitted / Class size&quot; data-placement=&quot;top&quot; data-toggle=&quot;tooltip&quot; title=&quot;&quot;&gt;
                        Response Rate
                     &lt;/span&gt;
                  &lt;/th&gt;
                  &lt;th class=&quot;no-print&quot;&gt;
                     Action(s)
                  &lt;/th&gt;
               &lt;/tr&gt;
            &lt;/thead&gt;
            &lt;tbody&gt;
               &lt;tr id=&quot;session0&quot;&gt;
                  &lt;td&gt;
                     First Eval
                  &lt;/td&gt;
                  &lt;td&gt;
                     &lt;span data-original-title=&quot;The evaluation has started and students can submit feedback until the closing time&quot; data-placement=&quot;top&quot; data-toggle=&quot;tooltip&quot; title=&quot;&quot;&gt;
                        Open
                     &lt;/span&gt;
                  &lt;/td&gt;
                  &lt;td class=&quot;session-response-for-test recent&quot;&gt;
                     4 / 4
                  &lt;/td&gt;
                  &lt;td class=&quot;no-print&quot;&gt;
                     &lt;a class=&quot;btn btn-default btn-xs btn-tm-actions session-view-for-test&quot; data-original-title=&quot;View the current results of the evaluation&quot; data-placement=&quot;top&quot; data-toggle=&quot;tooltip&quot; href=&quot;/page/instructorEvalResultsPage?courseid=CHomeUiT.CS2104&amp;evaluationname=First+Eval&amp;user=CHomeUiT.instructor.tmms&quot; title=&quot;&quot;&gt;
                        View Results
                     &lt;/a&gt;
                     &lt;a class=&quot;btn btn-default btn-xs btn-tm-actions session-edit-for-test&quot; data-original-title=&quot;Edit evaluation details&quot; data-placement=&quot;top&quot; data-toggle=&quot;tooltip&quot; href=&quot;/page/instructorEvalEditPage?courseid=CHomeUiT.CS2104&amp;evaluationname=First+Eval&amp;user=CHomeUiT.instructor.tmms&quot; title=&quot;&quot;&gt;
                        Edit
                     &lt;/a&gt;
                     &lt;a class=&quot;btn btn-default btn-xs btn-tm-actions session-preview-for-test&quot; data-original-title=&quot;Preview evaluation session&quot; data-placement=&quot;top&quot; data-toggle=&quot;tooltip&quot; href=&quot;/page/instructorEvalPreview?courseid=CHomeUiT.CS2104&amp;evaluationname=First+Eval&amp;user=CHomeUiT.instructor.tmms&quot; target=&quot;_blank&quot; title=&quot;&quot;&gt;
                        Preview
                     &lt;/a&gt;
                     &lt;a class=&quot;btn btn-default btn-xs btn-tm-actions session-delete-for-test&quot; data-original-title=&quot;Delete the evaluation&quot; data-placement=&quot;top&quot; data-toggle=&quot;tooltip&quot; href=&quot;/page/instructorEvalDelete?courseid=CHomeUiT.CS2104&amp;evaluationname=First+Eval&amp;next=%2Fpage%2FinstructorHomePage%3Fuser%3DCHomeUiT.instructor.tmms&amp;user=CHomeUiT.instructor.tmms&quot; onclick=&quot;return toggleDeleteEvaluationConfirmation(&#039;CHomeUiT.CS2104&#039;,&#039;First Eval&#039;);&quot; title=&quot;&quot;&gt;
                        Delete
                     &lt;/a&gt;
                     &lt;a class=&quot;btn btn-default btn-xs btn-tm-actions session-remind-for-test&quot; data-original-title=&quot;Send e-mails to remind students who have not submitted their evaluations to do so&quot; data-placement=&quot;top&quot; data-toggle=&quot;tooltip&quot; href=&quot;/page/instructorEvalRemind?courseid=CHomeUiT.CS2104&amp;evaluationname=First+Eval&amp;user=CHomeUiT.instructor.tmms&quot; onclick=&quot;return toggleRemindStudents(&#039;First Eval&#039;);&quot; title=&quot;&quot;&gt;
                        Remind
                     &lt;/a&gt;
                     &lt;a class=&quot;btn btn-default btn-xs btn-tm-actions session-publish-for-test disabled&quot; data-original-title=&quot;Publish evaluation results for students to view&quot; data-placement=&quot;top&quot; data-toggle=&quot;tooltip&quot; href=&quot;/page/instructorEvalPublish?courseid=CHomeUiT.CS2104&amp;evaluationname=First+Eval&amp;next=%2Fpage%2FinstructorHomePage%3Fuser%3DCHomeUiT.instructor.tmms&amp;user=CHomeUiT.instructor.tmms&quot; onclick=&quot;return false&quot; title=&quot;&quot;&gt;
                        Publish
                     &lt;/a&gt;
                  &lt;/td&gt;
               &lt;/tr&gt;
               &lt;tr id=&quot;session2&quot;&gt;
                  &lt;td&gt;
                     Second Feedback Session
                  &lt;/td&gt;
                  &lt;td&gt;
                     &lt;span data-original-title=&quot;The feedback session has been created, is visible, and is waiting to open.&quot; data-placement=&quot;top&quot; data-toggle=&quot;tooltip&quot; title=&quot;&quot;&gt;
                        Awaiting
                     &lt;/span&gt;
                  &lt;/td&gt;
                  &lt;td class=&quot;session-response-for-test recent&quot;&gt;
                     0 / 0
                  &lt;/td&gt;
                  &lt;td class=&quot;no-print&quot;&gt;
                     &lt;a class=&quot;btn btn-default btn-xs btn-tm-actions session-view-for-test&quot; data-original-title=&quot;View the submitted responses for this feedback session&quot; data-placement=&quot;top&quot; data-toggle=&quot;tooltip&quot; href=&quot;/page/instructorFeedbackResultsPage?courseid=CHomeUiT.CS2104&amp;fsname=Second+Feedback+Session&amp;user=CHomeUiT.instructor.tmms&quot; title=&quot;&quot;&gt;
                        View Results
                     &lt;/a&gt;
                     &lt;a class=&quot;btn btn-default btn-xs btn-tm-actions session-edit-for-test&quot; data-original-title=&quot;Edit feedback session details&quot; data-placement=&quot;top&quot; data-toggle=&quot;tooltip&quot; href=&quot;/page/instructorFeedbackEditPage?courseid=CHomeUiT.CS2104&amp;fsname=Second+Feedback+Session&amp;user=CHomeUiT.instructor.tmms&quot; title=&quot;&quot;&gt;
                        Edit
                     &lt;/a&gt;
                     &lt;a class=&quot;btn btn-default btn-xs btn-tm-actions session-delete-for-test&quot; data-original-title=&quot;Delete the feedback session&quot; data-placement=&quot;top&quot; data-toggle=&quot;tooltip&quot; href=&quot;/page/instructorFeedbackDelete?courseid=CHomeUiT.CS2104&amp;fsname=Second+Feedback+Session&amp;next=%2Fpage%2FinstructorFeedbacksPage%3Fuser%3DCHomeUiT.instructor.tmms&amp;user=CHomeUiT.instructor.tmms&quot; onclick=&quot;return toggleDeleteFeedbackSessionConfirmation(&#039;CHomeUiT.CS2104&#039;,&#039;Second Feedback Session&#039;);&quot; title=&quot;&quot;&gt;
                        Delete
                     &lt;/a&gt;
                     &lt;a class=&quot;btn btn-default btn-xs btn-tm-actions session-submit-for-test&quot; data-original-title=&quot;Start submitting feedback&quot; data-placement=&quot;top&quot; data-toggle=&quot;tooltip&quot; href=&quot;/page/instructorFeedbackSubmissionEditPage?courseid=CHomeUiT.CS2104&amp;fsname=Second+Feedback+Session&amp;user=CHomeUiT.instructor.tmms&quot; title=&quot;&quot;&gt;
                        Submit
                     &lt;/a&gt;
                     &lt;a class=&quot;btn btn-default btn-xs btn-tm-actions session-remind-for-test disabled&quot; data-original-title=&quot;Send e-mails to remind students and instructors who have not submitted their feedbacks to do so&quot; data-placement=&quot;top&quot; data-toggle=&quot;tooltip&quot; href=&quot;/page/instructorFeedbackRemind?courseid=CHomeUiT.CS2104&amp;fsname=Second+Feedback+Session&amp;user=CHomeUiT.instructor.tmms&quot; onclick=&quot;return false&quot; title=&quot;&quot;&gt;
                        Remind
                     &lt;/a&gt;
                     &lt;a class=&quot;btn btn-default btn-xs btn-tm-actions session-publish-for-test disabled&quot; data-original-title=&quot;This session is not yet opened&quot; data-placement=&quot;top&quot; data-toggle=&quot;tooltip&quot; href=&quot;/page/instructorFeedbackPublish?courseid=CHomeUiT.CS2104&amp;fsname=Second+Feedback+Session&amp;next=%2Fpage%2FinstructorFeedbacksPage%3Fuser%3DCHomeUiT.instructor.tmms&amp;user=CHomeUiT.instructor.tmms&quot; onclick=&quot;return false&quot; title=&quot;&quot;&gt;
                        Publish
                     &lt;/a&gt;
                  &lt;/td&gt;
               &lt;/tr&gt;
               &lt;tr id=&quot;session3&quot;&gt;
                  &lt;td&gt;
                     First Feedback Session
                  &lt;/td&gt;
                  &lt;td&gt;
                     &lt;span data-original-title=&quot;The feedback session has been created, is visible, and is open for submissions.&quot; data-placement=&quot;top&quot; data-toggle=&quot;tooltip&quot; title=&quot;&quot;&gt;
                        Open
                     &lt;/span&gt;
                  &lt;/td&gt;
                  &lt;td class=&quot;session-response-for-test recent&quot;&gt;
                     0 / 4
                  &lt;/td&gt;
                  &lt;td class=&quot;no-print&quot;&gt;
                     &lt;a class=&quot;btn btn-default btn-xs btn-tm-actions session-view-for-test&quot; data-original-title=&quot;View the submitted responses for this feedback session&quot; data-placement=&quot;top&quot; data-toggle=&quot;tooltip&quot; href=&quot;/page/instructorFeedbackResultsPage?courseid=CHomeUiT.CS2104&amp;fsname=First+Feedback+Session&amp;user=CHomeUiT.instructor.tmms&quot; title=&quot;&quot;&gt;
                        View Results
                     &lt;/a&gt;
                     &lt;a class=&quot;btn btn-default btn-xs btn-tm-actions session-edit-for-test&quot; data-original-title=&quot;Edit feedback session details&quot; data-placement=&quot;top&quot; data-toggle=&quot;tooltip&quot; href=&quot;/page/instructorFeedbackEditPage?courseid=CHomeUiT.CS2104&amp;fsname=First+Feedback+Session&amp;user=CHomeUiT.instructor.tmms&quot; title=&quot;&quot;&gt;
                        Edit
                     &lt;/a&gt;
                     &lt;a class=&quot;btn btn-default btn-xs btn-tm-actions session-delete-for-test&quot; data-original-title=&quot;Delete the feedback session&quot; data-placement=&quot;top&quot; data-toggle=&quot;tooltip&quot; href=&quot;/page/instructorFeedbackDelete?courseid=CHomeUiT.CS2104&amp;fsname=First+Feedback+Session&amp;next=%2Fpage%2FinstructorFeedbacksPage%3Fuser%3DCHomeUiT.instructor.tmms&amp;user=CHomeUiT.instructor.tmms&quot; onclick=&quot;return toggleDeleteFeedbackSessionConfirmation(&#039;CHomeUiT.CS2104&#039;,&#039;First Feedback Session&#039;);&quot; title=&quot;&quot;&gt;
                        Delete
                     &lt;/a&gt;
                     &lt;a class=&quot;btn btn-default btn-xs btn-tm-actions session-submit-for-test&quot; data-original-title=&quot;Start submitting feedback&quot; data-placement=&quot;top&quot; data-toggle=&quot;tooltip&quot; href=&quot;/page/instructorFeedbackSubmissionEditPage?courseid=CHomeUiT.CS2104&amp;fsname=First+Feedback+Session&amp;user=CHomeUiT.instructor.tmms&quot; title=&quot;&quot;&gt;
                        Submit
                     &lt;/a&gt;
                     &lt;a class=&quot;btn btn-default btn-xs btn-tm-actions session-remind-for-test&quot; data-original-title=&quot;Send e-mails to remind students and instructors who have not submitted their feedbacks to do so&quot; data-placement=&quot;top&quot; data-toggle=&quot;tooltip&quot; href=&quot;/page/instructorFeedbackRemind?courseid=CHomeUiT.CS2104&amp;fsname=First+Feedback+Session&amp;user=CHomeUiT.instructor.tmms&quot; onclick=&quot;return toggleRemindStudents(&#039;First Feedback Session&#039;);&quot; title=&quot;&quot;&gt;
                        Remind
                     &lt;/a&gt;
                     &lt;a class=&quot;btn btn-default btn-xs btn-tm-actions session-publish-for-test&quot; data-original-title=&quot;Make session responses available for viewing&quot; data-placement=&quot;top&quot; data-toggle=&quot;tooltip&quot; href=&quot;/page/instructorFeedbackPublish?courseid=CHomeUiT.CS2104&amp;fsname=First+Feedback+Session&amp;next=%2Fpage%2FinstructorFeedbacksPage%3Fuser%3DCHomeUiT.instructor.tmms&amp;user=CHomeUiT.instructor.tmms&quot; onclick=&quot;return togglePublishEvaluation(&#039;First Feedback Session&#039;);&quot; title=&quot;&quot;&gt;
                        Publish
                     &lt;/a&gt;
                  &lt;/td&gt;
               &lt;/tr&gt;
               &lt;tr id=&quot;session1&quot;&gt;
                  &lt;td&gt;
                     Second Eval
                  &lt;/td&gt;
                  &lt;td&gt;
                     &lt;span data-original-title=&quot;The evaluation has finished and the results have been made available to students&quot; data-placement=&quot;top&quot; data-toggle=&quot;tooltip&quot; title=&quot;&quot;&gt;
                        Published
                     &lt;/span&gt;
                  &lt;/td&gt;
                  &lt;td class=&quot;session-response-for-test&quot;&gt;
                     &lt;a href=&quot;/page/instructorEvalStatsPage?courseid=CHomeUiT.CS2104&amp;evaluationname=Second+Eval&amp;user=CHomeUiT.instructor.tmms&quot; oncontextmenu=&quot;return false;&quot;&gt;
                        Show
                     &lt;/a&gt;
                  &lt;/td&gt;
                  &lt;td class=&quot;no-print&quot;&gt;
                     &lt;a class=&quot;btn btn-default btn-xs btn-tm-actions session-view-for-test&quot; data-original-title=&quot;View the current results of the evaluation&quot; data-placement=&quot;top&quot; data-toggle=&quot;tooltip&quot; href=&quot;/page/instructorEvalResultsPage?courseid=CHomeUiT.CS2104&amp;evaluationname=Second+Eval&amp;user=CHomeUiT.instructor.tmms&quot; title=&quot;&quot;&gt;
                        View Results
                     &lt;/a&gt;
                     &lt;a class=&quot;btn btn-default btn-xs btn-tm-actions session-edit-for-test disabled&quot; data-original-title=&quot;Edit evaluation details&quot; data-placement=&quot;top&quot; data-toggle=&quot;tooltip&quot; href=&quot;/page/instructorEvalEditPage?courseid=CHomeUiT.CS2104&amp;evaluationname=Second+Eval&amp;user=CHomeUiT.instructor.tmms&quot; onclick=&quot;return false&quot; title=&quot;&quot;&gt;
                        Edit
                     &lt;/a&gt;
                     &lt;a class=&quot;btn btn-default btn-xs btn-tm-actions session-preview-for-test&quot; data-original-title=&quot;Preview evaluation session&quot; data-placement=&quot;top&quot; data-toggle=&quot;tooltip&quot; href=&quot;/page/instructorEvalPreview?courseid=CHomeUiT.CS2104&amp;evaluationname=Second+Eval&amp;user=CHomeUiT.instructor.tmms&quot; target=&quot;_blank&quot; title=&quot;&quot;&gt;
                        Preview
                     &lt;/a&gt;
                     &lt;a class=&quot;btn btn-default btn-xs btn-tm-actions session-delete-for-test&quot; data-original-title=&quot;Delete the evaluation&quot; data-placement=&quot;top&quot; data-toggle=&quot;tooltip&quot; href=&quot;/page/instructorEvalDelete?courseid=CHomeUiT.CS2104&amp;evaluationname=Second+Eval&amp;next=%2Fpage%2FinstructorHomePage%3Fuser%3DCHomeUiT.instructor.tmms&amp;user=CHomeUiT.instructor.tmms&quot; onclick=&quot;return toggleDeleteEvaluationConfirmation(&#039;CHomeUiT.CS2104&#039;,&#039;Second Eval&#039;);&quot; title=&quot;&quot;&gt;
                        Delete
                     &lt;/a&gt;
                     &lt;a class=&quot;btn btn-default btn-xs btn-tm-actions session-remind-for-test disabled&quot; data-original-title=&quot;Send e-mails to remind students who have not submitted their evaluations to do so&quot; data-placement=&quot;top&quot; data-toggle=&quot;tooltip&quot; href=&quot;/page/instructorEvalRemind?courseid=CHomeUiT.CS2104&amp;evaluationname=Second+Eval&amp;user=CHomeUiT.instructor.tmms&quot; onclick=&quot;return false&quot; title=&quot;&quot;&gt;
                        Remind
                     &lt;/a&gt;
                     &lt;a class=&quot;btn btn-default btn-xs btn-tm-actions session-unpublish-for-test&quot; data-original-title=&quot;Make results not visible to students&quot; data-placement=&quot;top&quot; data-toggle=&quot;tooltip&quot; href=&quot;/page/instructorEvalUnpublish?courseid=CHomeUiT.CS2104&amp;evaluationname=Second+Eval&amp;next=%2Fpage%2FinstructorHomePage%3Fuser%3DCHomeUiT.instructor.tmms&amp;user=CHomeUiT.instructor.tmms&quot; onclick=&quot;return toggleUnpublishEvaluation(&#039;Second Eval&#039;);&quot; title=&quot;&quot;&gt;
                        Unpublish
                     &lt;/a&gt;
                  &lt;/td&gt;
               &lt;/tr&gt;
               &lt;tr id=&quot;session4&quot;&gt;
                  &lt;td&gt;
                     Fourth Feedback Session
                  &lt;/td&gt;
                  &lt;td&gt;
                     &lt;span data-original-title=&quot;The feedback session has been created, is visible, and has ended.&lt;br /&gt;The responses for this session are visible.&quot; data-placement=&quot;top&quot; data-toggle=&quot;tooltip&quot; title=&quot;&quot;&gt;
                        Published
                     &lt;/span&gt;
                  &lt;/td&gt;
                  &lt;td class=&quot;session-response-for-test&quot;&gt;
                     &lt;a href=&quot;/page/feedbackSessionStatsPage?courseid=CHomeUiT.CS2104&amp;fsname=Fourth+Feedback+Session&amp;user=CHomeUiT.instructor.tmms&quot; oncontextmenu=&quot;return false;&quot;&gt;
                        Show
                     &lt;/a&gt;
                  &lt;/td&gt;
                  &lt;td class=&quot;no-print&quot;&gt;
                     &lt;a class=&quot;btn btn-default btn-xs btn-tm-actions session-view-for-test&quot; data-original-title=&quot;View the submitted responses for this feedback session&quot; data-placement=&quot;top&quot; data-toggle=&quot;tooltip&quot; href=&quot;/page/instructorFeedbackResultsPage?courseid=CHomeUiT.CS2104&amp;fsname=Fourth+Feedback+Session&amp;user=CHomeUiT.instructor.tmms&quot; title=&quot;&quot;&gt;
                        View Results
                     &lt;/a&gt;
                     &lt;a class=&quot;btn btn-default btn-xs btn-tm-actions session-edit-for-test&quot; data-original-title=&quot;Edit feedback session details&quot; data-placement=&quot;top&quot; data-toggle=&quot;tooltip&quot; href=&quot;/page/instructorFeedbackEditPage?courseid=CHomeUiT.CS2104&amp;fsname=Fourth+Feedback+Session&amp;user=CHomeUiT.instructor.tmms&quot; title=&quot;&quot;&gt;
                        Edit
                     &lt;/a&gt;
                     &lt;a class=&quot;btn btn-default btn-xs btn-tm-actions session-delete-for-test&quot; data-original-title=&quot;Delete the feedback session&quot; data-placement=&quot;top&quot; data-toggle=&quot;tooltip&quot; href=&quot;/page/instructorFeedbackDelete?courseid=CHomeUiT.CS2104&amp;fsname=Fourth+Feedback+Session&amp;next=%2Fpage%2FinstructorFeedbacksPage%3Fuser%3DCHomeUiT.instructor.tmms&amp;user=CHomeUiT.instructor.tmms&quot; onclick=&quot;return toggleDeleteFeedbackSessionConfirmation(&#039;CHomeUiT.CS2104&#039;,&#039;Fourth Feedback Session&#039;);&quot; title=&quot;&quot;&gt;
                        Delete
                     &lt;/a&gt;
                     &lt;a class=&quot;btn btn-default btn-xs btn-tm-actions session-submit-for-test&quot; data-original-title=&quot;Start submitting feedback&quot; data-placement=&quot;top&quot; data-toggle=&quot;tooltip&quot; href=&quot;/page/instructorFeedbackSubmissionEditPage?courseid=CHomeUiT.CS2104&amp;fsname=Fourth+Feedback+Session&amp;user=CHomeUiT.instructor.tmms&quot; title=&quot;&quot;&gt;
                        Submit
                     &lt;/a&gt;
                     &lt;a class=&quot;btn btn-default btn-xs btn-tm-actions session-remind-for-test disabled&quot; data-original-title=&quot;Send e-mails to remind students and instructors who have not submitted their feedbacks to do so&quot; data-placement=&quot;top&quot; data-toggle=&quot;tooltip&quot; href=&quot;/page/instructorFeedbackRemind?courseid=CHomeUiT.CS2104&amp;fsname=Fourth+Feedback+Session&amp;user=CHomeUiT.instructor.tmms&quot; onclick=&quot;return false&quot; title=&quot;&quot;&gt;
                        Remind
                     &lt;/a&gt;
                     &lt;a class=&quot;btn btn-default btn-xs btn-tm-actions session-unpublish-for-test&quot; data-original-title=&quot;Make responses no longer visible&quot; data-placement=&quot;top&quot; data-toggle=&quot;tooltip&quot; href=&quot;/page/instructorFeedbackUnpublish?courseid=CHomeUiT.CS2104&amp;fsname=Fourth+Feedback+Session&amp;next=%2Fpage%2FinstructorFeedbacksPage%3Fuser%3DCHomeUiT.instructor.tmms&amp;user=CHomeUiT.instructor.tmms&quot; onclick=&quot;return toggleUnpublishEvaluation(&#039;Fourth Feedback Session&#039;);&quot; title=&quot;&quot;&gt;
                        Unpublish
                     &lt;/a&gt;
                  &lt;/td&gt;
               &lt;/tr&gt;
               &lt;tr id=&quot;session5&quot;&gt;
                  &lt;td&gt;
                     Third Feedback Session
                  &lt;/td&gt;
                  &lt;td&gt;
                     &lt;span data-original-title=&quot;The feedback session has been created, is visible, and has ended.&quot; data-placement=&quot;top&quot; data-toggle=&quot;tooltip&quot; title=&quot;&quot;&gt;
                        Closed
                     &lt;/span&gt;
                  &lt;/td&gt;
                  &lt;td class=&quot;session-response-for-test&quot;&gt;
                     &lt;a href=&quot;/page/feedbackSessionStatsPage?courseid=CHomeUiT.CS2104&amp;fsname=Third+Feedback+Session&amp;user=CHomeUiT.instructor.tmms&quot; oncontextmenu=&quot;return false;&quot;&gt;
                        Show
                     &lt;/a&gt;
                  &lt;/td&gt;
                  &lt;td class=&quot;no-print&quot;&gt;
                     &lt;a class=&quot;btn btn-default btn-xs btn-tm-actions session-view-for-test&quot; data-original-title=&quot;View the submitted responses for this feedback session&quot; data-placement=&quot;top&quot; data-toggle=&quot;tooltip&quot; href=&quot;/page/instructorFeedbackResultsPage?courseid=CHomeUiT.CS2104&amp;fsname=Third+Feedback+Session&amp;user=CHomeUiT.instructor.tmms&quot; title=&quot;&quot;&gt;
                        View Results
                     &lt;/a&gt;
                     &lt;a class=&quot;btn btn-default btn-xs btn-tm-actions session-edit-for-test&quot; data-original-title=&quot;Edit feedback session details&quot; data-placement=&quot;top&quot; data-toggle=&quot;tooltip&quot; href=&quot;/page/instructorFeedbackEditPage?courseid=CHomeUiT.CS2104&amp;fsname=Third+Feedback+Session&amp;user=CHomeUiT.instructor.tmms&quot; title=&quot;&quot;&gt;
                        Edit
                     &lt;/a&gt;
                     &lt;a class=&quot;btn btn-default btn-xs btn-tm-actions session-delete-for-test&quot; data-original-title=&quot;Delete the feedback session&quot; data-placement=&quot;top&quot; data-toggle=&quot;tooltip&quot; href=&quot;/page/instructorFeedbackDelete?courseid=CHomeUiT.CS2104&amp;fsname=Third+Feedback+Session&amp;next=%2Fpage%2FinstructorFeedbacksPage%3Fuser%3DCHomeUiT.instructor.tmms&amp;user=CHomeUiT.instructor.tmms&quot; onclick=&quot;return toggleDeleteFeedbackSessionConfirmation(&#039;CHomeUiT.CS2104&#039;,&#039;Third Feedback Session&#039;);&quot; title=&quot;&quot;&gt;
                        Delete
                     &lt;/a&gt;
                     &lt;a class=&quot;btn btn-default btn-xs btn-tm-actions session-submit-for-test&quot; data-original-title=&quot;Start submitting feedback&quot; data-placement=&quot;top&quot; data-toggle=&quot;tooltip&quot; href=&quot;/page/instructorFeedbackSubmissionEditPage?courseid=CHomeUiT.CS2104&amp;fsname=Third+Feedback+Session&amp;user=CHomeUiT.instructor.tmms&quot; title=&quot;&quot;&gt;
                        Submit
                     &lt;/a&gt;
                     &lt;a class=&quot;btn btn-default btn-xs btn-tm-actions session-remind-for-test disabled&quot; data-original-title=&quot;Send e-mails to remind students and instructors who have not submitted their feedbacks to do so&quot; data-placement=&quot;top&quot; data-toggle=&quot;tooltip&quot; href=&quot;/page/instructorFeedbackRemind?courseid=CHomeUiT.CS2104&amp;fsname=Third+Feedback+Session&amp;user=CHomeUiT.instructor.tmms&quot; onclick=&quot;return false&quot; title=&quot;&quot;&gt;
                        Remind
                     &lt;/a&gt;
                     &lt;a class=&quot;btn btn-default btn-xs btn-tm-actions session-publish-for-test&quot; data-original-title=&quot;Make session responses available for viewing&quot; data-placement=&quot;top&quot; data-toggle=&quot;tooltip&quot; href=&quot;/page/instructorFeedbackPublish?courseid=CHomeUiT.CS2104&amp;fsname=Third+Feedback+Session&amp;next=%2Fpage%2FinstructorFeedbacksPage%3Fuser%3DCHomeUiT.instructor.tmms&amp;user=CHomeUiT.instructor.tmms&quot; onclick=&quot;return togglePublishEvaluation(&#039;Third Feedback Session&#039;);&quot; title=&quot;&quot;&gt;
                        Publish
                     &lt;/a&gt;
                  &lt;/td&gt;
               &lt;/tr&gt;
            &lt;/tbody&gt;
         &lt;/table&gt;
      &lt;/div&gt;
      &lt;br/&gt;
            &lt;div class=&quot;panel panel-primary&quot; id=&quot;course1&quot;&gt;
         &lt;div class=&quot;panel-heading&quot;&gt;
            &lt;div class=&quot;row&quot;&gt;
               &lt;div class=&quot;col-md-6&quot;&gt;
                  &lt;strong&gt;
                     [CHomeUiT.CS1101] :
                                    Programming Methodology
                  &lt;/strong&gt;
               &lt;/div&gt;
               &lt;div class=&quot;col-md-6&quot;&gt;
                  &lt;span class=&quot;pull-right&quot;&gt;
                     &lt;a class=&quot;btn btn-primary btn-xs btn-tm-actions course-enroll-for-test&quot; data-original-title=&quot;Enroll student into the course&quot; data-placement=&quot;top&quot; data-toggle=&quot;tooltip&quot; disabled=&quot;disabled&quot; href=&quot;/page/instructorCourseEnrollPage?courseid=CHomeUiT.CS1101&amp;user=CHomeUiT.instructor.tmms&quot; title=&quot;&quot;&gt;
                        Enroll
                     &lt;/a&gt;
                     &lt;a class=&quot;btn btn-primary btn-xs btn-tm-actions course-view-for-test&quot; data-original-title=&quot;View, edit and send invitation emails to the students in the course&quot; data-placement=&quot;top&quot; data-toggle=&quot;tooltip&quot; href=&quot;/page/instructorCourseDetailsPage?courseid=CHomeUiT.CS1101&amp;user=CHomeUiT.instructor.tmms&quot; title=&quot;&quot;&gt;
                        View
                     &lt;/a&gt;
                     &lt;a class=&quot;btn btn-primary btn-xs btn-tm-actions course-edit-for-test&quot; data-original-title=&quot;Edit Course information and instructor list&quot; data-placement=&quot;top&quot; data-toggle=&quot;tooltip&quot; href=&quot;/page/instructorCourseEditPage?courseid=CHomeUiT.CS1101&amp;user=CHomeUiT.instructor.tmms&quot; title=&quot;&quot;&gt;
                        Edit
                     &lt;/a&gt;
                     &lt;a class=&quot;btn btn-primary btn-xs btn-tm-actions course-add-eval-for-test&quot; data-original-title=&quot;Add a feedback session for the course&quot; data-placement=&quot;top&quot; data-toggle=&quot;tooltip&quot; disabled=&quot;disabled&quot; href=&quot;/page/instructorFeedbacksPage?user=CHomeUiT.instructor.tmms&amp;courseid=CHomeUiT.CS1101&quot; title=&quot;&quot;&gt;
                        Add Session
                     &lt;/a&gt;
                     &lt;a class=&quot;btn btn-primary btn-xs btn-tm-actions course-archive-for-test&quot; data-original-title=&quot;Archive the course so that it will not be shown in the home page any more (you can still access it from the &#039;Courses&#039; tab)&quot; data-placement=&quot;top&quot; data-toggle=&quot;tooltip&quot; href=&quot;/page/instructorCourseArchive?courseid=CHomeUiT.CS1101&amp;archive=true&amp;next=%2Fpage%2FinstructorHomePage&amp;user=CHomeUiT.instructor.tmms&quot; onclick=&quot;return toggleArchiveCourseConfirmation(&#039;CHomeUiT.CS1101&#039;)&quot; title=&quot;&quot;&gt;
                        Archive
                     &lt;/a&gt;
                     &lt;a class=&quot;btn btn-primary btn-xs btn-tm-actions course-notify-pending-comments-for-test
                                        hidden&quot; data-original-title=&quot;Send email notification to recipients of 0 pending comment&quot; data-placement=&quot;top&quot; data-toggle=&quot;tooltip&quot; href=&quot;/page/instructorStudentCommentClearPending?courseid=CHomeUiT.CS1101&amp;user=CHomeUiT.instructor.tmms&quot; title=&quot;&quot;&gt;
                        &lt;span class=&quot;badge&quot;&gt;
                           0
                        &lt;/span&gt;
                        &lt;span class=&quot;glyphicon glyphicon-comment&quot;&gt;
                        &lt;/span&gt;
                        &lt;span class=&quot;glyphicon glyphicon-arrow-right&quot;&gt;
                        &lt;/span&gt;
                        &lt;span class=&quot;glyphicon glyphicon-envelope&quot;&gt;
                        &lt;/span&gt;
                     &lt;/a&gt;
                     &lt;a class=&quot;btn btn-primary btn-xs btn-tm-actions course-delete-for-test&quot; data-original-title=&quot;Delete the course and its corresponding students and sessions&quot; data-placement=&quot;top&quot; data-toggle=&quot;tooltip&quot; disabled=&quot;disabled&quot; href=&quot;/page/instructorCourseDelete?courseid=CHomeUiT.CS1101&amp;next=%2Fpage%2FinstructorHomePage&amp;user=CHomeUiT.instructor.tmms&quot; onclick=&quot;return toggleDeleteCourseConfirmation(&#039;CHomeUiT.CS1101&#039;)&quot; title=&quot;&quot;&gt;
                        Delete
                     &lt;/a&gt;
                  &lt;/span&gt;
               &lt;/div&gt;
            &lt;/div&gt;
         &lt;/div&gt;
         &lt;table class=&quot;table-responsive table table-striped table-bordered&quot;&gt;
            &lt;thead&gt;
               &lt;tr&gt;
                  &lt;th class=&quot;button-sort-none&quot; id=&quot;button_sortname&quot; onclick=&quot;toggleSort(this,1);&quot;&gt;
                     Session Name
                     &lt;span class=&quot;icon-sort unsorted&quot;&gt;
                     &lt;/span&gt;
                  &lt;/th&gt;
                  &lt;th&gt;
                     Status
                  &lt;/th&gt;
                  &lt;th&gt;
                     &lt;span data-original-title=&quot;Number of students submitted / Class size&quot; data-placement=&quot;top&quot; data-toggle=&quot;tooltip&quot; title=&quot;&quot;&gt;
                        Response Rate
                     &lt;/span&gt;
                  &lt;/th&gt;
                  &lt;th class=&quot;no-print&quot;&gt;
                     Action(s)
                  &lt;/th&gt;
               &lt;/tr&gt;
            &lt;/thead&gt;
            &lt;tbody&gt;
               &lt;tr id=&quot;session6&quot;&gt;
                  &lt;td&gt;
                     Fourth Eval
                  &lt;/td&gt;
                  &lt;td&gt;
                     &lt;span data-original-title=&quot;The evaluation is created but has not yet started&quot; data-placement=&quot;top&quot; data-toggle=&quot;tooltip&quot; title=&quot;&quot;&gt;
                        Awaiting
                     &lt;/span&gt;
                  &lt;/td&gt;
                  &lt;td class=&quot;session-response-for-test recent&quot;&gt;
                     0 / 4
                  &lt;/td&gt;
                  &lt;td class=&quot;no-print&quot;&gt;
                     &lt;a class=&quot;btn btn-default btn-xs btn-tm-actions session-view-for-test&quot; data-original-title=&quot;View the current results of the evaluation&quot; data-placement=&quot;top&quot; data-toggle=&quot;tooltip&quot; href=&quot;/page/instructorEvalResultsPage?courseid=CHomeUiT.CS1101&amp;evaluationname=Fourth+Eval&amp;user=CHomeUiT.instructor.tmms&quot; title=&quot;&quot;&gt;
                        View Results
                     &lt;/a&gt;
                     &lt;a class=&quot;btn btn-default btn-xs btn-tm-actions session-edit-for-test&quot; data-original-title=&quot;Edit evaluation details&quot; data-placement=&quot;top&quot; data-toggle=&quot;tooltip&quot; disabled=&quot;disabled&quot; href=&quot;/page/instructorEvalEditPage?courseid=CHomeUiT.CS1101&amp;evaluationname=Fourth+Eval&amp;user=CHomeUiT.instructor.tmms&quot; title=&quot;&quot;&gt;
                        Edit
                     &lt;/a&gt;
                     &lt;a class=&quot;btn btn-default btn-xs btn-tm-actions session-preview-for-test&quot; data-original-title=&quot;Preview evaluation session&quot; data-placement=&quot;top&quot; data-toggle=&quot;tooltip&quot; href=&quot;/page/instructorEvalPreview?courseid=CHomeUiT.CS1101&amp;evaluationname=Fourth+Eval&amp;user=CHomeUiT.instructor.tmms&quot; target=&quot;_blank&quot; title=&quot;&quot;&gt;
                        Preview
                     &lt;/a&gt;
                     &lt;a class=&quot;btn btn-default btn-xs btn-tm-actions session-delete-for-test&quot; data-original-title=&quot;Delete the evaluation&quot; data-placement=&quot;top&quot; data-toggle=&quot;tooltip&quot; disabled=&quot;disabled&quot; href=&quot;/page/instructorEvalDelete?courseid=CHomeUiT.CS1101&amp;evaluationname=Fourth+Eval&amp;next=%2Fpage%2FinstructorHomePage%3Fuser%3DCHomeUiT.instructor.tmms&amp;user=CHomeUiT.instructor.tmms&quot; onclick=&quot;return toggleDeleteEvaluationConfirmation(&#039;CHomeUiT.CS1101&#039;,&#039;Fourth Eval&#039;);&quot; title=&quot;&quot;&gt;
                        Delete
                     &lt;/a&gt;
                     &lt;a class=&quot;btn btn-default btn-xs btn-tm-actions session-remind-for-test disabled&quot; data-original-title=&quot;Send e-mails to remind students who have not submitted their evaluations to do so&quot; data-placement=&quot;top&quot; data-toggle=&quot;tooltip&quot; href=&quot;/page/instructorEvalRemind?courseid=CHomeUiT.CS1101&amp;evaluationname=Fourth+Eval&amp;user=CHomeUiT.instructor.tmms&quot; onclick=&quot;return false&quot; title=&quot;&quot;&gt;
                        Remind
                     &lt;/a&gt;
                     &lt;a class=&quot;btn btn-default btn-xs btn-tm-actions session-publish-for-test disabled&quot; data-original-title=&quot;Publish evaluation results for students to view&quot; data-placement=&quot;top&quot; data-toggle=&quot;tooltip&quot; disabled=&quot;disabled&quot; href=&quot;/page/instructorEvalPublish?courseid=CHomeUiT.CS1101&amp;evaluationname=Fourth+Eval&amp;next=%2Fpage%2FinstructorHomePage%3Fuser%3DCHomeUiT.instructor.tmms&amp;user=CHomeUiT.instructor.tmms&quot; onclick=&quot;return false&quot; title=&quot;&quot;&gt;
                        Publish
                     &lt;/a&gt;
                  &lt;/td&gt;
               &lt;/tr&gt;
               &lt;tr id=&quot;session7&quot;&gt;
                  &lt;td&gt;
                     Fifth Eval
                  &lt;/td&gt;
                  &lt;td&gt;
                     &lt;span data-original-title=&quot;The evaluation has started and students can submit feedback until the closing time&quot; data-placement=&quot;top&quot; data-toggle=&quot;tooltip&quot; title=&quot;&quot;&gt;
                        Open
                     &lt;/span&gt;
                  &lt;/td&gt;
                  &lt;td class=&quot;session-response-for-test recent&quot;&gt;
                     0 / 4
                  &lt;/td&gt;
                  &lt;td class=&quot;no-print&quot;&gt;
                     &lt;a class=&quot;btn btn-default btn-xs btn-tm-actions session-view-for-test&quot; data-original-title=&quot;View the current results of the evaluation&quot; data-placement=&quot;top&quot; data-toggle=&quot;tooltip&quot; href=&quot;/page/instructorEvalResultsPage?courseid=CHomeUiT.CS1101&amp;evaluationname=Fifth+Eval&amp;user=CHomeUiT.instructor.tmms&quot; title=&quot;&quot;&gt;
                        View Results
                     &lt;/a&gt;
                     &lt;a class=&quot;btn btn-default btn-xs btn-tm-actions session-edit-for-test&quot; data-original-title=&quot;Edit evaluation details&quot; data-placement=&quot;top&quot; data-toggle=&quot;tooltip&quot; disabled=&quot;disabled&quot; href=&quot;/page/instructorEvalEditPage?courseid=CHomeUiT.CS1101&amp;evaluationname=Fifth+Eval&amp;user=CHomeUiT.instructor.tmms&quot; title=&quot;&quot;&gt;
                        Edit
                     &lt;/a&gt;
                     &lt;a class=&quot;btn btn-default btn-xs btn-tm-actions session-preview-for-test&quot; data-original-title=&quot;Preview evaluation session&quot; data-placement=&quot;top&quot; data-toggle=&quot;tooltip&quot; href=&quot;/page/instructorEvalPreview?courseid=CHomeUiT.CS1101&amp;evaluationname=Fifth+Eval&amp;user=CHomeUiT.instructor.tmms&quot; target=&quot;_blank&quot; title=&quot;&quot;&gt;
                        Preview
                     &lt;/a&gt;
                     &lt;a class=&quot;btn btn-default btn-xs btn-tm-actions session-delete-for-test&quot; data-original-title=&quot;Delete the evaluation&quot; data-placement=&quot;top&quot; data-toggle=&quot;tooltip&quot; disabled=&quot;disabled&quot; href=&quot;/page/instructorEvalDelete?courseid=CHomeUiT.CS1101&amp;evaluationname=Fifth+Eval&amp;next=%2Fpage%2FinstructorHomePage%3Fuser%3DCHomeUiT.instructor.tmms&amp;user=CHomeUiT.instructor.tmms&quot; onclick=&quot;return toggleDeleteEvaluationConfirmation(&#039;CHomeUiT.CS1101&#039;,&#039;Fifth Eval&#039;);&quot; title=&quot;&quot;&gt;
                        Delete
                     &lt;/a&gt;
                     &lt;a class=&quot;btn btn-default btn-xs btn-tm-actions session-remind-for-test&quot; data-original-title=&quot;Send e-mails to remind students who have not submitted their evaluations to do so&quot; data-placement=&quot;top&quot; data-toggle=&quot;tooltip&quot; href=&quot;/page/instructorEvalRemind?courseid=CHomeUiT.CS1101&amp;evaluationname=Fifth+Eval&amp;user=CHomeUiT.instructor.tmms&quot; onclick=&quot;return toggleRemindStudents(&#039;Fifth Eval&#039;);&quot; title=&quot;&quot;&gt;
                        Remind
                     &lt;/a&gt;
                     &lt;a class=&quot;btn btn-default btn-xs btn-tm-actions session-publish-for-test disabled&quot; data-original-title=&quot;Publish evaluation results for students to view&quot; data-placement=&quot;top&quot; data-toggle=&quot;tooltip&quot; disabled=&quot;disabled&quot; href=&quot;/page/instructorEvalPublish?courseid=CHomeUiT.CS1101&amp;evaluationname=Fifth+Eval&amp;next=%2Fpage%2FinstructorHomePage%3Fuser%3DCHomeUiT.instructor.tmms&amp;user=CHomeUiT.instructor.tmms&quot; onclick=&quot;return false&quot; title=&quot;&quot;&gt;
                        Publish
                     &lt;/a&gt;
                  &lt;/td&gt;
               &lt;/tr&gt;
               &lt;tr id=&quot;session8&quot;&gt;
                  &lt;td&gt;
                     Third Eval
                  &lt;/td&gt;
                  &lt;td&gt;
                     &lt;span data-original-title=&quot;The evaluation has finished but the results have not been made available to the students&quot; data-placement=&quot;top&quot; data-toggle=&quot;tooltip&quot; title=&quot;&quot;&gt;
                        Closed
                     &lt;/span&gt;
                  &lt;/td&gt;
                  &lt;td class=&quot;session-response-for-test&quot;&gt;
                     &lt;a href=&quot;/page/instructorEvalStatsPage?courseid=CHomeUiT.CS1101&amp;evaluationname=Third+Eval&amp;user=CHomeUiT.instructor.tmms&quot; oncontextmenu=&quot;return false;&quot;&gt;
                        Show
                     &lt;/a&gt;
                  &lt;/td&gt;
                  &lt;td class=&quot;no-print&quot;&gt;
                     &lt;a class=&quot;btn btn-default btn-xs btn-tm-actions session-view-for-test&quot; data-original-title=&quot;View the current results of the evaluation&quot; data-placement=&quot;top&quot; data-toggle=&quot;tooltip&quot; href=&quot;/page/instructorEvalResultsPage?courseid=CHomeUiT.CS1101&amp;evaluationname=Third+Eval&amp;user=CHomeUiT.instructor.tmms&quot; title=&quot;&quot;&gt;
                        View Results
                     &lt;/a&gt;
                     &lt;a class=&quot;btn btn-default btn-xs btn-tm-actions session-edit-for-test&quot; data-original-title=&quot;Edit evaluation details&quot; data-placement=&quot;top&quot; data-toggle=&quot;tooltip&quot; disabled=&quot;disabled&quot; href=&quot;/page/instructorEvalEditPage?courseid=CHomeUiT.CS1101&amp;evaluationname=Third+Eval&amp;user=CHomeUiT.instructor.tmms&quot; title=&quot;&quot;&gt;
                        Edit
                     &lt;/a&gt;
                     &lt;a class=&quot;btn btn-default btn-xs btn-tm-actions session-preview-for-test&quot; data-original-title=&quot;Preview evaluation session&quot; data-placement=&quot;top&quot; data-toggle=&quot;tooltip&quot; href=&quot;/page/instructorEvalPreview?courseid=CHomeUiT.CS1101&amp;evaluationname=Third+Eval&amp;user=CHomeUiT.instructor.tmms&quot; target=&quot;_blank&quot; title=&quot;&quot;&gt;
                        Preview
                     &lt;/a&gt;
                     &lt;a class=&quot;btn btn-default btn-xs btn-tm-actions session-delete-for-test&quot; data-original-title=&quot;Delete the evaluation&quot; data-placement=&quot;top&quot; data-toggle=&quot;tooltip&quot; disabled=&quot;disabled&quot; href=&quot;/page/instructorEvalDelete?courseid=CHomeUiT.CS1101&amp;evaluationname=Third+Eval&amp;next=%2Fpage%2FinstructorHomePage%3Fuser%3DCHomeUiT.instructor.tmms&amp;user=CHomeUiT.instructor.tmms&quot; onclick=&quot;return toggleDeleteEvaluationConfirmation(&#039;CHomeUiT.CS1101&#039;,&#039;Third Eval&#039;);&quot; title=&quot;&quot;&gt;
                        Delete
                     &lt;/a&gt;
                     &lt;a class=&quot;btn btn-default btn-xs btn-tm-actions session-remind-for-test disabled&quot; data-original-title=&quot;Send e-mails to remind students who have not submitted their evaluations to do so&quot; data-placement=&quot;top&quot; data-toggle=&quot;tooltip&quot; href=&quot;/page/instructorEvalRemind?courseid=CHomeUiT.CS1101&amp;evaluationname=Third+Eval&amp;user=CHomeUiT.instructor.tmms&quot; onclick=&quot;return false&quot; title=&quot;&quot;&gt;
                        Remind
                     &lt;/a&gt;
                     &lt;a class=&quot;btn btn-default btn-xs btn-tm-actions session-publish-for-test&quot; data-original-title=&quot;Publish evaluation results for students to view&quot; data-placement=&quot;top&quot; data-toggle=&quot;tooltip&quot; disabled=&quot;disabled&quot; href=&quot;/page/instructorEvalPublish?courseid=CHomeUiT.CS1101&amp;evaluationname=Third+Eval&amp;next=%2Fpage%2FinstructorHomePage%3Fuser%3DCHomeUiT.instructor.tmms&amp;user=CHomeUiT.instructor.tmms&quot; onclick=&quot;return togglePublishEvaluation(&#039;Third Eval&#039;);&quot; title=&quot;&quot;&gt;
                        Publish
                     &lt;/a&gt;
                  &lt;/td&gt;
               &lt;/tr&gt;
            &lt;/tbody&gt;
         &lt;/table&gt;
      &lt;/div&gt;
      &lt;br/&gt;
         &lt;/div&gt;

&lt;/actual]&gt;&gt;">
      <![CDATA[org.junit.ComparisonFailure: expected:<<[expected>
   <div class="container theme-showcase" id="frameBodyWrapper">
      <div id="topOfPage">
      </div>
      <div class="inner-container">
         <div class="row">
            <div class="col-md-5">
               <h1>
                  Instructor Home
               </h1>
            </div>
            <div class="col-md-5 instructor-header-bar">
               <form action="/page/instructorSearchPage?user=CHomeUiT.instructor.tmms" method="get" name="search_form">
                  <div class="input-group">
                     <input class="form-control" data-original-title="Search for student's name" data-placement="top" data-toggle="tooltip" id="searchbox" name="searchkey" placeholder="Student Name" title="" type="text"/>
                                          <span class="input-group-btn">
                        <button class="btn btn-default" id="buttonSearch" type="submit" value="Search">
                           Search
                        </button>
                     </span>
                  </div>
                  <input name="searchstudents" type="hidden" value="true"/>
                                    <input name="searchcommentforstudents" type="hidden" value="false"/>
                                    <input name="searchcommentforresponses" type="hidden" value="false"/>
                                    <input name="user" type="hidden" value="CHomeUiT.instructor.tmms"/>
                                 </form>
            </div>
            <div class="col-md-2 instructor-header-bar">
               <a class="btn btn-primary btn-md" href="/page/instructorCoursesPage?user=CHomeUiT.instructor.tmms" id="addNewCourse">
                  Add New Course
               </a>
            </div>
         </div>
      </div>
      <br/>
            <div id="statusMessage" style="display: none;">
      </div>
      <div class="row">
         <div class="col-md-5 pull-right">
            <div class="row">
               <div class="col-md-3 btn-group">
                  <h5 class="pull-right">
                     <strong>
                        Sort By:
                     </strong>
                  </h5>
               </div>
               <div class="col-md-9">
                  <div class="btn-group pull-right" data-toggle="buttons">
                     <label class="btn btn-default " data="id" id="sortById" name="sortby">
                        <input type="radio"/>
                                                Course ID
                     </label>
                     <label class="btn btn-default " data="name" id="sortByName" name="sortby">
                        <input name="sortby" type="radio" value="name"/>
                                                Course Name
                     </label>
                     <label class="btn btn-default active" data="createdAt" id="sortByDate" name="sortby">
                        <input type="radio"/>
                                                Creation Date
                     </label>
                  </div>
               </div>
            </div>
         </div>
      </div>
      <br/>
            <div class="panel panel-primary" id="course0">
         <div class="panel-heading">
            <div class="row">
               <div class="col-md-6">
                  <strong>
                     [CHomeUiT.CS1101] :
                                    Programming Methodology
                  </strong>
               </div>
               <div class="col-md-6">
                  <span class="pull-right">
                     <a class="btn btn-primary btn-xs btn-tm-actions course-enroll-for-test" data-original-title="Enroll student into the course" data-placement="top" data-toggle="tooltip" disabled="disabled" href="/page/instructorCourseEnrollPage?courseid=CHomeUiT.CS1101&user=CHomeUiT.instructor.tmms" title="">
                        Enroll
                     </a>
                     <a class="btn btn-primary btn-xs btn-tm-actions course-view-for-test" data-original-title="View, edit and send invitation emails to the students in the course" data-placement="top" data-toggle="tooltip" href="/page/instructorCourseDetailsPage?courseid=CHomeUiT.CS1101&user=CHomeUiT.instructor.tmms" title="">
                        View
                     </a>
                     <a class="btn btn-primary btn-xs btn-tm-actions course-edit-for-test" data-original-title="Edit Course information and instructor list" data-placement="top" data-toggle="tooltip" href="/page/instructorCourseEditPage?courseid=CHomeUiT.CS1101&user=CHomeUiT.instructor.tmms" title="">
                        Edit
                     </a>
                     <a class="btn btn-primary btn-xs btn-tm-actions course-add-eval-for-test" data-original-title="Add a feedback session for the course" data-placement="top" data-toggle="tooltip" disabled="disabled" href="/page/instructorFeedbacksPage?user=CHomeUiT.instructor.tmms&courseid=CHomeUiT.CS1101" title="">
                        Add Session
                     </a>
                     <a class="btn btn-primary btn-xs btn-tm-actions course-archive-for-test" data-original-title="Archive the course so that it will not be shown in the home page any more (you can still access it from the 'Courses' tab)" data-placement="top" data-toggle="tooltip" href="/page/instructorCourseArchive?courseid=CHomeUiT.CS1101&archive=true&next=%2Fpage%2FinstructorHomePage&user=CHomeUiT.instructor.tmms" onclick="return toggleArchiveCourseConfirmation('CHomeUiT.CS1101')" title="">
                        Archive
                     </a>
                     <a class="btn btn-primary btn-xs btn-tm-actions course-notify-pending-comments-for-test
                                        hidden" data-original-title="Send email notification to recipients of 0 pending comment" data-placement="top" data-toggle="tooltip" href="/page/instructorStudentCommentClearPending?courseid=CHomeUiT.CS1101&user=CHomeUiT.instructor.tmms" title="">
                        <span class="badge">
                           0
                        </span>
                        <span class="glyphicon glyphicon-comment">
                        </span>
                        <span class="glyphicon glyphicon-arrow-right">
                        </span>
                        <span class="glyphicon glyphicon-envelope">
                        </span>
                     </a>
                     <a class="btn btn-primary btn-xs btn-tm-actions course-delete-for-test" data-original-title="Delete the course and its corresponding students and sessions" data-placement="top" data-toggle="tooltip" disabled="disabled" href="/page/instructorCourseDelete?courseid=CHomeUiT.CS1101&next=%2Fpage%2FinstructorHomePage&user=CHomeUiT.instructor.tmms" onclick="return toggleDeleteCourseConfirmation('CHomeUiT.CS1101')" title="">
                        Delete
                     </a>
                  </span>
               </div>
            </div>
         </div>
         <table class="table-responsive table table-striped table-bordered">
            <thead>
               <tr>
                  <th class="button-sort-none" id="button_sortname" onclick="toggleSort(this,1);">
                     Session Name
                     <span class="icon-sort unsorted">
                     </span>
                  </th>
                  <th>
                     Status
                  </th>
                  <th>
                     <span data-original-title="Number of students submitted / Class size" data-placement="top" data-toggle="tooltip" title="">
                        Response Rate
                     </span>
                  </th>
                  <th class="no-print">
                     Action(s)
                  </th>
               </tr>
            </thead>
            <tbody>
               <tr id="session0">
                  <td>
                     Fourth Eval
                  </td>
                  <td>
                     <span data-original-title="The evaluation is created but has not yet started" data-placement="top" data-toggle="tooltip" title="">
                        Awaiting
                     </span>
                  </td>
                  <td class="session-response-for-test recent">
                     0 / 4
                  </td>
                  <td class="no-print">
                     <a class="btn btn-default btn-xs btn-tm-actions session-view-for-test" data-original-title="View the current results of the evaluation" data-placement="top" data-toggle="tooltip" href="/page/instructorEvalResultsPage?courseid=CHomeUiT.CS1101&evaluationname=Fourth+Eval&user=CHomeUiT.instructor.tmms" title="">
                        View Results
                     </a>
                     <a class="btn btn-default btn-xs btn-tm-actions session-edit-for-test" data-original-title="Edit evaluation details" data-placement="top" data-toggle="tooltip" disabled="disabled" href="/page/instructorEvalEditPage?courseid=CHomeUiT.CS1101&evaluationname=Fourth+Eval&user=CHomeUiT.instructor.tmms" title="">
                        Edit
                     </a>
                     <a class="btn btn-default btn-xs btn-tm-actions session-preview-for-test" data-original-title="Preview evaluation session" data-placement="top" data-toggle="tooltip" href="/page/instructorEvalPreview?courseid=CHomeUiT.CS1101&evaluationname=Fourth+Eval&user=CHomeUiT.instructor.tmms" target="_blank" title="">
                        Preview
                     </a>
                     <a class="btn btn-default btn-xs btn-tm-actions session-delete-for-test" data-original-title="Delete the evaluation" data-placement="top" data-toggle="tooltip" disabled="disabled" href="/page/instructorEvalDelete?courseid=CHomeUiT.CS1101&evaluationname=Fourth+Eval&next=%2Fpage%2FinstructorHomePage%3Fuser%3DCHomeUiT.instructor.tmms&user=CHomeUiT.instructor.tmms" onclick="return toggleDeleteEvaluationConfirmation('CHomeUiT.CS1101','Fourth Eval');" title="">
                        Delete
                     </a>
                     <a class="btn btn-default btn-xs btn-tm-actions session-remind-for-test disabled" data-original-title="Send e-mails to remind students who have not submitted their evaluations to do so" data-placement="top" data-toggle="tooltip" href="/page/instructorEvalRemind?courseid=CHomeUiT.CS1101&evaluationname=Fourth+Eval&user=CHomeUiT.instructor.tmms" onclick="return false" title="">
                        Remind
                     </a>
                     <a class="btn btn-default btn-xs btn-tm-actions session-publish-for-test disabled" data-original-title="Publish evaluation results for students to view" data-placement="top" data-toggle="tooltip" disabled="disabled" href="/page/instructorEvalPublish?courseid=CHomeUiT.CS1101&evaluationname=Fourth+Eval&next=%2Fpage%2FinstructorHomePage%3Fuser%3DCHomeUiT.instructor.tmms&user=CHomeUiT.instructor.tmms" onclick="return false" title="">
                        Publish
                     </a>
                  </td>
               </tr>
               <tr id="session1">
                  <td>
                     Fifth Eval
                  </td>
                  <td>
                     <span data-original-title="The evaluation has started and students can submit feedback until the closing time" data-placement="top" data-toggle="tooltip" title="">
                        Open
                     </span>
                  </td>
                  <td class="session-response-for-test recent">
                     0 / 4
                  </td>
                  <td class="no-print">
                     <a class="btn btn-default btn-xs btn-tm-actions session-view-for-test" data-original-title="View the current results of the evaluation" data-placement="top" data-toggle="tooltip" href="/page/instructorEvalResultsPage?courseid=CHomeUiT.CS1101&evaluationname=Fifth+Eval&user=CHomeUiT.instructor.tmms" title="">
                        View Results
                     </a>
                     <a class="btn btn-default btn-xs btn-tm-actions session-edit-for-test" data-original-title="Edit evaluation details" data-placement="top" data-toggle="tooltip" disabled="disabled" href="/page/instructorEvalEditPage?courseid=CHomeUiT.CS1101&evaluationname=Fifth+Eval&user=CHomeUiT.instructor.tmms" title="">
                        Edit
                     </a>
                     <a class="btn btn-default btn-xs btn-tm-actions session-preview-for-test" data-original-title="Preview evaluation session" data-placement="top" data-toggle="tooltip" href="/page/instructorEvalPreview?courseid=CHomeUiT.CS1101&evaluationname=Fifth+Eval&user=CHomeUiT.instructor.tmms" target="_blank" title="">
                        Preview
                     </a>
                     <a class="btn btn-default btn-xs btn-tm-actions session-delete-for-test" data-original-title="Delete the evaluation" data-placement="top" data-toggle="tooltip" disabled="disabled" href="/page/instructorEvalDelete?courseid=CHomeUiT.CS1101&evaluationname=Fifth+Eval&next=%2Fpage%2FinstructorHomePage%3Fuser%3DCHomeUiT.instructor.tmms&user=CHomeUiT.instructor.tmms" onclick="return toggleDeleteEvaluationConfirmation('CHomeUiT.CS1101','Fifth Eval');" title="">
                        Delete
                     </a>
                     <a class="btn btn-default btn-xs btn-tm-actions session-remind-for-test" data-original-title="Send e-mails to remind students who have not submitted their evaluations to do so" data-placement="top" data-toggle="tooltip" href="/page/instructorEvalRemind?courseid=CHomeUiT.CS1101&evaluationname=Fifth+Eval&user=CHomeUiT.instructor.tmms" onclick="return toggleRemindStudents('Fifth Eval');" title="">
                        Remind
                     </a>
                     <a class="btn btn-default btn-xs btn-tm-actions session-publish-for-test disabled" data-original-title="Publish evaluation results for students to view" data-placement="top" data-toggle="tooltip" disabled="disabled" href="/page/instructorEvalPublish?courseid=CHomeUiT.CS1101&evaluationname=Fifth+Eval&next=%2Fpage%2FinstructorHomePage%3Fuser%3DCHomeUiT.instructor.tmms&user=CHomeUiT.instructor.tmms" onclick="return false" title="">
                        Publish
                     </a>
                  </td>
               </tr>
               <tr id="session2">
                  <td>
                     Third Eval
                  </td>
                  <td>
                     <span data-original-title="The evaluation has finished but the results have not been made available to the students" data-placement="top" data-toggle="tooltip" title="">
                        Closed
                     </span>
                  </td>
                  <td class="session-response-for-test">
                     <a href="/page/instructorEvalStatsPage?courseid=CHomeUiT.CS1101&evaluationname=Third+Eval&user=CHomeUiT.instructor.tmms" oncontextmenu="return false;">
                        Show
                     </a>
                  </td>
                  <td class="no-print">
                     <a class="btn btn-default btn-xs btn-tm-actions session-view-for-test" data-original-title="View the current results of the evaluation" data-placement="top" data-toggle="tooltip" href="/page/instructorEvalResultsPage?courseid=CHomeUiT.CS1101&evaluationname=Third+Eval&user=CHomeUiT.instructor.tmms" title="">
                        View Results
                     </a>
                     <a class="btn btn-default btn-xs btn-tm-actions session-edit-for-test" data-original-title="Edit evaluation details" data-placement="top" data-toggle="tooltip" disabled="disabled" href="/page/instructorEvalEditPage?courseid=CHomeUiT.CS1101&evaluationname=Third+Eval&user=CHomeUiT.instructor.tmms" title="">
                        Edit
                     </a>
                     <a class="btn btn-default btn-xs btn-tm-actions session-preview-for-test" data-original-title="Preview evaluation session" data-placement="top" data-toggle="tooltip" href="/page/instructorEvalPreview?courseid=CHomeUiT.CS1101&evaluationname=Third+Eval&user=CHomeUiT.instructor.tmms" target="_blank" title="">
                        Preview
                     </a>
                     <a class="btn btn-default btn-xs btn-tm-actions session-delete-for-test" data-original-title="Delete the evaluation" data-placement="top" data-toggle="tooltip" disabled="disabled" href="/page/instructorEvalDelete?courseid=CHomeUiT.CS1101&evaluationname=Third+Eval&next=%2Fpage%2FinstructorHomePage%3Fuser%3DCHomeUiT.instructor.tmms&user=CHomeUiT.instructor.tmms" onclick="return toggleDeleteEvaluationConfirmation('CHomeUiT.CS1101','Third Eval');" title="">
                        Delete
                     </a>
                     <a class="btn btn-default btn-xs btn-tm-actions session-remind-for-test disabled" data-original-title="Send e-mails to remind students who have not submitted their evaluations to do so" data-placement="top" data-toggle="tooltip" href="/page/instructorEvalRemind?courseid=CHomeUiT.CS1101&evaluationname=Third+Eval&user=CHomeUiT.instructor.tmms" onclick="return false" title="">
                        Remind
                     </a>
                     <a class="btn btn-default btn-xs btn-tm-actions session-publish-for-test" data-original-title="Publish evaluation results for students to view" data-placement="top" data-toggle="tooltip" disabled="disabled" href="/page/instructorEvalPublish?courseid=CHomeUiT.CS1101&evaluationname=Third+Eval&next=%2Fpage%2FinstructorHomePage%3Fuser%3DCHomeUiT.instructor.tmms&user=CHomeUiT.instructor.tmms" onclick="return togglePublishEvaluation('Third Eval');" title="">
                        Publish
                     </a>
                  </td>
               </tr>
            </tbody>
         </table>
      </div>
      <br/>
            <div class="panel panel-primary" id="course1">
         <div class="panel-heading">
            <div class="row">
               <div class="col-md-6">
                  <strong>
                     [CHomeUiT.CS2104] :
                                    Programming Language Concepts
                  </strong>
               </div>
               <div class="col-md-6">
                  <span class="pull-right">
                     <a class="btn btn-primary btn-xs btn-tm-actions course-enroll-for-test" data-original-title="Enroll student into the course" data-placement="top" data-toggle="tooltip" href="/page/instructorCourseEnrollPage?courseid=CHomeUiT.CS2104&user=CHomeUiT.instructor.tmms" title="">
                        Enroll
                     </a>
                     <a class="btn btn-primary btn-xs btn-tm-actions course-view-for-test" data-original-title="View, edit and send invitation emails to the students in the course" data-placement="top" data-toggle="tooltip" href="/page/instructorCourseDetailsPage?courseid=CHomeUiT.CS2104&user=CHomeUiT.instructor.tmms" title="">
                        View
                     </a>
                     <a class="btn btn-primary btn-xs btn-tm-actions course-edit-for-test" data-original-title="Edit Course information and instructor list" data-placement="top" data-toggle="tooltip" href="/page/instructorCourseEditPage?courseid=CHomeUiT.CS2104&user=CHomeUiT.instructor.tmms" title="">
                        Edit
                     </a>
                     <a class="btn btn-primary btn-xs btn-tm-actions course-add-eval-for-test" data-original-title="Add a feedback session for the course" data-placement="top" data-toggle="tooltip" href="/page/instructorFeedbacksPage?user=CHomeUiT.instructor.tmms&courseid=CHomeUiT.CS2104" title="">
                        Add Session
                     </a>
                     <a class="btn btn-primary btn-xs btn-tm-actions course-archive-for-test" data-original-title="Archive the course so that it will not be shown in the home page any more (you can still access it from the 'Courses' tab)" data-placement="top" data-toggle="tooltip" href="/page/instructorCourseArchive?courseid=CHomeUiT.CS2104&archive=true&next=%2Fpage%2FinstructorHomePage&user=CHomeUiT.instructor.tmms" onclick="return toggleArchiveCourseConfirmation('CHomeUiT.CS2104')" title="">
                        Archive
                     </a>
                     <a class="btn btn-primary btn-xs btn-tm-actions course-notify-pending-comments-for-test
                                        hidden" data-original-title="Send email notification to recipients of 0 pending comment" data-placement="top" data-toggle="tooltip" href="/page/instructorStudentCommentClearPending?courseid=CHomeUiT.CS2104&user=CHomeUiT.instructor.tmms" title="">
                        <span class="badge">
                           0
                        </span>
                        <span class="glyphicon glyphicon-comment">
                        </span>
                        <span class="glyphicon glyphicon-arrow-right">
                        </span>
                        <span class="glyphicon glyphicon-envelope">
                        </span>
                     </a>
                     <a class="btn btn-primary btn-xs btn-tm-actions course-delete-for-test" data-original-title="Delete the course and its corresponding students and sessions" data-placement="top" data-toggle="tooltip" href="/page/instructorCourseDelete?courseid=CHomeUiT.CS2104&next=%2Fpage%2FinstructorHomePage&user=CHomeUiT.instructor.tmms" onclick="return toggleDeleteCourseConfirmation('CHomeUiT.CS2104')" title="">
                        Delete
                     </a>
                  </span>
               </div>
            </div>
         </div>
         <table class="table-responsive table table-striped table-bordered">
            <thead>
               <tr>
                  <th class="button-sort-none" id="button_sortname" onclick="toggleSort(this,1);">
                     Session Name
                     <span class="icon-sort unsorted">
                     </span>
                  </th>
                  <th>
                     Status
                  </th>
                  <th>
                     <span data-original-title="Number of students submitted / Class size" data-placement="top" data-toggle="tooltip" title="">
                        Response Rate
                     </span>
                  </th>
                  <th class="no-print">
                     Action(s)
                  </th>
               </tr>
            </thead>
            <tbody>
               <tr id="session3">
                  <td>
                     First Eval
                  </td>
                  <td>
                     <span data-original-title="The evaluation has started and students can submit feedback until the closing time" data-placement="top" data-toggle="tooltip" title="">
                        Open
                     </span>
                  </td>
                  <td class="session-response-for-test recent">
                     4 / 4
                  </td>
                  <td class="no-print">
                     <a class="btn btn-default btn-xs btn-tm-actions session-view-for-test" data-original-title="View the current results of the evaluation" data-placement="top" data-toggle="tooltip" href="/page/instructorEvalResultsPage?courseid=CHomeUiT.CS2104&evaluationname=First+Eval&user=CHomeUiT.instructor.tmms" title="">
                        View Results
                     </a>
                     <a class="btn btn-default btn-xs btn-tm-actions session-edit-for-test" data-original-title="Edit evaluation details" data-placement="top" data-toggle="tooltip" href="/page/instructorEvalEditPage?courseid=CHomeUiT.CS2104&evaluationname=First+Eval&user=CHomeUiT.instructor.tmms" title="">
                        Edit
                     </a>
                     <a class="btn btn-default btn-xs btn-tm-actions session-preview-for-test" data-original-title="Preview evaluation session" data-placement="top" data-toggle="tooltip" href="/page/instructorEvalPreview?courseid=CHomeUiT.CS2104&evaluationname=First+Eval&user=CHomeUiT.instructor.tmms" target="_blank" title="">
                        Preview
                     </a>
                     <a class="btn btn-default btn-xs btn-tm-actions session-delete-for-test" data-original-title="Delete the evaluation" data-placement="top" data-toggle="tooltip" href="/page/instructorEvalDelete?courseid=CHomeUiT.CS2104&evaluationname=First+Eval&next=%2Fpage%2FinstructorHomePage%3Fuser%3DCHomeUiT.instructor.tmms&user=CHomeUiT.instructor.tmms" onclick="return toggleDeleteEvaluationConfirmation('CHomeUiT.CS2104','First Eval');" title="">
                        Delete
                     </a>
                     <a class="btn btn-default btn-xs btn-tm-actions session-remind-for-test" data-original-title="Send e-mails to remind students who have not submitted their evaluations to do so" data-placement="top" data-toggle="tooltip" href="/page/instructorEvalRemind?courseid=CHomeUiT.CS2104&evaluationname=First+Eval&user=CHomeUiT.instructor.tmms" onclick="return toggleRemindStudents('First Eval');" title="">
                        Remind
                     </a>
                     <a class="btn btn-default btn-xs btn-tm-actions session-publish-for-test disabled" data-original-title="Publish evaluation results for students to view" data-placement="top" data-toggle="tooltip" href="/page/instructorEvalPublish?courseid=CHomeUiT.CS2104&evaluationname=First+Eval&next=%2Fpage%2FinstructorHomePage%3Fuser%3DCHomeUiT.instructor.tmms&user=CHomeUiT.instructor.tmms" onclick="return false" title="">
                        Publish
                     </a>
                  </td>
               </tr>
               <tr id="session5">
                  <td>
                     Second Feedback Session
                  </td>
                  <td>
                     <span data-original-title="The feedback session has been created, is visible, and is waiting to open." data-placement="top" data-toggle="tooltip" title="">
                        Awaiting
                     </span>
                  </td>
                  <td class="session-response-for-test recent">
                     0 / 0
                  </td>
                  <td class="no-print">
                     <a class="btn btn-default btn-xs btn-tm-actions session-view-for-test" data-original-title="View the submitted responses for this feedback session" data-placement="top" data-toggle="tooltip" href="/page/instructorFeedbackResultsPage?courseid=CHomeUiT.CS2104&fsname=Second+Feedback+Session&user=CHomeUiT.instructor.tmms" title="">
                        View Results
                     </a>
                     <a class="btn btn-default btn-xs btn-tm-actions session-edit-for-test" data-original-title="Edit feedback session details" data-placement="top" data-toggle="tooltip" href="/page/instructorFeedbackEditPage?courseid=CHomeUiT.CS2104&fsname=Second+Feedback+Session&user=CHomeUiT.instructor.tmms" title="">
                        Edit
                     </a>
                     <a class="btn btn-default btn-xs btn-tm-actions session-delete-for-test" data-original-title="Delete the feedback session" data-placement="top" data-toggle="tooltip" href="/page/instructorFeedbackDelete?courseid=CHomeUiT.CS2104&fsname=Second+Feedback+Session&next=%2Fpage%2FinstructorFeedbacksPage%3Fuser%3DCHomeUiT.instructor.tmms&user=CHomeUiT.instructor.tmms" onclick="return toggleDeleteFeedbackSessionConfirmation('CHomeUiT.CS2104','Second Feedback Session');" title="">
                        Delete
                     </a>
                     <a class="btn btn-default btn-xs btn-tm-actions session-submit-for-test" data-original-title="Start submitting feedback" data-placement="top" data-toggle="tooltip" href="/page/instructorFeedbackSubmissionEditPage?courseid=CHomeUiT.CS2104&fsname=Second+Feedback+Session&user=CHomeUiT.instructor.tmms" title="">
                        Submit
                     </a>
                     <a class="btn btn-default btn-xs btn-tm-actions session-remind-for-test disabled" data-original-title="Send e-mails to remind students and instructors who have not submitted their feedbacks to do so" data-placement="top" data-toggle="tooltip" href="/page/instructorFeedbackRemind?courseid=CHomeUiT.CS2104&fsname=Second+Feedback+Session&user=CHomeUiT.instructor.tmms" onclick="return false" title="">
                        Remind
                     </a>
                     <a class="btn btn-default btn-xs btn-tm-actions session-publish-for-test disabled" data-original-title="This session is not yet opened" data-placement="top" data-toggle="tooltip" href="/page/instructorFeedbackPublish?courseid=CHomeUiT.CS2104&fsname=Second+Feedback+Session&next=%2Fpage%2FinstructorFeedbacksPage%3Fuser%3DCHomeUiT.instructor.tmms&user=CHomeUiT.instructor.tmms" onclick="return false" title="">
                        Publish
                     </a>
                  </td>
               </tr>
               <tr id="session6">
                  <td>
                     First Feedback Session
                  </td>
                  <td>
                     <span data-original-title="The feedback session has been created, is visible, and is open for submissions." data-placement="top" data-toggle="tooltip" title="">
                        Open
                     </span>
                  </td>
                  <td class="session-response-for-test recent">
                     0 / 4
                  </td>
                  <td class="no-print">
                     <a class="btn btn-default btn-xs btn-tm-actions session-view-for-test" data-original-title="View the submitted responses for this feedback session" data-placement="top" data-toggle="tooltip" href="/page/instructorFeedbackResultsPage?courseid=CHomeUiT.CS2104&fsname=First+Feedback+Session&user=CHomeUiT.instructor.tmms" title="">
                        View Results
                     </a>
                     <a class="btn btn-default btn-xs btn-tm-actions session-edit-for-test" data-original-title="Edit feedback session details" data-placement="top" data-toggle="tooltip" href="/page/instructorFeedbackEditPage?courseid=CHomeUiT.CS2104&fsname=First+Feedback+Session&user=CHomeUiT.instructor.tmms" title="">
                        Edit
                     </a>
                     <a class="btn btn-default btn-xs btn-tm-actions session-delete-for-test" data-original-title="Delete the feedback session" data-placement="top" data-toggle="tooltip" href="/page/instructorFeedbackDelete?courseid=CHomeUiT.CS2104&fsname=First+Feedback+Session&next=%2Fpage%2FinstructorFeedbacksPage%3Fuser%3DCHomeUiT.instructor.tmms&user=CHomeUiT.instructor.tmms" onclick="return toggleDeleteFeedbackSessionConfirmation('CHomeUiT.CS2104','First Feedback Session');" title="">
                        Delete
                     </a>
                     <a class="btn btn-default btn-xs btn-tm-actions session-submit-for-test" data-original-title="Start submitting feedback" data-placement="top" data-toggle="tooltip" href="/page/instructorFeedbackSubmissionEditPage?courseid=CHomeUiT.CS2104&fsname=First+Feedback+Session&user=CHomeUiT.instructor.tmms" title="">
                        Submit
                     </a>
                     <a class="btn btn-default btn-xs btn-tm-actions session-remind-for-test" data-original-title="Send e-mails to remind students and instructors who have not submitted their feedbacks to do so" data-placement="top" data-toggle="tooltip" href="/page/instructorFeedbackRemind?courseid=CHomeUiT.CS2104&fsname=First+Feedback+Session&user=CHomeUiT.instructor.tmms" onclick="return toggleRemindStudents('First Feedback Session');" title="">
                        Remind
                     </a>
                     <a class="btn btn-default btn-xs btn-tm-actions session-publish-for-test" data-original-title="Make session responses available for viewing" data-placement="top" data-toggle="tooltip" href="/page/instructorFeedbackPublish?courseid=CHomeUiT.CS2104&fsname=First+Feedback+Session&next=%2Fpage%2FinstructorFeedbacksPage%3Fuser%3DCHomeUiT.instructor.tmms&user=CHomeUiT.instructor.tmms" onclick="return togglePublishEvaluation('First Feedback Session');" title="">
                        Publish
                     </a>
                  </td>
               </tr>
               <tr id="session4">
                  <td>
                     Second Eval
                  </td>
                  <td>
                     <span data-original-title="The evaluation has finished and the results have been made available to students" data-placement="top" data-toggle="tooltip" title="">
                        Published
                     </span>
                  </td>
                  <td class="session-response-for-test">
                     <a href="/page/instructorEvalStatsPage?courseid=CHomeUiT.CS2104&evaluationname=Second+Eval&user=CHomeUiT.instructor.tmms" oncontextmenu="return false;">
                        Show
                     </a>
                  </td>
                  <td class="no-print">
                     <a class="btn btn-default btn-xs btn-tm-actions session-view-for-test" data-original-title="View the current results of the evaluation" data-placement="top" data-toggle="tooltip" href="/page/instructorEvalResultsPage?courseid=CHomeUiT.CS2104&evaluationname=Second+Eval&user=CHomeUiT.instructor.tmms" title="">
                        View Results
                     </a>
                     <a class="btn btn-default btn-xs btn-tm-actions session-edit-for-test disabled" data-original-title="Edit evaluation details" data-placement="top" data-toggle="tooltip" href="/page/instructorEvalEditPage?courseid=CHomeUiT.CS2104&evaluationname=Second+Eval&user=CHomeUiT.instructor.tmms" onclick="return false" title="">
                        Edit
                     </a>
                     <a class="btn btn-default btn-xs btn-tm-actions session-preview-for-test" data-original-title="Preview evaluation session" data-placement="top" data-toggle="tooltip" href="/page/instructorEvalPreview?courseid=CHomeUiT.CS2104&evaluationname=Second+Eval&user=CHomeUiT.instructor.tmms" target="_blank" title="">
                        Preview
                     </a>
                     <a class="btn btn-default btn-xs btn-tm-actions session-delete-for-test" data-original-title="Delete the evaluation" data-placement="top" data-toggle="tooltip" href="/page/instructorEvalDelete?courseid=CHomeUiT.CS2104&evaluationname=Second+Eval&next=%2Fpage%2FinstructorHomePage%3Fuser%3DCHomeUiT.instructor.tmms&user=CHomeUiT.instructor.tmms" onclick="return toggleDeleteEvaluationConfirmation('CHomeUiT.CS2104','Second Eval');" title="">
                        Delete
                     </a>
                     <a class="btn btn-default btn-xs btn-tm-actions session-remind-for-test disabled" data-original-title="Send e-mails to remind students who have not submitted their evaluations to do so" data-placement="top" data-toggle="tooltip" href="/page/instructorEvalRemind?courseid=CHomeUiT.CS2104&evaluationname=Second+Eval&user=CHomeUiT.instructor.tmms" onclick="return false" title="">
                        Remind
                     </a>
                     <a class="btn btn-default btn-xs btn-tm-actions session-unpublish-for-test" data-original-title="Make results not visible to students" data-placement="top" data-toggle="tooltip" href="/page/instructorEvalUnpublish?courseid=CHomeUiT.CS2104&evaluationname=Second+Eval&next=%2Fpage%2FinstructorHomePage%3Fuser%3DCHomeUiT.instructor.tmms&user=CHomeUiT.instructor.tmms" onclick="return toggleUnpublishEvaluation('Second Eval');" title="">
                        Unpublish
                     </a>
                  </td>
               </tr>
               <tr id="session7">
                  <td>
                     Fourth Feedback Session
                  </td>
                  <td>
                     <span data-original-title="The feedback session has been created, is visible, and has ended.<br />The responses for this session are visible." data-placement="top" data-toggle="tooltip" title="">
                        Published
                     </span>
                  </td>
                  <td class="session-response-for-test">
                     <a href="/page/feedbackSessionStatsPage?courseid=CHomeUiT.CS2104&fsname=Fourth+Feedback+Session&user=CHomeUiT.instructor.tmms" oncontextmenu="return false;">
                        Show
                     </a>
                  </td>
                  <td class="no-print">
                     <a class="btn btn-default btn-xs btn-tm-actions session-view-for-test" data-original-title="View the submitted responses for this feedback session" data-placement="top" data-toggle="tooltip" href="/page/instructorFeedbackResultsPage?courseid=CHomeUiT.CS2104&fsname=Fourth+Feedback+Session&user=CHomeUiT.instructor.tmms" title="">
                        View Results
                     </a>
                     <a class="btn btn-default btn-xs btn-tm-actions session-edit-for-test" data-original-title="Edit feedback session details" data-placement="top" data-toggle="tooltip" href="/page/instructorFeedbackEditPage?courseid=CHomeUiT.CS2104&fsname=Fourth+Feedback+Session&user=CHomeUiT.instructor.tmms" title="">
                        Edit
                     </a>
                     <a class="btn btn-default btn-xs btn-tm-actions session-delete-for-test" data-original-title="Delete the feedback session" data-placement="top" data-toggle="tooltip" href="/page/instructorFeedbackDelete?courseid=CHomeUiT.CS2104&fsname=Fourth+Feedback+Session&next=%2Fpage%2FinstructorFeedbacksPage%3Fuser%3DCHomeUiT.instructor.tmms&user=CHomeUiT.instructor.tmms" onclick="return toggleDeleteFeedbackSessionConfirmation('CHomeUiT.CS2104','Fourth Feedback Session');" title="">
                        Delete
                     </a>
                     <a class="btn btn-default btn-xs btn-tm-actions session-submit-for-test" data-original-title="Start submitting feedback" data-placement="top" data-toggle="tooltip" href="/page/instructorFeedbackSubmissionEditPage?courseid=CHomeUiT.CS2104&fsname=Fourth+Feedback+Session&user=CHomeUiT.instructor.tmms" title="">
                        Submit
                     </a>
                     <a class="btn btn-default btn-xs btn-tm-actions session-remind-for-test disabled" data-original-title="Send e-mails to remind students and instructors who have not submitted their feedbacks to do so" data-placement="top" data-toggle="tooltip" href="/page/instructorFeedbackRemind?courseid=CHomeUiT.CS2104&fsname=Fourth+Feedback+Session&user=CHomeUiT.instructor.tmms" onclick="return false" title="">
                        Remind
                     </a>
                     <a class="btn btn-default btn-xs btn-tm-actions session-unpublish-for-test" data-original-title="Make responses no longer visible" data-placement="top" data-toggle="tooltip" href="/page/instructorFeedbackUnpublish?courseid=CHomeUiT.CS2104&fsname=Fourth+Feedback+Session&next=%2Fpage%2FinstructorFeedbacksPage%3Fuser%3DCHomeUiT.instructor.tmms&user=CHomeUiT.instructor.tmms" onclick="return toggleUnpublishEvaluation('Fourth Feedback Session');" title="">
                        Unpublish
                     </a>
                  </td>
               </tr>
               <tr id="session8">
                  <td>
                     Third Feedback Session
                  </td>
                  <td>
                     <span data-original-title="The feedback session has been created, is visible, and has ended." data-placement="top" data-toggle="tooltip" title="">
                        Closed
                     </span>
                  </td>
                  <td class="session-response-for-test">
                     <a href="/page/feedbackSessionStatsPage?courseid=CHomeUiT.CS2104&fsname=Third+Feedback+Session&user=CHomeUiT.instructor.tmms" oncontextmenu="return false;">
                        Show
                     </a>
                  </td>
                  <td class="no-print">
                     <a class="btn btn-default btn-xs btn-tm-actions session-view-for-test" data-original-title="View the submitted responses for this feedback session" data-placement="top" data-toggle="tooltip" href="/page/instructorFeedbackResultsPage?courseid=CHomeUiT.CS2104&fsname=Third+Feedback+Session&user=CHomeUiT.instructor.tmms" title="">
                        View Results
                     </a>
                     <a class="btn btn-default btn-xs btn-tm-actions session-edit-for-test" data-original-title="Edit feedback session details" data-placement="top" data-toggle="tooltip" href="/page/instructorFeedbackEditPage?courseid=CHomeUiT.CS2104&fsname=Third+Feedback+Session&user=CHomeUiT.instructor.tmms" title="">
                        Edit
                     </a>
                     <a class="btn btn-default btn-xs btn-tm-actions session-delete-for-test" data-original-title="Delete the feedback session" data-placement="top" data-toggle="tooltip" href="/page/instructorFeedbackDelete?courseid=CHomeUiT.CS2104&fsname=Third+Feedback+Session&next=%2Fpage%2FinstructorFeedbacksPage%3Fuser%3DCHomeUiT.instructor.tmms&user=CHomeUiT.instructor.tmms" onclick="return toggleDeleteFeedbackSessionConfirmation('CHomeUiT.CS2104','Third Feedback Session');" title="">
                        Delete
                     </a>
                     <a class="btn btn-default btn-xs btn-tm-actions session-submit-for-test" data-original-title="Start submitting feedback" data-placement="top" data-toggle="tooltip" href="/page/instructorFeedbackSubmissionEditPage?courseid=CHomeUiT.CS2104&fsname=Third+Feedback+Session&user=CHomeUiT.instructor.tmms" title="">
                        Submit
                     </a>
                     <a class="btn btn-default btn-xs btn-tm-actions session-remind-for-test disabled" data-original-title="Send e-mails to remind students and instructors who have not submitted their feedbacks to do so" data-placement="top" data-toggle="tooltip" href="/page/instructorFeedbackRemind?courseid=CHomeUiT.CS2104&fsname=Third+Feedback+Session&user=CHomeUiT.instructor.tmms" onclick="return false" title="">
                        Remind
                     </a>
                     <a class="btn btn-default btn-xs btn-tm-actions session-publish-for-test" data-original-title="Make session responses available for viewing" data-placement="top" data-toggle="tooltip" href="/page/instructorFeedbackPublish?courseid=CHomeUiT.CS2104&fsname=Third+Feedback+Session&next=%2Fpage%2FinstructorFeedbacksPage%3Fuser%3DCHomeUiT.instructor.tmms&user=CHomeUiT.instructor.tmms" onclick="return togglePublishEvaluation('Third Feedback Session');" title="">
                        Publish
                     </a>
                  </td>
               </tr>
            </tbody>
         </table>
      </div>
      <br/>
         </div>

</expected]>> but was:<<[actual>
   <div class="container theme-showcase" id="frameBodyWrapper">
      <div id="topOfPage">
      </div>
      <div class="inner-container">
         <div class="row">
            <div class="col-md-5">
               <h1>
                  Instructor Home
               </h1>
            </div>
            <div class="col-md-5 instructor-header-bar">
               <form action="/page/instructorSearchPage?user=CHomeUiT.instructor.tmms" method="get" name="search_form">
                  <div class="input-group">
                     <input class="form-control" data-original-title="Search for student's name" data-placement="top" data-toggle="tooltip" id="searchbox" name="searchkey" placeholder="Student Name" title="" type="text"/>
                                          <span class="input-group-btn">
                        <button class="btn btn-default" id="buttonSearch" type="submit" value="Search">
                           Search
                        </button>
                     </span>
                  </div>
                  <input name="searchstudents" type="hidden" value="true"/>
                                    <input name="searchcommentforstudents" type="hidden" value="false"/>
                                    <input name="searchcommentforresponses" type="hidden" value="false"/>
                                    <input name="user" type="hidden" value="CHomeUiT.instructor.tmms"/>
                                 </form>
            </div>
            <div class="col-md-2 instructor-header-bar">
               <a class="btn btn-primary btn-md" href="/page/instructorCoursesPage?user=CHomeUiT.instructor.tmms" id="addNewCourse">
                  Add New Course
               </a>
            </div>
         </div>
      </div>
      <br/>
            <div id="statusMessage" style="display: none;">
      </div>
      <div class="row">
         <div class="col-md-5 pull-right">
            <div class="row">
               <div class="col-md-3 btn-group">
                  <h5 class="pull-right">
                     <strong>
                        Sort By:
                     </strong>
                  </h5>
               </div>
               <div class="col-md-9">
                  <div class="btn-group pull-right" data-toggle="buttons">
                     <label class="btn btn-default " data="id" id="sortById" name="sortby">
                        <input type="radio"/>
                                                Course ID
                     </label>
                     <label class="btn btn-default " data="name" id="sortByName" name="sortby">
                        <input name="sortby" type="radio" value="name"/>
                                                Course Name
                     </label>
                     <label class="btn btn-default active" data="createdAt" id="sortByDate" name="sortby">
                        <input type="radio"/>
                                                Creation Date
                     </label>
                  </div>
               </div>
            </div>
         </div>
      </div>
      <br/>
            <div class="panel panel-primary" id="course0">
         <div class="panel-heading">
            <div class="row">
               <div class="col-md-6">
                  <strong>
                     [CHomeUiT.CS2104] :
                                    Programming Language Concepts
                  </strong>
               </div>
               <div class="col-md-6">
                  <span class="pull-right">
                     <a class="btn btn-primary btn-xs btn-tm-actions course-enroll-for-test" data-original-title="Enroll student into the course" data-placement="top" data-toggle="tooltip" href="/page/instructorCourseEnrollPage?courseid=CHomeUiT.CS2104&user=CHomeUiT.instructor.tmms" title="">
                        Enroll
                     </a>
                     <a class="btn btn-primary btn-xs btn-tm-actions course-view-for-test" data-original-title="View, edit and send invitation emails to the students in the course" data-placement="top" data-toggle="tooltip" href="/page/instructorCourseDetailsPage?courseid=CHomeUiT.CS2104&user=CHomeUiT.instructor.tmms" title="">
                        View
                     </a>
                     <a class="btn btn-primary btn-xs btn-tm-actions course-edit-for-test" data-original-title="Edit Course information and instructor list" data-placement="top" data-toggle="tooltip" href="/page/instructorCourseEditPage?courseid=CHomeUiT.CS2104&user=CHomeUiT.instructor.tmms" title="">
                        Edit
                     </a>
                     <a class="btn btn-primary btn-xs btn-tm-actions course-add-eval-for-test" data-original-title="Add a feedback session for the course" data-placement="top" data-toggle="tooltip" href="/page/instructorFeedbacksPage?user=CHomeUiT.instructor.tmms&courseid=CHomeUiT.CS2104" title="">
                        Add Session
                     </a>
                     <a class="btn btn-primary btn-xs btn-tm-actions course-archive-for-test" data-original-title="Archive the course so that it will not be shown in the home page any more (you can still access it from the 'Courses' tab)" data-placement="top" data-toggle="tooltip" href="/page/instructorCourseArchive?courseid=CHomeUiT.CS2104&archive=true&next=%2Fpage%2FinstructorHomePage&user=CHomeUiT.instructor.tmms" onclick="return toggleArchiveCourseConfirmation('CHomeUiT.CS2104')" title="">
                        Archive
                     </a>
                     <a class="btn btn-primary btn-xs btn-tm-actions course-notify-pending-comments-for-test
                                        hidden" data-original-title="Send email notification to recipients of 0 pending comment" data-placement="top" data-toggle="tooltip" href="/page/instructorStudentCommentClearPending?courseid=CHomeUiT.CS2104&user=CHomeUiT.instructor.tmms" title="">
                        <span class="badge">
                           0
                        </span>
                        <span class="glyphicon glyphicon-comment">
                        </span>
                        <span class="glyphicon glyphicon-arrow-right">
                        </span>
                        <span class="glyphicon glyphicon-envelope">
                        </span>
                     </a>
                     <a class="btn btn-primary btn-xs btn-tm-actions course-delete-for-test" data-original-title="Delete the course and its corresponding students and sessions" data-placement="top" data-toggle="tooltip" href="/page/instructorCourseDelete?courseid=CHomeUiT.CS2104&next=%2Fpage%2FinstructorHomePage&user=CHomeUiT.instructor.tmms" onclick="return toggleDeleteCourseConfirmation('CHomeUiT.CS2104')" title="">
                        Delete
                     </a>
                  </span>
               </div>
            </div>
         </div>
         <table class="table-responsive table table-striped table-bordered">
            <thead>
               <tr>
                  <th class="button-sort-none" id="button_sortname" onclick="toggleSort(this,1);">
                     Session Name
                     <span class="icon-sort unsorted">
                     </span>
                  </th>
                  <th>
                     Status
                  </th>
                  <th>
                     <span data-original-title="Number of students submitted / Class size" data-placement="top" data-toggle="tooltip" title="">
                        Response Rate
                     </span>
                  </th>
                  <th class="no-print">
                     Action(s)
                  </th>
               </tr>
            </thead>
            <tbody>
               <tr id="session0">
                  <td>
                     First Eval
                  </td>
                  <td>
                     <span data-original-title="The evaluation has started and students can submit feedback until the closing time" data-placement="top" data-toggle="tooltip" title="">
                        Open
                     </span>
                  </td>
                  <td class="session-response-for-test recent">
                     4 / 4
                  </td>
                  <td class="no-print">
                     <a class="btn btn-default btn-xs btn-tm-actions session-view-for-test" data-original-title="View the current results of the evaluation" data-placement="top" data-toggle="tooltip" href="/page/instructorEvalResultsPage?courseid=CHomeUiT.CS2104&evaluationname=First+Eval&user=CHomeUiT.instructor.tmms" title="">
                        View Results
                     </a>
                     <a class="btn btn-default btn-xs btn-tm-actions session-edit-for-test" data-original-title="Edit evaluation details" data-placement="top" data-toggle="tooltip" href="/page/instructorEvalEditPage?courseid=CHomeUiT.CS2104&evaluationname=First+Eval&user=CHomeUiT.instructor.tmms" title="">
                        Edit
                     </a>
                     <a class="btn btn-default btn-xs btn-tm-actions session-preview-for-test" data-original-title="Preview evaluation session" data-placement="top" data-toggle="tooltip" href="/page/instructorEvalPreview?courseid=CHomeUiT.CS2104&evaluationname=First+Eval&user=CHomeUiT.instructor.tmms" target="_blank" title="">
                        Preview
                     </a>
                     <a class="btn btn-default btn-xs btn-tm-actions session-delete-for-test" data-original-title="Delete the evaluation" data-placement="top" data-toggle="tooltip" href="/page/instructorEvalDelete?courseid=CHomeUiT.CS2104&evaluationname=First+Eval&next=%2Fpage%2FinstructorHomePage%3Fuser%3DCHomeUiT.instructor.tmms&user=CHomeUiT.instructor.tmms" onclick="return toggleDeleteEvaluationConfirmation('CHomeUiT.CS2104','First Eval');" title="">
                        Delete
                     </a>
                     <a class="btn btn-default btn-xs btn-tm-actions session-remind-for-test" data-original-title="Send e-mails to remind students who have not submitted their evaluations to do so" data-placement="top" data-toggle="tooltip" href="/page/instructorEvalRemind?courseid=CHomeUiT.CS2104&evaluationname=First+Eval&user=CHomeUiT.instructor.tmms" onclick="return toggleRemindStudents('First Eval');" title="">
                        Remind
                     </a>
                     <a class="btn btn-default btn-xs btn-tm-actions session-publish-for-test disabled" data-original-title="Publish evaluation results for students to view" data-placement="top" data-toggle="tooltip" href="/page/instructorEvalPublish?courseid=CHomeUiT.CS2104&evaluationname=First+Eval&next=%2Fpage%2FinstructorHomePage%3Fuser%3DCHomeUiT.instructor.tmms&user=CHomeUiT.instructor.tmms" onclick="return false" title="">
                        Publish
                     </a>
                  </td>
               </tr>
               <tr id="session2">
                  <td>
                     Second Feedback Session
                  </td>
                  <td>
                     <span data-original-title="The feedback session has been created, is visible, and is waiting to open." data-placement="top" data-toggle="tooltip" title="">
                        Awaiting
                     </span>
                  </td>
                  <td class="session-response-for-test recent">
                     0 / 0
                  </td>
                  <td class="no-print">
                     <a class="btn btn-default btn-xs btn-tm-actions session-view-for-test" data-original-title="View the submitted responses for this feedback session" data-placement="top" data-toggle="tooltip" href="/page/instructorFeedbackResultsPage?courseid=CHomeUiT.CS2104&fsname=Second+Feedback+Session&user=CHomeUiT.instructor.tmms" title="">
                        View Results
                     </a>
                     <a class="btn btn-default btn-xs btn-tm-actions session-edit-for-test" data-original-title="Edit feedback session details" data-placement="top" data-toggle="tooltip" href="/page/instructorFeedbackEditPage?courseid=CHomeUiT.CS2104&fsname=Second+Feedback+Session&user=CHomeUiT.instructor.tmms" title="">
                        Edit
                     </a>
                     <a class="btn btn-default btn-xs btn-tm-actions session-delete-for-test" data-original-title="Delete the feedback session" data-placement="top" data-toggle="tooltip" href="/page/instructorFeedbackDelete?courseid=CHomeUiT.CS2104&fsname=Second+Feedback+Session&next=%2Fpage%2FinstructorFeedbacksPage%3Fuser%3DCHomeUiT.instructor.tmms&user=CHomeUiT.instructor.tmms" onclick="return toggleDeleteFeedbackSessionConfirmation('CHomeUiT.CS2104','Second Feedback Session');" title="">
                        Delete
                     </a>
                     <a class="btn btn-default btn-xs btn-tm-actions session-submit-for-test" data-original-title="Start submitting feedback" data-placement="top" data-toggle="tooltip" href="/page/instructorFeedbackSubmissionEditPage?courseid=CHomeUiT.CS2104&fsname=Second+Feedback+Session&user=CHomeUiT.instructor.tmms" title="">
                        Submit
                     </a>
                     <a class="btn btn-default btn-xs btn-tm-actions session-remind-for-test disabled" data-original-title="Send e-mails to remind students and instructors who have not submitted their feedbacks to do so" data-placement="top" data-toggle="tooltip" href="/page/instructorFeedbackRemind?courseid=CHomeUiT.CS2104&fsname=Second+Feedback+Session&user=CHomeUiT.instructor.tmms" onclick="return false" title="">
                        Remind
                     </a>
                     <a class="btn btn-default btn-xs btn-tm-actions session-publish-for-test disabled" data-original-title="This session is not yet opened" data-placement="top" data-toggle="tooltip" href="/page/instructorFeedbackPublish?courseid=CHomeUiT.CS2104&fsname=Second+Feedback+Session&next=%2Fpage%2FinstructorFeedbacksPage%3Fuser%3DCHomeUiT.instructor.tmms&user=CHomeUiT.instructor.tmms" onclick="return false" title="">
                        Publish
                     </a>
                  </td>
               </tr>
               <tr id="session3">
                  <td>
                     First Feedback Session
                  </td>
                  <td>
                     <span data-original-title="The feedback session has been created, is visible, and is open for submissions." data-placement="top" data-toggle="tooltip" title="">
                        Open
                     </span>
                  </td>
                  <td class="session-response-for-test recent">
                     0 / 4
                  </td>
                  <td class="no-print">
                     <a class="btn btn-default btn-xs btn-tm-actions session-view-for-test" data-original-title="View the submitted responses for this feedback session" data-placement="top" data-toggle="tooltip" href="/page/instructorFeedbackResultsPage?courseid=CHomeUiT.CS2104&fsname=First+Feedback+Session&user=CHomeUiT.instructor.tmms" title="">
                        View Results
                     </a>
                     <a class="btn btn-default btn-xs btn-tm-actions session-edit-for-test" data-original-title="Edit feedback session details" data-placement="top" data-toggle="tooltip" href="/page/instructorFeedbackEditPage?courseid=CHomeUiT.CS2104&fsname=First+Feedback+Session&user=CHomeUiT.instructor.tmms" title="">
                        Edit
                     </a>
                     <a class="btn btn-default btn-xs btn-tm-actions session-delete-for-test" data-original-title="Delete the feedback session" data-placement="top" data-toggle="tooltip" href="/page/instructorFeedbackDelete?courseid=CHomeUiT.CS2104&fsname=First+Feedback+Session&next=%2Fpage%2FinstructorFeedbacksPage%3Fuser%3DCHomeUiT.instructor.tmms&user=CHomeUiT.instructor.tmms" onclick="return toggleDeleteFeedbackSessionConfirmation('CHomeUiT.CS2104','First Feedback Session');" title="">
                        Delete
                     </a>
                     <a class="btn btn-default btn-xs btn-tm-actions session-submit-for-test" data-original-title="Start submitting feedback" data-placement="top" data-toggle="tooltip" href="/page/instructorFeedbackSubmissionEditPage?courseid=CHomeUiT.CS2104&fsname=First+Feedback+Session&user=CHomeUiT.instructor.tmms" title="">
                        Submit
                     </a>
                     <a class="btn btn-default btn-xs btn-tm-actions session-remind-for-test" data-original-title="Send e-mails to remind students and instructors who have not submitted their feedbacks to do so" data-placement="top" data-toggle="tooltip" href="/page/instructorFeedbackRemind?courseid=CHomeUiT.CS2104&fsname=First+Feedback+Session&user=CHomeUiT.instructor.tmms" onclick="return toggleRemindStudents('First Feedback Session');" title="">
                        Remind
                     </a>
                     <a class="btn btn-default btn-xs btn-tm-actions session-publish-for-test" data-original-title="Make session responses available for viewing" data-placement="top" data-toggle="tooltip" href="/page/instructorFeedbackPublish?courseid=CHomeUiT.CS2104&fsname=First+Feedback+Session&next=%2Fpage%2FinstructorFeedbacksPage%3Fuser%3DCHomeUiT.instructor.tmms&user=CHomeUiT.instructor.tmms" onclick="return togglePublishEvaluation('First Feedback Session');" title="">
                        Publish
                     </a>
                  </td>
               </tr>
               <tr id="session1">
                  <td>
                     Second Eval
                  </td>
                  <td>
                     <span data-original-title="The evaluation has finished and the results have been made available to students" data-placement="top" data-toggle="tooltip" title="">
                        Published
                     </span>
                  </td>
                  <td class="session-response-for-test">
                     <a href="/page/instructorEvalStatsPage?courseid=CHomeUiT.CS2104&evaluationname=Second+Eval&user=CHomeUiT.instructor.tmms" oncontextmenu="return false;">
                        Show
                     </a>
                  </td>
                  <td class="no-print">
                     <a class="btn btn-default btn-xs btn-tm-actions session-view-for-test" data-original-title="View the current results of the evaluation" data-placement="top" data-toggle="tooltip" href="/page/instructorEvalResultsPage?courseid=CHomeUiT.CS2104&evaluationname=Second+Eval&user=CHomeUiT.instructor.tmms" title="">
                        View Results
                     </a>
                     <a class="btn btn-default btn-xs btn-tm-actions session-edit-for-test disabled" data-original-title="Edit evaluation details" data-placement="top" data-toggle="tooltip" href="/page/instructorEvalEditPage?courseid=CHomeUiT.CS2104&evaluationname=Second+Eval&user=CHomeUiT.instructor.tmms" onclick="return false" title="">
                        Edit
                     </a>
                     <a class="btn btn-default btn-xs btn-tm-actions session-preview-for-test" data-original-title="Preview evaluation session" data-placement="top" data-toggle="tooltip" href="/page/instructorEvalPreview?courseid=CHomeUiT.CS2104&evaluationname=Second+Eval&user=CHomeUiT.instructor.tmms" target="_blank" title="">
                        Preview
                     </a>
                     <a class="btn btn-default btn-xs btn-tm-actions session-delete-for-test" data-original-title="Delete the evaluation" data-placement="top" data-toggle="tooltip" href="/page/instructorEvalDelete?courseid=CHomeUiT.CS2104&evaluationname=Second+Eval&next=%2Fpage%2FinstructorHomePage%3Fuser%3DCHomeUiT.instructor.tmms&user=CHomeUiT.instructor.tmms" onclick="return toggleDeleteEvaluationConfirmation('CHomeUiT.CS2104','Second Eval');" title="">
                        Delete
                     </a>
                     <a class="btn btn-default btn-xs btn-tm-actions session-remind-for-test disabled" data-original-title="Send e-mails to remind students who have not submitted their evaluations to do so" data-placement="top" data-toggle="tooltip" href="/page/instructorEvalRemind?courseid=CHomeUiT.CS2104&evaluationname=Second+Eval&user=CHomeUiT.instructor.tmms" onclick="return false" title="">
                        Remind
                     </a>
                     <a class="btn btn-default btn-xs btn-tm-actions session-unpublish-for-test" data-original-title="Make results not visible to students" data-placement="top" data-toggle="tooltip" href="/page/instructorEvalUnpublish?courseid=CHomeUiT.CS2104&evaluationname=Second+Eval&next=%2Fpage%2FinstructorHomePage%3Fuser%3DCHomeUiT.instructor.tmms&user=CHomeUiT.instructor.tmms" onclick="return toggleUnpublishEvaluation('Second Eval');" title="">
                        Unpublish
                     </a>
                  </td>
               </tr>
               <tr id="session4">
                  <td>
                     Fourth Feedback Session
                  </td>
                  <td>
                     <span data-original-title="The feedback session has been created, is visible, and has ended.<br />The responses for this session are visible." data-placement="top" data-toggle="tooltip" title="">
                        Published
                     </span>
                  </td>
                  <td class="session-response-for-test">
                     <a href="/page/feedbackSessionStatsPage?courseid=CHomeUiT.CS2104&fsname=Fourth+Feedback+Session&user=CHomeUiT.instructor.tmms" oncontextmenu="return false;">
                        Show
                     </a>
                  </td>
                  <td class="no-print">
                     <a class="btn btn-default btn-xs btn-tm-actions session-view-for-test" data-original-title="View the submitted responses for this feedback session" data-placement="top" data-toggle="tooltip" href="/page/instructorFeedbackResultsPage?courseid=CHomeUiT.CS2104&fsname=Fourth+Feedback+Session&user=CHomeUiT.instructor.tmms" title="">
                        View Results
                     </a>
                     <a class="btn btn-default btn-xs btn-tm-actions session-edit-for-test" data-original-title="Edit feedback session details" data-placement="top" data-toggle="tooltip" href="/page/instructorFeedbackEditPage?courseid=CHomeUiT.CS2104&fsname=Fourth+Feedback+Session&user=CHomeUiT.instructor.tmms" title="">
                        Edit
                     </a>
                     <a class="btn btn-default btn-xs btn-tm-actions session-delete-for-test" data-original-title="Delete the feedback session" data-placement="top" data-toggle="tooltip" href="/page/instructorFeedbackDelete?courseid=CHomeUiT.CS2104&fsname=Fourth+Feedback+Session&next=%2Fpage%2FinstructorFeedbacksPage%3Fuser%3DCHomeUiT.instructor.tmms&user=CHomeUiT.instructor.tmms" onclick="return toggleDeleteFeedbackSessionConfirmation('CHomeUiT.CS2104','Fourth Feedback Session');" title="">
                        Delete
                     </a>
                     <a class="btn btn-default btn-xs btn-tm-actions session-submit-for-test" data-original-title="Start submitting feedback" data-placement="top" data-toggle="tooltip" href="/page/instructorFeedbackSubmissionEditPage?courseid=CHomeUiT.CS2104&fsname=Fourth+Feedback+Session&user=CHomeUiT.instructor.tmms" title="">
                        Submit
                     </a>
                     <a class="btn btn-default btn-xs btn-tm-actions session-remind-for-test disabled" data-original-title="Send e-mails to remind students and instructors who have not submitted their feedbacks to do so" data-placement="top" data-toggle="tooltip" href="/page/instructorFeedbackRemind?courseid=CHomeUiT.CS2104&fsname=Fourth+Feedback+Session&user=CHomeUiT.instructor.tmms" onclick="return false" title="">
                        Remind
                     </a>
                     <a class="btn btn-default btn-xs btn-tm-actions session-unpublish-for-test" data-original-title="Make responses no longer visible" data-placement="top" data-toggle="tooltip" href="/page/instructorFeedbackUnpublish?courseid=CHomeUiT.CS2104&fsname=Fourth+Feedback+Session&next=%2Fpage%2FinstructorFeedbacksPage%3Fuser%3DCHomeUiT.instructor.tmms&user=CHomeUiT.instructor.tmms" onclick="return toggleUnpublishEvaluation('Fourth Feedback Session');" title="">
                        Unpublish
                     </a>
                  </td>
               </tr>
               <tr id="session5">
                  <td>
                     Third Feedback Session
                  </td>
                  <td>
                     <span data-original-title="The feedback session has been created, is visible, and has ended." data-placement="top" data-toggle="tooltip" title="">
                        Closed
                     </span>
                  </td>
                  <td class="session-response-for-test">
                     <a href="/page/feedbackSessionStatsPage?courseid=CHomeUiT.CS2104&fsname=Third+Feedback+Session&user=CHomeUiT.instructor.tmms" oncontextmenu="return false;">
                        Show
                     </a>
                  </td>
                  <td class="no-print">
                     <a class="btn btn-default btn-xs btn-tm-actions session-view-for-test" data-original-title="View the submitted responses for this feedback session" data-placement="top" data-toggle="tooltip" href="/page/instructorFeedbackResultsPage?courseid=CHomeUiT.CS2104&fsname=Third+Feedback+Session&user=CHomeUiT.instructor.tmms" title="">
                        View Results
                     </a>
                     <a class="btn btn-default btn-xs btn-tm-actions session-edit-for-test" data-original-title="Edit feedback session details" data-placement="top" data-toggle="tooltip" href="/page/instructorFeedbackEditPage?courseid=CHomeUiT.CS2104&fsname=Third+Feedback+Session&user=CHomeUiT.instructor.tmms" title="">
                        Edit
                     </a>
                     <a class="btn btn-default btn-xs btn-tm-actions session-delete-for-test" data-original-title="Delete the feedback session" data-placement="top" data-toggle="tooltip" href="/page/instructorFeedbackDelete?courseid=CHomeUiT.CS2104&fsname=Third+Feedback+Session&next=%2Fpage%2FinstructorFeedbacksPage%3Fuser%3DCHomeUiT.instructor.tmms&user=CHomeUiT.instructor.tmms" onclick="return toggleDeleteFeedbackSessionConfirmation('CHomeUiT.CS2104','Third Feedback Session');" title="">
                        Delete
                     </a>
                     <a class="btn btn-default btn-xs btn-tm-actions session-submit-for-test" data-original-title="Start submitting feedback" data-placement="top" data-toggle="tooltip" href="/page/instructorFeedbackSubmissionEditPage?courseid=CHomeUiT.CS2104&fsname=Third+Feedback+Session&user=CHomeUiT.instructor.tmms" title="">
                        Submit
                     </a>
                     <a class="btn btn-default btn-xs btn-tm-actions session-remind-for-test disabled" data-original-title="Send e-mails to remind students and instructors who have not submitted their feedbacks to do so" data-placement="top" data-toggle="tooltip" href="/page/instructorFeedbackRemind?courseid=CHomeUiT.CS2104&fsname=Third+Feedback+Session&user=CHomeUiT.instructor.tmms" onclick="return false" title="">
                        Remind
                     </a>
                     <a class="btn btn-default btn-xs btn-tm-actions session-publish-for-test" data-original-title="Make session responses available for viewing" data-placement="top" data-toggle="tooltip" href="/page/instructorFeedbackPublish?courseid=CHomeUiT.CS2104&fsname=Third+Feedback+Session&next=%2Fpage%2FinstructorFeedbacksPage%3Fuser%3DCHomeUiT.instructor.tmms&user=CHomeUiT.instructor.tmms" onclick="return togglePublishEvaluation('Third Feedback Session');" title="">
                        Publish
                     </a>
                  </td>
               </tr>
            </tbody>
         </table>
      </div>
      <br/>
            <div class="panel panel-primary" id="course1">
         <div class="panel-heading">
            <div class="row">
               <div class="col-md-6">
                  <strong>
                     [CHomeUiT.CS1101] :
                                    Programming Methodology
                  </strong>
               </div>
               <div class="col-md-6">
                  <span class="pull-right">
                     <a class="btn btn-primary btn-xs btn-tm-actions course-enroll-for-test" data-original-title="Enroll student into the course" data-placement="top" data-toggle="tooltip" disabled="disabled" href="/page/instructorCourseEnrollPage?courseid=CHomeUiT.CS1101&user=CHomeUiT.instructor.tmms" title="">
                        Enroll
                     </a>
                     <a class="btn btn-primary btn-xs btn-tm-actions course-view-for-test" data-original-title="View, edit and send invitation emails to the students in the course" data-placement="top" data-toggle="tooltip" href="/page/instructorCourseDetailsPage?courseid=CHomeUiT.CS1101&user=CHomeUiT.instructor.tmms" title="">
                        View
                     </a>
                     <a class="btn btn-primary btn-xs btn-tm-actions course-edit-for-test" data-original-title="Edit Course information and instructor list" data-placement="top" data-toggle="tooltip" href="/page/instructorCourseEditPage?courseid=CHomeUiT.CS1101&user=CHomeUiT.instructor.tmms" title="">
                        Edit
                     </a>
                     <a class="btn btn-primary btn-xs btn-tm-actions course-add-eval-for-test" data-original-title="Add a feedback session for the course" data-placement="top" data-toggle="tooltip" disabled="disabled" href="/page/instructorFeedbacksPage?user=CHomeUiT.instructor.tmms&courseid=CHomeUiT.CS1101" title="">
                        Add Session
                     </a>
                     <a class="btn btn-primary btn-xs btn-tm-actions course-archive-for-test" data-original-title="Archive the course so that it will not be shown in the home page any more (you can still access it from the 'Courses' tab)" data-placement="top" data-toggle="tooltip" href="/page/instructorCourseArchive?courseid=CHomeUiT.CS1101&archive=true&next=%2Fpage%2FinstructorHomePage&user=CHomeUiT.instructor.tmms" onclick="return toggleArchiveCourseConfirmation('CHomeUiT.CS1101')" title="">
                        Archive
                     </a>
                     <a class="btn btn-primary btn-xs btn-tm-actions course-notify-pending-comments-for-test
                                        hidden" data-original-title="Send email notification to recipients of 0 pending comment" data-placement="top" data-toggle="tooltip" href="/page/instructorStudentCommentClearPending?courseid=CHomeUiT.CS1101&user=CHomeUiT.instructor.tmms" title="">
                        <span class="badge">
                           0
                        </span>
                        <span class="glyphicon glyphicon-comment">
                        </span>
                        <span class="glyphicon glyphicon-arrow-right">
                        </span>
                        <span class="glyphicon glyphicon-envelope">
                        </span>
                     </a>
                     <a class="btn btn-primary btn-xs btn-tm-actions course-delete-for-test" data-original-title="Delete the course and its corresponding students and sessions" data-placement="top" data-toggle="tooltip" disabled="disabled" href="/page/instructorCourseDelete?courseid=CHomeUiT.CS1101&next=%2Fpage%2FinstructorHomePage&user=CHomeUiT.instructor.tmms" onclick="return toggleDeleteCourseConfirmation('CHomeUiT.CS1101')" title="">
                        Delete
                     </a>
                  </span>
               </div>
            </div>
         </div>
         <table class="table-responsive table table-striped table-bordered">
            <thead>
               <tr>
                  <th class="button-sort-none" id="button_sortname" onclick="toggleSort(this,1);">
                     Session Name
                     <span class="icon-sort unsorted">
                     </span>
                  </th>
                  <th>
                     Status
                  </th>
                  <th>
                     <span data-original-title="Number of students submitted / Class size" data-placement="top" data-toggle="tooltip" title="">
                        Response Rate
                     </span>
                  </th>
                  <th class="no-print">
                     Action(s)
                  </th>
               </tr>
            </thead>
            <tbody>
               <tr id="session6">
                  <td>
                     Fourth Eval
                  </td>
                  <td>
                     <span data-original-title="The evaluation is created but has not yet started" data-placement="top" data-toggle="tooltip" title="">
                        Awaiting
                     </span>
                  </td>
                  <td class="session-response-for-test recent">
                     0 / 4
                  </td>
                  <td class="no-print">
                     <a class="btn btn-default btn-xs btn-tm-actions session-view-for-test" data-original-title="View the current results of the evaluation" data-placement="top" data-toggle="tooltip" href="/page/instructorEvalResultsPage?courseid=CHomeUiT.CS1101&evaluationname=Fourth+Eval&user=CHomeUiT.instructor.tmms" title="">
                        View Results
                     </a>
                     <a class="btn btn-default btn-xs btn-tm-actions session-edit-for-test" data-original-title="Edit evaluation details" data-placement="top" data-toggle="tooltip" disabled="disabled" href="/page/instructorEvalEditPage?courseid=CHomeUiT.CS1101&evaluationname=Fourth+Eval&user=CHomeUiT.instructor.tmms" title="">
                        Edit
                     </a>
                     <a class="btn btn-default btn-xs btn-tm-actions session-preview-for-test" data-original-title="Preview evaluation session" data-placement="top" data-toggle="tooltip" href="/page/instructorEvalPreview?courseid=CHomeUiT.CS1101&evaluationname=Fourth+Eval&user=CHomeUiT.instructor.tmms" target="_blank" title="">
                        Preview
                     </a>
                     <a class="btn btn-default btn-xs btn-tm-actions session-delete-for-test" data-original-title="Delete the evaluation" data-placement="top" data-toggle="tooltip" disabled="disabled" href="/page/instructorEvalDelete?courseid=CHomeUiT.CS1101&evaluationname=Fourth+Eval&next=%2Fpage%2FinstructorHomePage%3Fuser%3DCHomeUiT.instructor.tmms&user=CHomeUiT.instructor.tmms" onclick="return toggleDeleteEvaluationConfirmation('CHomeUiT.CS1101','Fourth Eval');" title="">
                        Delete
                     </a>
                     <a class="btn btn-default btn-xs btn-tm-actions session-remind-for-test disabled" data-original-title="Send e-mails to remind students who have not submitted their evaluations to do so" data-placement="top" data-toggle="tooltip" href="/page/instructorEvalRemind?courseid=CHomeUiT.CS1101&evaluationname=Fourth+Eval&user=CHomeUiT.instructor.tmms" onclick="return false" title="">
                        Remind
                     </a>
                     <a class="btn btn-default btn-xs btn-tm-actions session-publish-for-test disabled" data-original-title="Publish evaluation results for students to view" data-placement="top" data-toggle="tooltip" disabled="disabled" href="/page/instructorEvalPublish?courseid=CHomeUiT.CS1101&evaluationname=Fourth+Eval&next=%2Fpage%2FinstructorHomePage%3Fuser%3DCHomeUiT.instructor.tmms&user=CHomeUiT.instructor.tmms" onclick="return false" title="">
                        Publish
                     </a>
                  </td>
               </tr>
               <tr id="session7">
                  <td>
                     Fifth Eval
                  </td>
                  <td>
                     <span data-original-title="The evaluation has started and students can submit feedback until the closing time" data-placement="top" data-toggle="tooltip" title="">
                        Open
                     </span>
                  </td>
                  <td class="session-response-for-test recent">
                     0 / 4
                  </td>
                  <td class="no-print">
                     <a class="btn btn-default btn-xs btn-tm-actions session-view-for-test" data-original-title="View the current results of the evaluation" data-placement="top" data-toggle="tooltip" href="/page/instructorEvalResultsPage?courseid=CHomeUiT.CS1101&evaluationname=Fifth+Eval&user=CHomeUiT.instructor.tmms" title="">
                        View Results
                     </a>
                     <a class="btn btn-default btn-xs btn-tm-actions session-edit-for-test" data-original-title="Edit evaluation details" data-placement="top" data-toggle="tooltip" disabled="disabled" href="/page/instructorEvalEditPage?courseid=CHomeUiT.CS1101&evaluationname=Fifth+Eval&user=CHomeUiT.instructor.tmms" title="">
                        Edit
                     </a>
                     <a class="btn btn-default btn-xs btn-tm-actions session-preview-for-test" data-original-title="Preview evaluation session" data-placement="top" data-toggle="tooltip" href="/page/instructorEvalPreview?courseid=CHomeUiT.CS1101&evaluationname=Fifth+Eval&user=CHomeUiT.instructor.tmms" target="_blank" title="">
                        Preview
                     </a>
                     <a class="btn btn-default btn-xs btn-tm-actions session-delete-for-test" data-original-title="Delete the evaluation" data-placement="top" data-toggle="tooltip" disabled="disabled" href="/page/instructorEvalDelete?courseid=CHomeUiT.CS1101&evaluationname=Fifth+Eval&next=%2Fpage%2FinstructorHomePage%3Fuser%3DCHomeUiT.instructor.tmms&user=CHomeUiT.instructor.tmms" onclick="return toggleDeleteEvaluationConfirmation('CHomeUiT.CS1101','Fifth Eval');" title="">
                        Delete
                     </a>
                     <a class="btn btn-default btn-xs btn-tm-actions session-remind-for-test" data-original-title="Send e-mails to remind students who have not submitted their evaluations to do so" data-placement="top" data-toggle="tooltip" href="/page/instructorEvalRemind?courseid=CHomeUiT.CS1101&evaluationname=Fifth+Eval&user=CHomeUiT.instructor.tmms" onclick="return toggleRemindStudents('Fifth Eval');" title="">
                        Remind
                     </a>
                     <a class="btn btn-default btn-xs btn-tm-actions session-publish-for-test disabled" data-original-title="Publish evaluation results for students to view" data-placement="top" data-toggle="tooltip" disabled="disabled" href="/page/instructorEvalPublish?courseid=CHomeUiT.CS1101&evaluationname=Fifth+Eval&next=%2Fpage%2FinstructorHomePage%3Fuser%3DCHomeUiT.instructor.tmms&user=CHomeUiT.instructor.tmms" onclick="return false" title="">
                        Publish
                     </a>
                  </td>
               </tr>
               <tr id="session8">
                  <td>
                     Third Eval
                  </td>
                  <td>
                     <span data-original-title="The evaluation has finished but the results have not been made available to the students" data-placement="top" data-toggle="tooltip" title="">
                        Closed
                     </span>
                  </td>
                  <td class="session-response-for-test">
                     <a href="/page/instructorEvalStatsPage?courseid=CHomeUiT.CS1101&evaluationname=Third+Eval&user=CHomeUiT.instructor.tmms" oncontextmenu="return false;">
                        Show
                     </a>
                  </td>
                  <td class="no-print">
                     <a class="btn btn-default btn-xs btn-tm-actions session-view-for-test" data-original-title="View the current results of the evaluation" data-placement="top" data-toggle="tooltip" href="/page/instructorEvalResultsPage?courseid=CHomeUiT.CS1101&evaluationname=Third+Eval&user=CHomeUiT.instructor.tmms" title="">
                        View Results
                     </a>
                     <a class="btn btn-default btn-xs btn-tm-actions session-edit-for-test" data-original-title="Edit evaluation details" data-placement="top" data-toggle="tooltip" disabled="disabled" href="/page/instructorEvalEditPage?courseid=CHomeUiT.CS1101&evaluationname=Third+Eval&user=CHomeUiT.instructor.tmms" title="">
                        Edit
                     </a>
                     <a class="btn btn-default btn-xs btn-tm-actions session-preview-for-test" data-original-title="Preview evaluation session" data-placement="top" data-toggle="tooltip" href="/page/instructorEvalPreview?courseid=CHomeUiT.CS1101&evaluationname=Third+Eval&user=CHomeUiT.instructor.tmms" target="_blank" title="">
                        Preview
                     </a>
                     <a class="btn btn-default btn-xs btn-tm-actions session-delete-for-test" data-original-title="Delete the evaluation" data-placement="top" data-toggle="tooltip" disabled="disabled" href="/page/instructorEvalDelete?courseid=CHomeUiT.CS1101&evaluationname=Third+Eval&next=%2Fpage%2FinstructorHomePage%3Fuser%3DCHomeUiT.instructor.tmms&user=CHomeUiT.instructor.tmms" onclick="return toggleDeleteEvaluationConfirmation('CHomeUiT.CS1101','Third Eval');" title="">
                        Delete
                     </a>
                     <a class="btn btn-default btn-xs btn-tm-actions session-remind-for-test disabled" data-original-title="Send e-mails to remind students who have not submitted their evaluations to do so" data-placement="top" data-toggle="tooltip" href="/page/instructorEvalRemind?courseid=CHomeUiT.CS1101&evaluationname=Third+Eval&user=CHomeUiT.instructor.tmms" onclick="return false" title="">
                        Remind
                     </a>
                     <a class="btn btn-default btn-xs btn-tm-actions session-publish-for-test" data-original-title="Publish evaluation results for students to view" data-placement="top" data-toggle="tooltip" disabled="disabled" href="/page/instructorEvalPublish?courseid=CHomeUiT.CS1101&evaluationname=Third+Eval&next=%2Fpage%2FinstructorHomePage%3Fuser%3DCHomeUiT.instructor.tmms&user=CHomeUiT.instructor.tmms" onclick="return togglePublishEvaluation('Third Eval');" title="">
                        Publish
                     </a>
                  </td>
               </tr>
            </tbody>
         </table>
      </div>
      <br/>
         </div>

</actual]>>
	at org.junit.Assert.assertEquals(Assert.java:115)
	at org.junit.Assert.assertEquals(Assert.java:144)
	at teammates.test.driver.HtmlHelper.assertSameHtmlPart(HtmlHelper.java:43)
	at teammates.test.pageobjects.AppPage.verifyHtmlPart(AppPage.java:822)
	at teammates.test.pageobjects.AppPage.verifyHtmlMainContent(AppPage.java:864)
	at teammates.test.pageobjects.AppPage.verifyHtmlAjax(AppPage.java:907)
	at teammates.test.cases.ui.browsertests.InstructorHomePageUiTest.testContent(InstructorHomePageUiTest.java:151)
	at teammates.test.cases.ui.browsertests.InstructorHomePageUiTest.allTests(InstructorHomePageUiTest.java:84)
	at sun.reflect.NativeMethodAccessorImpl.invoke0(Native Method)
	at sun.reflect.NativeMethodAccessorImpl.invoke(NativeMethodAccessorImpl.java:57)
	at sun.reflect.DelegatingMethodAccessorImpl.invoke(DelegatingMethodAccessorImpl.java:43)
	at java.lang.reflect.Method.invoke(Method.java:606)
	at org.testng.internal.MethodInvocationHelper.invokeMethod(MethodInvocationHelper.java:84)
	at org.testng.internal.Invoker.invokeMethod(Invoker.java:714)
	at org.testng.internal.Invoker.invokeTestMethod(Invoker.java:901)
	at org.testng.internal.Invoker.invokeTestMethods(Invoker.java:1231)
	at org.testng.internal.TestMethodWorker.invokeTestMethods(TestMethodWorker.java:127)
	at org.testng.internal.TestMethodWorker.run(TestMethodWorker.java:111)
	at java.util.concurrent.ThreadPoolExecutor.runWorker(ThreadPoolExecutor.java:1145)
	at java.util.concurrent.ThreadPoolExecutor$Worker.run(ThreadPoolExecutor.java:615)
	at java.lang.Thread.run(Thread.java:745)
]]>
    </error>
  </testcase> <!-- allTests -->
</testsuite> <!-- teammates.test.cases.ui.browsertests.InstructorHomePageUiTest -->
