<?xml version="1.0" encoding="UTF-8"?>
<!-- Generated by org.testng.reporters.JUnitReportReporter -->
<testsuite hostname="soccf-tr5-001" name="teammates.test.automated.FeedbackSessionOpeningReminderTest" tests="2" failures="0" timestamp="1 Oct 2014 11:57:39 GMT" time="3.213" errors="0">
  <testcase name="testFeedbackSessionOpeningMailAction" time="1.076" classname="teammates.test.automated.FeedbackSessionOpeningReminderTest"/>
  <testcase name="testAdditionOfTaskToTaskQueue" time="2.137" classname="teammates.test.automated.FeedbackSessionOpeningReminderTest"/>
</testsuite> <!-- teammates.test.automated.FeedbackSessionOpeningReminderTest -->
