<?xml version="1.0" encoding="UTF-8"?>
<!-- Generated by org.testng.reporters.JUnitReportReporter -->
<testsuite hostname="soccf-tr5-001" name="teammates.test.cases.logic.EmailsTest" tests="7" failures="0" timestamp="1 Oct 2014 11:57:39 GMT" time="1.810" errors="0">
  <testcase name="testGenerateFeedbackEmailBase" time="0.000" classname="teammates.test.cases.logic.EmailsTest"/>
  <testcase name="testGenerateStudentCourseJoinEmail" time="0.000" classname="teammates.test.cases.logic.EmailsTest"/>
  <testcase name="testGetEmailInfo" time="0.000" classname="teammates.test.cases.logic.EmailsTest"/>
  <testcase name="testGenerateFeedbackSessionEmails" time="1.280" classname="teammates.test.cases.logic.EmailsTest"/>
  <testcase name="testGenerateEvaluationEmailBase" time="0.359" classname="teammates.test.cases.logic.EmailsTest"/>
  <testcase name="testSystemCrashReportEmailContent" time="0.000" classname="teammates.test.cases.logic.EmailsTest"/>
  <testcase name="testGenerateEvaluationEmails" time="0.171" classname="teammates.test.cases.logic.EmailsTest"/>
</testsuite> <!-- teammates.test.cases.logic.EmailsTest -->
