<?xml version="1.0" encoding="UTF-8"?>
<!-- Generated by org.testng.reporters.JUnitReportReporter -->
<testsuite hostname="soccf-tr5-001" name="teammates.test.cases.ui.browsertests.StudentCourseDetailsPageUiTest" tests="1" failures="0" timestamp="1 Oct 2014 11:57:39 GMT" time="5.819" errors="0">
  <testcase name="testAll" time="5.819" classname="teammates.test.cases.ui.browsertests.StudentCourseDetailsPageUiTest"/>
</testsuite> <!-- teammates.test.cases.ui.browsertests.StudentCourseDetailsPageUiTest -->
