<?xml version="1.0" encoding="UTF-8"?>
<!-- Generated by org.testng.reporters.JUnitReportReporter -->
<testsuite hostname="soccf-tr5-001" name="teammates.test.cases.logic.FeedbackResponsesLogicTest" tests="1" failures="0" timestamp="8 Oct 2014 15:54:51 GMT" time="0.437" errors="0">
  <testcase name="allTests" time="0.437" classname="teammates.test.cases.logic.FeedbackResponsesLogicTest"/>
</testsuite> <!-- teammates.test.cases.logic.FeedbackResponsesLogicTest -->
