<?xml version="1.0" encoding="UTF-8"?>
<!-- Generated by org.testng.reporters.JUnitReportReporter -->
<testsuite hostname="soccf-tr5-001" name="teammates.test.cases.ui.ActivityLogTest" tests="2" failures="0" timestamp="7 Aug 2014 03:44:32 GMT" time="0.016" errors="0">
  <testcase name="testActivityLogEntryClass" time="0.016" classname="teammates.test.cases.ui.ActivityLogTest"/>
  <testcase name="testGetActionName" time="0.000" classname="teammates.test.cases.ui.ActivityLogTest"/>
</testsuite> <!-- teammates.test.cases.ui.ActivityLogTest -->
