<?xml version="1.0" encoding="UTF-8"?>
<!-- Generated by org.testng.reporters.JUnitReportReporter -->
<testsuite hostname="soccf-tr5-001" name="teammates.test.cases.logic.SubmissionsAdjustmentTest" tests="2" failures="0" timestamp="5 Nov 2014 12:23:05 GMT" time="7.536" errors="0">
  <testcase name="testEnrollStudentsWithScheduledSubmissionAdjustment" time="7.396" classname="teammates.test.cases.logic.SubmissionsAdjustmentTest"/>
  <testcase name="testAdjustmentOfResponses" time="0.140" classname="teammates.test.cases.logic.SubmissionsAdjustmentTest"/>
</testsuite> <!-- teammates.test.cases.logic.SubmissionsAdjustmentTest -->
