<?xml version="1.0" encoding="UTF-8"?>
<!-- Generated by org.testng.reporters.JUnitReportReporter -->
<testsuite hostname="soccf-tr5-001" name="teammates.test.cases.ui.browsertests.InstructorEvalEditPageUiTest" tests="1" failures="0" timestamp="20 Aug 2014 12:29:45 GMT" time="41.071" errors="0">
  <testcase name="runTestsInOrder" time="41.071" classname="teammates.test.cases.ui.browsertests.InstructorEvalEditPageUiTest"/>
</testsuite> <!-- teammates.test.cases.ui.browsertests.InstructorEvalEditPageUiTest -->
