<?xml version="1.0" encoding="UTF-8"?>
<!-- Generated by org.testng.reporters.JUnitReportReporter -->
<testsuite hostname="soccf-tr5-001" name="teammates.test.cases.storage.EvaluationsDbTest" tests="4" failures="0" timestamp="21 Aug 2014 08:55:40 GMT" time="0.095" errors="0">
  <testcase name="testCreateEvaluation" time="0.031" classname="teammates.test.cases.storage.EvaluationsDbTest"/>
  <testcase name="testUpdateEvaluation" time="0.017" classname="teammates.test.cases.storage.EvaluationsDbTest"/>
  <testcase name="testDeleteEvaluation" time="0.031" classname="teammates.test.cases.storage.EvaluationsDbTest"/>
  <testcase name="testGetEvaluation" time="0.016" classname="teammates.test.cases.storage.EvaluationsDbTest"/>
</testsuite> <!-- teammates.test.cases.storage.EvaluationsDbTest -->
