<?xml version="1.0" encoding="UTF-8"?>
<!-- Generated by org.testng.reporters.JUnitReportReporter -->
<testsuite hostname="soccf-tr5-001" name="teammates.test.cases.ui.browsertests.StudentCommentsPageUiTest" tests="1" failures="0" timestamp="22 Sep 2014 13:13:16 GMT" time="13.899" errors="0">
  <testcase name="allTests" time="13.899" classname="teammates.test.cases.ui.browsertests.StudentCommentsPageUiTest"/>
</testsuite> <!-- teammates.test.cases.ui.browsertests.StudentCommentsPageUiTest -->
