<?xml version="1.0" encoding="UTF-8"?>
<!-- Generated by org.testng.reporters.JUnitReportReporter -->
<testsuite hostname="soccf-tr5-001" name="teammates.test.cases.ui.browsertests.AutomatedSessionRemindersTest" tests="5" failures="0" timestamp="14 Sep 2014 18:19:38 GMT" time="2.995" errors="0">
  <testcase name="testFeedbackSesssionClosingReminders" time="0.749" classname="teammates.test.cases.ui.browsertests.AutomatedSessionRemindersTest"/>
  <testcase name="testFeedbackSessionOpeningReminders" time="1.108" classname="teammates.test.cases.ui.browsertests.AutomatedSessionRemindersTest"/>
  <testcase name="testEvaluationOpeningReminders" time="0.281" classname="teammates.test.cases.ui.browsertests.AutomatedSessionRemindersTest"/>
  <testcase name="testFeedbackSessionPublishedReminders" time="0.483" classname="teammates.test.cases.ui.browsertests.AutomatedSessionRemindersTest"/>
  <testcase name="testEvaluationClosingReminders" time="0.374" classname="teammates.test.cases.ui.browsertests.AutomatedSessionRemindersTest"/>
</testsuite> <!-- teammates.test.cases.ui.browsertests.AutomatedSessionRemindersTest -->
