<?xml version="1.0" encoding="UTF-8"?>
<!-- Generated by org.testng.reporters.JUnitReportReporter -->
<testsuite hostname="soccf-tr5-001" name="teammates.test.cases.ui.browsertests.StudentHomePageUiTest" tests="1" failures="0" timestamp="10 Sep 2014 13:57:38 GMT" time="71.401" errors="0">
  <testcase name="allTests" time="71.401" classname="teammates.test.cases.ui.browsertests.StudentHomePageUiTest"/>
</testsuite> <!-- teammates.test.cases.ui.browsertests.StudentHomePageUiTest -->
