<?xml version="1.0" encoding="UTF-8"?>
<!-- Generated by org.testng.reporters.JUnitReportReporter -->
<testsuite hostname="soccf-tr5-001" name="teammates.test.cases.ui.InstructorCourseEditPageActionTest" tests="1" failures="0" timestamp="29 Oct 2014 13:47:49 GMT" time="0.125" errors="0">
  <testcase name="testExecuteAndPostProcess" time="0.125" classname="teammates.test.cases.ui.InstructorCourseEditPageActionTest"/>
</testsuite> <!-- teammates.test.cases.ui.InstructorCourseEditPageActionTest -->
