<?xml version="1.0" encoding="UTF-8"?>
<!-- Generated by org.testng.reporters.JUnitReportReporter -->
<testsuite hostname="soccf-tr5-001" name="teammates.test.cases.ui.browsertests.InstructorEvalEditPageUiTest" tests="1" failures="0" timestamp="26 Sep 2014 15:57:46 GMT" time="45.396" errors="0">
  <testcase name="runTestsInOrder" time="45.396" classname="teammates.test.cases.ui.browsertests.InstructorEvalEditPageUiTest"/>
</testsuite> <!-- teammates.test.cases.ui.browsertests.InstructorEvalEditPageUiTest -->
