<?xml version="1.0" encoding="UTF-8"?>
<!-- Generated by org.testng.reporters.JUnitReportReporter -->
<testsuite hostname="soccf-tr5-001" name="teammates.test.cases.ui.InstructorCoursesPageActionTest" tests="1" failures="0" timestamp="21 Aug 2014 13:50:19 GMT" time="2.028" errors="0">
  <testcase name="testExecuteAndPostProcess" time="2.028" classname="teammates.test.cases.ui.InstructorCoursesPageActionTest"/>
</testsuite> <!-- teammates.test.cases.ui.InstructorCoursesPageActionTest -->
