<?xml version="1.0" encoding="UTF-8"?>
<!-- Generated by org.testng.reporters.JUnitReportReporter -->
<testsuite hostname="soccf-tr5-001" name="teammates.test.cases.ui.StudentEvalSubmissionEditSaveActionTest" tests="2" failures="0" timestamp="28 Aug 2014 04:33:09 GMT" time="0.234" errors="0">
  <testcase name="testValidation" time="0.093" classname="teammates.test.cases.ui.StudentEvalSubmissionEditSaveActionTest"/>
  <testcase name="testExecuteAndPostProcess" time="0.141" classname="teammates.test.cases.ui.StudentEvalSubmissionEditSaveActionTest"/>
</testsuite> <!-- teammates.test.cases.ui.StudentEvalSubmissionEditSaveActionTest -->
