<?xml version="1.0" encoding="UTF-8"?>
<!-- Generated by org.testng.reporters.JUnitReportReporter -->
<testsuite hostname="soccf-tr5-001" name="teammates.test.cases.storage.InstructorsDbTest" tests="12" failures="0" timestamp="2 Jan 2015 09:17:11 GMT" time="4.743" errors="0">
  <testcase name="testGetInstructorForEmail" time="0.016" classname="teammates.test.cases.storage.InstructorsDbTest"/>
  <testcase name="testGetInstructorsForEmail" time="0.000" classname="teammates.test.cases.storage.InstructorsDbTest"/>
  <testcase name="testUpdateInstructorByEmail" time="3.105" classname="teammates.test.cases.storage.InstructorsDbTest"/>
  <testcase name="testGetInstructorForGoogleId" time="0.078" classname="teammates.test.cases.storage.InstructorsDbTest"/>
  <testcase name="testUpdateInstructorByGoogleId" time="0.031" classname="teammates.test.cases.storage.InstructorsDbTest"/>
  <testcase name="testGetInstructorsForCourse" time="0.015" classname="teammates.test.cases.storage.InstructorsDbTest"/>
  <testcase name="testGetInstructorsForGoogleId" time="0.000" classname="teammates.test.cases.storage.InstructorsDbTest"/>
  <testcase name="testDeleteInstructorsForCourse" time="0.032" classname="teammates.test.cases.storage.InstructorsDbTest"/>
  <testcase name="testDeleteInstructorsForGoogleId" time="0.062" classname="teammates.test.cases.storage.InstructorsDbTest"/>
  <testcase name="testGetInstructorForRegistrationKey" time="0.078" classname="teammates.test.cases.storage.InstructorsDbTest"/>
  <testcase name="testCreateInstructor" time="0.000" classname="teammates.test.cases.storage.InstructorsDbTest"/>
  <testcase name="testDeleteInstructor" time="1.326" classname="teammates.test.cases.storage.InstructorsDbTest"/>
</testsuite> <!-- teammates.test.cases.storage.InstructorsDbTest -->
