<?xml version="1.0" encoding="UTF-8"?>
<!-- Generated by org.testng.reporters.JUnitReportReporter -->
<testsuite hostname="soccf-tr5-001" name="teammates.test.cases.logic.CommentsLogicTest" tests="4" failures="0" timestamp="26 Sep 2014 15:21:30 GMT" time="0.546" errors="0">
  <testcase name="testUpdateComment" time="0.016" classname="teammates.test.cases.logic.CommentsLogicTest"/>
  <testcase name="testGetComments" time="0.483" classname="teammates.test.cases.logic.CommentsLogicTest"/>
  <testcase name="testDeleteComment" time="0.016" classname="teammates.test.cases.logic.CommentsLogicTest"/>
  <testcase name="testCreateComment" time="0.031" classname="teammates.test.cases.logic.CommentsLogicTest"/>
</testsuite> <!-- teammates.test.cases.logic.CommentsLogicTest -->
