<?xml version="1.0" encoding="UTF-8"?>
<!-- Generated by org.testng.reporters.JUnitReportReporter -->
<testsuite hostname="soccf-tr5-001" name="teammates.test.cases.storage.SubmissionsDbTest" tests="4" failures="0" timestamp="6 Aug 2014 07:33:51 GMT" time="0.093" errors="0">
  <testcase name="testGetSubmission" time="0.015" classname="teammates.test.cases.storage.SubmissionsDbTest"/>
  <testcase name="testCreateSubmission" time="0.031" classname="teammates.test.cases.storage.SubmissionsDbTest"/>
  <testcase name="testEditSubmission" time="0.016" classname="teammates.test.cases.storage.SubmissionsDbTest"/>
  <testcase name="testDeleteSubmission" time="0.031" classname="teammates.test.cases.storage.SubmissionsDbTest"/>
</testsuite> <!-- teammates.test.cases.storage.SubmissionsDbTest -->
