<?xml version="1.0" encoding="UTF-8"?>
<!-- Generated by org.testng.reporters.JUnitReportReporter -->
<testsuite hostname="soccf-tr5-001" name="teammates.test.cases.ui.InstructorFeedbackSubmissionEditSaveActionTest" tests="2" failures="0" timestamp="3 Sep 2014 15:24:39 GMT" time="2.309" errors="0">
  <testcase name="testGracePeriodExecuteAndPostProcess" time="0.093" classname="teammates.test.cases.ui.InstructorFeedbackSubmissionEditSaveActionTest"/>
  <testcase name="testExecuteAndPostProcess" time="2.216" classname="teammates.test.cases.ui.InstructorFeedbackSubmissionEditSaveActionTest"/>
</testsuite> <!-- teammates.test.cases.ui.InstructorFeedbackSubmissionEditSaveActionTest -->
