<?xml version="1.0" encoding="UTF-8"?>
<!-- Generated by org.testng.reporters.JUnitReportReporter -->
<testsuite hostname="soccf-tr5-001" name="teammates.test.cases.storage.FeedbackQuestionsDbTest" tests="5" failures="0" timestamp="20 Aug 2014 12:29:45 GMT" time="0.602" errors="0">
  <testcase name="testGetFeedbackQuestionsForGiverType" time="0.190" classname="teammates.test.cases.storage.FeedbackQuestionsDbTest"/>
  <testcase name="testUpdateFeedbackQuestion" time="0.032" classname="teammates.test.cases.storage.FeedbackQuestionsDbTest"/>
  <testcase name="testCreateDeleteFeedbackQuestion" time="0.032" classname="teammates.test.cases.storage.FeedbackQuestionsDbTest"/>
  <testcase name="testGetFeedbackQuestionsForSession" time="0.332" classname="teammates.test.cases.storage.FeedbackQuestionsDbTest"/>
  <testcase name="testGetFeedbackQuestions" time="0.016" classname="teammates.test.cases.storage.FeedbackQuestionsDbTest"/>
</testsuite> <!-- teammates.test.cases.storage.FeedbackQuestionsDbTest -->
