<?xml version="1.0" encoding="UTF-8"?>
<!-- Generated by org.testng.reporters.JUnitReportReporter -->
<testsuite hostname="soccf-tr5-001" name="teammates.test.cases.ui.browsertests.GodModeTest" tests="1" failures="0" timestamp="7 Aug 2014 04:48:38 GMT" time="0.546" errors="0">
  <testcase name="testGodMode" time="0.546" classname="teammates.test.cases.ui.browsertests.GodModeTest"/>
</testsuite> <!-- teammates.test.cases.ui.browsertests.GodModeTest -->
