<?xml version="1.0" encoding="UTF-8"?>
<!-- Generated by org.testng.reporters.JUnitReportReporter -->
<testsuite hostname="soccf-tr5-001" name="teammates.test.cases.ui.InstructorFeedbackSubmissionEditSaveActionTest" tests="2" failures="0" timestamp="14 Sep 2014 17:55:08 GMT" time="2.839" errors="0">
  <testcase name="testExecuteAndPostProcess" time="2.699" classname="teammates.test.cases.ui.InstructorFeedbackSubmissionEditSaveActionTest"/>
  <testcase name="testGracePeriodExecuteAndPostProcess" time="0.140" classname="teammates.test.cases.ui.InstructorFeedbackSubmissionEditSaveActionTest"/>
</testsuite> <!-- teammates.test.cases.ui.InstructorFeedbackSubmissionEditSaveActionTest -->
