<?xml version="1.0" encoding="UTF-8"?>
<!-- Generated by org.testng.reporters.JUnitReportReporter -->
<testsuite hostname="soccf-tr5-001" name="teammates.test.cases.ui.browsertests.TableSortTest" tests="6" failures="0" timestamp="15 Sep 2014 10:43:01 GMT" time="2.980" errors="0">
  <testcase name="testTableSortingID" time="0.281" classname="teammates.test.cases.ui.browsertests.TableSortTest"/>
  <testcase name="testTableSortingDate" time="0.218" classname="teammates.test.cases.ui.browsertests.TableSortTest"/>
  <testcase name="testStableSort" time="0.608" classname="teammates.test.cases.ui.browsertests.TableSortTest"/>
  <testcase name="testTableSortingDiff" time="0.360" classname="teammates.test.cases.ui.browsertests.TableSortTest"/>
  <testcase name="testTableSortingName" time="0.234" classname="teammates.test.cases.ui.browsertests.TableSortTest"/>
  <testcase name="testTableSortingPoint" time="1.279" classname="teammates.test.cases.ui.browsertests.TableSortTest"/>
</testsuite> <!-- teammates.test.cases.ui.browsertests.TableSortTest -->
