<?xml version="1.0" encoding="UTF-8"?>
<!-- Generated by org.testng.reporters.JUnitReportReporter -->
<testsuite hostname="soccf-tr5-001" name="teammates.test.cases.ui.browsertests.InstructorCourseEnrollPageUiTest" tests="1" failures="0" timestamp="7 Aug 2014 03:44:31 GMT" time="54.064" errors="0">
  <testcase name="testInstructorCourseEnrollPage" time="54.064" classname="teammates.test.cases.ui.browsertests.InstructorCourseEnrollPageUiTest"/>
</testsuite> <!-- teammates.test.cases.ui.browsertests.InstructorCourseEnrollPageUiTest -->
