<?xml version="1.0" encoding="UTF-8"?>
<!-- Generated by org.testng.reporters.JUnitReportReporter -->
<testsuite hostname="soccf-tr5-001" name="teammates.test.cases.ui.browsertests.InstructorFeedbackResultsPageUiTest" tests="1" failures="0" timestamp="15 Sep 2014 10:47:27 GMT" time="187.437" errors="0">
  <testcase name="testAll" time="187.437" classname="teammates.test.cases.ui.browsertests.InstructorFeedbackResultsPageUiTest"/>
</testsuite> <!-- teammates.test.cases.ui.browsertests.InstructorFeedbackResultsPageUiTest -->
