<?xml version="1.0" encoding="UTF-8"?>
<!-- Generated by org.testng.reporters.JUnitReportReporter -->
<testsuite hostname="soccf-tr5-001" name="teammates.test.cases.logic.SubmissionsAdjustmentTest" tests="2" failures="0" timestamp="24 Sep 2014 13:40:10 GMT" time="7.333" errors="0">
  <testcase name="testEnrollStudentsWithScheduledSubmissionAdjustment" time="7.224" classname="teammates.test.cases.logic.SubmissionsAdjustmentTest"/>
  <testcase name="testAdjustmentOfResponses" time="0.109" classname="teammates.test.cases.logic.SubmissionsAdjustmentTest"/>
</testsuite> <!-- teammates.test.cases.logic.SubmissionsAdjustmentTest -->
