<?xml version="1.0" encoding="UTF-8"?>
<!-- Generated by org.testng.reporters.JUnitReportReporter -->
<testsuite hostname="soccf-tr5-001" name="teammates.test.cases.storage.InstructorsDbTest" tests="12" failures="0" timestamp="5 Nov 2014 12:23:05 GMT" time="0.703" errors="0">
  <testcase name="testDeleteInstructorsForCourse" time="0.016" classname="teammates.test.cases.storage.InstructorsDbTest"/>
  <testcase name="testGetInstructorForGoogleId" time="0.000" classname="teammates.test.cases.storage.InstructorsDbTest"/>
  <testcase name="testGetInstructorForRegistrationKey" time="0.015" classname="teammates.test.cases.storage.InstructorsDbTest"/>
  <testcase name="testGetInstructorsForCourse" time="0.000" classname="teammates.test.cases.storage.InstructorsDbTest"/>
  <testcase name="testGetInstructorForEmail" time="0.016" classname="teammates.test.cases.storage.InstructorsDbTest"/>
  <testcase name="testDeleteInstructorsForGoogleId" time="0.000" classname="teammates.test.cases.storage.InstructorsDbTest"/>
  <testcase name="testGetInstructorsForEmail" time="0.000" classname="teammates.test.cases.storage.InstructorsDbTest"/>
  <testcase name="testUpdateInstructorByGoogleId" time="0.031" classname="teammates.test.cases.storage.InstructorsDbTest"/>
  <testcase name="testDeleteInstructor" time="0.141" classname="teammates.test.cases.storage.InstructorsDbTest"/>
  <testcase name="testGetInstructorsForGoogleId" time="0.016" classname="teammates.test.cases.storage.InstructorsDbTest"/>
  <testcase name="testUpdateInstructorByEmail" time="0.452" classname="teammates.test.cases.storage.InstructorsDbTest"/>
  <testcase name="testCreateInstructor" time="0.016" classname="teammates.test.cases.storage.InstructorsDbTest"/>
</testsuite> <!-- teammates.test.cases.storage.InstructorsDbTest -->
