<?xml version="1.0" encoding="UTF-8"?>
<!-- Generated by org.testng.reporters.JUnitReportReporter -->
<testsuite hostname="soccf-tr5-001" name="teammates.test.cases.storage.FeedbackSessionsDbTest" tests="3" failures="0" timestamp="6 Aug 2014 08:31:51 GMT" time="0.066" errors="0">
  <testcase name="testCreateDeleteFeedbackSession" time="0.018" classname="teammates.test.cases.storage.FeedbackSessionsDbTest"/>
  <testcase name="testUpdateFeedbackSession" time="0.020" classname="teammates.test.cases.storage.FeedbackSessionsDbTest"/>
  <testcase name="testAllGetFeedbackSessions" time="0.028" classname="teammates.test.cases.storage.FeedbackSessionsDbTest"/>
</testsuite> <!-- teammates.test.cases.storage.FeedbackSessionsDbTest -->
