<?xml version="1.0" encoding="UTF-8"?>
<!-- Generated by org.testng.reporters.JUnitReportReporter -->
<testsuite hostname="soccf-tr5-001" name="teammates.test.cases.ui.browsertests.AdminHomePageUiTest" tests="1" failures="0" timestamp="6 Aug 2014 08:31:51 GMT" time="216.091" errors="0">
  <testcase name="testAll" time="216.091" classname="teammates.test.cases.ui.browsertests.AdminHomePageUiTest"/>
</testsuite> <!-- teammates.test.cases.ui.browsertests.AdminHomePageUiTest -->
