<?xml version="1.0" encoding="UTF-8"?>
<!-- Generated by org.testng.reporters.JUnitReportReporter -->
<testsuite hostname="soccf-tr5-001" name="teammates.test.cases.ui.browsertests.InstructorCourseDetailsPageUiTest" tests="1" failures="0" timestamp="5 Nov 2014 12:23:05 GMT" time="100.120" errors="0">
  <testcase name="allTests" time="100.120" classname="teammates.test.cases.ui.browsertests.InstructorCourseDetailsPageUiTest"/>
</testsuite> <!-- teammates.test.cases.ui.browsertests.InstructorCourseDetailsPageUiTest -->
