<?xml version="1.0" encoding="UTF-8"?>
<!-- Generated by org.testng.reporters.JUnitReportReporter -->
<testsuite hostname="soccf-tr5-001" name="teammates.test.cases.ui.InstructorFeedbackAddActionTest" tests="1" failures="0" timestamp="8 Oct 2014 10:45:32 GMT" time="1.092" errors="0">
  <testcase name="testExecuteAndPostProcess" time="1.092" classname="teammates.test.cases.ui.InstructorFeedbackAddActionTest"/>
</testsuite> <!-- teammates.test.cases.ui.InstructorFeedbackAddActionTest -->
