<?xml version="1.0" encoding="UTF-8"?>
<!-- Generated by org.testng.reporters.JUnitReportReporter -->
<testsuite hostname="soccf-tr5-001" name="teammates.test.cases.testdriver.DataBundleTest" tests="1" failures="0" timestamp="3 Sep 2014 12:02:56 GMT" time="0.015" errors="0">
  <testcase name="testDataBundle" time="0.015" classname="teammates.test.cases.testdriver.DataBundleTest"/>
</testsuite> <!-- teammates.test.cases.testdriver.DataBundleTest -->
