<?xml version="1.0" encoding="UTF-8"?>
<!-- Generated by org.testng.reporters.JUnitReportReporter -->
<testsuite hostname="soccf-tr5-001" name="teammates.test.cases.common.CourseRosterTest" tests="1" failures="0" timestamp="23 Aug 2014 14:33:18 GMT" time="0.015" errors="0">
  <testcase name="allTests" time="0.015" classname="teammates.test.cases.common.CourseRosterTest"/>
</testsuite> <!-- teammates.test.cases.common.CourseRosterTest -->
