<?xml version="1.0" encoding="UTF-8"?>
<!-- Generated by org.testng.reporters.JUnitReportReporter -->
<testsuite hostname="soccf-tr5-001" name="teammates.test.cases.common.FeedbackSessionAttributesTest" tests="2" failures="0" timestamp="24 Sep 2014 12:50:21 GMT" time="0.000" errors="0">
  <testcase name="testValidate" time="0.000" classname="teammates.test.cases.common.FeedbackSessionAttributesTest"/>
  <testcase name="testBasicGetters" time="0.000" classname="teammates.test.cases.common.FeedbackSessionAttributesTest"/>
</testsuite> <!-- teammates.test.cases.common.FeedbackSessionAttributesTest -->
