<?xml version="1.0" encoding="UTF-8"?>
<!-- Generated by org.testng.reporters.JUnitReportReporter -->
<testsuite hostname="soccf-tr5-001" name="teammates.test.cases.ui.browsertests.StudentCommentsPageUiTest" tests="1" failures="0" timestamp="10 Sep 2014 12:56:05 GMT" time="12.215" errors="0">
  <testcase name="allTests" time="12.215" classname="teammates.test.cases.ui.browsertests.StudentCommentsPageUiTest"/>
</testsuite> <!-- teammates.test.cases.ui.browsertests.StudentCommentsPageUiTest -->
