<?xml version="1.0" encoding="UTF-8"?>
<!-- Generated by org.testng.reporters.JUnitReportReporter -->
<testsuite hostname="soccf-tr5-001" name="teammates.test.cases.ui.StudentFeedbackSubmissionEditSaveActionTest" tests="2" failures="0" timestamp="26 Sep 2014 15:57:46 GMT" time="3.370" errors="0">
  <testcase name="testGracePeriodExecuteAndPostProcess" time="0.141" classname="teammates.test.cases.ui.StudentFeedbackSubmissionEditSaveActionTest"/>
  <testcase name="testExecuteAndPostProcess" time="3.229" classname="teammates.test.cases.ui.StudentFeedbackSubmissionEditSaveActionTest"/>
</testsuite> <!-- teammates.test.cases.ui.StudentFeedbackSubmissionEditSaveActionTest -->
