<?xml version="1.0" encoding="UTF-8"?>
<!-- Generated by org.testng.reporters.JUnitReportReporter -->
<testsuite hostname="soccf-tr5-001" name="teammates.test.cases.ui.browsertests.StudentHomePageUiTest" tests="1" failures="0" timestamp="26 Sep 2014 15:28:12 GMT" time="69.731" errors="0">
  <testcase name="allTests" time="69.731" classname="teammates.test.cases.ui.browsertests.StudentHomePageUiTest"/>
</testsuite> <!-- teammates.test.cases.ui.browsertests.StudentHomePageUiTest -->
