<?xml version="1.0" encoding="UTF-8"?>
<!-- Generated by org.testng.reporters.JUnitReportReporter -->
<testsuite hostname="soccf-tr5-001" name="teammates.test.cases.ui.browsertests.StudentProfilePageUiTest" tests="1" failures="0" timestamp="25 Feb 2015 13:21:15 GMT" time="49.050" errors="1">
  <testcase name="allTests" time="49.050" classname="teammates.test.cases.ui.browsertests.StudentProfilePageUiTest">
    <error type="org.junit.ComparisonFailure" message="expected:&lt;&lt;[expected&gt;
   &lt;div class=&quot;container&quot; id=&quot;frameBodyWrapper&quot;&gt;
      &lt;div class=&quot;row&quot;&gt;
         &lt;div class=&quot;alert alert-warning col-md-4 col-md-offset-4&quot;&gt;
            &lt;img src=&quot;/images/puzzled.png&quot; style=&quot;float: left; margin: 0 10px 10px 0; height: 90px;&quot;/&gt;
                        &lt;p&gt;
               We could not locate what you were trying to access.
               &lt;br/&gt;
                              &lt;br/&gt;
                              Make sure that the URL is correct, and you are a registered user of TEAMMATES. [
               &lt;a href=&quot;/logout.jsp&quot;&gt;
                  Logout
               &lt;/a&gt;
               ]
            &lt;/p&gt;
         &lt;/div&gt;
      &lt;/div&gt;
   &lt;/div&gt;

&lt;/expected]&gt;&gt; but was:&lt;&lt;[actual&gt;
   &lt;div class=&quot;container&quot; id=&quot;frameBodyWrapper&quot;&gt;
      &lt;div class=&quot;row&quot;&gt;
         &lt;div class=&quot;alert alert-warning col-md-6 col-md-offset-3&quot;&gt;
            &lt;img src=&quot;/images/puzzled.png&quot; style=&quot;float: left; margin: 0 10px 10px 0; height: 90px;&quot;/&gt;
                        &lt;p&gt;
               &lt;br/&gt;
                              &lt;br/&gt;
                              TEAMMATES could not locate what you were trying to access.
               &lt;br/&gt;
                              &lt;br/&gt;
                              &lt;br/&gt;
                              &lt;br/&gt;
                              Possible reasons include:
            &lt;/p&gt;
            &lt;ul&gt;
               &lt;li&gt;
                  You clicked on a link received in email, but the link was mangled by the
                                email software. Try copy-pasting the entire link into the Browser address
                                bar.
               &lt;/li&gt;
               &lt;li&gt;
                  The entity (e.g. course, session) you were trying to access was deleted
                                by an instructor after the link was sent to you by TEAMMATES.
                  &lt;br/&gt;
                                    &lt;br/&gt;
                                 &lt;/li&gt;
            &lt;/ul&gt;
            If the problem persists, contact TEAMMATES support at
            &lt;a&gt;
               teammates@comp.nus.edu.sg
            &lt;/a&gt;
            &lt;br/&gt;
                        &lt;br/&gt;
                        &lt;b&gt;
               Note:
            &lt;/b&gt;
            If the problematic link was received via email,
                        remember to copy-paste that email content when contacting TEAMMATES
                        support.
            &lt;br/&gt;
                        &lt;br/&gt;
                        If you are a registered user you can go back to the
            &lt;a href=&quot;/page/studentHomePage&quot;&gt;
               home page
            &lt;/a&gt;
            &lt;br/&gt;
                        &lt;br/&gt;
                        &lt;p&gt;
            &lt;/p&gt;
         &lt;/div&gt;
      &lt;/div&gt;
   &lt;/div&gt;

&lt;/actual]&gt;&gt;">
      <![CDATA[org.junit.ComparisonFailure: expected:<<[expected>
   <div class="container" id="frameBodyWrapper">
      <div class="row">
         <div class="alert alert-warning col-md-4 col-md-offset-4">
            <img src="/images/puzzled.png" style="float: left; margin: 0 10px 10px 0; height: 90px;"/>
                        <p>
               We could not locate what you were trying to access.
               <br/>
                              <br/>
                              Make sure that the URL is correct, and you are a registered user of TEAMMATES. [
               <a href="/logout.jsp">
                  Logout
               </a>
               ]
            </p>
         </div>
      </div>
   </div>

</expected]>> but was:<<[actual>
   <div class="container" id="frameBodyWrapper">
      <div class="row">
         <div class="alert alert-warning col-md-6 col-md-offset-3">
            <img src="/images/puzzled.png" style="float: left; margin: 0 10px 10px 0; height: 90px;"/>
                        <p>
               <br/>
                              <br/>
                              TEAMMATES could not locate what you were trying to access.
               <br/>
                              <br/>
                              <br/>
                              <br/>
                              Possible reasons include:
            </p>
            <ul>
               <li>
                  You clicked on a link received in email, but the link was mangled by the
                                email software. Try copy-pasting the entire link into the Browser address
                                bar.
               </li>
               <li>
                  The entity (e.g. course, session) you were trying to access was deleted
                                by an instructor after the link was sent to you by TEAMMATES.
                  <br/>
                                    <br/>
                                 </li>
            </ul>
            If the problem persists, contact TEAMMATES support at
            <a>
               teammates@comp.nus.edu.sg
            </a>
            <br/>
                        <br/>
                        <b>
               Note:
            </b>
            If the problematic link was received via email,
                        remember to copy-paste that email content when contacting TEAMMATES
                        support.
            <br/>
                        <br/>
                        If you are a registered user you can go back to the
            <a href="/page/studentHomePage">
               home page
            </a>
            <br/>
                        <br/>
                        <p>
            </p>
         </div>
      </div>
   </div>

</actual]>>
	at org.junit.Assert.assertEquals(Assert.java:115)
	at org.junit.Assert.assertEquals(Assert.java:144)
	at teammates.test.driver.HtmlHelper.assertSameHtmlPart(HtmlHelper.java:43)
	at teammates.test.pageobjects.AppPage.verifyHtmlPart(AppPage.java:821)
	at teammates.test.pageobjects.StudentProfilePicturePage.verifyIsEntityNotFoundErrorPage(StudentProfilePicturePage.java:39)
	at teammates.test.cases.ui.browsertests.StudentProfilePageUiTest.testAjaxPictureUrl(StudentProfilePageUiTest.java:197)
	at teammates.test.cases.ui.browsertests.StudentProfilePageUiTest.allTests(StudentProfilePageUiTest.java:46)
	at sun.reflect.NativeMethodAccessorImpl.invoke0(Native Method)
	at sun.reflect.NativeMethodAccessorImpl.invoke(NativeMethodAccessorImpl.java:57)
	at sun.reflect.DelegatingMethodAccessorImpl.invoke(DelegatingMethodAccessorImpl.java:43)
	at java.lang.reflect.Method.invoke(Method.java:606)
	at org.testng.internal.MethodInvocationHelper.invokeMethod(MethodInvocationHelper.java:84)
	at org.testng.internal.Invoker.invokeMethod(Invoker.java:714)
	at org.testng.internal.Invoker.invokeTestMethod(Invoker.java:901)
	at org.testng.internal.Invoker.invokeTestMethods(Invoker.java:1231)
	at org.testng.internal.TestMethodWorker.invokeTestMethods(TestMethodWorker.java:127)
	at org.testng.internal.TestMethodWorker.run(TestMethodWorker.java:111)
	at java.util.concurrent.ThreadPoolExecutor.runWorker(ThreadPoolExecutor.java:1145)
	at java.util.concurrent.ThreadPoolExecutor$Worker.run(ThreadPoolExecutor.java:615)
	at java.lang.Thread.run(Thread.java:745)
]]>
    </error>
  </testcase> <!-- allTests -->
</testsuite> <!-- teammates.test.cases.ui.browsertests.StudentProfilePageUiTest -->
