<?xml version="1.0" encoding="UTF-8"?>
<!-- Generated by org.testng.reporters.JUnitReportReporter -->
<testsuite hostname="soccf-tr5-001" name="teammates.test.cases.logic.FeedbackSessionsLogicTest" tests="1" failures="0" timestamp="2 Jan 2015 09:31:31 GMT" time="4.276" errors="1">
  <testcase name="testAll" time="4.276" classname="teammates.test.cases.logic.FeedbackSessionsLogicTest">
    <error type="java.lang.AssertionError" message="expected:&lt;FeedbackSessionAttributes [feedbackSessionName=First feedback session, courseId=idOfTypicalCourse1, creatorEmail=instructor1@course1.tmt, instructions=&lt;Text: Please please fill in the following questions.&gt;, startTime=Wed Dec 31 09:29:20 UTC 2014, endTime=Thu Jan 01 09:29:20 UTC 2015, sessionVisibleFromTime=Wed Mar 28 23:59:00 UTC 2012, resultsVisibleFromTime=Fri Jan 02 09:29:23 UTC 2015, timeZone=0.0, gracePeriod=10, feedbackSessionType=STANDARD, sentOpenEmail=false, sentPublishedEmail=true, isOpeningEmailEnabled=true, isClosingEmailEnabled=true, isPublishedEmailEnabled=true]&gt; but was:&lt;FeedbackSessionAttributes [feedbackSessionName=First feedback session, courseId=idOfTypicalCourse1, creatorEmail=instructor1@course1.tmt, instructions=&lt;Text: Please please fill in the following questions.&gt;, startTime=Wed Dec 31 09:29:20 UTC 2014, endTime=Thu Jan 01 09:29:20 UTC 2015, sessionVisibleFromTime=Wed Mar 28 23:59:00 UTC 2012, resultsVisibleFromTime=Fri Jan 02 09:29:23 UTC 2015, timeZone=0.0, gracePeriod=10, feedbackSessionType=STANDARD, sentOpenEmail=false, sentPublishedEmail=false, isOpeningEmailEnabled=true, isClosingEmailEnabled=true, isPublishedEmailEnabled=true]&gt;">
      <![CDATA[java.lang.AssertionError: expected:<FeedbackSessionAttributes [feedbackSessionName=First feedback session, courseId=idOfTypicalCourse1, creatorEmail=instructor1@course1.tmt, instructions=<Text: Please please fill in the following questions.>, startTime=Wed Dec 31 09:29:20 UTC 2014, endTime=Thu Jan 01 09:29:20 UTC 2015, sessionVisibleFromTime=Wed Mar 28 23:59:00 UTC 2012, resultsVisibleFromTime=Fri Jan 02 09:29:23 UTC 2015, timeZone=0.0, gracePeriod=10, feedbackSessionType=STANDARD, sentOpenEmail=false, sentPublishedEmail=true, isOpeningEmailEnabled=true, isClosingEmailEnabled=true, isPublishedEmailEnabled=true]> but was:<FeedbackSessionAttributes [feedbackSessionName=First feedback session, courseId=idOfTypicalCourse1, creatorEmail=instructor1@course1.tmt, instructions=<Text: Please please fill in the following questions.>, startTime=Wed Dec 31 09:29:20 UTC 2014, endTime=Thu Jan 01 09:29:20 UTC 2015, sessionVisibleFromTime=Wed Mar 28 23:59:00 UTC 2012, resultsVisibleFromTime=Fri Jan 02 09:29:23 UTC 2015, timeZone=0.0, gracePeriod=10, feedbackSessionType=STANDARD, sentOpenEmail=false, sentPublishedEmail=false, isOpeningEmailEnabled=true, isClosingEmailEnabled=true, isPublishedEmailEnabled=true]>
	at org.testng.AssertJUnit.assertEquals(AssertJUnit.java:101)
	at org.testng.AssertJUnit.assertEquals(AssertJUnit.java:108)
	at teammates.test.cases.logic.FeedbackSessionsLogicTest.testPublishUnpublishFeedbackSession(FeedbackSessionsLogicTest.java:1613)
	at teammates.test.cases.logic.FeedbackSessionsLogicTest.testAll(FeedbackSessionsLogicTest.java:109)
	at sun.reflect.NativeMethodAccessorImpl.invoke0(Native Method)
	at sun.reflect.NativeMethodAccessorImpl.invoke(NativeMethodAccessorImpl.java:57)
	at sun.reflect.DelegatingMethodAccessorImpl.invoke(DelegatingMethodAccessorImpl.java:43)
	at java.lang.reflect.Method.invoke(Method.java:606)
	at org.testng.internal.MethodInvocationHelper.invokeMethod(MethodInvocationHelper.java:84)
	at org.testng.internal.Invoker.invokeMethod(Invoker.java:714)
	at org.testng.internal.Invoker.invokeTestMethod(Invoker.java:901)
	at org.testng.internal.Invoker.invokeTestMethods(Invoker.java:1231)
	at org.testng.internal.TestMethodWorker.invokeTestMethods(TestMethodWorker.java:127)
	at org.testng.internal.TestMethodWorker.run(TestMethodWorker.java:111)
	at org.testng.TestRunner.privateRun(TestRunner.java:767)
	at org.testng.TestRunner.run(TestRunner.java:617)
	at org.testng.SuiteRunner.runTest(SuiteRunner.java:334)
	at org.testng.SuiteRunner.access$000(SuiteRunner.java:37)
	at org.testng.SuiteRunner$SuiteWorker.run(SuiteRunner.java:368)
	at org.testng.internal.thread.ThreadUtil$2.call(ThreadUtil.java:64)
	at java.util.concurrent.FutureTask.run(FutureTask.java:262)
	at java.util.concurrent.ThreadPoolExecutor.runWorker(ThreadPoolExecutor.java:1145)
	at java.util.concurrent.ThreadPoolExecutor$Worker.run(ThreadPoolExecutor.java:615)
	at java.lang.Thread.run(Thread.java:745)
]]>
    </error>
  </testcase> <!-- testAll -->
</testsuite> <!-- teammates.test.cases.logic.FeedbackSessionsLogicTest -->
