<?xml version="1.0" encoding="UTF-8"?>
<!-- Generated by org.testng.reporters.JUnitReportReporter -->
<testsuite hostname="soccf-tr5-001" name="teammates.test.cases.logic.StudentsLogicTest" tests="1" failures="0" timestamp="10 Sep 2014 13:54:47 GMT" time="1.201" errors="0">
  <testcase name="testAll" time="1.201" classname="teammates.test.cases.logic.StudentsLogicTest"/>
</testsuite> <!-- teammates.test.cases.logic.StudentsLogicTest -->
