<?xml version="1.0" encoding="UTF-8"?>
<!-- Generated by org.testng.reporters.JUnitReportReporter -->
<testsuite hostname="soccf-tr5-001" name="teammates.test.cases.ui.InstructorFeedbackQuestionEditActionTest" tests="7" failures="0" timestamp="22 Sep 2014 13:13:16 GMT" time="12.464" errors="0">
  <testcase name="testExecuteAndPostProcessNumScale" time="1.825" classname="teammates.test.cases.ui.InstructorFeedbackQuestionEditActionTest"/>
  <testcase name="testExecuteAndPostProcessConstSumRecipient" time="2.184" classname="teammates.test.cases.ui.InstructorFeedbackQuestionEditActionTest"/>
  <testcase name="testExecuteAndPostProcessMcq" time="1.840" classname="teammates.test.cases.ui.InstructorFeedbackQuestionEditActionTest"/>
  <testcase name="testExecuteAndPostProcessMsq" time="2.184" classname="teammates.test.cases.ui.InstructorFeedbackQuestionEditActionTest"/>
  <testcase name="testExecuteAndPostProcess" time="0.421" classname="teammates.test.cases.ui.InstructorFeedbackQuestionEditActionTest"/>
  <testcase name="testExecuteAndPostProcessConstSumOption" time="1.857" classname="teammates.test.cases.ui.InstructorFeedbackQuestionEditActionTest"/>
  <testcase name="testExecuteAndPostProcessContributionQuestion" time="2.153" classname="teammates.test.cases.ui.InstructorFeedbackQuestionEditActionTest"/>
</testsuite> <!-- teammates.test.cases.ui.InstructorFeedbackQuestionEditActionTest -->
