<?xml version="1.0" encoding="UTF-8"?>
<!-- Generated by org.testng.reporters.JUnitReportReporter -->
<testsuite hostname="soccf-tr5-001" name="teammates.test.cases.logic.BackDoorLogicTest" tests="2" failures="0" timestamp="11 Sep 2014 06:11:54 GMT" time="1.795" errors="0">
  <testcase name="testPersistDataBundle" time="1.748" classname="teammates.test.cases.logic.BackDoorLogicTest"/>
  <testcase name="testGetSubmission" time="0.047" classname="teammates.test.cases.logic.BackDoorLogicTest"/>
</testsuite> <!-- teammates.test.cases.logic.BackDoorLogicTest -->
