<?xml version="1.0" encoding="UTF-8"?>
<!-- Generated by org.testng.reporters.JUnitReportReporter -->
<testsuite hostname="soccf-tr5-001" name="teammates.test.cases.common.BuildPropertiesTest" tests="2" failures="0" timestamp="6 Aug 2014 08:31:50 GMT" time="0.021" errors="0">
  <testcase name="checkReadingEmailTemplates" time="0.021" classname="teammates.test.cases.common.BuildPropertiesTest"/>
  <testcase name="checkPresence" time="0.000" classname="teammates.test.cases.common.BuildPropertiesTest"/>
</testsuite> <!-- teammates.test.cases.common.BuildPropertiesTest -->
