<?xml version="1.0" encoding="UTF-8"?>
<!-- Generated by org.testng.reporters.JUnitReportReporter -->
<testsuite hostname="soccf-tr5-001" name="teammates.test.cases.ui.InstructorCourseInstructorAddActionTest" tests="1" failures="0" timestamp="6 Aug 2014 08:31:50 GMT" time="0.109" errors="0">
  <testcase name="testExecuteAndPostProcess" time="0.109" classname="teammates.test.cases.ui.InstructorCourseInstructorAddActionTest"/>
</testsuite> <!-- teammates.test.cases.ui.InstructorCourseInstructorAddActionTest -->
