<?xml version="1.0" encoding="UTF-8"?>
<!-- Generated by org.testng.reporters.JUnitReportReporter -->
<testsuite hostname="soccf-tr5-001" name="teammates.test.cases.logic.FeedbackQuestionsLogicTest" tests="1" failures="0" timestamp="28 Aug 2014 04:33:09 GMT" time="0.343" errors="0">
  <testcase name="allTests" time="0.343" classname="teammates.test.cases.logic.FeedbackQuestionsLogicTest"/>
</testsuite> <!-- teammates.test.cases.logic.FeedbackQuestionsLogicTest -->
