<?xml version="1.0" encoding="UTF-8"?>
<!-- Generated by org.testng.reporters.JUnitReportReporter -->
<testsuite hostname="soccf-tr5-001" name="teammates.test.automated.FeedbackSessionOpeningReminderTest" tests="2" failures="0" timestamp="29 Oct 2014 17:34:19 GMT" time="3.526" errors="0">
  <testcase name="testAdditionOfTaskToTaskQueue" time="2.247" classname="teammates.test.automated.FeedbackSessionOpeningReminderTest"/>
  <testcase name="testFeedbackSessionOpeningMailAction" time="1.279" classname="teammates.test.automated.FeedbackSessionOpeningReminderTest"/>
</testsuite> <!-- teammates.test.automated.FeedbackSessionOpeningReminderTest -->
