<?xml version="1.0" encoding="UTF-8"?>
<!-- Generated by org.testng.reporters.JUnitReportReporter -->
<testsuite hostname="soccf-tr5-001" name="teammates.test.cases.logic.BackDoorLogicTest" tests="2" failures="0" timestamp="8 Oct 2014 11:52:49 GMT" time="2.230" errors="0">
  <testcase name="testGetSubmission" time="0.015" classname="teammates.test.cases.logic.BackDoorLogicTest"/>
  <testcase name="testPersistDataBundle" time="2.215" classname="teammates.test.cases.logic.BackDoorLogicTest"/>
</testsuite> <!-- teammates.test.cases.logic.BackDoorLogicTest -->
