<?xml version="1.0" encoding="UTF-8"?>
<!-- Generated by org.testng.reporters.JUnitReportReporter -->
<testsuite hostname="soccf-tr5-001" name="teammates.test.cases.ui.InstructorCourseJoinActionTest" tests="1" failures="0" timestamp="5 Nov 2014 12:23:05 GMT" time="0.296" errors="0">
  <testcase name="testExecuteAndPostProcess" time="0.296" classname="teammates.test.cases.ui.InstructorCourseJoinActionTest"/>
</testsuite> <!-- teammates.test.cases.ui.InstructorCourseJoinActionTest -->
