<?xml version="1.0" encoding="UTF-8"?>
<!-- Generated by org.testng.reporters.JUnitReportReporter -->
<testsuite hostname="soccf-tr5-001" name="teammates.test.cases.logic.InstructorsLogicTest" tests="1" failures="0" timestamp="3 Sep 2014 15:24:38 GMT" time="0.530" errors="0">
  <testcase name="testAll" time="0.530" classname="teammates.test.cases.logic.InstructorsLogicTest"/>
</testsuite> <!-- teammates.test.cases.logic.InstructorsLogicTest -->
