<?xml version="1.0" encoding="UTF-8"?>
<!-- Generated by org.testng.reporters.JUnitReportReporter -->
<testsuite hostname="soccf-tr5-001" name="teammates.test.cases.ui.InstructorCourseStudentDetailsEditSaveActionTest" tests="1" failures="0" timestamp="11 Sep 2014 07:39:06 GMT" time="1.654" errors="0">
  <testcase name="testExecuteAndPostProcess" time="1.654" classname="teammates.test.cases.ui.InstructorCourseStudentDetailsEditSaveActionTest"/>
</testsuite> <!-- teammates.test.cases.ui.InstructorCourseStudentDetailsEditSaveActionTest -->
