<?xml version="1.0" encoding="UTF-8"?>
<!-- Generated by org.testng.reporters.JUnitReportReporter -->
<testsuite hostname="soccf-tr5-001" name="teammates.test.cases.ui.browsertests.AutomatedSessionRemindersTest" tests="5" failures="0" timestamp="29 Oct 2014 13:47:49 GMT" time="5.663" errors="0">
  <testcase name="testFeedbackSessionOpeningReminders" time="1.310" classname="teammates.test.cases.ui.browsertests.AutomatedSessionRemindersTest"/>
  <testcase name="testEvaluationClosingReminders" time="0.921" classname="teammates.test.cases.ui.browsertests.AutomatedSessionRemindersTest"/>
  <testcase name="testFeedbackSesssionClosingReminders" time="1.357" classname="teammates.test.cases.ui.browsertests.AutomatedSessionRemindersTest"/>
  <testcase name="testFeedbackSessionPublishedReminders" time="1.623" classname="teammates.test.cases.ui.browsertests.AutomatedSessionRemindersTest"/>
  <testcase name="testEvaluationOpeningReminders" time="0.452" classname="teammates.test.cases.ui.browsertests.AutomatedSessionRemindersTest"/>
</testsuite> <!-- teammates.test.cases.ui.browsertests.AutomatedSessionRemindersTest -->
