<?xml version="1.0" encoding="UTF-8"?>
<!-- Generated by org.testng.reporters.JUnitReportReporter -->
<testsuite hostname="soccf-tr5-001" name="teammates.test.automated.EvaluationOpeningReminderTest" tests="2" failures="0" timestamp="24 Sep 2014 13:40:10 GMT" time="3.245" errors="0">
  <testcase name="testEvaluationOpeningMailAction" time="1.077" classname="teammates.test.automated.EvaluationOpeningReminderTest"/>
  <testcase name="testAdditionOfTaskToTaskQueue" time="2.168" classname="teammates.test.automated.EvaluationOpeningReminderTest"/>
</testsuite> <!-- teammates.test.automated.EvaluationOpeningReminderTest -->
