<?xml version="1.0" encoding="UTF-8"?>
<!-- Generated by org.testng.reporters.JUnitReportReporter -->
<testsuite hostname="soccf-tr5-001" name="teammates.test.cases.logic.FeedbackSessionsLogicTest" tests="1" failures="0" timestamp="8 Oct 2014 15:58:33 GMT" time="4.821" errors="0">
  <testcase name="testAll" time="4.821" classname="teammates.test.cases.logic.FeedbackSessionsLogicTest"/>
</testsuite> <!-- teammates.test.cases.logic.FeedbackSessionsLogicTest -->
