<?xml version="1.0" encoding="UTF-8"?>
<!-- Generated by org.testng.reporters.JUnitReportReporter -->
<testsuite hostname="soccf-tr5-001" name="teammates.test.cases.ui.browsertests.InstructorStudentListPageUiTest" tests="1" failures="0" timestamp="8 Oct 2014 15:54:50 GMT" time="242.267" errors="0">
  <testcase name="testAll" time="242.267" classname="teammates.test.cases.ui.browsertests.InstructorStudentListPageUiTest"/>
</testsuite> <!-- teammates.test.cases.ui.browsertests.InstructorStudentListPageUiTest -->
