<?xml version="1.0" encoding="UTF-8"?>
<!-- Generated by org.testng.reporters.JUnitReportReporter -->
<testsuite hostname="soccf-tr5-001" name="teammates.test.cases.storage.FeedbackSessionsDbTest" tests="3" failures="0" timestamp="7 Aug 2014 06:43:31 GMT" time="0.101" errors="0">
  <testcase name="testAllGetFeedbackSessions" time="0.021" classname="teammates.test.cases.storage.FeedbackSessionsDbTest"/>
  <testcase name="testUpdateFeedbackSession" time="0.050" classname="teammates.test.cases.storage.FeedbackSessionsDbTest"/>
  <testcase name="testCreateDeleteFeedbackSession" time="0.030" classname="teammates.test.cases.storage.FeedbackSessionsDbTest"/>
</testsuite> <!-- teammates.test.cases.storage.FeedbackSessionsDbTest -->
