<?xml version="1.0" encoding="UTF-8"?>
<!-- Generated by org.testng.reporters.JUnitReportReporter -->
<testsuite hostname="soccf-tr5-001" name="teammates.test.cases.ui.browsertests.InstructorStudentListPageUiTest" tests="1" failures="0" timestamp="23 Aug 2014 14:33:18 GMT" time="118.886" errors="0">
  <testcase name="testAll" time="118.886" classname="teammates.test.cases.ui.browsertests.InstructorStudentListPageUiTest"/>
</testsuite> <!-- teammates.test.cases.ui.browsertests.InstructorStudentListPageUiTest -->
