<?xml version="1.0" encoding="UTF-8"?>
<!-- Generated by org.testng.reporters.JUnitReportReporter -->
<testsuite hostname="soccf-tr5-001" name="teammates.test.cases.ui.browsertests.InstructorCourseStudentDetailsPageUiTest" tests="1" failures="0" timestamp="1 Oct 2014 16:05:05 GMT" time="10.187" errors="0">
  <testcase name="testAll" time="10.187" classname="teammates.test.cases.ui.browsertests.InstructorCourseStudentDetailsPageUiTest"/>
</testsuite> <!-- teammates.test.cases.ui.browsertests.InstructorCourseStudentDetailsPageUiTest -->
