<?xml version="1.0" encoding="UTF-8"?>
<!-- Generated by org.testng.reporters.JUnitReportReporter -->
<testsuite hostname="soccf-tr5-001" name="teammates.test.cases.ui.browsertests.AdminHomePageUiTest" tests="1" failures="0" timestamp="10 Sep 2014 12:59:52 GMT" time="146.357" errors="0">
  <testcase name="testAll" time="146.357" classname="teammates.test.cases.ui.browsertests.AdminHomePageUiTest"/>
</testsuite> <!-- teammates.test.cases.ui.browsertests.AdminHomePageUiTest -->
