<?xml version="1.0" encoding="UTF-8"?>
<!-- Generated by org.testng.reporters.JUnitReportReporter -->
<testsuite hostname="soccf-tr5-001" name="teammates.test.cases.logic.CoursesLogicTest" tests="1" failures="0" timestamp="28 Aug 2014 05:20:39 GMT" time="1.576" errors="0">
  <testcase name="testAll" time="1.576" classname="teammates.test.cases.logic.CoursesLogicTest"/>
</testsuite> <!-- teammates.test.cases.logic.CoursesLogicTest -->
