<?xml version="1.0" encoding="UTF-8"?>
<!-- Generated by org.testng.reporters.JUnitReportReporter -->
<testsuite hostname="soccf-tr5-001" name="teammates.test.cases.ui.browsertests.InstructorFeedbackResultsPageUiTest" tests="1" failures="0" timestamp="10 Sep 2014 13:28:18 GMT" time="39.610" errors="1">
  <testcase name="testAll" time="39.610" classname="teammates.test.cases.ui.browsertests.InstructorFeedbackResultsPageUiTest">
    <error type="org.junit.ComparisonFailure" message="expected:&lt;[profile_picture_default.png]&gt; but was:&lt;[http://localhost:8888/page/studentProfilePic?studentemail=050D2D65221EB128AE8435A9243EC71AAF0A439B0FB596CD61CE6C0E36406FFE&amp;courseid=D93B9367EC9DCCC6492ECD35D45B84493E65D61ADFE7BA9C8051233DF6242AF0&amp;user=CFResultsUiT.instr]&gt;">
      <![CDATA[org.junit.ComparisonFailure: expected:<[profile_picture_default.png]> but was:<[http://localhost:8888/page/studentProfilePic?studentemail=050D2D65221EB128AE8435A9243EC71AAF0A439B0FB596CD61CE6C0E36406FFE&courseid=D93B9367EC9DCCC6492ECD35D45B84493E65D61ADFE7BA9C8051233DF6242AF0&user=CFResultsUiT.instr]>
	at org.junit.Assert.assertEquals(Assert.java:115)
	at org.junit.Assert.assertEquals(Assert.java:144)
	at teammates.test.driver.AssertHelper.assertContainsRegex(AssertHelper.java:67)
	at teammates.test.pageobjects.InstructorFeedbackResultsPage.clickViewPhotoLink(InstructorFeedbackResultsPage.java:268)
	at teammates.test.cases.ui.browsertests.InstructorFeedbackResultsPageUiTest.testViewPhotoAndAjaxForLargeScaledSession(InstructorFeedbackResultsPageUiTest.java:250)
	at teammates.test.cases.ui.browsertests.InstructorFeedbackResultsPageUiTest.testAll(InstructorFeedbackResultsPageUiTest.java:51)
	at sun.reflect.NativeMethodAccessorImpl.invoke0(Native Method)
	at sun.reflect.NativeMethodAccessorImpl.invoke(NativeMethodAccessorImpl.java:57)
	at sun.reflect.DelegatingMethodAccessorImpl.invoke(DelegatingMethodAccessorImpl.java:43)
	at java.lang.reflect.Method.invoke(Method.java:606)
	at org.testng.internal.MethodInvocationHelper.invokeMethod(MethodInvocationHelper.java:84)
	at org.testng.internal.Invoker.invokeMethod(Invoker.java:714)
	at org.testng.internal.Invoker.invokeTestMethod(Invoker.java:901)
	at org.testng.internal.Invoker.invokeTestMethods(Invoker.java:1231)
	at org.testng.internal.TestMethodWorker.invokeTestMethods(TestMethodWorker.java:127)
	at org.testng.internal.TestMethodWorker.run(TestMethodWorker.java:111)
	at java.util.concurrent.ThreadPoolExecutor.runWorker(ThreadPoolExecutor.java:1145)
	at java.util.concurrent.ThreadPoolExecutor$Worker.run(ThreadPoolExecutor.java:615)
	at java.lang.Thread.run(Thread.java:745)
]]>
    </error>
  </testcase> <!-- testAll -->
</testsuite> <!-- teammates.test.cases.ui.browsertests.InstructorFeedbackResultsPageUiTest -->
