<?xml version="1.0" encoding="UTF-8"?>
<!-- Generated by org.testng.reporters.JUnitReportReporter -->
<testsuite hostname="soccf-tr5-001" name="teammates.test.cases.logic.EvaluationsEmailTaskQueueTest" tests="2" failures="0" timestamp="15 Sep 2014 13:12:51 GMT" time="4.120" errors="0">
  <testcase name="testEvaluationsRemindEmail" time="2.013" classname="teammates.test.cases.logic.EvaluationsEmailTaskQueueTest"/>
  <testcase name="testEvaluationsPublishEmail" time="2.107" classname="teammates.test.cases.logic.EvaluationsEmailTaskQueueTest"/>
</testsuite> <!-- teammates.test.cases.logic.EvaluationsEmailTaskQueueTest -->
