<?xml version="1.0" encoding="UTF-8"?>
<!-- Generated by org.testng.reporters.JUnitReportReporter -->
<testsuite hostname="soccf-tr5-001" name="teammates.test.cases.storage.CommentsDbTest" tests="6" failures="0" timestamp="5 Nov 2014 12:23:05 GMT" time="0.312" errors="0">
  <testcase name="testDeleteComments" time="0.109" classname="teammates.test.cases.storage.CommentsDbTest"/>
  <testcase name="testDeleteComment" time="0.016" classname="teammates.test.cases.storage.CommentsDbTest"/>
  <testcase name="testCreateComment" time="0.078" classname="teammates.test.cases.storage.CommentsDbTest"/>
  <testcase name="testUpdateInstructorEmailAndStudentEmail" time="0.062" classname="teammates.test.cases.storage.CommentsDbTest"/>
  <testcase name="testUpdateComment" time="0.016" classname="teammates.test.cases.storage.CommentsDbTest"/>
  <testcase name="testGetComment" time="0.031" classname="teammates.test.cases.storage.CommentsDbTest"/>
</testsuite> <!-- teammates.test.cases.storage.CommentsDbTest -->
