<?xml version="1.0" encoding="UTF-8"?>
<!-- Generated by org.testng.reporters.JUnitReportReporter -->
<testsuite hostname="soccf-tr5-001" name="teammates.test.automated.FeedbackSessionPublishedReminderTest" tests="2" failures="0" timestamp="28 Aug 2014 04:33:09 GMT" time="4.353" errors="0">
  <testcase name="testAdditionOfTaskToTaskQueue" time="3.183" classname="teammates.test.automated.FeedbackSessionPublishedReminderTest"/>
  <testcase name="testFeedbackSessionOpeningMailAction" time="1.170" classname="teammates.test.automated.FeedbackSessionPublishedReminderTest"/>
</testsuite> <!-- teammates.test.automated.FeedbackSessionPublishedReminderTest -->
