<?xml version="1.0" encoding="UTF-8"?>
<!-- Generated by org.testng.reporters.JUnitReportReporter -->
<testsuite hostname="soccf-tr5-001" name="teammates.test.cases.common.TeamResultBundleTest" tests="1" failures="0" timestamp="7 Aug 2014 04:48:38 GMT" time="0.016" errors="0">
  <testcase name="testSortByStudentNameAscending" time="0.016" classname="teammates.test.cases.common.TeamResultBundleTest"/>
</testsuite> <!-- teammates.test.cases.common.TeamResultBundleTest -->
