<?xml version="1.0" encoding="UTF-8"?>
<!-- Generated by org.testng.reporters.JUnitReportReporter -->
<testsuite hostname="soccf-tr5-001" name="teammates.test.cases.storage.EntitiesDbTest" tests="1" failures="0" timestamp="21 Aug 2014 08:55:40 GMT" time="0.016" errors="0">
  <testcase name="testCreateEntity" time="0.016" classname="teammates.test.cases.storage.EntitiesDbTest"/>
</testsuite> <!-- teammates.test.cases.storage.EntitiesDbTest -->
