<?xml version="1.0" encoding="UTF-8"?>
<!-- Generated by org.testng.reporters.JUnitReportReporter -->
<testsuite hostname="soccf-tr5-001" name="teammates.test.cases.ui.browsertests.InstructorSubmissionAdjustmentUiTest" tests="1" failures="0" timestamp="21 Aug 2014 08:55:41 GMT" time="20.748" errors="0">
  <testcase name="testAdjustmentOfSubsmission" time="20.748" classname="teammates.test.cases.ui.browsertests.InstructorSubmissionAdjustmentUiTest"/>
</testsuite> <!-- teammates.test.cases.ui.browsertests.InstructorSubmissionAdjustmentUiTest -->
