<?xml version="1.0" encoding="UTF-8"?>
<!-- Generated by org.testng.reporters.JUnitReportReporter -->
<testsuite hostname="soccf-tr5-001" name="teammates.test.cases.storage.FeedbackQuestionsDbTest" tests="5" failures="0" timestamp="8 Oct 2014 11:52:49 GMT" time="0.187" errors="0">
  <testcase name="testCreateDeleteFeedbackQuestion" time="0.031" classname="teammates.test.cases.storage.FeedbackQuestionsDbTest"/>
  <testcase name="testUpdateFeedbackQuestion" time="0.031" classname="teammates.test.cases.storage.FeedbackQuestionsDbTest"/>
  <testcase name="testGetFeedbackQuestionsForSession" time="0.031" classname="teammates.test.cases.storage.FeedbackQuestionsDbTest"/>
  <testcase name="testGetFeedbackQuestions" time="0.000" classname="teammates.test.cases.storage.FeedbackQuestionsDbTest"/>
  <testcase name="testGetFeedbackQuestionsForGiverType" time="0.094" classname="teammates.test.cases.storage.FeedbackQuestionsDbTest"/>
</testsuite> <!-- teammates.test.cases.storage.FeedbackQuestionsDbTest -->
