<?xml version="1.0" encoding="UTF-8"?>
<!-- Generated by org.testng.reporters.JUnitReportReporter -->
<testsuite hostname="soccf-tr5-001" name="teammates.test.automated.FeedbackSessionOpeningReminderTest" tests="2" failures="0" timestamp="15 Sep 2014 10:43:01 GMT" time="3.245" errors="0">
  <testcase name="testFeedbackSessionOpeningMailAction" time="1.123" classname="teammates.test.automated.FeedbackSessionOpeningReminderTest"/>
  <testcase name="testAdditionOfTaskToTaskQueue" time="2.122" classname="teammates.test.automated.FeedbackSessionOpeningReminderTest"/>
</testsuite> <!-- teammates.test.automated.FeedbackSessionOpeningReminderTest -->
