<?xml version="1.0" encoding="UTF-8"?>
<!-- Generated by org.testng.reporters.JUnitReportReporter -->
<testsuite hostname="soccf-tr5-001" name="teammates.test.cases.logic.EmailsTest" tests="7" failures="0" timestamp="30 Aug 2014 08:03:45 GMT" time="1.622" errors="0">
  <testcase name="testSystemCrashReportEmailContent" time="0.000" classname="teammates.test.cases.logic.EmailsTest"/>
  <testcase name="testGenerateFeedbackEmailBase" time="0.000" classname="teammates.test.cases.logic.EmailsTest"/>
  <testcase name="testGenerateEvaluationEmails" time="0.016" classname="teammates.test.cases.logic.EmailsTest"/>
  <testcase name="testGetEmailInfo" time="0.000" classname="teammates.test.cases.logic.EmailsTest"/>
  <testcase name="testGenerateEvaluationEmailBase" time="0.093" classname="teammates.test.cases.logic.EmailsTest"/>
  <testcase name="testGenerateStudentCourseJoinEmail" time="0.000" classname="teammates.test.cases.logic.EmailsTest"/>
  <testcase name="testGenerateFeedbackSessionEmails" time="1.513" classname="teammates.test.cases.logic.EmailsTest"/>
</testsuite> <!-- teammates.test.cases.logic.EmailsTest -->
