<?xml version="1.0" encoding="UTF-8"?>
<!-- Generated by org.testng.reporters.JUnitReportReporter -->
<testsuite hostname="soccf-tr5-001" name="teammates.test.cases.ui.InstructorFeedbackQuestionAddActionTest" tests="7" failures="0" timestamp="22 Sep 2014 13:13:16 GMT" time="2.793" errors="0">
  <testcase name="testExecuteAndPostProcessNumScale" time="0.265" classname="teammates.test.cases.ui.InstructorFeedbackQuestionAddActionTest"/>
  <testcase name="testExecuteAndPostProcessMcq" time="0.390" classname="teammates.test.cases.ui.InstructorFeedbackQuestionAddActionTest"/>
  <testcase name="testExecuteAndPostProcessMsq" time="0.437" classname="teammates.test.cases.ui.InstructorFeedbackQuestionAddActionTest"/>
  <testcase name="testExecuteAndPostProcess" time="1.030" classname="teammates.test.cases.ui.InstructorFeedbackQuestionAddActionTest"/>
  <testcase name="testExecuteAndPostProcessContributionQuestion" time="0.375" classname="teammates.test.cases.ui.InstructorFeedbackQuestionAddActionTest"/>
  <testcase name="testExecuteAndPostProcessConstSumOption" time="0.156" classname="teammates.test.cases.ui.InstructorFeedbackQuestionAddActionTest"/>
  <testcase name="testExecuteAndPostProcessConstSumRecipient" time="0.140" classname="teammates.test.cases.ui.InstructorFeedbackQuestionAddActionTest"/>
</testsuite> <!-- teammates.test.cases.ui.InstructorFeedbackQuestionAddActionTest -->
