<?xml version="1.0" encoding="UTF-8"?>
<!-- Generated by org.testng.reporters.JUnitReportReporter -->
<testsuite hostname="soccf-tr5-001" name="teammates.test.cases.ui.browsertests.TableSortTest" tests="6" failures="0" timestamp="8 Oct 2014 15:22:55 GMT" time="1.561" errors="0">
  <testcase name="testStableSort" time="0.437" classname="teammates.test.cases.ui.browsertests.TableSortTest"/>
  <testcase name="testTableSortingID" time="0.282" classname="teammates.test.cases.ui.browsertests.TableSortTest"/>
  <testcase name="testTableSortingName" time="0.203" classname="teammates.test.cases.ui.browsertests.TableSortTest"/>
  <testcase name="testTableSortingDiff" time="0.202" classname="teammates.test.cases.ui.browsertests.TableSortTest"/>
  <testcase name="testTableSortingPoint" time="0.218" classname="teammates.test.cases.ui.browsertests.TableSortTest"/>
  <testcase name="testTableSortingDate" time="0.219" classname="teammates.test.cases.ui.browsertests.TableSortTest"/>
</testsuite> <!-- teammates.test.cases.ui.browsertests.TableSortTest -->
