<?xml version="1.0" encoding="UTF-8"?>
<!-- Generated by org.testng.reporters.JUnitReportReporter -->
<testsuite hostname="soccf-tr5-001" name="teammates.test.cases.ui.browsertests.InstructorCourseJoinConfirmationPageUiTest" tests="1" failures="0" timestamp="29 Oct 2014 17:12:04 GMT" time="33.213" errors="0">
  <testcase name="testAll" time="33.213" classname="teammates.test.cases.ui.browsertests.InstructorCourseJoinConfirmationPageUiTest"/>
</testsuite> <!-- teammates.test.cases.ui.browsertests.InstructorCourseJoinConfirmationPageUiTest -->
