<?xml version="1.0" encoding="UTF-8"?>
<!-- Generated by org.testng.reporters.JUnitReportReporter -->
<testsuite hostname="soccf-tr5-001" name="teammates.test.cases.logic.EvaluationsEmailTaskQueueTest" tests="2" failures="0" timestamp="25 Feb 2015 13:04:50 GMT" time="4.335" errors="0">
  <testcase name="testEvaluationsRemindEmail" time="2.028" classname="teammates.test.cases.logic.EvaluationsEmailTaskQueueTest"/>
  <testcase name="testEvaluationsPublishEmail" time="2.307" classname="teammates.test.cases.logic.EvaluationsEmailTaskQueueTest"/>
</testsuite> <!-- teammates.test.cases.logic.EvaluationsEmailTaskQueueTest -->
