<?xml version="1.0" encoding="UTF-8"?>
<!-- Generated by org.testng.reporters.JUnitReportReporter -->
<testsuite hostname="soccf-tr5-001" name="teammates.test.cases.ui.browsertests.InstructorCourseStudentDetailsEditPageUiTest" tests="1" failures="0" timestamp="3 Sep 2014 12:02:57 GMT" time="48.780" errors="0">
  <testcase name="testAll" time="48.780" classname="teammates.test.cases.ui.browsertests.InstructorCourseStudentDetailsEditPageUiTest"/>
</testsuite> <!-- teammates.test.cases.ui.browsertests.InstructorCourseStudentDetailsEditPageUiTest -->
