<?xml version="1.0" encoding="UTF-8"?>
<!-- Generated by org.testng.reporters.JUnitReportReporter -->
<testsuite hostname="soccf-tr5-001" name="teammates.test.cases.ui.InstructorFeedbackResponseCommentDeleteActionTest" tests="1" failures="0" timestamp="28 Aug 2014 04:33:09 GMT" time="0.032" errors="0">
  <testcase name="testExcecuteAndPostProcess" time="0.032" classname="teammates.test.cases.ui.InstructorFeedbackResponseCommentDeleteActionTest"/>
</testsuite> <!-- teammates.test.cases.ui.InstructorFeedbackResponseCommentDeleteActionTest -->
