<?xml version="1.0" encoding="UTF-8"?>
<!-- Generated by org.testng.reporters.JUnitReportReporter -->
<testsuite hostname="soccf-tr5-001" name="teammates.test.cases.ui.browsertests.StudentFeedbackQuestionSubmitPageUiTest" tests="1" failures="0" timestamp="30 Aug 2014 08:03:44 GMT" time="46.066" errors="0">
  <testcase name="testAll" time="46.066" classname="teammates.test.cases.ui.browsertests.StudentFeedbackQuestionSubmitPageUiTest"/>
</testsuite> <!-- teammates.test.cases.ui.browsertests.StudentFeedbackQuestionSubmitPageUiTest -->
