<?xml version="1.0" encoding="UTF-8"?>
<!-- Generated by org.testng.reporters.JUnitReportReporter -->
<testsuite hostname="soccf-tr5-001" name="teammates.test.cases.ui.AdminInstructorAccountAddActionTest" tests="2" failures="0" timestamp="1 Oct 2014 11:57:39 GMT" time="7.129" errors="0">
  <testcase name="testExecuteAndPostProcess" time="7.129" classname="teammates.test.cases.ui.AdminInstructorAccountAddActionTest"/>
  <testcase name="testGenerateNextDemoCourseId" time="0.000" classname="teammates.test.cases.ui.AdminInstructorAccountAddActionTest"/>
</testsuite> <!-- teammates.test.cases.ui.AdminInstructorAccountAddActionTest -->
