<?xml version="1.0" encoding="UTF-8"?>
<!-- Generated by org.testng.reporters.JUnitReportReporter -->
<testsuite hostname="soccf-tr5-001" name="teammates.test.cases.testdriver.DataBundleTest" tests="1" failures="0" timestamp="6 Aug 2014 08:31:51 GMT" time="0.008" errors="0">
  <testcase name="testDataBundle" time="0.008" classname="teammates.test.cases.testdriver.DataBundleTest"/>
</testsuite> <!-- teammates.test.cases.testdriver.DataBundleTest -->
