<?xml version="1.0" encoding="UTF-8"?>
<!-- Generated by org.testng.reporters.JUnitReportReporter -->
<testsuite hostname="soccf-tr5-001" name="teammates.test.cases.ui.browsertests.MashupPageUiTest" tests="1" failures="0" timestamp="26 Sep 2014 15:57:46 GMT" time="40.967" errors="0">
  <testcase name="loadWebpageCompilation" time="40.967" classname="teammates.test.cases.ui.browsertests.MashupPageUiTest"/>
</testsuite> <!-- teammates.test.cases.ui.browsertests.MashupPageUiTest -->
