<?xml version="1.0" encoding="UTF-8"?>
<!-- Generated by org.testng.reporters.JUnitReportReporter -->
<testsuite hostname="soccf-tr5-001" name="teammates.test.cases.ui.browsertests.InstructorHomePageUiTest" tests="1" failures="0" timestamp="1 Oct 2014 16:10:55 GMT" time="169.698" errors="0">
  <testcase name="allTests" time="169.698" classname="teammates.test.cases.ui.browsertests.InstructorHomePageUiTest"/>
</testsuite> <!-- teammates.test.cases.ui.browsertests.InstructorHomePageUiTest -->
