<?xml version="1.0" encoding="UTF-8"?>
<!-- Generated by org.testng.reporters.JUnitReportReporter -->
<testsuite hostname="soccf-tr5-001" name="teammates.test.cases.ui.InstructorFeedbackDeleteActionTest" tests="1" failures="0" timestamp="3 Sep 2014 15:50:16 GMT" time="0.265" errors="0">
  <testcase name="testExecuteAndPostProcess" time="0.265" classname="teammates.test.cases.ui.InstructorFeedbackDeleteActionTest"/>
</testsuite> <!-- teammates.test.cases.ui.InstructorFeedbackDeleteActionTest -->
