<?xml version="1.0" encoding="UTF-8"?>
<!-- Generated by org.testng.reporters.JUnitReportReporter -->
<testsuite hostname="soccf-tr5-001" name="teammates.test.cases.ui.InstructorCoursesPageActionTest" tests="1" failures="0" timestamp="5 Nov 2014 12:23:05 GMT" time="1.935" errors="0">
  <testcase name="testExecuteAndPostProcess" time="1.935" classname="teammates.test.cases.ui.InstructorCoursesPageActionTest"/>
</testsuite> <!-- teammates.test.cases.ui.InstructorCoursesPageActionTest -->
