<?xml version="1.0" encoding="UTF-8"?>
<!-- Generated by org.testng.reporters.JUnitReportReporter -->
<testsuite hostname="soccf-tr5-001" name="teammates.test.automated.EvaluationClosingReminderTest" tests="2" failures="0" timestamp="29 Oct 2014 17:12:04 GMT" time="5.165" errors="0">
  <testcase name="testAdditionOfTaskToTaskQueue" time="5.134" classname="teammates.test.automated.EvaluationClosingReminderTest"/>
  <testcase name="testEvaluationClosingMailAction" time="0.031" classname="teammates.test.automated.EvaluationClosingReminderTest"/>
</testsuite> <!-- teammates.test.automated.EvaluationClosingReminderTest -->
