<?xml version="1.0" encoding="UTF-8"?>
<!-- Generated by org.testng.reporters.JUnitReportReporter -->
<testsuite hostname="soccf-tr5-001" name="teammates.test.cases.ui.browsertests.InstructorCourseJoinConfirmationPageUiTest" tests="1" failures="0" timestamp="21 Aug 2014 13:50:19 GMT" time="25.655" errors="0">
  <testcase name="testAll" time="25.655" classname="teammates.test.cases.ui.browsertests.InstructorCourseJoinConfirmationPageUiTest"/>
</testsuite> <!-- teammates.test.cases.ui.browsertests.InstructorCourseJoinConfirmationPageUiTest -->
