<?xml version="1.0" encoding="UTF-8"?>
<!-- Generated by org.testng.reporters.JUnitReportReporter -->
<testsuite hostname="soccf-tr5-001" name="teammates.test.cases.ui.browsertests.StudentEvalEditSubmissionPageUiTest" tests="1" failures="0" timestamp="21 Aug 2014 13:50:19 GMT" time="86.634" errors="0">
  <testcase name="testAll" time="86.634" classname="teammates.test.cases.ui.browsertests.StudentEvalEditSubmissionPageUiTest"/>
</testsuite> <!-- teammates.test.cases.ui.browsertests.StudentEvalEditSubmissionPageUiTest -->
