<?xml version="1.0" encoding="UTF-8"?>
<!-- Generated by org.testng.reporters.JUnitReportReporter -->
<testsuite hostname="soccf-tr5-001" name="teammates.test.cases.logic.BackDoorLogicTest" tests="2" failures="0" timestamp="21 Aug 2014 13:50:19 GMT" time="1.390" errors="0">
  <testcase name="testPersistDataBundle" time="1.358" classname="teammates.test.cases.logic.BackDoorLogicTest"/>
  <testcase name="testGetSubmission" time="0.032" classname="teammates.test.cases.logic.BackDoorLogicTest"/>
</testsuite> <!-- teammates.test.cases.logic.BackDoorLogicTest -->
