<?xml version="1.0" encoding="UTF-8"?>
<!-- Generated by org.testng.reporters.JUnitReportReporter -->
<testsuite hostname="soccf-tr5-001" name="teammates.test.cases.testdriver.BackDoorTest" tests="12" failures="0" timestamp="24 Sep 2014 12:50:21 GMT" time="13.372" errors="0">
  <testcase name="testCreateCourse" time="0.249" classname="teammates.test.cases.testdriver.BackDoorTest"/>
  <testcase name="testGetCoursesByInstructorId" time="2.637" classname="teammates.test.cases.testdriver.BackDoorTest"/>
  <testcase name="testCreateEvaluation" time="0.250" classname="teammates.test.cases.testdriver.BackDoorTest"/>
  <testcase name="testCreateStudent" time="0.437" classname="teammates.test.cases.testdriver.BackDoorTest"/>
  <testcase name="testEditEvaluation" time="0.219" classname="teammates.test.cases.testdriver.BackDoorTest"/>
  <testcase name="testCreateInstructor" time="0.639" classname="teammates.test.cases.testdriver.BackDoorTest"/>
  <testcase name="testGetKeyForStudent" time="0.281" classname="teammates.test.cases.testdriver.BackDoorTest"/>
  <testcase name="testEditSubmission" time="0.094" classname="teammates.test.cases.testdriver.BackDoorTest"/>
  <testcase name="testPersistence" time="0.998" classname="teammates.test.cases.testdriver.BackDoorTest"/>
  <testcase name="testEditStudent" time="0.702" classname="teammates.test.cases.testdriver.BackDoorTest"/>
  <testcase name="testAccounts" time="1.374" classname="teammates.test.cases.testdriver.BackDoorTest"/>
  <testcase name="testDeletion" time="5.492" classname="teammates.test.cases.testdriver.BackDoorTest"/>
</testsuite> <!-- teammates.test.cases.testdriver.BackDoorTest -->
