<?xml version="1.0" encoding="UTF-8"?>
<!-- Generated by org.testng.reporters.JUnitReportReporter -->
<testsuite hostname="soccf-tr5-001" name="teammates.test.cases.ui.browsertests.InstructorCourseJoinConfirmationPageUiTest" tests="1" failures="0" timestamp="8 Oct 2014 11:52:49 GMT" time="26.472" errors="0">
  <testcase name="testAll" time="26.472" classname="teammates.test.cases.ui.browsertests.InstructorCourseJoinConfirmationPageUiTest"/>
</testsuite> <!-- teammates.test.cases.ui.browsertests.InstructorCourseJoinConfirmationPageUiTest -->
