<?xml version="1.0" encoding="UTF-8"?>
<!-- Generated by org.testng.reporters.JUnitReportReporter -->
<testsuite hostname="soccf-tr5-001" name="teammates.test.cases.ui.InstructorCourseStudentListDownloadActionTest" tests="1" failures="0" timestamp="22 Feb 2015 13:22:12 GMT" time="2.293" errors="0">
  <testcase name="testExecuteAndPostProcess" time="2.293" classname="teammates.test.cases.ui.InstructorCourseStudentListDownloadActionTest"/>
</testsuite> <!-- teammates.test.cases.ui.InstructorCourseStudentListDownloadActionTest -->
