<?xml version="1.0" encoding="UTF-8"?>
<!-- Generated by org.testng.reporters.JUnitReportReporter -->
<testsuite hostname="soccf-tr5-001" name="teammates.test.cases.ui.browsertests.StudentProfilePageUiTest" tests="1" failures="0" timestamp="2 Jan 2015 09:31:31 GMT" time="6.788" errors="1">
  <testcase name="allTests" time="6.788" classname="teammates.test.cases.ui.browsertests.StudentProfilePageUiTest">
    <error type="org.junit.ComparisonFailure" message="expected:&lt;&lt;[expected&gt;
   &lt;div class=&quot;well well-plain well-narrow well-sm-wide&quot; id=&quot;editProfileDiv&quot;&gt;
      &lt;h3 id=&quot;studentName&quot;&gt;
         &lt;strong&gt;
            Benny C
         &lt;/strong&gt;
      &lt;/h3&gt;
      &lt;br/&gt;
            &lt;div class=&quot;form-group row&quot;&gt;
         &lt;div class=&quot;col-xs-6 col-sm-5 col-md-3 cursor-pointer&quot; data-original-title=&quot;Upload a profile picture&quot; data-placement=&quot;top&quot; data-toggle=&quot;tooltip&quot; title=&quot;&quot;&gt;
            &lt;img class=&quot;profile-pic&quot; data-edit=&quot;false&quot; data-target=&quot;#studentPhotoUploader&quot; data-toggle=&quot;modal&quot; id=&quot;profilePic&quot; src=&quot;/images/profile_picture_default.png&quot;/&gt;
                     &lt;/div&gt;
         &lt;div class=&quot;&quot;&gt;
            &lt;button class=&quot;btn btn-primary&quot; data-target=&quot;#studentPhotoUploader&quot; data-toggle=&quot;modal&quot; id=&quot;uploadEditPhoto&quot; type=&quot;button&quot;&gt;
               Upload/Edit Photo
            &lt;/button&gt;
         &lt;/div&gt;
      &lt;/div&gt;
      &lt;form action=&quot;/page/studentProfileEditSave&quot; class=&quot;form center-block&quot; method=&quot;post&quot; role=&quot;form&quot;&gt;
         &lt;div class=&quot;form-group&quot; data-original-title=&quot;This is the name you prefer to be called by&quot; data-placement=&quot;top&quot; data-toggle=&quot;tooltip&quot; title=&quot;&quot;&gt;
            &lt;label for=&quot;studentNickname&quot;&gt;
               The name you prefer to be called by Instructors
            &lt;/label&gt;
            &lt;input class=&quot;form-control&quot; data-actual-value=&quot;Ben&quot; id=&quot;studentShortname&quot; name=&quot;studentshortname&quot; placeholder=&quot;How the instructor should call you&quot; type=&quot;text&quot; value=&quot;Ben&quot;/&gt;
                     &lt;/div&gt;
         &lt;div class=&quot;form-group&quot; data-original-title=&quot;This is a long term contact email&quot; data-placement=&quot;top&quot; data-toggle=&quot;tooltip&quot; title=&quot;&quot;&gt;
            &lt;label for=&quot;studentEmail&quot;&gt;
               Email
               &lt;em class=&quot;font-weight-normal emphasis text-muted small&quot;&gt;
                  - only visible to your instructors
               &lt;/em&gt;
            &lt;/label&gt;
            &lt;input class=&quot;form-control&quot; data-actual-value=&quot;i.m.benny@gmail.tmt&quot; id=&quot;studentEmail&quot; name=&quot;studentprofileemail&quot; placeholder=&quot;Contact Email (for your instructors to contact you beyond graduation)&quot; type=&quot;email&quot; value=&quot;i.m.benny@gmail.tmt&quot;/&gt;
                     &lt;/div&gt;
         &lt;div class=&quot;form-group&quot; data-original-title=&quot;This is the institution that you represent&quot; data-placement=&quot;top&quot; data-toggle=&quot;tooltip&quot; title=&quot;&quot;&gt;
            &lt;label for=&quot;studentInstitution&quot;&gt;
               Institution
            &lt;/label&gt;
            &lt;input class=&quot;form-control&quot; data-actual-value=&quot;TEAMMATES Test Institute 4&quot; id=&quot;studentInstitution&quot; name=&quot;studentprofileinstitute&quot; placeholder=&quot;Your Institution&quot; type=&quot;text&quot; value=&quot;TEAMMATES Test Institute 4&quot;/&gt;
                     &lt;/div&gt;
         &lt;div class=&quot;form-group&quot; data-original-title=&quot;This is your nationality&quot; data-placement=&quot;top&quot; data-toggle=&quot;tooltip&quot; title=&quot;&quot;&gt;
            &lt;label for=&quot;studentNationality&quot;&gt;
               Nationality
            &lt;/label&gt;
            &lt;input class=&quot;form-control&quot; data-actual-value=&quot;Singapore&quot; id=&quot;studentNationality&quot; name=&quot;studentnationality&quot; placeholder=&quot;Nationality&quot; type=&quot;text&quot; value=&quot;Singapore&quot;/&gt;
                     &lt;/div&gt;
         &lt;div class=&quot;form-group&quot;&gt;
            &lt;label for=&quot;studentGender&quot;&gt;
               Gender
            &lt;/label&gt;
            &lt;div id=&quot;studentGender&quot;&gt;
               &lt;label class=&quot;radio-inline&quot; for=&quot;genderMale&quot;&gt;
                  &lt;input checked=&quot;checked&quot; class=&quot;radio&quot; id=&quot;genderMale&quot; name=&quot;studentgender&quot; type=&quot;radio&quot; value=&quot;male&quot;/&gt;
                                    Male
               &lt;/label&gt;
               &lt;label class=&quot;radio-inline&quot; for=&quot;genderFemale&quot;&gt;
                  &lt;input class=&quot;radio&quot; id=&quot;genderFemale&quot; name=&quot;studentgender&quot; type=&quot;radio&quot; value=&quot;female&quot;/&gt;
                                    Female
               &lt;/label&gt;
               &lt;label class=&quot;radio-inline&quot; for=&quot;genderOther&quot;&gt;
                  &lt;input class=&quot;radio&quot; id=&quot;genderOther&quot; name=&quot;studentgender&quot; type=&quot;radio&quot; value=&quot;other&quot;/&gt;
                                    Not Specified
               &lt;/label&gt;
            &lt;/div&gt;
         &lt;/div&gt;
         &lt;div class=&quot;form-group&quot; data-original-title=&quot;You may specify miscellaneous info about yourself e.g. links to home page, online CV, portfolio etc.&quot; data-placement=&quot;top&quot; data-toggle=&quot;tooltip&quot; title=&quot;&quot;&gt;
            &lt;label for=&quot;studentNationality&quot;&gt;
               More info about yourself
            &lt;/label&gt;
            &lt;textarea class=&quot;form-control&quot; id=&quot;studentMoreInfo&quot; name=&quot;studentprofilemoreinfo&quot; placeholder=&quot;You may specify miscellaneous info about yourself e.g. links to home page, online CV, portfolio etc.&quot; rows=&quot;4&quot;&gt;
               I am just another student :P
            &lt;/textarea&gt;
         &lt;/div&gt;
         &lt;br/&gt;
                  &lt;button class=&quot;btn btn-primary center-block&quot; id=&quot;profileEditSubmit&quot; type=&quot;submit&quot;&gt;
            Save Profile
         &lt;/button&gt;
         &lt;br/&gt;
                  &lt;p class=&quot;text-muted text-color-disclaimer&quot;&gt;
            &lt;i&gt;
               * This profile will be visible to all your Instructors and Coursemates
            &lt;/i&gt;
         &lt;/p&gt;
         &lt;input name=&quot;user&quot; type=&quot;hidden&quot; value=&quot;charlie.tmms_123&quot;/&gt;
               &lt;/form&gt;
   &lt;/div&gt;

&lt;/expected]&gt;&gt; but was:&lt;&lt;[actual&gt;
   &lt;div class=&quot;well well-plain well-narrow well-sm-wide&quot; id=&quot;editProfileDiv&quot;&gt;
      &lt;h3 id=&quot;studentName&quot;&gt;
         &lt;strong&gt;
            Charlie Davis
         &lt;/strong&gt;
      &lt;/h3&gt;
      &lt;br/&gt;
            &lt;div class=&quot;form-group row&quot;&gt;
         &lt;div class=&quot;col-xs-6 col-sm-5 col-md-3 cursor-pointer&quot; data-original-title=&quot;Upload a profile picture&quot; data-placement=&quot;top&quot; data-toggle=&quot;tooltip&quot; title=&quot;&quot;&gt;
            &lt;img class=&quot;profile-pic&quot; data-edit=&quot;false&quot; data-target=&quot;#studentPhotoUploader&quot; data-toggle=&quot;modal&quot; id=&quot;profilePic&quot; src=&quot;/images/profile_picture_default.png&quot;/&gt;
                     &lt;/div&gt;
         &lt;div class=&quot;&quot;&gt;
            &lt;button class=&quot;btn btn-primary&quot; data-target=&quot;#studentPhotoUploader&quot; data-toggle=&quot;modal&quot; id=&quot;uploadEditPhoto&quot; type=&quot;button&quot;&gt;
               Upload/Edit Photo
            &lt;/button&gt;
         &lt;/div&gt;
      &lt;/div&gt;
      &lt;form action=&quot;/page/studentProfileEditSave&quot; class=&quot;form center-block&quot; method=&quot;post&quot; role=&quot;form&quot;&gt;
         &lt;div class=&quot;form-group&quot; data-original-title=&quot;This is the name you prefer to be called by&quot; data-placement=&quot;top&quot; data-toggle=&quot;tooltip&quot; title=&quot;&quot;&gt;
            &lt;label for=&quot;studentNickname&quot;&gt;
               The name you prefer to be called by Instructors
            &lt;/label&gt;
            &lt;input class=&quot;form-control&quot; data-actual-value=&quot;&quot; id=&quot;studentShortname&quot; name=&quot;studentshortname&quot; placeholder=&quot;How the instructor should call you&quot; type=&quot;text&quot; value=&quot;&quot;/&gt;
                     &lt;/div&gt;
         &lt;div class=&quot;form-group&quot; data-original-title=&quot;This is a long term contact email&quot; data-placement=&quot;top&quot; data-toggle=&quot;tooltip&quot; title=&quot;&quot;&gt;
            &lt;label for=&quot;studentEmail&quot;&gt;
               Email
               &lt;em class=&quot;font-weight-normal emphasis text-muted small&quot;&gt;
                  - only visible to your instructors
               &lt;/em&gt;
            &lt;/label&gt;
            &lt;input class=&quot;form-control&quot; data-actual-value=&quot;&quot; id=&quot;studentEmail&quot; name=&quot;studentprofileemail&quot; placeholder=&quot;Contact Email (for your instructors to contact you beyond graduation)&quot; type=&quot;email&quot; value=&quot;&quot;/&gt;
                     &lt;/div&gt;
         &lt;div class=&quot;form-group&quot; data-original-title=&quot;This is the institution that you represent&quot; data-placement=&quot;top&quot; data-toggle=&quot;tooltip&quot; title=&quot;&quot;&gt;
            &lt;label for=&quot;studentInstitution&quot;&gt;
               Institution
            &lt;/label&gt;
            &lt;input class=&quot;form-control&quot; data-actual-value=&quot;&quot; id=&quot;studentInstitution&quot; name=&quot;studentprofileinstitute&quot; placeholder=&quot;Your Institution&quot; type=&quot;text&quot; value=&quot;&quot;/&gt;
                     &lt;/div&gt;
         &lt;div class=&quot;form-group&quot; data-original-title=&quot;This is your nationality&quot; data-placement=&quot;top&quot; data-toggle=&quot;tooltip&quot; title=&quot;&quot;&gt;
            &lt;label for=&quot;studentNationality&quot;&gt;
               Nationality
            &lt;/label&gt;
            &lt;input class=&quot;form-control&quot; data-actual-value=&quot;&quot; id=&quot;studentNationality&quot; name=&quot;studentnationality&quot; placeholder=&quot;Nationality&quot; type=&quot;text&quot; value=&quot;&quot;/&gt;
                     &lt;/div&gt;
         &lt;div class=&quot;form-group&quot;&gt;
            &lt;label for=&quot;studentGender&quot;&gt;
               Gender
            &lt;/label&gt;
            &lt;div id=&quot;studentGender&quot;&gt;
               &lt;label class=&quot;radio-inline&quot; for=&quot;genderMale&quot;&gt;
                  &lt;input class=&quot;radio&quot; id=&quot;genderMale&quot; name=&quot;studentgender&quot; type=&quot;radio&quot; value=&quot;male&quot;/&gt;
                                    Male
               &lt;/label&gt;
               &lt;label class=&quot;radio-inline&quot; for=&quot;genderFemale&quot;&gt;
                  &lt;input class=&quot;radio&quot; id=&quot;genderFemale&quot; name=&quot;studentgender&quot; type=&quot;radio&quot; value=&quot;female&quot;/&gt;
                                    Female
               &lt;/label&gt;
               &lt;label class=&quot;radio-inline&quot; for=&quot;genderOther&quot;&gt;
                  &lt;input checked=&quot;checked&quot; class=&quot;radio&quot; id=&quot;genderOther&quot; name=&quot;studentgender&quot; type=&quot;radio&quot; value=&quot;other&quot;/&gt;
                                    Not Specified
               &lt;/label&gt;
            &lt;/div&gt;
         &lt;/div&gt;
         &lt;div class=&quot;form-group&quot; data-original-title=&quot;You may specify miscellaneous info about yourself e.g. links to home page, online CV, portfolio etc.&quot; data-placement=&quot;top&quot; data-toggle=&quot;tooltip&quot; title=&quot;&quot;&gt;
            &lt;label for=&quot;studentNationality&quot;&gt;
               More info about yourself
            &lt;/label&gt;
            &lt;textarea class=&quot;form-control&quot; id=&quot;studentMoreInfo&quot; name=&quot;studentprofilemoreinfo&quot; placeholder=&quot;You may specify miscellaneous info about yourself e.g. links to home page, online CV, portfolio etc.&quot; rows=&quot;4&quot;&gt;
            &lt;/textarea&gt;
         &lt;/div&gt;
         &lt;br/&gt;
                  &lt;button class=&quot;btn btn-primary center-block&quot; id=&quot;profileEditSubmit&quot; type=&quot;submit&quot;&gt;
            Save Profile
         &lt;/button&gt;
         &lt;br/&gt;
                  &lt;p class=&quot;text-muted text-color-disclaimer&quot;&gt;
            &lt;i&gt;
               * This profile will be visible to all your Instructors and Coursemates
            &lt;/i&gt;
         &lt;/p&gt;
         &lt;input name=&quot;user&quot; type=&quot;hidden&quot; value=&quot;charlie.tmms_123&quot;/&gt;
               &lt;/form&gt;
   &lt;/div&gt;

&lt;/actual]&gt;&gt;">
      <![CDATA[org.junit.ComparisonFailure: expected:<<[expected>
   <div class="well well-plain well-narrow well-sm-wide" id="editProfileDiv">
      <h3 id="studentName">
         <strong>
            Benny C
         </strong>
      </h3>
      <br/>
            <div class="form-group row">
         <div class="col-xs-6 col-sm-5 col-md-3 cursor-pointer" data-original-title="Upload a profile picture" data-placement="top" data-toggle="tooltip" title="">
            <img class="profile-pic" data-edit="false" data-target="#studentPhotoUploader" data-toggle="modal" id="profilePic" src="/images/profile_picture_default.png"/>
                     </div>
         <div class="">
            <button class="btn btn-primary" data-target="#studentPhotoUploader" data-toggle="modal" id="uploadEditPhoto" type="button">
               Upload/Edit Photo
            </button>
         </div>
      </div>
      <form action="/page/studentProfileEditSave" class="form center-block" method="post" role="form">
         <div class="form-group" data-original-title="This is the name you prefer to be called by" data-placement="top" data-toggle="tooltip" title="">
            <label for="studentNickname">
               The name you prefer to be called by Instructors
            </label>
            <input class="form-control" data-actual-value="Ben" id="studentShortname" name="studentshortname" placeholder="How the instructor should call you" type="text" value="Ben"/>
                     </div>
         <div class="form-group" data-original-title="This is a long term contact email" data-placement="top" data-toggle="tooltip" title="">
            <label for="studentEmail">
               Email
               <em class="font-weight-normal emphasis text-muted small">
                  - only visible to your instructors
               </em>
            </label>
            <input class="form-control" data-actual-value="i.m.benny@gmail.tmt" id="studentEmail" name="studentprofileemail" placeholder="Contact Email (for your instructors to contact you beyond graduation)" type="email" value="i.m.benny@gmail.tmt"/>
                     </div>
         <div class="form-group" data-original-title="This is the institution that you represent" data-placement="top" data-toggle="tooltip" title="">
            <label for="studentInstitution">
               Institution
            </label>
            <input class="form-control" data-actual-value="TEAMMATES Test Institute 4" id="studentInstitution" name="studentprofileinstitute" placeholder="Your Institution" type="text" value="TEAMMATES Test Institute 4"/>
                     </div>
         <div class="form-group" data-original-title="This is your nationality" data-placement="top" data-toggle="tooltip" title="">
            <label for="studentNationality">
               Nationality
            </label>
            <input class="form-control" data-actual-value="Singapore" id="studentNationality" name="studentnationality" placeholder="Nationality" type="text" value="Singapore"/>
                     </div>
         <div class="form-group">
            <label for="studentGender">
               Gender
            </label>
            <div id="studentGender">
               <label class="radio-inline" for="genderMale">
                  <input checked="checked" class="radio" id="genderMale" name="studentgender" type="radio" value="male"/>
                                    Male
               </label>
               <label class="radio-inline" for="genderFemale">
                  <input class="radio" id="genderFemale" name="studentgender" type="radio" value="female"/>
                                    Female
               </label>
               <label class="radio-inline" for="genderOther">
                  <input class="radio" id="genderOther" name="studentgender" type="radio" value="other"/>
                                    Not Specified
               </label>
            </div>
         </div>
         <div class="form-group" data-original-title="You may specify miscellaneous info about yourself e.g. links to home page, online CV, portfolio etc." data-placement="top" data-toggle="tooltip" title="">
            <label for="studentNationality">
               More info about yourself
            </label>
            <textarea class="form-control" id="studentMoreInfo" name="studentprofilemoreinfo" placeholder="You may specify miscellaneous info about yourself e.g. links to home page, online CV, portfolio etc." rows="4">
               I am just another student :P
            </textarea>
         </div>
         <br/>
                  <button class="btn btn-primary center-block" id="profileEditSubmit" type="submit">
            Save Profile
         </button>
         <br/>
                  <p class="text-muted text-color-disclaimer">
            <i>
               * This profile will be visible to all your Instructors and Coursemates
            </i>
         </p>
         <input name="user" type="hidden" value="charlie.tmms_123"/>
               </form>
   </div>

</expected]>> but was:<<[actual>
   <div class="well well-plain well-narrow well-sm-wide" id="editProfileDiv">
      <h3 id="studentName">
         <strong>
            Charlie Davis
         </strong>
      </h3>
      <br/>
            <div class="form-group row">
         <div class="col-xs-6 col-sm-5 col-md-3 cursor-pointer" data-original-title="Upload a profile picture" data-placement="top" data-toggle="tooltip" title="">
            <img class="profile-pic" data-edit="false" data-target="#studentPhotoUploader" data-toggle="modal" id="profilePic" src="/images/profile_picture_default.png"/>
                     </div>
         <div class="">
            <button class="btn btn-primary" data-target="#studentPhotoUploader" data-toggle="modal" id="uploadEditPhoto" type="button">
               Upload/Edit Photo
            </button>
         </div>
      </div>
      <form action="/page/studentProfileEditSave" class="form center-block" method="post" role="form">
         <div class="form-group" data-original-title="This is the name you prefer to be called by" data-placement="top" data-toggle="tooltip" title="">
            <label for="studentNickname">
               The name you prefer to be called by Instructors
            </label>
            <input class="form-control" data-actual-value="" id="studentShortname" name="studentshortname" placeholder="How the instructor should call you" type="text" value=""/>
                     </div>
         <div class="form-group" data-original-title="This is a long term contact email" data-placement="top" data-toggle="tooltip" title="">
            <label for="studentEmail">
               Email
               <em class="font-weight-normal emphasis text-muted small">
                  - only visible to your instructors
               </em>
            </label>
            <input class="form-control" data-actual-value="" id="studentEmail" name="studentprofileemail" placeholder="Contact Email (for your instructors to contact you beyond graduation)" type="email" value=""/>
                     </div>
         <div class="form-group" data-original-title="This is the institution that you represent" data-placement="top" data-toggle="tooltip" title="">
            <label for="studentInstitution">
               Institution
            </label>
            <input class="form-control" data-actual-value="" id="studentInstitution" name="studentprofileinstitute" placeholder="Your Institution" type="text" value=""/>
                     </div>
         <div class="form-group" data-original-title="This is your nationality" data-placement="top" data-toggle="tooltip" title="">
            <label for="studentNationality">
               Nationality
            </label>
            <input class="form-control" data-actual-value="" id="studentNationality" name="studentnationality" placeholder="Nationality" type="text" value=""/>
                     </div>
         <div class="form-group">
            <label for="studentGender">
               Gender
            </label>
            <div id="studentGender">
               <label class="radio-inline" for="genderMale">
                  <input class="radio" id="genderMale" name="studentgender" type="radio" value="male"/>
                                    Male
               </label>
               <label class="radio-inline" for="genderFemale">
                  <input class="radio" id="genderFemale" name="studentgender" type="radio" value="female"/>
                                    Female
               </label>
               <label class="radio-inline" for="genderOther">
                  <input checked="checked" class="radio" id="genderOther" name="studentgender" type="radio" value="other"/>
                                    Not Specified
               </label>
            </div>
         </div>
         <div class="form-group" data-original-title="You may specify miscellaneous info about yourself e.g. links to home page, online CV, portfolio etc." data-placement="top" data-toggle="tooltip" title="">
            <label for="studentNationality">
               More info about yourself
            </label>
            <textarea class="form-control" id="studentMoreInfo" name="studentprofilemoreinfo" placeholder="You may specify miscellaneous info about yourself e.g. links to home page, online CV, portfolio etc." rows="4">
            </textarea>
         </div>
         <br/>
                  <button class="btn btn-primary center-block" id="profileEditSubmit" type="submit">
            Save Profile
         </button>
         <br/>
                  <p class="text-muted text-color-disclaimer">
            <i>
               * This profile will be visible to all your Instructors and Coursemates
            </i>
         </p>
         <input name="user" type="hidden" value="charlie.tmms_123"/>
               </form>
   </div>

</actual]>>
	at org.junit.Assert.assertEquals(Assert.java:115)
	at org.junit.Assert.assertEquals(Assert.java:144)
	at teammates.test.driver.HtmlHelper.assertSameHtmlPart(HtmlHelper.java:43)
	at teammates.test.pageobjects.AppPage.verifyHtmlPart(AppPage.java:821)
	at teammates.test.cases.ui.browsertests.StudentProfilePageUiTest.testContent(StudentProfilePageUiTest.java:68)
	at teammates.test.cases.ui.browsertests.StudentProfilePageUiTest.allTests(StudentProfilePageUiTest.java:44)
	at sun.reflect.NativeMethodAccessorImpl.invoke0(Native Method)
	at sun.reflect.NativeMethodAccessorImpl.invoke(NativeMethodAccessorImpl.java:57)
	at sun.reflect.DelegatingMethodAccessorImpl.invoke(DelegatingMethodAccessorImpl.java:43)
	at java.lang.reflect.Method.invoke(Method.java:606)
	at org.testng.internal.MethodInvocationHelper.invokeMethod(MethodInvocationHelper.java:84)
	at org.testng.internal.Invoker.invokeMethod(Invoker.java:714)
	at org.testng.internal.Invoker.invokeTestMethod(Invoker.java:901)
	at org.testng.internal.Invoker.invokeTestMethods(Invoker.java:1231)
	at org.testng.internal.TestMethodWorker.invokeTestMethods(TestMethodWorker.java:127)
	at org.testng.internal.TestMethodWorker.run(TestMethodWorker.java:111)
	at java.util.concurrent.ThreadPoolExecutor.runWorker(ThreadPoolExecutor.java:1145)
	at java.util.concurrent.ThreadPoolExecutor$Worker.run(ThreadPoolExecutor.java:615)
	at java.lang.Thread.run(Thread.java:745)
]]>
    </error>
  </testcase> <!-- allTests -->
</testsuite> <!-- teammates.test.cases.ui.browsertests.StudentProfilePageUiTest -->
