<?xml version="1.0" encoding="UTF-8"?>
<!-- Generated by org.testng.reporters.JUnitReportReporter -->
<testsuite hostname="soccf-tr5-001" name="teammates.test.cases.storage.ProfilesDbTest" tests="3" failures="0" timestamp="7 Aug 2014 04:48:38 GMT" time="0.218" errors="0">
  <testcase name="testUpdateStudentProfilePicture" time="0.125" classname="teammates.test.cases.storage.ProfilesDbTest"/>
  <testcase name="testUpdateStudentProfile" time="0.093" classname="teammates.test.cases.storage.ProfilesDbTest"/>
  <testcase name="testGetStudentProfile" time="0.000" classname="teammates.test.cases.storage.ProfilesDbTest"/>
</testsuite> <!-- teammates.test.cases.storage.ProfilesDbTest -->
