<?xml version="1.0" encoding="UTF-8"?>
<!-- Generated by org.testng.reporters.JUnitReportReporter -->
<testsuite hostname="soccf-tr5-001" name="teammates.test.cases.ui.browsertests.StudentHomePageUiTest" tests="1" failures="0" timestamp="28 Aug 2014 04:33:09 GMT" time="139.697" errors="0">
  <testcase name="allTests" time="139.697" classname="teammates.test.cases.ui.browsertests.StudentHomePageUiTest"/>
</testsuite> <!-- teammates.test.cases.ui.browsertests.StudentHomePageUiTest -->
