<?xml version="1.0" encoding="UTF-8"?>
<!-- Generated by org.testng.reporters.JUnitReportReporter -->
<testsuite hostname="soccf-tr5-001" name="teammates.test.cases.logic.FeedbackSessionsLogicTest" tests="1" failures="0" timestamp="6 Aug 2014 07:43:27 GMT" time="3.777" errors="0">
  <testcase name="testAll" time="3.777" classname="teammates.test.cases.logic.FeedbackSessionsLogicTest"/>
</testsuite> <!-- teammates.test.cases.logic.FeedbackSessionsLogicTest -->
