<?xml version="1.0" encoding="UTF-8"?>
<!-- Generated by org.testng.reporters.JUnitReportReporter -->
<testsuite hostname="soccf-tr5-001" name="teammates.test.cases.ui.browsertests.InstructorEvalResultsPageUiTest" tests="4" failures="0" timestamp="28 Aug 2014 04:33:09 GMT" time="51.870" errors="0">
  <testcase name="testClosedEval" time="11.575" classname="teammates.test.cases.ui.browsertests.InstructorEvalResultsPageUiTest"/>
  <testcase name="testOpenEval" time="25.974" classname="teammates.test.cases.ui.browsertests.InstructorEvalResultsPageUiTest"/>
  <testcase name="testP2PDisabledEval" time="4.415" classname="teammates.test.cases.ui.browsertests.InstructorEvalResultsPageUiTest"/>
  <testcase name="testPublishedEval" time="9.906" classname="teammates.test.cases.ui.browsertests.InstructorEvalResultsPageUiTest"/>
</testsuite> <!-- teammates.test.cases.ui.browsertests.InstructorEvalResultsPageUiTest -->
