<?xml version="1.0" encoding="UTF-8"?>
<!-- Generated by org.testng.reporters.JUnitReportReporter -->
<testsuite hostname="soccf-tr5-001" name="teammates.test.cases.ui.browsertests.InstructorFeedbackQuestionSubmitPageUiTest" tests="1" failures="0" timestamp="15 Sep 2014 10:43:00 GMT" time="27.424" errors="0">
  <testcase name="testAll" time="27.424" classname="teammates.test.cases.ui.browsertests.InstructorFeedbackQuestionSubmitPageUiTest"/>
</testsuite> <!-- teammates.test.cases.ui.browsertests.InstructorFeedbackQuestionSubmitPageUiTest -->
