<?xml version="1.0" encoding="UTF-8"?>
<!-- Generated by org.testng.reporters.JUnitReportReporter -->
<testsuite hostname="soccf-tr5-001" name="teammates.test.cases.common.StudentProfileAttributesTest" tests="6" failures="0" timestamp="29 Oct 2014 17:12:03 GMT" time="0.000" errors="0">
  <testcase name="testGetEntityTypeAsString" time="0.000" classname="teammates.test.cases.common.StudentProfileAttributesTest"/>
  <testcase name="testToEntity" time="0.000" classname="teammates.test.cases.common.StudentProfileAttributesTest"/>
  <testcase name="testToString" time="0.000" classname="teammates.test.cases.common.StudentProfileAttributesTest"/>
  <testcase name="testGetInvalidityInfo" time="0.000" classname="teammates.test.cases.common.StudentProfileAttributesTest"/>
  <testcase name="testSanitizeForSaving" time="0.000" classname="teammates.test.cases.common.StudentProfileAttributesTest"/>
  <testcase name="testeGetIdentificationString" time="0.000" classname="teammates.test.cases.common.StudentProfileAttributesTest"/>
</testsuite> <!-- teammates.test.cases.common.StudentProfileAttributesTest -->
