<?xml version="1.0" encoding="UTF-8"?>
<!-- Generated by org.testng.reporters.JUnitReportReporter -->
<testsuite hostname="soccf-tr5-001" name="teammates.test.cases.ui.browsertests.InstructorEvalSubmissionViewPageUiTest" tests="1" failures="0" timestamp="20 Aug 2014 12:29:45 GMT" time="36.062" errors="0">
  <testcase name="testAll" time="36.062" classname="teammates.test.cases.ui.browsertests.InstructorEvalSubmissionViewPageUiTest"/>
</testsuite> <!-- teammates.test.cases.ui.browsertests.InstructorEvalSubmissionViewPageUiTest -->
