<?xml version="1.0" encoding="UTF-8"?>
<!-- Generated by org.testng.reporters.JUnitReportReporter -->
<testsuite hostname="soccf-tr5-001" name="teammates.test.cases.ui.browsertests.InstructorFeedbackPageUiTest" tests="1" failures="0" timestamp="30 Aug 2014 08:03:45 GMT" time="727.756" errors="0">
  <testcase name="allTests" time="727.756" classname="teammates.test.cases.ui.browsertests.InstructorFeedbackPageUiTest"/>
</testsuite> <!-- teammates.test.cases.ui.browsertests.InstructorFeedbackPageUiTest -->
