<?xml version="1.0" encoding="UTF-8"?>
<!-- Generated by org.testng.reporters.JUnitReportReporter -->
<testsuite hostname="soccf-tr5-001" name="teammates.test.cases.ui.browsertests.StudentFeedbackResultsPageUiTest" tests="1" failures="0" timestamp="5 Nov 2014 12:32:37 GMT" time="12.729" errors="1">
  <testcase name="testAll" time="12.729" classname="teammates.test.cases.ui.browsertests.StudentFeedbackResultsPageUiTest">
    <error type="org.junit.ComparisonFailure" message="expected:&lt;&lt;[expected&gt;

   &lt;html&gt;
      &lt;head&gt;
         &lt;link href=&quot;/favicon.png&quot; rel=&quot;shortcut icon&quot;/&gt;
                  &lt;meta content=&quot;text/html; charset=UTF-8&quot; http-equiv=&quot;Content-Type&quot;/&gt;
                  &lt;meta content=&quot;IE=edge&quot; http-equiv=&quot;X-UA-Compatible&quot;/&gt;
                  &lt;meta content=&quot;width=device-width, initial-scale=1&quot; name=&quot;viewport&quot;/&gt;
                  &lt;title&gt;
            TEAMMATES - Submit Feedback
         &lt;/title&gt;
         &lt;#comment         &lt;/#comment&gt;
         &lt;link href=&quot;/bootstrap/css/bootstrap.min.css&quot; rel=&quot;stylesheet&quot;/&gt;
                  &lt;#comment         &lt;/#comment&gt;
         &lt;link href=&quot;/bootstrap/css/bootstrap-theme.min.css&quot; rel=&quot;stylesheet&quot;/&gt;
                  &lt;link href=&quot;/stylesheets/teammatesCommon.css&quot; media=&quot;screen&quot; rel=&quot;stylesheet&quot; type=&quot;text/css&quot;/&gt;
                  &lt;script async=&quot;&quot; src=&quot;https://ssl.google-analytics.com/ga.js&quot; type=&quot;text/javascript&quot;&gt;
         &lt;/script&gt;
         &lt;script src=&quot;/js/googleAnalytics.js&quot; type=&quot;text/javascript&quot;&gt;
         &lt;/script&gt;
         &lt;script src=&quot;/js/jquery-minified.js&quot; type=&quot;text/javascript&quot;&gt;
         &lt;/script&gt;
         &lt;script src=&quot;/js/common.js&quot; type=&quot;text/javascript&quot;&gt;
         &lt;/script&gt;
         &lt;script src=&quot;/js/additionalQuestionInfo.js&quot; type=&quot;text/javascript&quot;&gt;
         &lt;/script&gt;
         &lt;script src=&quot;/js/student.js&quot; type=&quot;text/javascript&quot;&gt;
         &lt;/script&gt;
         &lt;#comment         &lt;/#comment&gt;
         &lt;script src=&quot;/bootstrap/js/bootstrap.min.js&quot;&gt;
         &lt;/script&gt;
         &lt;#comment         &lt;/#comment&gt;
         &lt;#comment         &lt;/#comment&gt;
      &lt;/head&gt;
      &lt;body&gt;
         &lt;div class=&quot;navbar navbar-inverse navbar-fixed-top&quot; role=&quot;navigation&quot;&gt;
            &lt;div class=&quot;container&quot;&gt;
               &lt;div class=&quot;navbar-header&quot;&gt;
                  &lt;button class=&quot;navbar-toggle&quot; data-target=&quot;#contentLinks&quot; data-toggle=&quot;collapse&quot; type=&quot;button&quot;&gt;
                     &lt;span class=&quot;sr-only&quot;&gt;
                        Toggle navigation
                     &lt;/span&gt;
                     &lt;span class=&quot;icon-bar&quot;&gt;
                     &lt;/span&gt;
                     &lt;span class=&quot;icon-bar&quot;&gt;
                     &lt;/span&gt;
                     &lt;span class=&quot;icon-bar&quot;&gt;
                     &lt;/span&gt;
                  &lt;/button&gt;
                  &lt;a class=&quot;navbar-brand&quot; href=&quot;/index.html&quot;&gt;
                     TEAMMATES
                  &lt;/a&gt;
               &lt;/div&gt;
               &lt;div class=&quot;collapse navbar-collapse&quot; id=&quot;contentLinks&quot;&gt;
                  &lt;ul class=&quot;nav navbar-nav&quot;&gt;
                     &lt;li class=&quot;&quot;&gt;
                        &lt;a class=&quot;navLinks&quot; href=&quot;/page/studentHomePage?user=SFResultsUiT.alice.b&quot; id=&quot;studentHomeNavLink&quot;&gt;
                           Home
                        &lt;/a&gt;
                     &lt;/li&gt;
                     &lt;li class=&quot;&quot;&gt;
                        &lt;a class=&quot;navLinks&quot; href=&quot;/page/studentProfilePage?user=SFResultsUiT.alice.b&quot; id=&quot;studentProfileNavLink&quot;&gt;
                           Profile
                        &lt;/a&gt;
                     &lt;/li&gt;
                     &lt;li class=&quot;&quot;&gt;
                        &lt;a class=&quot;navLinks&quot; href=&quot;/page/studentCommentsPage?user=SFResultsUiT.alice.b&quot; id=&quot;studentCommentsNavLink&quot;&gt;
                           Comments
                        &lt;/a&gt;
                     &lt;/li&gt;
                     &lt;li class=&quot;&quot;&gt;
                        &lt;a class=&quot;nav&quot; href=&quot;/studentHelp.html&quot; id=&quot;studentHelpLink&quot; target=&quot;_blank&quot;&gt;
                           Help
                        &lt;/a&gt;
                     &lt;/li&gt;
                  &lt;/ul&gt;
                  &lt;ul class=&quot;nav navbar-nav pull-right&quot;&gt;
                     &lt;li&gt;
                        &lt;a class=&quot;nav logout&quot; href=&quot;/logout.jsp&quot;&gt;
                           Logout
                                (
                           &lt;span class=&quot;text-info&quot; data-original-title=&quot;SFResultsUiT.alice.b&quot; data-placement=&quot;bottom&quot; data-toggle=&quot;tooltip&quot; title=&quot;&quot;&gt;
                              SFResultsUiT.alice.b
                           &lt;/span&gt;
                           )
                        &lt;/a&gt;
                     &lt;/li&gt;
                  &lt;/ul&gt;
               &lt;/div&gt;
            &lt;/div&gt;
         &lt;/div&gt;
         &lt;div id=&quot;frameBody&quot;&gt;
            &lt;div class=&quot;container&quot; id=&quot;frameBodyWrapper&quot;&gt;
               &lt;div id=&quot;topOfPage&quot;&gt;
               &lt;/div&gt;
               &lt;h1&gt;
                  Feedback Results - Student
               &lt;/h1&gt;
               &lt;br/&gt;
                              &lt;div class=&quot;well well-plain&quot;&gt;
                  &lt;div class=&quot;panel-body&quot;&gt;
                     &lt;div class=&quot;form-horizontal&quot;&gt;
                        &lt;div class=&quot;panel-heading&quot;&gt;
                           &lt;div class=&quot;form-group&quot;&gt;
                              &lt;label class=&quot;col-sm-2 control-label&quot;&gt;
                                 Course:
                              &lt;/label&gt;
                              &lt;div class=&quot;col-sm-10&quot;&gt;
                                 &lt;p class=&quot;form-control-static&quot;&gt;
                                    SFResultsUiT.CS2104
                                 &lt;/p&gt;
                              &lt;/div&gt;
                           &lt;/div&gt;
                           &lt;div class=&quot;form-group&quot;&gt;
                              &lt;label class=&quot;col-sm-2 control-label&quot;&gt;
                                 Session:
                              &lt;/label&gt;
                              &lt;div class=&quot;col-sm-10&quot;&gt;
                                 &lt;p class=&quot;form-control-static&quot;&gt;
                                    NUMSCALE Session
                                 &lt;/p&gt;
                              &lt;/div&gt;
                           &lt;/div&gt;
                           &lt;div class=&quot;form-group&quot;&gt;
                              &lt;label class=&quot;col-sm-2 control-label&quot;&gt;
                                 Opening time:
                              &lt;/label&gt;
                              &lt;div class=&quot;col-sm-10&quot;&gt;
                                 &lt;p class=&quot;form-control-static&quot;&gt;
                                    01 Apr 2012, 23:59
                                 &lt;/p&gt;
                              &lt;/div&gt;
                           &lt;/div&gt;
                           &lt;div class=&quot;form-group&quot;&gt;
                              &lt;label class=&quot;col-sm-2 control-label&quot;&gt;
                                 Closing time:
                              &lt;/label&gt;
                              &lt;div class=&quot;col-sm-10&quot;&gt;
                                 &lt;p class=&quot;form-control-static&quot;&gt;
                                    30 Apr 2016, 23:59
                                 &lt;/p&gt;
                              &lt;/div&gt;
                           &lt;/div&gt;
                        &lt;/div&gt;
                     &lt;/div&gt;
                  &lt;/div&gt;
               &lt;/div&gt;
               &lt;br/&gt;
                              &lt;div class=&quot;alert alert-warning&quot; id=&quot;statusMessage&quot;&gt;
                  You have received feedback from others. Please see below.
               &lt;/div&gt;
               &lt;script type=&quot;text/javascript&quot;&gt;
                  document.getElementById( &#039;statusMessage&#039; ).scrollIntoView();
               &lt;/script&gt;
               &lt;br/&gt;
                              &lt;div class=&quot;panel panel-default&quot;&gt;
                  &lt;div class=&quot;panel-heading&quot;&gt;
                     &lt;h4&gt;
                        Question 1:
                        &lt;span class=&quot;text-preserve-space&quot;&gt;
                           Rate your product?Â 
                           &lt;span style=&quot; white-space: normal;&quot;&gt;
                              &lt;a class=&quot;color_gray&quot; data-less=&quot;[less]&quot; data-more=&quot;[more]&quot; href=&quot;javascript:;&quot; id=&quot;questionAdditionalInfoButton-1-&quot; onclick=&quot;toggleAdditionalQuestionInfo(&#039;1-&#039;)&quot;&gt;
                                 [more]
                              &lt;/a&gt;
                              &lt;br/&gt;
                                                            &lt;span id=&quot;questionAdditionalInfo-1-&quot; style=&quot;display:none;&quot;&gt;
                                 Numerical-scale question:
                                 &lt;br/&gt;
                                                                  Minimum value: 1. Increment: 0.5. Maximum value: 5.
                              &lt;/span&gt;
                           &lt;/span&gt;
                        &lt;/span&gt;
                     &lt;/h4&gt;
                     &lt;div class=&quot;panel panel-primary&quot;&gt;
                        &lt;div class=&quot;panel-heading&quot;&gt;
                           &lt;b&gt;
                              To:
                           &lt;/b&gt;
                           You
                        &lt;/div&gt;
                        &lt;table class=&quot;table&quot;&gt;
                           &lt;tbody&gt;
                              &lt;tr class=&quot;resultSubheader&quot;&gt;
                                 &lt;td&gt;
                                    &lt;span class=&quot;bold&quot;&gt;
                                       &lt;b&gt;
                                          From:
                                       &lt;/b&gt;
                                    &lt;/span&gt;
                                    You
                                 &lt;/td&gt;
                              &lt;/tr&gt;
                              &lt;tr&gt;
                                 &lt;td class=&quot;text-preserve-space&quot;&gt;
                                    1
                                 &lt;/td&gt;
                              &lt;/tr&gt;
                           &lt;/tbody&gt;
                        &lt;/table&gt;
                     &lt;/div&gt;
                  &lt;/div&gt;
               &lt;/div&gt;
               &lt;br/&gt;
                              &lt;div class=&quot;panel panel-default&quot;&gt;
                  &lt;div class=&quot;panel-heading&quot;&gt;
                     &lt;h4&gt;
                        Question 2:
                        &lt;span class=&quot;text-preserve-space&quot;&gt;
                           Rate others&#039; product?Â 
                           &lt;span style=&quot; white-space: normal;&quot;&gt;
                              &lt;a class=&quot;color_gray&quot; data-less=&quot;[less]&quot; data-more=&quot;[more]&quot; href=&quot;javascript:;&quot; id=&quot;questionAdditionalInfoButton-2-&quot; onclick=&quot;toggleAdditionalQuestionInfo(&#039;2-&#039;)&quot;&gt;
                                 [more]
                              &lt;/a&gt;
                              &lt;br/&gt;
                                                            &lt;span id=&quot;questionAdditionalInfo-2-&quot; style=&quot;display:none;&quot;&gt;
                                 Numerical-scale question:
                                 &lt;br/&gt;
                                                                  Minimum value: 1. Increment: 0.5. Maximum value: 5.
                              &lt;/span&gt;
                           &lt;/span&gt;
                        &lt;/span&gt;
                     &lt;/h4&gt;
                     &lt;div class=&quot;panel panel-primary&quot;&gt;
                        &lt;div class=&quot;panel-heading&quot;&gt;
                           &lt;b&gt;
                              To:
                           &lt;/b&gt;
                           Benny Charles
                        &lt;/div&gt;
                        &lt;table class=&quot;table&quot;&gt;
                           &lt;tbody&gt;
                              &lt;tr class=&quot;resultSubheader&quot;&gt;
                                 &lt;td&gt;
                                    &lt;span class=&quot;bold&quot;&gt;
                                       &lt;b&gt;
                                          From:
                                       &lt;/b&gt;
                                    &lt;/span&gt;
                                    You
                                 &lt;/td&gt;
                              &lt;/tr&gt;
                              &lt;tr&gt;
                                 &lt;td class=&quot;text-preserve-space&quot;&gt;
                                    5
                                 &lt;/td&gt;
                              &lt;/tr&gt;
                           &lt;/tbody&gt;
                        &lt;/table&gt;
                     &lt;/div&gt;
                     &lt;div class=&quot;panel panel-primary&quot;&gt;
                        &lt;div class=&quot;panel-heading&quot;&gt;
                           &lt;b&gt;
                              To:
                           &lt;/b&gt;
                           Danny Engrid
                        &lt;/div&gt;
                        &lt;table class=&quot;table&quot;&gt;
                           &lt;tbody&gt;
                              &lt;tr class=&quot;resultSubheader&quot;&gt;
                                 &lt;td&gt;
                                    &lt;span class=&quot;bold&quot;&gt;
                                       &lt;b&gt;
                                          From:
                                       &lt;/b&gt;
                                    &lt;/span&gt;
                                    You
                                 &lt;/td&gt;
                              &lt;/tr&gt;
                              &lt;tr&gt;
                                 &lt;td class=&quot;text-preserve-space&quot;&gt;
                                    3.5
                                 &lt;/td&gt;
                              &lt;/tr&gt;
                           &lt;/tbody&gt;
                        &lt;/table&gt;
                     &lt;/div&gt;
                  &lt;/div&gt;
               &lt;/div&gt;
               &lt;br/&gt;
                              &lt;div class=&quot;panel panel-default&quot;&gt;
                  &lt;div class=&quot;panel-heading&quot;&gt;
                     &lt;h4&gt;
                        Question 3:
                        &lt;span class=&quot;text-preserve-space&quot;&gt;
                           Rate your team&#039;s product?Â 
                           &lt;span style=&quot; white-space: normal;&quot;&gt;
                              &lt;a class=&quot;color_gray&quot; data-less=&quot;[less]&quot; data-more=&quot;[more]&quot; href=&quot;javascript:;&quot; id=&quot;questionAdditionalInfoButton-3-&quot; onclick=&quot;toggleAdditionalQuestionInfo(&#039;3-&#039;)&quot;&gt;
                                 [more]
                              &lt;/a&gt;
                              &lt;br/&gt;
                                                            &lt;span id=&quot;questionAdditionalInfo-3-&quot; style=&quot;display:none;&quot;&gt;
                                 Numerical-scale question:
                                 &lt;br/&gt;
                                                                  Minimum value: 1. Increment: 0.5. Maximum value: 5.
                              &lt;/span&gt;
                           &lt;/span&gt;
                        &lt;/span&gt;
                     &lt;/h4&gt;
                     &lt;div class=&quot;panel-body&quot;&gt;
                        &lt;div class=&quot;row&quot;&gt;
                           &lt;div class=&quot;col-sm-4 text-color-gray&quot;&gt;
                              &lt;strong&gt;
                                 Summary of responses received by you
                              &lt;/strong&gt;
                           &lt;/div&gt;
                        &lt;/div&gt;
                        &lt;div class=&quot;row&quot;&gt;
                           &lt;form class=&quot;form-horizontal col-sm-12&quot; role=&quot;form&quot;&gt;
                              &lt;div class=&quot;form-group margin-0&quot;&gt;
                                 &lt;label class=&quot;col-sm-2 control-label font-weight-normal&quot;&gt;
                                    Average:
                                 &lt;/label&gt;
                                 &lt;div class=&quot;col-sm-3&quot;&gt;
                                    &lt;p class=&quot;form-control-static&quot;&gt;
                                       2.25
                                    &lt;/p&gt;
                                 &lt;/div&gt;
                              &lt;/div&gt;
                              &lt;div class=&quot;form-group margin-0&quot;&gt;
                                 &lt;label class=&quot;col-sm-2 control-label font-weight-normal&quot;&gt;
                                    Minimum:
                                 &lt;/label&gt;
                                 &lt;div class=&quot;col-sm-3&quot;&gt;
                                    &lt;p class=&quot;form-control-static&quot;&gt;
                                       2
                                    &lt;/p&gt;
                                 &lt;/div&gt;
                              &lt;/div&gt;
                              &lt;div class=&quot;form-group margin-0&quot;&gt;
                                 &lt;label class=&quot;col-sm-2 control-label font-weight-normal&quot;&gt;
                                    Maximum:
                                 &lt;/label&gt;
                                 &lt;div class=&quot;col-sm-3&quot;&gt;
                                    &lt;p class=&quot;form-control-static&quot;&gt;
                                       2.5
                                    &lt;/p&gt;
                                 &lt;/div&gt;
                              &lt;/div&gt;
                           &lt;/form&gt;
                        &lt;/div&gt;
                     &lt;/div&gt;
                     &lt;div class=&quot;panel panel-primary&quot;&gt;
                        &lt;div class=&quot;panel-heading&quot;&gt;
                           &lt;b&gt;
                              To:
                           &lt;/b&gt;
                           You
                        &lt;/div&gt;
                        &lt;table class=&quot;table&quot;&gt;
                           &lt;tbody&gt;
                              &lt;tr class=&quot;resultSubheader&quot;&gt;
                                 &lt;td&gt;
                                    &lt;span class=&quot;bold&quot;&gt;
                                       &lt;b&gt;
                                          From:
                                       &lt;/b&gt;
                                    &lt;/span&gt;
                                    Benny Charles
                                 &lt;/td&gt;
                              &lt;/tr&gt;
                              &lt;tr&gt;
                                 &lt;td class=&quot;text-preserve-space&quot;&gt;
                                    2.5
                                 &lt;/td&gt;
                              &lt;/tr&gt;
                              &lt;tr class=&quot;resultSubheader&quot;&gt;
                                 &lt;td&gt;
                                    &lt;span class=&quot;bold&quot;&gt;
                                       &lt;b&gt;
                                          From:
                                       &lt;/b&gt;
                                    &lt;/span&gt;
                                    Danny Engrid
                                 &lt;/td&gt;
                              &lt;/tr&gt;
                              &lt;tr&gt;
                                 &lt;td class=&quot;text-preserve-space&quot;&gt;
                                    2
                                 &lt;/td&gt;
                              &lt;/tr&gt;
                           &lt;/tbody&gt;
                        &lt;/table&gt;
                     &lt;/div&gt;
                  &lt;/div&gt;
               &lt;/div&gt;
               &lt;br/&gt;
                              &lt;div class=&quot;panel panel-default&quot;&gt;
                  &lt;div class=&quot;panel-heading&quot;&gt;
                     &lt;h4&gt;
                        Question 4:
                        &lt;span class=&quot;text-preserve-space&quot;&gt;
                           Rate the classÂ 
                           &lt;span style=&quot; white-space: normal;&quot;&gt;
                              &lt;a class=&quot;color_gray&quot; data-less=&quot;[less]&quot; data-more=&quot;[more]&quot; href=&quot;javascript:;&quot; id=&quot;questionAdditionalInfoButton-4-&quot; onclick=&quot;toggleAdditionalQuestionInfo(&#039;4-&#039;)&quot;&gt;
                                 [more]
                              &lt;/a&gt;
                              &lt;br/&gt;
                                                            &lt;span id=&quot;questionAdditionalInfo-4-&quot; style=&quot;display:none;&quot;&gt;
                                 Numerical-scale question:
                                 &lt;br/&gt;
                                                                  Minimum value: -5. Increment: 0.5. Maximum value: 5.
                              &lt;/span&gt;
                           &lt;/span&gt;
                        &lt;/span&gt;
                     &lt;/h4&gt;
                     &lt;div class=&quot;panel-body&quot;&gt;
                        &lt;div class=&quot;row&quot;&gt;
                           &lt;div class=&quot;col-sm-4 text-color-gray&quot;&gt;
                              &lt;strong&gt;
                                 Response Summary
                              &lt;/strong&gt;
                           &lt;/div&gt;
                        &lt;/div&gt;
                        &lt;div class=&quot;row&quot;&gt;
                           &lt;form class=&quot;form-horizontal col-sm-12&quot; role=&quot;form&quot;&gt;
                              &lt;div class=&quot;form-group margin-0&quot;&gt;
                                 &lt;label class=&quot;col-sm-2 control-label font-weight-normal&quot;&gt;
                                    Average:
                                 &lt;/label&gt;
                                 &lt;div class=&quot;col-sm-3&quot;&gt;
                                    &lt;p class=&quot;form-control-static&quot;&gt;
                                       0.25
                                    &lt;/p&gt;
                                 &lt;/div&gt;
                              &lt;/div&gt;
                              &lt;div class=&quot;form-group margin-0&quot;&gt;
                                 &lt;label class=&quot;col-sm-2 control-label font-weight-normal&quot;&gt;
                                    Minimum:
                                 &lt;/label&gt;
                                 &lt;div class=&quot;col-sm-3&quot;&gt;
                                    &lt;p class=&quot;form-control-static&quot;&gt;
                                       -2
                                    &lt;/p&gt;
                                 &lt;/div&gt;
                              &lt;/div&gt;
                              &lt;div class=&quot;form-group margin-0&quot;&gt;
                                 &lt;label class=&quot;col-sm-2 control-label font-weight-normal&quot;&gt;
                                    Maximum:
                                 &lt;/label&gt;
                                 &lt;div class=&quot;col-sm-3&quot;&gt;
                                    &lt;p class=&quot;form-control-static&quot;&gt;
                                       2.5
                                    &lt;/p&gt;
                                 &lt;/div&gt;
                              &lt;/div&gt;
                           &lt;/form&gt;
                        &lt;/div&gt;
                     &lt;/div&gt;
                     &lt;div class=&quot;panel panel-primary&quot;&gt;
                        &lt;div class=&quot;panel-heading&quot;&gt;
                           &lt;b&gt;
                              To:
                           &lt;/b&gt;
                           -
                        &lt;/div&gt;
                        &lt;table class=&quot;table&quot;&gt;
                           &lt;tbody&gt;
                              &lt;tr class=&quot;resultSubheader&quot;&gt;
                                 &lt;td&gt;
                                    &lt;span class=&quot;bold&quot;&gt;
                                       &lt;b&gt;
                                          From:
                                       &lt;/b&gt;
                                    &lt;/span&gt;
                                    You
                                 &lt;/td&gt;
                              &lt;/tr&gt;
                              &lt;tr&gt;
                                 &lt;td class=&quot;text-preserve-space&quot;&gt;
                                    2.5
                                 &lt;/td&gt;
                              &lt;/tr&gt;
                              &lt;tr class=&quot;resultSubheader&quot;&gt;
                                 &lt;td&gt;
                                    &lt;span class=&quot;bold&quot;&gt;
                                       &lt;b&gt;
                                          From:
                                       &lt;/b&gt;
                                    &lt;/span&gt;
                                    Anonymous student 410339386
                                 &lt;/td&gt;
                              &lt;/tr&gt;
                              &lt;tr&gt;
                                 &lt;td class=&quot;text-preserve-space&quot;&gt;
                                    -2
                                 &lt;/td&gt;
                              &lt;/tr&gt;
                           &lt;/tbody&gt;
                        &lt;/table&gt;
                     &lt;/div&gt;
                  &lt;/div&gt;
               &lt;/div&gt;
               &lt;br/&gt;
                              &lt;div class=&quot;panel panel-default&quot;&gt;
                  &lt;div class=&quot;panel-heading&quot;&gt;
                     &lt;h4&gt;
                        Question 5:
                        &lt;span class=&quot;text-preserve-space&quot;&gt;
                           Rate other team&#039;s productsÂ 
                           &lt;span style=&quot; white-space: normal;&quot;&gt;
                              &lt;a class=&quot;color_gray&quot; data-less=&quot;[less]&quot; data-more=&quot;[more]&quot; href=&quot;javascript:;&quot; id=&quot;questionAdditionalInfoButton-5-&quot; onclick=&quot;toggleAdditionalQuestionInfo(&#039;5-&#039;)&quot;&gt;
                                 [more]
                              &lt;/a&gt;
                              &lt;br/&gt;
                                                            &lt;span id=&quot;questionAdditionalInfo-5-&quot; style=&quot;display:none;&quot;&gt;
                                 Numerical-scale question:
                                 &lt;br/&gt;
                                                                  Minimum value: -5. Increment: 0.5. Maximum value: 5.
                              &lt;/span&gt;
                           &lt;/span&gt;
                        &lt;/span&gt;
                     &lt;/h4&gt;
                     &lt;div class=&quot;panel-body&quot;&gt;
                        &lt;div class=&quot;row&quot;&gt;
                           &lt;div class=&quot;col-sm-4 text-color-gray&quot;&gt;
                              &lt;strong&gt;
                                 Summary of responses received by your team
                              &lt;/strong&gt;
                           &lt;/div&gt;
                        &lt;/div&gt;
                        &lt;div class=&quot;row&quot;&gt;
                           &lt;form class=&quot;form-horizontal col-sm-12&quot; role=&quot;form&quot;&gt;
                              &lt;div class=&quot;form-group margin-0&quot;&gt;
                                 &lt;label class=&quot;col-sm-2 control-label font-weight-normal&quot;&gt;
                                    Average:
                                 &lt;/label&gt;
                                 &lt;div class=&quot;col-sm-3&quot;&gt;
                                    &lt;p class=&quot;form-control-static&quot;&gt;
                                       3.75
                                    &lt;/p&gt;
                                 &lt;/div&gt;
                              &lt;/div&gt;
                              &lt;div class=&quot;form-group margin-0&quot;&gt;
                                 &lt;label class=&quot;col-sm-2 control-label font-weight-normal&quot;&gt;
                                    Minimum:
                                 &lt;/label&gt;
                                 &lt;div class=&quot;col-sm-3&quot;&gt;
                                    &lt;p class=&quot;form-control-static&quot;&gt;
                                       3.5
                                    &lt;/p&gt;
                                 &lt;/div&gt;
                              &lt;/div&gt;
                              &lt;div class=&quot;form-group margin-0&quot;&gt;
                                 &lt;label class=&quot;col-sm-2 control-label font-weight-normal&quot;&gt;
                                    Maximum:
                                 &lt;/label&gt;
                                 &lt;div class=&quot;col-sm-3&quot;&gt;
                                    &lt;p class=&quot;form-control-static&quot;&gt;
                                       4
                                    &lt;/p&gt;
                                 &lt;/div&gt;
                              &lt;/div&gt;
                           &lt;/form&gt;
                        &lt;/div&gt;
                     &lt;/div&gt;
                     &lt;div class=&quot;panel panel-primary&quot;&gt;
                        &lt;div class=&quot;panel-heading&quot;&gt;
                           &lt;b&gt;
                              To:
                           &lt;/b&gt;
                           Your Team (Team 1)
                        &lt;/div&gt;
                        &lt;table class=&quot;table&quot;&gt;
                           &lt;tbody&gt;
                              &lt;tr class=&quot;resultSubheader&quot;&gt;
                                 &lt;td&gt;
                                    &lt;span class=&quot;bold&quot;&gt;
                                       &lt;b&gt;
                                          From:
                                       &lt;/b&gt;
                                    &lt;/span&gt;
                                    Your Team (Team 1)
                                 &lt;/td&gt;
                              &lt;/tr&gt;
                              &lt;tr&gt;
                                 &lt;td class=&quot;text-preserve-space&quot;&gt;
                                    3.5
                                 &lt;/td&gt;
                              &lt;/tr&gt;
                              &lt;tr class=&quot;resultSubheader&quot;&gt;
                                 &lt;td&gt;
                                    &lt;span class=&quot;bold&quot;&gt;
                                       &lt;b&gt;
                                          From:
                                       &lt;/b&gt;
                                    &lt;/span&gt;
                                    Team 2
                                 &lt;/td&gt;
                              &lt;/tr&gt;
                              &lt;tr&gt;
                                 &lt;td class=&quot;text-preserve-space&quot;&gt;
                                    4
                                 &lt;/td&gt;
                              &lt;/tr&gt;
                           &lt;/tbody&gt;
                        &lt;/table&gt;
                     &lt;/div&gt;
                  &lt;/div&gt;
               &lt;/div&gt;
               &lt;br/&gt;
                           &lt;/div&gt;
         &lt;/div&gt;
         &lt;div id=&quot;frameBottom&quot;&gt;
            &lt;div class=&quot;container-fluid&quot; id=&quot;footerComponent&quot;&gt;
               &lt;div class=&quot;container&quot;&gt;
                  &lt;div class=&quot;row&quot;&gt;
                     &lt;div class=&quot;col-md-4&quot;&gt;
                        &lt;span&gt;
                           [
                           &lt;a href=&quot;/index.html&quot;&gt;
                              TEAMMATES
                           &lt;/a&gt;
                           V4.99]
                        &lt;/span&gt;
                     &lt;/div&gt;
                     &lt;div class=&quot;col-md-4&quot;&gt;
                        [for
                        &lt;span class=&quot;highlight-white&quot;&gt;
                           &lt;span class=&quot;color_white&quot;&gt;
                              TEAMMATES Test Institute 1
                           &lt;/span&gt;
                        &lt;/span&gt;
                        ]
                     &lt;/div&gt;
                     &lt;div class=&quot;col-md-4&quot;&gt;
                        &lt;span&gt;
                           [Send
                           &lt;a class=&quot;link&quot; href=&quot;../contact.html&quot; target=&quot;_blank&quot;&gt;
                              Feedback
                           &lt;/a&gt;
                           ]
                        &lt;/span&gt;
                     &lt;/div&gt;
                  &lt;/div&gt;
               &lt;/div&gt;
            &lt;/div&gt;
         &lt;/div&gt;
      &lt;/body&gt;
   &lt;/html&gt;

&lt;/expected]&gt;&gt; but was:&lt;&lt;[actual&gt;

   &lt;html&gt;
      &lt;head&gt;
         &lt;link href=&quot;/favicon.png&quot; rel=&quot;shortcut icon&quot;/&gt;
                  &lt;meta content=&quot;text/html; charset=UTF-8&quot; http-equiv=&quot;Content-Type&quot;/&gt;
                  &lt;meta content=&quot;IE=edge&quot; http-equiv=&quot;X-UA-Compatible&quot;/&gt;
                  &lt;meta content=&quot;width=device-width, initial-scale=1&quot; name=&quot;viewport&quot;/&gt;
                  &lt;title&gt;
            TEAMMATES - Submit Feedback
         &lt;/title&gt;
         &lt;#comment         &lt;/#comment&gt;
         &lt;link href=&quot;/bootstrap/css/bootstrap.min.css&quot; rel=&quot;stylesheet&quot;/&gt;
                  &lt;#comment         &lt;/#comment&gt;
         &lt;link href=&quot;/bootstrap/css/bootstrap-theme.min.css&quot; rel=&quot;stylesheet&quot;/&gt;
                  &lt;link href=&quot;/stylesheets/teammatesCommon.css&quot; media=&quot;screen&quot; rel=&quot;stylesheet&quot; type=&quot;text/css&quot;/&gt;
                  &lt;script async=&quot;&quot; src=&quot;https://ssl.google-analytics.com/ga.js&quot; type=&quot;text/javascript&quot;&gt;
         &lt;/script&gt;
         &lt;script src=&quot;/js/googleAnalytics.js&quot; type=&quot;text/javascript&quot;&gt;
         &lt;/script&gt;
         &lt;script src=&quot;/js/jquery-minified.js&quot; type=&quot;text/javascript&quot;&gt;
         &lt;/script&gt;
         &lt;script src=&quot;/js/common.js&quot; type=&quot;text/javascript&quot;&gt;
         &lt;/script&gt;
         &lt;script src=&quot;/js/additionalQuestionInfo.js&quot; type=&quot;text/javascript&quot;&gt;
         &lt;/script&gt;
         &lt;script src=&quot;/js/student.js&quot; type=&quot;text/javascript&quot;&gt;
         &lt;/script&gt;
         &lt;#comment         &lt;/#comment&gt;
         &lt;script src=&quot;/bootstrap/js/bootstrap.min.js&quot;&gt;
         &lt;/script&gt;
         &lt;#comment         &lt;/#comment&gt;
         &lt;#comment         &lt;/#comment&gt;
      &lt;/head&gt;
      &lt;body&gt;
         &lt;div class=&quot;navbar navbar-inverse navbar-fixed-top&quot; role=&quot;navigation&quot;&gt;
            &lt;div class=&quot;container&quot;&gt;
               &lt;div class=&quot;navbar-header&quot;&gt;
                  &lt;button class=&quot;navbar-toggle&quot; data-target=&quot;#contentLinks&quot; data-toggle=&quot;collapse&quot; type=&quot;button&quot;&gt;
                     &lt;span class=&quot;sr-only&quot;&gt;
                        Toggle navigation
                     &lt;/span&gt;
                     &lt;span class=&quot;icon-bar&quot;&gt;
                     &lt;/span&gt;
                     &lt;span class=&quot;icon-bar&quot;&gt;
                     &lt;/span&gt;
                     &lt;span class=&quot;icon-bar&quot;&gt;
                     &lt;/span&gt;
                  &lt;/button&gt;
                  &lt;a class=&quot;navbar-brand&quot; href=&quot;/index.html&quot;&gt;
                     TEAMMATES
                  &lt;/a&gt;
               &lt;/div&gt;
               &lt;div class=&quot;collapse navbar-collapse&quot; id=&quot;contentLinks&quot;&gt;
                  &lt;ul class=&quot;nav navbar-nav&quot;&gt;
                     &lt;li class=&quot;&quot;&gt;
                        &lt;a class=&quot;navLinks&quot; href=&quot;/page/studentHomePage?user=SFResultsUiT.alice.b&quot; id=&quot;studentHomeNavLink&quot;&gt;
                           Home
                        &lt;/a&gt;
                     &lt;/li&gt;
                     &lt;li class=&quot;&quot;&gt;
                        &lt;a class=&quot;navLinks&quot; href=&quot;/page/studentProfilePage?user=SFResultsUiT.alice.b&quot; id=&quot;studentProfileNavLink&quot;&gt;
                           Profile
                        &lt;/a&gt;
                     &lt;/li&gt;
                     &lt;li class=&quot;&quot;&gt;
                        &lt;a class=&quot;navLinks&quot; href=&quot;/page/studentCommentsPage?user=SFResultsUiT.alice.b&quot; id=&quot;studentCommentsNavLink&quot;&gt;
                           Comments
                        &lt;/a&gt;
                     &lt;/li&gt;
                     &lt;li class=&quot;&quot;&gt;
                        &lt;a class=&quot;nav&quot; href=&quot;/studentHelp.html&quot; id=&quot;studentHelpLink&quot; target=&quot;_blank&quot;&gt;
                           Help
                        &lt;/a&gt;
                     &lt;/li&gt;
                  &lt;/ul&gt;
                  &lt;ul class=&quot;nav navbar-nav pull-right&quot;&gt;
                     &lt;li&gt;
                        &lt;a class=&quot;nav logout&quot; href=&quot;/logout.jsp&quot;&gt;
                           Logout
                                (
                           &lt;span class=&quot;text-info&quot; data-original-title=&quot;SFResultsUiT.alice.b&quot; data-placement=&quot;bottom&quot; data-toggle=&quot;tooltip&quot; title=&quot;&quot;&gt;
                              SFResultsUiT.alice.b
                           &lt;/span&gt;
                           )
                        &lt;/a&gt;
                     &lt;/li&gt;
                  &lt;/ul&gt;
               &lt;/div&gt;
            &lt;/div&gt;
         &lt;/div&gt;
         &lt;div id=&quot;frameBody&quot;&gt;
            &lt;div class=&quot;container&quot; id=&quot;frameBodyWrapper&quot;&gt;
               &lt;div id=&quot;topOfPage&quot;&gt;
               &lt;/div&gt;
               &lt;h1&gt;
                  Feedback Results - Student
               &lt;/h1&gt;
               &lt;br/&gt;
                              &lt;div class=&quot;well well-plain&quot;&gt;
                  &lt;div class=&quot;panel-body&quot;&gt;
                     &lt;div class=&quot;form-horizontal&quot;&gt;
                        &lt;div class=&quot;panel-heading&quot;&gt;
                           &lt;div class=&quot;form-group&quot;&gt;
                              &lt;label class=&quot;col-sm-2 control-label&quot;&gt;
                                 Course:
                              &lt;/label&gt;
                              &lt;div class=&quot;col-sm-10&quot;&gt;
                                 &lt;p class=&quot;form-control-static&quot;&gt;
                                    SFResultsUiT.CS2104
                                 &lt;/p&gt;
                              &lt;/div&gt;
                           &lt;/div&gt;
                           &lt;div class=&quot;form-group&quot;&gt;
                              &lt;label class=&quot;col-sm-2 control-label&quot;&gt;
                                 Session:
                              &lt;/label&gt;
                              &lt;div class=&quot;col-sm-10&quot;&gt;
                                 &lt;p class=&quot;form-control-static&quot;&gt;
                                    NUMSCALE Session
                                 &lt;/p&gt;
                              &lt;/div&gt;
                           &lt;/div&gt;
                           &lt;div class=&quot;form-group&quot;&gt;
                              &lt;label class=&quot;col-sm-2 control-label&quot;&gt;
                                 Opening time:
                              &lt;/label&gt;
                              &lt;div class=&quot;col-sm-10&quot;&gt;
                                 &lt;p class=&quot;form-control-static&quot;&gt;
                                    01 Apr 2012, 23:59
                                 &lt;/p&gt;
                              &lt;/div&gt;
                           &lt;/div&gt;
                           &lt;div class=&quot;form-group&quot;&gt;
                              &lt;label class=&quot;col-sm-2 control-label&quot;&gt;
                                 Closing time:
                              &lt;/label&gt;
                              &lt;div class=&quot;col-sm-10&quot;&gt;
                                 &lt;p class=&quot;form-control-static&quot;&gt;
                                    30 Apr 2016, 23:59
                                 &lt;/p&gt;
                              &lt;/div&gt;
                           &lt;/div&gt;
                        &lt;/div&gt;
                     &lt;/div&gt;
                  &lt;/div&gt;
               &lt;/div&gt;
               &lt;br/&gt;
                              &lt;div class=&quot;alert alert-warning&quot; id=&quot;statusMessage&quot;&gt;
                  You have received feedback from others. Please see below.
               &lt;/div&gt;
               &lt;script type=&quot;text/javascript&quot;&gt;
                  document.getElementById( &#039;statusMessage&#039; ).scrollIntoView();
               &lt;/script&gt;
               &lt;br/&gt;
                              &lt;div class=&quot;panel panel-default&quot;&gt;
                  &lt;div class=&quot;panel-heading&quot;&gt;
                     &lt;h4&gt;
                        Question 1:
                        &lt;span class=&quot;text-preserve-space&quot;&gt;
                           Rate your product?Â 
                           &lt;span style=&quot; white-space: normal;&quot;&gt;
                              &lt;a class=&quot;color_gray&quot; data-less=&quot;[less]&quot; data-more=&quot;[more]&quot; href=&quot;javascript:;&quot; id=&quot;questionAdditionalInfoButton-1-&quot; onclick=&quot;toggleAdditionalQuestionInfo(&#039;1-&#039;)&quot;&gt;
                                 [more]
                              &lt;/a&gt;
                              &lt;br/&gt;
                                                            &lt;span id=&quot;questionAdditionalInfo-1-&quot; style=&quot;display:none;&quot;&gt;
                                 Numerical-scale question:
                                 &lt;br/&gt;
                                                                  Minimum value: 1. Increment: 0.5. Maximum value: 5.
                              &lt;/span&gt;
                           &lt;/span&gt;
                        &lt;/span&gt;
                     &lt;/h4&gt;
                     &lt;div class=&quot;panel panel-primary&quot;&gt;
                        &lt;div class=&quot;panel-heading&quot;&gt;
                           &lt;b&gt;
                              To:
                           &lt;/b&gt;
                           You
                        &lt;/div&gt;
                        &lt;table class=&quot;table&quot;&gt;
                           &lt;tbody&gt;
                              &lt;tr class=&quot;resultSubheader&quot;&gt;
                                 &lt;td&gt;
                                    &lt;span class=&quot;bold&quot;&gt;
                                       &lt;b&gt;
                                          From:
                                       &lt;/b&gt;
                                    &lt;/span&gt;
                                    You
                                 &lt;/td&gt;
                              &lt;/tr&gt;
                              &lt;tr&gt;
                                 &lt;td class=&quot;text-preserve-space&quot;&gt;
                                    1
                                 &lt;/td&gt;
                              &lt;/tr&gt;
                           &lt;/tbody&gt;
                        &lt;/table&gt;
                     &lt;/div&gt;
                  &lt;/div&gt;
               &lt;/div&gt;
               &lt;br/&gt;
                              &lt;div class=&quot;panel panel-default&quot;&gt;
                  &lt;div class=&quot;panel-heading&quot;&gt;
                     &lt;h4&gt;
                        Question 2:
                        &lt;span class=&quot;text-preserve-space&quot;&gt;
                           Rate others&#039; product?Â 
                           &lt;span style=&quot; white-space: normal;&quot;&gt;
                              &lt;a class=&quot;color_gray&quot; data-less=&quot;[less]&quot; data-more=&quot;[more]&quot; href=&quot;javascript:;&quot; id=&quot;questionAdditionalInfoButton-2-&quot; onclick=&quot;toggleAdditionalQuestionInfo(&#039;2-&#039;)&quot;&gt;
                                 [more]
                              &lt;/a&gt;
                              &lt;br/&gt;
                                                            &lt;span id=&quot;questionAdditionalInfo-2-&quot; style=&quot;display:none;&quot;&gt;
                                 Numerical-scale question:
                                 &lt;br/&gt;
                                                                  Minimum value: 1. Increment: 0.5. Maximum value: 5.
                              &lt;/span&gt;
                           &lt;/span&gt;
                        &lt;/span&gt;
                     &lt;/h4&gt;
                     &lt;div class=&quot;panel panel-primary&quot;&gt;
                        &lt;div class=&quot;panel-heading&quot;&gt;
                           &lt;b&gt;
                              To:
                           &lt;/b&gt;
                           Benny Charles
                        &lt;/div&gt;
                        &lt;table class=&quot;table&quot;&gt;
                           &lt;tbody&gt;
                              &lt;tr class=&quot;resultSubheader&quot;&gt;
                                 &lt;td&gt;
                                    &lt;span class=&quot;bold&quot;&gt;
                                       &lt;b&gt;
                                          From:
                                       &lt;/b&gt;
                                    &lt;/span&gt;
                                    You
                                 &lt;/td&gt;
                              &lt;/tr&gt;
                              &lt;tr&gt;
                                 &lt;td class=&quot;text-preserve-space&quot;&gt;
                                    5
                                 &lt;/td&gt;
                              &lt;/tr&gt;
                           &lt;/tbody&gt;
                        &lt;/table&gt;
                     &lt;/div&gt;
                     &lt;div class=&quot;panel panel-primary&quot;&gt;
                        &lt;div class=&quot;panel-heading&quot;&gt;
                           &lt;b&gt;
                              To:
                           &lt;/b&gt;
                           Danny Engrid
                        &lt;/div&gt;
                        &lt;table class=&quot;table&quot;&gt;
                           &lt;tbody&gt;
                              &lt;tr class=&quot;resultSubheader&quot;&gt;
                                 &lt;td&gt;
                                    &lt;span class=&quot;bold&quot;&gt;
                                       &lt;b&gt;
                                          From:
                                       &lt;/b&gt;
                                    &lt;/span&gt;
                                    You
                                 &lt;/td&gt;
                              &lt;/tr&gt;
                              &lt;tr&gt;
                                 &lt;td class=&quot;text-preserve-space&quot;&gt;
                                    3.5
                                 &lt;/td&gt;
                              &lt;/tr&gt;
                           &lt;/tbody&gt;
                        &lt;/table&gt;
                     &lt;/div&gt;
                  &lt;/div&gt;
               &lt;/div&gt;
               &lt;br/&gt;
                              &lt;div class=&quot;panel panel-default&quot;&gt;
                  &lt;div class=&quot;panel-heading&quot;&gt;
                     &lt;h4&gt;
                        Question 3:
                        &lt;span class=&quot;text-preserve-space&quot;&gt;
                           Rate your team&#039;s product?Â 
                           &lt;span style=&quot; white-space: normal;&quot;&gt;
                              &lt;a class=&quot;color_gray&quot; data-less=&quot;[less]&quot; data-more=&quot;[more]&quot; href=&quot;javascript:;&quot; id=&quot;questionAdditionalInfoButton-3-&quot; onclick=&quot;toggleAdditionalQuestionInfo(&#039;3-&#039;)&quot;&gt;
                                 [more]
                              &lt;/a&gt;
                              &lt;br/&gt;
                                                            &lt;span id=&quot;questionAdditionalInfo-3-&quot; style=&quot;display:none;&quot;&gt;
                                 Numerical-scale question:
                                 &lt;br/&gt;
                                                                  Minimum value: 1. Increment: 0.5. Maximum value: 5.
                              &lt;/span&gt;
                           &lt;/span&gt;
                        &lt;/span&gt;
                     &lt;/h4&gt;
                     &lt;div class=&quot;panel-body&quot;&gt;
                        &lt;div class=&quot;row&quot;&gt;
                           &lt;div class=&quot;col-sm-4 text-color-gray&quot;&gt;
                              &lt;strong&gt;
                                 Response Summary
                              &lt;/strong&gt;
                           &lt;/div&gt;
                        &lt;/div&gt;
                        &lt;div class=&quot;row&quot;&gt;
                           &lt;form class=&quot;form-horizontal col-sm-12&quot; role=&quot;form&quot;&gt;
                              &lt;div class=&quot;form-group margin-0&quot;&gt;
                                 &lt;label class=&quot;col-sm-2 control-label font-weight-normal&quot;&gt;
                                    Average:
                                 &lt;/label&gt;
                                 &lt;div class=&quot;col-sm-3&quot;&gt;
                                    &lt;p class=&quot;form-control-static&quot;&gt;
                                       2.25
                                    &lt;/p&gt;
                                 &lt;/div&gt;
                              &lt;/div&gt;
                              &lt;div class=&quot;form-group margin-0&quot;&gt;
                                 &lt;label class=&quot;col-sm-2 control-label font-weight-normal&quot;&gt;
                                    Minimum:
                                 &lt;/label&gt;
                                 &lt;div class=&quot;col-sm-3&quot;&gt;
                                    &lt;p class=&quot;form-control-static&quot;&gt;
                                       2
                                    &lt;/p&gt;
                                 &lt;/div&gt;
                              &lt;/div&gt;
                              &lt;div class=&quot;form-group margin-0&quot;&gt;
                                 &lt;label class=&quot;col-sm-2 control-label font-weight-normal&quot;&gt;
                                    Maximum:
                                 &lt;/label&gt;
                                 &lt;div class=&quot;col-sm-3&quot;&gt;
                                    &lt;p class=&quot;form-control-static&quot;&gt;
                                       2.5
                                    &lt;/p&gt;
                                 &lt;/div&gt;
                              &lt;/div&gt;
                           &lt;/form&gt;
                        &lt;/div&gt;
                     &lt;/div&gt;
                     &lt;div class=&quot;panel panel-primary&quot;&gt;
                        &lt;div class=&quot;panel-heading&quot;&gt;
                           &lt;b&gt;
                              To:
                           &lt;/b&gt;
                           You
                        &lt;/div&gt;
                        &lt;table class=&quot;table&quot;&gt;
                           &lt;tbody&gt;
                              &lt;tr class=&quot;resultSubheader&quot;&gt;
                                 &lt;td&gt;
                                    &lt;span class=&quot;bold&quot;&gt;
                                       &lt;b&gt;
                                          From:
                                       &lt;/b&gt;
                                    &lt;/span&gt;
                                    Benny Charles
                                 &lt;/td&gt;
                              &lt;/tr&gt;
                              &lt;tr&gt;
                                 &lt;td class=&quot;text-preserve-space&quot;&gt;
                                    2.5
                                 &lt;/td&gt;
                              &lt;/tr&gt;
                              &lt;tr class=&quot;resultSubheader&quot;&gt;
                                 &lt;td&gt;
                                    &lt;span class=&quot;bold&quot;&gt;
                                       &lt;b&gt;
                                          From:
                                       &lt;/b&gt;
                                    &lt;/span&gt;
                                    Danny Engrid
                                 &lt;/td&gt;
                              &lt;/tr&gt;
                              &lt;tr&gt;
                                 &lt;td class=&quot;text-preserve-space&quot;&gt;
                                    2
                                 &lt;/td&gt;
                              &lt;/tr&gt;
                           &lt;/tbody&gt;
                        &lt;/table&gt;
                     &lt;/div&gt;
                  &lt;/div&gt;
               &lt;/div&gt;
               &lt;br/&gt;
                              &lt;div class=&quot;panel panel-default&quot;&gt;
                  &lt;div class=&quot;panel-heading&quot;&gt;
                     &lt;h4&gt;
                        Question 4:
                        &lt;span class=&quot;text-preserve-space&quot;&gt;
                           Rate the classÂ 
                           &lt;span style=&quot; white-space: normal;&quot;&gt;
                              &lt;a class=&quot;color_gray&quot; data-less=&quot;[less]&quot; data-more=&quot;[more]&quot; href=&quot;javascript:;&quot; id=&quot;questionAdditionalInfoButton-4-&quot; onclick=&quot;toggleAdditionalQuestionInfo(&#039;4-&#039;)&quot;&gt;
                                 [more]
                              &lt;/a&gt;
                              &lt;br/&gt;
                                                            &lt;span id=&quot;questionAdditionalInfo-4-&quot; style=&quot;display:none;&quot;&gt;
                                 Numerical-scale question:
                                 &lt;br/&gt;
                                                                  Minimum value: -5. Increment: 0.5. Maximum value: 5.
                              &lt;/span&gt;
                           &lt;/span&gt;
                        &lt;/span&gt;
                     &lt;/h4&gt;
                     &lt;div class=&quot;panel-body&quot;&gt;
                        &lt;div class=&quot;row&quot;&gt;
                           &lt;div class=&quot;col-sm-4 text-color-gray&quot;&gt;
                              &lt;strong&gt;
                                 Response Summary
                              &lt;/strong&gt;
                           &lt;/div&gt;
                        &lt;/div&gt;
                        &lt;div class=&quot;row&quot;&gt;
                           &lt;form class=&quot;form-horizontal col-sm-12&quot; role=&quot;form&quot;&gt;
                              &lt;div class=&quot;form-group margin-0&quot;&gt;
                                 &lt;label class=&quot;col-sm-2 control-label font-weight-normal&quot;&gt;
                                    Average:
                                 &lt;/label&gt;
                                 &lt;div class=&quot;col-sm-3&quot;&gt;
                                    &lt;p class=&quot;form-control-static&quot;&gt;
                                       0.25
                                    &lt;/p&gt;
                                 &lt;/div&gt;
                              &lt;/div&gt;
                              &lt;div class=&quot;form-group margin-0&quot;&gt;
                                 &lt;label class=&quot;col-sm-2 control-label font-weight-normal&quot;&gt;
                                    Minimum:
                                 &lt;/label&gt;
                                 &lt;div class=&quot;col-sm-3&quot;&gt;
                                    &lt;p class=&quot;form-control-static&quot;&gt;
                                       -2
                                    &lt;/p&gt;
                                 &lt;/div&gt;
                              &lt;/div&gt;
                              &lt;div class=&quot;form-group margin-0&quot;&gt;
                                 &lt;label class=&quot;col-sm-2 control-label font-weight-normal&quot;&gt;
                                    Maximum:
                                 &lt;/label&gt;
                                 &lt;div class=&quot;col-sm-3&quot;&gt;
                                    &lt;p class=&quot;form-control-static&quot;&gt;
                                       2.5
                                    &lt;/p&gt;
                                 &lt;/div&gt;
                              &lt;/div&gt;
                           &lt;/form&gt;
                        &lt;/div&gt;
                     &lt;/div&gt;
                     &lt;div class=&quot;panel panel-primary&quot;&gt;
                        &lt;div class=&quot;panel-heading&quot;&gt;
                           &lt;b&gt;
                              To:
                           &lt;/b&gt;
                           -
                        &lt;/div&gt;
                        &lt;table class=&quot;table&quot;&gt;
                           &lt;tbody&gt;
                              &lt;tr class=&quot;resultSubheader&quot;&gt;
                                 &lt;td&gt;
                                    &lt;span class=&quot;bold&quot;&gt;
                                       &lt;b&gt;
                                          From:
                                       &lt;/b&gt;
                                    &lt;/span&gt;
                                    You
                                 &lt;/td&gt;
                              &lt;/tr&gt;
                              &lt;tr&gt;
                                 &lt;td class=&quot;text-preserve-space&quot;&gt;
                                    2.5
                                 &lt;/td&gt;
                              &lt;/tr&gt;
                              &lt;tr class=&quot;resultSubheader&quot;&gt;
                                 &lt;td&gt;
                                    &lt;span class=&quot;bold&quot;&gt;
                                       &lt;b&gt;
                                          From:
                                       &lt;/b&gt;
                                    &lt;/span&gt;
                                    Anonymous student 410339386
                                 &lt;/td&gt;
                              &lt;/tr&gt;
                              &lt;tr&gt;
                                 &lt;td class=&quot;text-preserve-space&quot;&gt;
                                    -2
                                 &lt;/td&gt;
                              &lt;/tr&gt;
                           &lt;/tbody&gt;
                        &lt;/table&gt;
                     &lt;/div&gt;
                  &lt;/div&gt;
               &lt;/div&gt;
               &lt;br/&gt;
                              &lt;div class=&quot;panel panel-default&quot;&gt;
                  &lt;div class=&quot;panel-heading&quot;&gt;
                     &lt;h4&gt;
                        Question 5:
                        &lt;span class=&quot;text-preserve-space&quot;&gt;
                           Rate other team&#039;s productsÂ 
                           &lt;span style=&quot; white-space: normal;&quot;&gt;
                              &lt;a class=&quot;color_gray&quot; data-less=&quot;[less]&quot; data-more=&quot;[more]&quot; href=&quot;javascript:;&quot; id=&quot;questionAdditionalInfoButton-5-&quot; onclick=&quot;toggleAdditionalQuestionInfo(&#039;5-&#039;)&quot;&gt;
                                 [more]
                              &lt;/a&gt;
                              &lt;br/&gt;
                                                            &lt;span id=&quot;questionAdditionalInfo-5-&quot; style=&quot;display:none;&quot;&gt;
                                 Numerical-scale question:
                                 &lt;br/&gt;
                                                                  Minimum value: -5. Increment: 0.5. Maximum value: 5.
                              &lt;/span&gt;
                           &lt;/span&gt;
                        &lt;/span&gt;
                     &lt;/h4&gt;
                     &lt;div class=&quot;panel-body&quot;&gt;
                        &lt;div class=&quot;row&quot;&gt;
                           &lt;div class=&quot;col-sm-4 text-color-gray&quot;&gt;
                              &lt;strong&gt;
                                 Response Summary
                              &lt;/strong&gt;
                           &lt;/div&gt;
                        &lt;/div&gt;
                        &lt;div class=&quot;row&quot;&gt;
                           &lt;form class=&quot;form-horizontal col-sm-12&quot; role=&quot;form&quot;&gt;
                              &lt;div class=&quot;form-group margin-0&quot;&gt;
                                 &lt;label class=&quot;col-sm-2 control-label font-weight-normal&quot;&gt;
                                    Average:
                                 &lt;/label&gt;
                                 &lt;div class=&quot;col-sm-3&quot;&gt;
                                    &lt;p class=&quot;form-control-static&quot;&gt;
                                       3.75
                                    &lt;/p&gt;
                                 &lt;/div&gt;
                              &lt;/div&gt;
                              &lt;div class=&quot;form-group margin-0&quot;&gt;
                                 &lt;label class=&quot;col-sm-2 control-label font-weight-normal&quot;&gt;
                                    Minimum:
                                 &lt;/label&gt;
                                 &lt;div class=&quot;col-sm-3&quot;&gt;
                                    &lt;p class=&quot;form-control-static&quot;&gt;
                                       3.5
                                    &lt;/p&gt;
                                 &lt;/div&gt;
                              &lt;/div&gt;
                              &lt;div class=&quot;form-group margin-0&quot;&gt;
                                 &lt;label class=&quot;col-sm-2 control-label font-weight-normal&quot;&gt;
                                    Maximum:
                                 &lt;/label&gt;
                                 &lt;div class=&quot;col-sm-3&quot;&gt;
                                    &lt;p class=&quot;form-control-static&quot;&gt;
                                       4
                                    &lt;/p&gt;
                                 &lt;/div&gt;
                              &lt;/div&gt;
                           &lt;/form&gt;
                        &lt;/div&gt;
                     &lt;/div&gt;
                     &lt;div class=&quot;panel panel-primary&quot;&gt;
                        &lt;div class=&quot;panel-heading&quot;&gt;
                           &lt;b&gt;
                              To:
                           &lt;/b&gt;
                           Your Team (Team 1)
                        &lt;/div&gt;
                        &lt;table class=&quot;table&quot;&gt;
                           &lt;tbody&gt;
                              &lt;tr class=&quot;resultSubheader&quot;&gt;
                                 &lt;td&gt;
                                    &lt;span class=&quot;bold&quot;&gt;
                                       &lt;b&gt;
                                          From:
                                       &lt;/b&gt;
                                    &lt;/span&gt;
                                    Your Team (Team 1)
                                 &lt;/td&gt;
                              &lt;/tr&gt;
                              &lt;tr&gt;
                                 &lt;td class=&quot;text-preserve-space&quot;&gt;
                                    3.5
                                 &lt;/td&gt;
                              &lt;/tr&gt;
                              &lt;tr class=&quot;resultSubheader&quot;&gt;
                                 &lt;td&gt;
                                    &lt;span class=&quot;bold&quot;&gt;
                                       &lt;b&gt;
                                          From:
                                       &lt;/b&gt;
                                    &lt;/span&gt;
                                    Team 2
                                 &lt;/td&gt;
                              &lt;/tr&gt;
                              &lt;tr&gt;
                                 &lt;td class=&quot;text-preserve-space&quot;&gt;
                                    4
                                 &lt;/td&gt;
                              &lt;/tr&gt;
                           &lt;/tbody&gt;
                        &lt;/table&gt;
                     &lt;/div&gt;
                  &lt;/div&gt;
               &lt;/div&gt;
               &lt;br/&gt;
                           &lt;/div&gt;
         &lt;/div&gt;
         &lt;div id=&quot;frameBottom&quot;&gt;
            &lt;div class=&quot;container-fluid&quot; id=&quot;footerComponent&quot;&gt;
               &lt;div class=&quot;container&quot;&gt;
                  &lt;div class=&quot;row&quot;&gt;
                     &lt;div class=&quot;col-md-4&quot;&gt;
                        &lt;span&gt;
                           [
                           &lt;a href=&quot;/index.html&quot;&gt;
                              TEAMMATES
                           &lt;/a&gt;
                           V4.99]
                        &lt;/span&gt;
                     &lt;/div&gt;
                     &lt;div class=&quot;col-md-4&quot;&gt;
                        [for
                        &lt;span class=&quot;highlight-white&quot;&gt;
                           &lt;span class=&quot;color_white&quot;&gt;
                              TEAMMATES Test Institute 1
                           &lt;/span&gt;
                        &lt;/span&gt;
                        ]
                     &lt;/div&gt;
                     &lt;div class=&quot;col-md-4&quot;&gt;
                        &lt;span&gt;
                           [Send
                           &lt;a class=&quot;link&quot; href=&quot;../contact.html&quot; target=&quot;_blank&quot;&gt;
                              Feedback
                           &lt;/a&gt;
                           ]
                        &lt;/span&gt;
                     &lt;/div&gt;
                  &lt;/div&gt;
               &lt;/div&gt;
            &lt;/div&gt;
         &lt;/div&gt;
      &lt;/body&gt;
   &lt;/html&gt;

&lt;/actual]&gt;&gt;">
      <![CDATA[org.junit.ComparisonFailure: expected:<<[expected>

   <html>
      <head>
         <link href="/favicon.png" rel="shortcut icon"/>
                  <meta content="text/html; charset=UTF-8" http-equiv="Content-Type"/>
                  <meta content="IE=edge" http-equiv="X-UA-Compatible"/>
                  <meta content="width=device-width, initial-scale=1" name="viewport"/>
                  <title>
            TEAMMATES - Submit Feedback
         </title>
         <#comment         </#comment>
         <link href="/bootstrap/css/bootstrap.min.css" rel="stylesheet"/>
                  <#comment         </#comment>
         <link href="/bootstrap/css/bootstrap-theme.min.css" rel="stylesheet"/>
                  <link href="/stylesheets/teammatesCommon.css" media="screen" rel="stylesheet" type="text/css"/>
                  <script async="" src="https://ssl.google-analytics.com/ga.js" type="text/javascript">
         </script>
         <script src="/js/googleAnalytics.js" type="text/javascript">
         </script>
         <script src="/js/jquery-minified.js" type="text/javascript">
         </script>
         <script src="/js/common.js" type="text/javascript">
         </script>
         <script src="/js/additionalQuestionInfo.js" type="text/javascript">
         </script>
         <script src="/js/student.js" type="text/javascript">
         </script>
         <#comment         </#comment>
         <script src="/bootstrap/js/bootstrap.min.js">
         </script>
         <#comment         </#comment>
         <#comment         </#comment>
      </head>
      <body>
         <div class="navbar navbar-inverse navbar-fixed-top" role="navigation">
            <div class="container">
               <div class="navbar-header">
                  <button class="navbar-toggle" data-target="#contentLinks" data-toggle="collapse" type="button">
                     <span class="sr-only">
                        Toggle navigation
                     </span>
                     <span class="icon-bar">
                     </span>
                     <span class="icon-bar">
                     </span>
                     <span class="icon-bar">
                     </span>
                  </button>
                  <a class="navbar-brand" href="/index.html">
                     TEAMMATES
                  </a>
               </div>
               <div class="collapse navbar-collapse" id="contentLinks">
                  <ul class="nav navbar-nav">
                     <li class="">
                        <a class="navLinks" href="/page/studentHomePage?user=SFResultsUiT.alice.b" id="studentHomeNavLink">
                           Home
                        </a>
                     </li>
                     <li class="">
                        <a class="navLinks" href="/page/studentProfilePage?user=SFResultsUiT.alice.b" id="studentProfileNavLink">
                           Profile
                        </a>
                     </li>
                     <li class="">
                        <a class="navLinks" href="/page/studentCommentsPage?user=SFResultsUiT.alice.b" id="studentCommentsNavLink">
                           Comments
                        </a>
                     </li>
                     <li class="">
                        <a class="nav" href="/studentHelp.html" id="studentHelpLink" target="_blank">
                           Help
                        </a>
                     </li>
                  </ul>
                  <ul class="nav navbar-nav pull-right">
                     <li>
                        <a class="nav logout" href="/logout.jsp">
                           Logout
                                (
                           <span class="text-info" data-original-title="SFResultsUiT.alice.b" data-placement="bottom" data-toggle="tooltip" title="">
                              SFResultsUiT.alice.b
                           </span>
                           )
                        </a>
                     </li>
                  </ul>
               </div>
            </div>
         </div>
         <div id="frameBody">
            <div class="container" id="frameBodyWrapper">
               <div id="topOfPage">
               </div>
               <h1>
                  Feedback Results - Student
               </h1>
               <br/>
                              <div class="well well-plain">
                  <div class="panel-body">
                     <div class="form-horizontal">
                        <div class="panel-heading">
                           <div class="form-group">
                              <label class="col-sm-2 control-label">
                                 Course:
                              </label>
                              <div class="col-sm-10">
                                 <p class="form-control-static">
                                    SFResultsUiT.CS2104
                                 </p>
                              </div>
                           </div>
                           <div class="form-group">
                              <label class="col-sm-2 control-label">
                                 Session:
                              </label>
                              <div class="col-sm-10">
                                 <p class="form-control-static">
                                    NUMSCALE Session
                                 </p>
                              </div>
                           </div>
                           <div class="form-group">
                              <label class="col-sm-2 control-label">
                                 Opening time:
                              </label>
                              <div class="col-sm-10">
                                 <p class="form-control-static">
                                    01 Apr 2012, 23:59
                                 </p>
                              </div>
                           </div>
                           <div class="form-group">
                              <label class="col-sm-2 control-label">
                                 Closing time:
                              </label>
                              <div class="col-sm-10">
                                 <p class="form-control-static">
                                    30 Apr 2016, 23:59
                                 </p>
                              </div>
                           </div>
                        </div>
                     </div>
                  </div>
               </div>
               <br/>
                              <div class="alert alert-warning" id="statusMessage">
                  You have received feedback from others. Please see below.
               </div>
               <script type="text/javascript">
                  document.getElementById( 'statusMessage' ).scrollIntoView();
               </script>
               <br/>
                              <div class="panel panel-default">
                  <div class="panel-heading">
                     <h4>
                        Question 1:
                        <span class="text-preserve-space">
                           Rate your product?Â 
                           <span style=" white-space: normal;">
                              <a class="color_gray" data-less="[less]" data-more="[more]" href="javascript:;" id="questionAdditionalInfoButton-1-" onclick="toggleAdditionalQuestionInfo('1-')">
                                 [more]
                              </a>
                              <br/>
                                                            <span id="questionAdditionalInfo-1-" style="display:none;">
                                 Numerical-scale question:
                                 <br/>
                                                                  Minimum value: 1. Increment: 0.5. Maximum value: 5.
                              </span>
                           </span>
                        </span>
                     </h4>
                     <div class="panel panel-primary">
                        <div class="panel-heading">
                           <b>
                              To:
                           </b>
                           You
                        </div>
                        <table class="table">
                           <tbody>
                              <tr class="resultSubheader">
                                 <td>
                                    <span class="bold">
                                       <b>
                                          From:
                                       </b>
                                    </span>
                                    You
                                 </td>
                              </tr>
                              <tr>
                                 <td class="text-preserve-space">
                                    1
                                 </td>
                              </tr>
                           </tbody>
                        </table>
                     </div>
                  </div>
               </div>
               <br/>
                              <div class="panel panel-default">
                  <div class="panel-heading">
                     <h4>
                        Question 2:
                        <span class="text-preserve-space">
                           Rate others' product?Â 
                           <span style=" white-space: normal;">
                              <a class="color_gray" data-less="[less]" data-more="[more]" href="javascript:;" id="questionAdditionalInfoButton-2-" onclick="toggleAdditionalQuestionInfo('2-')">
                                 [more]
                              </a>
                              <br/>
                                                            <span id="questionAdditionalInfo-2-" style="display:none;">
                                 Numerical-scale question:
                                 <br/>
                                                                  Minimum value: 1. Increment: 0.5. Maximum value: 5.
                              </span>
                           </span>
                        </span>
                     </h4>
                     <div class="panel panel-primary">
                        <div class="panel-heading">
                           <b>
                              To:
                           </b>
                           Benny Charles
                        </div>
                        <table class="table">
                           <tbody>
                              <tr class="resultSubheader">
                                 <td>
                                    <span class="bold">
                                       <b>
                                          From:
                                       </b>
                                    </span>
                                    You
                                 </td>
                              </tr>
                              <tr>
                                 <td class="text-preserve-space">
                                    5
                                 </td>
                              </tr>
                           </tbody>
                        </table>
                     </div>
                     <div class="panel panel-primary">
                        <div class="panel-heading">
                           <b>
                              To:
                           </b>
                           Danny Engrid
                        </div>
                        <table class="table">
                           <tbody>
                              <tr class="resultSubheader">
                                 <td>
                                    <span class="bold">
                                       <b>
                                          From:
                                       </b>
                                    </span>
                                    You
                                 </td>
                              </tr>
                              <tr>
                                 <td class="text-preserve-space">
                                    3.5
                                 </td>
                              </tr>
                           </tbody>
                        </table>
                     </div>
                  </div>
               </div>
               <br/>
                              <div class="panel panel-default">
                  <div class="panel-heading">
                     <h4>
                        Question 3:
                        <span class="text-preserve-space">
                           Rate your team's product?Â 
                           <span style=" white-space: normal;">
                              <a class="color_gray" data-less="[less]" data-more="[more]" href="javascript:;" id="questionAdditionalInfoButton-3-" onclick="toggleAdditionalQuestionInfo('3-')">
                                 [more]
                              </a>
                              <br/>
                                                            <span id="questionAdditionalInfo-3-" style="display:none;">
                                 Numerical-scale question:
                                 <br/>
                                                                  Minimum value: 1. Increment: 0.5. Maximum value: 5.
                              </span>
                           </span>
                        </span>
                     </h4>
                     <div class="panel-body">
                        <div class="row">
                           <div class="col-sm-4 text-color-gray">
                              <strong>
                                 Summary of responses received by you
                              </strong>
                           </div>
                        </div>
                        <div class="row">
                           <form class="form-horizontal col-sm-12" role="form">
                              <div class="form-group margin-0">
                                 <label class="col-sm-2 control-label font-weight-normal">
                                    Average:
                                 </label>
                                 <div class="col-sm-3">
                                    <p class="form-control-static">
                                       2.25
                                    </p>
                                 </div>
                              </div>
                              <div class="form-group margin-0">
                                 <label class="col-sm-2 control-label font-weight-normal">
                                    Minimum:
                                 </label>
                                 <div class="col-sm-3">
                                    <p class="form-control-static">
                                       2
                                    </p>
                                 </div>
                              </div>
                              <div class="form-group margin-0">
                                 <label class="col-sm-2 control-label font-weight-normal">
                                    Maximum:
                                 </label>
                                 <div class="col-sm-3">
                                    <p class="form-control-static">
                                       2.5
                                    </p>
                                 </div>
                              </div>
                           </form>
                        </div>
                     </div>
                     <div class="panel panel-primary">
                        <div class="panel-heading">
                           <b>
                              To:
                           </b>
                           You
                        </div>
                        <table class="table">
                           <tbody>
                              <tr class="resultSubheader">
                                 <td>
                                    <span class="bold">
                                       <b>
                                          From:
                                       </b>
                                    </span>
                                    Benny Charles
                                 </td>
                              </tr>
                              <tr>
                                 <td class="text-preserve-space">
                                    2.5
                                 </td>
                              </tr>
                              <tr class="resultSubheader">
                                 <td>
                                    <span class="bold">
                                       <b>
                                          From:
                                       </b>
                                    </span>
                                    Danny Engrid
                                 </td>
                              </tr>
                              <tr>
                                 <td class="text-preserve-space">
                                    2
                                 </td>
                              </tr>
                           </tbody>
                        </table>
                     </div>
                  </div>
               </div>
               <br/>
                              <div class="panel panel-default">
                  <div class="panel-heading">
                     <h4>
                        Question 4:
                        <span class="text-preserve-space">
                           Rate the classÂ 
                           <span style=" white-space: normal;">
                              <a class="color_gray" data-less="[less]" data-more="[more]" href="javascript:;" id="questionAdditionalInfoButton-4-" onclick="toggleAdditionalQuestionInfo('4-')">
                                 [more]
                              </a>
                              <br/>
                                                            <span id="questionAdditionalInfo-4-" style="display:none;">
                                 Numerical-scale question:
                                 <br/>
                                                                  Minimum value: -5. Increment: 0.5. Maximum value: 5.
                              </span>
                           </span>
                        </span>
                     </h4>
                     <div class="panel-body">
                        <div class="row">
                           <div class="col-sm-4 text-color-gray">
                              <strong>
                                 Response Summary
                              </strong>
                           </div>
                        </div>
                        <div class="row">
                           <form class="form-horizontal col-sm-12" role="form">
                              <div class="form-group margin-0">
                                 <label class="col-sm-2 control-label font-weight-normal">
                                    Average:
                                 </label>
                                 <div class="col-sm-3">
                                    <p class="form-control-static">
                                       0.25
                                    </p>
                                 </div>
                              </div>
                              <div class="form-group margin-0">
                                 <label class="col-sm-2 control-label font-weight-normal">
                                    Minimum:
                                 </label>
                                 <div class="col-sm-3">
                                    <p class="form-control-static">
                                       -2
                                    </p>
                                 </div>
                              </div>
                              <div class="form-group margin-0">
                                 <label class="col-sm-2 control-label font-weight-normal">
                                    Maximum:
                                 </label>
                                 <div class="col-sm-3">
                                    <p class="form-control-static">
                                       2.5
                                    </p>
                                 </div>
                              </div>
                           </form>
                        </div>
                     </div>
                     <div class="panel panel-primary">
                        <div class="panel-heading">
                           <b>
                              To:
                           </b>
                           -
                        </div>
                        <table class="table">
                           <tbody>
                              <tr class="resultSubheader">
                                 <td>
                                    <span class="bold">
                                       <b>
                                          From:
                                       </b>
                                    </span>
                                    You
                                 </td>
                              </tr>
                              <tr>
                                 <td class="text-preserve-space">
                                    2.5
                                 </td>
                              </tr>
                              <tr class="resultSubheader">
                                 <td>
                                    <span class="bold">
                                       <b>
                                          From:
                                       </b>
                                    </span>
                                    Anonymous student 410339386
                                 </td>
                              </tr>
                              <tr>
                                 <td class="text-preserve-space">
                                    -2
                                 </td>
                              </tr>
                           </tbody>
                        </table>
                     </div>
                  </div>
               </div>
               <br/>
                              <div class="panel panel-default">
                  <div class="panel-heading">
                     <h4>
                        Question 5:
                        <span class="text-preserve-space">
                           Rate other team's productsÂ 
                           <span style=" white-space: normal;">
                              <a class="color_gray" data-less="[less]" data-more="[more]" href="javascript:;" id="questionAdditionalInfoButton-5-" onclick="toggleAdditionalQuestionInfo('5-')">
                                 [more]
                              </a>
                              <br/>
                                                            <span id="questionAdditionalInfo-5-" style="display:none;">
                                 Numerical-scale question:
                                 <br/>
                                                                  Minimum value: -5. Increment: 0.5. Maximum value: 5.
                              </span>
                           </span>
                        </span>
                     </h4>
                     <div class="panel-body">
                        <div class="row">
                           <div class="col-sm-4 text-color-gray">
                              <strong>
                                 Summary of responses received by your team
                              </strong>
                           </div>
                        </div>
                        <div class="row">
                           <form class="form-horizontal col-sm-12" role="form">
                              <div class="form-group margin-0">
                                 <label class="col-sm-2 control-label font-weight-normal">
                                    Average:
                                 </label>
                                 <div class="col-sm-3">
                                    <p class="form-control-static">
                                       3.75
                                    </p>
                                 </div>
                              </div>
                              <div class="form-group margin-0">
                                 <label class="col-sm-2 control-label font-weight-normal">
                                    Minimum:
                                 </label>
                                 <div class="col-sm-3">
                                    <p class="form-control-static">
                                       3.5
                                    </p>
                                 </div>
                              </div>
                              <div class="form-group margin-0">
                                 <label class="col-sm-2 control-label font-weight-normal">
                                    Maximum:
                                 </label>
                                 <div class="col-sm-3">
                                    <p class="form-control-static">
                                       4
                                    </p>
                                 </div>
                              </div>
                           </form>
                        </div>
                     </div>
                     <div class="panel panel-primary">
                        <div class="panel-heading">
                           <b>
                              To:
                           </b>
                           Your Team (Team 1)
                        </div>
                        <table class="table">
                           <tbody>
                              <tr class="resultSubheader">
                                 <td>
                                    <span class="bold">
                                       <b>
                                          From:
                                       </b>
                                    </span>
                                    Your Team (Team 1)
                                 </td>
                              </tr>
                              <tr>
                                 <td class="text-preserve-space">
                                    3.5
                                 </td>
                              </tr>
                              <tr class="resultSubheader">
                                 <td>
                                    <span class="bold">
                                       <b>
                                          From:
                                       </b>
                                    </span>
                                    Team 2
                                 </td>
                              </tr>
                              <tr>
                                 <td class="text-preserve-space">
                                    4
                                 </td>
                              </tr>
                           </tbody>
                        </table>
                     </div>
                  </div>
               </div>
               <br/>
                           </div>
         </div>
         <div id="frameBottom">
            <div class="container-fluid" id="footerComponent">
               <div class="container">
                  <div class="row">
                     <div class="col-md-4">
                        <span>
                           [
                           <a href="/index.html">
                              TEAMMATES
                           </a>
                           V4.99]
                        </span>
                     </div>
                     <div class="col-md-4">
                        [for
                        <span class="highlight-white">
                           <span class="color_white">
                              TEAMMATES Test Institute 1
                           </span>
                        </span>
                        ]
                     </div>
                     <div class="col-md-4">
                        <span>
                           [Send
                           <a class="link" href="../contact.html" target="_blank">
                              Feedback
                           </a>
                           ]
                        </span>
                     </div>
                  </div>
               </div>
            </div>
         </div>
      </body>
   </html>

</expected]>> but was:<<[actual>

   <html>
      <head>
         <link href="/favicon.png" rel="shortcut icon"/>
                  <meta content="text/html; charset=UTF-8" http-equiv="Content-Type"/>
                  <meta content="IE=edge" http-equiv="X-UA-Compatible"/>
                  <meta content="width=device-width, initial-scale=1" name="viewport"/>
                  <title>
            TEAMMATES - Submit Feedback
         </title>
         <#comment         </#comment>
         <link href="/bootstrap/css/bootstrap.min.css" rel="stylesheet"/>
                  <#comment         </#comment>
         <link href="/bootstrap/css/bootstrap-theme.min.css" rel="stylesheet"/>
                  <link href="/stylesheets/teammatesCommon.css" media="screen" rel="stylesheet" type="text/css"/>
                  <script async="" src="https://ssl.google-analytics.com/ga.js" type="text/javascript">
         </script>
         <script src="/js/googleAnalytics.js" type="text/javascript">
         </script>
         <script src="/js/jquery-minified.js" type="text/javascript">
         </script>
         <script src="/js/common.js" type="text/javascript">
         </script>
         <script src="/js/additionalQuestionInfo.js" type="text/javascript">
         </script>
         <script src="/js/student.js" type="text/javascript">
         </script>
         <#comment         </#comment>
         <script src="/bootstrap/js/bootstrap.min.js">
         </script>
         <#comment         </#comment>
         <#comment         </#comment>
      </head>
      <body>
         <div class="navbar navbar-inverse navbar-fixed-top" role="navigation">
            <div class="container">
               <div class="navbar-header">
                  <button class="navbar-toggle" data-target="#contentLinks" data-toggle="collapse" type="button">
                     <span class="sr-only">
                        Toggle navigation
                     </span>
                     <span class="icon-bar">
                     </span>
                     <span class="icon-bar">
                     </span>
                     <span class="icon-bar">
                     </span>
                  </button>
                  <a class="navbar-brand" href="/index.html">
                     TEAMMATES
                  </a>
               </div>
               <div class="collapse navbar-collapse" id="contentLinks">
                  <ul class="nav navbar-nav">
                     <li class="">
                        <a class="navLinks" href="/page/studentHomePage?user=SFResultsUiT.alice.b" id="studentHomeNavLink">
                           Home
                        </a>
                     </li>
                     <li class="">
                        <a class="navLinks" href="/page/studentProfilePage?user=SFResultsUiT.alice.b" id="studentProfileNavLink">
                           Profile
                        </a>
                     </li>
                     <li class="">
                        <a class="navLinks" href="/page/studentCommentsPage?user=SFResultsUiT.alice.b" id="studentCommentsNavLink">
                           Comments
                        </a>
                     </li>
                     <li class="">
                        <a class="nav" href="/studentHelp.html" id="studentHelpLink" target="_blank">
                           Help
                        </a>
                     </li>
                  </ul>
                  <ul class="nav navbar-nav pull-right">
                     <li>
                        <a class="nav logout" href="/logout.jsp">
                           Logout
                                (
                           <span class="text-info" data-original-title="SFResultsUiT.alice.b" data-placement="bottom" data-toggle="tooltip" title="">
                              SFResultsUiT.alice.b
                           </span>
                           )
                        </a>
                     </li>
                  </ul>
               </div>
            </div>
         </div>
         <div id="frameBody">
            <div class="container" id="frameBodyWrapper">
               <div id="topOfPage">
               </div>
               <h1>
                  Feedback Results - Student
               </h1>
               <br/>
                              <div class="well well-plain">
                  <div class="panel-body">
                     <div class="form-horizontal">
                        <div class="panel-heading">
                           <div class="form-group">
                              <label class="col-sm-2 control-label">
                                 Course:
                              </label>
                              <div class="col-sm-10">
                                 <p class="form-control-static">
                                    SFResultsUiT.CS2104
                                 </p>
                              </div>
                           </div>
                           <div class="form-group">
                              <label class="col-sm-2 control-label">
                                 Session:
                              </label>
                              <div class="col-sm-10">
                                 <p class="form-control-static">
                                    NUMSCALE Session
                                 </p>
                              </div>
                           </div>
                           <div class="form-group">
                              <label class="col-sm-2 control-label">
                                 Opening time:
                              </label>
                              <div class="col-sm-10">
                                 <p class="form-control-static">
                                    01 Apr 2012, 23:59
                                 </p>
                              </div>
                           </div>
                           <div class="form-group">
                              <label class="col-sm-2 control-label">
                                 Closing time:
                              </label>
                              <div class="col-sm-10">
                                 <p class="form-control-static">
                                    30 Apr 2016, 23:59
                                 </p>
                              </div>
                           </div>
                        </div>
                     </div>
                  </div>
               </div>
               <br/>
                              <div class="alert alert-warning" id="statusMessage">
                  You have received feedback from others. Please see below.
               </div>
               <script type="text/javascript">
                  document.getElementById( 'statusMessage' ).scrollIntoView();
               </script>
               <br/>
                              <div class="panel panel-default">
                  <div class="panel-heading">
                     <h4>
                        Question 1:
                        <span class="text-preserve-space">
                           Rate your product?Â 
                           <span style=" white-space: normal;">
                              <a class="color_gray" data-less="[less]" data-more="[more]" href="javascript:;" id="questionAdditionalInfoButton-1-" onclick="toggleAdditionalQuestionInfo('1-')">
                                 [more]
                              </a>
                              <br/>
                                                            <span id="questionAdditionalInfo-1-" style="display:none;">
                                 Numerical-scale question:
                                 <br/>
                                                                  Minimum value: 1. Increment: 0.5. Maximum value: 5.
                              </span>
                           </span>
                        </span>
                     </h4>
                     <div class="panel panel-primary">
                        <div class="panel-heading">
                           <b>
                              To:
                           </b>
                           You
                        </div>
                        <table class="table">
                           <tbody>
                              <tr class="resultSubheader">
                                 <td>
                                    <span class="bold">
                                       <b>
                                          From:
                                       </b>
                                    </span>
                                    You
                                 </td>
                              </tr>
                              <tr>
                                 <td class="text-preserve-space">
                                    1
                                 </td>
                              </tr>
                           </tbody>
                        </table>
                     </div>
                  </div>
               </div>
               <br/>
                              <div class="panel panel-default">
                  <div class="panel-heading">
                     <h4>
                        Question 2:
                        <span class="text-preserve-space">
                           Rate others' product?Â 
                           <span style=" white-space: normal;">
                              <a class="color_gray" data-less="[less]" data-more="[more]" href="javascript:;" id="questionAdditionalInfoButton-2-" onclick="toggleAdditionalQuestionInfo('2-')">
                                 [more]
                              </a>
                              <br/>
                                                            <span id="questionAdditionalInfo-2-" style="display:none;">
                                 Numerical-scale question:
                                 <br/>
                                                                  Minimum value: 1. Increment: 0.5. Maximum value: 5.
                              </span>
                           </span>
                        </span>
                     </h4>
                     <div class="panel panel-primary">
                        <div class="panel-heading">
                           <b>
                              To:
                           </b>
                           Benny Charles
                        </div>
                        <table class="table">
                           <tbody>
                              <tr class="resultSubheader">
                                 <td>
                                    <span class="bold">
                                       <b>
                                          From:
                                       </b>
                                    </span>
                                    You
                                 </td>
                              </tr>
                              <tr>
                                 <td class="text-preserve-space">
                                    5
                                 </td>
                              </tr>
                           </tbody>
                        </table>
                     </div>
                     <div class="panel panel-primary">
                        <div class="panel-heading">
                           <b>
                              To:
                           </b>
                           Danny Engrid
                        </div>
                        <table class="table">
                           <tbody>
                              <tr class="resultSubheader">
                                 <td>
                                    <span class="bold">
                                       <b>
                                          From:
                                       </b>
                                    </span>
                                    You
                                 </td>
                              </tr>
                              <tr>
                                 <td class="text-preserve-space">
                                    3.5
                                 </td>
                              </tr>
                           </tbody>
                        </table>
                     </div>
                  </div>
               </div>
               <br/>
                              <div class="panel panel-default">
                  <div class="panel-heading">
                     <h4>
                        Question 3:
                        <span class="text-preserve-space">
                           Rate your team's product?Â 
                           <span style=" white-space: normal;">
                              <a class="color_gray" data-less="[less]" data-more="[more]" href="javascript:;" id="questionAdditionalInfoButton-3-" onclick="toggleAdditionalQuestionInfo('3-')">
                                 [more]
                              </a>
                              <br/>
                                                            <span id="questionAdditionalInfo-3-" style="display:none;">
                                 Numerical-scale question:
                                 <br/>
                                                                  Minimum value: 1. Increment: 0.5. Maximum value: 5.
                              </span>
                           </span>
                        </span>
                     </h4>
                     <div class="panel-body">
                        <div class="row">
                           <div class="col-sm-4 text-color-gray">
                              <strong>
                                 Response Summary
                              </strong>
                           </div>
                        </div>
                        <div class="row">
                           <form class="form-horizontal col-sm-12" role="form">
                              <div class="form-group margin-0">
                                 <label class="col-sm-2 control-label font-weight-normal">
                                    Average:
                                 </label>
                                 <div class="col-sm-3">
                                    <p class="form-control-static">
                                       2.25
                                    </p>
                                 </div>
                              </div>
                              <div class="form-group margin-0">
                                 <label class="col-sm-2 control-label font-weight-normal">
                                    Minimum:
                                 </label>
                                 <div class="col-sm-3">
                                    <p class="form-control-static">
                                       2
                                    </p>
                                 </div>
                              </div>
                              <div class="form-group margin-0">
                                 <label class="col-sm-2 control-label font-weight-normal">
                                    Maximum:
                                 </label>
                                 <div class="col-sm-3">
                                    <p class="form-control-static">
                                       2.5
                                    </p>
                                 </div>
                              </div>
                           </form>
                        </div>
                     </div>
                     <div class="panel panel-primary">
                        <div class="panel-heading">
                           <b>
                              To:
                           </b>
                           You
                        </div>
                        <table class="table">
                           <tbody>
                              <tr class="resultSubheader">
                                 <td>
                                    <span class="bold">
                                       <b>
                                          From:
                                       </b>
                                    </span>
                                    Benny Charles
                                 </td>
                              </tr>
                              <tr>
                                 <td class="text-preserve-space">
                                    2.5
                                 </td>
                              </tr>
                              <tr class="resultSubheader">
                                 <td>
                                    <span class="bold">
                                       <b>
                                          From:
                                       </b>
                                    </span>
                                    Danny Engrid
                                 </td>
                              </tr>
                              <tr>
                                 <td class="text-preserve-space">
                                    2
                                 </td>
                              </tr>
                           </tbody>
                        </table>
                     </div>
                  </div>
               </div>
               <br/>
                              <div class="panel panel-default">
                  <div class="panel-heading">
                     <h4>
                        Question 4:
                        <span class="text-preserve-space">
                           Rate the classÂ 
                           <span style=" white-space: normal;">
                              <a class="color_gray" data-less="[less]" data-more="[more]" href="javascript:;" id="questionAdditionalInfoButton-4-" onclick="toggleAdditionalQuestionInfo('4-')">
                                 [more]
                              </a>
                              <br/>
                                                            <span id="questionAdditionalInfo-4-" style="display:none;">
                                 Numerical-scale question:
                                 <br/>
                                                                  Minimum value: -5. Increment: 0.5. Maximum value: 5.
                              </span>
                           </span>
                        </span>
                     </h4>
                     <div class="panel-body">
                        <div class="row">
                           <div class="col-sm-4 text-color-gray">
                              <strong>
                                 Response Summary
                              </strong>
                           </div>
                        </div>
                        <div class="row">
                           <form class="form-horizontal col-sm-12" role="form">
                              <div class="form-group margin-0">
                                 <label class="col-sm-2 control-label font-weight-normal">
                                    Average:
                                 </label>
                                 <div class="col-sm-3">
                                    <p class="form-control-static">
                                       0.25
                                    </p>
                                 </div>
                              </div>
                              <div class="form-group margin-0">
                                 <label class="col-sm-2 control-label font-weight-normal">
                                    Minimum:
                                 </label>
                                 <div class="col-sm-3">
                                    <p class="form-control-static">
                                       -2
                                    </p>
                                 </div>
                              </div>
                              <div class="form-group margin-0">
                                 <label class="col-sm-2 control-label font-weight-normal">
                                    Maximum:
                                 </label>
                                 <div class="col-sm-3">
                                    <p class="form-control-static">
                                       2.5
                                    </p>
                                 </div>
                              </div>
                           </form>
                        </div>
                     </div>
                     <div class="panel panel-primary">
                        <div class="panel-heading">
                           <b>
                              To:
                           </b>
                           -
                        </div>
                        <table class="table">
                           <tbody>
                              <tr class="resultSubheader">
                                 <td>
                                    <span class="bold">
                                       <b>
                                          From:
                                       </b>
                                    </span>
                                    You
                                 </td>
                              </tr>
                              <tr>
                                 <td class="text-preserve-space">
                                    2.5
                                 </td>
                              </tr>
                              <tr class="resultSubheader">
                                 <td>
                                    <span class="bold">
                                       <b>
                                          From:
                                       </b>
                                    </span>
                                    Anonymous student 410339386
                                 </td>
                              </tr>
                              <tr>
                                 <td class="text-preserve-space">
                                    -2
                                 </td>
                              </tr>
                           </tbody>
                        </table>
                     </div>
                  </div>
               </div>
               <br/>
                              <div class="panel panel-default">
                  <div class="panel-heading">
                     <h4>
                        Question 5:
                        <span class="text-preserve-space">
                           Rate other team's productsÂ 
                           <span style=" white-space: normal;">
                              <a class="color_gray" data-less="[less]" data-more="[more]" href="javascript:;" id="questionAdditionalInfoButton-5-" onclick="toggleAdditionalQuestionInfo('5-')">
                                 [more]
                              </a>
                              <br/>
                                                            <span id="questionAdditionalInfo-5-" style="display:none;">
                                 Numerical-scale question:
                                 <br/>
                                                                  Minimum value: -5. Increment: 0.5. Maximum value: 5.
                              </span>
                           </span>
                        </span>
                     </h4>
                     <div class="panel-body">
                        <div class="row">
                           <div class="col-sm-4 text-color-gray">
                              <strong>
                                 Response Summary
                              </strong>
                           </div>
                        </div>
                        <div class="row">
                           <form class="form-horizontal col-sm-12" role="form">
                              <div class="form-group margin-0">
                                 <label class="col-sm-2 control-label font-weight-normal">
                                    Average:
                                 </label>
                                 <div class="col-sm-3">
                                    <p class="form-control-static">
                                       3.75
                                    </p>
                                 </div>
                              </div>
                              <div class="form-group margin-0">
                                 <label class="col-sm-2 control-label font-weight-normal">
                                    Minimum:
                                 </label>
                                 <div class="col-sm-3">
                                    <p class="form-control-static">
                                       3.5
                                    </p>
                                 </div>
                              </div>
                              <div class="form-group margin-0">
                                 <label class="col-sm-2 control-label font-weight-normal">
                                    Maximum:
                                 </label>
                                 <div class="col-sm-3">
                                    <p class="form-control-static">
                                       4
                                    </p>
                                 </div>
                              </div>
                           </form>
                        </div>
                     </div>
                     <div class="panel panel-primary">
                        <div class="panel-heading">
                           <b>
                              To:
                           </b>
                           Your Team (Team 1)
                        </div>
                        <table class="table">
                           <tbody>
                              <tr class="resultSubheader">
                                 <td>
                                    <span class="bold">
                                       <b>
                                          From:
                                       </b>
                                    </span>
                                    Your Team (Team 1)
                                 </td>
                              </tr>
                              <tr>
                                 <td class="text-preserve-space">
                                    3.5
                                 </td>
                              </tr>
                              <tr class="resultSubheader">
                                 <td>
                                    <span class="bold">
                                       <b>
                                          From:
                                       </b>
                                    </span>
                                    Team 2
                                 </td>
                              </tr>
                              <tr>
                                 <td class="text-preserve-space">
                                    4
                                 </td>
                              </tr>
                           </tbody>
                        </table>
                     </div>
                  </div>
               </div>
               <br/>
                           </div>
         </div>
         <div id="frameBottom">
            <div class="container-fluid" id="footerComponent">
               <div class="container">
                  <div class="row">
                     <div class="col-md-4">
                        <span>
                           [
                           <a href="/index.html">
                              TEAMMATES
                           </a>
                           V4.99]
                        </span>
                     </div>
                     <div class="col-md-4">
                        [for
                        <span class="highlight-white">
                           <span class="color_white">
                              TEAMMATES Test Institute 1
                           </span>
                        </span>
                        ]
                     </div>
                     <div class="col-md-4">
                        <span>
                           [Send
                           <a class="link" href="../contact.html" target="_blank">
                              Feedback
                           </a>
                           ]
                        </span>
                     </div>
                  </div>
               </div>
            </div>
         </div>
      </body>
   </html>

</actual]>>
	at org.junit.Assert.assertEquals(Assert.java:115)
	at org.junit.Assert.assertEquals(Assert.java:144)
	at teammates.test.driver.HtmlHelper.assertSameHtml(HtmlHelper.java:34)
	at teammates.test.pageobjects.AppPage.verifyHtml(AppPage.java:722)
	at teammates.test.cases.ui.browsertests.StudentFeedbackResultsPageUiTest.testAll(StudentFeedbackResultsPageUiTest.java:94)
	at sun.reflect.NativeMethodAccessorImpl.invoke0(Native Method)
	at sun.reflect.NativeMethodAccessorImpl.invoke(NativeMethodAccessorImpl.java:57)
	at sun.reflect.DelegatingMethodAccessorImpl.invoke(DelegatingMethodAccessorImpl.java:43)
	at java.lang.reflect.Method.invoke(Method.java:606)
	at org.testng.internal.MethodInvocationHelper.invokeMethod(MethodInvocationHelper.java:84)
	at org.testng.internal.Invoker.invokeMethod(Invoker.java:714)
	at org.testng.internal.Invoker.invokeTestMethod(Invoker.java:901)
	at org.testng.internal.Invoker.invokeTestMethods(Invoker.java:1231)
	at org.testng.internal.TestMethodWorker.invokeTestMethods(TestMethodWorker.java:127)
	at org.testng.internal.TestMethodWorker.run(TestMethodWorker.java:111)
	at java.util.concurrent.ThreadPoolExecutor.runWorker(ThreadPoolExecutor.java:1145)
	at java.util.concurrent.ThreadPoolExecutor$Worker.run(ThreadPoolExecutor.java:615)
	at java.lang.Thread.run(Thread.java:745)
]]>
    </error>
  </testcase> <!-- testAll -->
</testsuite> <!-- teammates.test.cases.ui.browsertests.StudentFeedbackResultsPageUiTest -->
