<?xml version="1.0" encoding="UTF-8"?>
<!-- Generated by org.testng.reporters.JUnitReportReporter -->
<testsuite hostname="soccf-tr5-001" name="teammates.test.cases.ui.InstructorCourseStudentDetailsEditSaveActionTest" tests="1" failures="0" timestamp="10 Sep 2014 13:16:52 GMT" time="2.309" errors="0">
  <testcase name="testExecuteAndPostProcess" time="2.309" classname="teammates.test.cases.ui.InstructorCourseStudentDetailsEditSaveActionTest"/>
</testsuite> <!-- teammates.test.cases.ui.InstructorCourseStudentDetailsEditSaveActionTest -->
