<?xml version="1.0" encoding="UTF-8"?>
<!-- Generated by org.testng.reporters.JUnitReportReporter -->
<testsuite hostname="soccf-tr5-001" name="teammates.test.cases.ui.browsertests.InstructorCoursesPageUiTest" tests="1" failures="0" timestamp="10 Sep 2014 13:54:46 GMT" time="79.653" errors="0">
  <testcase name="allTests" time="79.653" classname="teammates.test.cases.ui.browsertests.InstructorCoursesPageUiTest"/>
</testsuite> <!-- teammates.test.cases.ui.browsertests.InstructorCoursesPageUiTest -->
