<?xml version="1.0" encoding="UTF-8"?>
<!-- Generated by org.testng.reporters.JUnitReportReporter -->
<testsuite hostname="soccf-tr5-001" name="teammates.test.cases.logic.LogicTest" tests="8" failures="0" timestamp="7 Aug 2014 06:43:31 GMT" time="0.770" errors="0">
  <testcase name="testUpdateSubmissions" time="0.040" classname="teammates.test.cases.logic.LogicTest"/>
  <testcase name="testGetCurrentUser" time="0.060" classname="teammates.test.cases.logic.LogicTest"/>
  <testcase name="testCreateSubmission" time="0.010" classname="teammates.test.cases.logic.LogicTest"/>
  <testcase name="testGetLogoutUrl" time="0.020" classname="teammates.test.cases.logic.LogicTest"/>
  <testcase name="testHasStudentSubmittedEvaluation" time="0.090" classname="teammates.test.cases.logic.LogicTest"/>
  <testcase name="testGetSubmissionsForEvaluationFromStudent" time="0.510" classname="teammates.test.cases.logic.LogicTest"/>
  <testcase name="testDeleteSubmission" time="0.010" classname="teammates.test.cases.logic.LogicTest"/>
  <testcase name="testGetLoginUrl" time="0.030" classname="teammates.test.cases.logic.LogicTest"/>
</testsuite> <!-- teammates.test.cases.logic.LogicTest -->
