<?xml version="1.0" encoding="UTF-8"?>
<!-- Generated by org.testng.reporters.JUnitReportReporter -->
<testsuite hostname="soccf-tr5-001" name="teammates.test.cases.ui.browsertests.StudentProfilePageUiTest" tests="1" failures="0" timestamp="3 Sep 2014 15:52:04 GMT" time="40.438" errors="0">
  <testcase name="allTests" time="40.438" classname="teammates.test.cases.ui.browsertests.StudentProfilePageUiTest"/>
</testsuite> <!-- teammates.test.cases.ui.browsertests.StudentProfilePageUiTest -->
