<?xml version="1.0" encoding="UTF-8"?>
<!-- Generated by org.testng.reporters.JUnitReportReporter -->
<testsuite hostname="soccf-tr5-001" name="teammates.test.automated.FeedbackSessionPublishedReminderTest" tests="2" failures="0" timestamp="10 Sep 2014 13:16:53 GMT" time="4.556" errors="0">
  <testcase name="testFeedbackSessionOpeningMailAction" time="1.201" classname="teammates.test.automated.FeedbackSessionPublishedReminderTest"/>
  <testcase name="testAdditionOfTaskToTaskQueue" time="3.355" classname="teammates.test.automated.FeedbackSessionPublishedReminderTest"/>
</testsuite> <!-- teammates.test.automated.FeedbackSessionPublishedReminderTest -->
