<?xml version="1.0" encoding="UTF-8"?>
<!-- Generated by org.testng.reporters.JUnitReportReporter -->
<testsuite hostname="soccf-tr5-001" name="teammates.test.cases.ui.browsertests.InstructorCourseEditPageUiTest" tests="1" failures="0" timestamp="24 Sep 2014 12:50:21 GMT" time="249.285" errors="0">
  <testcase name="allTests" time="249.285" classname="teammates.test.cases.ui.browsertests.InstructorCourseEditPageUiTest"/>
</testsuite> <!-- teammates.test.cases.ui.browsertests.InstructorCourseEditPageUiTest -->
