<?xml version="1.0" encoding="UTF-8"?>
<!-- Generated by org.testng.reporters.JUnitReportReporter -->
<testsuite hostname="soccf-tr5-001" name="teammates.test.cases.ui.browsertests.StudentCourseJoinConfirmationPageUiTest" tests="1" failures="0" timestamp="9 Oct 2014 14:26:02 GMT" time="75.627" errors="0">
  <testcase name="testAll" time="75.627" classname="teammates.test.cases.ui.browsertests.StudentCourseJoinConfirmationPageUiTest"/>
</testsuite> <!-- teammates.test.cases.ui.browsertests.StudentCourseJoinConfirmationPageUiTest -->
