<?xml version="1.0" encoding="UTF-8"?>
<!-- Generated by org.testng.reporters.JUnitReportReporter -->
<testsuite hostname="soccf-tr5-001" name="teammates.test.cases.ui.browsertests.InstructorCoursesPageUiTest" tests="1" failures="0" timestamp="8 Oct 2014 15:54:50 GMT" time="133.238" errors="0">
  <testcase name="allTests" time="133.238" classname="teammates.test.cases.ui.browsertests.InstructorCoursesPageUiTest"/>
</testsuite> <!-- teammates.test.cases.ui.browsertests.InstructorCoursesPageUiTest -->
