<?xml version="1.0" encoding="UTF-8"?>
<!-- Generated by org.testng.reporters.JUnitReportReporter -->
<testsuite hostname="soccf-tr5-001" name="teammates.test.cases.ui.InstructorFeedbackEditPageActionTest" tests="1" failures="0" timestamp="7 Aug 2014 04:10:48 GMT" time="0.234" errors="0">
  <testcase name="testExecuteAndPostProcess" time="0.234" classname="teammates.test.cases.ui.InstructorFeedbackEditPageActionTest"/>
</testsuite> <!-- teammates.test.cases.ui.InstructorFeedbackEditPageActionTest -->
