<?xml version="1.0" encoding="UTF-8"?>
<!-- Generated by org.testng.reporters.JUnitReportReporter -->
<testsuite hostname="soccf-tr5-001" name="teammates.test.cases.ui.StudentFeedbackSubmissionEditPageActionTest" tests="1" failures="0" timestamp="21 Aug 2014 13:50:20 GMT" time="5.524" errors="0">
  <testcase name="testExecuteAndPostProcess" time="5.524" classname="teammates.test.cases.ui.StudentFeedbackSubmissionEditPageActionTest"/>
</testsuite> <!-- teammates.test.cases.ui.StudentFeedbackSubmissionEditPageActionTest -->
