<?xml version="1.0" encoding="UTF-8"?>
<!-- Generated by org.testng.reporters.JUnitReportReporter -->
<testsuite hostname="soccf-tr5-001" name="teammates.test.cases.ui.browsertests.AutomatedSessionRemindersTest" tests="5" failures="0" timestamp="8 Oct 2014 19:23:16 GMT" time="3.634" errors="0">
  <testcase name="testEvaluationClosingReminders" time="2.012" classname="teammates.test.cases.ui.browsertests.AutomatedSessionRemindersTest"/>
  <testcase name="testFeedbackSessionPublishedReminders" time="0.187" classname="teammates.test.cases.ui.browsertests.AutomatedSessionRemindersTest"/>
  <testcase name="testEvaluationOpeningReminders" time="0.718" classname="teammates.test.cases.ui.browsertests.AutomatedSessionRemindersTest"/>
  <testcase name="testFeedbackSessionOpeningReminders" time="0.499" classname="teammates.test.cases.ui.browsertests.AutomatedSessionRemindersTest"/>
  <testcase name="testFeedbackSesssionClosingReminders" time="0.218" classname="teammates.test.cases.ui.browsertests.AutomatedSessionRemindersTest"/>
</testsuite> <!-- teammates.test.cases.ui.browsertests.AutomatedSessionRemindersTest -->
