<?xml version="1.0" encoding="UTF-8"?>
<!-- Generated by org.testng.reporters.JUnitReportReporter -->
<testsuite hostname="soccf-tr5-001" name="teammates.test.cases.ui.browsertests.StudentEvalResultsPageUiTest" tests="1" failures="0" timestamp="26 Sep 2014 15:21:29 GMT" time="20.576" errors="0">
  <testcase name="testAll" time="20.576" classname="teammates.test.cases.ui.browsertests.StudentEvalResultsPageUiTest"/>
</testsuite> <!-- teammates.test.cases.ui.browsertests.StudentEvalResultsPageUiTest -->
