<?xml version="1.0" encoding="UTF-8"?>
<!-- Generated by org.testng.reporters.JUnitReportReporter -->
<testsuite hostname="soccf-tr5-001" name="teammates.test.cases.ui.browsertests.InstructorCourseStudentDetailsPageUiTest" tests="1" failures="0" timestamp="25 Feb 2015 13:04:50 GMT" time="5.316" errors="0">
  <testcase name="testAll" time="5.316" classname="teammates.test.cases.ui.browsertests.InstructorCourseStudentDetailsPageUiTest"/>
</testsuite> <!-- teammates.test.cases.ui.browsertests.InstructorCourseStudentDetailsPageUiTest -->
