<?xml version="1.0" encoding="UTF-8"?>
<!-- Generated by org.testng.reporters.JUnitReportReporter -->
<testsuite hostname="soccf-tr5-001" name="teammates.test.cases.ui.AdminInstructorAccountAddActionTest" tests="2" failures="0" timestamp="5 Nov 2014 12:23:05 GMT" time="17.084" errors="0">
  <testcase name="testGenerateNextDemoCourseId" time="0.000" classname="teammates.test.cases.ui.AdminInstructorAccountAddActionTest"/>
  <testcase name="testExecuteAndPostProcess" time="17.084" classname="teammates.test.cases.ui.AdminInstructorAccountAddActionTest"/>
</testsuite> <!-- teammates.test.cases.ui.AdminInstructorAccountAddActionTest -->
