<?xml version="1.0" encoding="UTF-8"?>
<!-- Generated by org.testng.reporters.JUnitReportReporter -->
<testsuite hostname="soccf-tr5-001" name="teammates.test.cases.ui.AdminInstructorAccountAddActionTest" tests="2" failures="0" timestamp="29 Oct 2014 17:34:19 GMT" time="15.491" errors="0">
  <testcase name="testExecuteAndPostProcess" time="15.475" classname="teammates.test.cases.ui.AdminInstructorAccountAddActionTest"/>
  <testcase name="testGenerateNextDemoCourseId" time="0.016" classname="teammates.test.cases.ui.AdminInstructorAccountAddActionTest"/>
</testsuite> <!-- teammates.test.cases.ui.AdminInstructorAccountAddActionTest -->
