<?xml version="1.0" encoding="UTF-8"?>
<!-- Generated by org.testng.reporters.JUnitReportReporter -->
<testsuite hostname="soccf-tr5-001" name="teammates.test.cases.ui.StudentEvalSubmissionEditSaveActionTest" tests="2" failures="0" timestamp="1 Oct 2014 12:29:34 GMT" time="0.187" errors="0">
  <testcase name="testExecuteAndPostProcess" time="0.094" classname="teammates.test.cases.ui.StudentEvalSubmissionEditSaveActionTest"/>
  <testcase name="testValidation" time="0.093" classname="teammates.test.cases.ui.StudentEvalSubmissionEditSaveActionTest"/>
</testsuite> <!-- teammates.test.cases.ui.StudentEvalSubmissionEditSaveActionTest -->
