<?xml version="1.0" encoding="UTF-8"?>
<!-- Generated by org.testng.reporters.JUnitReportReporter -->
<testsuite hostname="soccf-tr5-001" name="teammates.test.cases.common.FieldValidatorTest" tests="20" failures="0" timestamp="8 Oct 2014 15:22:55 GMT" time="0.000" errors="0">
  <testcase name="testGetValidityInfoForAllowedName" time="0.000" classname="teammates.test.cases.common.FieldValidatorTest"/>
  <testcase name="testGetValidityInfo_COUNTRY" time="0.000" classname="teammates.test.cases.common.FieldValidatorTest"/>
  <testcase name="testGetValidityInfo_STUDENT_ROLE_COMMENTS" time="0.000" classname="teammates.test.cases.common.FieldValidatorTest"/>
  <testcase name="test_REGEX_NAME" time="0.000" classname="teammates.test.cases.common.FieldValidatorTest"/>
  <testcase name="test_REGEX_GOOGLE_ID_NON_EMAIL" time="0.000" classname="teammates.test.cases.common.FieldValidatorTest"/>
  <testcase name="testGetValidityInfo_PERSON_NAME" time="0.000" classname="teammates.test.cases.common.FieldValidatorTest"/>
  <testcase name="testGetValidityInfo_COURSE_NAME" time="0.000" classname="teammates.test.cases.common.FieldValidatorTest"/>
  <testcase name="test_REGEX_EMAIL" time="0.000" classname="teammates.test.cases.common.FieldValidatorTest"/>
  <testcase name="testGetValidityInfoForSizeCappedPossiblyEmptyString" time="0.000" classname="teammates.test.cases.common.FieldValidatorTest"/>
  <testcase name="testGetValidityInfo_INSTITUTE_NAME" time="0.000" classname="teammates.test.cases.common.FieldValidatorTest"/>
  <testcase name="test_REGEX_COURSE_ID" time="0.000" classname="teammates.test.cases.common.FieldValidatorTest"/>
  <testcase name="testGetValidityInfo_COURSE_ID" time="0.000" classname="teammates.test.cases.common.FieldValidatorTest"/>
  <testcase name="TestGetValidityInfo_INSTRUCTOR_ROLE" time="0.000" classname="teammates.test.cases.common.FieldValidatorTest"/>
  <testcase name="testGetValidityInfo_EVALUATION_NAME" time="0.000" classname="teammates.test.cases.common.FieldValidatorTest"/>
  <testcase name="testGetValidityInfo_GOOGLE_ID" time="0.000" classname="teammates.test.cases.common.FieldValidatorTest"/>
  <testcase name="testGetValidityInfo_TEAM_NAME" time="0.000" classname="teammates.test.cases.common.FieldValidatorTest"/>
  <testcase name="testGetValidityInfoForSizeCappedNonEmptyString" time="0.000" classname="teammates.test.cases.common.FieldValidatorTest"/>
  <testcase name="test_REGEX_SAMPLE_COURSE_ID" time="0.000" classname="teammates.test.cases.common.FieldValidatorTest"/>
  <testcase name="testGetValidityInfo_GENDER" time="0.000" classname="teammates.test.cases.common.FieldValidatorTest"/>
  <testcase name="testGetValidityInfo_EMAIL" time="0.000" classname="teammates.test.cases.common.FieldValidatorTest"/>
</testsuite> <!-- teammates.test.cases.common.FieldValidatorTest -->
