<?xml version="1.0" encoding="UTF-8"?>
<!-- Generated by org.testng.reporters.JUnitReportReporter -->
<testsuite hostname="soccf-tr5-001" name="teammates.test.cases.storage.FeedbackSessionsDbTest" tests="1" failures="0" timestamp="8 Oct 2014 15:58:33 GMT" time="0.094" errors="0">
  <testcase name="testCreateDeleteFeedbackSession" time="0.094" classname="teammates.test.cases.storage.FeedbackSessionsDbTest"/>
</testsuite> <!-- teammates.test.cases.storage.FeedbackSessionsDbTest -->
