<?xml version="1.0" encoding="UTF-8"?>
<!-- Generated by org.testng.reporters.JUnitReportReporter -->
<testsuite hostname="soccf-tr5-001" name="teammates.test.cases.logic.SubmissionTaskQueueLogicTest" tests="2" failures="0" timestamp="26 Sep 2014 15:21:29 GMT" time="2.076" errors="0">
  <testcase name="testCreationOfSubmissions" time="0.047" classname="teammates.test.cases.logic.SubmissionTaskQueueLogicTest"/>
  <testcase name="testSchedulingOfCreationOfSubmissions" time="2.029" classname="teammates.test.cases.logic.SubmissionTaskQueueLogicTest"/>
</testsuite> <!-- teammates.test.cases.logic.SubmissionTaskQueueLogicTest -->
