<?xml version="1.0" encoding="UTF-8"?>
<!-- Generated by org.testng.reporters.JUnitReportReporter -->
<testsuite hostname="soccf-tr5-001" name="teammates.test.cases.ui.AdminInstructorAccountAddActionTest" tests="2" failures="0" timestamp="8 Oct 2014 15:54:50 GMT" time="11.092" errors="0">
  <testcase name="testGenerateNextDemoCourseId" time="0.015" classname="teammates.test.cases.ui.AdminInstructorAccountAddActionTest"/>
  <testcase name="testExecuteAndPostProcess" time="11.077" classname="teammates.test.cases.ui.AdminInstructorAccountAddActionTest"/>
</testsuite> <!-- teammates.test.cases.ui.AdminInstructorAccountAddActionTest -->
