<?xml version="1.0" encoding="UTF-8"?>
<!-- Generated by org.testng.reporters.JUnitReportReporter -->
<testsuite hostname="soccf-tr5-001" name="teammates.test.cases.ui.browsertests.InstructorCourseEnrollPageUiTest" tests="1" failures="0" timestamp="11 Sep 2014 06:11:54 GMT" time="76.221" errors="0">
  <testcase name="testInstructorCourseEnrollPage" time="76.221" classname="teammates.test.cases.ui.browsertests.InstructorCourseEnrollPageUiTest"/>
</testsuite> <!-- teammates.test.cases.ui.browsertests.InstructorCourseEnrollPageUiTest -->
