<?xml version="1.0" encoding="UTF-8"?>
<!-- Generated by org.testng.reporters.JUnitReportReporter -->
<testsuite hostname="soccf-tr5-001" name="teammates.test.cases.logic.FeedbackQuestionsLogicTest" tests="1" failures="0" timestamp="11 Sep 2014 06:11:54 GMT" time="0.328" errors="0">
  <testcase name="allTests" time="0.328" classname="teammates.test.cases.logic.FeedbackQuestionsLogicTest"/>
</testsuite> <!-- teammates.test.cases.logic.FeedbackQuestionsLogicTest -->
