<?xml version="1.0" encoding="UTF-8"?>
<!-- Generated by org.testng.reporters.JUnitReportReporter -->
<testsuite hostname="soccf-tr5-001" name="teammates.test.cases.ui.browsertests.AllAccessControlUiTests" tests="1" failures="0" timestamp="29 Oct 2014 11:26:44 GMT" time="7.036" errors="0">
  <testcase name="testInstructorHome" time="7.036" classname="teammates.test.cases.ui.browsertests.AllAccessControlUiTests"/>
</testsuite> <!-- teammates.test.cases.ui.browsertests.AllAccessControlUiTests -->
