<?xml version="1.0" encoding="UTF-8"?>
<!-- Generated by org.testng.reporters.JUnitReportReporter -->
<testsuite hostname="soccf-tr5-001" name="teammates.test.cases.testdriver.DataBundleTest" tests="1" failures="0" timestamp="14 Sep 2014 18:19:38 GMT" time="0.016" errors="0">
  <testcase name="testDataBundle" time="0.016" classname="teammates.test.cases.testdriver.DataBundleTest"/>
</testsuite> <!-- teammates.test.cases.testdriver.DataBundleTest -->
