<?xml version="1.0" encoding="UTF-8"?>
<!-- Generated by org.testng.reporters.JUnitReportReporter -->
<testsuite hostname="soccf-tr5-001" name="teammates.test.cases.ui.InstructorFeedbacksPageActionTest" tests="1" failures="0" timestamp="7 Aug 2014 03:44:31 GMT" time="1.326" errors="0">
  <testcase name="testExecuteAndPostProcess" time="1.326" classname="teammates.test.cases.ui.InstructorFeedbacksPageActionTest"/>
</testsuite> <!-- teammates.test.cases.ui.InstructorFeedbacksPageActionTest -->
