<?xml version="1.0" encoding="UTF-8"?>
<!-- Generated by org.testng.reporters.JUnitReportReporter -->
<testsuite hostname="soccf-tr5-001" name="teammates.test.cases.logic.CommentsLogicTest" tests="4" failures="0" timestamp="6 Aug 2014 08:31:50 GMT" time="0.304" errors="0">
  <testcase name="testDeleteComment" time="0.009" classname="teammates.test.cases.logic.CommentsLogicTest"/>
  <testcase name="testCreateComment" time="0.025" classname="teammates.test.cases.logic.CommentsLogicTest"/>
  <testcase name="testGetComments" time="0.260" classname="teammates.test.cases.logic.CommentsLogicTest"/>
  <testcase name="testUpdateComment" time="0.010" classname="teammates.test.cases.logic.CommentsLogicTest"/>
</testsuite> <!-- teammates.test.cases.logic.CommentsLogicTest -->
