<?xml version="1.0" encoding="UTF-8"?>
<!-- Generated by org.testng.reporters.JUnitReportReporter -->
<testsuite hostname="soccf-tr5-001" name="teammates.test.cases.ui.InstructorFeedbackCopyActionTest" tests="2" failures="0" timestamp="21 Aug 2014 08:55:40 GMT" time="13.479" errors="0">
  <testcase name="testExecuteAndPostProcess" time="8.393" classname="teammates.test.cases.ui.InstructorFeedbackCopyActionTest"/>
  <testcase name="testAccessControl" time="5.086" classname="teammates.test.cases.ui.InstructorFeedbackCopyActionTest"/>
</testsuite> <!-- teammates.test.cases.ui.InstructorFeedbackCopyActionTest -->
