<?xml version="1.0" encoding="UTF-8"?>
<!-- Generated by org.testng.reporters.JUnitReportReporter -->
<testsuite hostname="soccf-tr5-001" name="teammates.test.cases.storage.FeedbackQuestionsDbTest" tests="5" failures="0" timestamp="11 Sep 2014 06:11:54 GMT" time="0.219" errors="0">
  <testcase name="testGetFeedbackQuestionsForGiverType" time="0.109" classname="teammates.test.cases.storage.FeedbackQuestionsDbTest"/>
  <testcase name="testGetFeedbackQuestions" time="0.015" classname="teammates.test.cases.storage.FeedbackQuestionsDbTest"/>
  <testcase name="testGetFeedbackQuestionsForSession" time="0.032" classname="teammates.test.cases.storage.FeedbackQuestionsDbTest"/>
  <testcase name="testUpdateFeedbackQuestion" time="0.031" classname="teammates.test.cases.storage.FeedbackQuestionsDbTest"/>
  <testcase name="testCreateDeleteFeedbackQuestion" time="0.032" classname="teammates.test.cases.storage.FeedbackQuestionsDbTest"/>
</testsuite> <!-- teammates.test.cases.storage.FeedbackQuestionsDbTest -->
