<?xml version="1.0" encoding="UTF-8"?>
<!-- Generated by org.testng.reporters.JUnitReportReporter -->
<testsuite hostname="soccf-tr5-001" name="teammates.test.automated.EvaluationOpeningReminderTest" tests="2" failures="0" timestamp="26 Sep 2014 15:21:29 GMT" time="3.183" errors="0">
  <testcase name="testEvaluationOpeningMailAction" time="1.077" classname="teammates.test.automated.EvaluationOpeningReminderTest"/>
  <testcase name="testAdditionOfTaskToTaskQueue" time="2.106" classname="teammates.test.automated.EvaluationOpeningReminderTest"/>
</testsuite> <!-- teammates.test.automated.EvaluationOpeningReminderTest -->
