<?xml version="1.0" encoding="UTF-8"?>
<!-- Generated by org.testng.reporters.JUnitReportReporter -->
<testsuite hostname="soccf-tr5-001" name="teammates.test.cases.ui.InstructorCourseDetailsPageActionTest" tests="1" failures="0" timestamp="25 Feb 2015 13:04:49 GMT" time="0.047" errors="0">
  <testcase name="testExecuteAndPostProcess" time="0.047" classname="teammates.test.cases.ui.InstructorCourseDetailsPageActionTest"/>
</testsuite> <!-- teammates.test.cases.ui.InstructorCourseDetailsPageActionTest -->
