<?xml version="1.0" encoding="UTF-8"?>
<!-- Generated by org.testng.reporters.JUnitReportReporter -->
<testsuite hostname="soccf-tr5-001" name="teammates.test.cases.testdriver.BackDoorTest" tests="12" failures="0" timestamp="6 Aug 2014 08:31:50 GMT" time="7.958" errors="0">
  <testcase name="testEditSubmission" time="0.133" classname="teammates.test.cases.testdriver.BackDoorTest"/>
  <testcase name="testCreateStudent" time="1.405" classname="teammates.test.cases.testdriver.BackDoorTest"/>
  <testcase name="testEditEvaluation" time="0.110" classname="teammates.test.cases.testdriver.BackDoorTest"/>
  <testcase name="testCreateInstructor" time="0.172" classname="teammates.test.cases.testdriver.BackDoorTest"/>
  <testcase name="testPersistence" time="0.879" classname="teammates.test.cases.testdriver.BackDoorTest"/>
  <testcase name="testEditStudent" time="0.296" classname="teammates.test.cases.testdriver.BackDoorTest"/>
  <testcase name="testDeletion" time="2.746" classname="teammates.test.cases.testdriver.BackDoorTest"/>
  <testcase name="testGetKeyForStudent" time="0.156" classname="teammates.test.cases.testdriver.BackDoorTest"/>
  <testcase name="testCreateEvaluation" time="0.312" classname="teammates.test.cases.testdriver.BackDoorTest"/>
  <testcase name="testAccounts" time="0.796" classname="teammates.test.cases.testdriver.BackDoorTest"/>
  <testcase name="testCreateCourse" time="0.282" classname="teammates.test.cases.testdriver.BackDoorTest"/>
  <testcase name="testGetCoursesByInstructorId" time="0.671" classname="teammates.test.cases.testdriver.BackDoorTest"/>
</testsuite> <!-- teammates.test.cases.testdriver.BackDoorTest -->
