<?xml version="1.0" encoding="UTF-8"?>
<!-- Generated by org.testng.reporters.JUnitReportReporter -->
<testsuite hostname="soccf-tr5-001" name="teammates.test.cases.BaseTestCaseTest" tests="2" failures="0" timestamp="3 Sep 2014 15:24:39 GMT" time="0.062" errors="0">
  <testcase name="testAssertContains" time="0.000" classname="teammates.test.cases.BaseTestCaseTest"/>
  <testcase name="testAssertContainsRegex" time="0.062" classname="teammates.test.cases.BaseTestCaseTest"/>
</testsuite> <!-- teammates.test.cases.BaseTestCaseTest -->
