<?xml version="1.0" encoding="UTF-8"?>
<!-- Generated by org.testng.reporters.JUnitReportReporter -->
<testsuite hostname="soccf-tr5-001" name="teammates.test.cases.ui.browsertests.SystemErrorEmailReportTest" tests="5" failures="0" timestamp="22 Sep 2014 13:13:16 GMT" time="9.970" errors="0">
  <testcase name="testNullPointerException" time="0.967" classname="teammates.test.cases.ui.browsertests.SystemErrorEmailReportTest"/>
  <testcase name="testEntityDoesNotExistException" time="1.873" classname="teammates.test.cases.ui.browsertests.SystemErrorEmailReportTest"/>
  <testcase name="testDeadlineExceededException" time="1.966" classname="teammates.test.cases.ui.browsertests.SystemErrorEmailReportTest"/>
  <testcase name="testUnauthorizedAccessException" time="1.778" classname="teammates.test.cases.ui.browsertests.SystemErrorEmailReportTest"/>
  <testcase name="testAssertionError" time="3.386" classname="teammates.test.cases.ui.browsertests.SystemErrorEmailReportTest"/>
</testsuite> <!-- teammates.test.cases.ui.browsertests.SystemErrorEmailReportTest -->
