<?xml version="1.0" encoding="UTF-8"?>
<!-- Generated by org.testng.reporters.JUnitReportReporter -->
<testsuite hostname="soccf-tr5-001" name="teammates.test.cases.ui.browsertests.AllJsTests" tests="1" failures="0" timestamp="23 Aug 2014 14:33:18 GMT" time="3.916" errors="0">
  <testcase name="executeJsTests" time="3.916" classname="teammates.test.cases.ui.browsertests.AllJsTests"/>
</testsuite> <!-- teammates.test.cases.ui.browsertests.AllJsTests -->
