<?xml version="1.0" encoding="UTF-8"?>
<!-- Generated by org.testng.reporters.JUnitReportReporter -->
<testsuite hostname="soccf-tr5-001" name="teammates.test.cases.ui.browsertests.InstructorCourseEditPageUiTest" tests="1" failures="0" timestamp="7 Aug 2014 04:10:48 GMT" time="101.891" errors="0">
  <testcase name="allTests" time="101.891" classname="teammates.test.cases.ui.browsertests.InstructorCourseEditPageUiTest"/>
</testsuite> <!-- teammates.test.cases.ui.browsertests.InstructorCourseEditPageUiTest -->
