<?xml version="1.0" encoding="UTF-8"?>
<!-- Generated by org.testng.reporters.JUnitReportReporter -->
<testsuite hostname="soccf-tr5-001" name="teammates.test.cases.ui.InstructorFeedbackPublishActionTest" tests="1" failures="0" timestamp="26 Sep 2014 15:57:46 GMT" time="0.110" errors="0">
  <testcase name="testExecuteAndPostProcess" time="0.110" classname="teammates.test.cases.ui.InstructorFeedbackPublishActionTest"/>
</testsuite> <!-- teammates.test.cases.ui.InstructorFeedbackPublishActionTest -->
