<?xml version="1.0" encoding="UTF-8"?>
<!-- Generated by org.testng.reporters.JUnitReportReporter -->
<testsuite hostname="soccf-tr5-001" name="teammates.test.cases.logic.BackDoorLogicTest" tests="2" failures="0" timestamp="28 Aug 2014 04:33:09 GMT" time="1.342" errors="0">
  <testcase name="testGetSubmission" time="0.016" classname="teammates.test.cases.logic.BackDoorLogicTest"/>
  <testcase name="testPersistDataBundle" time="1.326" classname="teammates.test.cases.logic.BackDoorLogicTest"/>
</testsuite> <!-- teammates.test.cases.logic.BackDoorLogicTest -->
