<?xml version="1.0" encoding="UTF-8"?>
<!-- Generated by org.testng.reporters.JUnitReportReporter -->
<testsuite hostname="soccf-tr5-001" name="teammates.test.cases.ui.InstructorFeedbackCopyActionTest" tests="2" failures="0" timestamp="7 Aug 2014 03:44:31 GMT" time="3.604" errors="0">
  <testcase name="testAccessControl" time="1.639" classname="teammates.test.cases.ui.InstructorFeedbackCopyActionTest"/>
  <testcase name="testExecuteAndPostProcess" time="1.965" classname="teammates.test.cases.ui.InstructorFeedbackCopyActionTest"/>
</testsuite> <!-- teammates.test.cases.ui.InstructorFeedbackCopyActionTest -->
