<?xml version="1.0" encoding="UTF-8"?>
<!-- Generated by org.testng.reporters.JUnitReportReporter -->
<testsuite hostname="soccf-tr5-001" name="teammates.test.cases.common.AccountAttributesTest" tests="7" failures="0" timestamp="8 Oct 2014 15:22:55 GMT" time="0.000" errors="0">
  <testcase name="testToString" time="0.000" classname="teammates.test.cases.common.AccountAttributesTest"/>
  <testcase name="testSanitizeForSaving" time="0.000" classname="teammates.test.cases.common.AccountAttributesTest"/>
  <testcase name="testGetInvalidStateInfo" time="0.000" classname="teammates.test.cases.common.AccountAttributesTest"/>
  <testcase name="testGetIdentificationString" time="0.000" classname="teammates.test.cases.common.AccountAttributesTest"/>
  <testcase name="testLegacyAccountEntityToAttributes" time="0.000" classname="teammates.test.cases.common.AccountAttributesTest"/>
  <testcase name="testGetEntityTypeAsString" time="0.000" classname="teammates.test.cases.common.AccountAttributesTest"/>
  <testcase name="testToEntity" time="0.000" classname="teammates.test.cases.common.AccountAttributesTest"/>
</testsuite> <!-- teammates.test.cases.common.AccountAttributesTest -->
