<?xml version="1.0" encoding="UTF-8"?>
<!-- Generated by org.testng.reporters.JUnitReportReporter -->
<testsuite hostname="soccf-tr5-001" name="teammates.test.cases.storage.EvaluationsDbTest" tests="4" failures="0" timestamp="7 Aug 2014 04:48:38 GMT" time="0.109" errors="0">
  <testcase name="testUpdateEvaluation" time="0.046" classname="teammates.test.cases.storage.EvaluationsDbTest"/>
  <testcase name="testDeleteEvaluation" time="0.032" classname="teammates.test.cases.storage.EvaluationsDbTest"/>
  <testcase name="testCreateEvaluation" time="0.031" classname="teammates.test.cases.storage.EvaluationsDbTest"/>
  <testcase name="testGetEvaluation" time="0.000" classname="teammates.test.cases.storage.EvaluationsDbTest"/>
</testsuite> <!-- teammates.test.cases.storage.EvaluationsDbTest -->
