<?xml version="1.0" encoding="UTF-8"?>
<!-- Generated by org.testng.reporters.JUnitReportReporter -->
<testsuite hostname="soccf-tr5-001" name="teammates.test.cases.ui.browsertests.StudentFeedbackQuestionSubmitPageUiTest" tests="1" failures="0" timestamp="11 Sep 2014 05:49:53 GMT" time="34.101" errors="0">
  <testcase name="testAll" time="34.101" classname="teammates.test.cases.ui.browsertests.StudentFeedbackQuestionSubmitPageUiTest"/>
</testsuite> <!-- teammates.test.cases.ui.browsertests.StudentFeedbackQuestionSubmitPageUiTest -->
