<?xml version="1.0" encoding="UTF-8"?>
<!-- Generated by org.testng.reporters.JUnitReportReporter -->
<testsuite hostname="soccf-tr5-001" name="teammates.test.cases.storage.AccountsDbTest" tests="5" failures="0" timestamp="29 Oct 2014 13:47:50 GMT" time="1.669" errors="0">
  <testcase name="testGetInstructorAccounts" time="0.093" classname="teammates.test.cases.storage.AccountsDbTest"/>
  <testcase name="testDeleteAccount" time="0.655" classname="teammates.test.cases.storage.AccountsDbTest"/>
  <testcase name="testGetAccount" time="0.016" classname="teammates.test.cases.storage.AccountsDbTest"/>
  <testcase name="testCreateAccount" time="0.874" classname="teammates.test.cases.storage.AccountsDbTest"/>
  <testcase name="testEditAccount" time="0.031" classname="teammates.test.cases.storage.AccountsDbTest"/>
</testsuite> <!-- teammates.test.cases.storage.AccountsDbTest -->
