<?xml version="1.0" encoding="UTF-8"?>
<!-- Generated by org.testng.reporters.JUnitReportReporter -->
<testsuite hostname="soccf-tr5-001" name="teammates.test.cases.logic.BackDoorLogicTest" tests="2" failures="0" timestamp="10 Sep 2014 12:56:05 GMT" time="1.654" errors="0">
  <testcase name="testGetSubmission" time="0.031" classname="teammates.test.cases.logic.BackDoorLogicTest"/>
  <testcase name="testPersistDataBundle" time="1.623" classname="teammates.test.cases.logic.BackDoorLogicTest"/>
</testsuite> <!-- teammates.test.cases.logic.BackDoorLogicTest -->
