<?xml version="1.0" encoding="UTF-8"?>
<!-- Generated by org.testng.reporters.JUnitReportReporter -->
<testsuite hostname="soccf-tr5-001" name="teammates.test.cases.storage.EvaluationsDbTest" tests="4" failures="0" timestamp="3 Sep 2014 15:50:17 GMT" time="0.078" errors="0">
  <testcase name="testGetEvaluation" time="0.016" classname="teammates.test.cases.storage.EvaluationsDbTest"/>
  <testcase name="testCreateEvaluation" time="0.031" classname="teammates.test.cases.storage.EvaluationsDbTest"/>
  <testcase name="testUpdateEvaluation" time="0.016" classname="teammates.test.cases.storage.EvaluationsDbTest"/>
  <testcase name="testDeleteEvaluation" time="0.015" classname="teammates.test.cases.storage.EvaluationsDbTest"/>
</testsuite> <!-- teammates.test.cases.storage.EvaluationsDbTest -->
