<?xml version="1.0" encoding="UTF-8"?>
<!-- Generated by org.testng.reporters.JUnitReportReporter -->
<testsuite hostname="soccf-tr5-001" name="teammates.test.cases.ui.browsertests.InstructorCommentsPageUiTest" tests="1" failures="0" timestamp="9 Oct 2014 14:26:03 GMT" time="184.939" errors="0">
  <testcase name="allTests" time="184.939" classname="teammates.test.cases.ui.browsertests.InstructorCommentsPageUiTest"/>
</testsuite> <!-- teammates.test.cases.ui.browsertests.InstructorCommentsPageUiTest -->
