<?xml version="1.0" encoding="UTF-8"?>
<!-- Generated by org.testng.reporters.JUnitReportReporter -->
<testsuite hostname="soccf-tr5-001" name="teammates.test.cases.logic.FeedbackSessionEmailTaskQueueTest" tests="4" failures="0" timestamp="6 Aug 2014 08:31:51 GMT" time="8.443" errors="0">
  <testcase name="testScheduleFeedbackSessionOpeningEmails" time="1.264" classname="teammates.test.cases.logic.FeedbackSessionEmailTaskQueueTest"/>
  <testcase name="testScheduleFeedbackSessionClosingEmails" time="2.029" classname="teammates.test.cases.logic.FeedbackSessionEmailTaskQueueTest"/>
  <testcase name="testAll" time="3.121" classname="teammates.test.cases.logic.FeedbackSessionEmailTaskQueueTest"/>
  <testcase name="testScheduleFeedbackSessionPublishedEmails" time="2.029" classname="teammates.test.cases.logic.FeedbackSessionEmailTaskQueueTest"/>
</testsuite> <!-- teammates.test.cases.logic.FeedbackSessionEmailTaskQueueTest -->
