<?xml version="1.0" encoding="UTF-8"?>
<!-- Generated by org.testng.reporters.JUnitReportReporter -->
<testsuite hostname="soccf-tr5-001" name="teammates.test.cases.ui.browsertests.InstructorFeedbackSubmitPageUiTest" tests="1" failures="0" timestamp="29 Oct 2014 13:47:49 GMT" time="123.237" errors="0">
  <testcase name="testAll" time="123.237" classname="teammates.test.cases.ui.browsertests.InstructorFeedbackSubmitPageUiTest"/>
</testsuite> <!-- teammates.test.cases.ui.browsertests.InstructorFeedbackSubmitPageUiTest -->
