<?xml version="1.0" encoding="UTF-8"?>
<!-- Generated by org.testng.reporters.JUnitReportReporter -->
<testsuite hostname="soccf-tr5-001" name="teammates.test.cases.ui.browsertests.StudentEvalEditSubmissionPageUiTest" tests="1" failures="0" timestamp="26 Sep 2014 15:57:47 GMT" time="108.263" errors="0">
  <testcase name="testAll" time="108.263" classname="teammates.test.cases.ui.browsertests.StudentEvalEditSubmissionPageUiTest"/>
</testsuite> <!-- teammates.test.cases.ui.browsertests.StudentEvalEditSubmissionPageUiTest -->
