<?xml version="1.0" encoding="UTF-8"?>
<!-- Generated by org.testng.reporters.JUnitReportReporter -->
<testsuite hostname="soccf-tr5-001" name="teammates.test.cases.logic.SubmissionTaskQueueLogicTest" tests="2" failures="0" timestamp="8 Oct 2014 15:54:50 GMT" time="2.106" errors="0">
  <testcase name="testSchedulingOfCreationOfSubmissions" time="2.060" classname="teammates.test.cases.logic.SubmissionTaskQueueLogicTest"/>
  <testcase name="testCreationOfSubmissions" time="0.046" classname="teammates.test.cases.logic.SubmissionTaskQueueLogicTest"/>
</testsuite> <!-- teammates.test.cases.logic.SubmissionTaskQueueLogicTest -->
