<?xml version="1.0" encoding="UTF-8"?>
<!-- Generated by org.testng.reporters.JUnitReportReporter -->
<testsuite hostname="soccf-tr5-001" name="teammates.test.automated.FeedbackSessionPublishedReminderTest" tests="2" failures="0" timestamp="26 Sep 2014 15:21:30 GMT" time="4.307" errors="0">
  <testcase name="testFeedbackSessionOpeningMailAction" time="1.187" classname="teammates.test.automated.FeedbackSessionPublishedReminderTest"/>
  <testcase name="testAdditionOfTaskToTaskQueue" time="3.120" classname="teammates.test.automated.FeedbackSessionPublishedReminderTest"/>
</testsuite> <!-- teammates.test.automated.FeedbackSessionPublishedReminderTest -->
