<?xml version="1.0" encoding="UTF-8"?>
<!-- Generated by org.testng.reporters.JUnitReportReporter -->
<testsuite hostname="soccf-tr5-001" name="teammates.test.cases.storage.CoursesDbTest" tests="4" failures="0" timestamp="22 Feb 2015 13:22:12 GMT" time="0.312" errors="0">
  <testcase name="testCreateCourse" time="0.015" classname="teammates.test.cases.storage.CoursesDbTest"/>
  <testcase name="testDeleteCourse" time="0.281" classname="teammates.test.cases.storage.CoursesDbTest"/>
  <testcase name="testGetCourse" time="0.000" classname="teammates.test.cases.storage.CoursesDbTest"/>
  <testcase name="testUpdateCourse" time="0.016" classname="teammates.test.cases.storage.CoursesDbTest"/>
</testsuite> <!-- teammates.test.cases.storage.CoursesDbTest -->
