<?xml version="1.0" encoding="UTF-8"?>
<!-- Generated by org.testng.reporters.JUnitReportReporter -->
<testsuite hostname="soccf-tr5-001" name="teammates.test.cases.ui.AdminAccountDeletePageActionTest" tests="1" failures="0" timestamp="9 Oct 2014 14:26:03 GMT" time="0.359" errors="0">
  <testcase name="testExecuteAndPostProcess" time="0.359" classname="teammates.test.cases.ui.AdminAccountDeletePageActionTest"/>
</testsuite> <!-- teammates.test.cases.ui.AdminAccountDeletePageActionTest -->
