<?xml version="1.0" encoding="UTF-8"?>
<!-- Generated by org.testng.reporters.JUnitReportReporter -->
<testsuite hostname="soccf-tr5-001" name="teammates.test.cases.logic.EmailsTest" tests="7" failures="0" timestamp="11 Sep 2014 07:39:06 GMT" time="0.796" errors="0">
  <testcase name="testGenerateEvaluationEmails" time="0.015" classname="teammates.test.cases.logic.EmailsTest"/>
  <testcase name="testGenerateEvaluationEmailBase" time="0.016" classname="teammates.test.cases.logic.EmailsTest"/>
  <testcase name="testGenerateFeedbackSessionEmails" time="0.749" classname="teammates.test.cases.logic.EmailsTest"/>
  <testcase name="testSystemCrashReportEmailContent" time="0.000" classname="teammates.test.cases.logic.EmailsTest"/>
  <testcase name="testGenerateStudentCourseJoinEmail" time="0.016" classname="teammates.test.cases.logic.EmailsTest"/>
  <testcase name="testGetEmailInfo" time="0.000" classname="teammates.test.cases.logic.EmailsTest"/>
  <testcase name="testGenerateFeedbackEmailBase" time="0.000" classname="teammates.test.cases.logic.EmailsTest"/>
</testsuite> <!-- teammates.test.cases.logic.EmailsTest -->
