<?xml version="1.0" encoding="UTF-8"?>
<!-- Generated by org.testng.reporters.JUnitReportReporter -->
<testsuite hostname="soccf-tr5-001" name="teammates.test.cases.ui.browsertests.InstructorCommentsPageUiTest" tests="1" failures="0" timestamp="14 Sep 2014 14:40:20 GMT" time="48.876" errors="1">
  <testcase name="allTests" time="48.876" classname="teammates.test.cases.ui.browsertests.InstructorCommentsPageUiTest">
    <error type="org.junit.ComparisonFailure" message="expected:&lt;&lt;[expected&gt;
   &lt;div class=&quot;container&quot; id=&quot;frameBodyWrapper&quot;&gt;
      &lt;div id=&quot;topOfPage&quot;&gt;
      &lt;/div&gt;
      &lt;div class=&quot;inner-container&quot;&gt;
         &lt;div class=&quot;row&quot;&gt;
            &lt;div class=&quot;col-sm-6&quot;&gt;
               &lt;h1&gt;
                  Comments from Instructors
               &lt;/h1&gt;
            &lt;/div&gt;
            &lt;div class=&quot;col-sm-6 instructor-header-bar&quot;&gt;
               &lt;form action=&quot;/page/instructorSearchPage?user=comments.idOfInstructor1OfCourse1&quot; method=&quot;get&quot; name=&quot;search_form&quot;&gt;
                  &lt;div class=&quot;input-group&quot;&gt;
                     &lt;input class=&quot;form-control&quot; id=&quot;searchBox&quot; name=&quot;searchkey&quot; placeholder=&quot;Any info related to comments&quot; title=&quot;Search for comment&quot; type=&quot;text&quot;/&gt;
                                          &lt;span class=&quot;input-group-btn&quot;&gt;
                        &lt;button class=&quot;btn btn-default&quot; id=&quot;buttonSearch&quot; type=&quot;submit&quot; value=&quot;Search&quot;&gt;
                           Search
                        &lt;/button&gt;
                     &lt;/span&gt;
                  &lt;/div&gt;
                  &lt;input name=&quot;searchcommentforstudents&quot; type=&quot;hidden&quot; value=&quot;true&quot;/&gt;
                                    &lt;input name=&quot;searchcommentforresponses&quot; type=&quot;hidden&quot; value=&quot;true&quot;/&gt;
                                    &lt;input name=&quot;user&quot; type=&quot;hidden&quot; value=&quot;comments.idOfInstructor1OfCourse1&quot;/&gt;
                                 &lt;/form&gt;
            &lt;/div&gt;
         &lt;/div&gt;
      &lt;/div&gt;
      &lt;br/&gt;
            &lt;div id=&quot;statusMessage&quot; style=&quot;display: none;&quot;&gt;
      &lt;/div&gt;
      &lt;div class=&quot;well well-plain&quot;&gt;
         &lt;div class=&quot;row&quot;&gt;
            &lt;div class=&quot;col-md-2&quot;&gt;
               &lt;div class=&quot;checkbox&quot;&gt;
                  &lt;input id=&quot;option-check&quot; type=&quot;checkbox&quot;/&gt;
                                    &lt;label for=&quot;option-check&quot;&gt;
                     Show More
                                Options
                  &lt;/label&gt;
               &lt;/div&gt;
            &lt;/div&gt;
            &lt;div class=&quot;col-md-3&quot;&gt;
               &lt;div class=&quot;checkbox&quot;&gt;
                  &lt;input id=&quot;displayArchivedCourses_check&quot; type=&quot;checkbox&quot;/&gt;
                                    &lt;label for=&quot;displayArchivedCourses_check&quot;&gt;
                     Include
                                Archived Courses
                  &lt;/label&gt;
                  &lt;div id=&quot;displayArchivedCourses_link&quot; style=&quot;display:none;&quot;&gt;
                     &lt;a href=&quot;/page/instructorCommentsPage?user=comments.idOfInstructor1OfCourse1&quot;&gt;
                        link back to the page
                     &lt;/a&gt;
                  &lt;/div&gt;
               &lt;/div&gt;
            &lt;/div&gt;
         &lt;/div&gt;
         &lt;div class=&quot;row&quot;&gt;
            &lt;div class=&quot;well well-plain&quot; id=&quot;more-options&quot;&gt;
               &lt;form class=&quot;form-horizontal&quot; role=&quot;form&quot;&gt;
                  &lt;div class=&quot;row&quot;&gt;
                     &lt;div class=&quot;col-sm-4&quot;&gt;
                        &lt;div class=&quot;text-color-primary&quot;&gt;
                           &lt;strong&gt;
                              Show comments for:
                           &lt;/strong&gt;
                        &lt;/div&gt;
                        &lt;br/&gt;
                                                &lt;div class=&quot;checkbox&quot;&gt;
                           &lt;input checked=&quot;checked&quot; id=&quot;panel_all&quot; type=&quot;checkbox&quot;/&gt;
                                                      &lt;label for=&quot;panel_all&quot;&gt;
                              &lt;strong&gt;
                                 All
                              &lt;/strong&gt;
                           &lt;/label&gt;
                        &lt;/div&gt;
                        &lt;br/&gt;
                                                &lt;div class=&quot;checkbox&quot;&gt;
                           &lt;input checked=&quot;checked&quot; id=&quot;panel_check-1&quot; type=&quot;checkbox&quot;/&gt;
                                                      &lt;label for=&quot;panel_check-1&quot;&gt;
                              Students
                           &lt;/label&gt;
                        &lt;/div&gt;
                        &lt;div class=&quot;checkbox&quot;&gt;
                           &lt;input checked=&quot;checked&quot; id=&quot;panel_check-2&quot; type=&quot;checkbox&quot;/&gt;
                                                      &lt;label for=&quot;panel_check-2&quot;&gt;
                              Session: comments.First feedback session
                           &lt;/label&gt;
                        &lt;/div&gt;
                     &lt;/div&gt;
                     &lt;div class=&quot;col-sm-4&quot;&gt;
                        &lt;div class=&quot;text-color-primary&quot;&gt;
                           &lt;strong&gt;
                              Show comments from:
                           &lt;/strong&gt;
                        &lt;/div&gt;
                        &lt;br/&gt;
                                                &lt;div class=&quot;checkbox&quot;&gt;
                           &lt;input checked=&quot;checked&quot; id=&quot;giver_all&quot; type=&quot;checkbox&quot; value=&quot;&quot;/&gt;
                                                      &lt;label for=&quot;giver_all&quot;&gt;
                              &lt;strong&gt;
                                 All
                              &lt;/strong&gt;
                           &lt;/label&gt;
                        &lt;/div&gt;
                        &lt;br/&gt;
                                                &lt;div class=&quot;checkbox&quot;&gt;
                           &lt;input checked=&quot;checked&quot; id=&quot;giver_check-by-you&quot; type=&quot;checkbox&quot;/&gt;
                                                      &lt;label for=&quot;giver_check-by-you&quot;&gt;
                              You
                           &lt;/label&gt;
                        &lt;/div&gt;
                        &lt;div class=&quot;checkbox&quot;&gt;
                           &lt;input checked=&quot;checked&quot; id=&quot;giver_check-by-others&quot; type=&quot;checkbox&quot;/&gt;
                                                      &lt;label for=&quot;giver_check-by-others&quot;&gt;
                              Others
                           &lt;/label&gt;
                        &lt;/div&gt;
                     &lt;/div&gt;
                     &lt;div class=&quot;col-sm-4&quot;&gt;
                        &lt;div class=&quot;text-color-primary&quot;&gt;
                           &lt;strong&gt;
                              Show comments with status:
                           &lt;/strong&gt;
                        &lt;/div&gt;
                        &lt;br/&gt;
                                                &lt;div class=&quot;checkbox&quot;&gt;
                           &lt;input checked=&quot;checked&quot; id=&quot;status_all&quot; type=&quot;checkbox&quot; value=&quot;&quot;/&gt;
                                                      &lt;label for=&quot;status_all&quot;&gt;
                              &lt;strong&gt;
                                 All
                              &lt;/strong&gt;
                           &lt;/label&gt;
                        &lt;/div&gt;
                        &lt;br/&gt;
                                                &lt;div class=&quot;checkbox&quot;&gt;
                           &lt;input checked=&quot;checked&quot; id=&quot;status_check-public&quot; type=&quot;checkbox&quot;/&gt;
                                                      &lt;label for=&quot;status_check-public&quot;&gt;
                              Public
                           &lt;/label&gt;
                        &lt;/div&gt;
                        &lt;div class=&quot;checkbox&quot;&gt;
                           &lt;input checked=&quot;checked&quot; id=&quot;status_check-private&quot; type=&quot;checkbox&quot;/&gt;
                                                      &lt;label for=&quot;status_check-private&quot;&gt;
                              Private
                           &lt;/label&gt;
                        &lt;/div&gt;
                     &lt;/div&gt;
                  &lt;/div&gt;
               &lt;/form&gt;
            &lt;/div&gt;
         &lt;/div&gt;
      &lt;/div&gt;
      &lt;ul class=&quot;pagination&quot;&gt;
         &lt;li&gt;
            &lt;a href=&quot;javascript:;&quot;&gt;
               Â«
            &lt;/a&gt;
         &lt;/li&gt;
         &lt;li class=&quot;active&quot;&gt;
            &lt;a href=&quot;/page/instructorCommentsPage?user=comments.idOfInstructor1OfCourse1&amp;courseid=comments.idOfTypicalCourse1&quot;&gt;
               comments.idOfTypicalCourse1
            &lt;/a&gt;
         &lt;/li&gt;
         &lt;li&gt;
            &lt;a href=&quot;javascript:;&quot;&gt;
               Â»
            &lt;/a&gt;
         &lt;/li&gt;
      &lt;/ul&gt;
      &lt;div class=&quot;well well-plain&quot;&gt;
         &lt;div class=&quot;row&quot;&gt;
            &lt;h4 class=&quot;col-sm-9 text-color-primary&quot;&gt;
               &lt;strong&gt;
                  comments.idOfTypicalCourse1 : Typical Course 1 with 2 Evals
               &lt;/strong&gt;
            &lt;/h4&gt;
            &lt;div class=&quot;btn-group pull-right&quot; style=&quot;display:none&quot;&gt;
               &lt;a class=&quot;btn btn-sm btn-info&quot; data-original-title=&quot;Send email notification to 0 recipient(s) of comments pending notification&quot; data-toggle=&quot;tooltip&quot; href=&quot;/page/instructorStudentCommentClearPending?courseid=comments.idOfTypicalCourse1&amp;user=comments.idOfInstructor1OfCourse1&quot; style=&quot;margin-right: 17px;&quot; title=&quot;&quot; type=&quot;button&quot;&gt;
                  &lt;span class=&quot;badge&quot; style=&quot;margin-right: 5px&quot;&gt;
                     0
                  &lt;/span&gt;
                  &lt;span class=&quot;glyphicon glyphicon-comment&quot;&gt;
                  &lt;/span&gt;
                  &lt;span class=&quot;glyphicon glyphicon-arrow-right&quot;&gt;
                  &lt;/span&gt;
                  &lt;span class=&quot;glyphicon glyphicon-envelope&quot;&gt;
                  &lt;/span&gt;
               &lt;/a&gt;
            &lt;/div&gt;
         &lt;/div&gt;
         &lt;div id=&quot;no-comment-panel&quot; style=&quot;display:none;&quot;&gt;
            &lt;br/&gt;
                        &lt;div class=&quot;panel&quot;&gt;
               &lt;div class=&quot;panel-body&quot;&gt;
                  You don&#039;t have any comment in this course.
               &lt;/div&gt;
            &lt;/div&gt;
         &lt;/div&gt;
         &lt;div id=&quot;panel_display-1&quot;&gt;
            &lt;br/&gt;
                        &lt;div class=&quot;panel panel-primary&quot;&gt;
               &lt;div class=&quot;panel-heading&quot;&gt;
                  &lt;strong&gt;
                     Comments for students
                  &lt;/strong&gt;
               &lt;/div&gt;
               &lt;div class=&quot;panel-body&quot;&gt;
                  &lt;div class=&quot;panel panel-info student-record-comments giver_display-by-you&quot;&gt;
                     &lt;div class=&quot;panel-heading&quot;&gt;
                        From
                        &lt;b&gt;
                           You
                        &lt;/b&gt;
                     &lt;/div&gt;
                     &lt;ul class=&quot;list-group comments&quot;&gt;
                        &lt;li class=&quot;list-group-item list-group-item-warning status_display-public&quot; id=&quot;{*}&quot;&gt;
                           &lt;form action=&quot;/page/instructorStudentCommentEdit&quot; class=&quot;form_comment&quot; id=&quot;form_commentedit-1&quot; method=&quot;post&quot; name=&quot;form_commentedit&quot;&gt;
                              &lt;div id=&quot;commentBar-1&quot;&gt;
                                 &lt;span class=&quot;text-muted&quot;&gt;
                                    To
                                    &lt;b&gt;
                                       Team 1.1
                                    &lt;/b&gt;
                                    on
                                                07 May 2012, 08:54
                                 &lt;/span&gt;
                                 &lt;a class=&quot;btn btn-default btn-xs icon-button pull-right&quot; data-original-title=&quot;Delete this comment&quot; data-placement=&quot;top&quot; data-toggle=&quot;tooltip&quot; id=&quot;commentdelete-1&quot; onclick=&quot;return deleteComment(&#039;1&#039;);&quot; style=&quot;display: none;&quot; title=&quot;&quot; type=&quot;button&quot;&gt;
                                    &lt;span class=&quot;glyphicon glyphicon-trash glyphicon-primary&quot;&gt;
                                    &lt;/span&gt;
                                 &lt;/a&gt;
                                 &lt;a class=&quot;btn btn-default btn-xs icon-button pull-right&quot; data-original-title=&quot;Edit this comment&quot; data-placement=&quot;top&quot; data-toggle=&quot;tooltip&quot; id=&quot;commentedit-1&quot; onclick=&quot;return enableEdit(&#039;1&#039;);&quot; style=&quot;display: none;&quot; title=&quot;&quot; type=&quot;button&quot;&gt;
                                    &lt;span class=&quot;glyphicon glyphicon-pencil glyphicon-primary&quot;&gt;
                                    &lt;/span&gt;
                                 &lt;/a&gt;
                                 &lt;span class=&quot;glyphicon glyphicon-eye-open&quot; data-original-title=&quot;This comment is visible to recipient team&quot; data-placement=&quot;top&quot; data-toggle=&quot;tooltip&quot; style=&quot;margin-left: 5px;&quot; title=&quot;&quot;&gt;
                                 &lt;/span&gt;
                              &lt;/div&gt;
                              &lt;div id=&quot;plainCommentText1&quot; style=&quot;margin-left: 15px;&quot;&gt;
                                 team can see this comment without giver&#039;s name
                              &lt;/div&gt;
                              &lt;div id=&quot;commentTextEdit1&quot; style=&quot;display: none;&quot;&gt;
                                 &lt;div class=&quot;form-group form-inline&quot;&gt;
                                    &lt;div class=&quot;form-group text-muted&quot;&gt;
                                       You may change comment&#039;s visibility using the visibility options on the right hand side.
                                    &lt;/div&gt;
                                    &lt;a class=&quot;btn btn-sm btn-info pull-right&quot; id=&quot;visibility-options-trigger1&quot;&gt;
                                       &lt;span class=&quot;glyphicon glyphicon-eye-close&quot;&gt;
                                       &lt;/span&gt;
                                       Show Visibility Options
                                    &lt;/a&gt;
                                 &lt;/div&gt;
                                 &lt;div class=&quot;panel panel-default&quot; id=&quot;visibility-options1&quot; style=&quot;display: none;&quot;&gt;
                                    &lt;div class=&quot;panel-heading&quot;&gt;
                                       Visibility Options
                                    &lt;/div&gt;
                                    &lt;table class=&quot;table text-center text-color-black&quot;&gt;
                                       &lt;tbody&gt;
                                          &lt;tr&gt;
                                             &lt;th class=&quot;text-center&quot;&gt;
                                                User/Group
                                             &lt;/th&gt;
                                             &lt;th class=&quot;text-center&quot;&gt;
                                                Can see
                                                                your comment
                                             &lt;/th&gt;
                                             &lt;th class=&quot;text-center&quot;&gt;
                                                Can see
                                                                giver&#039;s name
                                             &lt;/th&gt;
                                             &lt;th class=&quot;text-center&quot;&gt;
                                                Can see
                                                                recipient&#039;s name
                                             &lt;/th&gt;
                                          &lt;/tr&gt;
                                          &lt;tr id=&quot;recipient-team1&quot;&gt;
                                             &lt;td class=&quot;text-left&quot;&gt;
                                                &lt;div data-original-title=&quot;Control what team members of comment recipients can view&quot; data-placement=&quot;top&quot; data-toggle=&quot;tooltip&quot; title=&quot;&quot;&gt;
                                                   Recipient Team
                                                &lt;/div&gt;
                                             &lt;/td&gt;
                                             &lt;td&gt;
                                                &lt;input checked=&quot;checked&quot; class=&quot;visibilityCheckbox answerCheckbox&quot; type=&quot;checkbox&quot; value=&quot;TEAM&quot;/&gt;
                                                                                             &lt;/td&gt;
                                             &lt;td&gt;
                                                &lt;input class=&quot;visibilityCheckbox giverCheckbox&quot; type=&quot;checkbox&quot; value=&quot;TEAM&quot;/&gt;
                                                                                             &lt;/td&gt;
                                             &lt;td&gt;
                                                &lt;input class=&quot;visibilityCheckbox recipientCheckbox&quot; disabled=&quot;disabled&quot; type=&quot;checkbox&quot; value=&quot;TEAM&quot;/&gt;
                                                                                             &lt;/td&gt;
                                          &lt;/tr&gt;
                                          &lt;tr id=&quot;recipient-section1&quot;&gt;
                                             &lt;td class=&quot;text-left&quot;&gt;
                                                &lt;div data-original-title=&quot;Control what students in the same section can view&quot; data-placement=&quot;top&quot; data-toggle=&quot;tooltip&quot; title=&quot;&quot;&gt;
                                                   Recipient&#039;s Section
                                                &lt;/div&gt;
                                             &lt;/td&gt;
                                             &lt;td&gt;
                                                &lt;input class=&quot;visibilityCheckbox answerCheckbox&quot; type=&quot;checkbox&quot; value=&quot;SECTION&quot;/&gt;
                                                                                             &lt;/td&gt;
                                             &lt;td&gt;
                                                &lt;input class=&quot;visibilityCheckbox giverCheckbox&quot; type=&quot;checkbox&quot; value=&quot;SECTION&quot;/&gt;
                                                                                             &lt;/td&gt;
                                             &lt;td&gt;
                                                &lt;input class=&quot;visibilityCheckbox recipientCheckbox&quot; type=&quot;checkbox&quot; value=&quot;SECTION&quot;/&gt;
                                                                                             &lt;/td&gt;
                                          &lt;/tr&gt;
                                          &lt;tr id=&quot;recipient-course1&quot;&gt;
                                             &lt;td class=&quot;text-left&quot;&gt;
                                                &lt;div data-original-title=&quot;Control what other students in this course can view&quot; data-placement=&quot;top&quot; data-toggle=&quot;tooltip&quot; title=&quot;&quot;&gt;
                                                   Other students in this course
                                                &lt;/div&gt;
                                             &lt;/td&gt;
                                             &lt;td&gt;
                                                &lt;input class=&quot;visibilityCheckbox answerCheckbox&quot; type=&quot;checkbox&quot; value=&quot;COURSE&quot;/&gt;
                                                                                             &lt;/td&gt;
                                             &lt;td&gt;
                                                &lt;input class=&quot;visibilityCheckbox giverCheckbox&quot; type=&quot;checkbox&quot; value=&quot;COURSE&quot;/&gt;
                                                                                             &lt;/td&gt;
                                             &lt;td&gt;
                                                &lt;input class=&quot;visibilityCheckbox recipientCheckbox&quot; type=&quot;checkbox&quot; value=&quot;COURSE&quot;/&gt;
                                                                                             &lt;/td&gt;
                                          &lt;/tr&gt;
                                          &lt;tr&gt;
                                             &lt;td class=&quot;text-left&quot;&gt;
                                                &lt;div data-original-title=&quot;Control what instructors can view&quot; data-placement=&quot;top&quot; data-toggle=&quot;tooltip&quot; title=&quot;&quot;&gt;
                                                   Instructors
                                                &lt;/div&gt;
                                             &lt;/td&gt;
                                             &lt;td&gt;
                                                &lt;input class=&quot;visibilityCheckbox answerCheckbox&quot; type=&quot;checkbox&quot; value=&quot;INSTRUCTOR&quot;/&gt;
                                                                                             &lt;/td&gt;
                                             &lt;td&gt;
                                                &lt;input class=&quot;visibilityCheckbox giverCheckbox&quot; type=&quot;checkbox&quot; value=&quot;INSTRUCTOR&quot;/&gt;
                                                                                             &lt;/td&gt;
                                             &lt;td&gt;
                                                &lt;input class=&quot;visibilityCheckbox recipientCheckbox&quot; type=&quot;checkbox&quot; value=&quot;INSTRUCTOR&quot;/&gt;
                                                                                             &lt;/td&gt;
                                          &lt;/tr&gt;
                                       &lt;/tbody&gt;
                                    &lt;/table&gt;
                                 &lt;/div&gt;
                                 &lt;div class=&quot;form-group&quot;&gt;
                                    &lt;textarea class=&quot;form-control&quot; id=&quot;commentText1&quot; name=&quot;commenttext&quot; placeholder=&quot;Your comment about this student&quot; rows=&quot;3&quot;&gt;
                                       team can see this comment without giver&#039;s name
                                    &lt;/textarea&gt;
                                 &lt;/div&gt;
                                 &lt;div class=&quot;col-sm-offset-5&quot;&gt;
                                    &lt;input class=&quot;btn btn-primary&quot; id=&quot;commentsave-1&quot; onclick=&quot;return submitCommentForm(&#039;1&#039;);&quot; title=&quot;Save comment&quot; type=&quot;submit&quot; value=&quot;Save&quot;/&gt;
                                                                        &lt;input class=&quot;btn btn-default&quot; onclick=&quot;return disableComment(&#039;1&#039;);&quot; type=&quot;button&quot; value=&quot;Cancel&quot;/&gt;
                                                                     &lt;/div&gt;
                              &lt;/div&gt;
                              &lt;input id=&quot;commentedittype-1&quot; name=&quot;commentedittype&quot; type=&quot;hidden&quot; value=&quot;edit&quot;/&gt;
                                                            &lt;input name=&quot;commentid&quot; type=&quot;hidden&quot; value=&quot;{*}&quot;/&gt;
                                                            &lt;input name=&quot;courseid&quot; type=&quot;hidden&quot; value=&quot;comments.idOfTypicalCourse1&quot;/&gt;
                                                            &lt;input name=&quot;commentpage&quot; type=&quot;hidden&quot; value=&quot;true&quot;/&gt;
                                                            &lt;input name=&quot;showcommentsto&quot; type=&quot;hidden&quot; value=&quot;TEAM&quot;/&gt;
                                                            &lt;input name=&quot;showgiverto&quot; type=&quot;hidden&quot; value=&quot;&quot;/&gt;
                                                            &lt;input name=&quot;showrecipientto&quot; type=&quot;hidden&quot; value=&quot;&quot;/&gt;
                                                            &lt;input name=&quot;user&quot; type=&quot;hidden&quot; value=&quot;comments.idOfInstructor1OfCourse1&quot;/&gt;
                                                         &lt;/form&gt;
                        &lt;/li&gt;
                        &lt;li class=&quot;list-group-item list-group-item-warning status_display-public&quot; id=&quot;{*}&quot;&gt;
                           &lt;form action=&quot;/page/instructorStudentCommentEdit&quot; class=&quot;form_comment&quot; id=&quot;form_commentedit-2&quot; method=&quot;post&quot; name=&quot;form_commentedit&quot;&gt;
                              &lt;div id=&quot;commentBar-2&quot;&gt;
                                 &lt;span class=&quot;text-muted&quot;&gt;
                                    To
                                    &lt;b&gt;
                                       student1 In Course1
                                    &lt;/b&gt;
                                    (Team 1.1,
                                    &lt;a href=&quot;mailto:comments.student1InCourse1@gmail.tmt&quot;&gt;
                                       comments.student1InCourse1@gmail.tmt
                                    &lt;/a&gt;
                                    ) on
                                                06 May 2012, 08:55
                                 &lt;/span&gt;
                                 &lt;a class=&quot;btn btn-default btn-xs icon-button pull-right&quot; data-original-title=&quot;Delete this comment&quot; data-placement=&quot;top&quot; data-toggle=&quot;tooltip&quot; id=&quot;commentdelete-2&quot; onclick=&quot;return deleteComment(&#039;2&#039;);&quot; style=&quot;display: none;&quot; title=&quot;&quot; type=&quot;button&quot;&gt;
                                    &lt;span class=&quot;glyphicon glyphicon-trash glyphicon-primary&quot;&gt;
                                    &lt;/span&gt;
                                 &lt;/a&gt;
                                 &lt;a class=&quot;btn btn-default btn-xs icon-button pull-right&quot; data-original-title=&quot;Edit this comment&quot; data-placement=&quot;top&quot; data-toggle=&quot;tooltip&quot; id=&quot;commentedit-2&quot; onclick=&quot;return enableEdit(&#039;2&#039;);&quot; style=&quot;display: none;&quot; title=&quot;&quot; type=&quot;button&quot;&gt;
                                    &lt;span class=&quot;glyphicon glyphicon-pencil glyphicon-primary&quot;&gt;
                                    &lt;/span&gt;
                                 &lt;/a&gt;
                                 &lt;span class=&quot;glyphicon glyphicon-eye-open&quot; data-original-title=&quot;This comment is visible to other students in this course&quot; data-placement=&quot;top&quot; data-toggle=&quot;tooltip&quot; style=&quot;margin-left: 5px;&quot; title=&quot;&quot;&gt;
                                 &lt;/span&gt;
                              &lt;/div&gt;
                              &lt;div id=&quot;plainCommentText2&quot; style=&quot;margin-left: 15px;&quot;&gt;
                                 Other students in this course can see this comment without giver and recipient&#039;s name
                              &lt;/div&gt;
                              &lt;div id=&quot;commentTextEdit2&quot; style=&quot;display: none;&quot;&gt;
                                 &lt;div class=&quot;form-group form-inline&quot;&gt;
                                    &lt;div class=&quot;form-group text-muted&quot;&gt;
                                       You may change comment&#039;s visibility using the visibility options on the right hand side.
                                    &lt;/div&gt;
                                    &lt;a class=&quot;btn btn-sm btn-info pull-right&quot; id=&quot;visibility-options-trigger2&quot;&gt;
                                       &lt;span class=&quot;glyphicon glyphicon-eye-close&quot;&gt;
                                       &lt;/span&gt;
                                       Show Visibility Options
                                    &lt;/a&gt;
                                 &lt;/div&gt;
                                 &lt;div class=&quot;panel panel-default&quot; id=&quot;visibility-options2&quot; style=&quot;display: none;&quot;&gt;
                                    &lt;div class=&quot;panel-heading&quot;&gt;
                                       Visibility Options
                                    &lt;/div&gt;
                                    &lt;table class=&quot;table text-center text-color-black&quot;&gt;
                                       &lt;tbody&gt;
                                          &lt;tr&gt;
                                             &lt;th class=&quot;text-center&quot;&gt;
                                                User/Group
                                             &lt;/th&gt;
                                             &lt;th class=&quot;text-center&quot;&gt;
                                                Can see
                                                                your comment
                                             &lt;/th&gt;
                                             &lt;th class=&quot;text-center&quot;&gt;
                                                Can see
                                                                giver&#039;s name
                                             &lt;/th&gt;
                                             &lt;th class=&quot;text-center&quot;&gt;
                                                Can see
                                                                recipient&#039;s name
                                             &lt;/th&gt;
                                          &lt;/tr&gt;
                                          &lt;tr id=&quot;recipient-person2&quot;&gt;
                                             &lt;td class=&quot;text-left&quot;&gt;
                                                &lt;div data-original-title=&quot;Control what comment recipient(s) can view&quot; data-placement=&quot;top&quot; data-toggle=&quot;tooltip&quot; title=&quot;&quot;&gt;
                                                   Recipient(s)
                                                &lt;/div&gt;
                                             &lt;/td&gt;
                                             &lt;td&gt;
                                                &lt;input class=&quot;visibilityCheckbox answerCheckbox&quot; type=&quot;checkbox&quot; value=&quot;PERSON&quot;/&gt;
                                                                                             &lt;/td&gt;
                                             &lt;td&gt;
                                                &lt;input class=&quot;visibilityCheckbox giverCheckbox&quot; type=&quot;checkbox&quot; value=&quot;PERSON&quot;/&gt;
                                                                                             &lt;/td&gt;
                                             &lt;td&gt;
                                                &lt;input class=&quot;visibilityCheckbox recipientCheckbox&quot; disabled=&quot;disabled&quot; name=&quot;receiverFollowerCheckbox&quot; type=&quot;checkbox&quot; value=&quot;PERSON&quot;/&gt;
                                                                                             &lt;/td&gt;
                                          &lt;/tr&gt;
                                          &lt;tr id=&quot;recipient-team2&quot;&gt;
                                             &lt;td class=&quot;text-left&quot;&gt;
                                                &lt;div data-original-title=&quot;Control what team members of comment recipients can view&quot; data-placement=&quot;top&quot; data-toggle=&quot;tooltip&quot; title=&quot;&quot;&gt;
                                                   Recipient&#039;s Team
                                                &lt;/div&gt;
                                             &lt;/td&gt;
                                             &lt;td&gt;
                                                &lt;input class=&quot;visibilityCheckbox answerCheckbox&quot; type=&quot;checkbox&quot; value=&quot;TEAM&quot;/&gt;
                                                                                             &lt;/td&gt;
                                             &lt;td&gt;
                                                &lt;input class=&quot;visibilityCheckbox giverCheckbox&quot; type=&quot;checkbox&quot; value=&quot;TEAM&quot;/&gt;
                                                                                             &lt;/td&gt;
                                             &lt;td&gt;
                                                &lt;input class=&quot;visibilityCheckbox recipientCheckbox&quot; type=&quot;checkbox&quot; value=&quot;TEAM&quot;/&gt;
                                                                                             &lt;/td&gt;
                                          &lt;/tr&gt;
                                          &lt;tr id=&quot;recipient-section2&quot;&gt;
                                             &lt;td class=&quot;text-left&quot;&gt;
                                                &lt;div data-original-title=&quot;Control what students in the same section can view&quot; data-placement=&quot;top&quot; data-toggle=&quot;tooltip&quot; title=&quot;&quot;&gt;
                                                   Recipient&#039;s Section
                                                &lt;/div&gt;
                                             &lt;/td&gt;
                                             &lt;td&gt;
                                                &lt;input class=&quot;visibilityCheckbox answerCheckbox&quot; type=&quot;checkbox&quot; value=&quot;SECTION&quot;/&gt;
                                                                                             &lt;/td&gt;
                                             &lt;td&gt;
                                                &lt;input class=&quot;visibilityCheckbox giverCheckbox&quot; type=&quot;checkbox&quot; value=&quot;SECTION&quot;/&gt;
                                                                                             &lt;/td&gt;
                                             &lt;td&gt;
                                                &lt;input class=&quot;visibilityCheckbox recipientCheckbox&quot; type=&quot;checkbox&quot; value=&quot;SECTION&quot;/&gt;
                                                                                             &lt;/td&gt;
                                          &lt;/tr&gt;
                                          &lt;tr id=&quot;recipient-course2&quot;&gt;
                                             &lt;td class=&quot;text-left&quot;&gt;
                                                &lt;div data-original-title=&quot;Control what other students in this course can view&quot; data-placement=&quot;top&quot; data-toggle=&quot;tooltip&quot; title=&quot;&quot;&gt;
                                                   Other students in this course
                                                &lt;/div&gt;
                                             &lt;/td&gt;
                                             &lt;td&gt;
                                                &lt;input checked=&quot;checked&quot; class=&quot;visibilityCheckbox answerCheckbox&quot; type=&quot;checkbox&quot; value=&quot;COURSE&quot;/&gt;
                                                                                             &lt;/td&gt;
                                             &lt;td&gt;
                                                &lt;input class=&quot;visibilityCheckbox giverCheckbox&quot; type=&quot;checkbox&quot; value=&quot;COURSE&quot;/&gt;
                                                                                             &lt;/td&gt;
                                             &lt;td&gt;
                                                &lt;input class=&quot;visibilityCheckbox recipientCheckbox&quot; type=&quot;checkbox&quot; value=&quot;COURSE&quot;/&gt;
                                                                                             &lt;/td&gt;
                                          &lt;/tr&gt;
                                          &lt;tr&gt;
                                             &lt;td class=&quot;text-left&quot;&gt;
                                                &lt;div data-original-title=&quot;Control what instructors can view&quot; data-placement=&quot;top&quot; data-toggle=&quot;tooltip&quot; title=&quot;&quot;&gt;
                                                   Instructors
                                                &lt;/div&gt;
                                             &lt;/td&gt;
                                             &lt;td&gt;
                                                &lt;input class=&quot;visibilityCheckbox answerCheckbox&quot; type=&quot;checkbox&quot; value=&quot;INSTRUCTOR&quot;/&gt;
                                                                                             &lt;/td&gt;
                                             &lt;td&gt;
                                                &lt;input class=&quot;visibilityCheckbox giverCheckbox&quot; type=&quot;checkbox&quot; value=&quot;INSTRUCTOR&quot;/&gt;
                                                                                             &lt;/td&gt;
                                             &lt;td&gt;
                                                &lt;input class=&quot;visibilityCheckbox recipientCheckbox&quot; type=&quot;checkbox&quot; value=&quot;INSTRUCTOR&quot;/&gt;
                                                                                             &lt;/td&gt;
                                          &lt;/tr&gt;
                                       &lt;/tbody&gt;
                                    &lt;/table&gt;
                                 &lt;/div&gt;
                                 &lt;div class=&quot;form-group&quot;&gt;
                                    &lt;textarea class=&quot;form-control&quot; id=&quot;commentText2&quot; name=&quot;commenttext&quot; placeholder=&quot;Your comment about this student&quot; rows=&quot;3&quot;&gt;
                                       Other students in this course can see this comment without giver and recipient&#039;s name
                                    &lt;/textarea&gt;
                                 &lt;/div&gt;
                                 &lt;div class=&quot;col-sm-offset-5&quot;&gt;
                                    &lt;input class=&quot;btn btn-primary&quot; id=&quot;commentsave-2&quot; onclick=&quot;return submitCommentForm(&#039;2&#039;);&quot; title=&quot;Save comment&quot; type=&quot;submit&quot; value=&quot;Save&quot;/&gt;
                                                                        &lt;input class=&quot;btn btn-default&quot; onclick=&quot;return disableComment(&#039;2&#039;);&quot; type=&quot;button&quot; value=&quot;Cancel&quot;/&gt;
                                                                     &lt;/div&gt;
                              &lt;/div&gt;
                              &lt;input id=&quot;commentedittype-2&quot; name=&quot;commentedittype&quot; type=&quot;hidden&quot; value=&quot;edit&quot;/&gt;
                                                            &lt;input name=&quot;commentid&quot; type=&quot;hidden&quot; value=&quot;{*}&quot;/&gt;
                                                            &lt;input name=&quot;courseid&quot; type=&quot;hidden&quot; value=&quot;comments.idOfTypicalCourse1&quot;/&gt;
                                                            &lt;input name=&quot;commentpage&quot; type=&quot;hidden&quot; value=&quot;true&quot;/&gt;
                                                            &lt;input name=&quot;showcommentsto&quot; type=&quot;hidden&quot; value=&quot;COURSE&quot;/&gt;
                                                            &lt;input name=&quot;showgiverto&quot; type=&quot;hidden&quot; value=&quot;&quot;/&gt;
                                                            &lt;input name=&quot;showrecipientto&quot; type=&quot;hidden&quot; value=&quot;&quot;/&gt;
                                                            &lt;input name=&quot;user&quot; type=&quot;hidden&quot; value=&quot;comments.idOfInstructor1OfCourse1&quot;/&gt;
                                                         &lt;/form&gt;
                        &lt;/li&gt;
                        &lt;li class=&quot;list-group-item list-group-item-warning status_display-public&quot; id=&quot;{*}&quot;&gt;
                           &lt;form action=&quot;/page/instructorStudentCommentEdit&quot; class=&quot;form_comment&quot; id=&quot;form_commentedit-3&quot; method=&quot;post&quot; name=&quot;form_commentedit&quot;&gt;
                              &lt;div id=&quot;commentBar-3&quot;&gt;
                                 &lt;span class=&quot;text-muted&quot;&gt;
                                    To
                                    &lt;b&gt;
                                       Team 1.1
                                    &lt;/b&gt;
                                    on
                                                05 May 2012, 08:53
                                 &lt;/span&gt;
                                 &lt;a class=&quot;btn btn-default btn-xs icon-button pull-right&quot; data-original-title=&quot;Delete this comment&quot; data-placement=&quot;top&quot; data-toggle=&quot;tooltip&quot; id=&quot;commentdelete-3&quot; onclick=&quot;return deleteComment(&#039;3&#039;);&quot; style=&quot;display: none;&quot; title=&quot;&quot; type=&quot;button&quot;&gt;
                                    &lt;span class=&quot;glyphicon glyphicon-trash glyphicon-primary&quot;&gt;
                                    &lt;/span&gt;
                                 &lt;/a&gt;
                                 &lt;a class=&quot;btn btn-default btn-xs icon-button pull-right&quot; data-original-title=&quot;Edit this comment&quot; data-placement=&quot;top&quot; data-toggle=&quot;tooltip&quot; id=&quot;commentedit-3&quot; onclick=&quot;return enableEdit(&#039;3&#039;);&quot; style=&quot;display: none;&quot; title=&quot;&quot; type=&quot;button&quot;&gt;
                                    &lt;span class=&quot;glyphicon glyphicon-pencil glyphicon-primary&quot;&gt;
                                    &lt;/span&gt;
                                 &lt;/a&gt;
                                 &lt;span class=&quot;glyphicon glyphicon-eye-open&quot; data-original-title=&quot;This comment is visible to recipient team&quot; data-placement=&quot;top&quot; data-toggle=&quot;tooltip&quot; style=&quot;margin-left: 5px;&quot; title=&quot;&quot;&gt;
                                 &lt;/span&gt;
                              &lt;/div&gt;
                              &lt;div id=&quot;plainCommentText3&quot; style=&quot;margin-left: 15px;&quot;&gt;
                                 team can see this comment with giver and recipient&#039;s name
                              &lt;/div&gt;
                              &lt;div id=&quot;commentTextEdit3&quot; style=&quot;display: none;&quot;&gt;
                                 &lt;div class=&quot;form-group form-inline&quot;&gt;
                                    &lt;div class=&quot;form-group text-muted&quot;&gt;
                                       You may change comment&#039;s visibility using the visibility options on the right hand side.
                                    &lt;/div&gt;
                                    &lt;a class=&quot;btn btn-sm btn-info pull-right&quot; id=&quot;visibility-options-trigger3&quot;&gt;
                                       &lt;span class=&quot;glyphicon glyphicon-eye-close&quot;&gt;
                                       &lt;/span&gt;
                                       Show Visibility Options
                                    &lt;/a&gt;
                                 &lt;/div&gt;
                                 &lt;div class=&quot;panel panel-default&quot; id=&quot;visibility-options3&quot; style=&quot;display: none;&quot;&gt;
                                    &lt;div class=&quot;panel-heading&quot;&gt;
                                       Visibility Options
                                    &lt;/div&gt;
                                    &lt;table class=&quot;table text-center text-color-black&quot;&gt;
                                       &lt;tbody&gt;
                                          &lt;tr&gt;
                                             &lt;th class=&quot;text-center&quot;&gt;
                                                User/Group
                                             &lt;/th&gt;
                                             &lt;th class=&quot;text-center&quot;&gt;
                                                Can see
                                                                your comment
                                             &lt;/th&gt;
                                             &lt;th class=&quot;text-center&quot;&gt;
                                                Can see
                                                                giver&#039;s name
                                             &lt;/th&gt;
                                             &lt;th class=&quot;text-center&quot;&gt;
                                                Can see
                                                                recipient&#039;s name
                                             &lt;/th&gt;
                                          &lt;/tr&gt;
                                          &lt;tr id=&quot;recipient-team3&quot;&gt;
                                             &lt;td class=&quot;text-left&quot;&gt;
                                                &lt;div data-original-title=&quot;Control what team members of comment recipients can view&quot; data-placement=&quot;top&quot; data-toggle=&quot;tooltip&quot; title=&quot;&quot;&gt;
                                                   Recipient Team
                                                &lt;/div&gt;
                                             &lt;/td&gt;
                                             &lt;td&gt;
                                                &lt;input checked=&quot;checked&quot; class=&quot;visibilityCheckbox answerCheckbox&quot; type=&quot;checkbox&quot; value=&quot;TEAM&quot;/&gt;
                                                                                             &lt;/td&gt;
                                             &lt;td&gt;
                                                &lt;input checked=&quot;checked&quot; class=&quot;visibilityCheckbox giverCheckbox&quot; type=&quot;checkbox&quot; value=&quot;TEAM&quot;/&gt;
                                                                                             &lt;/td&gt;
                                             &lt;td&gt;
                                                &lt;input class=&quot;visibilityCheckbox recipientCheckbox&quot; disabled=&quot;disabled&quot; type=&quot;checkbox&quot; value=&quot;TEAM&quot;/&gt;
                                                                                             &lt;/td&gt;
                                          &lt;/tr&gt;
                                          &lt;tr id=&quot;recipient-section3&quot;&gt;
                                             &lt;td class=&quot;text-left&quot;&gt;
                                                &lt;div data-original-title=&quot;Control what students in the same section can view&quot; data-placement=&quot;top&quot; data-toggle=&quot;tooltip&quot; title=&quot;&quot;&gt;
                                                   Recipient&#039;s Section
                                                &lt;/div&gt;
                                             &lt;/td&gt;
                                             &lt;td&gt;
                                                &lt;input class=&quot;visibilityCheckbox answerCheckbox&quot; type=&quot;checkbox&quot; value=&quot;SECTION&quot;/&gt;
                                                                                             &lt;/td&gt;
                                             &lt;td&gt;
                                                &lt;input class=&quot;visibilityCheckbox giverCheckbox&quot; type=&quot;checkbox&quot; value=&quot;SECTION&quot;/&gt;
                                                                                             &lt;/td&gt;
                                             &lt;td&gt;
                                                &lt;input class=&quot;visibilityCheckbox recipientCheckbox&quot; type=&quot;checkbox&quot; value=&quot;SECTION&quot;/&gt;
                                                                                             &lt;/td&gt;
                                          &lt;/tr&gt;
                                          &lt;tr id=&quot;recipient-course3&quot;&gt;
                                             &lt;td class=&quot;text-left&quot;&gt;
                                                &lt;div data-original-title=&quot;Control what other students in this course can view&quot; data-placement=&quot;top&quot; data-toggle=&quot;tooltip&quot; title=&quot;&quot;&gt;
                                                   Other students in this course
                                                &lt;/div&gt;
                                             &lt;/td&gt;
                                             &lt;td&gt;
                                                &lt;input class=&quot;visibilityCheckbox answerCheckbox&quot; type=&quot;checkbox&quot; value=&quot;COURSE&quot;/&gt;
                                                                                             &lt;/td&gt;
                                             &lt;td&gt;
                                                &lt;input class=&quot;visibilityCheckbox giverCheckbox&quot; type=&quot;checkbox&quot; value=&quot;COURSE&quot;/&gt;
                                                                                             &lt;/td&gt;
                                             &lt;td&gt;
                                                &lt;input class=&quot;visibilityCheckbox recipientCheckbox&quot; type=&quot;checkbox&quot; value=&quot;COURSE&quot;/&gt;
                                                                                             &lt;/td&gt;
                                          &lt;/tr&gt;
                                          &lt;tr&gt;
                                             &lt;td class=&quot;text-left&quot;&gt;
                                                &lt;div data-original-title=&quot;Control what instructors can view&quot; data-placement=&quot;top&quot; data-toggle=&quot;tooltip&quot; title=&quot;&quot;&gt;
                                                   Instructors
                                                &lt;/div&gt;
                                             &lt;/td&gt;
                                             &lt;td&gt;
                                                &lt;input class=&quot;visibilityCheckbox answerCheckbox&quot; type=&quot;checkbox&quot; value=&quot;INSTRUCTOR&quot;/&gt;
                                                                                             &lt;/td&gt;
                                             &lt;td&gt;
                                                &lt;input class=&quot;visibilityCheckbox giverCheckbox&quot; type=&quot;checkbox&quot; value=&quot;INSTRUCTOR&quot;/&gt;
                                                                                             &lt;/td&gt;
                                             &lt;td&gt;
                                                &lt;input class=&quot;visibilityCheckbox recipientCheckbox&quot; type=&quot;checkbox&quot; value=&quot;INSTRUCTOR&quot;/&gt;
                                                                                             &lt;/td&gt;
                                          &lt;/tr&gt;
                                       &lt;/tbody&gt;
                                    &lt;/table&gt;
                                 &lt;/div&gt;
                                 &lt;div class=&quot;form-group&quot;&gt;
                                    &lt;textarea class=&quot;form-control&quot; id=&quot;commentText3&quot; name=&quot;commenttext&quot; placeholder=&quot;Your comment about this student&quot; rows=&quot;3&quot;&gt;
                                       team can see this comment with giver and recipient&#039;s name
                                    &lt;/textarea&gt;
                                 &lt;/div&gt;
                                 &lt;div class=&quot;col-sm-offset-5&quot;&gt;
                                    &lt;input class=&quot;btn btn-primary&quot; id=&quot;commentsave-3&quot; onclick=&quot;return submitCommentForm(&#039;3&#039;);&quot; title=&quot;Save comment&quot; type=&quot;submit&quot; value=&quot;Save&quot;/&gt;
                                                                        &lt;input class=&quot;btn btn-default&quot; onclick=&quot;return disableComment(&#039;3&#039;);&quot; type=&quot;button&quot; value=&quot;Cancel&quot;/&gt;
                                                                     &lt;/div&gt;
                              &lt;/div&gt;
                              &lt;input id=&quot;commentedittype-3&quot; name=&quot;commentedittype&quot; type=&quot;hidden&quot; value=&quot;edit&quot;/&gt;
                                                            &lt;input name=&quot;commentid&quot; type=&quot;hidden&quot; value=&quot;{*}&quot;/&gt;
                                                            &lt;input name=&quot;courseid&quot; type=&quot;hidden&quot; value=&quot;comments.idOfTypicalCourse1&quot;/&gt;
                                                            &lt;input name=&quot;commentpage&quot; type=&quot;hidden&quot; value=&quot;true&quot;/&gt;
                                                            &lt;input name=&quot;showcommentsto&quot; type=&quot;hidden&quot; value=&quot;TEAM&quot;/&gt;
                                                            &lt;input name=&quot;showgiverto&quot; type=&quot;hidden&quot; value=&quot;TEAM&quot;/&gt;
                                                            &lt;input name=&quot;showrecipientto&quot; type=&quot;hidden&quot; value=&quot;&quot;/&gt;
                                                            &lt;input name=&quot;user&quot; type=&quot;hidden&quot; value=&quot;comments.idOfInstructor1OfCourse1&quot;/&gt;
                                                         &lt;/form&gt;
                        &lt;/li&gt;
                        &lt;li class=&quot;list-group-item list-group-item-warning status_display-public&quot; id=&quot;{*}&quot;&gt;
                           &lt;form action=&quot;/page/instructorStudentCommentEdit&quot; class=&quot;form_comment&quot; id=&quot;form_commentedit-4&quot; method=&quot;post&quot; name=&quot;form_commentedit&quot;&gt;
                              &lt;div id=&quot;commentBar-4&quot;&gt;
                                 &lt;span class=&quot;text-muted&quot;&gt;
                                    To
                                    &lt;b&gt;
                                       student1 In Course1
                                    &lt;/b&gt;
                                    (Team 1.1,
                                    &lt;a href=&quot;mailto:comments.student1InCourse1@gmail.tmt&quot;&gt;
                                       comments.student1InCourse1@gmail.tmt
                                    &lt;/a&gt;
                                    ) on
                                                04 May 2012, 08:52
                                 &lt;/span&gt;
                                 &lt;a class=&quot;btn btn-default btn-xs icon-button pull-right&quot; data-original-title=&quot;Delete this comment&quot; data-placement=&quot;top&quot; data-toggle=&quot;tooltip&quot; id=&quot;commentdelete-4&quot; onclick=&quot;return deleteComment(&#039;4&#039;);&quot; style=&quot;display: none;&quot; title=&quot;&quot; type=&quot;button&quot;&gt;
                                    &lt;span class=&quot;glyphicon glyphicon-trash glyphicon-primary&quot;&gt;
                                    &lt;/span&gt;
                                 &lt;/a&gt;
                                 &lt;a class=&quot;btn btn-default btn-xs icon-button pull-right&quot; data-original-title=&quot;Edit this comment&quot; data-placement=&quot;top&quot; data-toggle=&quot;tooltip&quot; id=&quot;commentedit-4&quot; onclick=&quot;return enableEdit(&#039;4&#039;);&quot; style=&quot;display: none;&quot; title=&quot;&quot; type=&quot;button&quot;&gt;
                                    &lt;span class=&quot;glyphicon glyphicon-pencil glyphicon-primary&quot;&gt;
                                    &lt;/span&gt;
                                 &lt;/a&gt;
                                 &lt;span class=&quot;glyphicon glyphicon-eye-open&quot; data-original-title=&quot;This comment is visible to recipient&#039;s team&quot; data-placement=&quot;top&quot; data-toggle=&quot;tooltip&quot; style=&quot;margin-left: 5px;&quot; title=&quot;&quot;&gt;
                                 &lt;/span&gt;
                              &lt;/div&gt;
                              &lt;div id=&quot;plainCommentText4&quot; style=&quot;margin-left: 15px;&quot;&gt;
                                 teammates can see this comment without giver and recipient&#039;s name
                              &lt;/div&gt;
                              &lt;div id=&quot;commentTextEdit4&quot; style=&quot;display: none;&quot;&gt;
                                 &lt;div class=&quot;form-group form-inline&quot;&gt;
                                    &lt;div class=&quot;form-group text-muted&quot;&gt;
                                       You may change comment&#039;s visibility using the visibility options on the right hand side.
                                    &lt;/div&gt;
                                    &lt;a class=&quot;btn btn-sm btn-info pull-right&quot; id=&quot;visibility-options-trigger4&quot;&gt;
                                       &lt;span class=&quot;glyphicon glyphicon-eye-close&quot;&gt;
                                       &lt;/span&gt;
                                       Show Visibility Options
                                    &lt;/a&gt;
                                 &lt;/div&gt;
                                 &lt;div class=&quot;panel panel-default&quot; id=&quot;visibility-options4&quot; style=&quot;display: none;&quot;&gt;
                                    &lt;div class=&quot;panel-heading&quot;&gt;
                                       Visibility Options
                                    &lt;/div&gt;
                                    &lt;table class=&quot;table text-center text-color-black&quot;&gt;
                                       &lt;tbody&gt;
                                          &lt;tr&gt;
                                             &lt;th class=&quot;text-center&quot;&gt;
                                                User/Group
                                             &lt;/th&gt;
                                             &lt;th class=&quot;text-center&quot;&gt;
                                                Can see
                                                                your comment
                                             &lt;/th&gt;
                                             &lt;th class=&quot;text-center&quot;&gt;
                                                Can see
                                                                giver&#039;s name
                                             &lt;/th&gt;
                                             &lt;th class=&quot;text-center&quot;&gt;
                                                Can see
                                                                recipient&#039;s name
                                             &lt;/th&gt;
                                          &lt;/tr&gt;
                                          &lt;tr id=&quot;recipient-person4&quot;&gt;
                                             &lt;td class=&quot;text-left&quot;&gt;
                                                &lt;div data-original-title=&quot;Control what comment recipient(s) can view&quot; data-placement=&quot;top&quot; data-toggle=&quot;tooltip&quot; title=&quot;&quot;&gt;
                                                   Recipient(s)
                                                &lt;/div&gt;
                                             &lt;/td&gt;
                                             &lt;td&gt;
                                                &lt;input class=&quot;visibilityCheckbox answerCheckbox&quot; type=&quot;checkbox&quot; value=&quot;PERSON&quot;/&gt;
                                                                                             &lt;/td&gt;
                                             &lt;td&gt;
                                                &lt;input class=&quot;visibilityCheckbox giverCheckbox&quot; type=&quot;checkbox&quot; value=&quot;PERSON&quot;/&gt;
                                                                                             &lt;/td&gt;
                                             &lt;td&gt;
                                                &lt;input class=&quot;visibilityCheckbox recipientCheckbox&quot; disabled=&quot;disabled&quot; name=&quot;receiverFollowerCheckbox&quot; type=&quot;checkbox&quot; value=&quot;PERSON&quot;/&gt;
                                                                                             &lt;/td&gt;
                                          &lt;/tr&gt;
                                          &lt;tr id=&quot;recipient-team4&quot;&gt;
                                             &lt;td class=&quot;text-left&quot;&gt;
                                                &lt;div data-original-title=&quot;Control what team members of comment recipients can view&quot; data-placement=&quot;top&quot; data-toggle=&quot;tooltip&quot; title=&quot;&quot;&gt;
                                                   Recipient&#039;s Team
                                                &lt;/div&gt;
                                             &lt;/td&gt;
                                             &lt;td&gt;
                                                &lt;input checked=&quot;checked&quot; class=&quot;visibilityCheckbox answerCheckbox&quot; type=&quot;checkbox&quot; value=&quot;TEAM&quot;/&gt;
                                                                                             &lt;/td&gt;
                                             &lt;td&gt;
                                                &lt;input class=&quot;visibilityCheckbox giverCheckbox&quot; type=&quot;checkbox&quot; value=&quot;TEAM&quot;/&gt;
                                                                                             &lt;/td&gt;
                                             &lt;td&gt;
                                                &lt;input class=&quot;visibilityCheckbox recipientCheckbox&quot; type=&quot;checkbox&quot; value=&quot;TEAM&quot;/&gt;
                                                                                             &lt;/td&gt;
                                          &lt;/tr&gt;
                                          &lt;tr id=&quot;recipient-section4&quot;&gt;
                                             &lt;td class=&quot;text-left&quot;&gt;
                                                &lt;div data-original-title=&quot;Control what students in the same section can view&quot; data-placement=&quot;top&quot; data-toggle=&quot;tooltip&quot; title=&quot;&quot;&gt;
                                                   Recipient&#039;s Section
                                                &lt;/div&gt;
                                             &lt;/td&gt;
                                             &lt;td&gt;
                                                &lt;input class=&quot;visibilityCheckbox answerCheckbox&quot; type=&quot;checkbox&quot; value=&quot;SECTION&quot;/&gt;
                                                                                             &lt;/td&gt;
                                             &lt;td&gt;
                                                &lt;input class=&quot;visibilityCheckbox giverCheckbox&quot; type=&quot;checkbox&quot; value=&quot;SECTION&quot;/&gt;
                                                                                             &lt;/td&gt;
                                             &lt;td&gt;
                                                &lt;input class=&quot;visibilityCheckbox recipientCheckbox&quot; type=&quot;checkbox&quot; value=&quot;SECTION&quot;/&gt;
                                                                                             &lt;/td&gt;
                                          &lt;/tr&gt;
                                          &lt;tr id=&quot;recipient-course4&quot;&gt;
                                             &lt;td class=&quot;text-left&quot;&gt;
                                                &lt;div data-original-title=&quot;Control what other students in this course can view&quot; data-placement=&quot;top&quot; data-toggle=&quot;tooltip&quot; title=&quot;&quot;&gt;
                                                   Other students in this course
                                                &lt;/div&gt;
                                             &lt;/td&gt;
                                             &lt;td&gt;
                                                &lt;input class=&quot;visibilityCheckbox answerCheckbox&quot; type=&quot;checkbox&quot; value=&quot;COURSE&quot;/&gt;
                                                                                             &lt;/td&gt;
                                             &lt;td&gt;
                                                &lt;input class=&quot;visibilityCheckbox giverCheckbox&quot; type=&quot;checkbox&quot; value=&quot;COURSE&quot;/&gt;
                                                                                             &lt;/td&gt;
                                             &lt;td&gt;
                                                &lt;input class=&quot;visibilityCheckbox recipientCheckbox&quot; type=&quot;checkbox&quot; value=&quot;COURSE&quot;/&gt;
                                                                                             &lt;/td&gt;
                                          &lt;/tr&gt;
                                          &lt;tr&gt;
                                             &lt;td class=&quot;text-left&quot;&gt;
                                                &lt;div data-original-title=&quot;Control what instructors can view&quot; data-placement=&quot;top&quot; data-toggle=&quot;tooltip&quot; title=&quot;&quot;&gt;
                                                   Instructors
                                                &lt;/div&gt;
                                             &lt;/td&gt;
                                             &lt;td&gt;
                                                &lt;input class=&quot;visibilityCheckbox answerCheckbox&quot; type=&quot;checkbox&quot; value=&quot;INSTRUCTOR&quot;/&gt;
                                                                                             &lt;/td&gt;
                                             &lt;td&gt;
                                                &lt;input class=&quot;visibilityCheckbox giverCheckbox&quot; type=&quot;checkbox&quot; value=&quot;INSTRUCTOR&quot;/&gt;
                                                                                             &lt;/td&gt;
                                             &lt;td&gt;
                                                &lt;input class=&quot;visibilityCheckbox recipientCheckbox&quot; type=&quot;checkbox&quot; value=&quot;INSTRUCTOR&quot;/&gt;
                                                                                             &lt;/td&gt;
                                          &lt;/tr&gt;
                                       &lt;/tbody&gt;
                                    &lt;/table&gt;
                                 &lt;/div&gt;
                                 &lt;div class=&quot;form-group&quot;&gt;
                                    &lt;textarea class=&quot;form-control&quot; id=&quot;commentText4&quot; name=&quot;commenttext&quot; placeholder=&quot;Your comment about this student&quot; rows=&quot;3&quot;&gt;
                                       teammates can see this comment without giver and recipient&#039;s name
                                    &lt;/textarea&gt;
                                 &lt;/div&gt;
                                 &lt;div class=&quot;col-sm-offset-5&quot;&gt;
                                    &lt;input class=&quot;btn btn-primary&quot; id=&quot;commentsave-4&quot; onclick=&quot;return submitCommentForm(&#039;4&#039;);&quot; title=&quot;Save comment&quot; type=&quot;submit&quot; value=&quot;Save&quot;/&gt;
                                                                        &lt;input class=&quot;btn btn-default&quot; onclick=&quot;return disableComment(&#039;4&#039;);&quot; type=&quot;button&quot; value=&quot;Cancel&quot;/&gt;
                                                                     &lt;/div&gt;
                              &lt;/div&gt;
                              &lt;input id=&quot;commentedittype-4&quot; name=&quot;commentedittype&quot; type=&quot;hidden&quot; value=&quot;edit&quot;/&gt;
                                                            &lt;input name=&quot;commentid&quot; type=&quot;hidden&quot; value=&quot;{*}&quot;/&gt;
                                                            &lt;input name=&quot;courseid&quot; type=&quot;hidden&quot; value=&quot;comments.idOfTypicalCourse1&quot;/&gt;
                                                            &lt;input name=&quot;commentpage&quot; type=&quot;hidden&quot; value=&quot;true&quot;/&gt;
                                                            &lt;input name=&quot;showcommentsto&quot; type=&quot;hidden&quot; value=&quot;TEAM&quot;/&gt;
                                                            &lt;input name=&quot;showgiverto&quot; type=&quot;hidden&quot; value=&quot;&quot;/&gt;
                                                            &lt;input name=&quot;showrecipientto&quot; type=&quot;hidden&quot; value=&quot;&quot;/&gt;
                                                            &lt;input name=&quot;user&quot; type=&quot;hidden&quot; value=&quot;comments.idOfInstructor1OfCourse1&quot;/&gt;
                                                         &lt;/form&gt;
                        &lt;/li&gt;
                        &lt;li class=&quot;list-group-item list-group-item-warning status_display-public&quot; id=&quot;{*}&quot;&gt;
                           &lt;form action=&quot;/page/instructorStudentCommentEdit&quot; class=&quot;form_comment&quot; id=&quot;form_commentedit-5&quot; method=&quot;post&quot; name=&quot;form_commentedit&quot;&gt;
                              &lt;div id=&quot;commentBar-5&quot;&gt;
                                 &lt;span class=&quot;text-muted&quot;&gt;
                                    To
                                    &lt;b&gt;
                                       student1 In Course1
                                    &lt;/b&gt;
                                    (Team 1.1,
                                    &lt;a href=&quot;mailto:comments.student1InCourse1@gmail.tmt&quot;&gt;
                                       comments.student1InCourse1@gmail.tmt
                                    &lt;/a&gt;
                                    ) on
                                                03 May 2012, 08:51
                                 &lt;/span&gt;
                                 &lt;a class=&quot;btn btn-default btn-xs icon-button pull-right&quot; data-original-title=&quot;Delete this comment&quot; data-placement=&quot;top&quot; data-toggle=&quot;tooltip&quot; id=&quot;commentdelete-5&quot; onclick=&quot;return deleteComment(&#039;5&#039;);&quot; style=&quot;display: none;&quot; title=&quot;&quot; type=&quot;button&quot;&gt;
                                    &lt;span class=&quot;glyphicon glyphicon-trash glyphicon-primary&quot;&gt;
                                    &lt;/span&gt;
                                 &lt;/a&gt;
                                 &lt;a class=&quot;btn btn-default btn-xs icon-button pull-right&quot; data-original-title=&quot;Edit this comment&quot; data-placement=&quot;top&quot; data-toggle=&quot;tooltip&quot; id=&quot;commentedit-5&quot; onclick=&quot;return enableEdit(&#039;5&#039;);&quot; style=&quot;display: none;&quot; title=&quot;&quot; type=&quot;button&quot;&gt;
                                    &lt;span class=&quot;glyphicon glyphicon-pencil glyphicon-primary&quot;&gt;
                                    &lt;/span&gt;
                                 &lt;/a&gt;
                                 &lt;span class=&quot;glyphicon glyphicon-eye-open&quot; data-original-title=&quot;This comment is visible to recipient&#039;s team&quot; data-placement=&quot;top&quot; data-toggle=&quot;tooltip&quot; style=&quot;margin-left: 5px;&quot; title=&quot;&quot;&gt;
                                 &lt;/span&gt;
                              &lt;/div&gt;
                              &lt;div id=&quot;plainCommentText5&quot; style=&quot;margin-left: 15px;&quot;&gt;
                                 teammates can see this comment with giver and recipient&#039;s name
                              &lt;/div&gt;
                              &lt;div id=&quot;commentTextEdit5&quot; style=&quot;display: none;&quot;&gt;
                                 &lt;div class=&quot;form-group form-inline&quot;&gt;
                                    &lt;div class=&quot;form-group text-muted&quot;&gt;
                                       You may change comment&#039;s visibility using the visibility options on the right hand side.
                                    &lt;/div&gt;
                                    &lt;a class=&quot;btn btn-sm btn-info pull-right&quot; id=&quot;visibility-options-trigger5&quot;&gt;
                                       &lt;span class=&quot;glyphicon glyphicon-eye-close&quot;&gt;
                                       &lt;/span&gt;
                                       Show Visibility Options
                                    &lt;/a&gt;
                                 &lt;/div&gt;
                                 &lt;div class=&quot;panel panel-default&quot; id=&quot;visibility-options5&quot; style=&quot;display: none;&quot;&gt;
                                    &lt;div class=&quot;panel-heading&quot;&gt;
                                       Visibility Options
                                    &lt;/div&gt;
                                    &lt;table class=&quot;table text-center text-color-black&quot;&gt;
                                       &lt;tbody&gt;
                                          &lt;tr&gt;
                                             &lt;th class=&quot;text-center&quot;&gt;
                                                User/Group
                                             &lt;/th&gt;
                                             &lt;th class=&quot;text-center&quot;&gt;
                                                Can see
                                                                your comment
                                             &lt;/th&gt;
                                             &lt;th class=&quot;text-center&quot;&gt;
                                                Can see
                                                                giver&#039;s name
                                             &lt;/th&gt;
                                             &lt;th class=&quot;text-center&quot;&gt;
                                                Can see
                                                                recipient&#039;s name
                                             &lt;/th&gt;
                                          &lt;/tr&gt;
                                          &lt;tr id=&quot;recipient-person5&quot;&gt;
                                             &lt;td class=&quot;text-left&quot;&gt;
                                                &lt;div data-original-title=&quot;Control what comment recipient(s) can view&quot; data-placement=&quot;top&quot; data-toggle=&quot;tooltip&quot; title=&quot;&quot;&gt;
                                                   Recipient(s)
                                                &lt;/div&gt;
                                             &lt;/td&gt;
                                             &lt;td&gt;
                                                &lt;input class=&quot;visibilityCheckbox answerCheckbox&quot; type=&quot;checkbox&quot; value=&quot;PERSON&quot;/&gt;
                                                                                             &lt;/td&gt;
                                             &lt;td&gt;
                                                &lt;input class=&quot;visibilityCheckbox giverCheckbox&quot; type=&quot;checkbox&quot; value=&quot;PERSON&quot;/&gt;
                                                                                             &lt;/td&gt;
                                             &lt;td&gt;
                                                &lt;input class=&quot;visibilityCheckbox recipientCheckbox&quot; disabled=&quot;disabled&quot; name=&quot;receiverFollowerCheckbox&quot; type=&quot;checkbox&quot; value=&quot;PERSON&quot;/&gt;
                                                                                             &lt;/td&gt;
                                          &lt;/tr&gt;
                                          &lt;tr id=&quot;recipient-team5&quot;&gt;
                                             &lt;td class=&quot;text-left&quot;&gt;
                                                &lt;div data-original-title=&quot;Control what team members of comment recipients can view&quot; data-placement=&quot;top&quot; data-toggle=&quot;tooltip&quot; title=&quot;&quot;&gt;
                                                   Recipient&#039;s Team
                                                &lt;/div&gt;
                                             &lt;/td&gt;
                                             &lt;td&gt;
                                                &lt;input checked=&quot;checked&quot; class=&quot;visibilityCheckbox answerCheckbox&quot; type=&quot;checkbox&quot; value=&quot;TEAM&quot;/&gt;
                                                                                             &lt;/td&gt;
                                             &lt;td&gt;
                                                &lt;input checked=&quot;checked&quot; class=&quot;visibilityCheckbox giverCheckbox&quot; type=&quot;checkbox&quot; value=&quot;TEAM&quot;/&gt;
                                                                                             &lt;/td&gt;
                                             &lt;td&gt;
                                                &lt;input checked=&quot;checked&quot; class=&quot;visibilityCheckbox recipientCheckbox&quot; type=&quot;checkbox&quot; value=&quot;TEAM&quot;/&gt;
                                                                                             &lt;/td&gt;
                                          &lt;/tr&gt;
                                          &lt;tr id=&quot;recipient-section5&quot;&gt;
                                             &lt;td class=&quot;text-left&quot;&gt;
                                                &lt;div data-original-title=&quot;Control what students in the same section can view&quot; data-placement=&quot;top&quot; data-toggle=&quot;tooltip&quot; title=&quot;&quot;&gt;
                                                   Recipient&#039;s Section
                                                &lt;/div&gt;
                                             &lt;/td&gt;
                                             &lt;td&gt;
                                                &lt;input class=&quot;visibilityCheckbox answerCheckbox&quot; type=&quot;checkbox&quot; value=&quot;SECTION&quot;/&gt;
                                                                                             &lt;/td&gt;
                                             &lt;td&gt;
                                                &lt;input class=&quot;visibilityCheckbox giverCheckbox&quot; type=&quot;checkbox&quot; value=&quot;SECTION&quot;/&gt;
                                                                                             &lt;/td&gt;
                                             &lt;td&gt;
                                                &lt;input class=&quot;visibilityCheckbox recipientCheckbox&quot; type=&quot;checkbox&quot; value=&quot;SECTION&quot;/&gt;
                                                                                             &lt;/td&gt;
                                          &lt;/tr&gt;
                                          &lt;tr id=&quot;recipient-course5&quot;&gt;
                                             &lt;td class=&quot;text-left&quot;&gt;
                                                &lt;div data-original-title=&quot;Control what other students in this course can view&quot; data-placement=&quot;top&quot; data-toggle=&quot;tooltip&quot; title=&quot;&quot;&gt;
                                                   Other students in this course
                                                &lt;/div&gt;
                                             &lt;/td&gt;
                                             &lt;td&gt;
                                                &lt;input class=&quot;visibilityCheckbox answerCheckbox&quot; type=&quot;checkbox&quot; value=&quot;COURSE&quot;/&gt;
                                                                                             &lt;/td&gt;
                                             &lt;td&gt;
                                                &lt;input class=&quot;visibilityCheckbox giverCheckbox&quot; type=&quot;checkbox&quot; value=&quot;COURSE&quot;/&gt;
                                                                                             &lt;/td&gt;
                                             &lt;td&gt;
                                                &lt;input class=&quot;visibilityCheckbox recipientCheckbox&quot; type=&quot;checkbox&quot; value=&quot;COURSE&quot;/&gt;
                                                                                             &lt;/td&gt;
                                          &lt;/tr&gt;
                                          &lt;tr&gt;
                                             &lt;td class=&quot;text-left&quot;&gt;
                                                &lt;div data-original-title=&quot;Control what instructors can view&quot; data-placement=&quot;top&quot; data-toggle=&quot;tooltip&quot; title=&quot;&quot;&gt;
                                                   Instructors
                                                &lt;/div&gt;
                                             &lt;/td&gt;
                                             &lt;td&gt;
                                                &lt;input class=&quot;visibilityCheckbox answerCheckbox&quot; type=&quot;checkbox&quot; value=&quot;INSTRUCTOR&quot;/&gt;
                                                                                             &lt;/td&gt;
                                             &lt;td&gt;
                                                &lt;input class=&quot;visibilityCheckbox giverCheckbox&quot; type=&quot;checkbox&quot; value=&quot;INSTRUCTOR&quot;/&gt;
                                                                                             &lt;/td&gt;
                                             &lt;td&gt;
                                                &lt;input class=&quot;visibilityCheckbox recipientCheckbox&quot; type=&quot;checkbox&quot; value=&quot;INSTRUCTOR&quot;/&gt;
                                                                                             &lt;/td&gt;
                                          &lt;/tr&gt;
                                       &lt;/tbody&gt;
                                    &lt;/table&gt;
                                 &lt;/div&gt;
                                 &lt;div class=&quot;form-group&quot;&gt;
                                    &lt;textarea class=&quot;form-control&quot; id=&quot;commentText5&quot; name=&quot;commenttext&quot; placeholder=&quot;Your comment about this student&quot; rows=&quot;3&quot;&gt;
                                       teammates can see this comment with giver and recipient&#039;s name
                                    &lt;/textarea&gt;
                                 &lt;/div&gt;
                                 &lt;div class=&quot;col-sm-offset-5&quot;&gt;
                                    &lt;input class=&quot;btn btn-primary&quot; id=&quot;commentsave-5&quot; onclick=&quot;return submitCommentForm(&#039;5&#039;);&quot; title=&quot;Save comment&quot; type=&quot;submit&quot; value=&quot;Save&quot;/&gt;
                                                                        &lt;input class=&quot;btn btn-default&quot; onclick=&quot;return disableComment(&#039;5&#039;);&quot; type=&quot;button&quot; value=&quot;Cancel&quot;/&gt;
                                                                     &lt;/div&gt;
                              &lt;/div&gt;
                              &lt;input id=&quot;commentedittype-5&quot; name=&quot;commentedittype&quot; type=&quot;hidden&quot; value=&quot;edit&quot;/&gt;
                                                            &lt;input name=&quot;commentid&quot; type=&quot;hidden&quot; value=&quot;{*}&quot;/&gt;
                                                            &lt;input name=&quot;courseid&quot; type=&quot;hidden&quot; value=&quot;comments.idOfTypicalCourse1&quot;/&gt;
                                                            &lt;input name=&quot;commentpage&quot; type=&quot;hidden&quot; value=&quot;true&quot;/&gt;
                                                            &lt;input name=&quot;showcommentsto&quot; type=&quot;hidden&quot; value=&quot;TEAM&quot;/&gt;
                                                            &lt;input name=&quot;showgiverto&quot; type=&quot;hidden&quot; value=&quot;TEAM&quot;/&gt;
                                                            &lt;input name=&quot;showrecipientto&quot; type=&quot;hidden&quot; value=&quot;TEAM&quot;/&gt;
                                                            &lt;input name=&quot;user&quot; type=&quot;hidden&quot; value=&quot;comments.idOfInstructor1OfCourse1&quot;/&gt;
                                                         &lt;/form&gt;
                        &lt;/li&gt;
                        &lt;li class=&quot;list-group-item list-group-item-warning status_display-public&quot; id=&quot;{*}&quot;&gt;
                           &lt;form action=&quot;/page/instructorStudentCommentEdit&quot; class=&quot;form_comment&quot; id=&quot;form_commentedit-6&quot; method=&quot;post&quot; name=&quot;form_commentedit&quot;&gt;
                              &lt;div id=&quot;commentBar-6&quot;&gt;
                                 &lt;span class=&quot;text-muted&quot;&gt;
                                    To
                                    &lt;b&gt;
                                       student1 In Course1
                                    &lt;/b&gt;
                                    (Team 1.1,
                                    &lt;a href=&quot;mailto:comments.student1InCourse1@gmail.tmt&quot;&gt;
                                       comments.student1InCourse1@gmail.tmt
                                    &lt;/a&gt;
                                    ) on
                                                02 May 2012, 08:50
                                 &lt;/span&gt;
                                 &lt;a class=&quot;btn btn-default btn-xs icon-button pull-right&quot; data-original-title=&quot;Delete this comment&quot; data-placement=&quot;top&quot; data-toggle=&quot;tooltip&quot; id=&quot;commentdelete-6&quot; onclick=&quot;return deleteComment(&#039;6&#039;);&quot; style=&quot;display: none;&quot; title=&quot;&quot; type=&quot;button&quot;&gt;
                                    &lt;span class=&quot;glyphicon glyphicon-trash glyphicon-primary&quot;&gt;
                                    &lt;/span&gt;
                                 &lt;/a&gt;
                                 &lt;a class=&quot;btn btn-default btn-xs icon-button pull-right&quot; data-original-title=&quot;Edit this comment&quot; data-placement=&quot;top&quot; data-toggle=&quot;tooltip&quot; id=&quot;commentedit-6&quot; onclick=&quot;return enableEdit(&#039;6&#039;);&quot; style=&quot;display: none;&quot; title=&quot;&quot; type=&quot;button&quot;&gt;
                                    &lt;span class=&quot;glyphicon glyphicon-pencil glyphicon-primary&quot;&gt;
                                    &lt;/span&gt;
                                 &lt;/a&gt;
                                 &lt;span class=&quot;glyphicon glyphicon-eye-open&quot; data-original-title=&quot;This comment is visible to recipient&quot; data-placement=&quot;top&quot; data-toggle=&quot;tooltip&quot; style=&quot;margin-left: 5px;&quot; title=&quot;&quot;&gt;
                                 &lt;/span&gt;
                              &lt;/div&gt;
                              &lt;div id=&quot;plainCommentText6&quot; style=&quot;margin-left: 15px;&quot;&gt;
                                 recipient can see this comment without giver&#039;s name
                              &lt;/div&gt;
                              &lt;div id=&quot;commentTextEdit6&quot; style=&quot;display: none;&quot;&gt;
                                 &lt;div class=&quot;form-group form-inline&quot;&gt;
                                    &lt;div class=&quot;form-group text-muted&quot;&gt;
                                       You may change comment&#039;s visibility using the visibility options on the right hand side.
                                    &lt;/div&gt;
                                    &lt;a class=&quot;btn btn-sm btn-info pull-right&quot; id=&quot;visibility-options-trigger6&quot;&gt;
                                       &lt;span class=&quot;glyphicon glyphicon-eye-close&quot;&gt;
                                       &lt;/span&gt;
                                       Show Visibility Options
                                    &lt;/a&gt;
                                 &lt;/div&gt;
                                 &lt;div class=&quot;panel panel-default&quot; id=&quot;visibility-options6&quot; style=&quot;display: none;&quot;&gt;
                                    &lt;div class=&quot;panel-heading&quot;&gt;
                                       Visibility Options
                                    &lt;/div&gt;
                                    &lt;table class=&quot;table text-center text-color-black&quot;&gt;
                                       &lt;tbody&gt;
                                          &lt;tr&gt;
                                             &lt;th class=&quot;text-center&quot;&gt;
                                                User/Group
                                             &lt;/th&gt;
                                             &lt;th class=&quot;text-center&quot;&gt;
                                                Can see
                                                                your comment
                                             &lt;/th&gt;
                                             &lt;th class=&quot;text-center&quot;&gt;
                                                Can see
                                                                giver&#039;s name
                                             &lt;/th&gt;
                                             &lt;th class=&quot;text-center&quot;&gt;
                                                Can see
                                                                recipient&#039;s name
                                             &lt;/th&gt;
                                          &lt;/tr&gt;
                                          &lt;tr id=&quot;recipient-person6&quot;&gt;
                                             &lt;td class=&quot;text-left&quot;&gt;
                                                &lt;div data-original-title=&quot;Control what comment recipient(s) can view&quot; data-placement=&quot;top&quot; data-toggle=&quot;tooltip&quot; title=&quot;&quot;&gt;
                                                   Recipient(s)
                                                &lt;/div&gt;
                                             &lt;/td&gt;
                                             &lt;td&gt;
                                                &lt;input checked=&quot;checked&quot; class=&quot;visibilityCheckbox answerCheckbox&quot; type=&quot;checkbox&quot; value=&quot;PERSON&quot;/&gt;
                                                                                             &lt;/td&gt;
                                             &lt;td&gt;
                                                &lt;input class=&quot;visibilityCheckbox giverCheckbox&quot; type=&quot;checkbox&quot; value=&quot;PERSON&quot;/&gt;
                                                                                             &lt;/td&gt;
                                             &lt;td&gt;
                                                &lt;input class=&quot;visibilityCheckbox recipientCheckbox&quot; disabled=&quot;disabled&quot; name=&quot;receiverFollowerCheckbox&quot; type=&quot;checkbox&quot; value=&quot;PERSON&quot;/&gt;
                                                                                             &lt;/td&gt;
                                          &lt;/tr&gt;
                                          &lt;tr id=&quot;recipient-team6&quot;&gt;
                                             &lt;td class=&quot;text-left&quot;&gt;
                                                &lt;div data-original-title=&quot;Control what team members of comment recipients can view&quot; data-placement=&quot;top&quot; data-toggle=&quot;tooltip&quot; title=&quot;&quot;&gt;
                                                   Recipient&#039;s Team
                                                &lt;/div&gt;
                                             &lt;/td&gt;
                                             &lt;td&gt;
                                                &lt;input class=&quot;visibilityCheckbox answerCheckbox&quot; type=&quot;checkbox&quot; value=&quot;TEAM&quot;/&gt;
                                                                                             &lt;/td&gt;
                                             &lt;td&gt;
                                                &lt;input class=&quot;visibilityCheckbox giverCheckbox&quot; type=&quot;checkbox&quot; value=&quot;TEAM&quot;/&gt;
                                                                                             &lt;/td&gt;
                                             &lt;td&gt;
                                                &lt;input class=&quot;visibilityCheckbox recipientCheckbox&quot; type=&quot;checkbox&quot; value=&quot;TEAM&quot;/&gt;
                                                                                             &lt;/td&gt;
                                          &lt;/tr&gt;
                                          &lt;tr id=&quot;recipient-section6&quot;&gt;
                                             &lt;td class=&quot;text-left&quot;&gt;
                                                &lt;div data-original-title=&quot;Control what students in the same section can view&quot; data-placement=&quot;top&quot; data-toggle=&quot;tooltip&quot; title=&quot;&quot;&gt;
                                                   Recipient&#039;s Section
                                                &lt;/div&gt;
                                             &lt;/td&gt;
                                             &lt;td&gt;
                                                &lt;input class=&quot;visibilityCheckbox answerCheckbox&quot; type=&quot;checkbox&quot; value=&quot;SECTION&quot;/&gt;
                                                                                             &lt;/td&gt;
                                             &lt;td&gt;
                                                &lt;input class=&quot;visibilityCheckbox giverCheckbox&quot; type=&quot;checkbox&quot; value=&quot;SECTION&quot;/&gt;
                                                                                             &lt;/td&gt;
                                             &lt;td&gt;
                                                &lt;input class=&quot;visibilityCheckbox recipientCheckbox&quot; type=&quot;checkbox&quot; value=&quot;SECTION&quot;/&gt;
                                                                                             &lt;/td&gt;
                                          &lt;/tr&gt;
                                          &lt;tr id=&quot;recipient-course6&quot;&gt;
                                             &lt;td class=&quot;text-left&quot;&gt;
                                                &lt;div data-original-title=&quot;Control what other students in this course can view&quot; data-placement=&quot;top&quot; data-toggle=&quot;tooltip&quot; title=&quot;&quot;&gt;
                                                   Other students in this course
                                                &lt;/div&gt;
                                             &lt;/td&gt;
                                             &lt;td&gt;
                                                &lt;input class=&quot;visibilityCheckbox answerCheckbox&quot; type=&quot;checkbox&quot; value=&quot;COURSE&quot;/&gt;
                                                                                             &lt;/td&gt;
                                             &lt;td&gt;
                                                &lt;input class=&quot;visibilityCheckbox giverCheckbox&quot; type=&quot;checkbox&quot; value=&quot;COURSE&quot;/&gt;
                                                                                             &lt;/td&gt;
                                             &lt;td&gt;
                                                &lt;input class=&quot;visibilityCheckbox recipientCheckbox&quot; type=&quot;checkbox&quot; value=&quot;COURSE&quot;/&gt;
                                                                                             &lt;/td&gt;
                                          &lt;/tr&gt;
                                          &lt;tr&gt;
                                             &lt;td class=&quot;text-left&quot;&gt;
                                                &lt;div data-original-title=&quot;Control what instructors can view&quot; data-placement=&quot;top&quot; data-toggle=&quot;tooltip&quot; title=&quot;&quot;&gt;
                                                   Instructors
                                                &lt;/div&gt;
                                             &lt;/td&gt;
                                             &lt;td&gt;
                                                &lt;input class=&quot;visibilityCheckbox answerCheckbox&quot; type=&quot;checkbox&quot; value=&quot;INSTRUCTOR&quot;/&gt;
                                                                                             &lt;/td&gt;
                                             &lt;td&gt;
                                                &lt;input class=&quot;visibilityCheckbox giverCheckbox&quot; type=&quot;checkbox&quot; value=&quot;INSTRUCTOR&quot;/&gt;
                                                                                             &lt;/td&gt;
                                             &lt;td&gt;
                                                &lt;input class=&quot;visibilityCheckbox recipientCheckbox&quot; type=&quot;checkbox&quot; value=&quot;INSTRUCTOR&quot;/&gt;
                                                                                             &lt;/td&gt;
                                          &lt;/tr&gt;
                                       &lt;/tbody&gt;
                                    &lt;/table&gt;
                                 &lt;/div&gt;
                                 &lt;div class=&quot;form-group&quot;&gt;
                                    &lt;textarea class=&quot;form-control&quot; id=&quot;commentText6&quot; name=&quot;commenttext&quot; placeholder=&quot;Your comment about this student&quot; rows=&quot;3&quot;&gt;
                                       recipient can see this comment without giver&#039;s name
                                    &lt;/textarea&gt;
                                 &lt;/div&gt;
                                 &lt;div class=&quot;col-sm-offset-5&quot;&gt;
                                    &lt;input class=&quot;btn btn-primary&quot; id=&quot;commentsave-6&quot; onclick=&quot;return submitCommentForm(&#039;6&#039;);&quot; title=&quot;Save comment&quot; type=&quot;submit&quot; value=&quot;Save&quot;/&gt;
                                                                        &lt;input class=&quot;btn btn-default&quot; onclick=&quot;return disableComment(&#039;6&#039;);&quot; type=&quot;button&quot; value=&quot;Cancel&quot;/&gt;
                                                                     &lt;/div&gt;
                              &lt;/div&gt;
                              &lt;input id=&quot;commentedittype-6&quot; name=&quot;commentedittype&quot; type=&quot;hidden&quot; value=&quot;edit&quot;/&gt;
                                                            &lt;input name=&quot;commentid&quot; type=&quot;hidden&quot; value=&quot;{*}&quot;/&gt;
                                                            &lt;input name=&quot;courseid&quot; type=&quot;hidden&quot; value=&quot;comments.idOfTypicalCourse1&quot;/&gt;
                                                            &lt;input name=&quot;commentpage&quot; type=&quot;hidden&quot; value=&quot;true&quot;/&gt;
                                                            &lt;input name=&quot;showcommentsto&quot; type=&quot;hidden&quot; value=&quot;PERSON&quot;/&gt;
                                                            &lt;input name=&quot;showgiverto&quot; type=&quot;hidden&quot; value=&quot;&quot;/&gt;
                                                            &lt;input name=&quot;showrecipientto&quot; type=&quot;hidden&quot; value=&quot;&quot;/&gt;
                                                            &lt;input name=&quot;user&quot; type=&quot;hidden&quot; value=&quot;comments.idOfInstructor1OfCourse1&quot;/&gt;
                                                         &lt;/form&gt;
                        &lt;/li&gt;
                        &lt;li class=&quot;list-group-item list-group-item-warning status_display-public&quot; id=&quot;{*}&quot;&gt;
                           &lt;form action=&quot;/page/instructorStudentCommentEdit&quot; class=&quot;form_comment&quot; id=&quot;form_commentedit-7&quot; method=&quot;post&quot; name=&quot;form_commentedit&quot;&gt;
                              &lt;div id=&quot;commentBar-7&quot;&gt;
                                 &lt;span class=&quot;text-muted&quot;&gt;
                                    To
                                    &lt;b&gt;
                                       student1 In Course1
                                    &lt;/b&gt;
                                    (Team 1.1,
                                    &lt;a href=&quot;mailto:comments.student1InCourse1@gmail.tmt&quot;&gt;
                                       comments.student1InCourse1@gmail.tmt
                                    &lt;/a&gt;
                                    ) on
                                                01 May 2012, 08:49
                                 &lt;/span&gt;
                                 &lt;a class=&quot;btn btn-default btn-xs icon-button pull-right&quot; data-original-title=&quot;Delete this comment&quot; data-placement=&quot;top&quot; data-toggle=&quot;tooltip&quot; id=&quot;commentdelete-7&quot; onclick=&quot;return deleteComment(&#039;7&#039;);&quot; style=&quot;display: none;&quot; title=&quot;&quot; type=&quot;button&quot;&gt;
                                    &lt;span class=&quot;glyphicon glyphicon-trash glyphicon-primary&quot;&gt;
                                    &lt;/span&gt;
                                 &lt;/a&gt;
                                 &lt;a class=&quot;btn btn-default btn-xs icon-button pull-right&quot; data-original-title=&quot;Edit this comment&quot; data-placement=&quot;top&quot; data-toggle=&quot;tooltip&quot; id=&quot;commentedit-7&quot; onclick=&quot;return enableEdit(&#039;7&#039;);&quot; style=&quot;display: none;&quot; title=&quot;&quot; type=&quot;button&quot;&gt;
                                    &lt;span class=&quot;glyphicon glyphicon-pencil glyphicon-primary&quot;&gt;
                                    &lt;/span&gt;
                                 &lt;/a&gt;
                                 &lt;span class=&quot;glyphicon glyphicon-eye-open&quot; data-original-title=&quot;This comment is visible to recipient&quot; data-placement=&quot;top&quot; data-toggle=&quot;tooltip&quot; style=&quot;margin-left: 5px;&quot; title=&quot;&quot;&gt;
                                 &lt;/span&gt;
                              &lt;/div&gt;
                              &lt;div id=&quot;plainCommentText7&quot; style=&quot;margin-left: 15px;&quot;&gt;
                                 recipient can see this comment with giver and recipient&#039;s name
                              &lt;/div&gt;
                              &lt;div id=&quot;commentTextEdit7&quot; style=&quot;display: none;&quot;&gt;
                                 &lt;div class=&quot;form-group form-inline&quot;&gt;
                                    &lt;div class=&quot;form-group text-muted&quot;&gt;
                                       You may change comment&#039;s visibility using the visibility options on the right hand side.
                                    &lt;/div&gt;
                                    &lt;a class=&quot;btn btn-sm btn-info pull-right&quot; id=&quot;visibility-options-trigger7&quot;&gt;
                                       &lt;span class=&quot;glyphicon glyphicon-eye-close&quot;&gt;
                                       &lt;/span&gt;
                                       Show Visibility Options
                                    &lt;/a&gt;
                                 &lt;/div&gt;
                                 &lt;div class=&quot;panel panel-default&quot; id=&quot;visibility-options7&quot; style=&quot;display: none;&quot;&gt;
                                    &lt;div class=&quot;panel-heading&quot;&gt;
                                       Visibility Options
                                    &lt;/div&gt;
                                    &lt;table class=&quot;table text-center text-color-black&quot;&gt;
                                       &lt;tbody&gt;
                                          &lt;tr&gt;
                                             &lt;th class=&quot;text-center&quot;&gt;
                                                User/Group
                                             &lt;/th&gt;
                                             &lt;th class=&quot;text-center&quot;&gt;
                                                Can see
                                                                your comment
                                             &lt;/th&gt;
                                             &lt;th class=&quot;text-center&quot;&gt;
                                                Can see
                                                                giver&#039;s name
                                             &lt;/th&gt;
                                             &lt;th class=&quot;text-center&quot;&gt;
                                                Can see
                                                                recipient&#039;s name
                                             &lt;/th&gt;
                                          &lt;/tr&gt;
                                          &lt;tr id=&quot;recipient-person7&quot;&gt;
                                             &lt;td class=&quot;text-left&quot;&gt;
                                                &lt;div data-original-title=&quot;Control what comment recipient(s) can view&quot; data-placement=&quot;top&quot; data-toggle=&quot;tooltip&quot; title=&quot;&quot;&gt;
                                                   Recipient(s)
                                                &lt;/div&gt;
                                             &lt;/td&gt;
                                             &lt;td&gt;
                                                &lt;input checked=&quot;checked&quot; class=&quot;visibilityCheckbox answerCheckbox&quot; type=&quot;checkbox&quot; value=&quot;PERSON&quot;/&gt;
                                                                                             &lt;/td&gt;
                                             &lt;td&gt;
                                                &lt;input checked=&quot;checked&quot; class=&quot;visibilityCheckbox giverCheckbox&quot; type=&quot;checkbox&quot; value=&quot;PERSON&quot;/&gt;
                                                                                             &lt;/td&gt;
                                             &lt;td&gt;
                                                &lt;input class=&quot;visibilityCheckbox recipientCheckbox&quot; disabled=&quot;disabled&quot; name=&quot;receiverFollowerCheckbox&quot; type=&quot;checkbox&quot; value=&quot;PERSON&quot;/&gt;
                                                                                             &lt;/td&gt;
                                          &lt;/tr&gt;
                                          &lt;tr id=&quot;recipient-team7&quot;&gt;
                                             &lt;td class=&quot;text-left&quot;&gt;
                                                &lt;div data-original-title=&quot;Control what team members of comment recipients can view&quot; data-placement=&quot;top&quot; data-toggle=&quot;tooltip&quot; title=&quot;&quot;&gt;
                                                   Recipient&#039;s Team
                                                &lt;/div&gt;
                                             &lt;/td&gt;
                                             &lt;td&gt;
                                                &lt;input class=&quot;visibilityCheckbox answerCheckbox&quot; type=&quot;checkbox&quot; value=&quot;TEAM&quot;/&gt;
                                                                                             &lt;/td&gt;
                                             &lt;td&gt;
                                                &lt;input class=&quot;visibilityCheckbox giverCheckbox&quot; type=&quot;checkbox&quot; value=&quot;TEAM&quot;/&gt;
                                                                                             &lt;/td&gt;
                                             &lt;td&gt;
                                                &lt;input class=&quot;visibilityCheckbox recipientCheckbox&quot; type=&quot;checkbox&quot; value=&quot;TEAM&quot;/&gt;
                                                                                             &lt;/td&gt;
                                          &lt;/tr&gt;
                                          &lt;tr id=&quot;recipient-section7&quot;&gt;
                                             &lt;td class=&quot;text-left&quot;&gt;
                                                &lt;div data-original-title=&quot;Control what students in the same section can view&quot; data-placement=&quot;top&quot; data-toggle=&quot;tooltip&quot; title=&quot;&quot;&gt;
                                                   Recipient&#039;s Section
                                                &lt;/div&gt;
                                             &lt;/td&gt;
                                             &lt;td&gt;
                                                &lt;input class=&quot;visibilityCheckbox answerCheckbox&quot; type=&quot;checkbox&quot; value=&quot;SECTION&quot;/&gt;
                                                                                             &lt;/td&gt;
                                             &lt;td&gt;
                                                &lt;input class=&quot;visibilityCheckbox giverCheckbox&quot; type=&quot;checkbox&quot; value=&quot;SECTION&quot;/&gt;
                                                                                             &lt;/td&gt;
                                             &lt;td&gt;
                                                &lt;input class=&quot;visibilityCheckbox recipientCheckbox&quot; type=&quot;checkbox&quot; value=&quot;SECTION&quot;/&gt;
                                                                                             &lt;/td&gt;
                                          &lt;/tr&gt;
                                          &lt;tr id=&quot;recipient-course7&quot;&gt;
                                             &lt;td class=&quot;text-left&quot;&gt;
                                                &lt;div data-original-title=&quot;Control what other students in this course can view&quot; data-placement=&quot;top&quot; data-toggle=&quot;tooltip&quot; title=&quot;&quot;&gt;
                                                   Other students in this course
                                                &lt;/div&gt;
                                             &lt;/td&gt;
                                             &lt;td&gt;
                                                &lt;input class=&quot;visibilityCheckbox answerCheckbox&quot; type=&quot;checkbox&quot; value=&quot;COURSE&quot;/&gt;
                                                                                             &lt;/td&gt;
                                             &lt;td&gt;
                                                &lt;input class=&quot;visibilityCheckbox giverCheckbox&quot; type=&quot;checkbox&quot; value=&quot;COURSE&quot;/&gt;
                                                                                             &lt;/td&gt;
                                             &lt;td&gt;
                                                &lt;input class=&quot;visibilityCheckbox recipientCheckbox&quot; type=&quot;checkbox&quot; value=&quot;COURSE&quot;/&gt;
                                                                                             &lt;/td&gt;
                                          &lt;/tr&gt;
                                          &lt;tr&gt;
                                             &lt;td class=&quot;text-left&quot;&gt;
                                                &lt;div data-original-title=&quot;Control what instructors can view&quot; data-placement=&quot;top&quot; data-toggle=&quot;tooltip&quot; title=&quot;&quot;&gt;
                                                   Instructors
                                                &lt;/div&gt;
                                             &lt;/td&gt;
                                             &lt;td&gt;
                                                &lt;input class=&quot;visibilityCheckbox answerCheckbox&quot; type=&quot;checkbox&quot; value=&quot;INSTRUCTOR&quot;/&gt;
                                                                                             &lt;/td&gt;
                                             &lt;td&gt;
                                                &lt;input class=&quot;visibilityCheckbox giverCheckbox&quot; type=&quot;checkbox&quot; value=&quot;INSTRUCTOR&quot;/&gt;
                                                                                             &lt;/td&gt;
                                             &lt;td&gt;
                                                &lt;input class=&quot;visibilityCheckbox recipientCheckbox&quot; type=&quot;checkbox&quot; value=&quot;INSTRUCTOR&quot;/&gt;
                                                                                             &lt;/td&gt;
                                          &lt;/tr&gt;
                                       &lt;/tbody&gt;
                                    &lt;/table&gt;
                                 &lt;/div&gt;
                                 &lt;div class=&quot;form-group&quot;&gt;
                                    &lt;textarea class=&quot;form-control&quot; id=&quot;commentText7&quot; name=&quot;commenttext&quot; placeholder=&quot;Your comment about this student&quot; rows=&quot;3&quot;&gt;
                                       recipient can see this comment with giver and recipient&#039;s name
                                    &lt;/textarea&gt;
                                 &lt;/div&gt;
                                 &lt;div class=&quot;col-sm-offset-5&quot;&gt;
                                    &lt;input class=&quot;btn btn-primary&quot; id=&quot;commentsave-7&quot; onclick=&quot;return submitCommentForm(&#039;7&#039;);&quot; title=&quot;Save comment&quot; type=&quot;submit&quot; value=&quot;Save&quot;/&gt;
                                                                        &lt;input class=&quot;btn btn-default&quot; onclick=&quot;return disableComment(&#039;7&#039;);&quot; type=&quot;button&quot; value=&quot;Cancel&quot;/&gt;
                                                                     &lt;/div&gt;
                              &lt;/div&gt;
                              &lt;input id=&quot;commentedittype-7&quot; name=&quot;commentedittype&quot; type=&quot;hidden&quot; value=&quot;edit&quot;/&gt;
                                                            &lt;input name=&quot;commentid&quot; type=&quot;hidden&quot; value=&quot;{*}&quot;/&gt;
                                                            &lt;input name=&quot;courseid&quot; type=&quot;hidden&quot; value=&quot;comments.idOfTypicalCourse1&quot;/&gt;
                                                            &lt;input name=&quot;commentpage&quot; type=&quot;hidden&quot; value=&quot;true&quot;/&gt;
                                                            &lt;input name=&quot;showcommentsto&quot; type=&quot;hidden&quot; value=&quot;PERSON&quot;/&gt;
                                                            &lt;input name=&quot;showgiverto&quot; type=&quot;hidden&quot; value=&quot;PERSON&quot;/&gt;
                                                            &lt;input name=&quot;showrecipientto&quot; type=&quot;hidden&quot; value=&quot;&quot;/&gt;
                                                            &lt;input name=&quot;user&quot; type=&quot;hidden&quot; value=&quot;comments.idOfInstructor1OfCourse1&quot;/&gt;
                                                         &lt;/form&gt;
                        &lt;/li&gt;
                        &lt;li class=&quot;list-group-item list-group-item-warning status_display-private&quot; id=&quot;{*}&quot;&gt;
                           &lt;form action=&quot;/page/instructorStudentCommentEdit&quot; class=&quot;form_comment&quot; id=&quot;form_commentedit-8&quot; method=&quot;post&quot; name=&quot;form_commentedit&quot;&gt;
                              &lt;div id=&quot;commentBar-8&quot;&gt;
                                 &lt;span class=&quot;text-muted&quot;&gt;
                                    To
                                    &lt;b&gt;
                                       student1 In Course1
                                    &lt;/b&gt;
                                    (Team 1.1,
                                    &lt;a href=&quot;mailto:comments.student1InCourse1@gmail.tmt&quot;&gt;
                                       comments.student1InCourse1@gmail.tmt
                                    &lt;/a&gt;
                                    ) on
                                                01 Apr 2012, 23:59
                                 &lt;/span&gt;
                                 &lt;a class=&quot;btn btn-default btn-xs icon-button pull-right&quot; data-original-title=&quot;Delete this comment&quot; data-placement=&quot;top&quot; data-toggle=&quot;tooltip&quot; id=&quot;commentdelete-8&quot; onclick=&quot;return deleteComment(&#039;8&#039;);&quot; style=&quot;display: none;&quot; title=&quot;&quot; type=&quot;button&quot;&gt;
                                    &lt;span class=&quot;glyphicon glyphicon-trash glyphicon-primary&quot;&gt;
                                    &lt;/span&gt;
                                 &lt;/a&gt;
                                 &lt;a class=&quot;btn btn-default btn-xs icon-button pull-right&quot; data-original-title=&quot;Edit this comment&quot; data-placement=&quot;top&quot; data-toggle=&quot;tooltip&quot; id=&quot;commentedit-8&quot; onclick=&quot;return enableEdit(&#039;8&#039;);&quot; style=&quot;display: none;&quot; title=&quot;&quot; type=&quot;button&quot;&gt;
                                    &lt;span class=&quot;glyphicon glyphicon-pencil glyphicon-primary&quot;&gt;
                                    &lt;/span&gt;
                                 &lt;/a&gt;
                              &lt;/div&gt;
                              &lt;div id=&quot;plainCommentText8&quot; style=&quot;margin-left: 15px;&quot;&gt;
                                 private comment
                              &lt;/div&gt;
                              &lt;div id=&quot;commentTextEdit8&quot; style=&quot;display: none;&quot;&gt;
                                 &lt;div class=&quot;form-group form-inline&quot;&gt;
                                    &lt;div class=&quot;form-group text-muted&quot;&gt;
                                       You may change comment&#039;s visibility using the visibility options on the right hand side.
                                    &lt;/div&gt;
                                    &lt;a class=&quot;btn btn-sm btn-info pull-right&quot; id=&quot;visibility-options-trigger8&quot;&gt;
                                       &lt;span class=&quot;glyphicon glyphicon-eye-close&quot;&gt;
                                       &lt;/span&gt;
                                       Show Visibility Options
                                    &lt;/a&gt;
                                 &lt;/div&gt;
                                 &lt;div class=&quot;panel panel-default&quot; id=&quot;visibility-options8&quot; style=&quot;display: none;&quot;&gt;
                                    &lt;div class=&quot;panel-heading&quot;&gt;
                                       Visibility Options
                                    &lt;/div&gt;
                                    &lt;table class=&quot;table text-center text-color-black&quot;&gt;
                                       &lt;tbody&gt;
                                          &lt;tr&gt;
                                             &lt;th class=&quot;text-center&quot;&gt;
                                                User/Group
                                             &lt;/th&gt;
                                             &lt;th class=&quot;text-center&quot;&gt;
                                                Can see
                                                                your comment
                                             &lt;/th&gt;
                                             &lt;th class=&quot;text-center&quot;&gt;
                                                Can see
                                                                giver&#039;s name
                                             &lt;/th&gt;
                                             &lt;th class=&quot;text-center&quot;&gt;
                                                Can see
                                                                recipient&#039;s name
                                             &lt;/th&gt;
                                          &lt;/tr&gt;
                                          &lt;tr id=&quot;recipient-person8&quot;&gt;
                                             &lt;td class=&quot;text-left&quot;&gt;
                                                &lt;div data-original-title=&quot;Control what comment recipient(s) can view&quot; data-placement=&quot;top&quot; data-toggle=&quot;tooltip&quot; title=&quot;&quot;&gt;
                                                   Recipient(s)
                                                &lt;/div&gt;
                                             &lt;/td&gt;
                                             &lt;td&gt;
                                                &lt;input class=&quot;visibilityCheckbox answerCheckbox&quot; type=&quot;checkbox&quot; value=&quot;PERSON&quot;/&gt;
                                                                                             &lt;/td&gt;
                                             &lt;td&gt;
                                                &lt;input class=&quot;visibilityCheckbox giverCheckbox&quot; type=&quot;checkbox&quot; value=&quot;PERSON&quot;/&gt;
                                                                                             &lt;/td&gt;
                                             &lt;td&gt;
                                                &lt;input class=&quot;visibilityCheckbox recipientCheckbox&quot; disabled=&quot;disabled&quot; name=&quot;receiverFollowerCheckbox&quot; type=&quot;checkbox&quot; value=&quot;PERSON&quot;/&gt;
                                                                                             &lt;/td&gt;
                                          &lt;/tr&gt;
                                          &lt;tr id=&quot;recipient-team8&quot;&gt;
                                             &lt;td class=&quot;text-left&quot;&gt;
                                                &lt;div data-original-title=&quot;Control what team members of comment recipients can view&quot; data-placement=&quot;top&quot; data-toggle=&quot;tooltip&quot; title=&quot;&quot;&gt;
                                                   Recipient&#039;s Team
                                                &lt;/div&gt;
                                             &lt;/td&gt;
                                             &lt;td&gt;
                                                &lt;input class=&quot;visibilityCheckbox answerCheckbox&quot; type=&quot;checkbox&quot; value=&quot;TEAM&quot;/&gt;
                                                                                             &lt;/td&gt;
                                             &lt;td&gt;
                                                &lt;input class=&quot;visibilityCheckbox giverCheckbox&quot; type=&quot;checkbox&quot; value=&quot;TEAM&quot;/&gt;
                                                                                             &lt;/td&gt;
                                             &lt;td&gt;
                                                &lt;input class=&quot;visibilityCheckbox recipientCheckbox&quot; type=&quot;checkbox&quot; value=&quot;TEAM&quot;/&gt;
                                                                                             &lt;/td&gt;
                                          &lt;/tr&gt;
                                          &lt;tr id=&quot;recipient-section8&quot;&gt;
                                             &lt;td class=&quot;text-left&quot;&gt;
                                                &lt;div data-original-title=&quot;Control what students in the same section can view&quot; data-placement=&quot;top&quot; data-toggle=&quot;tooltip&quot; title=&quot;&quot;&gt;
                                                   Recipient&#039;s Section
                                                &lt;/div&gt;
                                             &lt;/td&gt;
                                             &lt;td&gt;
                                                &lt;input class=&quot;visibilityCheckbox answerCheckbox&quot; type=&quot;checkbox&quot; value=&quot;SECTION&quot;/&gt;
                                                                                             &lt;/td&gt;
                                             &lt;td&gt;
                                                &lt;input class=&quot;visibilityCheckbox giverCheckbox&quot; type=&quot;checkbox&quot; value=&quot;SECTION&quot;/&gt;
                                                                                             &lt;/td&gt;
                                             &lt;td&gt;
                                                &lt;input class=&quot;visibilityCheckbox recipientCheckbox&quot; type=&quot;checkbox&quot; value=&quot;SECTION&quot;/&gt;
                                                                                             &lt;/td&gt;
                                          &lt;/tr&gt;
                                          &lt;tr id=&quot;recipient-course8&quot;&gt;
                                             &lt;td class=&quot;text-left&quot;&gt;
                                                &lt;div data-original-title=&quot;Control what other students in this course can view&quot; data-placement=&quot;top&quot; data-toggle=&quot;tooltip&quot; title=&quot;&quot;&gt;
                                                   Other students in this course
                                                &lt;/div&gt;
                                             &lt;/td&gt;
                                             &lt;td&gt;
                                                &lt;input class=&quot;visibilityCheckbox answerCheckbox&quot; type=&quot;checkbox&quot; value=&quot;COURSE&quot;/&gt;
                                                                                             &lt;/td&gt;
                                             &lt;td&gt;
                                                &lt;input class=&quot;visibilityCheckbox giverCheckbox&quot; type=&quot;checkbox&quot; value=&quot;COURSE&quot;/&gt;
                                                                                             &lt;/td&gt;
                                             &lt;td&gt;
                                                &lt;input class=&quot;visibilityCheckbox recipientCheckbox&quot; type=&quot;checkbox&quot; value=&quot;COURSE&quot;/&gt;
                                                                                             &lt;/td&gt;
                                          &lt;/tr&gt;
                                          &lt;tr&gt;
                                             &lt;td class=&quot;text-left&quot;&gt;
                                                &lt;div data-original-title=&quot;Control what instructors can view&quot; data-placement=&quot;top&quot; data-toggle=&quot;tooltip&quot; title=&quot;&quot;&gt;
                                                   Instructors
                                                &lt;/div&gt;
                                             &lt;/td&gt;
                                             &lt;td&gt;
                                                &lt;input class=&quot;visibilityCheckbox answerCheckbox&quot; type=&quot;checkbox&quot; value=&quot;INSTRUCTOR&quot;/&gt;
                                                                                             &lt;/td&gt;
                                             &lt;td&gt;
                                                &lt;input class=&quot;visibilityCheckbox giverCheckbox&quot; type=&quot;checkbox&quot; value=&quot;INSTRUCTOR&quot;/&gt;
                                                                                             &lt;/td&gt;
                                             &lt;td&gt;
                                                &lt;input class=&quot;visibilityCheckbox recipientCheckbox&quot; type=&quot;checkbox&quot; value=&quot;INSTRUCTOR&quot;/&gt;
                                                                                             &lt;/td&gt;
                                          &lt;/tr&gt;
                                       &lt;/tbody&gt;
                                    &lt;/table&gt;
                                 &lt;/div&gt;
                                 &lt;div class=&quot;form-group&quot;&gt;
                                    &lt;textarea class=&quot;form-control&quot; id=&quot;commentText8&quot; name=&quot;commenttext&quot; placeholder=&quot;Your comment about this student&quot; rows=&quot;3&quot;&gt;
                                       private comment
                                    &lt;/textarea&gt;
                                 &lt;/div&gt;
                                 &lt;div class=&quot;col-sm-offset-5&quot;&gt;
                                    &lt;input class=&quot;btn btn-primary&quot; id=&quot;commentsave-8&quot; onclick=&quot;return submitCommentForm(&#039;8&#039;);&quot; title=&quot;Save comment&quot; type=&quot;submit&quot; value=&quot;Save&quot;/&gt;
                                                                        &lt;input class=&quot;btn btn-default&quot; onclick=&quot;return disableComment(&#039;8&#039;);&quot; type=&quot;button&quot; value=&quot;Cancel&quot;/&gt;
                                                                     &lt;/div&gt;
                              &lt;/div&gt;
                              &lt;input id=&quot;commentedittype-8&quot; name=&quot;commentedittype&quot; type=&quot;hidden&quot; value=&quot;edit&quot;/&gt;
                                                            &lt;input name=&quot;commentid&quot; type=&quot;hidden&quot; value=&quot;{*}&quot;/&gt;
                                                            &lt;input name=&quot;courseid&quot; type=&quot;hidden&quot; value=&quot;comments.idOfTypicalCourse1&quot;/&gt;
                                                            &lt;input name=&quot;commentpage&quot; type=&quot;hidden&quot; value=&quot;true&quot;/&gt;
                                                            &lt;input name=&quot;showcommentsto&quot; type=&quot;hidden&quot; value=&quot;&quot;/&gt;
                                                            &lt;input name=&quot;showgiverto&quot; type=&quot;hidden&quot; value=&quot;&quot;/&gt;
                                                            &lt;input name=&quot;showrecipientto&quot; type=&quot;hidden&quot; value=&quot;&quot;/&gt;
                                                            &lt;input name=&quot;user&quot; type=&quot;hidden&quot; value=&quot;comments.idOfInstructor1OfCourse1&quot;/&gt;
                                                         &lt;/form&gt;
                        &lt;/li&gt;
                     &lt;/ul&gt;
                  &lt;/div&gt;
                  &lt;div class=&quot;panel panel-info student-record-comments giver_display-by-others&quot;&gt;
                     &lt;div class=&quot;panel-heading&quot;&gt;
                        From
                        &lt;b&gt;
                           Anonymous
                        &lt;/b&gt;
                     &lt;/div&gt;
                     &lt;ul class=&quot;list-group comments&quot;&gt;
                        &lt;li class=&quot;list-group-item list-group-item-warning status_display-public&quot; id=&quot;{*}&quot;&gt;
                           &lt;form action=&quot;/page/instructorStudentCommentEdit&quot; class=&quot;form_comment&quot; id=&quot;form_commentedit-9&quot; method=&quot;post&quot; name=&quot;form_commentedit&quot;&gt;
                              &lt;div id=&quot;commentBar-9&quot;&gt;
                                 &lt;span class=&quot;text-muted&quot;&gt;
                                    To
                                    &lt;b&gt;
                                       Anonymous
                                    &lt;/b&gt;
                                    on
                                                02 Jun 2012, 19:21
                                 &lt;/span&gt;
                                 &lt;a class=&quot;btn btn-default btn-xs icon-button pull-right&quot; data-original-title=&quot;Delete this comment&quot; data-placement=&quot;top&quot; data-toggle=&quot;tooltip&quot; id=&quot;commentdelete-9&quot; onclick=&quot;return deleteComment(&#039;9&#039;);&quot; style=&quot;display: none;&quot; title=&quot;&quot; type=&quot;button&quot;&gt;
                                    &lt;span class=&quot;glyphicon glyphicon-trash glyphicon-primary&quot;&gt;
                                    &lt;/span&gt;
                                 &lt;/a&gt;
                                 &lt;a class=&quot;btn btn-default btn-xs icon-button pull-right&quot; data-original-title=&quot;Edit this comment&quot; data-placement=&quot;top&quot; data-toggle=&quot;tooltip&quot; id=&quot;commentedit-9&quot; onclick=&quot;return enableEdit(&#039;9&#039;);&quot; style=&quot;display: none;&quot; title=&quot;&quot; type=&quot;button&quot;&gt;
                                    &lt;span class=&quot;glyphicon glyphicon-pencil glyphicon-primary&quot;&gt;
                                    &lt;/span&gt;
                                 &lt;/a&gt;
                                 &lt;span class=&quot;glyphicon glyphicon-eye-open&quot; data-original-title=&quot;This comment is visible to instructors&quot; data-placement=&quot;top&quot; data-toggle=&quot;tooltip&quot; style=&quot;margin-left: 5px;&quot; title=&quot;&quot;&gt;
                                 &lt;/span&gt;
                              &lt;/div&gt;
                              &lt;div id=&quot;plainCommentText9&quot; style=&quot;margin-left: 15px;&quot;&gt;
                                 Other instructors in this course can see this comment without names
                              &lt;/div&gt;
                              &lt;div id=&quot;commentTextEdit9&quot; style=&quot;display: none;&quot;&gt;
                                 &lt;div class=&quot;form-group form-inline&quot;&gt;
                                    &lt;div class=&quot;form-group text-muted&quot;&gt;
                                       You may change comment&#039;s visibility using the visibility options on the right hand side.
                                    &lt;/div&gt;
                                    &lt;a class=&quot;btn btn-sm btn-info pull-right&quot; id=&quot;visibility-options-trigger9&quot;&gt;
                                       &lt;span class=&quot;glyphicon glyphicon-eye-close&quot;&gt;
                                       &lt;/span&gt;
                                       Show Visibility Options
                                    &lt;/a&gt;
                                 &lt;/div&gt;
                                 &lt;div class=&quot;panel panel-default&quot; id=&quot;visibility-options9&quot; style=&quot;display: none;&quot;&gt;
                                    &lt;div class=&quot;panel-heading&quot;&gt;
                                       Visibility Options
                                    &lt;/div&gt;
                                    &lt;table class=&quot;table text-center text-color-black&quot;&gt;
                                       &lt;tbody&gt;
                                          &lt;tr&gt;
                                             &lt;th class=&quot;text-center&quot;&gt;
                                                User/Group
                                             &lt;/th&gt;
                                             &lt;th class=&quot;text-center&quot;&gt;
                                                Can see
                                                                your comment
                                             &lt;/th&gt;
                                             &lt;th class=&quot;text-center&quot;&gt;
                                                Can see
                                                                giver&#039;s name
                                             &lt;/th&gt;
                                             &lt;th class=&quot;text-center&quot;&gt;
                                                Can see
                                                                recipient&#039;s name
                                             &lt;/th&gt;
                                          &lt;/tr&gt;
                                          &lt;tr id=&quot;recipient-course9&quot;&gt;
                                             &lt;td class=&quot;text-left&quot;&gt;
                                                &lt;div data-original-title=&quot;Control what other students in this course can view&quot; data-placement=&quot;top&quot; data-toggle=&quot;tooltip&quot; title=&quot;&quot;&gt;
                                                   Students in this course
                                                &lt;/div&gt;
                                             &lt;/td&gt;
                                             &lt;td&gt;
                                                &lt;input class=&quot;visibilityCheckbox answerCheckbox&quot; type=&quot;checkbox&quot; value=&quot;COURSE&quot;/&gt;
                                                                                             &lt;/td&gt;
                                             &lt;td&gt;
                                                &lt;input class=&quot;visibilityCheckbox giverCheckbox&quot; type=&quot;checkbox&quot; value=&quot;COURSE&quot;/&gt;
                                                                                             &lt;/td&gt;
                                             &lt;td&gt;
                                                &lt;input class=&quot;visibilityCheckbox recipientCheckbox&quot; disabled=&quot;disabled&quot; type=&quot;checkbox&quot; value=&quot;COURSE&quot;/&gt;
                                                                                             &lt;/td&gt;
                                          &lt;/tr&gt;
                                          &lt;tr&gt;
                                             &lt;td class=&quot;text-left&quot;&gt;
                                                &lt;div data-original-title=&quot;Control what instructors can view&quot; data-placement=&quot;top&quot; data-toggle=&quot;tooltip&quot; title=&quot;&quot;&gt;
                                                   Instructors
                                                &lt;/div&gt;
                                             &lt;/td&gt;
                                             &lt;td&gt;
                                                &lt;input checked=&quot;checked&quot; class=&quot;visibilityCheckbox answerCheckbox&quot; type=&quot;checkbox&quot; value=&quot;INSTRUCTOR&quot;/&gt;
                                                                                             &lt;/td&gt;
                                             &lt;td&gt;
                                                &lt;input class=&quot;visibilityCheckbox giverCheckbox&quot; type=&quot;checkbox&quot; value=&quot;INSTRUCTOR&quot;/&gt;
                                                                                             &lt;/td&gt;
                                             &lt;td&gt;
                                                &lt;input class=&quot;visibilityCheckbox recipientCheckbox&quot; type=&quot;checkbox&quot; value=&quot;INSTRUCTOR&quot;/&gt;
                                                                                             &lt;/td&gt;
                                          &lt;/tr&gt;
                                       &lt;/tbody&gt;
                                    &lt;/table&gt;
                                 &lt;/div&gt;
                                 &lt;div class=&quot;form-group&quot;&gt;
                                    &lt;textarea class=&quot;form-control&quot; id=&quot;commentText9&quot; name=&quot;commenttext&quot; placeholder=&quot;Your comment about this student&quot; rows=&quot;3&quot;&gt;
                                       Other instructors in this course can see this comment without names
                                    &lt;/textarea&gt;
                                 &lt;/div&gt;
                                 &lt;div class=&quot;col-sm-offset-5&quot;&gt;
                                    &lt;input class=&quot;btn btn-primary&quot; id=&quot;commentsave-9&quot; onclick=&quot;return submitCommentForm(&#039;9&#039;);&quot; title=&quot;Save comment&quot; type=&quot;submit&quot; value=&quot;Save&quot;/&gt;
                                                                        &lt;input class=&quot;btn btn-default&quot; onclick=&quot;return disableComment(&#039;9&#039;);&quot; type=&quot;button&quot; value=&quot;Cancel&quot;/&gt;
                                                                     &lt;/div&gt;
                              &lt;/div&gt;
                              &lt;input id=&quot;commentedittype-9&quot; name=&quot;commentedittype&quot; type=&quot;hidden&quot; value=&quot;edit&quot;/&gt;
                                                            &lt;input name=&quot;commentid&quot; type=&quot;hidden&quot; value=&quot;{*}&quot;/&gt;
                                                            &lt;input name=&quot;courseid&quot; type=&quot;hidden&quot; value=&quot;comments.idOfTypicalCourse1&quot;/&gt;
                                                            &lt;input name=&quot;commentpage&quot; type=&quot;hidden&quot; value=&quot;true&quot;/&gt;
                                                            &lt;input name=&quot;showcommentsto&quot; type=&quot;hidden&quot; value=&quot;INSTRUCTOR&quot;/&gt;
                                                            &lt;input name=&quot;showgiverto&quot; type=&quot;hidden&quot; value=&quot;&quot;/&gt;
                                                            &lt;input name=&quot;showrecipientto&quot; type=&quot;hidden&quot; value=&quot;&quot;/&gt;
                                                            &lt;input name=&quot;user&quot; type=&quot;hidden&quot; value=&quot;comments.idOfInstructor1OfCourse1&quot;/&gt;
                                                         &lt;/form&gt;
                        &lt;/li&gt;
                     &lt;/ul&gt;
                  &lt;/div&gt;
                  &lt;div class=&quot;panel panel-info student-record-comments giver_display-by-others&quot;&gt;
                     &lt;div class=&quot;panel-heading&quot;&gt;
                        From
                        &lt;b&gt;
                           Instructor Instructor2 Course1
                        &lt;/b&gt;
                     &lt;/div&gt;
                     &lt;ul class=&quot;list-group comments&quot;&gt;
                        &lt;li class=&quot;list-group-item list-group-item-warning status_display-public&quot; id=&quot;{*}&quot;&gt;
                           &lt;form action=&quot;/page/instructorStudentCommentEdit&quot; class=&quot;form_comment&quot; id=&quot;form_commentedit-10&quot; method=&quot;post&quot; name=&quot;form_commentedit&quot;&gt;
                              &lt;div id=&quot;commentBar-10&quot;&gt;
                                 &lt;span class=&quot;text-muted&quot;&gt;
                                    To
                                    &lt;b&gt;
                                       All students in this course
                                    &lt;/b&gt;
                                    on
                                                02 Jun 2012, 19:20
                                 &lt;/span&gt;
                                 &lt;a class=&quot;btn btn-default btn-xs icon-button pull-right&quot; data-original-title=&quot;Delete this comment&quot; data-placement=&quot;top&quot; data-toggle=&quot;tooltip&quot; id=&quot;commentdelete-10&quot; onclick=&quot;return deleteComment(&#039;10&#039;);&quot; style=&quot;display: none;&quot; title=&quot;&quot; type=&quot;button&quot;&gt;
                                    &lt;span class=&quot;glyphicon glyphicon-trash glyphicon-primary&quot;&gt;
                                    &lt;/span&gt;
                                 &lt;/a&gt;
                                 &lt;a class=&quot;btn btn-default btn-xs icon-button pull-right&quot; data-original-title=&quot;Edit this comment&quot; data-placement=&quot;top&quot; data-toggle=&quot;tooltip&quot; id=&quot;commentedit-10&quot; onclick=&quot;return enableEdit(&#039;10&#039;);&quot; style=&quot;display: none;&quot; title=&quot;&quot; type=&quot;button&quot;&gt;
                                    &lt;span class=&quot;glyphicon glyphicon-pencil glyphicon-primary&quot;&gt;
                                    &lt;/span&gt;
                                 &lt;/a&gt;
                                 &lt;span class=&quot;glyphicon glyphicon-eye-open&quot; data-original-title=&quot;This comment is visible to instructors&quot; data-placement=&quot;top&quot; data-toggle=&quot;tooltip&quot; style=&quot;margin-left: 5px;&quot; title=&quot;&quot;&gt;
                                 &lt;/span&gt;
                              &lt;/div&gt;
                              &lt;div id=&quot;plainCommentText10&quot; style=&quot;margin-left: 15px;&quot;&gt;
                                 Other instructors in this course can see this comment
                              &lt;/div&gt;
                              &lt;div id=&quot;commentTextEdit10&quot; style=&quot;display: none;&quot;&gt;
                                 &lt;div class=&quot;form-group form-inline&quot;&gt;
                                    &lt;div class=&quot;form-group text-muted&quot;&gt;
                                       You may change comment&#039;s visibility using the visibility options on the right hand side.
                                    &lt;/div&gt;
                                    &lt;a class=&quot;btn btn-sm btn-info pull-right&quot; id=&quot;visibility-options-trigger10&quot;&gt;
                                       &lt;span class=&quot;glyphicon glyphicon-eye-close&quot;&gt;
                                       &lt;/span&gt;
                                       Show Visibility Options
                                    &lt;/a&gt;
                                 &lt;/div&gt;
                                 &lt;div class=&quot;panel panel-default&quot; id=&quot;visibility-options10&quot; style=&quot;display: none;&quot;&gt;
                                    &lt;div class=&quot;panel-heading&quot;&gt;
                                       Visibility Options
                                    &lt;/div&gt;
                                    &lt;table class=&quot;table text-center text-color-black&quot;&gt;
                                       &lt;tbody&gt;
                                          &lt;tr&gt;
                                             &lt;th class=&quot;text-center&quot;&gt;
                                                User/Group
                                             &lt;/th&gt;
                                             &lt;th class=&quot;text-center&quot;&gt;
                                                Can see
                                                                your comment
                                             &lt;/th&gt;
                                             &lt;th class=&quot;text-center&quot;&gt;
                                                Can see
                                                                giver&#039;s name
                                             &lt;/th&gt;
                                             &lt;th class=&quot;text-center&quot;&gt;
                                                Can see
                                                                recipient&#039;s name
                                             &lt;/th&gt;
                                          &lt;/tr&gt;
                                          &lt;tr id=&quot;recipient-course10&quot;&gt;
                                             &lt;td class=&quot;text-left&quot;&gt;
                                                &lt;div data-original-title=&quot;Control what other students in this course can view&quot; data-placement=&quot;top&quot; data-toggle=&quot;tooltip&quot; title=&quot;&quot;&gt;
                                                   Students in this course
                                                &lt;/div&gt;
                                             &lt;/td&gt;
                                             &lt;td&gt;
                                                &lt;input class=&quot;visibilityCheckbox answerCheckbox&quot; type=&quot;checkbox&quot; value=&quot;COURSE&quot;/&gt;
                                                                                             &lt;/td&gt;
                                             &lt;td&gt;
                                                &lt;input class=&quot;visibilityCheckbox giverCheckbox&quot; type=&quot;checkbox&quot; value=&quot;COURSE&quot;/&gt;
                                                                                             &lt;/td&gt;
                                             &lt;td&gt;
                                                &lt;input class=&quot;visibilityCheckbox recipientCheckbox&quot; disabled=&quot;disabled&quot; type=&quot;checkbox&quot; value=&quot;COURSE&quot;/&gt;
                                                                                             &lt;/td&gt;
                                          &lt;/tr&gt;
                                          &lt;tr&gt;
                                             &lt;td class=&quot;text-left&quot;&gt;
                                                &lt;div data-original-title=&quot;Control what instructors can view&quot; data-placement=&quot;top&quot; data-toggle=&quot;tooltip&quot; title=&quot;&quot;&gt;
                                                   Instructors
                                                &lt;/div&gt;
                                             &lt;/td&gt;
                                             &lt;td&gt;
                                                &lt;input checked=&quot;checked&quot; class=&quot;visibilityCheckbox answerCheckbox&quot; type=&quot;checkbox&quot; value=&quot;INSTRUCTOR&quot;/&gt;
                                                                                             &lt;/td&gt;
                                             &lt;td&gt;
                                                &lt;input checked=&quot;checked&quot; class=&quot;visibilityCheckbox giverCheckbox&quot; type=&quot;checkbox&quot; value=&quot;INSTRUCTOR&quot;/&gt;
                                                                                             &lt;/td&gt;
                                             &lt;td&gt;
                                                &lt;input checked=&quot;checked&quot; class=&quot;visibilityCheckbox recipientCheckbox&quot; type=&quot;checkbox&quot; value=&quot;INSTRUCTOR&quot;/&gt;
                                                                                             &lt;/td&gt;
                                          &lt;/tr&gt;
                                       &lt;/tbody&gt;
                                    &lt;/table&gt;
                                 &lt;/div&gt;
                                 &lt;div class=&quot;form-group&quot;&gt;
                                    &lt;textarea class=&quot;form-control&quot; id=&quot;commentText10&quot; name=&quot;commenttext&quot; placeholder=&quot;Your comment about this student&quot; rows=&quot;3&quot;&gt;
                                       Other instructors in this course can see this comment
                                    &lt;/textarea&gt;
                                 &lt;/div&gt;
                                 &lt;div class=&quot;col-sm-offset-5&quot;&gt;
                                    &lt;input class=&quot;btn btn-primary&quot; id=&quot;commentsave-10&quot; onclick=&quot;return submitCommentForm(&#039;10&#039;);&quot; title=&quot;Save comment&quot; type=&quot;submit&quot; value=&quot;Save&quot;/&gt;
                                                                        &lt;input class=&quot;btn btn-default&quot; onclick=&quot;return disableComment(&#039;10&#039;);&quot; type=&quot;button&quot; value=&quot;Cancel&quot;/&gt;
                                                                     &lt;/div&gt;
                              &lt;/div&gt;
                              &lt;input id=&quot;commentedittype-10&quot; name=&quot;commentedittype&quot; type=&quot;hidden&quot; value=&quot;edit&quot;/&gt;
                                                            &lt;input name=&quot;commentid&quot; type=&quot;hidden&quot; value=&quot;{*}&quot;/&gt;
                                                            &lt;input name=&quot;courseid&quot; type=&quot;hidden&quot; value=&quot;comments.idOfTypicalCourse1&quot;/&gt;
                                                            &lt;input name=&quot;commentpage&quot; type=&quot;hidden&quot; value=&quot;true&quot;/&gt;
                                                            &lt;input name=&quot;showcommentsto&quot; type=&quot;hidden&quot; value=&quot;INSTRUCTOR&quot;/&gt;
                                                            &lt;input name=&quot;showgiverto&quot; type=&quot;hidden&quot; value=&quot;INSTRUCTOR&quot;/&gt;
                                                            &lt;input name=&quot;showrecipientto&quot; type=&quot;hidden&quot; value=&quot;INSTRUCTOR&quot;/&gt;
                                                            &lt;input name=&quot;user&quot; type=&quot;hidden&quot; value=&quot;comments.idOfInstructor1OfCourse1&quot;/&gt;
                                                         &lt;/form&gt;
                        &lt;/li&gt;
                     &lt;/ul&gt;
                  &lt;/div&gt;
               &lt;/div&gt;
            &lt;/div&gt;
         &lt;/div&gt;
         &lt;div id=&quot;panel_display-2&quot;&gt;
            &lt;br/&gt;
                        &lt;div class=&quot;panel panel-primary&quot;&gt;
               &lt;div class=&quot;panel-heading&quot; onclick=&quot;loadFeedbackResponseComments(&#039;comments.idOfInstructor1OfCourse1&#039;,&#039;comments.idOfTypicalCourse1&#039;,&#039;comments.First feedback session&#039;, this);&quot; style=&quot;cursor: pointer;&quot;&gt;
                  &lt;strong&gt;
                     Comments in session: comments.First feedback session
                  &lt;/strong&gt;
                  &lt;div class=&quot;placeholder-img-loading pull-right&quot;&gt;
                  &lt;/div&gt;
               &lt;/div&gt;
               &lt;div class=&quot;panel-body&quot;&gt;
                  &lt;div class=&quot;panel panel-info&quot;&gt;
                     &lt;div class=&quot;panel-heading&quot;&gt;
                        &lt;b&gt;
                           Question 1
                        &lt;/b&gt;
                        :
        What is the best selling point of your product?
                     &lt;/div&gt;
                     &lt;table class=&quot;table&quot;&gt;
                        &lt;tbody&gt;
                           &lt;tr&gt;
                              &lt;td&gt;
                                 &lt;b&gt;
                                    From:
                                 &lt;/b&gt;
                                 student1 In Course1 (Team 1.1)
                                 &lt;b&gt;
                                    To:
                                 &lt;/b&gt;
                                 student1 In Course1 (Team 1.1)
                              &lt;/td&gt;
                           &lt;/tr&gt;
                           &lt;tr&gt;
                              &lt;td&gt;
                                 &lt;strong&gt;
                                    Response:
                                 &lt;/strong&gt;
                                 Student 1 self feedback.
                              &lt;/td&gt;
                           &lt;/tr&gt;
                           &lt;tr class=&quot;active&quot;&gt;
                              &lt;td&gt;
                                 Comment(s):
                                 &lt;button class=&quot;btn btn-default btn-xs icon-button pull-right&quot; data-original-title=&quot;Add comment&quot; data-placement=&quot;top&quot; data-toggle=&quot;tooltip&quot; id=&quot;button_add_comment-1-1-1&quot; onclick=&quot;showResponseCommentAddForm(1,1,1)&quot; title=&quot;&quot; type=&quot;button&quot;&gt;
                                    &lt;span class=&quot;glyphicon glyphicon-comment glyphicon-primary&quot;&gt;
                                    &lt;/span&gt;
                                 &lt;/button&gt;
                              &lt;/td&gt;
                           &lt;/tr&gt;
                           &lt;tr&gt;
                              &lt;td&gt;
                                 &lt;ul class=&quot;list-group comments&quot; id=&quot;responseCommentTable-1-1-1&quot; style=&quot;&quot;&gt;
                                    &lt;li class=&quot;list-group-item list-group-item-warning giver_display-by-you status_display-private&quot; id=&quot;{*}&quot;&gt;
                                       &lt;div id=&quot;commentBar-1-1-1-1&quot;&gt;
                                          &lt;span class=&quot;text-muted&quot;&gt;
                                             From:
                                             &lt;b&gt;
                                                you
                                             &lt;/b&gt;
                                             [{*}]
                                          &lt;/span&gt;
                                          &lt;form class=&quot;responseCommentDeleteForm pull-right&quot;&gt;
                                             &lt;a class=&quot;btn btn-default btn-xs icon-button&quot; data-original-title=&quot;Delete this comment&quot; data-placement=&quot;top&quot; data-toggle=&quot;tooltip&quot; href=&quot;/page/instructorFeedbackResponseCommentDelete&quot; id=&quot;commentdelete-1-1-1-1&quot; style=&quot;display: none;&quot; title=&quot;&quot; type=&quot;button&quot;&gt;
                                                &lt;span class=&quot;glyphicon glyphicon-trash glyphicon-primary&quot;&gt;
                                                &lt;/span&gt;
                                             &lt;/a&gt;
                                             &lt;input name=&quot;responseid&quot; type=&quot;hidden&quot; value=&quot;{*}&quot;/&gt;
                                                                                          &lt;input name=&quot;responsecommentid&quot; type=&quot;hidden&quot; value=&quot;{*}&quot;/&gt;
                                                                                          &lt;input name=&quot;courseid&quot; type=&quot;hidden&quot; value=&quot;comments.idOfTypicalCourse1&quot;/&gt;
                                                                                          &lt;input name=&quot;fsname&quot; type=&quot;hidden&quot; value=&quot;comments.First feedback session&quot;/&gt;
                                                                                          &lt;input name=&quot;user&quot; type=&quot;hidden&quot; value=&quot;comments.idOfInstructor1OfCourse1&quot;/&gt;
                                                                                       &lt;/form&gt;
                                          &lt;a class=&quot;btn btn-default btn-xs icon-button pull-right&quot; data-original-title=&quot;Edit this comment&quot; data-placement=&quot;top&quot; data-toggle=&quot;tooltip&quot; id=&quot;commentedit-1-1-1-1&quot; onclick=&quot;showResponseCommentEditForm(1,1,1,1)&quot; style=&quot;display: none;&quot; title=&quot;&quot; type=&quot;button&quot;&gt;
                                             &lt;span class=&quot;glyphicon glyphicon-pencil glyphicon-primary&quot;&gt;
                                             &lt;/span&gt;
                                          &lt;/a&gt;
                                       &lt;/div&gt;
                                       &lt;div id=&quot;plainCommentText-1-1-1-1&quot; style=&quot;margin-left: 15px;&quot;&gt;
                                          edited response comment
                                          &lt;br/&gt;
                                                                                    a new line
                                       &lt;/div&gt;
                                       &lt;form class=&quot;responseCommentEditForm&quot; id=&quot;responseCommentEditForm-1-1-1-1&quot; style=&quot;display: none;&quot;&gt;
                                          &lt;div class=&quot;form-group&quot;&gt;
                                             &lt;div class=&quot;form-group form-inline&quot;&gt;
                                                &lt;div class=&quot;form-group text-muted&quot;&gt;
                                                   You may change comment&#039;s
                                            visibility using the
                                            visibility options on the
                                            right hand side.
                                                &lt;/div&gt;
                                                &lt;a class=&quot;btn btn-sm btn-info pull-right&quot; id=&quot;frComment-visibility-options-trigger-1-1-1-1&quot; onclick=&quot;toggleVisibilityEditForm(1,1,1,1)&quot;&gt;
                                                   &lt;span class=&quot;glyphicon glyphicon-eye-close&quot;&gt;
                                                   &lt;/span&gt;
                                                   Show Visibility Options
                                                &lt;/a&gt;
                                             &lt;/div&gt;
                                             &lt;div class=&quot;panel panel-default&quot; id=&quot;visibility-options-1-1-1-1&quot; style=&quot;display: none;&quot;&gt;
                                                &lt;div class=&quot;panel-heading&quot;&gt;
                                                   Visibility
                                            Options
                                                &lt;/div&gt;
                                                &lt;table class=&quot;table text-center&quot; style=&quot;color: #000;&quot;&gt;
                                                   &lt;tbody&gt;
                                                      &lt;tr&gt;
                                                         &lt;th class=&quot;text-center&quot;&gt;
                                                            User/Group
                                                         &lt;/th&gt;
                                                         &lt;th class=&quot;text-center&quot;&gt;
                                                            Can
                                                        see your comment
                                                         &lt;/th&gt;
                                                         &lt;th class=&quot;text-center&quot;&gt;
                                                            Can
                                                        see your name
                                                         &lt;/th&gt;
                                                      &lt;/tr&gt;
                                                      &lt;tr id=&quot;response-giver-1-1-1-1&quot;&gt;
                                                         &lt;td class=&quot;text-left&quot;&gt;
                                                            &lt;div data-original-title=&quot;Control what response giver can view&quot; data-placement=&quot;top&quot; data-toggle=&quot;tooltip&quot; title=&quot;&quot;&gt;
                                                               Response
                                                            Giver
                                                            &lt;/div&gt;
                                                         &lt;/td&gt;
                                                         &lt;td&gt;
                                                            &lt;input class=&quot;visibilityCheckbox answerCheckbox centered&quot; name=&quot;receiverLeaderCheckbox&quot; type=&quot;checkbox&quot; value=&quot;GIVER&quot;/&gt;
                                                                                                                     &lt;/td&gt;
                                                         &lt;td&gt;
                                                            &lt;input class=&quot;visibilityCheckbox giverCheckbox&quot; type=&quot;checkbox&quot; value=&quot;GIVER&quot;/&gt;
                                                                                                                     &lt;/td&gt;
                                                      &lt;/tr&gt;
                                                      &lt;tr id=&quot;response-instructors-1-1-1-1&quot;&gt;
                                                         &lt;td class=&quot;text-left&quot;&gt;
                                                            &lt;div data-original-title=&quot;Control what instructors can view&quot; data-placement=&quot;top&quot; data-toggle=&quot;tooltip&quot; title=&quot;&quot;&gt;
                                                               Instructors
                                                            &lt;/div&gt;
                                                         &lt;/td&gt;
                                                         &lt;td&gt;
                                                            &lt;input class=&quot;visibilityCheckbox answerCheckbox&quot; type=&quot;checkbox&quot; value=&quot;INSTRUCTORS&quot;/&gt;
                                                                                                                     &lt;/td&gt;
                                                         &lt;td&gt;
                                                            &lt;input checked=&quot;checked&quot; class=&quot;visibilityCheckbox giverCheckbox&quot; type=&quot;checkbox&quot; value=&quot;INSTRUCTORS&quot;/&gt;
                                                                                                                     &lt;/td&gt;
                                                      &lt;/tr&gt;
                                                   &lt;/tbody&gt;
                                                &lt;/table&gt;
                                             &lt;/div&gt;
                                             &lt;textarea class=&quot;form-control&quot; id=&quot;responsecommenttext-1-1-1-1&quot; name=&quot;responsecommenttext&quot; placeholder=&quot;Your comment about this response&quot; rows=&quot;3&quot;&gt;
                                                edited response comment
&lt;br&gt;a new line
                                             &lt;/textarea&gt;
                                          &lt;/div&gt;
                                          &lt;div class=&quot;col-sm-offset-5&quot;&gt;
                                             &lt;a class=&quot;btn btn-primary&quot; href=&quot;/page/instructorFeedbackResponseCommentEdit&quot; id=&quot;button_save_comment_for_edit-1-1-1-1&quot;&gt;
                                                Save
                                             &lt;/a&gt;
                                             &lt;input class=&quot;btn btn-default&quot; onclick=&quot;return hideResponseCommentEditForm(1,1,1,1);&quot; type=&quot;button&quot; value=&quot;Cancel&quot;/&gt;
                                                                                       &lt;/div&gt;
                                          &lt;input name=&quot;responseid&quot; type=&quot;hidden&quot; value=&quot;{*}&quot;/&gt;
                                                                                    &lt;input name=&quot;responsecommentid&quot; type=&quot;hidden&quot; value=&quot;{*}&quot;/&gt;
                                                                                    &lt;input name=&quot;courseid&quot; type=&quot;hidden&quot; value=&quot;comments.idOfTypicalCourse1&quot;/&gt;
                                                                                    &lt;input name=&quot;fsname&quot; type=&quot;hidden&quot; value=&quot;comments.First feedback session&quot;/&gt;
                                                                                    &lt;input name=&quot;user&quot; type=&quot;hidden&quot; value=&quot;comments.idOfInstructor1OfCourse1&quot;/&gt;
                                                                                    &lt;input name=&quot;showresponsecommentsto&quot; type=&quot;hidden&quot; value=&quot;&quot;/&gt;
                                                                                    &lt;input name=&quot;showresponsegiverto&quot; type=&quot;hidden&quot; value=&quot;INSTRUCTORS&quot;/&gt;
                                                                                 &lt;/form&gt;
                                    &lt;/li&gt;
                                    &lt;li class=&quot;list-group-item list-group-item-warning giver_display-by-you status_display-private&quot; id=&quot;{*}&quot;&gt;
                                       &lt;div id=&quot;commentBar-1-1-1-2&quot;&gt;
                                          &lt;span class=&quot;text-muted&quot;&gt;
                                             From:
                                             &lt;b&gt;
                                                you
                                             &lt;/b&gt;
                                             [Tue Mar 01 23:59:00 UTC 2016]
                                          &lt;/span&gt;
                                          &lt;form class=&quot;responseCommentDeleteForm pull-right&quot;&gt;
                                             &lt;a class=&quot;btn btn-default btn-xs icon-button&quot; data-original-title=&quot;Delete this comment&quot; data-placement=&quot;top&quot; data-toggle=&quot;tooltip&quot; href=&quot;/page/instructorFeedbackResponseCommentDelete&quot; id=&quot;commentdelete-1-1-1-2&quot; style=&quot;display: none;&quot; title=&quot;&quot; type=&quot;button&quot;&gt;
                                                &lt;span class=&quot;glyphicon glyphicon-trash glyphicon-primary&quot;&gt;
                                                &lt;/span&gt;
                                             &lt;/a&gt;
                                             &lt;input name=&quot;responseid&quot; type=&quot;hidden&quot; value=&quot;{*}&quot;/&gt;
                                                                                          &lt;input name=&quot;responsecommentid&quot; type=&quot;hidden&quot; value=&quot;{*}&quot;/&gt;
                                                                                          &lt;input name=&quot;courseid&quot; type=&quot;hidden&quot; value=&quot;comments.idOfTypicalCourse1&quot;/&gt;
                                                                                          &lt;input name=&quot;fsname&quot; type=&quot;hidden&quot; value=&quot;comments.First feedback session&quot;/&gt;
                                                                                          &lt;input name=&quot;user&quot; type=&quot;hidden&quot; value=&quot;comments.idOfInstructor1OfCourse1&quot;/&gt;
                                                                                       &lt;/form&gt;
                                          &lt;a class=&quot;btn btn-default btn-xs icon-button pull-right&quot; data-original-title=&quot;Edit this comment&quot; data-placement=&quot;top&quot; data-toggle=&quot;tooltip&quot; id=&quot;commentedit-1-1-1-2&quot; onclick=&quot;showResponseCommentEditForm(1,1,1,2)&quot; style=&quot;display: none;&quot; title=&quot;&quot; type=&quot;button&quot;&gt;
                                             &lt;span class=&quot;glyphicon glyphicon-pencil glyphicon-primary&quot;&gt;
                                             &lt;/span&gt;
                                          &lt;/a&gt;
                                       &lt;/div&gt;
                                       &lt;div id=&quot;plainCommentText-1-1-1-2&quot; style=&quot;margin-left: 15px;&quot;&gt;
                                          Instructor 1 comment to student 1 self feedback
                                       &lt;/div&gt;
                                       &lt;form class=&quot;responseCommentEditForm&quot; id=&quot;responseCommentEditForm-1-1-1-2&quot; style=&quot;display: none;&quot;&gt;
                                          &lt;div class=&quot;form-group&quot;&gt;
                                             &lt;div class=&quot;form-group form-inline&quot;&gt;
                                                &lt;div class=&quot;form-group text-muted&quot;&gt;
                                                   You may change comment&#039;s
                                            visibility using the
                                            visibility options on the
                                            right hand side.
                                                &lt;/div&gt;
                                                &lt;a class=&quot;btn btn-sm btn-info pull-right&quot; id=&quot;frComment-visibility-options-trigger-1-1-1-2&quot; onclick=&quot;toggleVisibilityEditForm(1,1,1,2)&quot;&gt;
                                                   &lt;span class=&quot;glyphicon glyphicon-eye-close&quot;&gt;
                                                   &lt;/span&gt;
                                                   Show Visibility Options
                                                &lt;/a&gt;
                                             &lt;/div&gt;
                                             &lt;div class=&quot;panel panel-default&quot; id=&quot;visibility-options-1-1-1-2&quot; style=&quot;display: none;&quot;&gt;
                                                &lt;div class=&quot;panel-heading&quot;&gt;
                                                   Visibility
                                            Options
                                                &lt;/div&gt;
                                                &lt;table class=&quot;table text-center&quot; style=&quot;color: #000;&quot;&gt;
                                                   &lt;tbody&gt;
                                                      &lt;tr&gt;
                                                         &lt;th class=&quot;text-center&quot;&gt;
                                                            User/Group
                                                         &lt;/th&gt;
                                                         &lt;th class=&quot;text-center&quot;&gt;
                                                            Can
                                                        see your comment
                                                         &lt;/th&gt;
                                                         &lt;th class=&quot;text-center&quot;&gt;
                                                            Can
                                                        see your name
                                                         &lt;/th&gt;
                                                      &lt;/tr&gt;
                                                      &lt;tr id=&quot;response-giver-1-1-1-2&quot;&gt;
                                                         &lt;td class=&quot;text-left&quot;&gt;
                                                            &lt;div data-original-title=&quot;Control what response giver can view&quot; data-placement=&quot;top&quot; data-toggle=&quot;tooltip&quot; title=&quot;&quot;&gt;
                                                               Response
                                                            Giver
                                                            &lt;/div&gt;
                                                         &lt;/td&gt;
                                                         &lt;td&gt;
                                                            &lt;input class=&quot;visibilityCheckbox answerCheckbox centered&quot; name=&quot;receiverLeaderCheckbox&quot; type=&quot;checkbox&quot; value=&quot;GIVER&quot;/&gt;
                                                                                                                     &lt;/td&gt;
                                                         &lt;td&gt;
                                                            &lt;input class=&quot;visibilityCheckbox giverCheckbox&quot; type=&quot;checkbox&quot; value=&quot;GIVER&quot;/&gt;
                                                                                                                     &lt;/td&gt;
                                                      &lt;/tr&gt;
                                                      &lt;tr id=&quot;response-instructors-1-1-1-2&quot;&gt;
                                                         &lt;td class=&quot;text-left&quot;&gt;
                                                            &lt;div data-original-title=&quot;Control what instructors can view&quot; data-placement=&quot;top&quot; data-toggle=&quot;tooltip&quot; title=&quot;&quot;&gt;
                                                               Instructors
                                                            &lt;/div&gt;
                                                         &lt;/td&gt;
                                                         &lt;td&gt;
                                                            &lt;input class=&quot;visibilityCheckbox answerCheckbox&quot; type=&quot;checkbox&quot; value=&quot;INSTRUCTORS&quot;/&gt;
                                                                                                                     &lt;/td&gt;
                                                         &lt;td&gt;
                                                            &lt;input class=&quot;visibilityCheckbox giverCheckbox&quot; type=&quot;checkbox&quot; value=&quot;INSTRUCTORS&quot;/&gt;
                                                                                                                     &lt;/td&gt;
                                                      &lt;/tr&gt;
                                                   &lt;/tbody&gt;
                                                &lt;/table&gt;
                                             &lt;/div&gt;
                                             &lt;textarea class=&quot;form-control&quot; id=&quot;responsecommenttext-1-1-1-2&quot; name=&quot;responsecommenttext&quot; placeholder=&quot;Your comment about this response&quot; rows=&quot;3&quot;&gt;
                                                Instructor 1 comment to student 1 self feedback
                                             &lt;/textarea&gt;
                                          &lt;/div&gt;
                                          &lt;div class=&quot;col-sm-offset-5&quot;&gt;
                                             &lt;a class=&quot;btn btn-primary&quot; href=&quot;/page/instructorFeedbackResponseCommentEdit&quot; id=&quot;button_save_comment_for_edit-1-1-1-2&quot;&gt;
                                                Save
                                             &lt;/a&gt;
                                             &lt;input class=&quot;btn btn-default&quot; onclick=&quot;return hideResponseCommentEditForm(1,1,1,2);&quot; type=&quot;button&quot; value=&quot;Cancel&quot;/&gt;
                                                                                       &lt;/div&gt;
                                          &lt;input name=&quot;responseid&quot; type=&quot;hidden&quot; value=&quot;{*}&quot;/&gt;
                                                                                    &lt;input name=&quot;responsecommentid&quot; type=&quot;hidden&quot; value=&quot;{*}&quot;/&gt;
                                                                                    &lt;input name=&quot;courseid&quot; type=&quot;hidden&quot; value=&quot;comments.idOfTypicalCourse1&quot;/&gt;
                                                                                    &lt;input name=&quot;fsname&quot; type=&quot;hidden&quot; value=&quot;comments.First feedback session&quot;/&gt;
                                                                                    &lt;input name=&quot;user&quot; type=&quot;hidden&quot; value=&quot;comments.idOfInstructor1OfCourse1&quot;/&gt;
                                                                                    &lt;input name=&quot;showresponsecommentsto&quot; type=&quot;hidden&quot; value=&quot;&quot;/&gt;
                                                                                    &lt;input name=&quot;showresponsegiverto&quot; type=&quot;hidden&quot; value=&quot;&quot;/&gt;
                                                                                 &lt;/form&gt;
                                    &lt;/li&gt;
                                    &lt;li class=&quot;list-group-item list-group-item-warning&quot; id=&quot;showResponseCommentAddForm-1-1-1&quot; style=&quot;display: none;&quot;&gt;
                                       &lt;form class=&quot;responseCommentAddForm&quot;&gt;
                                          &lt;div class=&quot;form-group&quot;&gt;
                                             &lt;div class=&quot;form-group form-inline&quot;&gt;
                                                &lt;div class=&quot;form-group text-muted&quot;&gt;
                                                   You may change comment&#039;s
                                            visibility using the
                                            visibility options on the
                                            right hand side.
                                                &lt;/div&gt;
                                                &lt;a class=&quot;btn btn-sm btn-info pull-right&quot; id=&quot;frComment-visibility-options-trigger-1-1-1&quot; onclick=&quot;toggleVisibilityEditForm(1,1,1)&quot;&gt;
                                                   &lt;span class=&quot;glyphicon glyphicon-eye-close&quot;&gt;
                                                   &lt;/span&gt;
                                                   Show Visibility Options
                                                &lt;/a&gt;
                                             &lt;/div&gt;
                                             &lt;div class=&quot;panel panel-default&quot; id=&quot;visibility-options-1-1-1&quot; style=&quot;display: none;&quot;&gt;
                                                &lt;div class=&quot;panel-heading&quot;&gt;
                                                   Visibility
                                            Options
                                                &lt;/div&gt;
                                                &lt;table class=&quot;table text-center&quot; style=&quot;color: #000;&quot;&gt;
                                                   &lt;tbody&gt;
                                                      &lt;tr&gt;
                                                         &lt;th class=&quot;text-center&quot;&gt;
                                                            User/Group
                                                         &lt;/th&gt;
                                                         &lt;th class=&quot;text-center&quot;&gt;
                                                            Can
                                                        see your comment
                                                         &lt;/th&gt;
                                                         &lt;th class=&quot;text-center&quot;&gt;
                                                            Can
                                                        see your name
                                                         &lt;/th&gt;
                                                      &lt;/tr&gt;
                                                      &lt;tr id=&quot;response-giver-1-1-1&quot;&gt;
                                                         &lt;td class=&quot;text-left&quot;&gt;
                                                            &lt;div data-original-title=&quot;Control what response giver can view&quot; data-placement=&quot;top&quot; data-toggle=&quot;tooltip&quot; title=&quot;&quot;&gt;
                                                               Response
                                                            Giver
                                                            &lt;/div&gt;
                                                         &lt;/td&gt;
                                                         &lt;td&gt;
                                                            &lt;input checked=&quot;checked&quot; class=&quot;visibilityCheckbox answerCheckbox centered&quot; name=&quot;receiverLeaderCheckbox&quot; type=&quot;checkbox&quot; value=&quot;GIVER&quot;/&gt;
                                                                                                                     &lt;/td&gt;
                                                         &lt;td&gt;
                                                            &lt;input checked=&quot;checked&quot; class=&quot;visibilityCheckbox giverCheckbox&quot; type=&quot;checkbox&quot; value=&quot;GIVER&quot;/&gt;
                                                                                                                     &lt;/td&gt;
                                                      &lt;/tr&gt;
                                                      &lt;tr id=&quot;response-instructors-1-1-1&quot;&gt;
                                                         &lt;td class=&quot;text-left&quot;&gt;
                                                            &lt;div data-original-title=&quot;Control what instructors can view&quot; data-placement=&quot;top&quot; data-toggle=&quot;tooltip&quot; title=&quot;&quot;&gt;
                                                               Instructors
                                                            &lt;/div&gt;
                                                         &lt;/td&gt;
                                                         &lt;td&gt;
                                                            &lt;input checked=&quot;checked&quot; class=&quot;visibilityCheckbox answerCheckbox&quot; type=&quot;checkbox&quot; value=&quot;INSTRUCTORS&quot;/&gt;
                                                                                                                     &lt;/td&gt;
                                                         &lt;td&gt;
                                                            &lt;input checked=&quot;checked&quot; class=&quot;visibilityCheckbox giverCheckbox&quot; type=&quot;checkbox&quot; value=&quot;INSTRUCTORS&quot;/&gt;
                                                                                                                     &lt;/td&gt;
                                                      &lt;/tr&gt;
                                                   &lt;/tbody&gt;
                                                &lt;/table&gt;
                                             &lt;/div&gt;
                                             &lt;textarea class=&quot;form-control&quot; id=&quot;responseCommentAddForm-1-1-1&quot; name=&quot;responsecommenttext&quot; placeholder=&quot;Your comment about this response&quot; rows=&quot;3&quot;&gt;
                                             &lt;/textarea&gt;
                                          &lt;/div&gt;
                                          &lt;div class=&quot;col-sm-offset-5&quot;&gt;
                                             &lt;a class=&quot;btn btn-primary&quot; href=&quot;/page/instructorFeedbackResponseCommentAdd&quot; id=&quot;button_save_comment_for_add-1-1-1&quot;&gt;
                                                Save
                                             &lt;/a&gt;
                                             &lt;input class=&quot;btn btn-default&quot; onclick=&quot;hideResponseCommentAddForm(1,1,1)&quot; type=&quot;button&quot; value=&quot;Cancel&quot;/&gt;
                                                                                          &lt;input name=&quot;courseid&quot; type=&quot;hidden&quot; value=&quot;comments.idOfTypicalCourse1&quot;/&gt;
                                                                                          &lt;input name=&quot;fsname&quot; type=&quot;hidden&quot; value=&quot;comments.First feedback session&quot;/&gt;
                                                                                          &lt;input name=&quot;questionid&quot; type=&quot;hidden&quot; value=&quot;{*}&quot;/&gt;
                                                                                          &lt;input name=&quot;responseid&quot; type=&quot;hidden&quot; value=&quot;{*}&quot;/&gt;
                                                                                          &lt;input name=&quot;user&quot; type=&quot;hidden&quot; value=&quot;comments.idOfInstructor1OfCourse1&quot;/&gt;
                                                                                          &lt;input name=&quot;showresponsecommentsto&quot; type=&quot;hidden&quot; value=&quot;GIVER,INSTRUCTORS&quot;/&gt;
                                                                                          &lt;input name=&quot;showresponsegiverto&quot; type=&quot;hidden&quot; value=&quot;GIVER,INSTRUCTORS&quot;/&gt;
                                                                                       &lt;/div&gt;
                                       &lt;/form&gt;
                                    &lt;/li&gt;
                                 &lt;/ul&gt;
                              &lt;/td&gt;
                           &lt;/tr&gt;
                        &lt;/tbody&gt;
                     &lt;/table&gt;
                  &lt;/div&gt;
                  &lt;div class=&quot;panel panel-info&quot;&gt;
                     &lt;div class=&quot;panel-heading&quot;&gt;
                        &lt;b&gt;
                           Question 2
                        &lt;/b&gt;
                        :
        Rate 1 other student&#039;s product
                     &lt;/div&gt;
                     &lt;table class=&quot;table&quot;&gt;
                        &lt;tbody&gt;
                           &lt;tr&gt;
                              &lt;td&gt;
                                 &lt;b&gt;
                                    From:
                                 &lt;/b&gt;
                                 student3 In Course1 (Team 1.2)
                                 &lt;b&gt;
                                    To:
                                 &lt;/b&gt;
                                 student2 In Course1 (Team 1.1)
                              &lt;/td&gt;
                           &lt;/tr&gt;
                           &lt;tr&gt;
                              &lt;td&gt;
                                 &lt;strong&gt;
                                    Response:
                                 &lt;/strong&gt;
                                 Response from student 3 &quot;to&quot; student 2.
Multiline test.
                              &lt;/td&gt;
                           &lt;/tr&gt;
                           &lt;tr class=&quot;active&quot;&gt;
                              &lt;td&gt;
                                 Comment(s):
                                 &lt;button class=&quot;btn btn-default btn-xs icon-button pull-right&quot; data-original-title=&quot;Add comment&quot; data-placement=&quot;top&quot; data-toggle=&quot;tooltip&quot; id=&quot;button_add_comment-1-2-1&quot; onclick=&quot;showResponseCommentAddForm(1,2,1)&quot; title=&quot;&quot; type=&quot;button&quot;&gt;
                                    &lt;span class=&quot;glyphicon glyphicon-comment glyphicon-primary&quot;&gt;
                                    &lt;/span&gt;
                                 &lt;/button&gt;
                              &lt;/td&gt;
                           &lt;/tr&gt;
                           &lt;tr&gt;
                              &lt;td&gt;
                                 &lt;ul class=&quot;list-group comments&quot; id=&quot;responseCommentTable-1-2-1&quot; style=&quot;&quot;&gt;
                                    &lt;li class=&quot;list-group-item list-group-item-warning giver_display-by-you status_display-private&quot; id=&quot;{*}&quot;&gt;
                                       &lt;div id=&quot;commentBar-1-2-1-1&quot;&gt;
                                          &lt;span class=&quot;text-muted&quot;&gt;
                                             From:
                                             &lt;b&gt;
                                                you
                                             &lt;/b&gt;
                                             [Mon Feb 01 23:59:00 UTC 2016]
                                          &lt;/span&gt;
                                          &lt;form class=&quot;responseCommentDeleteForm pull-right&quot;&gt;
                                             &lt;a class=&quot;btn btn-default btn-xs icon-button&quot; data-original-title=&quot;Delete this comment&quot; data-placement=&quot;top&quot; data-toggle=&quot;tooltip&quot; href=&quot;/page/instructorFeedbackResponseCommentDelete&quot; id=&quot;commentdelete-1-2-1-1&quot; style=&quot;display: none;&quot; title=&quot;&quot; type=&quot;button&quot;&gt;
                                                &lt;span class=&quot;glyphicon glyphicon-trash glyphicon-primary&quot;&gt;
                                                &lt;/span&gt;
                                             &lt;/a&gt;
                                             &lt;input name=&quot;responseid&quot; type=&quot;hidden&quot; value=&quot;{*}&quot;/&gt;
                                                                                          &lt;input name=&quot;responsecommentid&quot; type=&quot;hidden&quot; value=&quot;{*}&quot;/&gt;
                                                                                          &lt;input name=&quot;courseid&quot; type=&quot;hidden&quot; value=&quot;comments.idOfTypicalCourse1&quot;/&gt;
                                                                                          &lt;input name=&quot;fsname&quot; type=&quot;hidden&quot; value=&quot;comments.First feedback session&quot;/&gt;
                                                                                          &lt;input name=&quot;user&quot; type=&quot;hidden&quot; value=&quot;comments.idOfInstructor1OfCourse1&quot;/&gt;
                                                                                       &lt;/form&gt;
                                          &lt;a class=&quot;btn btn-default btn-xs icon-button pull-right&quot; data-original-title=&quot;Edit this comment&quot; data-placement=&quot;top&quot; data-toggle=&quot;tooltip&quot; id=&quot;commentedit-1-2-1-1&quot; onclick=&quot;showResponseCommentEditForm(1,2,1,1)&quot; style=&quot;display: none;&quot; title=&quot;&quot; type=&quot;button&quot;&gt;
                                             &lt;span class=&quot;glyphicon glyphicon-pencil glyphicon-primary&quot;&gt;
                                             &lt;/span&gt;
                                          &lt;/a&gt;
                                       &lt;/div&gt;
                                       &lt;div id=&quot;plainCommentText-1-2-1-1&quot; style=&quot;margin-left: 15px;&quot;&gt;
                                          Instructor 1 comment to feedback Question 2
                                       &lt;/div&gt;
                                       &lt;form class=&quot;responseCommentEditForm&quot; id=&quot;responseCommentEditForm-1-2-1-1&quot; style=&quot;display: none;&quot;&gt;
                                          &lt;div class=&quot;form-group&quot;&gt;
                                             &lt;div class=&quot;form-group form-inline&quot;&gt;
                                                &lt;div class=&quot;form-group text-muted&quot;&gt;
                                                   You may change comment&#039;s
                                            visibility using the
                                            visibility options on the
                                            right hand side.
                                                &lt;/div&gt;
                                                &lt;a class=&quot;btn btn-sm btn-info pull-right&quot; id=&quot;frComment-visibility-options-trigger-1-2-1-1&quot; onclick=&quot;toggleVisibilityEditForm(1,2,1,1)&quot;&gt;
                                                   &lt;span class=&quot;glyphicon glyphicon-eye-close&quot;&gt;
                                                   &lt;/span&gt;
                                                   Show Visibility Options
                                                &lt;/a&gt;
                                             &lt;/div&gt;
                                             &lt;div class=&quot;panel panel-default&quot; id=&quot;visibility-options-1-2-1-1&quot; style=&quot;display: none;&quot;&gt;
                                                &lt;div class=&quot;panel-heading&quot;&gt;
                                                   Visibility
                                            Options
                                                &lt;/div&gt;
                                                &lt;table class=&quot;table text-center&quot; style=&quot;color: #000;&quot;&gt;
                                                   &lt;tbody&gt;
                                                      &lt;tr&gt;
                                                         &lt;th class=&quot;text-center&quot;&gt;
                                                            User/Group
                                                         &lt;/th&gt;
                                                         &lt;th class=&quot;text-center&quot;&gt;
                                                            Can
                                                        see your comment
                                                         &lt;/th&gt;
                                                         &lt;th class=&quot;text-center&quot;&gt;
                                                            Can
                                                        see your name
                                                         &lt;/th&gt;
                                                      &lt;/tr&gt;
                                                      &lt;tr id=&quot;response-giver-1-2-1-1&quot;&gt;
                                                         &lt;td class=&quot;text-left&quot;&gt;
                                                            &lt;div data-original-title=&quot;Control what response giver can view&quot; data-placement=&quot;top&quot; data-toggle=&quot;tooltip&quot; title=&quot;&quot;&gt;
                                                               Response
                                                            Giver
                                                            &lt;/div&gt;
                                                         &lt;/td&gt;
                                                         &lt;td&gt;
                                                            &lt;input class=&quot;visibilityCheckbox answerCheckbox centered&quot; name=&quot;receiverLeaderCheckbox&quot; type=&quot;checkbox&quot; value=&quot;GIVER&quot;/&gt;
                                                                                                                     &lt;/td&gt;
                                                         &lt;td&gt;
                                                            &lt;input class=&quot;visibilityCheckbox giverCheckbox&quot; type=&quot;checkbox&quot; value=&quot;GIVER&quot;/&gt;
                                                                                                                     &lt;/td&gt;
                                                      &lt;/tr&gt;
                                                      &lt;tr id=&quot;response-recipient-1-2-1-1&quot;&gt;
                                                         &lt;td class=&quot;text-left&quot;&gt;
                                                            &lt;div data-original-title=&quot;Control what response recipient(s) can view&quot; data-placement=&quot;top&quot; data-toggle=&quot;tooltip&quot; title=&quot;&quot;&gt;
                                                               Response
                                                            Recipient(s)
                                                            &lt;/div&gt;
                                                         &lt;/td&gt;
                                                         &lt;td&gt;
                                                            &lt;input class=&quot;visibilityCheckbox answerCheckbox centered&quot; name=&quot;receiverLeaderCheckbox&quot; type=&quot;checkbox&quot; value=&quot;RECEIVER&quot;/&gt;
                                                                                                                     &lt;/td&gt;
                                                         &lt;td&gt;
                                                            &lt;input class=&quot;visibilityCheckbox giverCheckbox&quot; type=&quot;checkbox&quot; value=&quot;RECEIVER&quot;/&gt;
                                                                                                                     &lt;/td&gt;
                                                      &lt;/tr&gt;
                                                      &lt;tr id=&quot;response-recipient-team-1-2-1-1&quot;&gt;
                                                         &lt;td class=&quot;text-left&quot;&gt;
                                                            &lt;div data-original-title=&quot;Control what team members of response recipient(s) can view&quot; data-placement=&quot;top&quot; data-toggle=&quot;tooltip&quot; title=&quot;&quot;&gt;
                                                               Response
                                                            Recipient&#039;s
                                                            Team Members
                                                            &lt;/div&gt;
                                                         &lt;/td&gt;
                                                         &lt;td&gt;
                                                            &lt;input class=&quot;visibilityCheckbox answerCheckbox&quot; type=&quot;checkbox&quot; value=&quot;RECEIVER_TEAM_MEMBERS&quot;/&gt;
                                                                                                                     &lt;/td&gt;
                                                         &lt;td&gt;
                                                            &lt;input class=&quot;visibilityCheckbox giverCheckbox&quot; type=&quot;checkbox&quot; value=&quot;RECEIVER_TEAM_MEMBERS&quot;/&gt;
                                                                                                                     &lt;/td&gt;
                                                      &lt;/tr&gt;
                                                      &lt;tr id=&quot;response-students-1-2-1-1&quot;&gt;
                                                         &lt;td class=&quot;text-left&quot;&gt;
                                                            &lt;div data-original-title=&quot;Control what other students in this course can view&quot; data-placement=&quot;top&quot; data-toggle=&quot;tooltip&quot; title=&quot;&quot;&gt;
                                                               Other
                                                            students in
                                                            this course
                                                            &lt;/div&gt;
                                                         &lt;/td&gt;
                                                         &lt;td&gt;
                                                            &lt;input class=&quot;visibilityCheckbox answerCheckbox&quot; type=&quot;checkbox&quot; value=&quot;STUDENTS&quot;/&gt;
                                                                                                                     &lt;/td&gt;
                                                         &lt;td&gt;
                                                            &lt;input class=&quot;visibilityCheckbox giverCheckbox&quot; type=&quot;checkbox&quot; value=&quot;STUDENTS&quot;/&gt;
                                                                                                                     &lt;/td&gt;
                                                      &lt;/tr&gt;
                                                      &lt;tr id=&quot;response-instructors-1-2-1-1&quot;&gt;
                                                         &lt;td class=&quot;text-left&quot;&gt;
                                                            &lt;div data-original-title=&quot;Control what instructors can view&quot; data-placement=&quot;top&quot; data-toggle=&quot;tooltip&quot; title=&quot;&quot;&gt;
                                                               Instructors
                                                            &lt;/div&gt;
                                                         &lt;/td&gt;
                                                         &lt;td&gt;
                                                            &lt;input class=&quot;visibilityCheckbox answerCheckbox&quot; type=&quot;checkbox&quot; value=&quot;INSTRUCTORS&quot;/&gt;
                                                                                                                     &lt;/td&gt;
                                                         &lt;td&gt;
                                                            &lt;input class=&quot;visibilityCheckbox giverCheckbox&quot; type=&quot;checkbox&quot; value=&quot;INSTRUCTORS&quot;/&gt;
                                                                                                                     &lt;/td&gt;
                                                      &lt;/tr&gt;
                                                   &lt;/tbody&gt;
                                                &lt;/table&gt;
                                             &lt;/div&gt;
                                             &lt;textarea class=&quot;form-control&quot; id=&quot;responsecommenttext-1-2-1-1&quot; name=&quot;responsecommenttext&quot; placeholder=&quot;Your comment about this response&quot; rows=&quot;3&quot;&gt;
                                                Instructor 1 comment to feedback Question 2
                                             &lt;/textarea&gt;
                                          &lt;/div&gt;
                                          &lt;div class=&quot;col-sm-offset-5&quot;&gt;
                                             &lt;a class=&quot;btn btn-primary&quot; href=&quot;/page/instructorFeedbackResponseCommentEdit&quot; id=&quot;button_save_comment_for_edit-1-2-1-1&quot;&gt;
                                                Save
                                             &lt;/a&gt;
                                             &lt;input class=&quot;btn btn-default&quot; onclick=&quot;return hideResponseCommentEditForm(1,2,1,1);&quot; type=&quot;button&quot; value=&quot;Cancel&quot;/&gt;
                                                                                       &lt;/div&gt;
                                          &lt;input name=&quot;responseid&quot; type=&quot;hidden&quot; value=&quot;{*}&quot;/&gt;
                                                                                    &lt;input name=&quot;responsecommentid&quot; type=&quot;hidden&quot; value=&quot;{*}&quot;/&gt;
                                                                                    &lt;input name=&quot;courseid&quot; type=&quot;hidden&quot; value=&quot;comments.idOfTypicalCourse1&quot;/&gt;
                                                                                    &lt;input name=&quot;fsname&quot; type=&quot;hidden&quot; value=&quot;comments.First feedback session&quot;/&gt;
                                                                                    &lt;input name=&quot;user&quot; type=&quot;hidden&quot; value=&quot;comments.idOfInstructor1OfCourse1&quot;/&gt;
                                                                                    &lt;input name=&quot;showresponsecommentsto&quot; type=&quot;hidden&quot; value=&quot;&quot;/&gt;
                                                                                    &lt;input name=&quot;showresponsegiverto&quot; type=&quot;hidden&quot; value=&quot;&quot;/&gt;
                                                                                 &lt;/form&gt;
                                    &lt;/li&gt;
                                    &lt;li class=&quot;list-group-item list-group-item-warning giver_display-by-others status_display-public&quot; id=&quot;{*}&quot;&gt;
                                       &lt;div id=&quot;commentBar-1-2-1-2&quot;&gt;
                                          &lt;span class=&quot;text-muted&quot;&gt;
                                             From:
                                             &lt;b&gt;
                                                Anonymous
                                             &lt;/b&gt;
                                             [Tue Feb 02 23:59:00 UTC 2016]
                                          &lt;/span&gt;
                                          &lt;span class=&quot;glyphicon glyphicon-eye-open&quot; data-original-title=&quot;This response comment is visible to other students in this course, and instructors&quot; data-placement=&quot;top&quot; data-toggle=&quot;tooltip&quot; style=&quot;margin-left: 5px;&quot; title=&quot;&quot;&gt;
                                          &lt;/span&gt;
                                          &lt;form class=&quot;responseCommentDeleteForm pull-right&quot;&gt;
                                             &lt;a class=&quot;btn btn-default btn-xs icon-button&quot; data-original-title=&quot;Delete this comment&quot; data-placement=&quot;top&quot; data-toggle=&quot;tooltip&quot; href=&quot;/page/instructorFeedbackResponseCommentDelete&quot; id=&quot;commentdelete-1-2-1-2&quot; style=&quot;display: none;&quot; title=&quot;&quot; type=&quot;button&quot;&gt;
                                                &lt;span class=&quot;glyphicon glyphicon-trash glyphicon-primary&quot;&gt;
                                                &lt;/span&gt;
                                             &lt;/a&gt;
                                             &lt;input name=&quot;responseid&quot; type=&quot;hidden&quot; value=&quot;{*}&quot;/&gt;
                                                                                          &lt;input name=&quot;responsecommentid&quot; type=&quot;hidden&quot; value=&quot;{*}&quot;/&gt;
                                                                                          &lt;input name=&quot;courseid&quot; type=&quot;hidden&quot; value=&quot;comments.idOfTypicalCourse1&quot;/&gt;
                                                                                          &lt;input name=&quot;fsname&quot; type=&quot;hidden&quot; value=&quot;comments.First feedback session&quot;/&gt;
                                                                                          &lt;input name=&quot;user&quot; type=&quot;hidden&quot; value=&quot;comments.idOfInstructor1OfCourse1&quot;/&gt;
                                                                                       &lt;/form&gt;
                                          &lt;a class=&quot;btn btn-default btn-xs icon-button pull-right&quot; data-original-title=&quot;Edit this comment&quot; data-placement=&quot;top&quot; data-toggle=&quot;tooltip&quot; id=&quot;commentedit-1-2-1-2&quot; onclick=&quot;showResponseCommentEditForm(1,2,1,2)&quot; style=&quot;display: none;&quot; title=&quot;&quot; type=&quot;button&quot;&gt;
                                             &lt;span class=&quot;glyphicon glyphicon-pencil glyphicon-primary&quot;&gt;
                                             &lt;/span&gt;
                                          &lt;/a&gt;
                                       &lt;/div&gt;
                                       &lt;div id=&quot;plainCommentText-1-2-1-2&quot; style=&quot;margin-left: 15px;&quot;&gt;
                                          Anonymous comment to feedback Question 2
                                       &lt;/div&gt;
                                       &lt;form class=&quot;responseCommentEditForm&quot; id=&quot;responseCommentEditForm-1-2-1-2&quot; style=&quot;display: none;&quot;&gt;
                                          &lt;div class=&quot;form-group&quot;&gt;
                                             &lt;div class=&quot;form-group form-inline&quot;&gt;
                                                &lt;div class=&quot;form-group text-muted&quot;&gt;
                                                   You may change comment&#039;s
                                            visibility using the
                                            visibility options on the
                                            right hand side.
                                                &lt;/div&gt;
                                                &lt;a class=&quot;btn btn-sm btn-info pull-right&quot; id=&quot;frComment-visibility-options-trigger-1-2-1-2&quot; onclick=&quot;toggleVisibilityEditForm(1,2,1,2)&quot;&gt;
                                                   &lt;span class=&quot;glyphicon glyphicon-eye-close&quot;&gt;
                                                   &lt;/span&gt;
                                                   Show Visibility Options
                                                &lt;/a&gt;
                                             &lt;/div&gt;
                                             &lt;div class=&quot;panel panel-default&quot; id=&quot;visibility-options-1-2-1-2&quot; style=&quot;display: none;&quot;&gt;
                                                &lt;div class=&quot;panel-heading&quot;&gt;
                                                   Visibility
                                            Options
                                                &lt;/div&gt;
                                                &lt;table class=&quot;table text-center&quot; style=&quot;color: #000;&quot;&gt;
                                                   &lt;tbody&gt;
                                                      &lt;tr&gt;
                                                         &lt;th class=&quot;text-center&quot;&gt;
                                                            User/Group
                                                         &lt;/th&gt;
                                                         &lt;th class=&quot;text-center&quot;&gt;
                                                            Can
                                                        see your comment
                                                         &lt;/th&gt;
                                                         &lt;th class=&quot;text-center&quot;&gt;
                                                            Can
                                                        see your name
                                                         &lt;/th&gt;
                                                      &lt;/tr&gt;
                                                      &lt;tr id=&quot;response-giver-1-2-1-2&quot;&gt;
                                                         &lt;td class=&quot;text-left&quot;&gt;
                                                            &lt;div data-original-title=&quot;Control what response giver can view&quot; data-placement=&quot;top&quot; data-toggle=&quot;tooltip&quot; title=&quot;&quot;&gt;
                                                               Response
                                                            Giver
                                                            &lt;/div&gt;
                                                         &lt;/td&gt;
                                                         &lt;td&gt;
                                                            &lt;input class=&quot;visibilityCheckbox answerCheckbox centered&quot; name=&quot;receiverLeaderCheckbox&quot; type=&quot;checkbox&quot; value=&quot;GIVER&quot;/&gt;
                                                                                                                     &lt;/td&gt;
                                                         &lt;td&gt;
                                                            &lt;input class=&quot;visibilityCheckbox giverCheckbox&quot; type=&quot;checkbox&quot; value=&quot;GIVER&quot;/&gt;
                                                                                                                     &lt;/td&gt;
                                                      &lt;/tr&gt;
                                                      &lt;tr id=&quot;response-recipient-1-2-1-2&quot;&gt;
                                                         &lt;td class=&quot;text-left&quot;&gt;
                                                            &lt;div data-original-title=&quot;Control what response recipient(s) can view&quot; data-placement=&quot;top&quot; data-toggle=&quot;tooltip&quot; title=&quot;&quot;&gt;
                                                               Response
                                                            Recipient(s)
                                                            &lt;/div&gt;
                                                         &lt;/td&gt;
                                                         &lt;td&gt;
                                                            &lt;input class=&quot;visibilityCheckbox answerCheckbox centered&quot; name=&quot;receiverLeaderCheckbox&quot; type=&quot;checkbox&quot; value=&quot;RECEIVER&quot;/&gt;
                                                                                                                     &lt;/td&gt;
                                                         &lt;td&gt;
                                                            &lt;input class=&quot;visibilityCheckbox giverCheckbox&quot; type=&quot;checkbox&quot; value=&quot;RECEIVER&quot;/&gt;
                                                                                                                     &lt;/td&gt;
                                                      &lt;/tr&gt;
                                                      &lt;tr id=&quot;response-recipient-team-1-2-1-2&quot;&gt;
                                                         &lt;td class=&quot;text-left&quot;&gt;
                                                            &lt;div data-original-title=&quot;Control what team members of response recipient(s) can view&quot; data-placement=&quot;top&quot; data-toggle=&quot;tooltip&quot; title=&quot;&quot;&gt;
                                                               Response
                                                            Recipient&#039;s
                                                            Team Members
                                                            &lt;/div&gt;
                                                         &lt;/td&gt;
                                                         &lt;td&gt;
                                                            &lt;input class=&quot;visibilityCheckbox answerCheckbox&quot; type=&quot;checkbox&quot; value=&quot;RECEIVER_TEAM_MEMBERS&quot;/&gt;
                                                                                                                     &lt;/td&gt;
                                                         &lt;td&gt;
                                                            &lt;input class=&quot;visibilityCheckbox giverCheckbox&quot; type=&quot;checkbox&quot; value=&quot;RECEIVER_TEAM_MEMBERS&quot;/&gt;
                                                                                                                     &lt;/td&gt;
                                                      &lt;/tr&gt;
                                                      &lt;tr id=&quot;response-students-1-2-1-2&quot;&gt;
                                                         &lt;td class=&quot;text-left&quot;&gt;
                                                            &lt;div data-original-title=&quot;Control what other students in this course can view&quot; data-placement=&quot;top&quot; data-toggle=&quot;tooltip&quot; title=&quot;&quot;&gt;
                                                               Other
                                                            students in
                                                            this course
                                                            &lt;/div&gt;
                                                         &lt;/td&gt;
                                                         &lt;td&gt;
                                                            &lt;input checked=&quot;checked&quot; class=&quot;visibilityCheckbox answerCheckbox&quot; type=&quot;checkbox&quot; value=&quot;STUDENTS&quot;/&gt;
                                                                                                                     &lt;/td&gt;
                                                         &lt;td&gt;
                                                            &lt;input class=&quot;visibilityCheckbox giverCheckbox&quot; type=&quot;checkbox&quot; value=&quot;STUDENTS&quot;/&gt;
                                                                                                                     &lt;/td&gt;
                                                      &lt;/tr&gt;
                                                      &lt;tr id=&quot;response-instructors-1-2-1-2&quot;&gt;
                                                         &lt;td class=&quot;text-left&quot;&gt;
                                                            &lt;div data-original-title=&quot;Control what instructors can view&quot; data-placement=&quot;top&quot; data-toggle=&quot;tooltip&quot; title=&quot;&quot;&gt;
                                                               Instructors
                                                            &lt;/div&gt;
                                                         &lt;/td&gt;
                                                         &lt;td&gt;
                                                            &lt;input checked=&quot;checked&quot; class=&quot;visibilityCheckbox answerCheckbox&quot; type=&quot;checkbox&quot; value=&quot;INSTRUCTORS&quot;/&gt;
                                                                                                                     &lt;/td&gt;
                                                         &lt;td&gt;
                                                            &lt;input class=&quot;visibilityCheckbox giverCheckbox&quot; type=&quot;checkbox&quot; value=&quot;INSTRUCTORS&quot;/&gt;
                                                                                                                     &lt;/td&gt;
                                                      &lt;/tr&gt;
                                                   &lt;/tbody&gt;
                                                &lt;/table&gt;
                                             &lt;/div&gt;
                                             &lt;textarea class=&quot;form-control&quot; id=&quot;responsecommenttext-1-2-1-2&quot; name=&quot;responsecommenttext&quot; placeholder=&quot;Your comment about this response&quot; rows=&quot;3&quot;&gt;
                                                Anonymous comment to feedback Question 2
                                             &lt;/textarea&gt;
                                          &lt;/div&gt;
                                          &lt;div class=&quot;col-sm-offset-5&quot;&gt;
                                             &lt;a class=&quot;btn btn-primary&quot; href=&quot;/page/instructorFeedbackResponseCommentEdit&quot; id=&quot;button_save_comment_for_edit-1-2-1-2&quot;&gt;
                                                Save
                                             &lt;/a&gt;
                                             &lt;input class=&quot;btn btn-default&quot; onclick=&quot;return hideResponseCommentEditForm(1,2,1,2);&quot; type=&quot;button&quot; value=&quot;Cancel&quot;/&gt;
                                                                                       &lt;/div&gt;
                                          &lt;input name=&quot;responseid&quot; type=&quot;hidden&quot; value=&quot;{*}&quot;/&gt;
                                                                                    &lt;input name=&quot;responsecommentid&quot; type=&quot;hidden&quot; value=&quot;{*}&quot;/&gt;
                                                                                    &lt;input name=&quot;courseid&quot; type=&quot;hidden&quot; value=&quot;comments.idOfTypicalCourse1&quot;/&gt;
                                                                                    &lt;input name=&quot;fsname&quot; type=&quot;hidden&quot; value=&quot;comments.First feedback session&quot;/&gt;
                                                                                    &lt;input name=&quot;user&quot; type=&quot;hidden&quot; value=&quot;comments.idOfInstructor1OfCourse1&quot;/&gt;
                                                                                    &lt;input name=&quot;showresponsecommentsto&quot; type=&quot;hidden&quot; value=&quot;STUDENTS, INSTRUCTORS&quot;/&gt;
                                                                                    &lt;input name=&quot;showresponsegiverto&quot; type=&quot;hidden&quot; value=&quot;&quot;/&gt;
                                                                                 &lt;/form&gt;
                                    &lt;/li&gt;
                                    &lt;li class=&quot;list-group-item list-group-item-warning giver_display-by-others status_display-public&quot; id=&quot;{*}&quot;&gt;
                                       &lt;div id=&quot;commentBar-1-2-1-3&quot;&gt;
                                          &lt;span class=&quot;text-muted&quot;&gt;
                                             From:
                                             &lt;b&gt;
                                                Instructor2 Course1
                                             &lt;/b&gt;
                                             [Wed Feb 03 23:59:00 UTC 2016]
                                          &lt;/span&gt;
                                          &lt;span class=&quot;glyphicon glyphicon-eye-open&quot; data-original-title=&quot;This response comment is visible to response giver, response recipient, other students in this course, and instructors&quot; data-placement=&quot;top&quot; data-toggle=&quot;tooltip&quot; style=&quot;margin-left: 5px;&quot; title=&quot;&quot;&gt;
                                          &lt;/span&gt;
                                          &lt;form class=&quot;responseCommentDeleteForm pull-right&quot;&gt;
                                             &lt;a class=&quot;btn btn-default btn-xs icon-button&quot; data-original-title=&quot;Delete this comment&quot; data-placement=&quot;top&quot; data-toggle=&quot;tooltip&quot; href=&quot;/page/instructorFeedbackResponseCommentDelete&quot; id=&quot;commentdelete-1-2-1-3&quot; style=&quot;display: none;&quot; title=&quot;&quot; type=&quot;button&quot;&gt;
                                                &lt;span class=&quot;glyphicon glyphicon-trash glyphicon-primary&quot;&gt;
                                                &lt;/span&gt;
                                             &lt;/a&gt;
                                             &lt;input name=&quot;responseid&quot; type=&quot;hidden&quot; value=&quot;{*}&quot;/&gt;
                                                                                          &lt;input name=&quot;responsecommentid&quot; type=&quot;hidden&quot; value=&quot;{*}&quot;/&gt;
                                                                                          &lt;input name=&quot;courseid&quot; type=&quot;hidden&quot; value=&quot;comments.idOfTypicalCourse1&quot;/&gt;
                                                                                          &lt;input name=&quot;fsname&quot; type=&quot;hidden&quot; value=&quot;comments.First feedback session&quot;/&gt;
                                                                                          &lt;input name=&quot;user&quot; type=&quot;hidden&quot; value=&quot;comments.idOfInstructor1OfCourse1&quot;/&gt;
                                                                                       &lt;/form&gt;
                                          &lt;a class=&quot;btn btn-default btn-xs icon-button pull-right&quot; data-original-title=&quot;Edit this comment&quot; data-placement=&quot;top&quot; data-toggle=&quot;tooltip&quot; id=&quot;commentedit-1-2-1-3&quot; onclick=&quot;showResponseCommentEditForm(1,2,1,3)&quot; style=&quot;display: none;&quot; title=&quot;&quot; type=&quot;button&quot;&gt;
                                             &lt;span class=&quot;glyphicon glyphicon-pencil glyphicon-primary&quot;&gt;
                                             &lt;/span&gt;
                                          &lt;/a&gt;
                                       &lt;/div&gt;
                                       &lt;div id=&quot;plainCommentText-1-2-1-3&quot; style=&quot;margin-left: 15px;&quot;&gt;
                                          Instructor 2 comment to feedback Question 2 (Student 3 see this as anonymous comment)
                                       &lt;/div&gt;
                                       &lt;form class=&quot;responseCommentEditForm&quot; id=&quot;responseCommentEditForm-1-2-1-3&quot; style=&quot;display: none;&quot;&gt;
                                          &lt;div class=&quot;form-group&quot;&gt;
                                             &lt;div class=&quot;form-group form-inline&quot;&gt;
                                                &lt;div class=&quot;form-group text-muted&quot;&gt;
                                                   You may change comment&#039;s
                                            visibility using the
                                            visibility options on the
                                            right hand side.
                                                &lt;/div&gt;
                                                &lt;a class=&quot;btn btn-sm btn-info pull-right&quot; id=&quot;frComment-visibility-options-trigger-1-2-1-3&quot; onclick=&quot;toggleVisibilityEditForm(1,2,1,3)&quot;&gt;
                                                   &lt;span class=&quot;glyphicon glyphicon-eye-close&quot;&gt;
                                                   &lt;/span&gt;
                                                   Show Visibility Options
                                                &lt;/a&gt;
                                             &lt;/div&gt;
                                             &lt;div class=&quot;panel panel-default&quot; id=&quot;visibility-options-1-2-1-3&quot; style=&quot;display: none;&quot;&gt;
                                                &lt;div class=&quot;panel-heading&quot;&gt;
                                                   Visibility
                                            Options
                                                &lt;/div&gt;
                                                &lt;table class=&quot;table text-center&quot; style=&quot;color: #000;&quot;&gt;
                                                   &lt;tbody&gt;
                                                      &lt;tr&gt;
                                                         &lt;th class=&quot;text-center&quot;&gt;
                                                            User/Group
                                                         &lt;/th&gt;
                                                         &lt;th class=&quot;text-center&quot;&gt;
                                                            Can
                                                        see your comment
                                                         &lt;/th&gt;
                                                         &lt;th class=&quot;text-center&quot;&gt;
                                                            Can
                                                        see your name
                                                         &lt;/th&gt;
                                                      &lt;/tr&gt;
                                                      &lt;tr id=&quot;response-giver-1-2-1-3&quot;&gt;
                                                         &lt;td class=&quot;text-left&quot;&gt;
                                                            &lt;div data-original-title=&quot;Control what response giver can view&quot; data-placement=&quot;top&quot; data-toggle=&quot;tooltip&quot; title=&quot;&quot;&gt;
                                                               Response
                                                            Giver
                                                            &lt;/div&gt;
                                                         &lt;/td&gt;
                                                         &lt;td&gt;
                                                            &lt;input checked=&quot;checked&quot; class=&quot;visibilityCheckbox answerCheckbox centered&quot; name=&quot;receiverLeaderCheckbox&quot; type=&quot;checkbox&quot; value=&quot;GIVER&quot;/&gt;
                                                                                                                     &lt;/td&gt;
                                                         &lt;td&gt;
                                                            &lt;input class=&quot;visibilityCheckbox giverCheckbox&quot; type=&quot;checkbox&quot; value=&quot;GIVER&quot;/&gt;
                                                                                                                     &lt;/td&gt;
                                                      &lt;/tr&gt;
                                                      &lt;tr id=&quot;response-recipient-1-2-1-3&quot;&gt;
                                                         &lt;td class=&quot;text-left&quot;&gt;
                                                            &lt;div data-original-title=&quot;Control what response recipient(s) can view&quot; data-placement=&quot;top&quot; data-toggle=&quot;tooltip&quot; title=&quot;&quot;&gt;
                                                               Response
                                                            Recipient(s)
                                                            &lt;/div&gt;
                                                         &lt;/td&gt;
                                                         &lt;td&gt;
                                                            &lt;input checked=&quot;checked&quot; class=&quot;visibilityCheckbox answerCheckbox centered&quot; name=&quot;receiverLeaderCheckbox&quot; type=&quot;checkbox&quot; value=&quot;RECEIVER&quot;/&gt;
                                                                                                                     &lt;/td&gt;
                                                         &lt;td&gt;
                                                            &lt;input class=&quot;visibilityCheckbox giverCheckbox&quot; type=&quot;checkbox&quot; value=&quot;RECEIVER&quot;/&gt;
                                                                                                                     &lt;/td&gt;
                                                      &lt;/tr&gt;
                                                      &lt;tr id=&quot;response-recipient-team-1-2-1-3&quot;&gt;
                                                         &lt;td class=&quot;text-left&quot;&gt;
                                                            &lt;div data-original-title=&quot;Control what team members of response recipient(s) can view&quot; data-placement=&quot;top&quot; data-toggle=&quot;tooltip&quot; title=&quot;&quot;&gt;
                                                               Response
                                                            Recipient&#039;s
                                                            Team Members
                                                            &lt;/div&gt;
                                                         &lt;/td&gt;
                                                         &lt;td&gt;
                                                            &lt;input class=&quot;visibilityCheckbox answerCheckbox&quot; type=&quot;checkbox&quot; value=&quot;RECEIVER_TEAM_MEMBERS&quot;/&gt;
                                                                                                                     &lt;/td&gt;
                                                         &lt;td&gt;
                                                            &lt;input checked=&quot;checked&quot; class=&quot;visibilityCheckbox giverCheckbox&quot; type=&quot;checkbox&quot; value=&quot;RECEIVER_TEAM_MEMBERS&quot;/&gt;
                                                                                                                     &lt;/td&gt;
                                                      &lt;/tr&gt;
                                                      &lt;tr id=&quot;response-students-1-2-1-3&quot;&gt;
                                                         &lt;td class=&quot;text-left&quot;&gt;
                                                            &lt;div data-original-title=&quot;Control what other students in this course can view&quot; data-placement=&quot;top&quot; data-toggle=&quot;tooltip&quot; title=&quot;&quot;&gt;
                                                               Other
                                                            students in
                                                            this course
                                                            &lt;/div&gt;
                                                         &lt;/td&gt;
                                                         &lt;td&gt;
                                                            &lt;input checked=&quot;checked&quot; class=&quot;visibilityCheckbox answerCheckbox&quot; type=&quot;checkbox&quot; value=&quot;STUDENTS&quot;/&gt;
                                                                                                                     &lt;/td&gt;
                                                         &lt;td&gt;
                                                            &lt;input class=&quot;visibilityCheckbox giverCheckbox&quot; type=&quot;checkbox&quot; value=&quot;STUDENTS&quot;/&gt;
                                                                                                                     &lt;/td&gt;
                                                      &lt;/tr&gt;
                                                      &lt;tr id=&quot;response-instructors-1-2-1-3&quot;&gt;
                                                         &lt;td class=&quot;text-left&quot;&gt;
                                                            &lt;div data-original-title=&quot;Control what instructors can view&quot; data-placement=&quot;top&quot; data-toggle=&quot;tooltip&quot; title=&quot;&quot;&gt;
                                                               Instructors
                                                            &lt;/div&gt;
                                                         &lt;/td&gt;
                                                         &lt;td&gt;
                                                            &lt;input checked=&quot;checked&quot; class=&quot;visibilityCheckbox answerCheckbox&quot; type=&quot;checkbox&quot; value=&quot;INSTRUCTORS&quot;/&gt;
                                                                                                                     &lt;/td&gt;
                                                         &lt;td&gt;
                                                            &lt;input checked=&quot;checked&quot; class=&quot;visibilityCheckbox giverCheckbox&quot; type=&quot;checkbox&quot; value=&quot;INSTRUCTORS&quot;/&gt;
                                                                                                                     &lt;/td&gt;
                                                      &lt;/tr&gt;
                                                   &lt;/tbody&gt;
                                                &lt;/table&gt;
                                             &lt;/div&gt;
                                             &lt;textarea class=&quot;form-control&quot; id=&quot;responsecommenttext-1-2-1-3&quot; name=&quot;responsecommenttext&quot; placeholder=&quot;Your comment about this response&quot; rows=&quot;3&quot;&gt;
                                                Instructor 2 comment to feedback Question 2 (Student 3 see this as anonymous comment)
                                             &lt;/textarea&gt;
                                          &lt;/div&gt;
                                          &lt;div class=&quot;col-sm-offset-5&quot;&gt;
                                             &lt;a class=&quot;btn btn-primary&quot; href=&quot;/page/instructorFeedbackResponseCommentEdit&quot; id=&quot;button_save_comment_for_edit-1-2-1-3&quot;&gt;
                                                Save
                                             &lt;/a&gt;
                                             &lt;input class=&quot;btn btn-default&quot; onclick=&quot;return hideResponseCommentEditForm(1,2,1,3);&quot; type=&quot;button&quot; value=&quot;Cancel&quot;/&gt;
                                                                                       &lt;/div&gt;
                                          &lt;input name=&quot;responseid&quot; type=&quot;hidden&quot; value=&quot;{*}&quot;/&gt;
                                                                                    &lt;input name=&quot;responsecommentid&quot; type=&quot;hidden&quot; value=&quot;{*}&quot;/&gt;
                                                                                    &lt;input name=&quot;courseid&quot; type=&quot;hidden&quot; value=&quot;comments.idOfTypicalCourse1&quot;/&gt;
                                                                                    &lt;input name=&quot;fsname&quot; type=&quot;hidden&quot; value=&quot;comments.First feedback session&quot;/&gt;
                                                                                    &lt;input name=&quot;user&quot; type=&quot;hidden&quot; value=&quot;comments.idOfInstructor1OfCourse1&quot;/&gt;
                                                                                    &lt;input name=&quot;showresponsecommentsto&quot; type=&quot;hidden&quot; value=&quot;GIVER, RECEIVER, STUDENTS, INSTRUCTORS&quot;/&gt;
                                                                                    &lt;input name=&quot;showresponsegiverto&quot; type=&quot;hidden&quot; value=&quot;INSTRUCTORS, RECEIVER_TEAM_MEMBERS&quot;/&gt;
                                                                                 &lt;/form&gt;
                                    &lt;/li&gt;
                                    &lt;li class=&quot;list-group-item list-group-item-warning&quot; id=&quot;showResponseCommentAddForm-1-2-1&quot; style=&quot;display: none;&quot;&gt;
                                       &lt;form class=&quot;responseCommentAddForm&quot;&gt;
                                          &lt;div class=&quot;form-group&quot;&gt;
                                             &lt;div class=&quot;form-group form-inline&quot;&gt;
                                                &lt;div class=&quot;form-group text-muted&quot;&gt;
                                                   You may change comment&#039;s
                                            visibility using the
                                            visibility options on the
                                            right hand side.
                                                &lt;/div&gt;
                                                &lt;a class=&quot;btn btn-sm btn-info pull-right&quot; id=&quot;frComment-visibility-options-trigger-1-2-1&quot; onclick=&quot;toggleVisibilityEditForm(1,2,1)&quot;&gt;
                                                   &lt;span class=&quot;glyphicon glyphicon-eye-close&quot;&gt;
                                                   &lt;/span&gt;
                                                   Show Visibility Options
                                                &lt;/a&gt;
                                             &lt;/div&gt;
                                             &lt;div class=&quot;panel panel-default&quot; id=&quot;visibility-options-1-2-1&quot; style=&quot;display: none;&quot;&gt;
                                                &lt;div class=&quot;panel-heading&quot;&gt;
                                                   Visibility
                                            Options
                                                &lt;/div&gt;
                                                &lt;table class=&quot;table text-center&quot; style=&quot;color: #000;&quot;&gt;
                                                   &lt;tbody&gt;
                                                      &lt;tr&gt;
                                                         &lt;th class=&quot;text-center&quot;&gt;
                                                            User/Group
                                                         &lt;/th&gt;
                                                         &lt;th class=&quot;text-center&quot;&gt;
                                                            Can
                                                        see your comment
                                                         &lt;/th&gt;
                                                         &lt;th class=&quot;text-center&quot;&gt;
                                                            Can
                                                        see your name
                                                         &lt;/th&gt;
                                                      &lt;/tr&gt;
                                                      &lt;tr id=&quot;response-giver-1-2-1&quot;&gt;
                                                         &lt;td class=&quot;text-left&quot;&gt;
                                                            &lt;div data-original-title=&quot;Control what response giver can view&quot; data-placement=&quot;top&quot; data-toggle=&quot;tooltip&quot; title=&quot;&quot;&gt;
                                                               Response
                                                            Giver
                                                            &lt;/div&gt;
                                                         &lt;/td&gt;
                                                         &lt;td&gt;
                                                            &lt;input checked=&quot;checked&quot; class=&quot;visibilityCheckbox answerCheckbox centered&quot; name=&quot;receiverLeaderCheckbox&quot; type=&quot;checkbox&quot; value=&quot;GIVER&quot;/&gt;
                                                                                                                     &lt;/td&gt;
                                                         &lt;td&gt;
                                                            &lt;input checked=&quot;checked&quot; class=&quot;visibilityCheckbox giverCheckbox&quot; type=&quot;checkbox&quot; value=&quot;GIVER&quot;/&gt;
                                                                                                                     &lt;/td&gt;
                                                      &lt;/tr&gt;
                                                      &lt;tr id=&quot;response-recipient-1-2-1&quot;&gt;
                                                         &lt;td class=&quot;text-left&quot;&gt;
                                                            &lt;div data-original-title=&quot;Control what response recipient(s) can view&quot; data-placement=&quot;top&quot; data-toggle=&quot;tooltip&quot; title=&quot;&quot;&gt;
                                                               Response
                                                            Recipient(s)
                                                            &lt;/div&gt;
                                                         &lt;/td&gt;
                                                         &lt;td&gt;
                                                            &lt;input checked=&quot;checked&quot; class=&quot;visibilityCheckbox answerCheckbox centered&quot; name=&quot;receiverLeaderCheckbox&quot; type=&quot;checkbox&quot; value=&quot;RECEIVER&quot;/&gt;
                                                                                                                     &lt;/td&gt;
                                                         &lt;td&gt;
                                                            &lt;input checked=&quot;checked&quot; class=&quot;visibilityCheckbox giverCheckbox&quot; type=&quot;checkbox&quot; value=&quot;RECEIVER&quot;/&gt;
                                                                                                                     &lt;/td&gt;
                                                      &lt;/tr&gt;
                                                      &lt;tr id=&quot;response-recipient-team-1-2-1&quot;&gt;
                                                         &lt;td class=&quot;text-left&quot;&gt;
                                                            &lt;div data-original-title=&quot;Control what team members of response recipient(s) can view&quot; data-placement=&quot;top&quot; data-toggle=&quot;tooltip&quot; title=&quot;&quot;&gt;
                                                               Response
                                                            Recipient&#039;s
                                                            Team Members
                                                            &lt;/div&gt;
                                                         &lt;/td&gt;
                                                         &lt;td&gt;
                                                            &lt;input checked=&quot;checked&quot; class=&quot;visibilityCheckbox answerCheckbox&quot; type=&quot;checkbox&quot; value=&quot;RECEIVER_TEAM_MEMBERS&quot;/&gt;
                                                                                                                     &lt;/td&gt;
                                                         &lt;td&gt;
                                                            &lt;input checked=&quot;checked&quot; class=&quot;visibilityCheckbox giverCheckbox&quot; type=&quot;checkbox&quot; value=&quot;RECEIVER_TEAM_MEMBERS&quot;/&gt;
                                                                                                                     &lt;/td&gt;
                                                      &lt;/tr&gt;
                                                      &lt;tr id=&quot;response-students-1-2-1&quot;&gt;
                                                         &lt;td class=&quot;text-left&quot;&gt;
                                                            &lt;div data-original-title=&quot;Control what other students in this course can view&quot; data-placement=&quot;top&quot; data-toggle=&quot;tooltip&quot; title=&quot;&quot;&gt;
                                                               Other
                                                            students in
                                                            this course
                                                            &lt;/div&gt;
                                                         &lt;/td&gt;
                                                         &lt;td&gt;
                                                            &lt;input checked=&quot;checked&quot; class=&quot;visibilityCheckbox answerCheckbox&quot; type=&quot;checkbox&quot; value=&quot;STUDENTS&quot;/&gt;
                                                                                                                     &lt;/td&gt;
                                                         &lt;td&gt;
                                                            &lt;input checked=&quot;checked&quot; class=&quot;visibilityCheckbox giverCheckbox&quot; type=&quot;checkbox&quot; value=&quot;STUDENTS&quot;/&gt;
                                                                                                                     &lt;/td&gt;
                                                      &lt;/tr&gt;
                                                      &lt;tr id=&quot;response-instructors-1-2-1&quot;&gt;
                                                         &lt;td class=&quot;text-left&quot;&gt;
                                                            &lt;div data-original-title=&quot;Control what instructors can view&quot; data-placement=&quot;top&quot; data-toggle=&quot;tooltip&quot; title=&quot;&quot;&gt;
                                                               Instructors
                                                            &lt;/div&gt;
                                                         &lt;/td&gt;
                                                         &lt;td&gt;
                                                            &lt;input checked=&quot;checked&quot; class=&quot;visibilityCheckbox answerCheckbox&quot; type=&quot;checkbox&quot; value=&quot;INSTRUCTORS&quot;/&gt;
                                                                                                                     &lt;/td&gt;
                                                         &lt;td&gt;
                                                            &lt;input checked=&quot;checked&quot; class=&quot;visibilityCheckbox giverCheckbox&quot; type=&quot;checkbox&quot; value=&quot;INSTRUCTORS&quot;/&gt;
                                                                                                                     &lt;/td&gt;
                                                      &lt;/tr&gt;
                                                   &lt;/tbody&gt;
                                                &lt;/table&gt;
                                             &lt;/div&gt;
                                             &lt;textarea class=&quot;form-control&quot; id=&quot;responseCommentAddForm-1-2-1&quot; name=&quot;responsecommenttext&quot; placeholder=&quot;Your comment about this response&quot; rows=&quot;3&quot;&gt;
                                             &lt;/textarea&gt;
                                          &lt;/div&gt;
                                          &lt;div class=&quot;col-sm-offset-5&quot;&gt;
                                             &lt;a class=&quot;btn btn-primary&quot; href=&quot;/page/instructorFeedbackResponseCommentAdd&quot; id=&quot;button_save_comment_for_add-1-2-1&quot;&gt;
                                                Save
                                             &lt;/a&gt;
                                             &lt;input class=&quot;btn btn-default&quot; onclick=&quot;hideResponseCommentAddForm(1,2,1)&quot; type=&quot;button&quot; value=&quot;Cancel&quot;/&gt;
                                                                                          &lt;input name=&quot;courseid&quot; type=&quot;hidden&quot; value=&quot;comments.idOfTypicalCourse1&quot;/&gt;
                                                                                          &lt;input name=&quot;fsname&quot; type=&quot;hidden&quot; value=&quot;comments.First feedback session&quot;/&gt;
                                                                                          &lt;input name=&quot;questionid&quot; type=&quot;hidden&quot; value=&quot;{*}&quot;/&gt;
                                                                                          &lt;input name=&quot;responseid&quot; type=&quot;hidden&quot; value=&quot;{*}&quot;/&gt;
                                                                                          &lt;input name=&quot;user&quot; type=&quot;hidden&quot; value=&quot;comments.idOfInstructor1OfCourse1&quot;/&gt;
                                                                                          &lt;input name=&quot;showresponsecommentsto&quot; type=&quot;hidden&quot; value=&quot;GIVER,INSTRUCTORS, RECEIVER, RECEIVER_TEAM_MEMBERS, STUDENTS&quot;/&gt;
                                                                                          &lt;input name=&quot;showresponsegiverto&quot; type=&quot;hidden&quot; value=&quot;GIVER,INSTRUCTORS, RECEIVER, RECEIVER_TEAM_MEMBERS, STUDENTS&quot;/&gt;
                                                                                       &lt;/div&gt;
                                       &lt;/form&gt;
                                    &lt;/li&gt;
                                 &lt;/ul&gt;
                              &lt;/td&gt;
                           &lt;/tr&gt;
                        &lt;/tbody&gt;
                     &lt;/table&gt;
                  &lt;/div&gt;
               &lt;/div&gt;
            &lt;/div&gt;
         &lt;/div&gt;
      &lt;/div&gt;
      &lt;ul class=&quot;pagination&quot;&gt;
         &lt;li&gt;
            &lt;a href=&quot;javascript:;&quot;&gt;
               Â«
            &lt;/a&gt;
         &lt;/li&gt;
         &lt;li class=&quot;active&quot;&gt;
            &lt;a href=&quot;/page/instructorCommentsPage?user=comments.idOfInstructor1OfCourse1&amp;courseid=comments.idOfTypicalCourse1&quot;&gt;
               comments.idOfTypicalCourse1
            &lt;/a&gt;
         &lt;/li&gt;
         &lt;li&gt;
            &lt;a href=&quot;javascript:;&quot;&gt;
               Â»
            &lt;/a&gt;
         &lt;/li&gt;
      &lt;/ul&gt;
   &lt;/div&gt;

&lt;/expected]&gt;&gt; but was:&lt;&lt;[actual&gt;
   &lt;div class=&quot;container&quot; id=&quot;frameBodyWrapper&quot;&gt;
      &lt;div id=&quot;topOfPage&quot;&gt;
      &lt;/div&gt;
      &lt;div class=&quot;inner-container&quot;&gt;
         &lt;div class=&quot;row&quot;&gt;
            &lt;div class=&quot;col-sm-6&quot;&gt;
               &lt;h1&gt;
                  Comments from Instructors
               &lt;/h1&gt;
            &lt;/div&gt;
            &lt;div class=&quot;col-sm-6 instructor-header-bar&quot;&gt;
               &lt;form action=&quot;/page/instructorSearchPage?user=comments.idOfInstructor1OfCourse1&quot; method=&quot;get&quot; name=&quot;search_form&quot;&gt;
                  &lt;div class=&quot;input-group&quot;&gt;
                     &lt;input class=&quot;form-control&quot; id=&quot;searchBox&quot; name=&quot;searchkey&quot; placeholder=&quot;Any info related to comments&quot; title=&quot;Search for comment&quot; type=&quot;text&quot;/&gt;
                                          &lt;span class=&quot;input-group-btn&quot;&gt;
                        &lt;button class=&quot;btn btn-default&quot; id=&quot;buttonSearch&quot; type=&quot;submit&quot; value=&quot;Search&quot;&gt;
                           Search
                        &lt;/button&gt;
                     &lt;/span&gt;
                  &lt;/div&gt;
                  &lt;input name=&quot;searchcommentforstudents&quot; type=&quot;hidden&quot; value=&quot;true&quot;/&gt;
                                    &lt;input name=&quot;searchcommentforresponses&quot; type=&quot;hidden&quot; value=&quot;true&quot;/&gt;
                                    &lt;input name=&quot;user&quot; type=&quot;hidden&quot; value=&quot;comments.idOfInstructor1OfCourse1&quot;/&gt;
                                 &lt;/form&gt;
            &lt;/div&gt;
         &lt;/div&gt;
      &lt;/div&gt;
      &lt;br/&gt;
            &lt;div id=&quot;statusMessage&quot; style=&quot;display: none;&quot;&gt;
      &lt;/div&gt;
      &lt;div class=&quot;well well-plain&quot;&gt;
         &lt;div class=&quot;row&quot;&gt;
            &lt;div class=&quot;col-md-2&quot;&gt;
               &lt;div class=&quot;checkbox&quot;&gt;
                  &lt;input id=&quot;option-check&quot; type=&quot;checkbox&quot;/&gt;
                                    &lt;label for=&quot;option-check&quot;&gt;
                     Show More
                                Options
                  &lt;/label&gt;
               &lt;/div&gt;
            &lt;/div&gt;
            &lt;div class=&quot;col-md-3&quot;&gt;
               &lt;div class=&quot;checkbox&quot;&gt;
                  &lt;input id=&quot;displayArchivedCourses_check&quot; type=&quot;checkbox&quot;/&gt;
                                    &lt;label for=&quot;displayArchivedCourses_check&quot;&gt;
                     Include
                                Archived Courses
                  &lt;/label&gt;
                  &lt;div id=&quot;displayArchivedCourses_link&quot; style=&quot;display:none;&quot;&gt;
                     &lt;a href=&quot;/page/instructorCommentsPage?user=comments.idOfInstructor1OfCourse1&quot;&gt;
                        link back to the page
                     &lt;/a&gt;
                  &lt;/div&gt;
               &lt;/div&gt;
            &lt;/div&gt;
         &lt;/div&gt;
         &lt;div class=&quot;row&quot;&gt;
            &lt;div class=&quot;well well-plain&quot; id=&quot;more-options&quot;&gt;
               &lt;form class=&quot;form-horizontal&quot; role=&quot;form&quot;&gt;
                  &lt;div class=&quot;row&quot;&gt;
                     &lt;div class=&quot;col-sm-4&quot;&gt;
                        &lt;div class=&quot;text-color-primary&quot;&gt;
                           &lt;strong&gt;
                              Show comments for:
                           &lt;/strong&gt;
                        &lt;/div&gt;
                        &lt;br/&gt;
                                                &lt;div class=&quot;checkbox&quot;&gt;
                           &lt;input checked=&quot;checked&quot; id=&quot;panel_all&quot; type=&quot;checkbox&quot;/&gt;
                                                      &lt;label for=&quot;panel_all&quot;&gt;
                              &lt;strong&gt;
                                 All
                              &lt;/strong&gt;
                           &lt;/label&gt;
                        &lt;/div&gt;
                        &lt;br/&gt;
                                                &lt;div class=&quot;checkbox&quot;&gt;
                           &lt;input checked=&quot;checked&quot; id=&quot;panel_check-1&quot; type=&quot;checkbox&quot;/&gt;
                                                      &lt;label for=&quot;panel_check-1&quot;&gt;
                              Students
                           &lt;/label&gt;
                        &lt;/div&gt;
                        &lt;div class=&quot;checkbox&quot;&gt;
                           &lt;input checked=&quot;checked&quot; id=&quot;panel_check-2&quot; type=&quot;checkbox&quot;/&gt;
                                                      &lt;label for=&quot;panel_check-2&quot;&gt;
                              Session: comments.First feedback session
                           &lt;/label&gt;
                        &lt;/div&gt;
                     &lt;/div&gt;
                     &lt;div class=&quot;col-sm-4&quot;&gt;
                        &lt;div class=&quot;text-color-primary&quot;&gt;
                           &lt;strong&gt;
                              Show comments from:
                           &lt;/strong&gt;
                        &lt;/div&gt;
                        &lt;br/&gt;
                                                &lt;div class=&quot;checkbox&quot;&gt;
                           &lt;input checked=&quot;checked&quot; id=&quot;giver_all&quot; type=&quot;checkbox&quot; value=&quot;&quot;/&gt;
                                                      &lt;label for=&quot;giver_all&quot;&gt;
                              &lt;strong&gt;
                                 All
                              &lt;/strong&gt;
                           &lt;/label&gt;
                        &lt;/div&gt;
                        &lt;br/&gt;
                                                &lt;div class=&quot;checkbox&quot;&gt;
                           &lt;input checked=&quot;checked&quot; id=&quot;giver_check-by-you&quot; type=&quot;checkbox&quot;/&gt;
                                                      &lt;label for=&quot;giver_check-by-you&quot;&gt;
                              You
                           &lt;/label&gt;
                        &lt;/div&gt;
                        &lt;div class=&quot;checkbox&quot;&gt;
                           &lt;input checked=&quot;checked&quot; id=&quot;giver_check-by-others&quot; type=&quot;checkbox&quot;/&gt;
                                                      &lt;label for=&quot;giver_check-by-others&quot;&gt;
                              Others
                           &lt;/label&gt;
                        &lt;/div&gt;
                     &lt;/div&gt;
                     &lt;div class=&quot;col-sm-4&quot;&gt;
                        &lt;div class=&quot;text-color-primary&quot;&gt;
                           &lt;strong&gt;
                              Show comments with status:
                           &lt;/strong&gt;
                        &lt;/div&gt;
                        &lt;br/&gt;
                                                &lt;div class=&quot;checkbox&quot;&gt;
                           &lt;input checked=&quot;checked&quot; id=&quot;status_all&quot; type=&quot;checkbox&quot; value=&quot;&quot;/&gt;
                                                      &lt;label for=&quot;status_all&quot;&gt;
                              &lt;strong&gt;
                                 All
                              &lt;/strong&gt;
                           &lt;/label&gt;
                        &lt;/div&gt;
                        &lt;br/&gt;
                                                &lt;div class=&quot;checkbox&quot;&gt;
                           &lt;input checked=&quot;checked&quot; id=&quot;status_check-public&quot; type=&quot;checkbox&quot;/&gt;
                                                      &lt;label for=&quot;status_check-public&quot;&gt;
                              Public
                           &lt;/label&gt;
                        &lt;/div&gt;
                        &lt;div class=&quot;checkbox&quot;&gt;
                           &lt;input checked=&quot;checked&quot; id=&quot;status_check-private&quot; type=&quot;checkbox&quot;/&gt;
                                                      &lt;label for=&quot;status_check-private&quot;&gt;
                              Private
                           &lt;/label&gt;
                        &lt;/div&gt;
                     &lt;/div&gt;
                  &lt;/div&gt;
               &lt;/form&gt;
            &lt;/div&gt;
         &lt;/div&gt;
      &lt;/div&gt;
      &lt;ul class=&quot;pagination&quot;&gt;
         &lt;li&gt;
            &lt;a href=&quot;javascript:;&quot;&gt;
               Â«
            &lt;/a&gt;
         &lt;/li&gt;
         &lt;li class=&quot;active&quot;&gt;
            &lt;a href=&quot;/page/instructorCommentsPage?user=comments.idOfInstructor1OfCourse1&amp;courseid=comments.idOfTypicalCourse1&quot;&gt;
               comments.idOfTypicalCourse1
            &lt;/a&gt;
         &lt;/li&gt;
         &lt;li&gt;
            &lt;a href=&quot;javascript:;&quot;&gt;
               Â»
            &lt;/a&gt;
         &lt;/li&gt;
      &lt;/ul&gt;
      &lt;div class=&quot;well well-plain&quot;&gt;
         &lt;div class=&quot;row&quot;&gt;
            &lt;h4 class=&quot;col-sm-9 text-color-primary&quot;&gt;
               &lt;strong&gt;
                  comments.idOfTypicalCourse1 : Typical Course 1 with 2 Evals
               &lt;/strong&gt;
            &lt;/h4&gt;
            &lt;div class=&quot;btn-group pull-right&quot; style=&quot;display:none&quot;&gt;
               &lt;a class=&quot;btn btn-sm btn-info&quot; data-original-title=&quot;Send email notification to 0 recipient(s) of comments pending notification&quot; data-toggle=&quot;tooltip&quot; href=&quot;/page/instructorStudentCommentClearPending?courseid=comments.idOfTypicalCourse1&amp;user=comments.idOfInstructor1OfCourse1&quot; style=&quot;margin-right: 17px;&quot; title=&quot;&quot; type=&quot;button&quot;&gt;
                  &lt;span class=&quot;badge&quot; style=&quot;margin-right: 5px&quot;&gt;
                     0
                  &lt;/span&gt;
                  &lt;span class=&quot;glyphicon glyphicon-comment&quot;&gt;
                  &lt;/span&gt;
                  &lt;span class=&quot;glyphicon glyphicon-arrow-right&quot;&gt;
                  &lt;/span&gt;
                  &lt;span class=&quot;glyphicon glyphicon-envelope&quot;&gt;
                  &lt;/span&gt;
               &lt;/a&gt;
            &lt;/div&gt;
         &lt;/div&gt;
         &lt;div id=&quot;no-comment-panel&quot; style=&quot;display:none;&quot;&gt;
            &lt;br/&gt;
                        &lt;div class=&quot;panel&quot;&gt;
               &lt;div class=&quot;panel-body&quot;&gt;
                  You don&#039;t have any comment in this course.
               &lt;/div&gt;
            &lt;/div&gt;
         &lt;/div&gt;
         &lt;div id=&quot;panel_display-1&quot;&gt;
            &lt;br/&gt;
                        &lt;div class=&quot;panel panel-primary&quot;&gt;
               &lt;div class=&quot;panel-heading&quot;&gt;
                  &lt;strong&gt;
                     Comments for students
                  &lt;/strong&gt;
               &lt;/div&gt;
               &lt;div class=&quot;panel-body&quot;&gt;
                  &lt;div class=&quot;panel panel-info student-record-comments giver_display-by-you&quot;&gt;
                     &lt;div class=&quot;panel-heading&quot;&gt;
                        From
                        &lt;b&gt;
                           You
                        &lt;/b&gt;
                     &lt;/div&gt;
                     &lt;ul class=&quot;list-group comments&quot;&gt;
                        &lt;li class=&quot;list-group-item list-group-item-warning status_display-public&quot; id=&quot;6040338925879296&quot;&gt;
                           &lt;form action=&quot;/page/instructorStudentCommentEdit&quot; class=&quot;form_comment&quot; id=&quot;form_commentedit-1&quot; method=&quot;post&quot; name=&quot;form_commentedit&quot;&gt;
                              &lt;div id=&quot;commentBar-1&quot;&gt;
                                 &lt;span class=&quot;text-muted&quot;&gt;
                                    To
                                    &lt;b&gt;
                                       Team 1.1
                                    &lt;/b&gt;
                                    on
                                                07 May 2012, 08:54
                                 &lt;/span&gt;
                                 &lt;a class=&quot;btn btn-default btn-xs icon-button pull-right&quot; data-original-title=&quot;Delete this comment&quot; data-placement=&quot;top&quot; data-toggle=&quot;tooltip&quot; id=&quot;commentdelete-1&quot; onclick=&quot;return deleteComment(&#039;1&#039;);&quot; style=&quot;display: none;&quot; title=&quot;&quot; type=&quot;button&quot;&gt;
                                    &lt;span class=&quot;glyphicon glyphicon-trash glyphicon-primary&quot;&gt;
                                    &lt;/span&gt;
                                 &lt;/a&gt;
                                 &lt;a class=&quot;btn btn-default btn-xs icon-button pull-right&quot; data-original-title=&quot;Edit this comment&quot; data-placement=&quot;top&quot; data-toggle=&quot;tooltip&quot; id=&quot;commentedit-1&quot; onclick=&quot;return enableEdit(&#039;1&#039;);&quot; style=&quot;display: none;&quot; title=&quot;&quot; type=&quot;button&quot;&gt;
                                    &lt;span class=&quot;glyphicon glyphicon-pencil glyphicon-primary&quot;&gt;
                                    &lt;/span&gt;
                                 &lt;/a&gt;
                                 &lt;span class=&quot;glyphicon glyphicon-eye-open&quot; data-original-title=&quot;This comment is visible to recipient team&quot; data-placement=&quot;top&quot; data-toggle=&quot;tooltip&quot; style=&quot;margin-left: 5px;&quot; title=&quot;&quot;&gt;
                                 &lt;/span&gt;
                              &lt;/div&gt;
                              &lt;div id=&quot;plainCommentText1&quot; style=&quot;margin-left: 15px;&quot;&gt;
                                 team can see this comment without giver&#039;s name
                              &lt;/div&gt;
                              &lt;div id=&quot;commentTextEdit1&quot; style=&quot;display: none;&quot;&gt;
                                 &lt;div class=&quot;form-group form-inline&quot;&gt;
                                    &lt;div class=&quot;form-group text-muted&quot;&gt;
                                       You may change comment&#039;s visibility using the visibility options on the right hand side.
                                    &lt;/div&gt;
                                    &lt;a class=&quot;btn btn-sm btn-info pull-right&quot; id=&quot;visibility-options-trigger1&quot;&gt;
                                       &lt;span class=&quot;glyphicon glyphicon-eye-close&quot;&gt;
                                       &lt;/span&gt;
                                       Show Visibility Options
                                    &lt;/a&gt;
                                 &lt;/div&gt;
                                 &lt;div class=&quot;panel panel-default&quot; id=&quot;visibility-options1&quot; style=&quot;display: none;&quot;&gt;
                                    &lt;div class=&quot;panel-heading&quot;&gt;
                                       Visibility Options
                                    &lt;/div&gt;
                                    &lt;table class=&quot;table text-center text-color-black&quot;&gt;
                                       &lt;tbody&gt;
                                          &lt;tr&gt;
                                             &lt;th class=&quot;text-center&quot;&gt;
                                                User/Group
                                             &lt;/th&gt;
                                             &lt;th class=&quot;text-center&quot;&gt;
                                                Can see
                                                                your comment
                                             &lt;/th&gt;
                                             &lt;th class=&quot;text-center&quot;&gt;
                                                Can see
                                                                giver&#039;s name
                                             &lt;/th&gt;
                                             &lt;th class=&quot;text-center&quot;&gt;
                                                Can see
                                                                recipient&#039;s name
                                             &lt;/th&gt;
                                          &lt;/tr&gt;
                                          &lt;tr id=&quot;recipient-team1&quot;&gt;
                                             &lt;td class=&quot;text-left&quot;&gt;
                                                &lt;div data-original-title=&quot;Control what team members of comment recipients can view&quot; data-placement=&quot;top&quot; data-toggle=&quot;tooltip&quot; title=&quot;&quot;&gt;
                                                   Recipient Team
                                                &lt;/div&gt;
                                             &lt;/td&gt;
                                             &lt;td&gt;
                                                &lt;input checked=&quot;checked&quot; class=&quot;visibilityCheckbox answerCheckbox&quot; type=&quot;checkbox&quot; value=&quot;TEAM&quot;/&gt;
                                                                                             &lt;/td&gt;
                                             &lt;td&gt;
                                                &lt;input class=&quot;visibilityCheckbox giverCheckbox&quot; type=&quot;checkbox&quot; value=&quot;TEAM&quot;/&gt;
                                                                                             &lt;/td&gt;
                                             &lt;td&gt;
                                                &lt;input class=&quot;visibilityCheckbox recipientCheckbox&quot; disabled=&quot;disabled&quot; type=&quot;checkbox&quot; value=&quot;TEAM&quot;/&gt;
                                                                                             &lt;/td&gt;
                                          &lt;/tr&gt;
                                          &lt;tr id=&quot;recipient-section1&quot;&gt;
                                             &lt;td class=&quot;text-left&quot;&gt;
                                                &lt;div data-original-title=&quot;Control what students in the same section can view&quot; data-placement=&quot;top&quot; data-toggle=&quot;tooltip&quot; title=&quot;&quot;&gt;
                                                   Recipient&#039;s Section
                                                &lt;/div&gt;
                                             &lt;/td&gt;
                                             &lt;td&gt;
                                                &lt;input class=&quot;visibilityCheckbox answerCheckbox&quot; type=&quot;checkbox&quot; value=&quot;SECTION&quot;/&gt;
                                                                                             &lt;/td&gt;
                                             &lt;td&gt;
                                                &lt;input class=&quot;visibilityCheckbox giverCheckbox&quot; type=&quot;checkbox&quot; value=&quot;SECTION&quot;/&gt;
                                                                                             &lt;/td&gt;
                                             &lt;td&gt;
                                                &lt;input class=&quot;visibilityCheckbox recipientCheckbox&quot; type=&quot;checkbox&quot; value=&quot;SECTION&quot;/&gt;
                                                                                             &lt;/td&gt;
                                          &lt;/tr&gt;
                                          &lt;tr id=&quot;recipient-course1&quot;&gt;
                                             &lt;td class=&quot;text-left&quot;&gt;
                                                &lt;div data-original-title=&quot;Control what other students in this course can view&quot; data-placement=&quot;top&quot; data-toggle=&quot;tooltip&quot; title=&quot;&quot;&gt;
                                                   Other students in this course
                                                &lt;/div&gt;
                                             &lt;/td&gt;
                                             &lt;td&gt;
                                                &lt;input class=&quot;visibilityCheckbox answerCheckbox&quot; type=&quot;checkbox&quot; value=&quot;COURSE&quot;/&gt;
                                                                                             &lt;/td&gt;
                                             &lt;td&gt;
                                                &lt;input class=&quot;visibilityCheckbox giverCheckbox&quot; type=&quot;checkbox&quot; value=&quot;COURSE&quot;/&gt;
                                                                                             &lt;/td&gt;
                                             &lt;td&gt;
                                                &lt;input class=&quot;visibilityCheckbox recipientCheckbox&quot; type=&quot;checkbox&quot; value=&quot;COURSE&quot;/&gt;
                                                                                             &lt;/td&gt;
                                          &lt;/tr&gt;
                                          &lt;tr&gt;
                                             &lt;td class=&quot;text-left&quot;&gt;
                                                &lt;div data-original-title=&quot;Control what instructors can view&quot; data-placement=&quot;top&quot; data-toggle=&quot;tooltip&quot; title=&quot;&quot;&gt;
                                                   Instructors
                                                &lt;/div&gt;
                                             &lt;/td&gt;
                                             &lt;td&gt;
                                                &lt;input class=&quot;visibilityCheckbox answerCheckbox&quot; type=&quot;checkbox&quot; value=&quot;INSTRUCTOR&quot;/&gt;
                                                                                             &lt;/td&gt;
                                             &lt;td&gt;
                                                &lt;input class=&quot;visibilityCheckbox giverCheckbox&quot; type=&quot;checkbox&quot; value=&quot;INSTRUCTOR&quot;/&gt;
                                                                                             &lt;/td&gt;
                                             &lt;td&gt;
                                                &lt;input class=&quot;visibilityCheckbox recipientCheckbox&quot; type=&quot;checkbox&quot; value=&quot;INSTRUCTOR&quot;/&gt;
                                                                                             &lt;/td&gt;
                                          &lt;/tr&gt;
                                       &lt;/tbody&gt;
                                    &lt;/table&gt;
                                 &lt;/div&gt;
                                 &lt;div class=&quot;form-group&quot;&gt;
                                    &lt;textarea class=&quot;form-control&quot; id=&quot;commentText1&quot; name=&quot;commenttext&quot; placeholder=&quot;Your comment about this student&quot; rows=&quot;3&quot;&gt;
                                       team can see this comment without giver&#039;s name
                                    &lt;/textarea&gt;
                                 &lt;/div&gt;
                                 &lt;div class=&quot;col-sm-offset-5&quot;&gt;
                                    &lt;input class=&quot;btn btn-primary&quot; id=&quot;commentsave-1&quot; onclick=&quot;return submitCommentForm(&#039;1&#039;);&quot; title=&quot;Save comment&quot; type=&quot;submit&quot; value=&quot;Save&quot;/&gt;
                                                                        &lt;input class=&quot;btn btn-default&quot; onclick=&quot;return disableComment(&#039;1&#039;);&quot; type=&quot;button&quot; value=&quot;Cancel&quot;/&gt;
                                                                     &lt;/div&gt;
                              &lt;/div&gt;
                              &lt;input id=&quot;commentedittype-1&quot; name=&quot;commentedittype&quot; type=&quot;hidden&quot; value=&quot;edit&quot;/&gt;
                                                            &lt;input name=&quot;commentid&quot; type=&quot;hidden&quot; value=&quot;6040338925879296&quot;/&gt;
                                                            &lt;input name=&quot;courseid&quot; type=&quot;hidden&quot; value=&quot;comments.idOfTypicalCourse1&quot;/&gt;
                                                            &lt;input name=&quot;commentpage&quot; type=&quot;hidden&quot; value=&quot;true&quot;/&gt;
                                                            &lt;input name=&quot;showcommentsto&quot; type=&quot;hidden&quot; value=&quot;TEAM&quot;/&gt;
                                                            &lt;input name=&quot;showgiverto&quot; type=&quot;hidden&quot; value=&quot;&quot;/&gt;
                                                            &lt;input name=&quot;showrecipientto&quot; type=&quot;hidden&quot; value=&quot;&quot;/&gt;
                                                            &lt;input name=&quot;user&quot; type=&quot;hidden&quot; value=&quot;comments.idOfInstructor1OfCourse1&quot;/&gt;
                                                         &lt;/form&gt;
                        &lt;/li&gt;
                        &lt;li class=&quot;list-group-item list-group-item-warning status_display-public&quot; id=&quot;6673657623478272&quot;&gt;
                           &lt;form action=&quot;/page/instructorStudentCommentEdit&quot; class=&quot;form_comment&quot; id=&quot;form_commentedit-2&quot; method=&quot;post&quot; name=&quot;form_commentedit&quot;&gt;
                              &lt;div id=&quot;commentBar-2&quot;&gt;
                                 &lt;span class=&quot;text-muted&quot;&gt;
                                    To
                                    &lt;b&gt;
                                       student1 In Course1
                                    &lt;/b&gt;
                                    (Team 1.1,
                                    &lt;a href=&quot;mailto:comments.student1InCourse1@gmail.tmt&quot;&gt;
                                       comments.student1InCourse1@gmail.tmt
                                    &lt;/a&gt;
                                    ) on
                                                06 May 2012, 08:55
                                 &lt;/span&gt;
                                 &lt;a class=&quot;btn btn-default btn-xs icon-button pull-right&quot; data-original-title=&quot;Delete this comment&quot; data-placement=&quot;top&quot; data-toggle=&quot;tooltip&quot; id=&quot;commentdelete-2&quot; onclick=&quot;return deleteComment(&#039;2&#039;);&quot; style=&quot;display: none;&quot; title=&quot;&quot; type=&quot;button&quot;&gt;
                                    &lt;span class=&quot;glyphicon glyphicon-trash glyphicon-primary&quot;&gt;
                                    &lt;/span&gt;
                                 &lt;/a&gt;
                                 &lt;a class=&quot;btn btn-default btn-xs icon-button pull-right&quot; data-original-title=&quot;Edit this comment&quot; data-placement=&quot;top&quot; data-toggle=&quot;tooltip&quot; id=&quot;commentedit-2&quot; onclick=&quot;return enableEdit(&#039;2&#039;);&quot; style=&quot;display: none;&quot; title=&quot;&quot; type=&quot;button&quot;&gt;
                                    &lt;span class=&quot;glyphicon glyphicon-pencil glyphicon-primary&quot;&gt;
                                    &lt;/span&gt;
                                 &lt;/a&gt;
                                 &lt;span class=&quot;glyphicon glyphicon-eye-open&quot; data-original-title=&quot;This comment is visible to other students in this course&quot; data-placement=&quot;top&quot; data-toggle=&quot;tooltip&quot; style=&quot;margin-left: 5px;&quot; title=&quot;&quot;&gt;
                                 &lt;/span&gt;
                              &lt;/div&gt;
                              &lt;div id=&quot;plainCommentText2&quot; style=&quot;margin-left: 15px;&quot;&gt;
                                 Other students in this course can see this comment without giver and recipient&#039;s name
                              &lt;/div&gt;
                              &lt;div id=&quot;commentTextEdit2&quot; style=&quot;display: none;&quot;&gt;
                                 &lt;div class=&quot;form-group form-inline&quot;&gt;
                                    &lt;div class=&quot;form-group text-muted&quot;&gt;
                                       You may change comment&#039;s visibility using the visibility options on the right hand side.
                                    &lt;/div&gt;
                                    &lt;a class=&quot;btn btn-sm btn-info pull-right&quot; id=&quot;visibility-options-trigger2&quot;&gt;
                                       &lt;span class=&quot;glyphicon glyphicon-eye-close&quot;&gt;
                                       &lt;/span&gt;
                                       Show Visibility Options
                                    &lt;/a&gt;
                                 &lt;/div&gt;
                                 &lt;div class=&quot;panel panel-default&quot; id=&quot;visibility-options2&quot; style=&quot;display: none;&quot;&gt;
                                    &lt;div class=&quot;panel-heading&quot;&gt;
                                       Visibility Options
                                    &lt;/div&gt;
                                    &lt;table class=&quot;table text-center text-color-black&quot;&gt;
                                       &lt;tbody&gt;
                                          &lt;tr&gt;
                                             &lt;th class=&quot;text-center&quot;&gt;
                                                User/Group
                                             &lt;/th&gt;
                                             &lt;th class=&quot;text-center&quot;&gt;
                                                Can see
                                                                your comment
                                             &lt;/th&gt;
                                             &lt;th class=&quot;text-center&quot;&gt;
                                                Can see
                                                                giver&#039;s name
                                             &lt;/th&gt;
                                             &lt;th class=&quot;text-center&quot;&gt;
                                                Can see
                                                                recipient&#039;s name
                                             &lt;/th&gt;
                                          &lt;/tr&gt;
                                          &lt;tr id=&quot;recipient-person2&quot;&gt;
                                             &lt;td class=&quot;text-left&quot;&gt;
                                                &lt;div data-original-title=&quot;Control what comment recipient(s) can view&quot; data-placement=&quot;top&quot; data-toggle=&quot;tooltip&quot; title=&quot;&quot;&gt;
                                                   Recipient(s)
                                                &lt;/div&gt;
                                             &lt;/td&gt;
                                             &lt;td&gt;
                                                &lt;input class=&quot;visibilityCheckbox answerCheckbox&quot; type=&quot;checkbox&quot; value=&quot;PERSON&quot;/&gt;
                                                                                             &lt;/td&gt;
                                             &lt;td&gt;
                                                &lt;input class=&quot;visibilityCheckbox giverCheckbox&quot; type=&quot;checkbox&quot; value=&quot;PERSON&quot;/&gt;
                                                                                             &lt;/td&gt;
                                             &lt;td&gt;
                                                &lt;input class=&quot;visibilityCheckbox recipientCheckbox&quot; disabled=&quot;disabled&quot; name=&quot;receiverFollowerCheckbox&quot; type=&quot;checkbox&quot; value=&quot;PERSON&quot;/&gt;
                                                                                             &lt;/td&gt;
                                          &lt;/tr&gt;
                                          &lt;tr id=&quot;recipient-team2&quot;&gt;
                                             &lt;td class=&quot;text-left&quot;&gt;
                                                &lt;div data-original-title=&quot;Control what team members of comment recipients can view&quot; data-placement=&quot;top&quot; data-toggle=&quot;tooltip&quot; title=&quot;&quot;&gt;
                                                   Recipient&#039;s Team
                                                &lt;/div&gt;
                                             &lt;/td&gt;
                                             &lt;td&gt;
                                                &lt;input class=&quot;visibilityCheckbox answerCheckbox&quot; type=&quot;checkbox&quot; value=&quot;TEAM&quot;/&gt;
                                                                                             &lt;/td&gt;
                                             &lt;td&gt;
                                                &lt;input class=&quot;visibilityCheckbox giverCheckbox&quot; type=&quot;checkbox&quot; value=&quot;TEAM&quot;/&gt;
                                                                                             &lt;/td&gt;
                                             &lt;td&gt;
                                                &lt;input class=&quot;visibilityCheckbox recipientCheckbox&quot; type=&quot;checkbox&quot; value=&quot;TEAM&quot;/&gt;
                                                                                             &lt;/td&gt;
                                          &lt;/tr&gt;
                                          &lt;tr id=&quot;recipient-section2&quot;&gt;
                                             &lt;td class=&quot;text-left&quot;&gt;
                                                &lt;div data-original-title=&quot;Control what students in the same section can view&quot; data-placement=&quot;top&quot; data-toggle=&quot;tooltip&quot; title=&quot;&quot;&gt;
                                                   Recipient&#039;s Section
                                                &lt;/div&gt;
                                             &lt;/td&gt;
                                             &lt;td&gt;
                                                &lt;input class=&quot;visibilityCheckbox answerCheckbox&quot; type=&quot;checkbox&quot; value=&quot;SECTION&quot;/&gt;
                                                                                             &lt;/td&gt;
                                             &lt;td&gt;
                                                &lt;input class=&quot;visibilityCheckbox giverCheckbox&quot; type=&quot;checkbox&quot; value=&quot;SECTION&quot;/&gt;
                                                                                             &lt;/td&gt;
                                             &lt;td&gt;
                                                &lt;input class=&quot;visibilityCheckbox recipientCheckbox&quot; type=&quot;checkbox&quot; value=&quot;SECTION&quot;/&gt;
                                                                                             &lt;/td&gt;
                                          &lt;/tr&gt;
                                          &lt;tr id=&quot;recipient-course2&quot;&gt;
                                             &lt;td class=&quot;text-left&quot;&gt;
                                                &lt;div data-original-title=&quot;Control what other students in this course can view&quot; data-placement=&quot;top&quot; data-toggle=&quot;tooltip&quot; title=&quot;&quot;&gt;
                                                   Other students in this course
                                                &lt;/div&gt;
                                             &lt;/td&gt;
                                             &lt;td&gt;
                                                &lt;input checked=&quot;checked&quot; class=&quot;visibilityCheckbox answerCheckbox&quot; type=&quot;checkbox&quot; value=&quot;COURSE&quot;/&gt;
                                                                                             &lt;/td&gt;
                                             &lt;td&gt;
                                                &lt;input class=&quot;visibilityCheckbox giverCheckbox&quot; type=&quot;checkbox&quot; value=&quot;COURSE&quot;/&gt;
                                                                                             &lt;/td&gt;
                                             &lt;td&gt;
                                                &lt;input class=&quot;visibilityCheckbox recipientCheckbox&quot; type=&quot;checkbox&quot; value=&quot;COURSE&quot;/&gt;
                                                                                             &lt;/td&gt;
                                          &lt;/tr&gt;
                                          &lt;tr&gt;
                                             &lt;td class=&quot;text-left&quot;&gt;
                                                &lt;div data-original-title=&quot;Control what instructors can view&quot; data-placement=&quot;top&quot; data-toggle=&quot;tooltip&quot; title=&quot;&quot;&gt;
                                                   Instructors
                                                &lt;/div&gt;
                                             &lt;/td&gt;
                                             &lt;td&gt;
                                                &lt;input class=&quot;visibilityCheckbox answerCheckbox&quot; type=&quot;checkbox&quot; value=&quot;INSTRUCTOR&quot;/&gt;
                                                                                             &lt;/td&gt;
                                             &lt;td&gt;
                                                &lt;input class=&quot;visibilityCheckbox giverCheckbox&quot; type=&quot;checkbox&quot; value=&quot;INSTRUCTOR&quot;/&gt;
                                                                                             &lt;/td&gt;
                                             &lt;td&gt;
                                                &lt;input class=&quot;visibilityCheckbox recipientCheckbox&quot; type=&quot;checkbox&quot; value=&quot;INSTRUCTOR&quot;/&gt;
                                                                                             &lt;/td&gt;
                                          &lt;/tr&gt;
                                       &lt;/tbody&gt;
                                    &lt;/table&gt;
                                 &lt;/div&gt;
                                 &lt;div class=&quot;form-group&quot;&gt;
                                    &lt;textarea class=&quot;form-control&quot; id=&quot;commentText2&quot; name=&quot;commenttext&quot; placeholder=&quot;Your comment about this student&quot; rows=&quot;3&quot;&gt;
                                       Other students in this course can see this comment without giver and recipient&#039;s name
                                    &lt;/textarea&gt;
                                 &lt;/div&gt;
                                 &lt;div class=&quot;col-sm-offset-5&quot;&gt;
                                    &lt;input class=&quot;btn btn-primary&quot; id=&quot;commentsave-2&quot; onclick=&quot;return submitCommentForm(&#039;2&#039;);&quot; title=&quot;Save comment&quot; type=&quot;submit&quot; value=&quot;Save&quot;/&gt;
                                                                        &lt;input class=&quot;btn btn-default&quot; onclick=&quot;return disableComment(&#039;2&#039;);&quot; type=&quot;button&quot; value=&quot;Cancel&quot;/&gt;
                                                                     &lt;/div&gt;
                              &lt;/div&gt;
                              &lt;input id=&quot;commentedittype-2&quot; name=&quot;commentedittype&quot; type=&quot;hidden&quot; value=&quot;edit&quot;/&gt;
                                                            &lt;input name=&quot;commentid&quot; type=&quot;hidden&quot; value=&quot;6673657623478272&quot;/&gt;
                                                            &lt;input name=&quot;courseid&quot; type=&quot;hidden&quot; value=&quot;comments.idOfTypicalCourse1&quot;/&gt;
                                                            &lt;input name=&quot;commentpage&quot; type=&quot;hidden&quot; value=&quot;true&quot;/&gt;
                                                            &lt;input name=&quot;showcommentsto&quot; type=&quot;hidden&quot; value=&quot;COURSE&quot;/&gt;
                                                            &lt;input name=&quot;showgiverto&quot; type=&quot;hidden&quot; value=&quot;&quot;/&gt;
                                                            &lt;input name=&quot;showrecipientto&quot; type=&quot;hidden&quot; value=&quot;&quot;/&gt;
                                                            &lt;input name=&quot;user&quot; type=&quot;hidden&quot; value=&quot;comments.idOfInstructor1OfCourse1&quot;/&gt;
                                                         &lt;/form&gt;
                        &lt;/li&gt;
                        &lt;li class=&quot;list-group-item list-group-item-warning status_display-public&quot; id=&quot;5547757716635648&quot;&gt;
                           &lt;form action=&quot;/page/instructorStudentCommentEdit&quot; class=&quot;form_comment&quot; id=&quot;form_commentedit-3&quot; method=&quot;post&quot; name=&quot;form_commentedit&quot;&gt;
                              &lt;div id=&quot;commentBar-3&quot;&gt;
                                 &lt;span class=&quot;text-muted&quot;&gt;
                                    To
                                    &lt;b&gt;
                                       Team 1.1
                                    &lt;/b&gt;
                                    on
                                                05 May 2012, 08:53
                                 &lt;/span&gt;
                                 &lt;a class=&quot;btn btn-default btn-xs icon-button pull-right&quot; data-original-title=&quot;Delete this comment&quot; data-placement=&quot;top&quot; data-toggle=&quot;tooltip&quot; id=&quot;commentdelete-3&quot; onclick=&quot;return deleteComment(&#039;3&#039;);&quot; style=&quot;display: none;&quot; title=&quot;&quot; type=&quot;button&quot;&gt;
                                    &lt;span class=&quot;glyphicon glyphicon-trash glyphicon-primary&quot;&gt;
                                    &lt;/span&gt;
                                 &lt;/a&gt;
                                 &lt;a class=&quot;btn btn-default btn-xs icon-button pull-right&quot; data-original-title=&quot;Edit this comment&quot; data-placement=&quot;top&quot; data-toggle=&quot;tooltip&quot; id=&quot;commentedit-3&quot; onclick=&quot;return enableEdit(&#039;3&#039;);&quot; style=&quot;display: none;&quot; title=&quot;&quot; type=&quot;button&quot;&gt;
                                    &lt;span class=&quot;glyphicon glyphicon-pencil glyphicon-primary&quot;&gt;
                                    &lt;/span&gt;
                                 &lt;/a&gt;
                                 &lt;span class=&quot;glyphicon glyphicon-eye-open&quot; data-original-title=&quot;This comment is visible to recipient team&quot; data-placement=&quot;top&quot; data-toggle=&quot;tooltip&quot; style=&quot;margin-left: 5px;&quot; title=&quot;&quot;&gt;
                                 &lt;/span&gt;
                              &lt;/div&gt;
                              &lt;div id=&quot;plainCommentText3&quot; style=&quot;margin-left: 15px;&quot;&gt;
                                 team can see this comment with giver and recipient&#039;s name
                              &lt;/div&gt;
                              &lt;div id=&quot;commentTextEdit3&quot; style=&quot;display: none;&quot;&gt;
                                 &lt;div class=&quot;form-group form-inline&quot;&gt;
                                    &lt;div class=&quot;form-group text-muted&quot;&gt;
                                       You may change comment&#039;s visibility using the visibility options on the right hand side.
                                    &lt;/div&gt;
                                    &lt;a class=&quot;btn btn-sm btn-info pull-right&quot; id=&quot;visibility-options-trigger3&quot;&gt;
                                       &lt;span class=&quot;glyphicon glyphicon-eye-close&quot;&gt;
                                       &lt;/span&gt;
                                       Show Visibility Options
                                    &lt;/a&gt;
                                 &lt;/div&gt;
                                 &lt;div class=&quot;panel panel-default&quot; id=&quot;visibility-options3&quot; style=&quot;display: none;&quot;&gt;
                                    &lt;div class=&quot;panel-heading&quot;&gt;
                                       Visibility Options
                                    &lt;/div&gt;
                                    &lt;table class=&quot;table text-center text-color-black&quot;&gt;
                                       &lt;tbody&gt;
                                          &lt;tr&gt;
                                             &lt;th class=&quot;text-center&quot;&gt;
                                                User/Group
                                             &lt;/th&gt;
                                             &lt;th class=&quot;text-center&quot;&gt;
                                                Can see
                                                                your comment
                                             &lt;/th&gt;
                                             &lt;th class=&quot;text-center&quot;&gt;
                                                Can see
                                                                giver&#039;s name
                                             &lt;/th&gt;
                                             &lt;th class=&quot;text-center&quot;&gt;
                                                Can see
                                                                recipient&#039;s name
                                             &lt;/th&gt;
                                          &lt;/tr&gt;
                                          &lt;tr id=&quot;recipient-team3&quot;&gt;
                                             &lt;td class=&quot;text-left&quot;&gt;
                                                &lt;div data-original-title=&quot;Control what team members of comment recipients can view&quot; data-placement=&quot;top&quot; data-toggle=&quot;tooltip&quot; title=&quot;&quot;&gt;
                                                   Recipient Team
                                                &lt;/div&gt;
                                             &lt;/td&gt;
                                             &lt;td&gt;
                                                &lt;input checked=&quot;checked&quot; class=&quot;visibilityCheckbox answerCheckbox&quot; type=&quot;checkbox&quot; value=&quot;TEAM&quot;/&gt;
                                                                                             &lt;/td&gt;
                                             &lt;td&gt;
                                                &lt;input checked=&quot;checked&quot; class=&quot;visibilityCheckbox giverCheckbox&quot; type=&quot;checkbox&quot; value=&quot;TEAM&quot;/&gt;
                                                                                             &lt;/td&gt;
                                             &lt;td&gt;
                                                &lt;input class=&quot;visibilityCheckbox recipientCheckbox&quot; disabled=&quot;disabled&quot; type=&quot;checkbox&quot; value=&quot;TEAM&quot;/&gt;
                                                                                             &lt;/td&gt;
                                          &lt;/tr&gt;
                                          &lt;tr id=&quot;recipient-section3&quot;&gt;
                                             &lt;td class=&quot;text-left&quot;&gt;
                                                &lt;div data-original-title=&quot;Control what students in the same section can view&quot; data-placement=&quot;top&quot; data-toggle=&quot;tooltip&quot; title=&quot;&quot;&gt;
                                                   Recipient&#039;s Section
                                                &lt;/div&gt;
                                             &lt;/td&gt;
                                             &lt;td&gt;
                                                &lt;input class=&quot;visibilityCheckbox answerCheckbox&quot; type=&quot;checkbox&quot; value=&quot;SECTION&quot;/&gt;
                                                                                             &lt;/td&gt;
                                             &lt;td&gt;
                                                &lt;input class=&quot;visibilityCheckbox giverCheckbox&quot; type=&quot;checkbox&quot; value=&quot;SECTION&quot;/&gt;
                                                                                             &lt;/td&gt;
                                             &lt;td&gt;
                                                &lt;input class=&quot;visibilityCheckbox recipientCheckbox&quot; type=&quot;checkbox&quot; value=&quot;SECTION&quot;/&gt;
                                                                                             &lt;/td&gt;
                                          &lt;/tr&gt;
                                          &lt;tr id=&quot;recipient-course3&quot;&gt;
                                             &lt;td class=&quot;text-left&quot;&gt;
                                                &lt;div data-original-title=&quot;Control what other students in this course can view&quot; data-placement=&quot;top&quot; data-toggle=&quot;tooltip&quot; title=&quot;&quot;&gt;
                                                   Other students in this course
                                                &lt;/div&gt;
                                             &lt;/td&gt;
                                             &lt;td&gt;
                                                &lt;input class=&quot;visibilityCheckbox answerCheckbox&quot; type=&quot;checkbox&quot; value=&quot;COURSE&quot;/&gt;
                                                                                             &lt;/td&gt;
                                             &lt;td&gt;
                                                &lt;input class=&quot;visibilityCheckbox giverCheckbox&quot; type=&quot;checkbox&quot; value=&quot;COURSE&quot;/&gt;
                                                                                             &lt;/td&gt;
                                             &lt;td&gt;
                                                &lt;input class=&quot;visibilityCheckbox recipientCheckbox&quot; type=&quot;checkbox&quot; value=&quot;COURSE&quot;/&gt;
                                                                                             &lt;/td&gt;
                                          &lt;/tr&gt;
                                          &lt;tr&gt;
                                             &lt;td class=&quot;text-left&quot;&gt;
                                                &lt;div data-original-title=&quot;Control what instructors can view&quot; data-placement=&quot;top&quot; data-toggle=&quot;tooltip&quot; title=&quot;&quot;&gt;
                                                   Instructors
                                                &lt;/div&gt;
                                             &lt;/td&gt;
                                             &lt;td&gt;
                                                &lt;input class=&quot;visibilityCheckbox answerCheckbox&quot; type=&quot;checkbox&quot; value=&quot;INSTRUCTOR&quot;/&gt;
                                                                                             &lt;/td&gt;
                                             &lt;td&gt;
                                                &lt;input class=&quot;visibilityCheckbox giverCheckbox&quot; type=&quot;checkbox&quot; value=&quot;INSTRUCTOR&quot;/&gt;
                                                                                             &lt;/td&gt;
                                             &lt;td&gt;
                                                &lt;input class=&quot;visibilityCheckbox recipientCheckbox&quot; type=&quot;checkbox&quot; value=&quot;INSTRUCTOR&quot;/&gt;
                                                                                             &lt;/td&gt;
                                          &lt;/tr&gt;
                                       &lt;/tbody&gt;
                                    &lt;/table&gt;
                                 &lt;/div&gt;
                                 &lt;div class=&quot;form-group&quot;&gt;
                                    &lt;textarea class=&quot;form-control&quot; id=&quot;commentText3&quot; name=&quot;commenttext&quot; placeholder=&quot;Your comment about this student&quot; rows=&quot;3&quot;&gt;
                                       team can see this comment with giver and recipient&#039;s name
                                    &lt;/textarea&gt;
                                 &lt;/div&gt;
                                 &lt;div class=&quot;col-sm-offset-5&quot;&gt;
                                    &lt;input class=&quot;btn btn-primary&quot; id=&quot;commentsave-3&quot; onclick=&quot;return submitCommentForm(&#039;3&#039;);&quot; title=&quot;Save comment&quot; type=&quot;submit&quot; value=&quot;Save&quot;/&gt;
                                                                        &lt;input class=&quot;btn btn-default&quot; onclick=&quot;return disableComment(&#039;3&#039;);&quot; type=&quot;button&quot; value=&quot;Cancel&quot;/&gt;
                                                                     &lt;/div&gt;
                              &lt;/div&gt;
                              &lt;input id=&quot;commentedittype-3&quot; name=&quot;commentedittype&quot; type=&quot;hidden&quot; value=&quot;edit&quot;/&gt;
                                                            &lt;input name=&quot;commentid&quot; type=&quot;hidden&quot; value=&quot;5547757716635648&quot;/&gt;
                                                            &lt;input name=&quot;courseid&quot; type=&quot;hidden&quot; value=&quot;comments.idOfTypicalCourse1&quot;/&gt;
                                                            &lt;input name=&quot;commentpage&quot; type=&quot;hidden&quot; value=&quot;true&quot;/&gt;
                                                            &lt;input name=&quot;showcommentsto&quot; type=&quot;hidden&quot; value=&quot;TEAM&quot;/&gt;
                                                            &lt;input name=&quot;showgiverto&quot; type=&quot;hidden&quot; value=&quot;TEAM&quot;/&gt;
                                                            &lt;input name=&quot;showrecipientto&quot; type=&quot;hidden&quot; value=&quot;&quot;/&gt;
                                                            &lt;input name=&quot;user&quot; type=&quot;hidden&quot; value=&quot;comments.idOfInstructor1OfCourse1&quot;/&gt;
                                                         &lt;/form&gt;
                        &lt;/li&gt;
                        &lt;li class=&quot;list-group-item list-group-item-warning status_display-public&quot; id=&quot;4773701530681344&quot;&gt;
                           &lt;form action=&quot;/page/instructorStudentCommentEdit&quot; class=&quot;form_comment&quot; id=&quot;form_commentedit-4&quot; method=&quot;post&quot; name=&quot;form_commentedit&quot;&gt;
                              &lt;div id=&quot;commentBar-4&quot;&gt;
                                 &lt;span class=&quot;text-muted&quot;&gt;
                                    To
                                    &lt;b&gt;
                                       student1 In Course1
                                    &lt;/b&gt;
                                    (Team 1.1,
                                    &lt;a href=&quot;mailto:comments.student1InCourse1@gmail.tmt&quot;&gt;
                                       comments.student1InCourse1@gmail.tmt
                                    &lt;/a&gt;
                                    ) on
                                                04 May 2012, 08:52
                                 &lt;/span&gt;
                                 &lt;a class=&quot;btn btn-default btn-xs icon-button pull-right&quot; data-original-title=&quot;Delete this comment&quot; data-placement=&quot;top&quot; data-toggle=&quot;tooltip&quot; id=&quot;commentdelete-4&quot; onclick=&quot;return deleteComment(&#039;4&#039;);&quot; style=&quot;display: none;&quot; title=&quot;&quot; type=&quot;button&quot;&gt;
                                    &lt;span class=&quot;glyphicon glyphicon-trash glyphicon-primary&quot;&gt;
                                    &lt;/span&gt;
                                 &lt;/a&gt;
                                 &lt;a class=&quot;btn btn-default btn-xs icon-button pull-right&quot; data-original-title=&quot;Edit this comment&quot; data-placement=&quot;top&quot; data-toggle=&quot;tooltip&quot; id=&quot;commentedit-4&quot; onclick=&quot;return enableEdit(&#039;4&#039;);&quot; style=&quot;display: none;&quot; title=&quot;&quot; type=&quot;button&quot;&gt;
                                    &lt;span class=&quot;glyphicon glyphicon-pencil glyphicon-primary&quot;&gt;
                                    &lt;/span&gt;
                                 &lt;/a&gt;
                                 &lt;span class=&quot;glyphicon glyphicon-eye-open&quot; data-original-title=&quot;This comment is visible to recipient&#039;s team&quot; data-placement=&quot;top&quot; data-toggle=&quot;tooltip&quot; style=&quot;margin-left: 5px;&quot; title=&quot;&quot;&gt;
                                 &lt;/span&gt;
                              &lt;/div&gt;
                              &lt;div id=&quot;plainCommentText4&quot; style=&quot;margin-left: 15px;&quot;&gt;
                                 teammates can see this comment without giver and recipient&#039;s name
                              &lt;/div&gt;
                              &lt;div id=&quot;commentTextEdit4&quot; style=&quot;display: none;&quot;&gt;
                                 &lt;div class=&quot;form-group form-inline&quot;&gt;
                                    &lt;div class=&quot;form-group text-muted&quot;&gt;
                                       You may change comment&#039;s visibility using the visibility options on the right hand side.
                                    &lt;/div&gt;
                                    &lt;a class=&quot;btn btn-sm btn-info pull-right&quot; id=&quot;visibility-options-trigger4&quot;&gt;
                                       &lt;span class=&quot;glyphicon glyphicon-eye-close&quot;&gt;
                                       &lt;/span&gt;
                                       Show Visibility Options
                                    &lt;/a&gt;
                                 &lt;/div&gt;
                                 &lt;div class=&quot;panel panel-default&quot; id=&quot;visibility-options4&quot; style=&quot;display: none;&quot;&gt;
                                    &lt;div class=&quot;panel-heading&quot;&gt;
                                       Visibility Options
                                    &lt;/div&gt;
                                    &lt;table class=&quot;table text-center text-color-black&quot;&gt;
                                       &lt;tbody&gt;
                                          &lt;tr&gt;
                                             &lt;th class=&quot;text-center&quot;&gt;
                                                User/Group
                                             &lt;/th&gt;
                                             &lt;th class=&quot;text-center&quot;&gt;
                                                Can see
                                                                your comment
                                             &lt;/th&gt;
                                             &lt;th class=&quot;text-center&quot;&gt;
                                                Can see
                                                                giver&#039;s name
                                             &lt;/th&gt;
                                             &lt;th class=&quot;text-center&quot;&gt;
                                                Can see
                                                                recipient&#039;s name
                                             &lt;/th&gt;
                                          &lt;/tr&gt;
                                          &lt;tr id=&quot;recipient-person4&quot;&gt;
                                             &lt;td class=&quot;text-left&quot;&gt;
                                                &lt;div data-original-title=&quot;Control what comment recipient(s) can view&quot; data-placement=&quot;top&quot; data-toggle=&quot;tooltip&quot; title=&quot;&quot;&gt;
                                                   Recipient(s)
                                                &lt;/div&gt;
                                             &lt;/td&gt;
                                             &lt;td&gt;
                                                &lt;input class=&quot;visibilityCheckbox answerCheckbox&quot; type=&quot;checkbox&quot; value=&quot;PERSON&quot;/&gt;
                                                                                             &lt;/td&gt;
                                             &lt;td&gt;
                                                &lt;input class=&quot;visibilityCheckbox giverCheckbox&quot; type=&quot;checkbox&quot; value=&quot;PERSON&quot;/&gt;
                                                                                             &lt;/td&gt;
                                             &lt;td&gt;
                                                &lt;input class=&quot;visibilityCheckbox recipientCheckbox&quot; disabled=&quot;disabled&quot; name=&quot;receiverFollowerCheckbox&quot; type=&quot;checkbox&quot; value=&quot;PERSON&quot;/&gt;
                                                                                             &lt;/td&gt;
                                          &lt;/tr&gt;
                                          &lt;tr id=&quot;recipient-team4&quot;&gt;
                                             &lt;td class=&quot;text-left&quot;&gt;
                                                &lt;div data-original-title=&quot;Control what team members of comment recipients can view&quot; data-placement=&quot;top&quot; data-toggle=&quot;tooltip&quot; title=&quot;&quot;&gt;
                                                   Recipient&#039;s Team
                                                &lt;/div&gt;
                                             &lt;/td&gt;
                                             &lt;td&gt;
                                                &lt;input checked=&quot;checked&quot; class=&quot;visibilityCheckbox answerCheckbox&quot; type=&quot;checkbox&quot; value=&quot;TEAM&quot;/&gt;
                                                                                             &lt;/td&gt;
                                             &lt;td&gt;
                                                &lt;input class=&quot;visibilityCheckbox giverCheckbox&quot; type=&quot;checkbox&quot; value=&quot;TEAM&quot;/&gt;
                                                                                             &lt;/td&gt;
                                             &lt;td&gt;
                                                &lt;input class=&quot;visibilityCheckbox recipientCheckbox&quot; type=&quot;checkbox&quot; value=&quot;TEAM&quot;/&gt;
                                                                                             &lt;/td&gt;
                                          &lt;/tr&gt;
                                          &lt;tr id=&quot;recipient-section4&quot;&gt;
                                             &lt;td class=&quot;text-left&quot;&gt;
                                                &lt;div data-original-title=&quot;Control what students in the same section can view&quot; data-placement=&quot;top&quot; data-toggle=&quot;tooltip&quot; title=&quot;&quot;&gt;
                                                   Recipient&#039;s Section
                                                &lt;/div&gt;
                                             &lt;/td&gt;
                                             &lt;td&gt;
                                                &lt;input class=&quot;visibilityCheckbox answerCheckbox&quot; type=&quot;checkbox&quot; value=&quot;SECTION&quot;/&gt;
                                                                                             &lt;/td&gt;
                                             &lt;td&gt;
                                                &lt;input class=&quot;visibilityCheckbox giverCheckbox&quot; type=&quot;checkbox&quot; value=&quot;SECTION&quot;/&gt;
                                                                                             &lt;/td&gt;
                                             &lt;td&gt;
                                                &lt;input class=&quot;visibilityCheckbox recipientCheckbox&quot; type=&quot;checkbox&quot; value=&quot;SECTION&quot;/&gt;
                                                                                             &lt;/td&gt;
                                          &lt;/tr&gt;
                                          &lt;tr id=&quot;recipient-course4&quot;&gt;
                                             &lt;td class=&quot;text-left&quot;&gt;
                                                &lt;div data-original-title=&quot;Control what other students in this course can view&quot; data-placement=&quot;top&quot; data-toggle=&quot;tooltip&quot; title=&quot;&quot;&gt;
                                                   Other students in this course
                                                &lt;/div&gt;
                                             &lt;/td&gt;
                                             &lt;td&gt;
                                                &lt;input class=&quot;visibilityCheckbox answerCheckbox&quot; type=&quot;checkbox&quot; value=&quot;COURSE&quot;/&gt;
                                                                                             &lt;/td&gt;
                                             &lt;td&gt;
                                                &lt;input class=&quot;visibilityCheckbox giverCheckbox&quot; type=&quot;checkbox&quot; value=&quot;COURSE&quot;/&gt;
                                                                                             &lt;/td&gt;
                                             &lt;td&gt;
                                                &lt;input class=&quot;visibilityCheckbox recipientCheckbox&quot; type=&quot;checkbox&quot; value=&quot;COURSE&quot;/&gt;
                                                                                             &lt;/td&gt;
                                          &lt;/tr&gt;
                                          &lt;tr&gt;
                                             &lt;td class=&quot;text-left&quot;&gt;
                                                &lt;div data-original-title=&quot;Control what instructors can view&quot; data-placement=&quot;top&quot; data-toggle=&quot;tooltip&quot; title=&quot;&quot;&gt;
                                                   Instructors
                                                &lt;/div&gt;
                                             &lt;/td&gt;
                                             &lt;td&gt;
                                                &lt;input class=&quot;visibilityCheckbox answerCheckbox&quot; type=&quot;checkbox&quot; value=&quot;INSTRUCTOR&quot;/&gt;
                                                                                             &lt;/td&gt;
                                             &lt;td&gt;
                                                &lt;input class=&quot;visibilityCheckbox giverCheckbox&quot; type=&quot;checkbox&quot; value=&quot;INSTRUCTOR&quot;/&gt;
                                                                                             &lt;/td&gt;
                                             &lt;td&gt;
                                                &lt;input class=&quot;visibilityCheckbox recipientCheckbox&quot; type=&quot;checkbox&quot; value=&quot;INSTRUCTOR&quot;/&gt;
                                                                                             &lt;/td&gt;
                                          &lt;/tr&gt;
                                       &lt;/tbody&gt;
                                    &lt;/table&gt;
                                 &lt;/div&gt;
                                 &lt;div class=&quot;form-group&quot;&gt;
                                    &lt;textarea class=&quot;form-control&quot; id=&quot;commentText4&quot; name=&quot;commenttext&quot; placeholder=&quot;Your comment about this student&quot; rows=&quot;3&quot;&gt;
                                       teammates can see this comment without giver and recipient&#039;s name
                                    &lt;/textarea&gt;
                                 &lt;/div&gt;
                                 &lt;div class=&quot;col-sm-offset-5&quot;&gt;
                                    &lt;input class=&quot;btn btn-primary&quot; id=&quot;commentsave-4&quot; onclick=&quot;return submitCommentForm(&#039;4&#039;);&quot; title=&quot;Save comment&quot; type=&quot;submit&quot; value=&quot;Save&quot;/&gt;
                                                                        &lt;input class=&quot;btn btn-default&quot; onclick=&quot;return disableComment(&#039;4&#039;);&quot; type=&quot;button&quot; value=&quot;Cancel&quot;/&gt;
                                                                     &lt;/div&gt;
                              &lt;/div&gt;
                              &lt;input id=&quot;commentedittype-4&quot; name=&quot;commentedittype&quot; type=&quot;hidden&quot; value=&quot;edit&quot;/&gt;
                                                            &lt;input name=&quot;commentid&quot; type=&quot;hidden&quot; value=&quot;4773701530681344&quot;/&gt;
                                                            &lt;input name=&quot;courseid&quot; type=&quot;hidden&quot; value=&quot;comments.idOfTypicalCourse1&quot;/&gt;
                                                            &lt;input name=&quot;commentpage&quot; type=&quot;hidden&quot; value=&quot;true&quot;/&gt;
                                                            &lt;input name=&quot;showcommentsto&quot; type=&quot;hidden&quot; value=&quot;TEAM&quot;/&gt;
                                                            &lt;input name=&quot;showgiverto&quot; type=&quot;hidden&quot; value=&quot;&quot;/&gt;
                                                            &lt;input name=&quot;showrecipientto&quot; type=&quot;hidden&quot; value=&quot;&quot;/&gt;
                                                            &lt;input name=&quot;user&quot; type=&quot;hidden&quot; value=&quot;comments.idOfInstructor1OfCourse1&quot;/&gt;
                                                         &lt;/form&gt;
                        &lt;/li&gt;
                        &lt;li class=&quot;list-group-item list-group-item-warning status_display-public&quot; id=&quot;4914439019036672&quot;&gt;
                           &lt;form action=&quot;/page/instructorStudentCommentEdit&quot; class=&quot;form_comment&quot; id=&quot;form_commentedit-5&quot; method=&quot;post&quot; name=&quot;form_commentedit&quot;&gt;
                              &lt;div id=&quot;commentBar-5&quot;&gt;
                                 &lt;span class=&quot;text-muted&quot;&gt;
                                    To
                                    &lt;b&gt;
                                       student1 In Course1
                                    &lt;/b&gt;
                                    (Team 1.1,
                                    &lt;a href=&quot;mailto:comments.student1InCourse1@gmail.tmt&quot;&gt;
                                       comments.student1InCourse1@gmail.tmt
                                    &lt;/a&gt;
                                    ) on
                                                03 May 2012, 08:51
                                 &lt;/span&gt;
                                 &lt;a class=&quot;btn btn-default btn-xs icon-button pull-right&quot; data-original-title=&quot;Delete this comment&quot; data-placement=&quot;top&quot; data-toggle=&quot;tooltip&quot; id=&quot;commentdelete-5&quot; onclick=&quot;return deleteComment(&#039;5&#039;);&quot; style=&quot;display: none;&quot; title=&quot;&quot; type=&quot;button&quot;&gt;
                                    &lt;span class=&quot;glyphicon glyphicon-trash glyphicon-primary&quot;&gt;
                                    &lt;/span&gt;
                                 &lt;/a&gt;
                                 &lt;a class=&quot;btn btn-default btn-xs icon-button pull-right&quot; data-original-title=&quot;Edit this comment&quot; data-placement=&quot;top&quot; data-toggle=&quot;tooltip&quot; id=&quot;commentedit-5&quot; onclick=&quot;return enableEdit(&#039;5&#039;);&quot; style=&quot;display: none;&quot; title=&quot;&quot; type=&quot;button&quot;&gt;
                                    &lt;span class=&quot;glyphicon glyphicon-pencil glyphicon-primary&quot;&gt;
                                    &lt;/span&gt;
                                 &lt;/a&gt;
                                 &lt;span class=&quot;glyphicon glyphicon-eye-open&quot; data-original-title=&quot;This comment is visible to recipient&#039;s team&quot; data-placement=&quot;top&quot; data-toggle=&quot;tooltip&quot; style=&quot;margin-left: 5px;&quot; title=&quot;&quot;&gt;
                                 &lt;/span&gt;
                              &lt;/div&gt;
                              &lt;div id=&quot;plainCommentText5&quot; style=&quot;margin-left: 15px;&quot;&gt;
                                 teammates can see this comment with giver and recipient&#039;s name
                              &lt;/div&gt;
                              &lt;div id=&quot;commentTextEdit5&quot; style=&quot;display: none;&quot;&gt;
                                 &lt;div class=&quot;form-group form-inline&quot;&gt;
                                    &lt;div class=&quot;form-group text-muted&quot;&gt;
                                       You may change comment&#039;s visibility using the visibility options on the right hand side.
                                    &lt;/div&gt;
                                    &lt;a class=&quot;btn btn-sm btn-info pull-right&quot; id=&quot;visibility-options-trigger5&quot;&gt;
                                       &lt;span class=&quot;glyphicon glyphicon-eye-close&quot;&gt;
                                       &lt;/span&gt;
                                       Show Visibility Options
                                    &lt;/a&gt;
                                 &lt;/div&gt;
                                 &lt;div class=&quot;panel panel-default&quot; id=&quot;visibility-options5&quot; style=&quot;display: none;&quot;&gt;
                                    &lt;div class=&quot;panel-heading&quot;&gt;
                                       Visibility Options
                                    &lt;/div&gt;
                                    &lt;table class=&quot;table text-center text-color-black&quot;&gt;
                                       &lt;tbody&gt;
                                          &lt;tr&gt;
                                             &lt;th class=&quot;text-center&quot;&gt;
                                                User/Group
                                             &lt;/th&gt;
                                             &lt;th class=&quot;text-center&quot;&gt;
                                                Can see
                                                                your comment
                                             &lt;/th&gt;
                                             &lt;th class=&quot;text-center&quot;&gt;
                                                Can see
                                                                giver&#039;s name
                                             &lt;/th&gt;
                                             &lt;th class=&quot;text-center&quot;&gt;
                                                Can see
                                                                recipient&#039;s name
                                             &lt;/th&gt;
                                          &lt;/tr&gt;
                                          &lt;tr id=&quot;recipient-person5&quot;&gt;
                                             &lt;td class=&quot;text-left&quot;&gt;
                                                &lt;div data-original-title=&quot;Control what comment recipient(s) can view&quot; data-placement=&quot;top&quot; data-toggle=&quot;tooltip&quot; title=&quot;&quot;&gt;
                                                   Recipient(s)
                                                &lt;/div&gt;
                                             &lt;/td&gt;
                                             &lt;td&gt;
                                                &lt;input class=&quot;visibilityCheckbox answerCheckbox&quot; type=&quot;checkbox&quot; value=&quot;PERSON&quot;/&gt;
                                                                                             &lt;/td&gt;
                                             &lt;td&gt;
                                                &lt;input class=&quot;visibilityCheckbox giverCheckbox&quot; type=&quot;checkbox&quot; value=&quot;PERSON&quot;/&gt;
                                                                                             &lt;/td&gt;
                                             &lt;td&gt;
                                                &lt;input class=&quot;visibilityCheckbox recipientCheckbox&quot; disabled=&quot;disabled&quot; name=&quot;receiverFollowerCheckbox&quot; type=&quot;checkbox&quot; value=&quot;PERSON&quot;/&gt;
                                                                                             &lt;/td&gt;
                                          &lt;/tr&gt;
                                          &lt;tr id=&quot;recipient-team5&quot;&gt;
                                             &lt;td class=&quot;text-left&quot;&gt;
                                                &lt;div data-original-title=&quot;Control what team members of comment recipients can view&quot; data-placement=&quot;top&quot; data-toggle=&quot;tooltip&quot; title=&quot;&quot;&gt;
                                                   Recipient&#039;s Team
                                                &lt;/div&gt;
                                             &lt;/td&gt;
                                             &lt;td&gt;
                                                &lt;input checked=&quot;checked&quot; class=&quot;visibilityCheckbox answerCheckbox&quot; type=&quot;checkbox&quot; value=&quot;TEAM&quot;/&gt;
                                                                                             &lt;/td&gt;
                                             &lt;td&gt;
                                                &lt;input checked=&quot;checked&quot; class=&quot;visibilityCheckbox giverCheckbox&quot; type=&quot;checkbox&quot; value=&quot;TEAM&quot;/&gt;
                                                                                             &lt;/td&gt;
                                             &lt;td&gt;
                                                &lt;input checked=&quot;checked&quot; class=&quot;visibilityCheckbox recipientCheckbox&quot; type=&quot;checkbox&quot; value=&quot;TEAM&quot;/&gt;
                                                                                             &lt;/td&gt;
                                          &lt;/tr&gt;
                                          &lt;tr id=&quot;recipient-section5&quot;&gt;
                                             &lt;td class=&quot;text-left&quot;&gt;
                                                &lt;div data-original-title=&quot;Control what students in the same section can view&quot; data-placement=&quot;top&quot; data-toggle=&quot;tooltip&quot; title=&quot;&quot;&gt;
                                                   Recipient&#039;s Section
                                                &lt;/div&gt;
                                             &lt;/td&gt;
                                             &lt;td&gt;
                                                &lt;input class=&quot;visibilityCheckbox answerCheckbox&quot; type=&quot;checkbox&quot; value=&quot;SECTION&quot;/&gt;
                                                                                             &lt;/td&gt;
                                             &lt;td&gt;
                                                &lt;input class=&quot;visibilityCheckbox giverCheckbox&quot; type=&quot;checkbox&quot; value=&quot;SECTION&quot;/&gt;
                                                                                             &lt;/td&gt;
                                             &lt;td&gt;
                                                &lt;input class=&quot;visibilityCheckbox recipientCheckbox&quot; type=&quot;checkbox&quot; value=&quot;SECTION&quot;/&gt;
                                                                                             &lt;/td&gt;
                                          &lt;/tr&gt;
                                          &lt;tr id=&quot;recipient-course5&quot;&gt;
                                             &lt;td class=&quot;text-left&quot;&gt;
                                                &lt;div data-original-title=&quot;Control what other students in this course can view&quot; data-placement=&quot;top&quot; data-toggle=&quot;tooltip&quot; title=&quot;&quot;&gt;
                                                   Other students in this course
                                                &lt;/div&gt;
                                             &lt;/td&gt;
                                             &lt;td&gt;
                                                &lt;input class=&quot;visibilityCheckbox answerCheckbox&quot; type=&quot;checkbox&quot; value=&quot;COURSE&quot;/&gt;
                                                                                             &lt;/td&gt;
                                             &lt;td&gt;
                                                &lt;input class=&quot;visibilityCheckbox giverCheckbox&quot; type=&quot;checkbox&quot; value=&quot;COURSE&quot;/&gt;
                                                                                             &lt;/td&gt;
                                             &lt;td&gt;
                                                &lt;input class=&quot;visibilityCheckbox recipientCheckbox&quot; type=&quot;checkbox&quot; value=&quot;COURSE&quot;/&gt;
                                                                                             &lt;/td&gt;
                                          &lt;/tr&gt;
                                          &lt;tr&gt;
                                             &lt;td class=&quot;text-left&quot;&gt;
                                                &lt;div data-original-title=&quot;Control what instructors can view&quot; data-placement=&quot;top&quot; data-toggle=&quot;tooltip&quot; title=&quot;&quot;&gt;
                                                   Instructors
                                                &lt;/div&gt;
                                             &lt;/td&gt;
                                             &lt;td&gt;
                                                &lt;input class=&quot;visibilityCheckbox answerCheckbox&quot; type=&quot;checkbox&quot; value=&quot;INSTRUCTOR&quot;/&gt;
                                                                                             &lt;/td&gt;
                                             &lt;td&gt;
                                                &lt;input class=&quot;visibilityCheckbox giverCheckbox&quot; type=&quot;checkbox&quot; value=&quot;INSTRUCTOR&quot;/&gt;
                                                                                             &lt;/td&gt;
                                             &lt;td&gt;
                                                &lt;input class=&quot;visibilityCheckbox recipientCheckbox&quot; type=&quot;checkbox&quot; value=&quot;INSTRUCTOR&quot;/&gt;
                                                                                             &lt;/td&gt;
                                          &lt;/tr&gt;
                                       &lt;/tbody&gt;
                                    &lt;/table&gt;
                                 &lt;/div&gt;
                                 &lt;div class=&quot;form-group&quot;&gt;
                                    &lt;textarea class=&quot;form-control&quot; id=&quot;commentText5&quot; name=&quot;commenttext&quot; placeholder=&quot;Your comment about this student&quot; rows=&quot;3&quot;&gt;
                                       teammates can see this comment with giver and recipient&#039;s name
                                    &lt;/textarea&gt;
                                 &lt;/div&gt;
                                 &lt;div class=&quot;col-sm-offset-5&quot;&gt;
                                    &lt;input class=&quot;btn btn-primary&quot; id=&quot;commentsave-5&quot; onclick=&quot;return submitCommentForm(&#039;5&#039;);&quot; title=&quot;Save comment&quot; type=&quot;submit&quot; value=&quot;Save&quot;/&gt;
                                                                        &lt;input class=&quot;btn btn-default&quot; onclick=&quot;return disableComment(&#039;5&#039;);&quot; type=&quot;button&quot; value=&quot;Cancel&quot;/&gt;
                                                                     &lt;/div&gt;
                              &lt;/div&gt;
                              &lt;input id=&quot;commentedittype-5&quot; name=&quot;commentedittype&quot; type=&quot;hidden&quot; value=&quot;edit&quot;/&gt;
                                                            &lt;input name=&quot;commentid&quot; type=&quot;hidden&quot; value=&quot;4914439019036672&quot;/&gt;
                                                            &lt;input name=&quot;courseid&quot; type=&quot;hidden&quot; value=&quot;comments.idOfTypicalCourse1&quot;/&gt;
                                                            &lt;input name=&quot;commentpage&quot; type=&quot;hidden&quot; value=&quot;true&quot;/&gt;
                                                            &lt;input name=&quot;showcommentsto&quot; type=&quot;hidden&quot; value=&quot;TEAM&quot;/&gt;
                                                            &lt;input name=&quot;showgiverto&quot; type=&quot;hidden&quot; value=&quot;TEAM&quot;/&gt;
                                                            &lt;input name=&quot;showrecipientto&quot; type=&quot;hidden&quot; value=&quot;TEAM&quot;/&gt;
                                                            &lt;input name=&quot;user&quot; type=&quot;hidden&quot; value=&quot;comments.idOfInstructor1OfCourse1&quot;/&gt;
                                                         &lt;/form&gt;
                        &lt;/li&gt;
                        &lt;li class=&quot;list-group-item list-group-item-warning status_display-public&quot; id=&quot;5477388972457984&quot;&gt;
                           &lt;form action=&quot;/page/instructorStudentCommentEdit&quot; class=&quot;form_comment&quot; id=&quot;form_commentedit-6&quot; method=&quot;post&quot; name=&quot;form_commentedit&quot;&gt;
                              &lt;div id=&quot;commentBar-6&quot;&gt;
                                 &lt;span class=&quot;text-muted&quot;&gt;
                                    To
                                    &lt;b&gt;
                                       student1 In Course1
                                    &lt;/b&gt;
                                    (Team 1.1,
                                    &lt;a href=&quot;mailto:comments.student1InCourse1@gmail.tmt&quot;&gt;
                                       comments.student1InCourse1@gmail.tmt
                                    &lt;/a&gt;
                                    ) on
                                                02 May 2012, 08:50
                                 &lt;/span&gt;
                                 &lt;a class=&quot;btn btn-default btn-xs icon-button pull-right&quot; data-original-title=&quot;Delete this comment&quot; data-placement=&quot;top&quot; data-toggle=&quot;tooltip&quot; id=&quot;commentdelete-6&quot; onclick=&quot;return deleteComment(&#039;6&#039;);&quot; style=&quot;display: none;&quot; title=&quot;&quot; type=&quot;button&quot;&gt;
                                    &lt;span class=&quot;glyphicon glyphicon-trash glyphicon-primary&quot;&gt;
                                    &lt;/span&gt;
                                 &lt;/a&gt;
                                 &lt;a class=&quot;btn btn-default btn-xs icon-button pull-right&quot; data-original-title=&quot;Edit this comment&quot; data-placement=&quot;top&quot; data-toggle=&quot;tooltip&quot; id=&quot;commentedit-6&quot; onclick=&quot;return enableEdit(&#039;6&#039;);&quot; style=&quot;display: none;&quot; title=&quot;&quot; type=&quot;button&quot;&gt;
                                    &lt;span class=&quot;glyphicon glyphicon-pencil glyphicon-primary&quot;&gt;
                                    &lt;/span&gt;
                                 &lt;/a&gt;
                                 &lt;span class=&quot;glyphicon glyphicon-eye-open&quot; data-original-title=&quot;This comment is visible to recipient&quot; data-placement=&quot;top&quot; data-toggle=&quot;tooltip&quot; style=&quot;margin-left: 5px;&quot; title=&quot;&quot;&gt;
                                 &lt;/span&gt;
                              &lt;/div&gt;
                              &lt;div id=&quot;plainCommentText6&quot; style=&quot;margin-left: 15px;&quot;&gt;
                                 recipient can see this comment without giver&#039;s name
                              &lt;/div&gt;
                              &lt;div id=&quot;commentTextEdit6&quot; style=&quot;display: none;&quot;&gt;
                                 &lt;div class=&quot;form-group form-inline&quot;&gt;
                                    &lt;div class=&quot;form-group text-muted&quot;&gt;
                                       You may change comment&#039;s visibility using the visibility options on the right hand side.
                                    &lt;/div&gt;
                                    &lt;a class=&quot;btn btn-sm btn-info pull-right&quot; id=&quot;visibility-options-trigger6&quot;&gt;
                                       &lt;span class=&quot;glyphicon glyphicon-eye-close&quot;&gt;
                                       &lt;/span&gt;
                                       Show Visibility Options
                                    &lt;/a&gt;
                                 &lt;/div&gt;
                                 &lt;div class=&quot;panel panel-default&quot; id=&quot;visibility-options6&quot; style=&quot;display: none;&quot;&gt;
                                    &lt;div class=&quot;panel-heading&quot;&gt;
                                       Visibility Options
                                    &lt;/div&gt;
                                    &lt;table class=&quot;table text-center text-color-black&quot;&gt;
                                       &lt;tbody&gt;
                                          &lt;tr&gt;
                                             &lt;th class=&quot;text-center&quot;&gt;
                                                User/Group
                                             &lt;/th&gt;
                                             &lt;th class=&quot;text-center&quot;&gt;
                                                Can see
                                                                your comment
                                             &lt;/th&gt;
                                             &lt;th class=&quot;text-center&quot;&gt;
                                                Can see
                                                                giver&#039;s name
                                             &lt;/th&gt;
                                             &lt;th class=&quot;text-center&quot;&gt;
                                                Can see
                                                                recipient&#039;s name
                                             &lt;/th&gt;
                                          &lt;/tr&gt;
                                          &lt;tr id=&quot;recipient-person6&quot;&gt;
                                             &lt;td class=&quot;text-left&quot;&gt;
                                                &lt;div data-original-title=&quot;Control what comment recipient(s) can view&quot; data-placement=&quot;top&quot; data-toggle=&quot;tooltip&quot; title=&quot;&quot;&gt;
                                                   Recipient(s)
                                                &lt;/div&gt;
                                             &lt;/td&gt;
                                             &lt;td&gt;
                                                &lt;input checked=&quot;checked&quot; class=&quot;visibilityCheckbox answerCheckbox&quot; type=&quot;checkbox&quot; value=&quot;PERSON&quot;/&gt;
                                                                                             &lt;/td&gt;
                                             &lt;td&gt;
                                                &lt;input class=&quot;visibilityCheckbox giverCheckbox&quot; type=&quot;checkbox&quot; value=&quot;PERSON&quot;/&gt;
                                                                                             &lt;/td&gt;
                                             &lt;td&gt;
                                                &lt;input class=&quot;visibilityCheckbox recipientCheckbox&quot; disabled=&quot;disabled&quot; name=&quot;receiverFollowerCheckbox&quot; type=&quot;checkbox&quot; value=&quot;PERSON&quot;/&gt;
                                                                                             &lt;/td&gt;
                                          &lt;/tr&gt;
                                          &lt;tr id=&quot;recipient-team6&quot;&gt;
                                             &lt;td class=&quot;text-left&quot;&gt;
                                                &lt;div data-original-title=&quot;Control what team members of comment recipients can view&quot; data-placement=&quot;top&quot; data-toggle=&quot;tooltip&quot; title=&quot;&quot;&gt;
                                                   Recipient&#039;s Team
                                                &lt;/div&gt;
                                             &lt;/td&gt;
                                             &lt;td&gt;
                                                &lt;input class=&quot;visibilityCheckbox answerCheckbox&quot; type=&quot;checkbox&quot; value=&quot;TEAM&quot;/&gt;
                                                                                             &lt;/td&gt;
                                             &lt;td&gt;
                                                &lt;input class=&quot;visibilityCheckbox giverCheckbox&quot; type=&quot;checkbox&quot; value=&quot;TEAM&quot;/&gt;
                                                                                             &lt;/td&gt;
                                             &lt;td&gt;
                                                &lt;input class=&quot;visibilityCheckbox recipientCheckbox&quot; type=&quot;checkbox&quot; value=&quot;TEAM&quot;/&gt;
                                                                                             &lt;/td&gt;
                                          &lt;/tr&gt;
                                          &lt;tr id=&quot;recipient-section6&quot;&gt;
                                             &lt;td class=&quot;text-left&quot;&gt;
                                                &lt;div data-original-title=&quot;Control what students in the same section can view&quot; data-placement=&quot;top&quot; data-toggle=&quot;tooltip&quot; title=&quot;&quot;&gt;
                                                   Recipient&#039;s Section
                                                &lt;/div&gt;
                                             &lt;/td&gt;
                                             &lt;td&gt;
                                                &lt;input class=&quot;visibilityCheckbox answerCheckbox&quot; type=&quot;checkbox&quot; value=&quot;SECTION&quot;/&gt;
                                                                                             &lt;/td&gt;
                                             &lt;td&gt;
                                                &lt;input class=&quot;visibilityCheckbox giverCheckbox&quot; type=&quot;checkbox&quot; value=&quot;SECTION&quot;/&gt;
                                                                                             &lt;/td&gt;
                                             &lt;td&gt;
                                                &lt;input class=&quot;visibilityCheckbox recipientCheckbox&quot; type=&quot;checkbox&quot; value=&quot;SECTION&quot;/&gt;
                                                                                             &lt;/td&gt;
                                          &lt;/tr&gt;
                                          &lt;tr id=&quot;recipient-course6&quot;&gt;
                                             &lt;td class=&quot;text-left&quot;&gt;
                                                &lt;div data-original-title=&quot;Control what other students in this course can view&quot; data-placement=&quot;top&quot; data-toggle=&quot;tooltip&quot; title=&quot;&quot;&gt;
                                                   Other students in this course
                                                &lt;/div&gt;
                                             &lt;/td&gt;
                                             &lt;td&gt;
                                                &lt;input class=&quot;visibilityCheckbox answerCheckbox&quot; type=&quot;checkbox&quot; value=&quot;COURSE&quot;/&gt;
                                                                                             &lt;/td&gt;
                                             &lt;td&gt;
                                                &lt;input class=&quot;visibilityCheckbox giverCheckbox&quot; type=&quot;checkbox&quot; value=&quot;COURSE&quot;/&gt;
                                                                                             &lt;/td&gt;
                                             &lt;td&gt;
                                                &lt;input class=&quot;visibilityCheckbox recipientCheckbox&quot; type=&quot;checkbox&quot; value=&quot;COURSE&quot;/&gt;
                                                                                             &lt;/td&gt;
                                          &lt;/tr&gt;
                                          &lt;tr&gt;
                                             &lt;td class=&quot;text-left&quot;&gt;
                                                &lt;div data-original-title=&quot;Control what instructors can view&quot; data-placement=&quot;top&quot; data-toggle=&quot;tooltip&quot; title=&quot;&quot;&gt;
                                                   Instructors
                                                &lt;/div&gt;
                                             &lt;/td&gt;
                                             &lt;td&gt;
                                                &lt;input class=&quot;visibilityCheckbox answerCheckbox&quot; type=&quot;checkbox&quot; value=&quot;INSTRUCTOR&quot;/&gt;
                                                                                             &lt;/td&gt;
                                             &lt;td&gt;
                                                &lt;input class=&quot;visibilityCheckbox giverCheckbox&quot; type=&quot;checkbox&quot; value=&quot;INSTRUCTOR&quot;/&gt;
                                                                                             &lt;/td&gt;
                                             &lt;td&gt;
                                                &lt;input class=&quot;visibilityCheckbox recipientCheckbox&quot; type=&quot;checkbox&quot; value=&quot;INSTRUCTOR&quot;/&gt;
                                                                                             &lt;/td&gt;
                                          &lt;/tr&gt;
                                       &lt;/tbody&gt;
                                    &lt;/table&gt;
                                 &lt;/div&gt;
                                 &lt;div class=&quot;form-group&quot;&gt;
                                    &lt;textarea class=&quot;form-control&quot; id=&quot;commentText6&quot; name=&quot;commenttext&quot; placeholder=&quot;Your comment about this student&quot; rows=&quot;3&quot;&gt;
                                       recipient can see this comment without giver&#039;s name
                                    &lt;/textarea&gt;
                                 &lt;/div&gt;
                                 &lt;div class=&quot;col-sm-offset-5&quot;&gt;
                                    &lt;input class=&quot;btn btn-primary&quot; id=&quot;commentsave-6&quot; onclick=&quot;return submitCommentForm(&#039;6&#039;);&quot; title=&quot;Save comment&quot; type=&quot;submit&quot; value=&quot;Save&quot;/&gt;
                                                                        &lt;input class=&quot;btn btn-default&quot; onclick=&quot;return disableComment(&#039;6&#039;);&quot; type=&quot;button&quot; value=&quot;Cancel&quot;/&gt;
                                                                     &lt;/div&gt;
                              &lt;/div&gt;
                              &lt;input id=&quot;commentedittype-6&quot; name=&quot;commentedittype&quot; type=&quot;hidden&quot; value=&quot;edit&quot;/&gt;
                                                            &lt;input name=&quot;commentid&quot; type=&quot;hidden&quot; value=&quot;5477388972457984&quot;/&gt;
                                                            &lt;input name=&quot;courseid&quot; type=&quot;hidden&quot; value=&quot;comments.idOfTypicalCourse1&quot;/&gt;
                                                            &lt;input name=&quot;commentpage&quot; type=&quot;hidden&quot; value=&quot;true&quot;/&gt;
                                                            &lt;input name=&quot;showcommentsto&quot; type=&quot;hidden&quot; value=&quot;PERSON&quot;/&gt;
                                                            &lt;input name=&quot;showgiverto&quot; type=&quot;hidden&quot; value=&quot;&quot;/&gt;
                                                            &lt;input name=&quot;showrecipientto&quot; type=&quot;hidden&quot; value=&quot;&quot;/&gt;
                                                            &lt;input name=&quot;user&quot; type=&quot;hidden&quot; value=&quot;comments.idOfInstructor1OfCourse1&quot;/&gt;
                                                         &lt;/form&gt;
                        &lt;/li&gt;
                        &lt;li class=&quot;list-group-item list-group-item-warning status_display-public&quot; id=&quot;5758863949168640&quot;&gt;
                           &lt;form action=&quot;/page/instructorStudentCommentEdit&quot; class=&quot;form_comment&quot; id=&quot;form_commentedit-7&quot; method=&quot;post&quot; name=&quot;form_commentedit&quot;&gt;
                              &lt;div id=&quot;commentBar-7&quot;&gt;
                                 &lt;span class=&quot;text-muted&quot;&gt;
                                    To
                                    &lt;b&gt;
                                       student1 In Course1
                                    &lt;/b&gt;
                                    (Team 1.1,
                                    &lt;a href=&quot;mailto:comments.student1InCourse1@gmail.tmt&quot;&gt;
                                       comments.student1InCourse1@gmail.tmt
                                    &lt;/a&gt;
                                    ) on
                                                01 May 2012, 08:49
                                 &lt;/span&gt;
                                 &lt;a class=&quot;btn btn-default btn-xs icon-button pull-right&quot; data-original-title=&quot;Delete this comment&quot; data-placement=&quot;top&quot; data-toggle=&quot;tooltip&quot; id=&quot;commentdelete-7&quot; onclick=&quot;return deleteComment(&#039;7&#039;);&quot; style=&quot;display: none;&quot; title=&quot;&quot; type=&quot;button&quot;&gt;
                                    &lt;span class=&quot;glyphicon glyphicon-trash glyphicon-primary&quot;&gt;
                                    &lt;/span&gt;
                                 &lt;/a&gt;
                                 &lt;a class=&quot;btn btn-default btn-xs icon-button pull-right&quot; data-original-title=&quot;Edit this comment&quot; data-placement=&quot;top&quot; data-toggle=&quot;tooltip&quot; id=&quot;commentedit-7&quot; onclick=&quot;return enableEdit(&#039;7&#039;);&quot; style=&quot;display: none;&quot; title=&quot;&quot; type=&quot;button&quot;&gt;
                                    &lt;span class=&quot;glyphicon glyphicon-pencil glyphicon-primary&quot;&gt;
                                    &lt;/span&gt;
                                 &lt;/a&gt;
                                 &lt;span class=&quot;glyphicon glyphicon-eye-open&quot; data-original-title=&quot;This comment is visible to recipient&quot; data-placement=&quot;top&quot; data-toggle=&quot;tooltip&quot; style=&quot;margin-left: 5px;&quot; title=&quot;&quot;&gt;
                                 &lt;/span&gt;
                              &lt;/div&gt;
                              &lt;div id=&quot;plainCommentText7&quot; style=&quot;margin-left: 15px;&quot;&gt;
                                 recipient can see this comment with giver and recipient&#039;s name
                              &lt;/div&gt;
                              &lt;div id=&quot;commentTextEdit7&quot; style=&quot;display: none;&quot;&gt;
                                 &lt;div class=&quot;form-group form-inline&quot;&gt;
                                    &lt;div class=&quot;form-group text-muted&quot;&gt;
                                       You may change comment&#039;s visibility using the visibility options on the right hand side.
                                    &lt;/div&gt;
                                    &lt;a class=&quot;btn btn-sm btn-info pull-right&quot; id=&quot;visibility-options-trigger7&quot;&gt;
                                       &lt;span class=&quot;glyphicon glyphicon-eye-close&quot;&gt;
                                       &lt;/span&gt;
                                       Show Visibility Options
                                    &lt;/a&gt;
                                 &lt;/div&gt;
                                 &lt;div class=&quot;panel panel-default&quot; id=&quot;visibility-options7&quot; style=&quot;display: none;&quot;&gt;
                                    &lt;div class=&quot;panel-heading&quot;&gt;
                                       Visibility Options
                                    &lt;/div&gt;
                                    &lt;table class=&quot;table text-center text-color-black&quot;&gt;
                                       &lt;tbody&gt;
                                          &lt;tr&gt;
                                             &lt;th class=&quot;text-center&quot;&gt;
                                                User/Group
                                             &lt;/th&gt;
                                             &lt;th class=&quot;text-center&quot;&gt;
                                                Can see
                                                                your comment
                                             &lt;/th&gt;
                                             &lt;th class=&quot;text-center&quot;&gt;
                                                Can see
                                                                giver&#039;s name
                                             &lt;/th&gt;
                                             &lt;th class=&quot;text-center&quot;&gt;
                                                Can see
                                                                recipient&#039;s name
                                             &lt;/th&gt;
                                          &lt;/tr&gt;
                                          &lt;tr id=&quot;recipient-person7&quot;&gt;
                                             &lt;td class=&quot;text-left&quot;&gt;
                                                &lt;div data-original-title=&quot;Control what comment recipient(s) can view&quot; data-placement=&quot;top&quot; data-toggle=&quot;tooltip&quot; title=&quot;&quot;&gt;
                                                   Recipient(s)
                                                &lt;/div&gt;
                                             &lt;/td&gt;
                                             &lt;td&gt;
                                                &lt;input checked=&quot;checked&quot; class=&quot;visibilityCheckbox answerCheckbox&quot; type=&quot;checkbox&quot; value=&quot;PERSON&quot;/&gt;
                                                                                             &lt;/td&gt;
                                             &lt;td&gt;
                                                &lt;input checked=&quot;checked&quot; class=&quot;visibilityCheckbox giverCheckbox&quot; type=&quot;checkbox&quot; value=&quot;PERSON&quot;/&gt;
                                                                                             &lt;/td&gt;
                                             &lt;td&gt;
                                                &lt;input class=&quot;visibilityCheckbox recipientCheckbox&quot; disabled=&quot;disabled&quot; name=&quot;receiverFollowerCheckbox&quot; type=&quot;checkbox&quot; value=&quot;PERSON&quot;/&gt;
                                                                                             &lt;/td&gt;
                                          &lt;/tr&gt;
                                          &lt;tr id=&quot;recipient-team7&quot;&gt;
                                             &lt;td class=&quot;text-left&quot;&gt;
                                                &lt;div data-original-title=&quot;Control what team members of comment recipients can view&quot; data-placement=&quot;top&quot; data-toggle=&quot;tooltip&quot; title=&quot;&quot;&gt;
                                                   Recipient&#039;s Team
                                                &lt;/div&gt;
                                             &lt;/td&gt;
                                             &lt;td&gt;
                                                &lt;input class=&quot;visibilityCheckbox answerCheckbox&quot; type=&quot;checkbox&quot; value=&quot;TEAM&quot;/&gt;
                                                                                             &lt;/td&gt;
                                             &lt;td&gt;
                                                &lt;input class=&quot;visibilityCheckbox giverCheckbox&quot; type=&quot;checkbox&quot; value=&quot;TEAM&quot;/&gt;
                                                                                             &lt;/td&gt;
                                             &lt;td&gt;
                                                &lt;input class=&quot;visibilityCheckbox recipientCheckbox&quot; type=&quot;checkbox&quot; value=&quot;TEAM&quot;/&gt;
                                                                                             &lt;/td&gt;
                                          &lt;/tr&gt;
                                          &lt;tr id=&quot;recipient-section7&quot;&gt;
                                             &lt;td class=&quot;text-left&quot;&gt;
                                                &lt;div data-original-title=&quot;Control what students in the same section can view&quot; data-placement=&quot;top&quot; data-toggle=&quot;tooltip&quot; title=&quot;&quot;&gt;
                                                   Recipient&#039;s Section
                                                &lt;/div&gt;
                                             &lt;/td&gt;
                                             &lt;td&gt;
                                                &lt;input class=&quot;visibilityCheckbox answerCheckbox&quot; type=&quot;checkbox&quot; value=&quot;SECTION&quot;/&gt;
                                                                                             &lt;/td&gt;
                                             &lt;td&gt;
                                                &lt;input class=&quot;visibilityCheckbox giverCheckbox&quot; type=&quot;checkbox&quot; value=&quot;SECTION&quot;/&gt;
                                                                                             &lt;/td&gt;
                                             &lt;td&gt;
                                                &lt;input class=&quot;visibilityCheckbox recipientCheckbox&quot; type=&quot;checkbox&quot; value=&quot;SECTION&quot;/&gt;
                                                                                             &lt;/td&gt;
                                          &lt;/tr&gt;
                                          &lt;tr id=&quot;recipient-course7&quot;&gt;
                                             &lt;td class=&quot;text-left&quot;&gt;
                                                &lt;div data-original-title=&quot;Control what other students in this course can view&quot; data-placement=&quot;top&quot; data-toggle=&quot;tooltip&quot; title=&quot;&quot;&gt;
                                                   Other students in this course
                                                &lt;/div&gt;
                                             &lt;/td&gt;
                                             &lt;td&gt;
                                                &lt;input class=&quot;visibilityCheckbox answerCheckbox&quot; type=&quot;checkbox&quot; value=&quot;COURSE&quot;/&gt;
                                                                                             &lt;/td&gt;
                                             &lt;td&gt;
                                                &lt;input class=&quot;visibilityCheckbox giverCheckbox&quot; type=&quot;checkbox&quot; value=&quot;COURSE&quot;/&gt;
                                                                                             &lt;/td&gt;
                                             &lt;td&gt;
                                                &lt;input class=&quot;visibilityCheckbox recipientCheckbox&quot; type=&quot;checkbox&quot; value=&quot;COURSE&quot;/&gt;
                                                                                             &lt;/td&gt;
                                          &lt;/tr&gt;
                                          &lt;tr&gt;
                                             &lt;td class=&quot;text-left&quot;&gt;
                                                &lt;div data-original-title=&quot;Control what instructors can view&quot; data-placement=&quot;top&quot; data-toggle=&quot;tooltip&quot; title=&quot;&quot;&gt;
                                                   Instructors
                                                &lt;/div&gt;
                                             &lt;/td&gt;
                                             &lt;td&gt;
                                                &lt;input class=&quot;visibilityCheckbox answerCheckbox&quot; type=&quot;checkbox&quot; value=&quot;INSTRUCTOR&quot;/&gt;
                                                                                             &lt;/td&gt;
                                             &lt;td&gt;
                                                &lt;input class=&quot;visibilityCheckbox giverCheckbox&quot; type=&quot;checkbox&quot; value=&quot;INSTRUCTOR&quot;/&gt;
                                                                                             &lt;/td&gt;
                                             &lt;td&gt;
                                                &lt;input class=&quot;visibilityCheckbox recipientCheckbox&quot; type=&quot;checkbox&quot; value=&quot;INSTRUCTOR&quot;/&gt;
                                                                                             &lt;/td&gt;
                                          &lt;/tr&gt;
                                       &lt;/tbody&gt;
                                    &lt;/table&gt;
                                 &lt;/div&gt;
                                 &lt;div class=&quot;form-group&quot;&gt;
                                    &lt;textarea class=&quot;form-control&quot; id=&quot;commentText7&quot; name=&quot;commenttext&quot; placeholder=&quot;Your comment about this student&quot; rows=&quot;3&quot;&gt;
                                       recipient can see this comment with giver and recipient&#039;s name
                                    &lt;/textarea&gt;
                                 &lt;/div&gt;
                                 &lt;div class=&quot;col-sm-offset-5&quot;&gt;
                                    &lt;input class=&quot;btn btn-primary&quot; id=&quot;commentsave-7&quot; onclick=&quot;return submitCommentForm(&#039;7&#039;);&quot; title=&quot;Save comment&quot; type=&quot;submit&quot; value=&quot;Save&quot;/&gt;
                                                                        &lt;input class=&quot;btn btn-default&quot; onclick=&quot;return disableComment(&#039;7&#039;);&quot; type=&quot;button&quot; value=&quot;Cancel&quot;/&gt;
                                                                     &lt;/div&gt;
                              &lt;/div&gt;
                              &lt;input id=&quot;commentedittype-7&quot; name=&quot;commentedittype&quot; type=&quot;hidden&quot; value=&quot;edit&quot;/&gt;
                                                            &lt;input name=&quot;commentid&quot; type=&quot;hidden&quot; value=&quot;5758863949168640&quot;/&gt;
                                                            &lt;input name=&quot;courseid&quot; type=&quot;hidden&quot; value=&quot;comments.idOfTypicalCourse1&quot;/&gt;
                                                            &lt;input name=&quot;commentpage&quot; type=&quot;hidden&quot; value=&quot;true&quot;/&gt;
                                                            &lt;input name=&quot;showcommentsto&quot; type=&quot;hidden&quot; value=&quot;PERSON&quot;/&gt;
                                                            &lt;input name=&quot;showgiverto&quot; type=&quot;hidden&quot; value=&quot;PERSON&quot;/&gt;
                                                            &lt;input name=&quot;showrecipientto&quot; type=&quot;hidden&quot; value=&quot;&quot;/&gt;
                                                            &lt;input name=&quot;user&quot; type=&quot;hidden&quot; value=&quot;comments.idOfInstructor1OfCourse1&quot;/&gt;
                                                         &lt;/form&gt;
                        &lt;/li&gt;
                        &lt;li class=&quot;list-group-item list-group-item-warning status_display-private&quot; id=&quot;5195913995747328&quot;&gt;
                           &lt;form action=&quot;/page/instructorStudentCommentEdit&quot; class=&quot;form_comment&quot; id=&quot;form_commentedit-8&quot; method=&quot;post&quot; name=&quot;form_commentedit&quot;&gt;
                              &lt;div id=&quot;commentBar-8&quot;&gt;
                                 &lt;span class=&quot;text-muted&quot;&gt;
                                    To
                                    &lt;b&gt;
                                       student1 In Course1
                                    &lt;/b&gt;
                                    (Team 1.1,
                                    &lt;a href=&quot;mailto:comments.student1InCourse1@gmail.tmt&quot;&gt;
                                       comments.student1InCourse1@gmail.tmt
                                    &lt;/a&gt;
                                    ) on
                                                01 Apr 2012, 23:59
                                 &lt;/span&gt;
                                 &lt;a class=&quot;btn btn-default btn-xs icon-button pull-right&quot; data-original-title=&quot;Delete this comment&quot; data-placement=&quot;top&quot; data-toggle=&quot;tooltip&quot; id=&quot;commentdelete-8&quot; onclick=&quot;return deleteComment(&#039;8&#039;);&quot; style=&quot;display: none;&quot; title=&quot;&quot; type=&quot;button&quot;&gt;
                                    &lt;span class=&quot;glyphicon glyphicon-trash glyphicon-primary&quot;&gt;
                                    &lt;/span&gt;
                                 &lt;/a&gt;
                                 &lt;a class=&quot;btn btn-default btn-xs icon-button pull-right&quot; data-original-title=&quot;Edit this comment&quot; data-placement=&quot;top&quot; data-toggle=&quot;tooltip&quot; id=&quot;commentedit-8&quot; onclick=&quot;return enableEdit(&#039;8&#039;);&quot; style=&quot;display: none;&quot; title=&quot;&quot; type=&quot;button&quot;&gt;
                                    &lt;span class=&quot;glyphicon glyphicon-pencil glyphicon-primary&quot;&gt;
                                    &lt;/span&gt;
                                 &lt;/a&gt;
                              &lt;/div&gt;
                              &lt;div id=&quot;plainCommentText8&quot; style=&quot;margin-left: 15px;&quot;&gt;
                                 private comment
                              &lt;/div&gt;
                              &lt;div id=&quot;commentTextEdit8&quot; style=&quot;display: none;&quot;&gt;
                                 &lt;div class=&quot;form-group form-inline&quot;&gt;
                                    &lt;div class=&quot;form-group text-muted&quot;&gt;
                                       You may change comment&#039;s visibility using the visibility options on the right hand side.
                                    &lt;/div&gt;
                                    &lt;a class=&quot;btn btn-sm btn-info pull-right&quot; id=&quot;visibility-options-trigger8&quot;&gt;
                                       &lt;span class=&quot;glyphicon glyphicon-eye-close&quot;&gt;
                                       &lt;/span&gt;
                                       Show Visibility Options
                                    &lt;/a&gt;
                                 &lt;/div&gt;
                                 &lt;div class=&quot;panel panel-default&quot; id=&quot;visibility-options8&quot; style=&quot;display: none;&quot;&gt;
                                    &lt;div class=&quot;panel-heading&quot;&gt;
                                       Visibility Options
                                    &lt;/div&gt;
                                    &lt;table class=&quot;table text-center text-color-black&quot;&gt;
                                       &lt;tbody&gt;
                                          &lt;tr&gt;
                                             &lt;th class=&quot;text-center&quot;&gt;
                                                User/Group
                                             &lt;/th&gt;
                                             &lt;th class=&quot;text-center&quot;&gt;
                                                Can see
                                                                your comment
                                             &lt;/th&gt;
                                             &lt;th class=&quot;text-center&quot;&gt;
                                                Can see
                                                                giver&#039;s name
                                             &lt;/th&gt;
                                             &lt;th class=&quot;text-center&quot;&gt;
                                                Can see
                                                                recipient&#039;s name
                                             &lt;/th&gt;
                                          &lt;/tr&gt;
                                          &lt;tr id=&quot;recipient-person8&quot;&gt;
                                             &lt;td class=&quot;text-left&quot;&gt;
                                                &lt;div data-original-title=&quot;Control what comment recipient(s) can view&quot; data-placement=&quot;top&quot; data-toggle=&quot;tooltip&quot; title=&quot;&quot;&gt;
                                                   Recipient(s)
                                                &lt;/div&gt;
                                             &lt;/td&gt;
                                             &lt;td&gt;
                                                &lt;input class=&quot;visibilityCheckbox answerCheckbox&quot; type=&quot;checkbox&quot; value=&quot;PERSON&quot;/&gt;
                                                                                             &lt;/td&gt;
                                             &lt;td&gt;
                                                &lt;input class=&quot;visibilityCheckbox giverCheckbox&quot; type=&quot;checkbox&quot; value=&quot;PERSON&quot;/&gt;
                                                                                             &lt;/td&gt;
                                             &lt;td&gt;
                                                &lt;input class=&quot;visibilityCheckbox recipientCheckbox&quot; disabled=&quot;disabled&quot; name=&quot;receiverFollowerCheckbox&quot; type=&quot;checkbox&quot; value=&quot;PERSON&quot;/&gt;
                                                                                             &lt;/td&gt;
                                          &lt;/tr&gt;
                                          &lt;tr id=&quot;recipient-team8&quot;&gt;
                                             &lt;td class=&quot;text-left&quot;&gt;
                                                &lt;div data-original-title=&quot;Control what team members of comment recipients can view&quot; data-placement=&quot;top&quot; data-toggle=&quot;tooltip&quot; title=&quot;&quot;&gt;
                                                   Recipient&#039;s Team
                                                &lt;/div&gt;
                                             &lt;/td&gt;
                                             &lt;td&gt;
                                                &lt;input class=&quot;visibilityCheckbox answerCheckbox&quot; type=&quot;checkbox&quot; value=&quot;TEAM&quot;/&gt;
                                                                                             &lt;/td&gt;
                                             &lt;td&gt;
                                                &lt;input class=&quot;visibilityCheckbox giverCheckbox&quot; type=&quot;checkbox&quot; value=&quot;TEAM&quot;/&gt;
                                                                                             &lt;/td&gt;
                                             &lt;td&gt;
                                                &lt;input class=&quot;visibilityCheckbox recipientCheckbox&quot; type=&quot;checkbox&quot; value=&quot;TEAM&quot;/&gt;
                                                                                             &lt;/td&gt;
                                          &lt;/tr&gt;
                                          &lt;tr id=&quot;recipient-section8&quot;&gt;
                                             &lt;td class=&quot;text-left&quot;&gt;
                                                &lt;div data-original-title=&quot;Control what students in the same section can view&quot; data-placement=&quot;top&quot; data-toggle=&quot;tooltip&quot; title=&quot;&quot;&gt;
                                                   Recipient&#039;s Section
                                                &lt;/div&gt;
                                             &lt;/td&gt;
                                             &lt;td&gt;
                                                &lt;input class=&quot;visibilityCheckbox answerCheckbox&quot; type=&quot;checkbox&quot; value=&quot;SECTION&quot;/&gt;
                                                                                             &lt;/td&gt;
                                             &lt;td&gt;
                                                &lt;input class=&quot;visibilityCheckbox giverCheckbox&quot; type=&quot;checkbox&quot; value=&quot;SECTION&quot;/&gt;
                                                                                             &lt;/td&gt;
                                             &lt;td&gt;
                                                &lt;input class=&quot;visibilityCheckbox recipientCheckbox&quot; type=&quot;checkbox&quot; value=&quot;SECTION&quot;/&gt;
                                                                                             &lt;/td&gt;
                                          &lt;/tr&gt;
                                          &lt;tr id=&quot;recipient-course8&quot;&gt;
                                             &lt;td class=&quot;text-left&quot;&gt;
                                                &lt;div data-original-title=&quot;Control what other students in this course can view&quot; data-placement=&quot;top&quot; data-toggle=&quot;tooltip&quot; title=&quot;&quot;&gt;
                                                   Other students in this course
                                                &lt;/div&gt;
                                             &lt;/td&gt;
                                             &lt;td&gt;
                                                &lt;input class=&quot;visibilityCheckbox answerCheckbox&quot; type=&quot;checkbox&quot; value=&quot;COURSE&quot;/&gt;
                                                                                             &lt;/td&gt;
                                             &lt;td&gt;
                                                &lt;input class=&quot;visibilityCheckbox giverCheckbox&quot; type=&quot;checkbox&quot; value=&quot;COURSE&quot;/&gt;
                                                                                             &lt;/td&gt;
                                             &lt;td&gt;
                                                &lt;input class=&quot;visibilityCheckbox recipientCheckbox&quot; type=&quot;checkbox&quot; value=&quot;COURSE&quot;/&gt;
                                                                                             &lt;/td&gt;
                                          &lt;/tr&gt;
                                          &lt;tr&gt;
                                             &lt;td class=&quot;text-left&quot;&gt;
                                                &lt;div data-original-title=&quot;Control what instructors can view&quot; data-placement=&quot;top&quot; data-toggle=&quot;tooltip&quot; title=&quot;&quot;&gt;
                                                   Instructors
                                                &lt;/div&gt;
                                             &lt;/td&gt;
                                             &lt;td&gt;
                                                &lt;input class=&quot;visibilityCheckbox answerCheckbox&quot; type=&quot;checkbox&quot; value=&quot;INSTRUCTOR&quot;/&gt;
                                                                                             &lt;/td&gt;
                                             &lt;td&gt;
                                                &lt;input class=&quot;visibilityCheckbox giverCheckbox&quot; type=&quot;checkbox&quot; value=&quot;INSTRUCTOR&quot;/&gt;
                                                                                             &lt;/td&gt;
                                             &lt;td&gt;
                                                &lt;input class=&quot;visibilityCheckbox recipientCheckbox&quot; type=&quot;checkbox&quot; value=&quot;INSTRUCTOR&quot;/&gt;
                                                                                             &lt;/td&gt;
                                          &lt;/tr&gt;
                                       &lt;/tbody&gt;
                                    &lt;/table&gt;
                                 &lt;/div&gt;
                                 &lt;div class=&quot;form-group&quot;&gt;
                                    &lt;textarea class=&quot;form-control&quot; id=&quot;commentText8&quot; name=&quot;commenttext&quot; placeholder=&quot;Your comment about this student&quot; rows=&quot;3&quot;&gt;
                                       private comment
                                    &lt;/textarea&gt;
                                 &lt;/div&gt;
                                 &lt;div class=&quot;col-sm-offset-5&quot;&gt;
                                    &lt;input class=&quot;btn btn-primary&quot; id=&quot;commentsave-8&quot; onclick=&quot;return submitCommentForm(&#039;8&#039;);&quot; title=&quot;Save comment&quot; type=&quot;submit&quot; value=&quot;Save&quot;/&gt;
                                                                        &lt;input class=&quot;btn btn-default&quot; onclick=&quot;return disableComment(&#039;8&#039;);&quot; type=&quot;button&quot; value=&quot;Cancel&quot;/&gt;
                                                                     &lt;/div&gt;
                              &lt;/div&gt;
                              &lt;input id=&quot;commentedittype-8&quot; name=&quot;commentedittype&quot; type=&quot;hidden&quot; value=&quot;edit&quot;/&gt;
                                                            &lt;input name=&quot;commentid&quot; type=&quot;hidden&quot; value=&quot;5195913995747328&quot;/&gt;
                                                            &lt;input name=&quot;courseid&quot; type=&quot;hidden&quot; value=&quot;comments.idOfTypicalCourse1&quot;/&gt;
                                                            &lt;input name=&quot;commentpage&quot; type=&quot;hidden&quot; value=&quot;true&quot;/&gt;
                                                            &lt;input name=&quot;showcommentsto&quot; type=&quot;hidden&quot; value=&quot;&quot;/&gt;
                                                            &lt;input name=&quot;showgiverto&quot; type=&quot;hidden&quot; value=&quot;&quot;/&gt;
                                                            &lt;input name=&quot;showrecipientto&quot; type=&quot;hidden&quot; value=&quot;&quot;/&gt;
                                                            &lt;input name=&quot;user&quot; type=&quot;hidden&quot; value=&quot;comments.idOfInstructor1OfCourse1&quot;/&gt;
                                                         &lt;/form&gt;
                        &lt;/li&gt;
                     &lt;/ul&gt;
                  &lt;/div&gt;
                  &lt;div class=&quot;panel panel-info student-record-comments giver_display-by-others&quot;&gt;
                     &lt;div class=&quot;panel-heading&quot;&gt;
                        From
                        &lt;b&gt;
                           Anonymous
                        &lt;/b&gt;
                     &lt;/div&gt;
                     &lt;ul class=&quot;list-group comments&quot;&gt;
                        &lt;li class=&quot;list-group-item list-group-item-warning status_display-public&quot; id=&quot;4632964042326016&quot;&gt;
                           &lt;form action=&quot;/page/instructorStudentCommentEdit&quot; class=&quot;form_comment&quot; id=&quot;form_commentedit-9&quot; method=&quot;post&quot; name=&quot;form_commentedit&quot;&gt;
                              &lt;div id=&quot;commentBar-9&quot;&gt;
                                 &lt;span class=&quot;text-muted&quot;&gt;
                                    To
                                    &lt;b&gt;
                                       Anonymous
                                    &lt;/b&gt;
                                    on
                                                02 Jun 2012, 19:21
                                 &lt;/span&gt;
                                 &lt;a class=&quot;btn btn-default btn-xs icon-button pull-right&quot; data-original-title=&quot;Delete this comment&quot; data-placement=&quot;top&quot; data-toggle=&quot;tooltip&quot; id=&quot;commentdelete-9&quot; onclick=&quot;return deleteComment(&#039;9&#039;);&quot; style=&quot;display: none;&quot; title=&quot;&quot; type=&quot;button&quot;&gt;
                                    &lt;span class=&quot;glyphicon glyphicon-trash glyphicon-primary&quot;&gt;
                                    &lt;/span&gt;
                                 &lt;/a&gt;
                                 &lt;a class=&quot;btn btn-default btn-xs icon-button pull-right&quot; data-original-title=&quot;Edit this comment&quot; data-placement=&quot;top&quot; data-toggle=&quot;tooltip&quot; id=&quot;commentedit-9&quot; onclick=&quot;return enableEdit(&#039;9&#039;);&quot; style=&quot;display: none;&quot; title=&quot;&quot; type=&quot;button&quot;&gt;
                                    &lt;span class=&quot;glyphicon glyphicon-pencil glyphicon-primary&quot;&gt;
                                    &lt;/span&gt;
                                 &lt;/a&gt;
                                 &lt;span class=&quot;glyphicon glyphicon-eye-open&quot; data-original-title=&quot;This comment is visible to instructors&quot; data-placement=&quot;top&quot; data-toggle=&quot;tooltip&quot; style=&quot;margin-left: 5px;&quot; title=&quot;&quot;&gt;
                                 &lt;/span&gt;
                              &lt;/div&gt;
                              &lt;div id=&quot;plainCommentText9&quot; style=&quot;margin-left: 15px;&quot;&gt;
                                 Other instructors in this course can see this comment without names
                              &lt;/div&gt;
                              &lt;div id=&quot;commentTextEdit9&quot; style=&quot;display: none;&quot;&gt;
                                 &lt;div class=&quot;form-group form-inline&quot;&gt;
                                    &lt;div class=&quot;form-group text-muted&quot;&gt;
                                       You may change comment&#039;s visibility using the visibility options on the right hand side.
                                    &lt;/div&gt;
                                    &lt;a class=&quot;btn btn-sm btn-info pull-right&quot; id=&quot;visibility-options-trigger9&quot;&gt;
                                       &lt;span class=&quot;glyphicon glyphicon-eye-close&quot;&gt;
                                       &lt;/span&gt;
                                       Show Visibility Options
                                    &lt;/a&gt;
                                 &lt;/div&gt;
                                 &lt;div class=&quot;panel panel-default&quot; id=&quot;visibility-options9&quot; style=&quot;display: none;&quot;&gt;
                                    &lt;div class=&quot;panel-heading&quot;&gt;
                                       Visibility Options
                                    &lt;/div&gt;
                                    &lt;table class=&quot;table text-center text-color-black&quot;&gt;
                                       &lt;tbody&gt;
                                          &lt;tr&gt;
                                             &lt;th class=&quot;text-center&quot;&gt;
                                                User/Group
                                             &lt;/th&gt;
                                             &lt;th class=&quot;text-center&quot;&gt;
                                                Can see
                                                                your comment
                                             &lt;/th&gt;
                                             &lt;th class=&quot;text-center&quot;&gt;
                                                Can see
                                                                giver&#039;s name
                                             &lt;/th&gt;
                                             &lt;th class=&quot;text-center&quot;&gt;
                                                Can see
                                                                recipient&#039;s name
                                             &lt;/th&gt;
                                          &lt;/tr&gt;
                                          &lt;tr id=&quot;recipient-course9&quot;&gt;
                                             &lt;td class=&quot;text-left&quot;&gt;
                                                &lt;div data-original-title=&quot;Control what other students in this course can view&quot; data-placement=&quot;top&quot; data-toggle=&quot;tooltip&quot; title=&quot;&quot;&gt;
                                                   Students in this course
                                                &lt;/div&gt;
                                             &lt;/td&gt;
                                             &lt;td&gt;
                                                &lt;input class=&quot;visibilityCheckbox answerCheckbox&quot; type=&quot;checkbox&quot; value=&quot;COURSE&quot;/&gt;
                                                                                             &lt;/td&gt;
                                             &lt;td&gt;
                                                &lt;input class=&quot;visibilityCheckbox giverCheckbox&quot; type=&quot;checkbox&quot; value=&quot;COURSE&quot;/&gt;
                                                                                             &lt;/td&gt;
                                             &lt;td&gt;
                                                &lt;input class=&quot;visibilityCheckbox recipientCheckbox&quot; disabled=&quot;disabled&quot; type=&quot;checkbox&quot; value=&quot;COURSE&quot;/&gt;
                                                                                             &lt;/td&gt;
                                          &lt;/tr&gt;
                                          &lt;tr&gt;
                                             &lt;td class=&quot;text-left&quot;&gt;
                                                &lt;div data-original-title=&quot;Control what instructors can view&quot; data-placement=&quot;top&quot; data-toggle=&quot;tooltip&quot; title=&quot;&quot;&gt;
                                                   Instructors
                                                &lt;/div&gt;
                                             &lt;/td&gt;
                                             &lt;td&gt;
                                                &lt;input checked=&quot;checked&quot; class=&quot;visibilityCheckbox answerCheckbox&quot; type=&quot;checkbox&quot; value=&quot;INSTRUCTOR&quot;/&gt;
                                                                                             &lt;/td&gt;
                                             &lt;td&gt;
                                                &lt;input class=&quot;visibilityCheckbox giverCheckbox&quot; type=&quot;checkbox&quot; value=&quot;INSTRUCTOR&quot;/&gt;
                                                                                             &lt;/td&gt;
                                             &lt;td&gt;
                                                &lt;input class=&quot;visibilityCheckbox recipientCheckbox&quot; type=&quot;checkbox&quot; value=&quot;INSTRUCTOR&quot;/&gt;
                                                                                             &lt;/td&gt;
                                          &lt;/tr&gt;
                                       &lt;/tbody&gt;
                                    &lt;/table&gt;
                                 &lt;/div&gt;
                                 &lt;div class=&quot;form-group&quot;&gt;
                                    &lt;textarea class=&quot;form-control&quot; id=&quot;commentText9&quot; name=&quot;commenttext&quot; placeholder=&quot;Your comment about this student&quot; rows=&quot;3&quot;&gt;
                                       Other instructors in this course can see this comment without names
                                    &lt;/textarea&gt;
                                 &lt;/div&gt;
                                 &lt;div class=&quot;col-sm-offset-5&quot;&gt;
                                    &lt;input class=&quot;btn btn-primary&quot; id=&quot;commentsave-9&quot; onclick=&quot;return submitCommentForm(&#039;9&#039;);&quot; title=&quot;Save comment&quot; type=&quot;submit&quot; value=&quot;Save&quot;/&gt;
                                                                        &lt;input class=&quot;btn btn-default&quot; onclick=&quot;return disableComment(&#039;9&#039;);&quot; type=&quot;button&quot; value=&quot;Cancel&quot;/&gt;
                                                                     &lt;/div&gt;
                              &lt;/div&gt;
                              &lt;input id=&quot;commentedittype-9&quot; name=&quot;commentedittype&quot; type=&quot;hidden&quot; value=&quot;edit&quot;/&gt;
                                                            &lt;input name=&quot;commentid&quot; type=&quot;hidden&quot; value=&quot;4632964042326016&quot;/&gt;
                                                            &lt;input name=&quot;courseid&quot; type=&quot;hidden&quot; value=&quot;comments.idOfTypicalCourse1&quot;/&gt;
                                                            &lt;input name=&quot;commentpage&quot; type=&quot;hidden&quot; value=&quot;true&quot;/&gt;
                                                            &lt;input name=&quot;showcommentsto&quot; type=&quot;hidden&quot; value=&quot;INSTRUCTOR&quot;/&gt;
                                                            &lt;input name=&quot;showgiverto&quot; type=&quot;hidden&quot; value=&quot;&quot;/&gt;
                                                            &lt;input name=&quot;showrecipientto&quot; type=&quot;hidden&quot; value=&quot;&quot;/&gt;
                                                            &lt;input name=&quot;user&quot; type=&quot;hidden&quot; value=&quot;comments.idOfInstructor1OfCourse1&quot;/&gt;
                                                         &lt;/form&gt;
                        &lt;/li&gt;
                     &lt;/ul&gt;
                  &lt;/div&gt;
                  &lt;div class=&quot;panel panel-info student-record-comments giver_display-by-others&quot;&gt;
                     &lt;div class=&quot;panel-heading&quot;&gt;
                        From
                        &lt;b&gt;
                           Instructor Instructor2 Course1
                        &lt;/b&gt;
                     &lt;/div&gt;
                     &lt;ul class=&quot;list-group comments&quot;&gt;
                        &lt;li class=&quot;list-group-item list-group-item-warning status_display-public&quot; id=&quot;6603288879300608&quot;&gt;
                           &lt;form action=&quot;/page/instructorStudentCommentEdit&quot; class=&quot;form_comment&quot; id=&quot;form_commentedit-10&quot; method=&quot;post&quot; name=&quot;form_commentedit&quot;&gt;
                              &lt;div id=&quot;commentBar-10&quot;&gt;
                                 &lt;span class=&quot;text-muted&quot;&gt;
                                    To
                                    &lt;b&gt;
                                       All students in this course
                                    &lt;/b&gt;
                                    on
                                                02 Jun 2012, 19:20
                                 &lt;/span&gt;
                                 &lt;a class=&quot;btn btn-default btn-xs icon-button pull-right&quot; data-original-title=&quot;Delete this comment&quot; data-placement=&quot;top&quot; data-toggle=&quot;tooltip&quot; id=&quot;commentdelete-10&quot; onclick=&quot;return deleteComment(&#039;10&#039;);&quot; style=&quot;display: none;&quot; title=&quot;&quot; type=&quot;button&quot;&gt;
                                    &lt;span class=&quot;glyphicon glyphicon-trash glyphicon-primary&quot;&gt;
                                    &lt;/span&gt;
                                 &lt;/a&gt;
                                 &lt;a class=&quot;btn btn-default btn-xs icon-button pull-right&quot; data-original-title=&quot;Edit this comment&quot; data-placement=&quot;top&quot; data-toggle=&quot;tooltip&quot; id=&quot;commentedit-10&quot; onclick=&quot;return enableEdit(&#039;10&#039;);&quot; style=&quot;display: none;&quot; title=&quot;&quot; type=&quot;button&quot;&gt;
                                    &lt;span class=&quot;glyphicon glyphicon-pencil glyphicon-primary&quot;&gt;
                                    &lt;/span&gt;
                                 &lt;/a&gt;
                                 &lt;span class=&quot;glyphicon glyphicon-eye-open&quot; data-original-title=&quot;This comment is visible to instructors&quot; data-placement=&quot;top&quot; data-toggle=&quot;tooltip&quot; style=&quot;margin-left: 5px;&quot; title=&quot;&quot;&gt;
                                 &lt;/span&gt;
                              &lt;/div&gt;
                              &lt;div id=&quot;plainCommentText10&quot; style=&quot;margin-left: 15px;&quot;&gt;
                                 Other instructors in this course can see this comment
                              &lt;/div&gt;
                              &lt;div id=&quot;commentTextEdit10&quot; style=&quot;display: none;&quot;&gt;
                                 &lt;div class=&quot;form-group form-inline&quot;&gt;
                                    &lt;div class=&quot;form-group text-muted&quot;&gt;
                                       You may change comment&#039;s visibility using the visibility options on the right hand side.
                                    &lt;/div&gt;
                                    &lt;a class=&quot;btn btn-sm btn-info pull-right&quot; id=&quot;visibility-options-trigger10&quot;&gt;
                                       &lt;span class=&quot;glyphicon glyphicon-eye-close&quot;&gt;
                                       &lt;/span&gt;
                                       Show Visibility Options
                                    &lt;/a&gt;
                                 &lt;/div&gt;
                                 &lt;div class=&quot;panel panel-default&quot; id=&quot;visibility-options10&quot; style=&quot;display: none;&quot;&gt;
                                    &lt;div class=&quot;panel-heading&quot;&gt;
                                       Visibility Options
                                    &lt;/div&gt;
                                    &lt;table class=&quot;table text-center text-color-black&quot;&gt;
                                       &lt;tbody&gt;
                                          &lt;tr&gt;
                                             &lt;th class=&quot;text-center&quot;&gt;
                                                User/Group
                                             &lt;/th&gt;
                                             &lt;th class=&quot;text-center&quot;&gt;
                                                Can see
                                                                your comment
                                             &lt;/th&gt;
                                             &lt;th class=&quot;text-center&quot;&gt;
                                                Can see
                                                                giver&#039;s name
                                             &lt;/th&gt;
                                             &lt;th class=&quot;text-center&quot;&gt;
                                                Can see
                                                                recipient&#039;s name
                                             &lt;/th&gt;
                                          &lt;/tr&gt;
                                          &lt;tr id=&quot;recipient-course10&quot;&gt;
                                             &lt;td class=&quot;text-left&quot;&gt;
                                                &lt;div data-original-title=&quot;Control what other students in this course can view&quot; data-placement=&quot;top&quot; data-toggle=&quot;tooltip&quot; title=&quot;&quot;&gt;
                                                   Students in this course
                                                &lt;/div&gt;
                                             &lt;/td&gt;
                                             &lt;td&gt;
                                                &lt;input class=&quot;visibilityCheckbox answerCheckbox&quot; type=&quot;checkbox&quot; value=&quot;COURSE&quot;/&gt;
                                                                                             &lt;/td&gt;
                                             &lt;td&gt;
                                                &lt;input class=&quot;visibilityCheckbox giverCheckbox&quot; type=&quot;checkbox&quot; value=&quot;COURSE&quot;/&gt;
                                                                                             &lt;/td&gt;
                                             &lt;td&gt;
                                                &lt;input class=&quot;visibilityCheckbox recipientCheckbox&quot; disabled=&quot;disabled&quot; type=&quot;checkbox&quot; value=&quot;COURSE&quot;/&gt;
                                                                                             &lt;/td&gt;
                                          &lt;/tr&gt;
                                          &lt;tr&gt;
                                             &lt;td class=&quot;text-left&quot;&gt;
                                                &lt;div data-original-title=&quot;Control what instructors can view&quot; data-placement=&quot;top&quot; data-toggle=&quot;tooltip&quot; title=&quot;&quot;&gt;
                                                   Instructors
                                                &lt;/div&gt;
                                             &lt;/td&gt;
                                             &lt;td&gt;
                                                &lt;input checked=&quot;checked&quot; class=&quot;visibilityCheckbox answerCheckbox&quot; type=&quot;checkbox&quot; value=&quot;INSTRUCTOR&quot;/&gt;
                                                                                             &lt;/td&gt;
                                             &lt;td&gt;
                                                &lt;input checked=&quot;checked&quot; class=&quot;visibilityCheckbox giverCheckbox&quot; type=&quot;checkbox&quot; value=&quot;INSTRUCTOR&quot;/&gt;
                                                                                             &lt;/td&gt;
                                             &lt;td&gt;
                                                &lt;input checked=&quot;checked&quot; class=&quot;visibilityCheckbox recipientCheckbox&quot; type=&quot;checkbox&quot; value=&quot;INSTRUCTOR&quot;/&gt;
                                                                                             &lt;/td&gt;
                                          &lt;/tr&gt;
                                       &lt;/tbody&gt;
                                    &lt;/table&gt;
                                 &lt;/div&gt;
                                 &lt;div class=&quot;form-group&quot;&gt;
                                    &lt;textarea class=&quot;form-control&quot; id=&quot;commentText10&quot; name=&quot;commenttext&quot; placeholder=&quot;Your comment about this student&quot; rows=&quot;3&quot;&gt;
                                       Other instructors in this course can see this comment
                                    &lt;/textarea&gt;
                                 &lt;/div&gt;
                                 &lt;div class=&quot;col-sm-offset-5&quot;&gt;
                                    &lt;input class=&quot;btn btn-primary&quot; id=&quot;commentsave-10&quot; onclick=&quot;return submitCommentForm(&#039;10&#039;);&quot; title=&quot;Save comment&quot; type=&quot;submit&quot; value=&quot;Save&quot;/&gt;
                                                                        &lt;input class=&quot;btn btn-default&quot; onclick=&quot;return disableComment(&#039;10&#039;);&quot; type=&quot;button&quot; value=&quot;Cancel&quot;/&gt;
                                                                     &lt;/div&gt;
                              &lt;/div&gt;
                              &lt;input id=&quot;commentedittype-10&quot; name=&quot;commentedittype&quot; type=&quot;hidden&quot; value=&quot;edit&quot;/&gt;
                                                            &lt;input name=&quot;commentid&quot; type=&quot;hidden&quot; value=&quot;6603288879300608&quot;/&gt;
                                                            &lt;input name=&quot;courseid&quot; type=&quot;hidden&quot; value=&quot;comments.idOfTypicalCourse1&quot;/&gt;
                                                            &lt;input name=&quot;commentpage&quot; type=&quot;hidden&quot; value=&quot;true&quot;/&gt;
                                                            &lt;input name=&quot;showcommentsto&quot; type=&quot;hidden&quot; value=&quot;INSTRUCTOR&quot;/&gt;
                                                            &lt;input name=&quot;showgiverto&quot; type=&quot;hidden&quot; value=&quot;INSTRUCTOR&quot;/&gt;
                                                            &lt;input name=&quot;showrecipientto&quot; type=&quot;hidden&quot; value=&quot;INSTRUCTOR&quot;/&gt;
                                                            &lt;input name=&quot;user&quot; type=&quot;hidden&quot; value=&quot;comments.idOfInstructor1OfCourse1&quot;/&gt;
                                                         &lt;/form&gt;
                        &lt;/li&gt;
                     &lt;/ul&gt;
                  &lt;/div&gt;
               &lt;/div&gt;
            &lt;/div&gt;
         &lt;/div&gt;
         &lt;div id=&quot;panel_display-2&quot;&gt;
            &lt;br/&gt;
                        &lt;div class=&quot;panel panel-primary&quot;&gt;
               &lt;div class=&quot;panel-heading&quot; onclick=&quot;loadFeedbackResponseComments(&#039;comments.idOfInstructor1OfCourse1&#039;,&#039;comments.idOfTypicalCourse1&#039;,&#039;comments.First feedback session&#039;, this);&quot; style=&quot;cursor: pointer;&quot;&gt;
                  &lt;strong&gt;
                     Comments in session: comments.First feedback session
                  &lt;/strong&gt;
                  &lt;div class=&quot;placeholder-img-loading pull-right&quot;&gt;
                  &lt;/div&gt;
               &lt;/div&gt;
               &lt;div class=&quot;panel-body&quot;&gt;
                  &lt;div class=&quot;panel panel-info&quot;&gt;
                     &lt;div class=&quot;panel-heading&quot;&gt;
                        &lt;b&gt;
                           Question 1
                        &lt;/b&gt;
                        :
        What is the best selling point of your product?
                     &lt;/div&gt;
                     &lt;table class=&quot;table&quot;&gt;
                        &lt;tbody&gt;
                           &lt;tr&gt;
                              &lt;td&gt;
                                 &lt;b&gt;
                                    From:
                                 &lt;/b&gt;
                                 student1 In Course1 (Team 1.1)
                                 &lt;b&gt;
                                    To:
                                 &lt;/b&gt;
                                 student1 In Course1 (Team 1.1)
                              &lt;/td&gt;
                           &lt;/tr&gt;
                           &lt;tr&gt;
                              &lt;td&gt;
                                 &lt;strong&gt;
                                    Response:
                                 &lt;/strong&gt;
                                 Student 1 self feedback.
                              &lt;/td&gt;
                           &lt;/tr&gt;
                           &lt;tr class=&quot;active&quot;&gt;
                              &lt;td&gt;
                                 Comment(s):
                                 &lt;button class=&quot;btn btn-default btn-xs icon-button pull-right&quot; data-original-title=&quot;Add comment&quot; data-placement=&quot;top&quot; data-toggle=&quot;tooltip&quot; id=&quot;button_add_comment-1-1-1&quot; onclick=&quot;showResponseCommentAddForm(1,1,1)&quot; title=&quot;&quot; type=&quot;button&quot;&gt;
                                    &lt;span class=&quot;glyphicon glyphicon-comment glyphicon-primary&quot;&gt;
                                    &lt;/span&gt;
                                 &lt;/button&gt;
                              &lt;/td&gt;
                           &lt;/tr&gt;
                           &lt;tr&gt;
                              &lt;td&gt;
                                 &lt;ul class=&quot;list-group comments&quot; id=&quot;responseCommentTable-1-1-1&quot; style=&quot;&quot;&gt;
                                    &lt;li class=&quot;list-group-item list-group-item-warning giver_display-by-you status_display-private&quot; id=&quot;4571391391170560&quot;&gt;
                                       &lt;div id=&quot;commentBar-1-1-1-1&quot;&gt;
                                          &lt;span class=&quot;text-muted&quot;&gt;
                                             From:
                                             &lt;b&gt;
                                                you
                                             &lt;/b&gt;
                                             [Sun Sep 14 14:40:09 UTC 2014]
                                          &lt;/span&gt;
                                          &lt;form class=&quot;responseCommentDeleteForm pull-right&quot;&gt;
                                             &lt;a class=&quot;btn btn-default btn-xs icon-button&quot; data-original-title=&quot;Delete this comment&quot; data-placement=&quot;top&quot; data-toggle=&quot;tooltip&quot; href=&quot;/page/instructorFeedbackResponseCommentDelete&quot; id=&quot;commentdelete-1-1-1-1&quot; style=&quot;display: none;&quot; title=&quot;&quot; type=&quot;button&quot;&gt;
                                                &lt;span class=&quot;glyphicon glyphicon-trash glyphicon-primary&quot;&gt;
                                                &lt;/span&gt;
                                             &lt;/a&gt;
                                             &lt;input name=&quot;responseid&quot; type=&quot;hidden&quot; value=&quot;agt0ZWFtbWF0ZXN2NHIdCxIQRmVlZGJhY2tRdWVzdGlvbhiAgICAgLXNCQw%comments.student1InCourse1@gmail.tmt%comments.student1InCourse1@gmail.tmt&quot;/&gt;
                                                                                          &lt;input name=&quot;responsecommentid&quot; type=&quot;hidden&quot; value=&quot;4571391391170560&quot;/&gt;
                                                                                          &lt;input name=&quot;courseid&quot; type=&quot;hidden&quot; value=&quot;comments.idOfTypicalCourse1&quot;/&gt;
                                                                                          &lt;input name=&quot;fsname&quot; type=&quot;hidden&quot; value=&quot;comments.First feedback session&quot;/&gt;
                                                                                          &lt;input name=&quot;user&quot; type=&quot;hidden&quot; value=&quot;comments.idOfInstructor1OfCourse1&quot;/&gt;
                                                                                       &lt;/form&gt;
                                          &lt;a class=&quot;btn btn-default btn-xs icon-button pull-right&quot; data-original-title=&quot;Edit this comment&quot; data-placement=&quot;top&quot; data-toggle=&quot;tooltip&quot; id=&quot;commentedit-1-1-1-1&quot; onclick=&quot;showResponseCommentEditForm(1,1,1,1)&quot; style=&quot;display: none;&quot; title=&quot;&quot; type=&quot;button&quot;&gt;
                                             &lt;span class=&quot;glyphicon glyphicon-pencil glyphicon-primary&quot;&gt;
                                             &lt;/span&gt;
                                          &lt;/a&gt;
                                       &lt;/div&gt;
                                       &lt;div id=&quot;plainCommentText-1-1-1-1&quot; style=&quot;margin-left: 15px;&quot;&gt;
                                          edited response comment
                                          &lt;br/&gt;
                                                                                    a new line
                                       &lt;/div&gt;
                                       &lt;form class=&quot;responseCommentEditForm&quot; id=&quot;responseCommentEditForm-1-1-1-1&quot; style=&quot;display: none;&quot;&gt;
                                          &lt;div class=&quot;form-group&quot;&gt;
                                             &lt;div class=&quot;form-group form-inline&quot;&gt;
                                                &lt;div class=&quot;form-group text-muted&quot;&gt;
                                                   You may change comment&#039;s
                                            visibility using the
                                            visibility options on the
                                            right hand side.
                                                &lt;/div&gt;
                                                &lt;a class=&quot;btn btn-sm btn-info pull-right&quot; id=&quot;frComment-visibility-options-trigger-1-1-1-1&quot; onclick=&quot;toggleVisibilityEditForm(1,1,1,1)&quot;&gt;
                                                   &lt;span class=&quot;glyphicon glyphicon-eye-close&quot;&gt;
                                                   &lt;/span&gt;
                                                   Show Visibility Options
                                                &lt;/a&gt;
                                             &lt;/div&gt;
                                             &lt;div class=&quot;panel panel-default&quot; id=&quot;visibility-options-1-1-1-1&quot; style=&quot;display: none;&quot;&gt;
                                                &lt;div class=&quot;panel-heading&quot;&gt;
                                                   Visibility
                                            Options
                                                &lt;/div&gt;
                                                &lt;table class=&quot;table text-center&quot; style=&quot;color: #000;&quot;&gt;
                                                   &lt;tbody&gt;
                                                      &lt;tr&gt;
                                                         &lt;th class=&quot;text-center&quot;&gt;
                                                            User/Group
                                                         &lt;/th&gt;
                                                         &lt;th class=&quot;text-center&quot;&gt;
                                                            Can
                                                        see your comment
                                                         &lt;/th&gt;
                                                         &lt;th class=&quot;text-center&quot;&gt;
                                                            Can
                                                        see your name
                                                         &lt;/th&gt;
                                                      &lt;/tr&gt;
                                                      &lt;tr id=&quot;response-giver-1-1-1-1&quot;&gt;
                                                         &lt;td class=&quot;text-left&quot;&gt;
                                                            &lt;div data-original-title=&quot;Control what response giver can view&quot; data-placement=&quot;top&quot; data-toggle=&quot;tooltip&quot; title=&quot;&quot;&gt;
                                                               Response
                                                            Giver
                                                            &lt;/div&gt;
                                                         &lt;/td&gt;
                                                         &lt;td&gt;
                                                            &lt;input class=&quot;visibilityCheckbox answerCheckbox centered&quot; name=&quot;receiverLeaderCheckbox&quot; type=&quot;checkbox&quot; value=&quot;GIVER&quot;/&gt;
                                                                                                                     &lt;/td&gt;
                                                         &lt;td&gt;
                                                            &lt;input class=&quot;visibilityCheckbox giverCheckbox&quot; type=&quot;checkbox&quot; value=&quot;GIVER&quot;/&gt;
                                                                                                                     &lt;/td&gt;
                                                      &lt;/tr&gt;
                                                      &lt;tr id=&quot;response-instructors-1-1-1-1&quot;&gt;
                                                         &lt;td class=&quot;text-left&quot;&gt;
                                                            &lt;div data-original-title=&quot;Control what instructors can view&quot; data-placement=&quot;top&quot; data-toggle=&quot;tooltip&quot; title=&quot;&quot;&gt;
                                                               Instructors
                                                            &lt;/div&gt;
                                                         &lt;/td&gt;
                                                         &lt;td&gt;
                                                            &lt;input class=&quot;visibilityCheckbox answerCheckbox&quot; type=&quot;checkbox&quot; value=&quot;INSTRUCTORS&quot;/&gt;
                                                                                                                     &lt;/td&gt;
                                                         &lt;td&gt;
                                                            &lt;input class=&quot;visibilityCheckbox giverCheckbox&quot; type=&quot;checkbox&quot; value=&quot;INSTRUCTORS&quot;/&gt;
                                                                                                                     &lt;/td&gt;
                                                      &lt;/tr&gt;
                                                   &lt;/tbody&gt;
                                                &lt;/table&gt;
                                             &lt;/div&gt;
                                             &lt;textarea class=&quot;form-control&quot; id=&quot;responsecommenttext-1-1-1-1&quot; name=&quot;responsecommenttext&quot; placeholder=&quot;Your comment about this response&quot; rows=&quot;3&quot;&gt;
                                                edited response comment
&lt;br&gt;a new line
                                             &lt;/textarea&gt;
                                          &lt;/div&gt;
                                          &lt;div class=&quot;col-sm-offset-5&quot;&gt;
                                             &lt;a class=&quot;btn btn-primary&quot; href=&quot;/page/instructorFeedbackResponseCommentEdit&quot; id=&quot;button_save_comment_for_edit-1-1-1-1&quot;&gt;
                                                Save
                                             &lt;/a&gt;
                                             &lt;input class=&quot;btn btn-default&quot; onclick=&quot;return hideResponseCommentEditForm(1,1,1,1);&quot; type=&quot;button&quot; value=&quot;Cancel&quot;/&gt;
                                                                                       &lt;/div&gt;
                                          &lt;input name=&quot;responseid&quot; type=&quot;hidden&quot; value=&quot;agt0ZWFtbWF0ZXN2NHIdCxIQRmVlZGJhY2tRdWVzdGlvbhiAgICAgLXNCQw%comments.student1InCourse1@gmail.tmt%comments.student1InCourse1@gmail.tmt&quot;/&gt;
                                                                                    &lt;input name=&quot;responsecommentid&quot; type=&quot;hidden&quot; value=&quot;4571391391170560&quot;/&gt;
                                                                                    &lt;input name=&quot;courseid&quot; type=&quot;hidden&quot; value=&quot;comments.idOfTypicalCourse1&quot;/&gt;
                                                                                    &lt;input name=&quot;fsname&quot; type=&quot;hidden&quot; value=&quot;comments.First feedback session&quot;/&gt;
                                                                                    &lt;input name=&quot;user&quot; type=&quot;hidden&quot; value=&quot;comments.idOfInstructor1OfCourse1&quot;/&gt;
                                                                                    &lt;input name=&quot;showresponsecommentsto&quot; type=&quot;hidden&quot; value=&quot;&quot;/&gt;
                                                                                    &lt;input name=&quot;showresponsegiverto&quot; type=&quot;hidden&quot; value=&quot;&quot;/&gt;
                                                                                 &lt;/form&gt;
                                    &lt;/li&gt;
                                    &lt;li class=&quot;list-group-item list-group-item-warning giver_display-by-you status_display-private&quot; id=&quot;5266282739924992&quot;&gt;
                                       &lt;div id=&quot;commentBar-1-1-1-2&quot;&gt;
                                          &lt;span class=&quot;text-muted&quot;&gt;
                                             From:
                                             &lt;b&gt;
                                                you
                                             &lt;/b&gt;
                                             [Tue Mar 01 23:59:00 UTC 2016]
                                          &lt;/span&gt;
                                          &lt;form class=&quot;responseCommentDeleteForm pull-right&quot;&gt;
                                             &lt;a class=&quot;btn btn-default btn-xs icon-button&quot; data-original-title=&quot;Delete this comment&quot; data-placement=&quot;top&quot; data-toggle=&quot;tooltip&quot; href=&quot;/page/instructorFeedbackResponseCommentDelete&quot; id=&quot;commentdelete-1-1-1-2&quot; style=&quot;display: none;&quot; title=&quot;&quot; type=&quot;button&quot;&gt;
                                                &lt;span class=&quot;glyphicon glyphicon-trash glyphicon-primary&quot;&gt;
                                                &lt;/span&gt;
                                             &lt;/a&gt;
                                             &lt;input name=&quot;responseid&quot; type=&quot;hidden&quot; value=&quot;agt0ZWFtbWF0ZXN2NHIdCxIQRmVlZGJhY2tRdWVzdGlvbhiAgICAgLXNCQw%comments.student1InCourse1@gmail.tmt%comments.student1InCourse1@gmail.tmt&quot;/&gt;
                                                                                          &lt;input name=&quot;responsecommentid&quot; type=&quot;hidden&quot; value=&quot;5266282739924992&quot;/&gt;
                                                                                          &lt;input name=&quot;courseid&quot; type=&quot;hidden&quot; value=&quot;comments.idOfTypicalCourse1&quot;/&gt;
                                                                                          &lt;input name=&quot;fsname&quot; type=&quot;hidden&quot; value=&quot;comments.First feedback session&quot;/&gt;
                                                                                          &lt;input name=&quot;user&quot; type=&quot;hidden&quot; value=&quot;comments.idOfInstructor1OfCourse1&quot;/&gt;
                                                                                       &lt;/form&gt;
                                          &lt;a class=&quot;btn btn-default btn-xs icon-button pull-right&quot; data-original-title=&quot;Edit this comment&quot; data-placement=&quot;top&quot; data-toggle=&quot;tooltip&quot; id=&quot;commentedit-1-1-1-2&quot; onclick=&quot;showResponseCommentEditForm(1,1,1,2)&quot; style=&quot;display: none;&quot; title=&quot;&quot; type=&quot;button&quot;&gt;
                                             &lt;span class=&quot;glyphicon glyphicon-pencil glyphicon-primary&quot;&gt;
                                             &lt;/span&gt;
                                          &lt;/a&gt;
                                       &lt;/div&gt;
                                       &lt;div id=&quot;plainCommentText-1-1-1-2&quot; style=&quot;margin-left: 15px;&quot;&gt;
                                          Instructor 1 comment to student 1 self feedback
                                       &lt;/div&gt;
                                       &lt;form class=&quot;responseCommentEditForm&quot; id=&quot;responseCommentEditForm-1-1-1-2&quot; style=&quot;display: none;&quot;&gt;
                                          &lt;div class=&quot;form-group&quot;&gt;
                                             &lt;div class=&quot;form-group form-inline&quot;&gt;
                                                &lt;div class=&quot;form-group text-muted&quot;&gt;
                                                   You may change comment&#039;s
                                            visibility using the
                                            visibility options on the
                                            right hand side.
                                                &lt;/div&gt;
                                                &lt;a class=&quot;btn btn-sm btn-info pull-right&quot; id=&quot;frComment-visibility-options-trigger-1-1-1-2&quot; onclick=&quot;toggleVisibilityEditForm(1,1,1,2)&quot;&gt;
                                                   &lt;span class=&quot;glyphicon glyphicon-eye-close&quot;&gt;
                                                   &lt;/span&gt;
                                                   Show Visibility Options
                                                &lt;/a&gt;
                                             &lt;/div&gt;
                                             &lt;div class=&quot;panel panel-default&quot; id=&quot;visibility-options-1-1-1-2&quot; style=&quot;display: none;&quot;&gt;
                                                &lt;div class=&quot;panel-heading&quot;&gt;
                                                   Visibility
                                            Options
                                                &lt;/div&gt;
                                                &lt;table class=&quot;table text-center&quot; style=&quot;color: #000;&quot;&gt;
                                                   &lt;tbody&gt;
                                                      &lt;tr&gt;
                                                         &lt;th class=&quot;text-center&quot;&gt;
                                                            User/Group
                                                         &lt;/th&gt;
                                                         &lt;th class=&quot;text-center&quot;&gt;
                                                            Can
                                                        see your comment
                                                         &lt;/th&gt;
                                                         &lt;th class=&quot;text-center&quot;&gt;
                                                            Can
                                                        see your name
                                                         &lt;/th&gt;
                                                      &lt;/tr&gt;
                                                      &lt;tr id=&quot;response-giver-1-1-1-2&quot;&gt;
                                                         &lt;td class=&quot;text-left&quot;&gt;
                                                            &lt;div data-original-title=&quot;Control what response giver can view&quot; data-placement=&quot;top&quot; data-toggle=&quot;tooltip&quot; title=&quot;&quot;&gt;
                                                               Response
                                                            Giver
                                                            &lt;/div&gt;
                                                         &lt;/td&gt;
                                                         &lt;td&gt;
                                                            &lt;input class=&quot;visibilityCheckbox answerCheckbox centered&quot; name=&quot;receiverLeaderCheckbox&quot; type=&quot;checkbox&quot; value=&quot;GIVER&quot;/&gt;
                                                                                                                     &lt;/td&gt;
                                                         &lt;td&gt;
                                                            &lt;input class=&quot;visibilityCheckbox giverCheckbox&quot; type=&quot;checkbox&quot; value=&quot;GIVER&quot;/&gt;
                                                                                                                     &lt;/td&gt;
                                                      &lt;/tr&gt;
                                                      &lt;tr id=&quot;response-instructors-1-1-1-2&quot;&gt;
                                                         &lt;td class=&quot;text-left&quot;&gt;
                                                            &lt;div data-original-title=&quot;Control what instructors can view&quot; data-placement=&quot;top&quot; data-toggle=&quot;tooltip&quot; title=&quot;&quot;&gt;
                                                               Instructors
                                                            &lt;/div&gt;
                                                         &lt;/td&gt;
                                                         &lt;td&gt;
                                                            &lt;input class=&quot;visibilityCheckbox answerCheckbox&quot; type=&quot;checkbox&quot; value=&quot;INSTRUCTORS&quot;/&gt;
                                                                                                                     &lt;/td&gt;
                                                         &lt;td&gt;
                                                            &lt;input class=&quot;visibilityCheckbox giverCheckbox&quot; type=&quot;checkbox&quot; value=&quot;INSTRUCTORS&quot;/&gt;
                                                                                                                     &lt;/td&gt;
                                                      &lt;/tr&gt;
                                                   &lt;/tbody&gt;
                                                &lt;/table&gt;
                                             &lt;/div&gt;
                                             &lt;textarea class=&quot;form-control&quot; id=&quot;responsecommenttext-1-1-1-2&quot; name=&quot;responsecommenttext&quot; placeholder=&quot;Your comment about this response&quot; rows=&quot;3&quot;&gt;
                                                Instructor 1 comment to student 1 self feedback
                                             &lt;/textarea&gt;
                                          &lt;/div&gt;
                                          &lt;div class=&quot;col-sm-offset-5&quot;&gt;
                                             &lt;a class=&quot;btn btn-primary&quot; href=&quot;/page/instructorFeedbackResponseCommentEdit&quot; id=&quot;button_save_comment_for_edit-1-1-1-2&quot;&gt;
                                                Save
                                             &lt;/a&gt;
                                             &lt;input class=&quot;btn btn-default&quot; onclick=&quot;return hideResponseCommentEditForm(1,1,1,2);&quot; type=&quot;button&quot; value=&quot;Cancel&quot;/&gt;
                                                                                       &lt;/div&gt;
                                          &lt;input name=&quot;responseid&quot; type=&quot;hidden&quot; value=&quot;agt0ZWFtbWF0ZXN2NHIdCxIQRmVlZGJhY2tRdWVzdGlvbhiAgICAgLXNCQw%comments.student1InCourse1@gmail.tmt%comments.student1InCourse1@gmail.tmt&quot;/&gt;
                                                                                    &lt;input name=&quot;responsecommentid&quot; type=&quot;hidden&quot; value=&quot;5266282739924992&quot;/&gt;
                                                                                    &lt;input name=&quot;courseid&quot; type=&quot;hidden&quot; value=&quot;comments.idOfTypicalCourse1&quot;/&gt;
                                                                                    &lt;input name=&quot;fsname&quot; type=&quot;hidden&quot; value=&quot;comments.First feedback session&quot;/&gt;
                                                                                    &lt;input name=&quot;user&quot; type=&quot;hidden&quot; value=&quot;comments.idOfInstructor1OfCourse1&quot;/&gt;
                                                                                    &lt;input name=&quot;showresponsecommentsto&quot; type=&quot;hidden&quot; value=&quot;&quot;/&gt;
                                                                                    &lt;input name=&quot;showresponsegiverto&quot; type=&quot;hidden&quot; value=&quot;&quot;/&gt;
                                                                                 &lt;/form&gt;
                                    &lt;/li&gt;
                                    &lt;li class=&quot;list-group-item list-group-item-warning&quot; id=&quot;showResponseCommentAddForm-1-1-1&quot; style=&quot;display: none;&quot;&gt;
                                       &lt;form class=&quot;responseCommentAddForm&quot;&gt;
                                          &lt;div class=&quot;form-group&quot;&gt;
                                             &lt;div class=&quot;form-group form-inline&quot;&gt;
                                                &lt;div class=&quot;form-group text-muted&quot;&gt;
                                                   You may change comment&#039;s
                                            visibility using the
                                            visibility options on the
                                            right hand side.
                                                &lt;/div&gt;
                                                &lt;a class=&quot;btn btn-sm btn-info pull-right&quot; id=&quot;frComment-visibility-options-trigger-1-1-1&quot; onclick=&quot;toggleVisibilityEditForm(1,1,1)&quot;&gt;
                                                   &lt;span class=&quot;glyphicon glyphicon-eye-close&quot;&gt;
                                                   &lt;/span&gt;
                                                   Show Visibility Options
                                                &lt;/a&gt;
                                             &lt;/div&gt;
                                             &lt;div class=&quot;panel panel-default&quot; id=&quot;visibility-options-1-1-1&quot; style=&quot;display: none;&quot;&gt;
                                                &lt;div class=&quot;panel-heading&quot;&gt;
                                                   Visibility
                                            Options
                                                &lt;/div&gt;
                                                &lt;table class=&quot;table text-center&quot; style=&quot;color: #000;&quot;&gt;
                                                   &lt;tbody&gt;
                                                      &lt;tr&gt;
                                                         &lt;th class=&quot;text-center&quot;&gt;
                                                            User/Group
                                                         &lt;/th&gt;
                                                         &lt;th class=&quot;text-center&quot;&gt;
                                                            Can
                                                        see your comment
                                                         &lt;/th&gt;
                                                         &lt;th class=&quot;text-center&quot;&gt;
                                                            Can
                                                        see your name
                                                         &lt;/th&gt;
                                                      &lt;/tr&gt;
                                                      &lt;tr id=&quot;response-giver-1-1-1&quot;&gt;
                                                         &lt;td class=&quot;text-left&quot;&gt;
                                                            &lt;div data-original-title=&quot;Control what response giver can view&quot; data-placement=&quot;top&quot; data-toggle=&quot;tooltip&quot; title=&quot;&quot;&gt;
                                                               Response
                                                            Giver
                                                            &lt;/div&gt;
                                                         &lt;/td&gt;
                                                         &lt;td&gt;
                                                            &lt;input checked=&quot;checked&quot; class=&quot;visibilityCheckbox answerCheckbox centered&quot; name=&quot;receiverLeaderCheckbox&quot; type=&quot;checkbox&quot; value=&quot;GIVER&quot;/&gt;
                                                                                                                     &lt;/td&gt;
                                                         &lt;td&gt;
                                                            &lt;input checked=&quot;checked&quot; class=&quot;visibilityCheckbox giverCheckbox&quot; type=&quot;checkbox&quot; value=&quot;GIVER&quot;/&gt;
                                                                                                                     &lt;/td&gt;
                                                      &lt;/tr&gt;
                                                      &lt;tr id=&quot;response-instructors-1-1-1&quot;&gt;
                                                         &lt;td class=&quot;text-left&quot;&gt;
                                                            &lt;div data-original-title=&quot;Control what instructors can view&quot; data-placement=&quot;top&quot; data-toggle=&quot;tooltip&quot; title=&quot;&quot;&gt;
                                                               Instructors
                                                            &lt;/div&gt;
                                                         &lt;/td&gt;
                                                         &lt;td&gt;
                                                            &lt;input checked=&quot;checked&quot; class=&quot;visibilityCheckbox answerCheckbox&quot; type=&quot;checkbox&quot; value=&quot;INSTRUCTORS&quot;/&gt;
                                                                                                                     &lt;/td&gt;
                                                         &lt;td&gt;
                                                            &lt;input checked=&quot;checked&quot; class=&quot;visibilityCheckbox giverCheckbox&quot; type=&quot;checkbox&quot; value=&quot;INSTRUCTORS&quot;/&gt;
                                                                                                                     &lt;/td&gt;
                                                      &lt;/tr&gt;
                                                   &lt;/tbody&gt;
                                                &lt;/table&gt;
                                             &lt;/div&gt;
                                             &lt;textarea class=&quot;form-control&quot; id=&quot;responseCommentAddForm-1-1-1&quot; name=&quot;responsecommenttext&quot; placeholder=&quot;Your comment about this response&quot; rows=&quot;3&quot;&gt;
                                             &lt;/textarea&gt;
                                          &lt;/div&gt;
                                          &lt;div class=&quot;col-sm-offset-5&quot;&gt;
                                             &lt;a class=&quot;btn btn-primary&quot; href=&quot;/page/instructorFeedbackResponseCommentAdd&quot; id=&quot;button_save_comment_for_add-1-1-1&quot;&gt;
                                                Save
                                             &lt;/a&gt;
                                             &lt;input class=&quot;btn btn-default&quot; onclick=&quot;hideResponseCommentAddForm(1,1,1)&quot; type=&quot;button&quot; value=&quot;Cancel&quot;/&gt;
                                                                                          &lt;input name=&quot;courseid&quot; type=&quot;hidden&quot; value=&quot;comments.idOfTypicalCourse1&quot;/&gt;
                                                                                          &lt;input name=&quot;fsname&quot; type=&quot;hidden&quot; value=&quot;comments.First feedback session&quot;/&gt;
                                                                                          &lt;input name=&quot;questionid&quot; type=&quot;hidden&quot; value=&quot;agt0ZWFtbWF0ZXN2NHIdCxIQRmVlZGJhY2tRdWVzdGlvbhiAgICAgLXNCQw&quot;/&gt;
                                                                                          &lt;input name=&quot;responseid&quot; type=&quot;hidden&quot; value=&quot;agt0ZWFtbWF0ZXN2NHIdCxIQRmVlZGJhY2tRdWVzdGlvbhiAgICAgLXNCQw%comments.student1InCourse1@gmail.tmt%comments.student1InCourse1@gmail.tmt&quot;/&gt;
                                                                                          &lt;input name=&quot;user&quot; type=&quot;hidden&quot; value=&quot;comments.idOfInstructor1OfCourse1&quot;/&gt;
                                                                                          &lt;input name=&quot;showresponsecommentsto&quot; type=&quot;hidden&quot; value=&quot;GIVER,INSTRUCTORS&quot;/&gt;
                                                                                          &lt;input name=&quot;showresponsegiverto&quot; type=&quot;hidden&quot; value=&quot;GIVER,INSTRUCTORS&quot;/&gt;
                                                                                       &lt;/div&gt;
                                       &lt;/form&gt;
                                    &lt;/li&gt;
                                 &lt;/ul&gt;
                              &lt;/td&gt;
                           &lt;/tr&gt;
                        &lt;/tbody&gt;
                     &lt;/table&gt;
                  &lt;/div&gt;
                  &lt;div class=&quot;panel panel-info&quot;&gt;
                     &lt;div class=&quot;panel-heading&quot;&gt;
                        &lt;b&gt;
                           Question 2
                        &lt;/b&gt;
                        :
        Rate 1 other student&#039;s product
                     &lt;/div&gt;
                     &lt;table class=&quot;table&quot;&gt;
                        &lt;tbody&gt;
                           &lt;tr&gt;
                              &lt;td&gt;
                                 &lt;b&gt;
                                    From:
                                 &lt;/b&gt;
                                 student3 In Course1 (Team 1.2)
                                 &lt;b&gt;
                                    To:
                                 &lt;/b&gt;
                                 student2 In Course1 (Team 1.1)
                              &lt;/td&gt;
                           &lt;/tr&gt;
                           &lt;tr&gt;
                              &lt;td&gt;
                                 &lt;strong&gt;
                                    Response:
                                 &lt;/strong&gt;
                                 Response from student 3 &quot;to&quot; student 2.
Multiline test.
                              &lt;/td&gt;
                           &lt;/tr&gt;
                           &lt;tr class=&quot;active&quot;&gt;
                              &lt;td&gt;
                                 Comment(s):
                                 &lt;button class=&quot;btn btn-default btn-xs icon-button pull-right&quot; data-original-title=&quot;Add comment&quot; data-placement=&quot;top&quot; data-toggle=&quot;tooltip&quot; id=&quot;button_add_comment-1-2-1&quot; onclick=&quot;showResponseCommentAddForm(1,2,1)&quot; title=&quot;&quot; type=&quot;button&quot;&gt;
                                    &lt;span class=&quot;glyphicon glyphicon-comment glyphicon-primary&quot;&gt;
                                    &lt;/span&gt;
                                 &lt;/button&gt;
                              &lt;/td&gt;
                           &lt;/tr&gt;
                           &lt;tr&gt;
                              &lt;td&gt;
                                 &lt;ul class=&quot;list-group comments&quot; id=&quot;responseCommentTable-1-2-1&quot; style=&quot;&quot;&gt;
                                    &lt;li class=&quot;list-group-item list-group-item-warning giver_display-by-you status_display-private&quot; id=&quot;6392182646767616&quot;&gt;
                                       &lt;div id=&quot;commentBar-1-2-1-1&quot;&gt;
                                          &lt;span class=&quot;text-muted&quot;&gt;
                                             From:
                                             &lt;b&gt;
                                                you
                                             &lt;/b&gt;
                                             [Mon Feb 01 23:59:00 UTC 2016]
                                          &lt;/span&gt;
                                          &lt;form class=&quot;responseCommentDeleteForm pull-right&quot;&gt;
                                             &lt;a class=&quot;btn btn-default btn-xs icon-button&quot; data-original-title=&quot;Delete this comment&quot; data-placement=&quot;top&quot; data-toggle=&quot;tooltip&quot; href=&quot;/page/instructorFeedbackResponseCommentDelete&quot; id=&quot;commentdelete-1-2-1-1&quot; style=&quot;display: none;&quot; title=&quot;&quot; type=&quot;button&quot;&gt;
                                                &lt;span class=&quot;glyphicon glyphicon-trash glyphicon-primary&quot;&gt;
                                                &lt;/span&gt;
                                             &lt;/a&gt;
                                             &lt;input name=&quot;responseid&quot; type=&quot;hidden&quot; value=&quot;agt0ZWFtbWF0ZXN2NHIdCxIQRmVlZGJhY2tRdWVzdGlvbhiAgICAgLXNCww%comments.student3InCourse1@gmail.tmt%comments.student2InCourse1@gmail.tmt&quot;/&gt;
                                                                                          &lt;input name=&quot;responsecommentid&quot; type=&quot;hidden&quot; value=&quot;6392182646767616&quot;/&gt;
                                                                                          &lt;input name=&quot;courseid&quot; type=&quot;hidden&quot; value=&quot;comments.idOfTypicalCourse1&quot;/&gt;
                                                                                          &lt;input name=&quot;fsname&quot; type=&quot;hidden&quot; value=&quot;comments.First feedback session&quot;/&gt;
                                                                                          &lt;input name=&quot;user&quot; type=&quot;hidden&quot; value=&quot;comments.idOfInstructor1OfCourse1&quot;/&gt;
                                                                                       &lt;/form&gt;
                                          &lt;a class=&quot;btn btn-default btn-xs icon-button pull-right&quot; data-original-title=&quot;Edit this comment&quot; data-placement=&quot;top&quot; data-toggle=&quot;tooltip&quot; id=&quot;commentedit-1-2-1-1&quot; onclick=&quot;showResponseCommentEditForm(1,2,1,1)&quot; style=&quot;display: none;&quot; title=&quot;&quot; type=&quot;button&quot;&gt;
                                             &lt;span class=&quot;glyphicon glyphicon-pencil glyphicon-primary&quot;&gt;
                                             &lt;/span&gt;
                                          &lt;/a&gt;
                                       &lt;/div&gt;
                                       &lt;div id=&quot;plainCommentText-1-2-1-1&quot; style=&quot;margin-left: 15px;&quot;&gt;
                                          Instructor 1 comment to feedback Question 2
                                       &lt;/div&gt;
                                       &lt;form class=&quot;responseCommentEditForm&quot; id=&quot;responseCommentEditForm-1-2-1-1&quot; style=&quot;display: none;&quot;&gt;
                                          &lt;div class=&quot;form-group&quot;&gt;
                                             &lt;div class=&quot;form-group form-inline&quot;&gt;
                                                &lt;div class=&quot;form-group text-muted&quot;&gt;
                                                   You may change comment&#039;s
                                            visibility using the
                                            visibility options on the
                                            right hand side.
                                                &lt;/div&gt;
                                                &lt;a class=&quot;btn btn-sm btn-info pull-right&quot; id=&quot;frComment-visibility-options-trigger-1-2-1-1&quot; onclick=&quot;toggleVisibilityEditForm(1,2,1,1)&quot;&gt;
                                                   &lt;span class=&quot;glyphicon glyphicon-eye-close&quot;&gt;
                                                   &lt;/span&gt;
                                                   Show Visibility Options
                                                &lt;/a&gt;
                                             &lt;/div&gt;
                                             &lt;div class=&quot;panel panel-default&quot; id=&quot;visibility-options-1-2-1-1&quot; style=&quot;display: none;&quot;&gt;
                                                &lt;div class=&quot;panel-heading&quot;&gt;
                                                   Visibility
                                            Options
                                                &lt;/div&gt;
                                                &lt;table class=&quot;table text-center&quot; style=&quot;color: #000;&quot;&gt;
                                                   &lt;tbody&gt;
                                                      &lt;tr&gt;
                                                         &lt;th class=&quot;text-center&quot;&gt;
                                                            User/Group
                                                         &lt;/th&gt;
                                                         &lt;th class=&quot;text-center&quot;&gt;
                                                            Can
                                                        see your comment
                                                         &lt;/th&gt;
                                                         &lt;th class=&quot;text-center&quot;&gt;
                                                            Can
                                                        see your name
                                                         &lt;/th&gt;
                                                      &lt;/tr&gt;
                                                      &lt;tr id=&quot;response-giver-1-2-1-1&quot;&gt;
                                                         &lt;td class=&quot;text-left&quot;&gt;
                                                            &lt;div data-original-title=&quot;Control what response giver can view&quot; data-placement=&quot;top&quot; data-toggle=&quot;tooltip&quot; title=&quot;&quot;&gt;
                                                               Response
                                                            Giver
                                                            &lt;/div&gt;
                                                         &lt;/td&gt;
                                                         &lt;td&gt;
                                                            &lt;input class=&quot;visibilityCheckbox answerCheckbox centered&quot; name=&quot;receiverLeaderCheckbox&quot; type=&quot;checkbox&quot; value=&quot;GIVER&quot;/&gt;
                                                                                                                     &lt;/td&gt;
                                                         &lt;td&gt;
                                                            &lt;input class=&quot;visibilityCheckbox giverCheckbox&quot; type=&quot;checkbox&quot; value=&quot;GIVER&quot;/&gt;
                                                                                                                     &lt;/td&gt;
                                                      &lt;/tr&gt;
                                                      &lt;tr id=&quot;response-recipient-1-2-1-1&quot;&gt;
                                                         &lt;td class=&quot;text-left&quot;&gt;
                                                            &lt;div data-original-title=&quot;Control what response recipient(s) can view&quot; data-placement=&quot;top&quot; data-toggle=&quot;tooltip&quot; title=&quot;&quot;&gt;
                                                               Response
                                                            Recipient(s)
                                                            &lt;/div&gt;
                                                         &lt;/td&gt;
                                                         &lt;td&gt;
                                                            &lt;input class=&quot;visibilityCheckbox answerCheckbox centered&quot; name=&quot;receiverLeaderCheckbox&quot; type=&quot;checkbox&quot; value=&quot;RECEIVER&quot;/&gt;
                                                                                                                     &lt;/td&gt;
                                                         &lt;td&gt;
                                                            &lt;input class=&quot;visibilityCheckbox giverCheckbox&quot; type=&quot;checkbox&quot; value=&quot;RECEIVER&quot;/&gt;
                                                                                                                     &lt;/td&gt;
                                                      &lt;/tr&gt;
                                                      &lt;tr id=&quot;response-recipient-team-1-2-1-1&quot;&gt;
                                                         &lt;td class=&quot;text-left&quot;&gt;
                                                            &lt;div data-original-title=&quot;Control what team members of response recipient(s) can view&quot; data-placement=&quot;top&quot; data-toggle=&quot;tooltip&quot; title=&quot;&quot;&gt;
                                                               Response
                                                            Recipient&#039;s
                                                            Team Members
                                                            &lt;/div&gt;
                                                         &lt;/td&gt;
                                                         &lt;td&gt;
                                                            &lt;input class=&quot;visibilityCheckbox answerCheckbox&quot; type=&quot;checkbox&quot; value=&quot;RECEIVER_TEAM_MEMBERS&quot;/&gt;
                                                                                                                     &lt;/td&gt;
                                                         &lt;td&gt;
                                                            &lt;input class=&quot;visibilityCheckbox giverCheckbox&quot; type=&quot;checkbox&quot; value=&quot;RECEIVER_TEAM_MEMBERS&quot;/&gt;
                                                                                                                     &lt;/td&gt;
                                                      &lt;/tr&gt;
                                                      &lt;tr id=&quot;response-students-1-2-1-1&quot;&gt;
                                                         &lt;td class=&quot;text-left&quot;&gt;
                                                            &lt;div data-original-title=&quot;Control what other students in this course can view&quot; data-placement=&quot;top&quot; data-toggle=&quot;tooltip&quot; title=&quot;&quot;&gt;
                                                               Other
                                                            students in
                                                            this course
                                                            &lt;/div&gt;
                                                         &lt;/td&gt;
                                                         &lt;td&gt;
                                                            &lt;input class=&quot;visibilityCheckbox answerCheckbox&quot; type=&quot;checkbox&quot; value=&quot;STUDENTS&quot;/&gt;
                                                                                                                     &lt;/td&gt;
                                                         &lt;td&gt;
                                                            &lt;input class=&quot;visibilityCheckbox giverCheckbox&quot; type=&quot;checkbox&quot; value=&quot;STUDENTS&quot;/&gt;
                                                                                                                     &lt;/td&gt;
                                                      &lt;/tr&gt;
                                                      &lt;tr id=&quot;response-instructors-1-2-1-1&quot;&gt;
                                                         &lt;td class=&quot;text-left&quot;&gt;
                                                            &lt;div data-original-title=&quot;Control what instructors can view&quot; data-placement=&quot;top&quot; data-toggle=&quot;tooltip&quot; title=&quot;&quot;&gt;
                                                               Instructors
                                                            &lt;/div&gt;
                                                         &lt;/td&gt;
                                                         &lt;td&gt;
                                                            &lt;input class=&quot;visibilityCheckbox answerCheckbox&quot; type=&quot;checkbox&quot; value=&quot;INSTRUCTORS&quot;/&gt;
                                                                                                                     &lt;/td&gt;
                                                         &lt;td&gt;
                                                            &lt;input class=&quot;visibilityCheckbox giverCheckbox&quot; type=&quot;checkbox&quot; value=&quot;INSTRUCTORS&quot;/&gt;
                                                                                                                     &lt;/td&gt;
                                                      &lt;/tr&gt;
                                                   &lt;/tbody&gt;
                                                &lt;/table&gt;
                                             &lt;/div&gt;
                                             &lt;textarea class=&quot;form-control&quot; id=&quot;responsecommenttext-1-2-1-1&quot; name=&quot;responsecommenttext&quot; placeholder=&quot;Your comment about this response&quot; rows=&quot;3&quot;&gt;
                                                Instructor 1 comment to feedback Question 2
                                             &lt;/textarea&gt;
                                          &lt;/div&gt;
                                          &lt;div class=&quot;col-sm-offset-5&quot;&gt;
                                             &lt;a class=&quot;btn btn-primary&quot; href=&quot;/page/instructorFeedbackResponseCommentEdit&quot; id=&quot;button_save_comment_for_edit-1-2-1-1&quot;&gt;
                                                Save
                                             &lt;/a&gt;
                                             &lt;input class=&quot;btn btn-default&quot; onclick=&quot;return hideResponseCommentEditForm(1,2,1,1);&quot; type=&quot;button&quot; value=&quot;Cancel&quot;/&gt;
                                                                                       &lt;/div&gt;
                                          &lt;input name=&quot;responseid&quot; type=&quot;hidden&quot; value=&quot;agt0ZWFtbWF0ZXN2NHIdCxIQRmVlZGJhY2tRdWVzdGlvbhiAgICAgLXNCww%comments.student3InCourse1@gmail.tmt%comments.student2InCourse1@gmail.tmt&quot;/&gt;
                                                                                    &lt;input name=&quot;responsecommentid&quot; type=&quot;hidden&quot; value=&quot;6392182646767616&quot;/&gt;
                                                                                    &lt;input name=&quot;courseid&quot; type=&quot;hidden&quot; value=&quot;comments.idOfTypicalCourse1&quot;/&gt;
                                                                                    &lt;input name=&quot;fsname&quot; type=&quot;hidden&quot; value=&quot;comments.First feedback session&quot;/&gt;
                                                                                    &lt;input name=&quot;user&quot; type=&quot;hidden&quot; value=&quot;comments.idOfInstructor1OfCourse1&quot;/&gt;
                                                                                    &lt;input name=&quot;showresponsecommentsto&quot; type=&quot;hidden&quot; value=&quot;&quot;/&gt;
                                                                                    &lt;input name=&quot;showresponsegiverto&quot; type=&quot;hidden&quot; value=&quot;&quot;/&gt;
                                                                                 &lt;/form&gt;
                                    &lt;/li&gt;
                                    &lt;li class=&quot;list-group-item list-group-item-warning giver_display-by-others status_display-public&quot; id=&quot;4984807763214336&quot;&gt;
                                       &lt;div id=&quot;commentBar-1-2-1-2&quot;&gt;
                                          &lt;span class=&quot;text-muted&quot;&gt;
                                             From:
                                             &lt;b&gt;
                                                Anonymous
                                             &lt;/b&gt;
                                             [Tue Feb 02 23:59:00 UTC 2016]
                                          &lt;/span&gt;
                                          &lt;span class=&quot;glyphicon glyphicon-eye-open&quot; data-original-title=&quot;This response comment is visible to other students in this course, and instructors&quot; data-placement=&quot;top&quot; data-toggle=&quot;tooltip&quot; style=&quot;margin-left: 5px;&quot; title=&quot;&quot;&gt;
                                          &lt;/span&gt;
                                          &lt;form class=&quot;responseCommentDeleteForm pull-right&quot;&gt;
                                             &lt;a class=&quot;btn btn-default btn-xs icon-button&quot; data-original-title=&quot;Delete this comment&quot; data-placement=&quot;top&quot; data-toggle=&quot;tooltip&quot; href=&quot;/page/instructorFeedbackResponseCommentDelete&quot; id=&quot;commentdelete-1-2-1-2&quot; style=&quot;display: none;&quot; title=&quot;&quot; type=&quot;button&quot;&gt;
                                                &lt;span class=&quot;glyphicon glyphicon-trash glyphicon-primary&quot;&gt;
                                                &lt;/span&gt;
                                             &lt;/a&gt;
                                             &lt;input name=&quot;responseid&quot; type=&quot;hidden&quot; value=&quot;agt0ZWFtbWF0ZXN2NHIdCxIQRmVlZGJhY2tRdWVzdGlvbhiAgICAgLXNCww%comments.student3InCourse1@gmail.tmt%comments.student2InCourse1@gmail.tmt&quot;/&gt;
                                                                                          &lt;input name=&quot;responsecommentid&quot; type=&quot;hidden&quot; value=&quot;4984807763214336&quot;/&gt;
                                                                                          &lt;input name=&quot;courseid&quot; type=&quot;hidden&quot; value=&quot;comments.idOfTypicalCourse1&quot;/&gt;
                                                                                          &lt;input name=&quot;fsname&quot; type=&quot;hidden&quot; value=&quot;comments.First feedback session&quot;/&gt;
                                                                                          &lt;input name=&quot;user&quot; type=&quot;hidden&quot; value=&quot;comments.idOfInstructor1OfCourse1&quot;/&gt;
                                                                                       &lt;/form&gt;
                                          &lt;a class=&quot;btn btn-default btn-xs icon-button pull-right&quot; data-original-title=&quot;Edit this comment&quot; data-placement=&quot;top&quot; data-toggle=&quot;tooltip&quot; id=&quot;commentedit-1-2-1-2&quot; onclick=&quot;showResponseCommentEditForm(1,2,1,2)&quot; style=&quot;display: none;&quot; title=&quot;&quot; type=&quot;button&quot;&gt;
                                             &lt;span class=&quot;glyphicon glyphicon-pencil glyphicon-primary&quot;&gt;
                                             &lt;/span&gt;
                                          &lt;/a&gt;
                                       &lt;/div&gt;
                                       &lt;div id=&quot;plainCommentText-1-2-1-2&quot; style=&quot;margin-left: 15px;&quot;&gt;
                                          Anonymous comment to feedback Question 2
                                       &lt;/div&gt;
                                       &lt;form class=&quot;responseCommentEditForm&quot; id=&quot;responseCommentEditForm-1-2-1-2&quot; style=&quot;display: none;&quot;&gt;
                                          &lt;div class=&quot;form-group&quot;&gt;
                                             &lt;div class=&quot;form-group form-inline&quot;&gt;
                                                &lt;div class=&quot;form-group text-muted&quot;&gt;
                                                   You may change comment&#039;s
                                            visibility using the
                                            visibility options on the
                                            right hand side.
                                                &lt;/div&gt;
                                                &lt;a class=&quot;btn btn-sm btn-info pull-right&quot; id=&quot;frComment-visibility-options-trigger-1-2-1-2&quot; onclick=&quot;toggleVisibilityEditForm(1,2,1,2)&quot;&gt;
                                                   &lt;span class=&quot;glyphicon glyphicon-eye-close&quot;&gt;
                                                   &lt;/span&gt;
                                                   Show Visibility Options
                                                &lt;/a&gt;
                                             &lt;/div&gt;
                                             &lt;div class=&quot;panel panel-default&quot; id=&quot;visibility-options-1-2-1-2&quot; style=&quot;display: none;&quot;&gt;
                                                &lt;div class=&quot;panel-heading&quot;&gt;
                                                   Visibility
                                            Options
                                                &lt;/div&gt;
                                                &lt;table class=&quot;table text-center&quot; style=&quot;color: #000;&quot;&gt;
                                                   &lt;tbody&gt;
                                                      &lt;tr&gt;
                                                         &lt;th class=&quot;text-center&quot;&gt;
                                                            User/Group
                                                         &lt;/th&gt;
                                                         &lt;th class=&quot;text-center&quot;&gt;
                                                            Can
                                                        see your comment
                                                         &lt;/th&gt;
                                                         &lt;th class=&quot;text-center&quot;&gt;
                                                            Can
                                                        see your name
                                                         &lt;/th&gt;
                                                      &lt;/tr&gt;
                                                      &lt;tr id=&quot;response-giver-1-2-1-2&quot;&gt;
                                                         &lt;td class=&quot;text-left&quot;&gt;
                                                            &lt;div data-original-title=&quot;Control what response giver can view&quot; data-placement=&quot;top&quot; data-toggle=&quot;tooltip&quot; title=&quot;&quot;&gt;
                                                               Response
                                                            Giver
                                                            &lt;/div&gt;
                                                         &lt;/td&gt;
                                                         &lt;td&gt;
                                                            &lt;input class=&quot;visibilityCheckbox answerCheckbox centered&quot; name=&quot;receiverLeaderCheckbox&quot; type=&quot;checkbox&quot; value=&quot;GIVER&quot;/&gt;
                                                                                                                     &lt;/td&gt;
                                                         &lt;td&gt;
                                                            &lt;input class=&quot;visibilityCheckbox giverCheckbox&quot; type=&quot;checkbox&quot; value=&quot;GIVER&quot;/&gt;
                                                                                                                     &lt;/td&gt;
                                                      &lt;/tr&gt;
                                                      &lt;tr id=&quot;response-recipient-1-2-1-2&quot;&gt;
                                                         &lt;td class=&quot;text-left&quot;&gt;
                                                            &lt;div data-original-title=&quot;Control what response recipient(s) can view&quot; data-placement=&quot;top&quot; data-toggle=&quot;tooltip&quot; title=&quot;&quot;&gt;
                                                               Response
                                                            Recipient(s)
                                                            &lt;/div&gt;
                                                         &lt;/td&gt;
                                                         &lt;td&gt;
                                                            &lt;input class=&quot;visibilityCheckbox answerCheckbox centered&quot; name=&quot;receiverLeaderCheckbox&quot; type=&quot;checkbox&quot; value=&quot;RECEIVER&quot;/&gt;
                                                                                                                     &lt;/td&gt;
                                                         &lt;td&gt;
                                                            &lt;input class=&quot;visibilityCheckbox giverCheckbox&quot; type=&quot;checkbox&quot; value=&quot;RECEIVER&quot;/&gt;
                                                                                                                     &lt;/td&gt;
                                                      &lt;/tr&gt;
                                                      &lt;tr id=&quot;response-recipient-team-1-2-1-2&quot;&gt;
                                                         &lt;td class=&quot;text-left&quot;&gt;
                                                            &lt;div data-original-title=&quot;Control what team members of response recipient(s) can view&quot; data-placement=&quot;top&quot; data-toggle=&quot;tooltip&quot; title=&quot;&quot;&gt;
                                                               Response
                                                            Recipient&#039;s
                                                            Team Members
                                                            &lt;/div&gt;
                                                         &lt;/td&gt;
                                                         &lt;td&gt;
                                                            &lt;input class=&quot;visibilityCheckbox answerCheckbox&quot; type=&quot;checkbox&quot; value=&quot;RECEIVER_TEAM_MEMBERS&quot;/&gt;
                                                                                                                     &lt;/td&gt;
                                                         &lt;td&gt;
                                                            &lt;input class=&quot;visibilityCheckbox giverCheckbox&quot; type=&quot;checkbox&quot; value=&quot;RECEIVER_TEAM_MEMBERS&quot;/&gt;
                                                                                                                     &lt;/td&gt;
                                                      &lt;/tr&gt;
                                                      &lt;tr id=&quot;response-students-1-2-1-2&quot;&gt;
                                                         &lt;td class=&quot;text-left&quot;&gt;
                                                            &lt;div data-original-title=&quot;Control what other students in this course can view&quot; data-placement=&quot;top&quot; data-toggle=&quot;tooltip&quot; title=&quot;&quot;&gt;
                                                               Other
                                                            students in
                                                            this course
                                                            &lt;/div&gt;
                                                         &lt;/td&gt;
                                                         &lt;td&gt;
                                                            &lt;input checked=&quot;checked&quot; class=&quot;visibilityCheckbox answerCheckbox&quot; type=&quot;checkbox&quot; value=&quot;STUDENTS&quot;/&gt;
                                                                                                                     &lt;/td&gt;
                                                         &lt;td&gt;
                                                            &lt;input class=&quot;visibilityCheckbox giverCheckbox&quot; type=&quot;checkbox&quot; value=&quot;STUDENTS&quot;/&gt;
                                                                                                                     &lt;/td&gt;
                                                      &lt;/tr&gt;
                                                      &lt;tr id=&quot;response-instructors-1-2-1-2&quot;&gt;
                                                         &lt;td class=&quot;text-left&quot;&gt;
                                                            &lt;div data-original-title=&quot;Control what instructors can view&quot; data-placement=&quot;top&quot; data-toggle=&quot;tooltip&quot; title=&quot;&quot;&gt;
                                                               Instructors
                                                            &lt;/div&gt;
                                                         &lt;/td&gt;
                                                         &lt;td&gt;
                                                            &lt;input checked=&quot;checked&quot; class=&quot;visibilityCheckbox answerCheckbox&quot; type=&quot;checkbox&quot; value=&quot;INSTRUCTORS&quot;/&gt;
                                                                                                                     &lt;/td&gt;
                                                         &lt;td&gt;
                                                            &lt;input class=&quot;visibilityCheckbox giverCheckbox&quot; type=&quot;checkbox&quot; value=&quot;INSTRUCTORS&quot;/&gt;
                                                                                                                     &lt;/td&gt;
                                                      &lt;/tr&gt;
                                                   &lt;/tbody&gt;
                                                &lt;/table&gt;
                                             &lt;/div&gt;
                                             &lt;textarea class=&quot;form-control&quot; id=&quot;responsecommenttext-1-2-1-2&quot; name=&quot;responsecommenttext&quot; placeholder=&quot;Your comment about this response&quot; rows=&quot;3&quot;&gt;
                                                Anonymous comment to feedback Question 2
                                             &lt;/textarea&gt;
                                          &lt;/div&gt;
                                          &lt;div class=&quot;col-sm-offset-5&quot;&gt;
                                             &lt;a class=&quot;btn btn-primary&quot; href=&quot;/page/instructorFeedbackResponseCommentEdit&quot; id=&quot;button_save_comment_for_edit-1-2-1-2&quot;&gt;
                                                Save
                                             &lt;/a&gt;
                                             &lt;input class=&quot;btn btn-default&quot; onclick=&quot;return hideResponseCommentEditForm(1,2,1,2);&quot; type=&quot;button&quot; value=&quot;Cancel&quot;/&gt;
                                                                                       &lt;/div&gt;
                                          &lt;input name=&quot;responseid&quot; type=&quot;hidden&quot; value=&quot;agt0ZWFtbWF0ZXN2NHIdCxIQRmVlZGJhY2tRdWVzdGlvbhiAgICAgLXNCww%comments.student3InCourse1@gmail.tmt%comments.student2InCourse1@gmail.tmt&quot;/&gt;
                                                                                    &lt;input name=&quot;responsecommentid&quot; type=&quot;hidden&quot; value=&quot;4984807763214336&quot;/&gt;
                                                                                    &lt;input name=&quot;courseid&quot; type=&quot;hidden&quot; value=&quot;comments.idOfTypicalCourse1&quot;/&gt;
                                                                                    &lt;input name=&quot;fsname&quot; type=&quot;hidden&quot; value=&quot;comments.First feedback session&quot;/&gt;
                                                                                    &lt;input name=&quot;user&quot; type=&quot;hidden&quot; value=&quot;comments.idOfInstructor1OfCourse1&quot;/&gt;
                                                                                    &lt;input name=&quot;showresponsecommentsto&quot; type=&quot;hidden&quot; value=&quot;STUDENTS, INSTRUCTORS&quot;/&gt;
                                                                                    &lt;input name=&quot;showresponsegiverto&quot; type=&quot;hidden&quot; value=&quot;&quot;/&gt;
                                                                                 &lt;/form&gt;
                                    &lt;/li&gt;
                                    &lt;li class=&quot;list-group-item list-group-item-warning giver_display-by-others status_display-public&quot; id=&quot;6110707670056960&quot;&gt;
                                       &lt;div id=&quot;commentBar-1-2-1-3&quot;&gt;
                                          &lt;span class=&quot;text-muted&quot;&gt;
                                             From:
                                             &lt;b&gt;
                                                Instructor2 Course1
                                             &lt;/b&gt;
                                             [Wed Feb 03 23:59:00 UTC 2016]
                                          &lt;/span&gt;
                                          &lt;span class=&quot;glyphicon glyphicon-eye-open&quot; data-original-title=&quot;This response comment is visible to response giver, response recipient, other students in this course, and instructors&quot; data-placement=&quot;top&quot; data-toggle=&quot;tooltip&quot; style=&quot;margin-left: 5px;&quot; title=&quot;&quot;&gt;
                                          &lt;/span&gt;
                                          &lt;form class=&quot;responseCommentDeleteForm pull-right&quot;&gt;
                                             &lt;a class=&quot;btn btn-default btn-xs icon-button&quot; data-original-title=&quot;Delete this comment&quot; data-placement=&quot;top&quot; data-toggle=&quot;tooltip&quot; href=&quot;/page/instructorFeedbackResponseCommentDelete&quot; id=&quot;commentdelete-1-2-1-3&quot; style=&quot;display: none;&quot; title=&quot;&quot; type=&quot;button&quot;&gt;
                                                &lt;span class=&quot;glyphicon glyphicon-trash glyphicon-primary&quot;&gt;
                                                &lt;/span&gt;
                                             &lt;/a&gt;
                                             &lt;input name=&quot;responseid&quot; type=&quot;hidden&quot; value=&quot;agt0ZWFtbWF0ZXN2NHIdCxIQRmVlZGJhY2tRdWVzdGlvbhiAgICAgLXNCww%comments.student3InCourse1@gmail.tmt%comments.student2InCourse1@gmail.tmt&quot;/&gt;
                                                                                          &lt;input name=&quot;responsecommentid&quot; type=&quot;hidden&quot; value=&quot;6110707670056960&quot;/&gt;
                                                                                          &lt;input name=&quot;courseid&quot; type=&quot;hidden&quot; value=&quot;comments.idOfTypicalCourse1&quot;/&gt;
                                                                                          &lt;input name=&quot;fsname&quot; type=&quot;hidden&quot; value=&quot;comments.First feedback session&quot;/&gt;
                                                                                          &lt;input name=&quot;user&quot; type=&quot;hidden&quot; value=&quot;comments.idOfInstructor1OfCourse1&quot;/&gt;
                                                                                       &lt;/form&gt;
                                          &lt;a class=&quot;btn btn-default btn-xs icon-button pull-right&quot; data-original-title=&quot;Edit this comment&quot; data-placement=&quot;top&quot; data-toggle=&quot;tooltip&quot; id=&quot;commentedit-1-2-1-3&quot; onclick=&quot;showResponseCommentEditForm(1,2,1,3)&quot; style=&quot;display: none;&quot; title=&quot;&quot; type=&quot;button&quot;&gt;
                                             &lt;span class=&quot;glyphicon glyphicon-pencil glyphicon-primary&quot;&gt;
                                             &lt;/span&gt;
                                          &lt;/a&gt;
                                       &lt;/div&gt;
                                       &lt;div id=&quot;plainCommentText-1-2-1-3&quot; style=&quot;margin-left: 15px;&quot;&gt;
                                          Instructor 2 comment to feedback Question 2 (Student 3 see this as anonymous comment)
                                       &lt;/div&gt;
                                       &lt;form class=&quot;responseCommentEditForm&quot; id=&quot;responseCommentEditForm-1-2-1-3&quot; style=&quot;display: none;&quot;&gt;
                                          &lt;div class=&quot;form-group&quot;&gt;
                                             &lt;div class=&quot;form-group form-inline&quot;&gt;
                                                &lt;div class=&quot;form-group text-muted&quot;&gt;
                                                   You may change comment&#039;s
                                            visibility using the
                                            visibility options on the
                                            right hand side.
                                                &lt;/div&gt;
                                                &lt;a class=&quot;btn btn-sm btn-info pull-right&quot; id=&quot;frComment-visibility-options-trigger-1-2-1-3&quot; onclick=&quot;toggleVisibilityEditForm(1,2,1,3)&quot;&gt;
                                                   &lt;span class=&quot;glyphicon glyphicon-eye-close&quot;&gt;
                                                   &lt;/span&gt;
                                                   Show Visibility Options
                                                &lt;/a&gt;
                                             &lt;/div&gt;
                                             &lt;div class=&quot;panel panel-default&quot; id=&quot;visibility-options-1-2-1-3&quot; style=&quot;display: none;&quot;&gt;
                                                &lt;div class=&quot;panel-heading&quot;&gt;
                                                   Visibility
                                            Options
                                                &lt;/div&gt;
                                                &lt;table class=&quot;table text-center&quot; style=&quot;color: #000;&quot;&gt;
                                                   &lt;tbody&gt;
                                                      &lt;tr&gt;
                                                         &lt;th class=&quot;text-center&quot;&gt;
                                                            User/Group
                                                         &lt;/th&gt;
                                                         &lt;th class=&quot;text-center&quot;&gt;
                                                            Can
                                                        see your comment
                                                         &lt;/th&gt;
                                                         &lt;th class=&quot;text-center&quot;&gt;
                                                            Can
                                                        see your name
                                                         &lt;/th&gt;
                                                      &lt;/tr&gt;
                                                      &lt;tr id=&quot;response-giver-1-2-1-3&quot;&gt;
                                                         &lt;td class=&quot;text-left&quot;&gt;
                                                            &lt;div data-original-title=&quot;Control what response giver can view&quot; data-placement=&quot;top&quot; data-toggle=&quot;tooltip&quot; title=&quot;&quot;&gt;
                                                               Response
                                                            Giver
                                                            &lt;/div&gt;
                                                         &lt;/td&gt;
                                                         &lt;td&gt;
                                                            &lt;input checked=&quot;checked&quot; class=&quot;visibilityCheckbox answerCheckbox centered&quot; name=&quot;receiverLeaderCheckbox&quot; type=&quot;checkbox&quot; value=&quot;GIVER&quot;/&gt;
                                                                                                                     &lt;/td&gt;
                                                         &lt;td&gt;
                                                            &lt;input class=&quot;visibilityCheckbox giverCheckbox&quot; type=&quot;checkbox&quot; value=&quot;GIVER&quot;/&gt;
                                                                                                                     &lt;/td&gt;
                                                      &lt;/tr&gt;
                                                      &lt;tr id=&quot;response-recipient-1-2-1-3&quot;&gt;
                                                         &lt;td class=&quot;text-left&quot;&gt;
                                                            &lt;div data-original-title=&quot;Control what response recipient(s) can view&quot; data-placement=&quot;top&quot; data-toggle=&quot;tooltip&quot; title=&quot;&quot;&gt;
                                                               Response
                                                            Recipient(s)
                                                            &lt;/div&gt;
                                                         &lt;/td&gt;
                                                         &lt;td&gt;
                                                            &lt;input checked=&quot;checked&quot; class=&quot;visibilityCheckbox answerCheckbox centered&quot; name=&quot;receiverLeaderCheckbox&quot; type=&quot;checkbox&quot; value=&quot;RECEIVER&quot;/&gt;
                                                                                                                     &lt;/td&gt;
                                                         &lt;td&gt;
                                                            &lt;input class=&quot;visibilityCheckbox giverCheckbox&quot; type=&quot;checkbox&quot; value=&quot;RECEIVER&quot;/&gt;
                                                                                                                     &lt;/td&gt;
                                                      &lt;/tr&gt;
                                                      &lt;tr id=&quot;response-recipient-team-1-2-1-3&quot;&gt;
                                                         &lt;td class=&quot;text-left&quot;&gt;
                                                            &lt;div data-original-title=&quot;Control what team members of response recipient(s) can view&quot; data-placement=&quot;top&quot; data-toggle=&quot;tooltip&quot; title=&quot;&quot;&gt;
                                                               Response
                                                            Recipient&#039;s
                                                            Team Members
                                                            &lt;/div&gt;
                                                         &lt;/td&gt;
                                                         &lt;td&gt;
                                                            &lt;input class=&quot;visibilityCheckbox answerCheckbox&quot; type=&quot;checkbox&quot; value=&quot;RECEIVER_TEAM_MEMBERS&quot;/&gt;
                                                                                                                     &lt;/td&gt;
                                                         &lt;td&gt;
                                                            &lt;input checked=&quot;checked&quot; class=&quot;visibilityCheckbox giverCheckbox&quot; type=&quot;checkbox&quot; value=&quot;RECEIVER_TEAM_MEMBERS&quot;/&gt;
                                                                                                                     &lt;/td&gt;
                                                      &lt;/tr&gt;
                                                      &lt;tr id=&quot;response-students-1-2-1-3&quot;&gt;
                                                         &lt;td class=&quot;text-left&quot;&gt;
                                                            &lt;div data-original-title=&quot;Control what other students in this course can view&quot; data-placement=&quot;top&quot; data-toggle=&quot;tooltip&quot; title=&quot;&quot;&gt;
                                                               Other
                                                            students in
                                                            this course
                                                            &lt;/div&gt;
                                                         &lt;/td&gt;
                                                         &lt;td&gt;
                                                            &lt;input checked=&quot;checked&quot; class=&quot;visibilityCheckbox answerCheckbox&quot; type=&quot;checkbox&quot; value=&quot;STUDENTS&quot;/&gt;
                                                                                                                     &lt;/td&gt;
                                                         &lt;td&gt;
                                                            &lt;input class=&quot;visibilityCheckbox giverCheckbox&quot; type=&quot;checkbox&quot; value=&quot;STUDENTS&quot;/&gt;
                                                                                                                     &lt;/td&gt;
                                                      &lt;/tr&gt;
                                                      &lt;tr id=&quot;response-instructors-1-2-1-3&quot;&gt;
                                                         &lt;td class=&quot;text-left&quot;&gt;
                                                            &lt;div data-original-title=&quot;Control what instructors can view&quot; data-placement=&quot;top&quot; data-toggle=&quot;tooltip&quot; title=&quot;&quot;&gt;
                                                               Instructors
                                                            &lt;/div&gt;
                                                         &lt;/td&gt;
                                                         &lt;td&gt;
                                                            &lt;input checked=&quot;checked&quot; class=&quot;visibilityCheckbox answerCheckbox&quot; type=&quot;checkbox&quot; value=&quot;INSTRUCTORS&quot;/&gt;
                                                                                                                     &lt;/td&gt;
                                                         &lt;td&gt;
                                                            &lt;input checked=&quot;checked&quot; class=&quot;visibilityCheckbox giverCheckbox&quot; type=&quot;checkbox&quot; value=&quot;INSTRUCTORS&quot;/&gt;
                                                                                                                     &lt;/td&gt;
                                                      &lt;/tr&gt;
                                                   &lt;/tbody&gt;
                                                &lt;/table&gt;
                                             &lt;/div&gt;
                                             &lt;textarea class=&quot;form-control&quot; id=&quot;responsecommenttext-1-2-1-3&quot; name=&quot;responsecommenttext&quot; placeholder=&quot;Your comment about this response&quot; rows=&quot;3&quot;&gt;
                                                Instructor 2 comment to feedback Question 2 (Student 3 see this as anonymous comment)
                                             &lt;/textarea&gt;
                                          &lt;/div&gt;
                                          &lt;div class=&quot;col-sm-offset-5&quot;&gt;
                                             &lt;a class=&quot;btn btn-primary&quot; href=&quot;/page/instructorFeedbackResponseCommentEdit&quot; id=&quot;button_save_comment_for_edit-1-2-1-3&quot;&gt;
                                                Save
                                             &lt;/a&gt;
                                             &lt;input class=&quot;btn btn-default&quot; onclick=&quot;return hideResponseCommentEditForm(1,2,1,3);&quot; type=&quot;button&quot; value=&quot;Cancel&quot;/&gt;
                                                                                       &lt;/div&gt;
                                          &lt;input name=&quot;responseid&quot; type=&quot;hidden&quot; value=&quot;agt0ZWFtbWF0ZXN2NHIdCxIQRmVlZGJhY2tRdWVzdGlvbhiAgICAgLXNCww%comments.student3InCourse1@gmail.tmt%comments.student2InCourse1@gmail.tmt&quot;/&gt;
                                                                                    &lt;input name=&quot;responsecommentid&quot; type=&quot;hidden&quot; value=&quot;6110707670056960&quot;/&gt;
                                                                                    &lt;input name=&quot;courseid&quot; type=&quot;hidden&quot; value=&quot;comments.idOfTypicalCourse1&quot;/&gt;
                                                                                    &lt;input name=&quot;fsname&quot; type=&quot;hidden&quot; value=&quot;comments.First feedback session&quot;/&gt;
                                                                                    &lt;input name=&quot;user&quot; type=&quot;hidden&quot; value=&quot;comments.idOfInstructor1OfCourse1&quot;/&gt;
                                                                                    &lt;input name=&quot;showresponsecommentsto&quot; type=&quot;hidden&quot; value=&quot;GIVER, RECEIVER, STUDENTS, INSTRUCTORS&quot;/&gt;
                                                                                    &lt;input name=&quot;showresponsegiverto&quot; type=&quot;hidden&quot; value=&quot;INSTRUCTORS, RECEIVER_TEAM_MEMBERS&quot;/&gt;
                                                                                 &lt;/form&gt;
                                    &lt;/li&gt;
                                    &lt;li class=&quot;list-group-item list-group-item-warning&quot; id=&quot;showResponseCommentAddForm-1-2-1&quot; style=&quot;display: none;&quot;&gt;
                                       &lt;form class=&quot;responseCommentAddForm&quot;&gt;
                                          &lt;div class=&quot;form-group&quot;&gt;
                                             &lt;div class=&quot;form-group form-inline&quot;&gt;
                                                &lt;div class=&quot;form-group text-muted&quot;&gt;
                                                   You may change comment&#039;s
                                            visibility using the
                                            visibility options on the
                                            right hand side.
                                                &lt;/div&gt;
                                                &lt;a class=&quot;btn btn-sm btn-info pull-right&quot; id=&quot;frComment-visibility-options-trigger-1-2-1&quot; onclick=&quot;toggleVisibilityEditForm(1,2,1)&quot;&gt;
                                                   &lt;span class=&quot;glyphicon glyphicon-eye-close&quot;&gt;
                                                   &lt;/span&gt;
                                                   Show Visibility Options
                                                &lt;/a&gt;
                                             &lt;/div&gt;
                                             &lt;div class=&quot;panel panel-default&quot; id=&quot;visibility-options-1-2-1&quot; style=&quot;display: none;&quot;&gt;
                                                &lt;div class=&quot;panel-heading&quot;&gt;
                                                   Visibility
                                            Options
                                                &lt;/div&gt;
                                                &lt;table class=&quot;table text-center&quot; style=&quot;color: #000;&quot;&gt;
                                                   &lt;tbody&gt;
                                                      &lt;tr&gt;
                                                         &lt;th class=&quot;text-center&quot;&gt;
                                                            User/Group
                                                         &lt;/th&gt;
                                                         &lt;th class=&quot;text-center&quot;&gt;
                                                            Can
                                                        see your comment
                                                         &lt;/th&gt;
                                                         &lt;th class=&quot;text-center&quot;&gt;
                                                            Can
                                                        see your name
                                                         &lt;/th&gt;
                                                      &lt;/tr&gt;
                                                      &lt;tr id=&quot;response-giver-1-2-1&quot;&gt;
                                                         &lt;td class=&quot;text-left&quot;&gt;
                                                            &lt;div data-original-title=&quot;Control what response giver can view&quot; data-placement=&quot;top&quot; data-toggle=&quot;tooltip&quot; title=&quot;&quot;&gt;
                                                               Response
                                                            Giver
                                                            &lt;/div&gt;
                                                         &lt;/td&gt;
                                                         &lt;td&gt;
                                                            &lt;input checked=&quot;checked&quot; class=&quot;visibilityCheckbox answerCheckbox centered&quot; name=&quot;receiverLeaderCheckbox&quot; type=&quot;checkbox&quot; value=&quot;GIVER&quot;/&gt;
                                                                                                                     &lt;/td&gt;
                                                         &lt;td&gt;
                                                            &lt;input checked=&quot;checked&quot; class=&quot;visibilityCheckbox giverCheckbox&quot; type=&quot;checkbox&quot; value=&quot;GIVER&quot;/&gt;
                                                                                                                     &lt;/td&gt;
                                                      &lt;/tr&gt;
                                                      &lt;tr id=&quot;response-recipient-1-2-1&quot;&gt;
                                                         &lt;td class=&quot;text-left&quot;&gt;
                                                            &lt;div data-original-title=&quot;Control what response recipient(s) can view&quot; data-placement=&quot;top&quot; data-toggle=&quot;tooltip&quot; title=&quot;&quot;&gt;
                                                               Response
                                                            Recipient(s)
                                                            &lt;/div&gt;
                                                         &lt;/td&gt;
                                                         &lt;td&gt;
                                                            &lt;input checked=&quot;checked&quot; class=&quot;visibilityCheckbox answerCheckbox centered&quot; name=&quot;receiverLeaderCheckbox&quot; type=&quot;checkbox&quot; value=&quot;RECEIVER&quot;/&gt;
                                                                                                                     &lt;/td&gt;
                                                         &lt;td&gt;
                                                            &lt;input checked=&quot;checked&quot; class=&quot;visibilityCheckbox giverCheckbox&quot; type=&quot;checkbox&quot; value=&quot;RECEIVER&quot;/&gt;
                                                                                                                     &lt;/td&gt;
                                                      &lt;/tr&gt;
                                                      &lt;tr id=&quot;response-recipient-team-1-2-1&quot;&gt;
                                                         &lt;td class=&quot;text-left&quot;&gt;
                                                            &lt;div data-original-title=&quot;Control what team members of response recipient(s) can view&quot; data-placement=&quot;top&quot; data-toggle=&quot;tooltip&quot; title=&quot;&quot;&gt;
                                                               Response
                                                            Recipient&#039;s
                                                            Team Members
                                                            &lt;/div&gt;
                                                         &lt;/td&gt;
                                                         &lt;td&gt;
                                                            &lt;input checked=&quot;checked&quot; class=&quot;visibilityCheckbox answerCheckbox&quot; type=&quot;checkbox&quot; value=&quot;RECEIVER_TEAM_MEMBERS&quot;/&gt;
                                                                                                                     &lt;/td&gt;
                                                         &lt;td&gt;
                                                            &lt;input checked=&quot;checked&quot; class=&quot;visibilityCheckbox giverCheckbox&quot; type=&quot;checkbox&quot; value=&quot;RECEIVER_TEAM_MEMBERS&quot;/&gt;
                                                                                                                     &lt;/td&gt;
                                                      &lt;/tr&gt;
                                                      &lt;tr id=&quot;response-students-1-2-1&quot;&gt;
                                                         &lt;td class=&quot;text-left&quot;&gt;
                                                            &lt;div data-original-title=&quot;Control what other students in this course can view&quot; data-placement=&quot;top&quot; data-toggle=&quot;tooltip&quot; title=&quot;&quot;&gt;
                                                               Other
                                                            students in
                                                            this course
                                                            &lt;/div&gt;
                                                         &lt;/td&gt;
                                                         &lt;td&gt;
                                                            &lt;input checked=&quot;checked&quot; class=&quot;visibilityCheckbox answerCheckbox&quot; type=&quot;checkbox&quot; value=&quot;STUDENTS&quot;/&gt;
                                                                                                                     &lt;/td&gt;
                                                         &lt;td&gt;
                                                            &lt;input checked=&quot;checked&quot; class=&quot;visibilityCheckbox giverCheckbox&quot; type=&quot;checkbox&quot; value=&quot;STUDENTS&quot;/&gt;
                                                                                                                     &lt;/td&gt;
                                                      &lt;/tr&gt;
                                                      &lt;tr id=&quot;response-instructors-1-2-1&quot;&gt;
                                                         &lt;td class=&quot;text-left&quot;&gt;
                                                            &lt;div data-original-title=&quot;Control what instructors can view&quot; data-placement=&quot;top&quot; data-toggle=&quot;tooltip&quot; title=&quot;&quot;&gt;
                                                               Instructors
                                                            &lt;/div&gt;
                                                         &lt;/td&gt;
                                                         &lt;td&gt;
                                                            &lt;input checked=&quot;checked&quot; class=&quot;visibilityCheckbox answerCheckbox&quot; type=&quot;checkbox&quot; value=&quot;INSTRUCTORS&quot;/&gt;
                                                                                                                     &lt;/td&gt;
                                                         &lt;td&gt;
                                                            &lt;input checked=&quot;checked&quot; class=&quot;visibilityCheckbox giverCheckbox&quot; type=&quot;checkbox&quot; value=&quot;INSTRUCTORS&quot;/&gt;
                                                                                                                     &lt;/td&gt;
                                                      &lt;/tr&gt;
                                                   &lt;/tbody&gt;
                                                &lt;/table&gt;
                                             &lt;/div&gt;
                                             &lt;textarea class=&quot;form-control&quot; id=&quot;responseCommentAddForm-1-2-1&quot; name=&quot;responsecommenttext&quot; placeholder=&quot;Your comment about this response&quot; rows=&quot;3&quot;&gt;
                                             &lt;/textarea&gt;
                                          &lt;/div&gt;
                                          &lt;div class=&quot;col-sm-offset-5&quot;&gt;
                                             &lt;a class=&quot;btn btn-primary&quot; href=&quot;/page/instructorFeedbackResponseCommentAdd&quot; id=&quot;button_save_comment_for_add-1-2-1&quot;&gt;
                                                Save
                                             &lt;/a&gt;
                                             &lt;input class=&quot;btn btn-default&quot; onclick=&quot;hideResponseCommentAddForm(1,2,1)&quot; type=&quot;button&quot; value=&quot;Cancel&quot;/&gt;
                                                                                          &lt;input name=&quot;courseid&quot; type=&quot;hidden&quot; value=&quot;comments.idOfTypicalCourse1&quot;/&gt;
                                                                                          &lt;input name=&quot;fsname&quot; type=&quot;hidden&quot; value=&quot;comments.First feedback session&quot;/&gt;
                                                                                          &lt;input name=&quot;questionid&quot; type=&quot;hidden&quot; value=&quot;agt0ZWFtbWF0ZXN2NHIdCxIQRmVlZGJhY2tRdWVzdGlvbhiAgICAgLXNCww&quot;/&gt;
                                                                                          &lt;input name=&quot;responseid&quot; type=&quot;hidden&quot; value=&quot;agt0ZWFtbWF0ZXN2NHIdCxIQRmVlZGJhY2tRdWVzdGlvbhiAgICAgLXNCww%comments.student3InCourse1@gmail.tmt%comments.student2InCourse1@gmail.tmt&quot;/&gt;
                                                                                          &lt;input name=&quot;user&quot; type=&quot;hidden&quot; value=&quot;comments.idOfInstructor1OfCourse1&quot;/&gt;
                                                                                          &lt;input name=&quot;showresponsecommentsto&quot; type=&quot;hidden&quot; value=&quot;GIVER,INSTRUCTORS, RECEIVER, RECEIVER_TEAM_MEMBERS, STUDENTS&quot;/&gt;
                                                                                          &lt;input name=&quot;showresponsegiverto&quot; type=&quot;hidden&quot; value=&quot;GIVER,INSTRUCTORS, RECEIVER, RECEIVER_TEAM_MEMBERS, STUDENTS&quot;/&gt;
                                                                                       &lt;/div&gt;
                                       &lt;/form&gt;
                                    &lt;/li&gt;
                                 &lt;/ul&gt;
                              &lt;/td&gt;
                           &lt;/tr&gt;
                        &lt;/tbody&gt;
                     &lt;/table&gt;
                  &lt;/div&gt;
               &lt;/div&gt;
            &lt;/div&gt;
         &lt;/div&gt;
      &lt;/div&gt;
      &lt;ul class=&quot;pagination&quot;&gt;
         &lt;li&gt;
            &lt;a href=&quot;javascript:;&quot;&gt;
               Â«
            &lt;/a&gt;
         &lt;/li&gt;
         &lt;li class=&quot;active&quot;&gt;
            &lt;a href=&quot;/page/instructorCommentsPage?user=comments.idOfInstructor1OfCourse1&amp;courseid=comments.idOfTypicalCourse1&quot;&gt;
               comments.idOfTypicalCourse1
            &lt;/a&gt;
         &lt;/li&gt;
         &lt;li&gt;
            &lt;a href=&quot;javascript:;&quot;&gt;
               Â»
            &lt;/a&gt;
         &lt;/li&gt;
      &lt;/ul&gt;
   &lt;/div&gt;

&lt;/actual]&gt;&gt;">
      <![CDATA[org.junit.ComparisonFailure: expected:<<[expected>
   <div class="container" id="frameBodyWrapper">
      <div id="topOfPage">
      </div>
      <div class="inner-container">
         <div class="row">
            <div class="col-sm-6">
               <h1>
                  Comments from Instructors
               </h1>
            </div>
            <div class="col-sm-6 instructor-header-bar">
               <form action="/page/instructorSearchPage?user=comments.idOfInstructor1OfCourse1" method="get" name="search_form">
                  <div class="input-group">
                     <input class="form-control" id="searchBox" name="searchkey" placeholder="Any info related to comments" title="Search for comment" type="text"/>
                                          <span class="input-group-btn">
                        <button class="btn btn-default" id="buttonSearch" type="submit" value="Search">
                           Search
                        </button>
                     </span>
                  </div>
                  <input name="searchcommentforstudents" type="hidden" value="true"/>
                                    <input name="searchcommentforresponses" type="hidden" value="true"/>
                                    <input name="user" type="hidden" value="comments.idOfInstructor1OfCourse1"/>
                                 </form>
            </div>
         </div>
      </div>
      <br/>
            <div id="statusMessage" style="display: none;">
      </div>
      <div class="well well-plain">
         <div class="row">
            <div class="col-md-2">
               <div class="checkbox">
                  <input id="option-check" type="checkbox"/>
                                    <label for="option-check">
                     Show More
                                Options
                  </label>
               </div>
            </div>
            <div class="col-md-3">
               <div class="checkbox">
                  <input id="displayArchivedCourses_check" type="checkbox"/>
                                    <label for="displayArchivedCourses_check">
                     Include
                                Archived Courses
                  </label>
                  <div id="displayArchivedCourses_link" style="display:none;">
                     <a href="/page/instructorCommentsPage?user=comments.idOfInstructor1OfCourse1">
                        link back to the page
                     </a>
                  </div>
               </div>
            </div>
         </div>
         <div class="row">
            <div class="well well-plain" id="more-options">
               <form class="form-horizontal" role="form">
                  <div class="row">
                     <div class="col-sm-4">
                        <div class="text-color-primary">
                           <strong>
                              Show comments for:
                           </strong>
                        </div>
                        <br/>
                                                <div class="checkbox">
                           <input checked="checked" id="panel_all" type="checkbox"/>
                                                      <label for="panel_all">
                              <strong>
                                 All
                              </strong>
                           </label>
                        </div>
                        <br/>
                                                <div class="checkbox">
                           <input checked="checked" id="panel_check-1" type="checkbox"/>
                                                      <label for="panel_check-1">
                              Students
                           </label>
                        </div>
                        <div class="checkbox">
                           <input checked="checked" id="panel_check-2" type="checkbox"/>
                                                      <label for="panel_check-2">
                              Session: comments.First feedback session
                           </label>
                        </div>
                     </div>
                     <div class="col-sm-4">
                        <div class="text-color-primary">
                           <strong>
                              Show comments from:
                           </strong>
                        </div>
                        <br/>
                                                <div class="checkbox">
                           <input checked="checked" id="giver_all" type="checkbox" value=""/>
                                                      <label for="giver_all">
                              <strong>
                                 All
                              </strong>
                           </label>
                        </div>
                        <br/>
                                                <div class="checkbox">
                           <input checked="checked" id="giver_check-by-you" type="checkbox"/>
                                                      <label for="giver_check-by-you">
                              You
                           </label>
                        </div>
                        <div class="checkbox">
                           <input checked="checked" id="giver_check-by-others" type="checkbox"/>
                                                      <label for="giver_check-by-others">
                              Others
                           </label>
                        </div>
                     </div>
                     <div class="col-sm-4">
                        <div class="text-color-primary">
                           <strong>
                              Show comments with status:
                           </strong>
                        </div>
                        <br/>
                                                <div class="checkbox">
                           <input checked="checked" id="status_all" type="checkbox" value=""/>
                                                      <label for="status_all">
                              <strong>
                                 All
                              </strong>
                           </label>
                        </div>
                        <br/>
                                                <div class="checkbox">
                           <input checked="checked" id="status_check-public" type="checkbox"/>
                                                      <label for="status_check-public">
                              Public
                           </label>
                        </div>
                        <div class="checkbox">
                           <input checked="checked" id="status_check-private" type="checkbox"/>
                                                      <label for="status_check-private">
                              Private
                           </label>
                        </div>
                     </div>
                  </div>
               </form>
            </div>
         </div>
      </div>
      <ul class="pagination">
         <li>
            <a href="javascript:;">
               Â«
            </a>
         </li>
         <li class="active">
            <a href="/page/instructorCommentsPage?user=comments.idOfInstructor1OfCourse1&courseid=comments.idOfTypicalCourse1">
               comments.idOfTypicalCourse1
            </a>
         </li>
         <li>
            <a href="javascript:;">
               Â»
            </a>
         </li>
      </ul>
      <div class="well well-plain">
         <div class="row">
            <h4 class="col-sm-9 text-color-primary">
               <strong>
                  comments.idOfTypicalCourse1 : Typical Course 1 with 2 Evals
               </strong>
            </h4>
            <div class="btn-group pull-right" style="display:none">
               <a class="btn btn-sm btn-info" data-original-title="Send email notification to 0 recipient(s) of comments pending notification" data-toggle="tooltip" href="/page/instructorStudentCommentClearPending?courseid=comments.idOfTypicalCourse1&user=comments.idOfInstructor1OfCourse1" style="margin-right: 17px;" title="" type="button">
                  <span class="badge" style="margin-right: 5px">
                     0
                  </span>
                  <span class="glyphicon glyphicon-comment">
                  </span>
                  <span class="glyphicon glyphicon-arrow-right">
                  </span>
                  <span class="glyphicon glyphicon-envelope">
                  </span>
               </a>
            </div>
         </div>
         <div id="no-comment-panel" style="display:none;">
            <br/>
                        <div class="panel">
               <div class="panel-body">
                  You don't have any comment in this course.
               </div>
            </div>
         </div>
         <div id="panel_display-1">
            <br/>
                        <div class="panel panel-primary">
               <div class="panel-heading">
                  <strong>
                     Comments for students
                  </strong>
               </div>
               <div class="panel-body">
                  <div class="panel panel-info student-record-comments giver_display-by-you">
                     <div class="panel-heading">
                        From
                        <b>
                           You
                        </b>
                     </div>
                     <ul class="list-group comments">
                        <li class="list-group-item list-group-item-warning status_display-public" id="{*}">
                           <form action="/page/instructorStudentCommentEdit" class="form_comment" id="form_commentedit-1" method="post" name="form_commentedit">
                              <div id="commentBar-1">
                                 <span class="text-muted">
                                    To
                                    <b>
                                       Team 1.1
                                    </b>
                                    on
                                                07 May 2012, 08:54
                                 </span>
                                 <a class="btn btn-default btn-xs icon-button pull-right" data-original-title="Delete this comment" data-placement="top" data-toggle="tooltip" id="commentdelete-1" onclick="return deleteComment('1');" style="display: none;" title="" type="button">
                                    <span class="glyphicon glyphicon-trash glyphicon-primary">
                                    </span>
                                 </a>
                                 <a class="btn btn-default btn-xs icon-button pull-right" data-original-title="Edit this comment" data-placement="top" data-toggle="tooltip" id="commentedit-1" onclick="return enableEdit('1');" style="display: none;" title="" type="button">
                                    <span class="glyphicon glyphicon-pencil glyphicon-primary">
                                    </span>
                                 </a>
                                 <span class="glyphicon glyphicon-eye-open" data-original-title="This comment is visible to recipient team" data-placement="top" data-toggle="tooltip" style="margin-left: 5px;" title="">
                                 </span>
                              </div>
                              <div id="plainCommentText1" style="margin-left: 15px;">
                                 team can see this comment without giver's name
                              </div>
                              <div id="commentTextEdit1" style="display: none;">
                                 <div class="form-group form-inline">
                                    <div class="form-group text-muted">
                                       You may change comment's visibility using the visibility options on the right hand side.
                                    </div>
                                    <a class="btn btn-sm btn-info pull-right" id="visibility-options-trigger1">
                                       <span class="glyphicon glyphicon-eye-close">
                                       </span>
                                       Show Visibility Options
                                    </a>
                                 </div>
                                 <div class="panel panel-default" id="visibility-options1" style="display: none;">
                                    <div class="panel-heading">
                                       Visibility Options
                                    </div>
                                    <table class="table text-center text-color-black">
                                       <tbody>
                                          <tr>
                                             <th class="text-center">
                                                User/Group
                                             </th>
                                             <th class="text-center">
                                                Can see
                                                                your comment
                                             </th>
                                             <th class="text-center">
                                                Can see
                                                                giver's name
                                             </th>
                                             <th class="text-center">
                                                Can see
                                                                recipient's name
                                             </th>
                                          </tr>
                                          <tr id="recipient-team1">
                                             <td class="text-left">
                                                <div data-original-title="Control what team members of comment recipients can view" data-placement="top" data-toggle="tooltip" title="">
                                                   Recipient Team
                                                </div>
                                             </td>
                                             <td>
                                                <input checked="checked" class="visibilityCheckbox answerCheckbox" type="checkbox" value="TEAM"/>
                                                                                             </td>
                                             <td>
                                                <input class="visibilityCheckbox giverCheckbox" type="checkbox" value="TEAM"/>
                                                                                             </td>
                                             <td>
                                                <input class="visibilityCheckbox recipientCheckbox" disabled="disabled" type="checkbox" value="TEAM"/>
                                                                                             </td>
                                          </tr>
                                          <tr id="recipient-section1">
                                             <td class="text-left">
                                                <div data-original-title="Control what students in the same section can view" data-placement="top" data-toggle="tooltip" title="">
                                                   Recipient's Section
                                                </div>
                                             </td>
                                             <td>
                                                <input class="visibilityCheckbox answerCheckbox" type="checkbox" value="SECTION"/>
                                                                                             </td>
                                             <td>
                                                <input class="visibilityCheckbox giverCheckbox" type="checkbox" value="SECTION"/>
                                                                                             </td>
                                             <td>
                                                <input class="visibilityCheckbox recipientCheckbox" type="checkbox" value="SECTION"/>
                                                                                             </td>
                                          </tr>
                                          <tr id="recipient-course1">
                                             <td class="text-left">
                                                <div data-original-title="Control what other students in this course can view" data-placement="top" data-toggle="tooltip" title="">
                                                   Other students in this course
                                                </div>
                                             </td>
                                             <td>
                                                <input class="visibilityCheckbox answerCheckbox" type="checkbox" value="COURSE"/>
                                                                                             </td>
                                             <td>
                                                <input class="visibilityCheckbox giverCheckbox" type="checkbox" value="COURSE"/>
                                                                                             </td>
                                             <td>
                                                <input class="visibilityCheckbox recipientCheckbox" type="checkbox" value="COURSE"/>
                                                                                             </td>
                                          </tr>
                                          <tr>
                                             <td class="text-left">
                                                <div data-original-title="Control what instructors can view" data-placement="top" data-toggle="tooltip" title="">
                                                   Instructors
                                                </div>
                                             </td>
                                             <td>
                                                <input class="visibilityCheckbox answerCheckbox" type="checkbox" value="INSTRUCTOR"/>
                                                                                             </td>
                                             <td>
                                                <input class="visibilityCheckbox giverCheckbox" type="checkbox" value="INSTRUCTOR"/>
                                                                                             </td>
                                             <td>
                                                <input class="visibilityCheckbox recipientCheckbox" type="checkbox" value="INSTRUCTOR"/>
                                                                                             </td>
                                          </tr>
                                       </tbody>
                                    </table>
                                 </div>
                                 <div class="form-group">
                                    <textarea class="form-control" id="commentText1" name="commenttext" placeholder="Your comment about this student" rows="3">
                                       team can see this comment without giver's name
                                    </textarea>
                                 </div>
                                 <div class="col-sm-offset-5">
                                    <input class="btn btn-primary" id="commentsave-1" onclick="return submitCommentForm('1');" title="Save comment" type="submit" value="Save"/>
                                                                        <input class="btn btn-default" onclick="return disableComment('1');" type="button" value="Cancel"/>
                                                                     </div>
                              </div>
                              <input id="commentedittype-1" name="commentedittype" type="hidden" value="edit"/>
                                                            <input name="commentid" type="hidden" value="{*}"/>
                                                            <input name="courseid" type="hidden" value="comments.idOfTypicalCourse1"/>
                                                            <input name="commentpage" type="hidden" value="true"/>
                                                            <input name="showcommentsto" type="hidden" value="TEAM"/>
                                                            <input name="showgiverto" type="hidden" value=""/>
                                                            <input name="showrecipientto" type="hidden" value=""/>
                                                            <input name="user" type="hidden" value="comments.idOfInstructor1OfCourse1"/>
                                                         </form>
                        </li>
                        <li class="list-group-item list-group-item-warning status_display-public" id="{*}">
                           <form action="/page/instructorStudentCommentEdit" class="form_comment" id="form_commentedit-2" method="post" name="form_commentedit">
                              <div id="commentBar-2">
                                 <span class="text-muted">
                                    To
                                    <b>
                                       student1 In Course1
                                    </b>
                                    (Team 1.1,
                                    <a href="mailto:comments.student1InCourse1@gmail.tmt">
                                       comments.student1InCourse1@gmail.tmt
                                    </a>
                                    ) on
                                                06 May 2012, 08:55
                                 </span>
                                 <a class="btn btn-default btn-xs icon-button pull-right" data-original-title="Delete this comment" data-placement="top" data-toggle="tooltip" id="commentdelete-2" onclick="return deleteComment('2');" style="display: none;" title="" type="button">
                                    <span class="glyphicon glyphicon-trash glyphicon-primary">
                                    </span>
                                 </a>
                                 <a class="btn btn-default btn-xs icon-button pull-right" data-original-title="Edit this comment" data-placement="top" data-toggle="tooltip" id="commentedit-2" onclick="return enableEdit('2');" style="display: none;" title="" type="button">
                                    <span class="glyphicon glyphicon-pencil glyphicon-primary">
                                    </span>
                                 </a>
                                 <span class="glyphicon glyphicon-eye-open" data-original-title="This comment is visible to other students in this course" data-placement="top" data-toggle="tooltip" style="margin-left: 5px;" title="">
                                 </span>
                              </div>
                              <div id="plainCommentText2" style="margin-left: 15px;">
                                 Other students in this course can see this comment without giver and recipient's name
                              </div>
                              <div id="commentTextEdit2" style="display: none;">
                                 <div class="form-group form-inline">
                                    <div class="form-group text-muted">
                                       You may change comment's visibility using the visibility options on the right hand side.
                                    </div>
                                    <a class="btn btn-sm btn-info pull-right" id="visibility-options-trigger2">
                                       <span class="glyphicon glyphicon-eye-close">
                                       </span>
                                       Show Visibility Options
                                    </a>
                                 </div>
                                 <div class="panel panel-default" id="visibility-options2" style="display: none;">
                                    <div class="panel-heading">
                                       Visibility Options
                                    </div>
                                    <table class="table text-center text-color-black">
                                       <tbody>
                                          <tr>
                                             <th class="text-center">
                                                User/Group
                                             </th>
                                             <th class="text-center">
                                                Can see
                                                                your comment
                                             </th>
                                             <th class="text-center">
                                                Can see
                                                                giver's name
                                             </th>
                                             <th class="text-center">
                                                Can see
                                                                recipient's name
                                             </th>
                                          </tr>
                                          <tr id="recipient-person2">
                                             <td class="text-left">
                                                <div data-original-title="Control what comment recipient(s) can view" data-placement="top" data-toggle="tooltip" title="">
                                                   Recipient(s)
                                                </div>
                                             </td>
                                             <td>
                                                <input class="visibilityCheckbox answerCheckbox" type="checkbox" value="PERSON"/>
                                                                                             </td>
                                             <td>
                                                <input class="visibilityCheckbox giverCheckbox" type="checkbox" value="PERSON"/>
                                                                                             </td>
                                             <td>
                                                <input class="visibilityCheckbox recipientCheckbox" disabled="disabled" name="receiverFollowerCheckbox" type="checkbox" value="PERSON"/>
                                                                                             </td>
                                          </tr>
                                          <tr id="recipient-team2">
                                             <td class="text-left">
                                                <div data-original-title="Control what team members of comment recipients can view" data-placement="top" data-toggle="tooltip" title="">
                                                   Recipient's Team
                                                </div>
                                             </td>
                                             <td>
                                                <input class="visibilityCheckbox answerCheckbox" type="checkbox" value="TEAM"/>
                                                                                             </td>
                                             <td>
                                                <input class="visibilityCheckbox giverCheckbox" type="checkbox" value="TEAM"/>
                                                                                             </td>
                                             <td>
                                                <input class="visibilityCheckbox recipientCheckbox" type="checkbox" value="TEAM"/>
                                                                                             </td>
                                          </tr>
                                          <tr id="recipient-section2">
                                             <td class="text-left">
                                                <div data-original-title="Control what students in the same section can view" data-placement="top" data-toggle="tooltip" title="">
                                                   Recipient's Section
                                                </div>
                                             </td>
                                             <td>
                                                <input class="visibilityCheckbox answerCheckbox" type="checkbox" value="SECTION"/>
                                                                                             </td>
                                             <td>
                                                <input class="visibilityCheckbox giverCheckbox" type="checkbox" value="SECTION"/>
                                                                                             </td>
                                             <td>
                                                <input class="visibilityCheckbox recipientCheckbox" type="checkbox" value="SECTION"/>
                                                                                             </td>
                                          </tr>
                                          <tr id="recipient-course2">
                                             <td class="text-left">
                                                <div data-original-title="Control what other students in this course can view" data-placement="top" data-toggle="tooltip" title="">
                                                   Other students in this course
                                                </div>
                                             </td>
                                             <td>
                                                <input checked="checked" class="visibilityCheckbox answerCheckbox" type="checkbox" value="COURSE"/>
                                                                                             </td>
                                             <td>
                                                <input class="visibilityCheckbox giverCheckbox" type="checkbox" value="COURSE"/>
                                                                                             </td>
                                             <td>
                                                <input class="visibilityCheckbox recipientCheckbox" type="checkbox" value="COURSE"/>
                                                                                             </td>
                                          </tr>
                                          <tr>
                                             <td class="text-left">
                                                <div data-original-title="Control what instructors can view" data-placement="top" data-toggle="tooltip" title="">
                                                   Instructors
                                                </div>
                                             </td>
                                             <td>
                                                <input class="visibilityCheckbox answerCheckbox" type="checkbox" value="INSTRUCTOR"/>
                                                                                             </td>
                                             <td>
                                                <input class="visibilityCheckbox giverCheckbox" type="checkbox" value="INSTRUCTOR"/>
                                                                                             </td>
                                             <td>
                                                <input class="visibilityCheckbox recipientCheckbox" type="checkbox" value="INSTRUCTOR"/>
                                                                                             </td>
                                          </tr>
                                       </tbody>
                                    </table>
                                 </div>
                                 <div class="form-group">
                                    <textarea class="form-control" id="commentText2" name="commenttext" placeholder="Your comment about this student" rows="3">
                                       Other students in this course can see this comment without giver and recipient's name
                                    </textarea>
                                 </div>
                                 <div class="col-sm-offset-5">
                                    <input class="btn btn-primary" id="commentsave-2" onclick="return submitCommentForm('2');" title="Save comment" type="submit" value="Save"/>
                                                                        <input class="btn btn-default" onclick="return disableComment('2');" type="button" value="Cancel"/>
                                                                     </div>
                              </div>
                              <input id="commentedittype-2" name="commentedittype" type="hidden" value="edit"/>
                                                            <input name="commentid" type="hidden" value="{*}"/>
                                                            <input name="courseid" type="hidden" value="comments.idOfTypicalCourse1"/>
                                                            <input name="commentpage" type="hidden" value="true"/>
                                                            <input name="showcommentsto" type="hidden" value="COURSE"/>
                                                            <input name="showgiverto" type="hidden" value=""/>
                                                            <input name="showrecipientto" type="hidden" value=""/>
                                                            <input name="user" type="hidden" value="comments.idOfInstructor1OfCourse1"/>
                                                         </form>
                        </li>
                        <li class="list-group-item list-group-item-warning status_display-public" id="{*}">
                           <form action="/page/instructorStudentCommentEdit" class="form_comment" id="form_commentedit-3" method="post" name="form_commentedit">
                              <div id="commentBar-3">
                                 <span class="text-muted">
                                    To
                                    <b>
                                       Team 1.1
                                    </b>
                                    on
                                                05 May 2012, 08:53
                                 </span>
                                 <a class="btn btn-default btn-xs icon-button pull-right" data-original-title="Delete this comment" data-placement="top" data-toggle="tooltip" id="commentdelete-3" onclick="return deleteComment('3');" style="display: none;" title="" type="button">
                                    <span class="glyphicon glyphicon-trash glyphicon-primary">
                                    </span>
                                 </a>
                                 <a class="btn btn-default btn-xs icon-button pull-right" data-original-title="Edit this comment" data-placement="top" data-toggle="tooltip" id="commentedit-3" onclick="return enableEdit('3');" style="display: none;" title="" type="button">
                                    <span class="glyphicon glyphicon-pencil glyphicon-primary">
                                    </span>
                                 </a>
                                 <span class="glyphicon glyphicon-eye-open" data-original-title="This comment is visible to recipient team" data-placement="top" data-toggle="tooltip" style="margin-left: 5px;" title="">
                                 </span>
                              </div>
                              <div id="plainCommentText3" style="margin-left: 15px;">
                                 team can see this comment with giver and recipient's name
                              </div>
                              <div id="commentTextEdit3" style="display: none;">
                                 <div class="form-group form-inline">
                                    <div class="form-group text-muted">
                                       You may change comment's visibility using the visibility options on the right hand side.
                                    </div>
                                    <a class="btn btn-sm btn-info pull-right" id="visibility-options-trigger3">
                                       <span class="glyphicon glyphicon-eye-close">
                                       </span>
                                       Show Visibility Options
                                    </a>
                                 </div>
                                 <div class="panel panel-default" id="visibility-options3" style="display: none;">
                                    <div class="panel-heading">
                                       Visibility Options
                                    </div>
                                    <table class="table text-center text-color-black">
                                       <tbody>
                                          <tr>
                                             <th class="text-center">
                                                User/Group
                                             </th>
                                             <th class="text-center">
                                                Can see
                                                                your comment
                                             </th>
                                             <th class="text-center">
                                                Can see
                                                                giver's name
                                             </th>
                                             <th class="text-center">
                                                Can see
                                                                recipient's name
                                             </th>
                                          </tr>
                                          <tr id="recipient-team3">
                                             <td class="text-left">
                                                <div data-original-title="Control what team members of comment recipients can view" data-placement="top" data-toggle="tooltip" title="">
                                                   Recipient Team
                                                </div>
                                             </td>
                                             <td>
                                                <input checked="checked" class="visibilityCheckbox answerCheckbox" type="checkbox" value="TEAM"/>
                                                                                             </td>
                                             <td>
                                                <input checked="checked" class="visibilityCheckbox giverCheckbox" type="checkbox" value="TEAM"/>
                                                                                             </td>
                                             <td>
                                                <input class="visibilityCheckbox recipientCheckbox" disabled="disabled" type="checkbox" value="TEAM"/>
                                                                                             </td>
                                          </tr>
                                          <tr id="recipient-section3">
                                             <td class="text-left">
                                                <div data-original-title="Control what students in the same section can view" data-placement="top" data-toggle="tooltip" title="">
                                                   Recipient's Section
                                                </div>
                                             </td>
                                             <td>
                                                <input class="visibilityCheckbox answerCheckbox" type="checkbox" value="SECTION"/>
                                                                                             </td>
                                             <td>
                                                <input class="visibilityCheckbox giverCheckbox" type="checkbox" value="SECTION"/>
                                                                                             </td>
                                             <td>
                                                <input class="visibilityCheckbox recipientCheckbox" type="checkbox" value="SECTION"/>
                                                                                             </td>
                                          </tr>
                                          <tr id="recipient-course3">
                                             <td class="text-left">
                                                <div data-original-title="Control what other students in this course can view" data-placement="top" data-toggle="tooltip" title="">
                                                   Other students in this course
                                                </div>
                                             </td>
                                             <td>
                                                <input class="visibilityCheckbox answerCheckbox" type="checkbox" value="COURSE"/>
                                                                                             </td>
                                             <td>
                                                <input class="visibilityCheckbox giverCheckbox" type="checkbox" value="COURSE"/>
                                                                                             </td>
                                             <td>
                                                <input class="visibilityCheckbox recipientCheckbox" type="checkbox" value="COURSE"/>
                                                                                             </td>
                                          </tr>
                                          <tr>
                                             <td class="text-left">
                                                <div data-original-title="Control what instructors can view" data-placement="top" data-toggle="tooltip" title="">
                                                   Instructors
                                                </div>
                                             </td>
                                             <td>
                                                <input class="visibilityCheckbox answerCheckbox" type="checkbox" value="INSTRUCTOR"/>
                                                                                             </td>
                                             <td>
                                                <input class="visibilityCheckbox giverCheckbox" type="checkbox" value="INSTRUCTOR"/>
                                                                                             </td>
                                             <td>
                                                <input class="visibilityCheckbox recipientCheckbox" type="checkbox" value="INSTRUCTOR"/>
                                                                                             </td>
                                          </tr>
                                       </tbody>
                                    </table>
                                 </div>
                                 <div class="form-group">
                                    <textarea class="form-control" id="commentText3" name="commenttext" placeholder="Your comment about this student" rows="3">
                                       team can see this comment with giver and recipient's name
                                    </textarea>
                                 </div>
                                 <div class="col-sm-offset-5">
                                    <input class="btn btn-primary" id="commentsave-3" onclick="return submitCommentForm('3');" title="Save comment" type="submit" value="Save"/>
                                                                        <input class="btn btn-default" onclick="return disableComment('3');" type="button" value="Cancel"/>
                                                                     </div>
                              </div>
                              <input id="commentedittype-3" name="commentedittype" type="hidden" value="edit"/>
                                                            <input name="commentid" type="hidden" value="{*}"/>
                                                            <input name="courseid" type="hidden" value="comments.idOfTypicalCourse1"/>
                                                            <input name="commentpage" type="hidden" value="true"/>
                                                            <input name="showcommentsto" type="hidden" value="TEAM"/>
                                                            <input name="showgiverto" type="hidden" value="TEAM"/>
                                                            <input name="showrecipientto" type="hidden" value=""/>
                                                            <input name="user" type="hidden" value="comments.idOfInstructor1OfCourse1"/>
                                                         </form>
                        </li>
                        <li class="list-group-item list-group-item-warning status_display-public" id="{*}">
                           <form action="/page/instructorStudentCommentEdit" class="form_comment" id="form_commentedit-4" method="post" name="form_commentedit">
                              <div id="commentBar-4">
                                 <span class="text-muted">
                                    To
                                    <b>
                                       student1 In Course1
                                    </b>
                                    (Team 1.1,
                                    <a href="mailto:comments.student1InCourse1@gmail.tmt">
                                       comments.student1InCourse1@gmail.tmt
                                    </a>
                                    ) on
                                                04 May 2012, 08:52
                                 </span>
                                 <a class="btn btn-default btn-xs icon-button pull-right" data-original-title="Delete this comment" data-placement="top" data-toggle="tooltip" id="commentdelete-4" onclick="return deleteComment('4');" style="display: none;" title="" type="button">
                                    <span class="glyphicon glyphicon-trash glyphicon-primary">
                                    </span>
                                 </a>
                                 <a class="btn btn-default btn-xs icon-button pull-right" data-original-title="Edit this comment" data-placement="top" data-toggle="tooltip" id="commentedit-4" onclick="return enableEdit('4');" style="display: none;" title="" type="button">
                                    <span class="glyphicon glyphicon-pencil glyphicon-primary">
                                    </span>
                                 </a>
                                 <span class="glyphicon glyphicon-eye-open" data-original-title="This comment is visible to recipient's team" data-placement="top" data-toggle="tooltip" style="margin-left: 5px;" title="">
                                 </span>
                              </div>
                              <div id="plainCommentText4" style="margin-left: 15px;">
                                 teammates can see this comment without giver and recipient's name
                              </div>
                              <div id="commentTextEdit4" style="display: none;">
                                 <div class="form-group form-inline">
                                    <div class="form-group text-muted">
                                       You may change comment's visibility using the visibility options on the right hand side.
                                    </div>
                                    <a class="btn btn-sm btn-info pull-right" id="visibility-options-trigger4">
                                       <span class="glyphicon glyphicon-eye-close">
                                       </span>
                                       Show Visibility Options
                                    </a>
                                 </div>
                                 <div class="panel panel-default" id="visibility-options4" style="display: none;">
                                    <div class="panel-heading">
                                       Visibility Options
                                    </div>
                                    <table class="table text-center text-color-black">
                                       <tbody>
                                          <tr>
                                             <th class="text-center">
                                                User/Group
                                             </th>
                                             <th class="text-center">
                                                Can see
                                                                your comment
                                             </th>
                                             <th class="text-center">
                                                Can see
                                                                giver's name
                                             </th>
                                             <th class="text-center">
                                                Can see
                                                                recipient's name
                                             </th>
                                          </tr>
                                          <tr id="recipient-person4">
                                             <td class="text-left">
                                                <div data-original-title="Control what comment recipient(s) can view" data-placement="top" data-toggle="tooltip" title="">
                                                   Recipient(s)
                                                </div>
                                             </td>
                                             <td>
                                                <input class="visibilityCheckbox answerCheckbox" type="checkbox" value="PERSON"/>
                                                                                             </td>
                                             <td>
                                                <input class="visibilityCheckbox giverCheckbox" type="checkbox" value="PERSON"/>
                                                                                             </td>
                                             <td>
                                                <input class="visibilityCheckbox recipientCheckbox" disabled="disabled" name="receiverFollowerCheckbox" type="checkbox" value="PERSON"/>
                                                                                             </td>
                                          </tr>
                                          <tr id="recipient-team4">
                                             <td class="text-left">
                                                <div data-original-title="Control what team members of comment recipients can view" data-placement="top" data-toggle="tooltip" title="">
                                                   Recipient's Team
                                                </div>
                                             </td>
                                             <td>
                                                <input checked="checked" class="visibilityCheckbox answerCheckbox" type="checkbox" value="TEAM"/>
                                                                                             </td>
                                             <td>
                                                <input class="visibilityCheckbox giverCheckbox" type="checkbox" value="TEAM"/>
                                                                                             </td>
                                             <td>
                                                <input class="visibilityCheckbox recipientCheckbox" type="checkbox" value="TEAM"/>
                                                                                             </td>
                                          </tr>
                                          <tr id="recipient-section4">
                                             <td class="text-left">
                                                <div data-original-title="Control what students in the same section can view" data-placement="top" data-toggle="tooltip" title="">
                                                   Recipient's Section
                                                </div>
                                             </td>
                                             <td>
                                                <input class="visibilityCheckbox answerCheckbox" type="checkbox" value="SECTION"/>
                                                                                             </td>
                                             <td>
                                                <input class="visibilityCheckbox giverCheckbox" type="checkbox" value="SECTION"/>
                                                                                             </td>
                                             <td>
                                                <input class="visibilityCheckbox recipientCheckbox" type="checkbox" value="SECTION"/>
                                                                                             </td>
                                          </tr>
                                          <tr id="recipient-course4">
                                             <td class="text-left">
                                                <div data-original-title="Control what other students in this course can view" data-placement="top" data-toggle="tooltip" title="">
                                                   Other students in this course
                                                </div>
                                             </td>
                                             <td>
                                                <input class="visibilityCheckbox answerCheckbox" type="checkbox" value="COURSE"/>
                                                                                             </td>
                                             <td>
                                                <input class="visibilityCheckbox giverCheckbox" type="checkbox" value="COURSE"/>
                                                                                             </td>
                                             <td>
                                                <input class="visibilityCheckbox recipientCheckbox" type="checkbox" value="COURSE"/>
                                                                                             </td>
                                          </tr>
                                          <tr>
                                             <td class="text-left">
                                                <div data-original-title="Control what instructors can view" data-placement="top" data-toggle="tooltip" title="">
                                                   Instructors
                                                </div>
                                             </td>
                                             <td>
                                                <input class="visibilityCheckbox answerCheckbox" type="checkbox" value="INSTRUCTOR"/>
                                                                                             </td>
                                             <td>
                                                <input class="visibilityCheckbox giverCheckbox" type="checkbox" value="INSTRUCTOR"/>
                                                                                             </td>
                                             <td>
                                                <input class="visibilityCheckbox recipientCheckbox" type="checkbox" value="INSTRUCTOR"/>
                                                                                             </td>
                                          </tr>
                                       </tbody>
                                    </table>
                                 </div>
                                 <div class="form-group">
                                    <textarea class="form-control" id="commentText4" name="commenttext" placeholder="Your comment about this student" rows="3">
                                       teammates can see this comment without giver and recipient's name
                                    </textarea>
                                 </div>
                                 <div class="col-sm-offset-5">
                                    <input class="btn btn-primary" id="commentsave-4" onclick="return submitCommentForm('4');" title="Save comment" type="submit" value="Save"/>
                                                                        <input class="btn btn-default" onclick="return disableComment('4');" type="button" value="Cancel"/>
                                                                     </div>
                              </div>
                              <input id="commentedittype-4" name="commentedittype" type="hidden" value="edit"/>
                                                            <input name="commentid" type="hidden" value="{*}"/>
                                                            <input name="courseid" type="hidden" value="comments.idOfTypicalCourse1"/>
                                                            <input name="commentpage" type="hidden" value="true"/>
                                                            <input name="showcommentsto" type="hidden" value="TEAM"/>
                                                            <input name="showgiverto" type="hidden" value=""/>
                                                            <input name="showrecipientto" type="hidden" value=""/>
                                                            <input name="user" type="hidden" value="comments.idOfInstructor1OfCourse1"/>
                                                         </form>
                        </li>
                        <li class="list-group-item list-group-item-warning status_display-public" id="{*}">
                           <form action="/page/instructorStudentCommentEdit" class="form_comment" id="form_commentedit-5" method="post" name="form_commentedit">
                              <div id="commentBar-5">
                                 <span class="text-muted">
                                    To
                                    <b>
                                       student1 In Course1
                                    </b>
                                    (Team 1.1,
                                    <a href="mailto:comments.student1InCourse1@gmail.tmt">
                                       comments.student1InCourse1@gmail.tmt
                                    </a>
                                    ) on
                                                03 May 2012, 08:51
                                 </span>
                                 <a class="btn btn-default btn-xs icon-button pull-right" data-original-title="Delete this comment" data-placement="top" data-toggle="tooltip" id="commentdelete-5" onclick="return deleteComment('5');" style="display: none;" title="" type="button">
                                    <span class="glyphicon glyphicon-trash glyphicon-primary">
                                    </span>
                                 </a>
                                 <a class="btn btn-default btn-xs icon-button pull-right" data-original-title="Edit this comment" data-placement="top" data-toggle="tooltip" id="commentedit-5" onclick="return enableEdit('5');" style="display: none;" title="" type="button">
                                    <span class="glyphicon glyphicon-pencil glyphicon-primary">
                                    </span>
                                 </a>
                                 <span class="glyphicon glyphicon-eye-open" data-original-title="This comment is visible to recipient's team" data-placement="top" data-toggle="tooltip" style="margin-left: 5px;" title="">
                                 </span>
                              </div>
                              <div id="plainCommentText5" style="margin-left: 15px;">
                                 teammates can see this comment with giver and recipient's name
                              </div>
                              <div id="commentTextEdit5" style="display: none;">
                                 <div class="form-group form-inline">
                                    <div class="form-group text-muted">
                                       You may change comment's visibility using the visibility options on the right hand side.
                                    </div>
                                    <a class="btn btn-sm btn-info pull-right" id="visibility-options-trigger5">
                                       <span class="glyphicon glyphicon-eye-close">
                                       </span>
                                       Show Visibility Options
                                    </a>
                                 </div>
                                 <div class="panel panel-default" id="visibility-options5" style="display: none;">
                                    <div class="panel-heading">
                                       Visibility Options
                                    </div>
                                    <table class="table text-center text-color-black">
                                       <tbody>
                                          <tr>
                                             <th class="text-center">
                                                User/Group
                                             </th>
                                             <th class="text-center">
                                                Can see
                                                                your comment
                                             </th>
                                             <th class="text-center">
                                                Can see
                                                                giver's name
                                             </th>
                                             <th class="text-center">
                                                Can see
                                                                recipient's name
                                             </th>
                                          </tr>
                                          <tr id="recipient-person5">
                                             <td class="text-left">
                                                <div data-original-title="Control what comment recipient(s) can view" data-placement="top" data-toggle="tooltip" title="">
                                                   Recipient(s)
                                                </div>
                                             </td>
                                             <td>
                                                <input class="visibilityCheckbox answerCheckbox" type="checkbox" value="PERSON"/>
                                                                                             </td>
                                             <td>
                                                <input class="visibilityCheckbox giverCheckbox" type="checkbox" value="PERSON"/>
                                                                                             </td>
                                             <td>
                                                <input class="visibilityCheckbox recipientCheckbox" disabled="disabled" name="receiverFollowerCheckbox" type="checkbox" value="PERSON"/>
                                                                                             </td>
                                          </tr>
                                          <tr id="recipient-team5">
                                             <td class="text-left">
                                                <div data-original-title="Control what team members of comment recipients can view" data-placement="top" data-toggle="tooltip" title="">
                                                   Recipient's Team
                                                </div>
                                             </td>
                                             <td>
                                                <input checked="checked" class="visibilityCheckbox answerCheckbox" type="checkbox" value="TEAM"/>
                                                                                             </td>
                                             <td>
                                                <input checked="checked" class="visibilityCheckbox giverCheckbox" type="checkbox" value="TEAM"/>
                                                                                             </td>
                                             <td>
                                                <input checked="checked" class="visibilityCheckbox recipientCheckbox" type="checkbox" value="TEAM"/>
                                                                                             </td>
                                          </tr>
                                          <tr id="recipient-section5">
                                             <td class="text-left">
                                                <div data-original-title="Control what students in the same section can view" data-placement="top" data-toggle="tooltip" title="">
                                                   Recipient's Section
                                                </div>
                                             </td>
                                             <td>
                                                <input class="visibilityCheckbox answerCheckbox" type="checkbox" value="SECTION"/>
                                                                                             </td>
                                             <td>
                                                <input class="visibilityCheckbox giverCheckbox" type="checkbox" value="SECTION"/>
                                                                                             </td>
                                             <td>
                                                <input class="visibilityCheckbox recipientCheckbox" type="checkbox" value="SECTION"/>
                                                                                             </td>
                                          </tr>
                                          <tr id="recipient-course5">
                                             <td class="text-left">
                                                <div data-original-title="Control what other students in this course can view" data-placement="top" data-toggle="tooltip" title="">
                                                   Other students in this course
                                                </div>
                                             </td>
                                             <td>
                                                <input class="visibilityCheckbox answerCheckbox" type="checkbox" value="COURSE"/>
                                                                                             </td>
                                             <td>
                                                <input class="visibilityCheckbox giverCheckbox" type="checkbox" value="COURSE"/>
                                                                                             </td>
                                             <td>
                                                <input class="visibilityCheckbox recipientCheckbox" type="checkbox" value="COURSE"/>
                                                                                             </td>
                                          </tr>
                                          <tr>
                                             <td class="text-left">
                                                <div data-original-title="Control what instructors can view" data-placement="top" data-toggle="tooltip" title="">
                                                   Instructors
                                                </div>
                                             </td>
                                             <td>
                                                <input class="visibilityCheckbox answerCheckbox" type="checkbox" value="INSTRUCTOR"/>
                                                                                             </td>
                                             <td>
                                                <input class="visibilityCheckbox giverCheckbox" type="checkbox" value="INSTRUCTOR"/>
                                                                                             </td>
                                             <td>
                                                <input class="visibilityCheckbox recipientCheckbox" type="checkbox" value="INSTRUCTOR"/>
                                                                                             </td>
                                          </tr>
                                       </tbody>
                                    </table>
                                 </div>
                                 <div class="form-group">
                                    <textarea class="form-control" id="commentText5" name="commenttext" placeholder="Your comment about this student" rows="3">
                                       teammates can see this comment with giver and recipient's name
                                    </textarea>
                                 </div>
                                 <div class="col-sm-offset-5">
                                    <input class="btn btn-primary" id="commentsave-5" onclick="return submitCommentForm('5');" title="Save comment" type="submit" value="Save"/>
                                                                        <input class="btn btn-default" onclick="return disableComment('5');" type="button" value="Cancel"/>
                                                                     </div>
                              </div>
                              <input id="commentedittype-5" name="commentedittype" type="hidden" value="edit"/>
                                                            <input name="commentid" type="hidden" value="{*}"/>
                                                            <input name="courseid" type="hidden" value="comments.idOfTypicalCourse1"/>
                                                            <input name="commentpage" type="hidden" value="true"/>
                                                            <input name="showcommentsto" type="hidden" value="TEAM"/>
                                                            <input name="showgiverto" type="hidden" value="TEAM"/>
                                                            <input name="showrecipientto" type="hidden" value="TEAM"/>
                                                            <input name="user" type="hidden" value="comments.idOfInstructor1OfCourse1"/>
                                                         </form>
                        </li>
                        <li class="list-group-item list-group-item-warning status_display-public" id="{*}">
                           <form action="/page/instructorStudentCommentEdit" class="form_comment" id="form_commentedit-6" method="post" name="form_commentedit">
                              <div id="commentBar-6">
                                 <span class="text-muted">
                                    To
                                    <b>
                                       student1 In Course1
                                    </b>
                                    (Team 1.1,
                                    <a href="mailto:comments.student1InCourse1@gmail.tmt">
                                       comments.student1InCourse1@gmail.tmt
                                    </a>
                                    ) on
                                                02 May 2012, 08:50
                                 </span>
                                 <a class="btn btn-default btn-xs icon-button pull-right" data-original-title="Delete this comment" data-placement="top" data-toggle="tooltip" id="commentdelete-6" onclick="return deleteComment('6');" style="display: none;" title="" type="button">
                                    <span class="glyphicon glyphicon-trash glyphicon-primary">
                                    </span>
                                 </a>
                                 <a class="btn btn-default btn-xs icon-button pull-right" data-original-title="Edit this comment" data-placement="top" data-toggle="tooltip" id="commentedit-6" onclick="return enableEdit('6');" style="display: none;" title="" type="button">
                                    <span class="glyphicon glyphicon-pencil glyphicon-primary">
                                    </span>
                                 </a>
                                 <span class="glyphicon glyphicon-eye-open" data-original-title="This comment is visible to recipient" data-placement="top" data-toggle="tooltip" style="margin-left: 5px;" title="">
                                 </span>
                              </div>
                              <div id="plainCommentText6" style="margin-left: 15px;">
                                 recipient can see this comment without giver's name
                              </div>
                              <div id="commentTextEdit6" style="display: none;">
                                 <div class="form-group form-inline">
                                    <div class="form-group text-muted">
                                       You may change comment's visibility using the visibility options on the right hand side.
                                    </div>
                                    <a class="btn btn-sm btn-info pull-right" id="visibility-options-trigger6">
                                       <span class="glyphicon glyphicon-eye-close">
                                       </span>
                                       Show Visibility Options
                                    </a>
                                 </div>
                                 <div class="panel panel-default" id="visibility-options6" style="display: none;">
                                    <div class="panel-heading">
                                       Visibility Options
                                    </div>
                                    <table class="table text-center text-color-black">
                                       <tbody>
                                          <tr>
                                             <th class="text-center">
                                                User/Group
                                             </th>
                                             <th class="text-center">
                                                Can see
                                                                your comment
                                             </th>
                                             <th class="text-center">
                                                Can see
                                                                giver's name
                                             </th>
                                             <th class="text-center">
                                                Can see
                                                                recipient's name
                                             </th>
                                          </tr>
                                          <tr id="recipient-person6">
                                             <td class="text-left">
                                                <div data-original-title="Control what comment recipient(s) can view" data-placement="top" data-toggle="tooltip" title="">
                                                   Recipient(s)
                                                </div>
                                             </td>
                                             <td>
                                                <input checked="checked" class="visibilityCheckbox answerCheckbox" type="checkbox" value="PERSON"/>
                                                                                             </td>
                                             <td>
                                                <input class="visibilityCheckbox giverCheckbox" type="checkbox" value="PERSON"/>
                                                                                             </td>
                                             <td>
                                                <input class="visibilityCheckbox recipientCheckbox" disabled="disabled" name="receiverFollowerCheckbox" type="checkbox" value="PERSON"/>
                                                                                             </td>
                                          </tr>
                                          <tr id="recipient-team6">
                                             <td class="text-left">
                                                <div data-original-title="Control what team members of comment recipients can view" data-placement="top" data-toggle="tooltip" title="">
                                                   Recipient's Team
                                                </div>
                                             </td>
                                             <td>
                                                <input class="visibilityCheckbox answerCheckbox" type="checkbox" value="TEAM"/>
                                                                                             </td>
                                             <td>
                                                <input class="visibilityCheckbox giverCheckbox" type="checkbox" value="TEAM"/>
                                                                                             </td>
                                             <td>
                                                <input class="visibilityCheckbox recipientCheckbox" type="checkbox" value="TEAM"/>
                                                                                             </td>
                                          </tr>
                                          <tr id="recipient-section6">
                                             <td class="text-left">
                                                <div data-original-title="Control what students in the same section can view" data-placement="top" data-toggle="tooltip" title="">
                                                   Recipient's Section
                                                </div>
                                             </td>
                                             <td>
                                                <input class="visibilityCheckbox answerCheckbox" type="checkbox" value="SECTION"/>
                                                                                             </td>
                                             <td>
                                                <input class="visibilityCheckbox giverCheckbox" type="checkbox" value="SECTION"/>
                                                                                             </td>
                                             <td>
                                                <input class="visibilityCheckbox recipientCheckbox" type="checkbox" value="SECTION"/>
                                                                                             </td>
                                          </tr>
                                          <tr id="recipient-course6">
                                             <td class="text-left">
                                                <div data-original-title="Control what other students in this course can view" data-placement="top" data-toggle="tooltip" title="">
                                                   Other students in this course
                                                </div>
                                             </td>
                                             <td>
                                                <input class="visibilityCheckbox answerCheckbox" type="checkbox" value="COURSE"/>
                                                                                             </td>
                                             <td>
                                                <input class="visibilityCheckbox giverCheckbox" type="checkbox" value="COURSE"/>
                                                                                             </td>
                                             <td>
                                                <input class="visibilityCheckbox recipientCheckbox" type="checkbox" value="COURSE"/>
                                                                                             </td>
                                          </tr>
                                          <tr>
                                             <td class="text-left">
                                                <div data-original-title="Control what instructors can view" data-placement="top" data-toggle="tooltip" title="">
                                                   Instructors
                                                </div>
                                             </td>
                                             <td>
                                                <input class="visibilityCheckbox answerCheckbox" type="checkbox" value="INSTRUCTOR"/>
                                                                                             </td>
                                             <td>
                                                <input class="visibilityCheckbox giverCheckbox" type="checkbox" value="INSTRUCTOR"/>
                                                                                             </td>
                                             <td>
                                                <input class="visibilityCheckbox recipientCheckbox" type="checkbox" value="INSTRUCTOR"/>
                                                                                             </td>
                                          </tr>
                                       </tbody>
                                    </table>
                                 </div>
                                 <div class="form-group">
                                    <textarea class="form-control" id="commentText6" name="commenttext" placeholder="Your comment about this student" rows="3">
                                       recipient can see this comment without giver's name
                                    </textarea>
                                 </div>
                                 <div class="col-sm-offset-5">
                                    <input class="btn btn-primary" id="commentsave-6" onclick="return submitCommentForm('6');" title="Save comment" type="submit" value="Save"/>
                                                                        <input class="btn btn-default" onclick="return disableComment('6');" type="button" value="Cancel"/>
                                                                     </div>
                              </div>
                              <input id="commentedittype-6" name="commentedittype" type="hidden" value="edit"/>
                                                            <input name="commentid" type="hidden" value="{*}"/>
                                                            <input name="courseid" type="hidden" value="comments.idOfTypicalCourse1"/>
                                                            <input name="commentpage" type="hidden" value="true"/>
                                                            <input name="showcommentsto" type="hidden" value="PERSON"/>
                                                            <input name="showgiverto" type="hidden" value=""/>
                                                            <input name="showrecipientto" type="hidden" value=""/>
                                                            <input name="user" type="hidden" value="comments.idOfInstructor1OfCourse1"/>
                                                         </form>
                        </li>
                        <li class="list-group-item list-group-item-warning status_display-public" id="{*}">
                           <form action="/page/instructorStudentCommentEdit" class="form_comment" id="form_commentedit-7" method="post" name="form_commentedit">
                              <div id="commentBar-7">
                                 <span class="text-muted">
                                    To
                                    <b>
                                       student1 In Course1
                                    </b>
                                    (Team 1.1,
                                    <a href="mailto:comments.student1InCourse1@gmail.tmt">
                                       comments.student1InCourse1@gmail.tmt
                                    </a>
                                    ) on
                                                01 May 2012, 08:49
                                 </span>
                                 <a class="btn btn-default btn-xs icon-button pull-right" data-original-title="Delete this comment" data-placement="top" data-toggle="tooltip" id="commentdelete-7" onclick="return deleteComment('7');" style="display: none;" title="" type="button">
                                    <span class="glyphicon glyphicon-trash glyphicon-primary">
                                    </span>
                                 </a>
                                 <a class="btn btn-default btn-xs icon-button pull-right" data-original-title="Edit this comment" data-placement="top" data-toggle="tooltip" id="commentedit-7" onclick="return enableEdit('7');" style="display: none;" title="" type="button">
                                    <span class="glyphicon glyphicon-pencil glyphicon-primary">
                                    </span>
                                 </a>
                                 <span class="glyphicon glyphicon-eye-open" data-original-title="This comment is visible to recipient" data-placement="top" data-toggle="tooltip" style="margin-left: 5px;" title="">
                                 </span>
                              </div>
                              <div id="plainCommentText7" style="margin-left: 15px;">
                                 recipient can see this comment with giver and recipient's name
                              </div>
                              <div id="commentTextEdit7" style="display: none;">
                                 <div class="form-group form-inline">
                                    <div class="form-group text-muted">
                                       You may change comment's visibility using the visibility options on the right hand side.
                                    </div>
                                    <a class="btn btn-sm btn-info pull-right" id="visibility-options-trigger7">
                                       <span class="glyphicon glyphicon-eye-close">
                                       </span>
                                       Show Visibility Options
                                    </a>
                                 </div>
                                 <div class="panel panel-default" id="visibility-options7" style="display: none;">
                                    <div class="panel-heading">
                                       Visibility Options
                                    </div>
                                    <table class="table text-center text-color-black">
                                       <tbody>
                                          <tr>
                                             <th class="text-center">
                                                User/Group
                                             </th>
                                             <th class="text-center">
                                                Can see
                                                                your comment
                                             </th>
                                             <th class="text-center">
                                                Can see
                                                                giver's name
                                             </th>
                                             <th class="text-center">
                                                Can see
                                                                recipient's name
                                             </th>
                                          </tr>
                                          <tr id="recipient-person7">
                                             <td class="text-left">
                                                <div data-original-title="Control what comment recipient(s) can view" data-placement="top" data-toggle="tooltip" title="">
                                                   Recipient(s)
                                                </div>
                                             </td>
                                             <td>
                                                <input checked="checked" class="visibilityCheckbox answerCheckbox" type="checkbox" value="PERSON"/>
                                                                                             </td>
                                             <td>
                                                <input checked="checked" class="visibilityCheckbox giverCheckbox" type="checkbox" value="PERSON"/>
                                                                                             </td>
                                             <td>
                                                <input class="visibilityCheckbox recipientCheckbox" disabled="disabled" name="receiverFollowerCheckbox" type="checkbox" value="PERSON"/>
                                                                                             </td>
                                          </tr>
                                          <tr id="recipient-team7">
                                             <td class="text-left">
                                                <div data-original-title="Control what team members of comment recipients can view" data-placement="top" data-toggle="tooltip" title="">
                                                   Recipient's Team
                                                </div>
                                             </td>
                                             <td>
                                                <input class="visibilityCheckbox answerCheckbox" type="checkbox" value="TEAM"/>
                                                                                             </td>
                                             <td>
                                                <input class="visibilityCheckbox giverCheckbox" type="checkbox" value="TEAM"/>
                                                                                             </td>
                                             <td>
                                                <input class="visibilityCheckbox recipientCheckbox" type="checkbox" value="TEAM"/>
                                                                                             </td>
                                          </tr>
                                          <tr id="recipient-section7">
                                             <td class="text-left">
                                                <div data-original-title="Control what students in the same section can view" data-placement="top" data-toggle="tooltip" title="">
                                                   Recipient's Section
                                                </div>
                                             </td>
                                             <td>
                                                <input class="visibilityCheckbox answerCheckbox" type="checkbox" value="SECTION"/>
                                                                                             </td>
                                             <td>
                                                <input class="visibilityCheckbox giverCheckbox" type="checkbox" value="SECTION"/>
                                                                                             </td>
                                             <td>
                                                <input class="visibilityCheckbox recipientCheckbox" type="checkbox" value="SECTION"/>
                                                                                             </td>
                                          </tr>
                                          <tr id="recipient-course7">
                                             <td class="text-left">
                                                <div data-original-title="Control what other students in this course can view" data-placement="top" data-toggle="tooltip" title="">
                                                   Other students in this course
                                                </div>
                                             </td>
                                             <td>
                                                <input class="visibilityCheckbox answerCheckbox" type="checkbox" value="COURSE"/>
                                                                                             </td>
                                             <td>
                                                <input class="visibilityCheckbox giverCheckbox" type="checkbox" value="COURSE"/>
                                                                                             </td>
                                             <td>
                                                <input class="visibilityCheckbox recipientCheckbox" type="checkbox" value="COURSE"/>
                                                                                             </td>
                                          </tr>
                                          <tr>
                                             <td class="text-left">
                                                <div data-original-title="Control what instructors can view" data-placement="top" data-toggle="tooltip" title="">
                                                   Instructors
                                                </div>
                                             </td>
                                             <td>
                                                <input class="visibilityCheckbox answerCheckbox" type="checkbox" value="INSTRUCTOR"/>
                                                                                             </td>
                                             <td>
                                                <input class="visibilityCheckbox giverCheckbox" type="checkbox" value="INSTRUCTOR"/>
                                                                                             </td>
                                             <td>
                                                <input class="visibilityCheckbox recipientCheckbox" type="checkbox" value="INSTRUCTOR"/>
                                                                                             </td>
                                          </tr>
                                       </tbody>
                                    </table>
                                 </div>
                                 <div class="form-group">
                                    <textarea class="form-control" id="commentText7" name="commenttext" placeholder="Your comment about this student" rows="3">
                                       recipient can see this comment with giver and recipient's name
                                    </textarea>
                                 </div>
                                 <div class="col-sm-offset-5">
                                    <input class="btn btn-primary" id="commentsave-7" onclick="return submitCommentForm('7');" title="Save comment" type="submit" value="Save"/>
                                                                        <input class="btn btn-default" onclick="return disableComment('7');" type="button" value="Cancel"/>
                                                                     </div>
                              </div>
                              <input id="commentedittype-7" name="commentedittype" type="hidden" value="edit"/>
                                                            <input name="commentid" type="hidden" value="{*}"/>
                                                            <input name="courseid" type="hidden" value="comments.idOfTypicalCourse1"/>
                                                            <input name="commentpage" type="hidden" value="true"/>
                                                            <input name="showcommentsto" type="hidden" value="PERSON"/>
                                                            <input name="showgiverto" type="hidden" value="PERSON"/>
                                                            <input name="showrecipientto" type="hidden" value=""/>
                                                            <input name="user" type="hidden" value="comments.idOfInstructor1OfCourse1"/>
                                                         </form>
                        </li>
                        <li class="list-group-item list-group-item-warning status_display-private" id="{*}">
                           <form action="/page/instructorStudentCommentEdit" class="form_comment" id="form_commentedit-8" method="post" name="form_commentedit">
                              <div id="commentBar-8">
                                 <span class="text-muted">
                                    To
                                    <b>
                                       student1 In Course1
                                    </b>
                                    (Team 1.1,
                                    <a href="mailto:comments.student1InCourse1@gmail.tmt">
                                       comments.student1InCourse1@gmail.tmt
                                    </a>
                                    ) on
                                                01 Apr 2012, 23:59
                                 </span>
                                 <a class="btn btn-default btn-xs icon-button pull-right" data-original-title="Delete this comment" data-placement="top" data-toggle="tooltip" id="commentdelete-8" onclick="return deleteComment('8');" style="display: none;" title="" type="button">
                                    <span class="glyphicon glyphicon-trash glyphicon-primary">
                                    </span>
                                 </a>
                                 <a class="btn btn-default btn-xs icon-button pull-right" data-original-title="Edit this comment" data-placement="top" data-toggle="tooltip" id="commentedit-8" onclick="return enableEdit('8');" style="display: none;" title="" type="button">
                                    <span class="glyphicon glyphicon-pencil glyphicon-primary">
                                    </span>
                                 </a>
                              </div>
                              <div id="plainCommentText8" style="margin-left: 15px;">
                                 private comment
                              </div>
                              <div id="commentTextEdit8" style="display: none;">
                                 <div class="form-group form-inline">
                                    <div class="form-group text-muted">
                                       You may change comment's visibility using the visibility options on the right hand side.
                                    </div>
                                    <a class="btn btn-sm btn-info pull-right" id="visibility-options-trigger8">
                                       <span class="glyphicon glyphicon-eye-close">
                                       </span>
                                       Show Visibility Options
                                    </a>
                                 </div>
                                 <div class="panel panel-default" id="visibility-options8" style="display: none;">
                                    <div class="panel-heading">
                                       Visibility Options
                                    </div>
                                    <table class="table text-center text-color-black">
                                       <tbody>
                                          <tr>
                                             <th class="text-center">
                                                User/Group
                                             </th>
                                             <th class="text-center">
                                                Can see
                                                                your comment
                                             </th>
                                             <th class="text-center">
                                                Can see
                                                                giver's name
                                             </th>
                                             <th class="text-center">
                                                Can see
                                                                recipient's name
                                             </th>
                                          </tr>
                                          <tr id="recipient-person8">
                                             <td class="text-left">
                                                <div data-original-title="Control what comment recipient(s) can view" data-placement="top" data-toggle="tooltip" title="">
                                                   Recipient(s)
                                                </div>
                                             </td>
                                             <td>
                                                <input class="visibilityCheckbox answerCheckbox" type="checkbox" value="PERSON"/>
                                                                                             </td>
                                             <td>
                                                <input class="visibilityCheckbox giverCheckbox" type="checkbox" value="PERSON"/>
                                                                                             </td>
                                             <td>
                                                <input class="visibilityCheckbox recipientCheckbox" disabled="disabled" name="receiverFollowerCheckbox" type="checkbox" value="PERSON"/>
                                                                                             </td>
                                          </tr>
                                          <tr id="recipient-team8">
                                             <td class="text-left">
                                                <div data-original-title="Control what team members of comment recipients can view" data-placement="top" data-toggle="tooltip" title="">
                                                   Recipient's Team
                                                </div>
                                             </td>
                                             <td>
                                                <input class="visibilityCheckbox answerCheckbox" type="checkbox" value="TEAM"/>
                                                                                             </td>
                                             <td>
                                                <input class="visibilityCheckbox giverCheckbox" type="checkbox" value="TEAM"/>
                                                                                             </td>
                                             <td>
                                                <input class="visibilityCheckbox recipientCheckbox" type="checkbox" value="TEAM"/>
                                                                                             </td>
                                          </tr>
                                          <tr id="recipient-section8">
                                             <td class="text-left">
                                                <div data-original-title="Control what students in the same section can view" data-placement="top" data-toggle="tooltip" title="">
                                                   Recipient's Section
                                                </div>
                                             </td>
                                             <td>
                                                <input class="visibilityCheckbox answerCheckbox" type="checkbox" value="SECTION"/>
                                                                                             </td>
                                             <td>
                                                <input class="visibilityCheckbox giverCheckbox" type="checkbox" value="SECTION"/>
                                                                                             </td>
                                             <td>
                                                <input class="visibilityCheckbox recipientCheckbox" type="checkbox" value="SECTION"/>
                                                                                             </td>
                                          </tr>
                                          <tr id="recipient-course8">
                                             <td class="text-left">
                                                <div data-original-title="Control what other students in this course can view" data-placement="top" data-toggle="tooltip" title="">
                                                   Other students in this course
                                                </div>
                                             </td>
                                             <td>
                                                <input class="visibilityCheckbox answerCheckbox" type="checkbox" value="COURSE"/>
                                                                                             </td>
                                             <td>
                                                <input class="visibilityCheckbox giverCheckbox" type="checkbox" value="COURSE"/>
                                                                                             </td>
                                             <td>
                                                <input class="visibilityCheckbox recipientCheckbox" type="checkbox" value="COURSE"/>
                                                                                             </td>
                                          </tr>
                                          <tr>
                                             <td class="text-left">
                                                <div data-original-title="Control what instructors can view" data-placement="top" data-toggle="tooltip" title="">
                                                   Instructors
                                                </div>
                                             </td>
                                             <td>
                                                <input class="visibilityCheckbox answerCheckbox" type="checkbox" value="INSTRUCTOR"/>
                                                                                             </td>
                                             <td>
                                                <input class="visibilityCheckbox giverCheckbox" type="checkbox" value="INSTRUCTOR"/>
                                                                                             </td>
                                             <td>
                                                <input class="visibilityCheckbox recipientCheckbox" type="checkbox" value="INSTRUCTOR"/>
                                                                                             </td>
                                          </tr>
                                       </tbody>
                                    </table>
                                 </div>
                                 <div class="form-group">
                                    <textarea class="form-control" id="commentText8" name="commenttext" placeholder="Your comment about this student" rows="3">
                                       private comment
                                    </textarea>
                                 </div>
                                 <div class="col-sm-offset-5">
                                    <input class="btn btn-primary" id="commentsave-8" onclick="return submitCommentForm('8');" title="Save comment" type="submit" value="Save"/>
                                                                        <input class="btn btn-default" onclick="return disableComment('8');" type="button" value="Cancel"/>
                                                                     </div>
                              </div>
                              <input id="commentedittype-8" name="commentedittype" type="hidden" value="edit"/>
                                                            <input name="commentid" type="hidden" value="{*}"/>
                                                            <input name="courseid" type="hidden" value="comments.idOfTypicalCourse1"/>
                                                            <input name="commentpage" type="hidden" value="true"/>
                                                            <input name="showcommentsto" type="hidden" value=""/>
                                                            <input name="showgiverto" type="hidden" value=""/>
                                                            <input name="showrecipientto" type="hidden" value=""/>
                                                            <input name="user" type="hidden" value="comments.idOfInstructor1OfCourse1"/>
                                                         </form>
                        </li>
                     </ul>
                  </div>
                  <div class="panel panel-info student-record-comments giver_display-by-others">
                     <div class="panel-heading">
                        From
                        <b>
                           Anonymous
                        </b>
                     </div>
                     <ul class="list-group comments">
                        <li class="list-group-item list-group-item-warning status_display-public" id="{*}">
                           <form action="/page/instructorStudentCommentEdit" class="form_comment" id="form_commentedit-9" method="post" name="form_commentedit">
                              <div id="commentBar-9">
                                 <span class="text-muted">
                                    To
                                    <b>
                                       Anonymous
                                    </b>
                                    on
                                                02 Jun 2012, 19:21
                                 </span>
                                 <a class="btn btn-default btn-xs icon-button pull-right" data-original-title="Delete this comment" data-placement="top" data-toggle="tooltip" id="commentdelete-9" onclick="return deleteComment('9');" style="display: none;" title="" type="button">
                                    <span class="glyphicon glyphicon-trash glyphicon-primary">
                                    </span>
                                 </a>
                                 <a class="btn btn-default btn-xs icon-button pull-right" data-original-title="Edit this comment" data-placement="top" data-toggle="tooltip" id="commentedit-9" onclick="return enableEdit('9');" style="display: none;" title="" type="button">
                                    <span class="glyphicon glyphicon-pencil glyphicon-primary">
                                    </span>
                                 </a>
                                 <span class="glyphicon glyphicon-eye-open" data-original-title="This comment is visible to instructors" data-placement="top" data-toggle="tooltip" style="margin-left: 5px;" title="">
                                 </span>
                              </div>
                              <div id="plainCommentText9" style="margin-left: 15px;">
                                 Other instructors in this course can see this comment without names
                              </div>
                              <div id="commentTextEdit9" style="display: none;">
                                 <div class="form-group form-inline">
                                    <div class="form-group text-muted">
                                       You may change comment's visibility using the visibility options on the right hand side.
                                    </div>
                                    <a class="btn btn-sm btn-info pull-right" id="visibility-options-trigger9">
                                       <span class="glyphicon glyphicon-eye-close">
                                       </span>
                                       Show Visibility Options
                                    </a>
                                 </div>
                                 <div class="panel panel-default" id="visibility-options9" style="display: none;">
                                    <div class="panel-heading">
                                       Visibility Options
                                    </div>
                                    <table class="table text-center text-color-black">
                                       <tbody>
                                          <tr>
                                             <th class="text-center">
                                                User/Group
                                             </th>
                                             <th class="text-center">
                                                Can see
                                                                your comment
                                             </th>
                                             <th class="text-center">
                                                Can see
                                                                giver's name
                                             </th>
                                             <th class="text-center">
                                                Can see
                                                                recipient's name
                                             </th>
                                          </tr>
                                          <tr id="recipient-course9">
                                             <td class="text-left">
                                                <div data-original-title="Control what other students in this course can view" data-placement="top" data-toggle="tooltip" title="">
                                                   Students in this course
                                                </div>
                                             </td>
                                             <td>
                                                <input class="visibilityCheckbox answerCheckbox" type="checkbox" value="COURSE"/>
                                                                                             </td>
                                             <td>
                                                <input class="visibilityCheckbox giverCheckbox" type="checkbox" value="COURSE"/>
                                                                                             </td>
                                             <td>
                                                <input class="visibilityCheckbox recipientCheckbox" disabled="disabled" type="checkbox" value="COURSE"/>
                                                                                             </td>
                                          </tr>
                                          <tr>
                                             <td class="text-left">
                                                <div data-original-title="Control what instructors can view" data-placement="top" data-toggle="tooltip" title="">
                                                   Instructors
                                                </div>
                                             </td>
                                             <td>
                                                <input checked="checked" class="visibilityCheckbox answerCheckbox" type="checkbox" value="INSTRUCTOR"/>
                                                                                             </td>
                                             <td>
                                                <input class="visibilityCheckbox giverCheckbox" type="checkbox" value="INSTRUCTOR"/>
                                                                                             </td>
                                             <td>
                                                <input class="visibilityCheckbox recipientCheckbox" type="checkbox" value="INSTRUCTOR"/>
                                                                                             </td>
                                          </tr>
                                       </tbody>
                                    </table>
                                 </div>
                                 <div class="form-group">
                                    <textarea class="form-control" id="commentText9" name="commenttext" placeholder="Your comment about this student" rows="3">
                                       Other instructors in this course can see this comment without names
                                    </textarea>
                                 </div>
                                 <div class="col-sm-offset-5">
                                    <input class="btn btn-primary" id="commentsave-9" onclick="return submitCommentForm('9');" title="Save comment" type="submit" value="Save"/>
                                                                        <input class="btn btn-default" onclick="return disableComment('9');" type="button" value="Cancel"/>
                                                                     </div>
                              </div>
                              <input id="commentedittype-9" name="commentedittype" type="hidden" value="edit"/>
                                                            <input name="commentid" type="hidden" value="{*}"/>
                                                            <input name="courseid" type="hidden" value="comments.idOfTypicalCourse1"/>
                                                            <input name="commentpage" type="hidden" value="true"/>
                                                            <input name="showcommentsto" type="hidden" value="INSTRUCTOR"/>
                                                            <input name="showgiverto" type="hidden" value=""/>
                                                            <input name="showrecipientto" type="hidden" value=""/>
                                                            <input name="user" type="hidden" value="comments.idOfInstructor1OfCourse1"/>
                                                         </form>
                        </li>
                     </ul>
                  </div>
                  <div class="panel panel-info student-record-comments giver_display-by-others">
                     <div class="panel-heading">
                        From
                        <b>
                           Instructor Instructor2 Course1
                        </b>
                     </div>
                     <ul class="list-group comments">
                        <li class="list-group-item list-group-item-warning status_display-public" id="{*}">
                           <form action="/page/instructorStudentCommentEdit" class="form_comment" id="form_commentedit-10" method="post" name="form_commentedit">
                              <div id="commentBar-10">
                                 <span class="text-muted">
                                    To
                                    <b>
                                       All students in this course
                                    </b>
                                    on
                                                02 Jun 2012, 19:20
                                 </span>
                                 <a class="btn btn-default btn-xs icon-button pull-right" data-original-title="Delete this comment" data-placement="top" data-toggle="tooltip" id="commentdelete-10" onclick="return deleteComment('10');" style="display: none;" title="" type="button">
                                    <span class="glyphicon glyphicon-trash glyphicon-primary">
                                    </span>
                                 </a>
                                 <a class="btn btn-default btn-xs icon-button pull-right" data-original-title="Edit this comment" data-placement="top" data-toggle="tooltip" id="commentedit-10" onclick="return enableEdit('10');" style="display: none;" title="" type="button">
                                    <span class="glyphicon glyphicon-pencil glyphicon-primary">
                                    </span>
                                 </a>
                                 <span class="glyphicon glyphicon-eye-open" data-original-title="This comment is visible to instructors" data-placement="top" data-toggle="tooltip" style="margin-left: 5px;" title="">
                                 </span>
                              </div>
                              <div id="plainCommentText10" style="margin-left: 15px;">
                                 Other instructors in this course can see this comment
                              </div>
                              <div id="commentTextEdit10" style="display: none;">
                                 <div class="form-group form-inline">
                                    <div class="form-group text-muted">
                                       You may change comment's visibility using the visibility options on the right hand side.
                                    </div>
                                    <a class="btn btn-sm btn-info pull-right" id="visibility-options-trigger10">
                                       <span class="glyphicon glyphicon-eye-close">
                                       </span>
                                       Show Visibility Options
                                    </a>
                                 </div>
                                 <div class="panel panel-default" id="visibility-options10" style="display: none;">
                                    <div class="panel-heading">
                                       Visibility Options
                                    </div>
                                    <table class="table text-center text-color-black">
                                       <tbody>
                                          <tr>
                                             <th class="text-center">
                                                User/Group
                                             </th>
                                             <th class="text-center">
                                                Can see
                                                                your comment
                                             </th>
                                             <th class="text-center">
                                                Can see
                                                                giver's name
                                             </th>
                                             <th class="text-center">
                                                Can see
                                                                recipient's name
                                             </th>
                                          </tr>
                                          <tr id="recipient-course10">
                                             <td class="text-left">
                                                <div data-original-title="Control what other students in this course can view" data-placement="top" data-toggle="tooltip" title="">
                                                   Students in this course
                                                </div>
                                             </td>
                                             <td>
                                                <input class="visibilityCheckbox answerCheckbox" type="checkbox" value="COURSE"/>
                                                                                             </td>
                                             <td>
                                                <input class="visibilityCheckbox giverCheckbox" type="checkbox" value="COURSE"/>
                                                                                             </td>
                                             <td>
                                                <input class="visibilityCheckbox recipientCheckbox" disabled="disabled" type="checkbox" value="COURSE"/>
                                                                                             </td>
                                          </tr>
                                          <tr>
                                             <td class="text-left">
                                                <div data-original-title="Control what instructors can view" data-placement="top" data-toggle="tooltip" title="">
                                                   Instructors
                                                </div>
                                             </td>
                                             <td>
                                                <input checked="checked" class="visibilityCheckbox answerCheckbox" type="checkbox" value="INSTRUCTOR"/>
                                                                                             </td>
                                             <td>
                                                <input checked="checked" class="visibilityCheckbox giverCheckbox" type="checkbox" value="INSTRUCTOR"/>
                                                                                             </td>
                                             <td>
                                                <input checked="checked" class="visibilityCheckbox recipientCheckbox" type="checkbox" value="INSTRUCTOR"/>
                                                                                             </td>
                                          </tr>
                                       </tbody>
                                    </table>
                                 </div>
                                 <div class="form-group">
                                    <textarea class="form-control" id="commentText10" name="commenttext" placeholder="Your comment about this student" rows="3">
                                       Other instructors in this course can see this comment
                                    </textarea>
                                 </div>
                                 <div class="col-sm-offset-5">
                                    <input class="btn btn-primary" id="commentsave-10" onclick="return submitCommentForm('10');" title="Save comment" type="submit" value="Save"/>
                                                                        <input class="btn btn-default" onclick="return disableComment('10');" type="button" value="Cancel"/>
                                                                     </div>
                              </div>
                              <input id="commentedittype-10" name="commentedittype" type="hidden" value="edit"/>
                                                            <input name="commentid" type="hidden" value="{*}"/>
                                                            <input name="courseid" type="hidden" value="comments.idOfTypicalCourse1"/>
                                                            <input name="commentpage" type="hidden" value="true"/>
                                                            <input name="showcommentsto" type="hidden" value="INSTRUCTOR"/>
                                                            <input name="showgiverto" type="hidden" value="INSTRUCTOR"/>
                                                            <input name="showrecipientto" type="hidden" value="INSTRUCTOR"/>
                                                            <input name="user" type="hidden" value="comments.idOfInstructor1OfCourse1"/>
                                                         </form>
                        </li>
                     </ul>
                  </div>
               </div>
            </div>
         </div>
         <div id="panel_display-2">
            <br/>
                        <div class="panel panel-primary">
               <div class="panel-heading" onclick="loadFeedbackResponseComments('comments.idOfInstructor1OfCourse1','comments.idOfTypicalCourse1','comments.First feedback session', this);" style="cursor: pointer;">
                  <strong>
                     Comments in session: comments.First feedback session
                  </strong>
                  <div class="placeholder-img-loading pull-right">
                  </div>
               </div>
               <div class="panel-body">
                  <div class="panel panel-info">
                     <div class="panel-heading">
                        <b>
                           Question 1
                        </b>
                        :
        What is the best selling point of your product?
                     </div>
                     <table class="table">
                        <tbody>
                           <tr>
                              <td>
                                 <b>
                                    From:
                                 </b>
                                 student1 In Course1 (Team 1.1)
                                 <b>
                                    To:
                                 </b>
                                 student1 In Course1 (Team 1.1)
                              </td>
                           </tr>
                           <tr>
                              <td>
                                 <strong>
                                    Response:
                                 </strong>
                                 Student 1 self feedback.
                              </td>
                           </tr>
                           <tr class="active">
                              <td>
                                 Comment(s):
                                 <button class="btn btn-default btn-xs icon-button pull-right" data-original-title="Add comment" data-placement="top" data-toggle="tooltip" id="button_add_comment-1-1-1" onclick="showResponseCommentAddForm(1,1,1)" title="" type="button">
                                    <span class="glyphicon glyphicon-comment glyphicon-primary">
                                    </span>
                                 </button>
                              </td>
                           </tr>
                           <tr>
                              <td>
                                 <ul class="list-group comments" id="responseCommentTable-1-1-1" style="">
                                    <li class="list-group-item list-group-item-warning giver_display-by-you status_display-private" id="{*}">
                                       <div id="commentBar-1-1-1-1">
                                          <span class="text-muted">
                                             From:
                                             <b>
                                                you
                                             </b>
                                             [{*}]
                                          </span>
                                          <form class="responseCommentDeleteForm pull-right">
                                             <a class="btn btn-default btn-xs icon-button" data-original-title="Delete this comment" data-placement="top" data-toggle="tooltip" href="/page/instructorFeedbackResponseCommentDelete" id="commentdelete-1-1-1-1" style="display: none;" title="" type="button">
                                                <span class="glyphicon glyphicon-trash glyphicon-primary">
                                                </span>
                                             </a>
                                             <input name="responseid" type="hidden" value="{*}"/>
                                                                                          <input name="responsecommentid" type="hidden" value="{*}"/>
                                                                                          <input name="courseid" type="hidden" value="comments.idOfTypicalCourse1"/>
                                                                                          <input name="fsname" type="hidden" value="comments.First feedback session"/>
                                                                                          <input name="user" type="hidden" value="comments.idOfInstructor1OfCourse1"/>
                                                                                       </form>
                                          <a class="btn btn-default btn-xs icon-button pull-right" data-original-title="Edit this comment" data-placement="top" data-toggle="tooltip" id="commentedit-1-1-1-1" onclick="showResponseCommentEditForm(1,1,1,1)" style="display: none;" title="" type="button">
                                             <span class="glyphicon glyphicon-pencil glyphicon-primary">
                                             </span>
                                          </a>
                                       </div>
                                       <div id="plainCommentText-1-1-1-1" style="margin-left: 15px;">
                                          edited response comment
                                          <br/>
                                                                                    a new line
                                       </div>
                                       <form class="responseCommentEditForm" id="responseCommentEditForm-1-1-1-1" style="display: none;">
                                          <div class="form-group">
                                             <div class="form-group form-inline">
                                                <div class="form-group text-muted">
                                                   You may change comment's
                                            visibility using the
                                            visibility options on the
                                            right hand side.
                                                </div>
                                                <a class="btn btn-sm btn-info pull-right" id="frComment-visibility-options-trigger-1-1-1-1" onclick="toggleVisibilityEditForm(1,1,1,1)">
                                                   <span class="glyphicon glyphicon-eye-close">
                                                   </span>
                                                   Show Visibility Options
                                                </a>
                                             </div>
                                             <div class="panel panel-default" id="visibility-options-1-1-1-1" style="display: none;">
                                                <div class="panel-heading">
                                                   Visibility
                                            Options
                                                </div>
                                                <table class="table text-center" style="color: #000;">
                                                   <tbody>
                                                      <tr>
                                                         <th class="text-center">
                                                            User/Group
                                                         </th>
                                                         <th class="text-center">
                                                            Can
                                                        see your comment
                                                         </th>
                                                         <th class="text-center">
                                                            Can
                                                        see your name
                                                         </th>
                                                      </tr>
                                                      <tr id="response-giver-1-1-1-1">
                                                         <td class="text-left">
                                                            <div data-original-title="Control what response giver can view" data-placement="top" data-toggle="tooltip" title="">
                                                               Response
                                                            Giver
                                                            </div>
                                                         </td>
                                                         <td>
                                                            <input class="visibilityCheckbox answerCheckbox centered" name="receiverLeaderCheckbox" type="checkbox" value="GIVER"/>
                                                                                                                     </td>
                                                         <td>
                                                            <input class="visibilityCheckbox giverCheckbox" type="checkbox" value="GIVER"/>
                                                                                                                     </td>
                                                      </tr>
                                                      <tr id="response-instructors-1-1-1-1">
                                                         <td class="text-left">
                                                            <div data-original-title="Control what instructors can view" data-placement="top" data-toggle="tooltip" title="">
                                                               Instructors
                                                            </div>
                                                         </td>
                                                         <td>
                                                            <input class="visibilityCheckbox answerCheckbox" type="checkbox" value="INSTRUCTORS"/>
                                                                                                                     </td>
                                                         <td>
                                                            <input checked="checked" class="visibilityCheckbox giverCheckbox" type="checkbox" value="INSTRUCTORS"/>
                                                                                                                     </td>
                                                      </tr>
                                                   </tbody>
                                                </table>
                                             </div>
                                             <textarea class="form-control" id="responsecommenttext-1-1-1-1" name="responsecommenttext" placeholder="Your comment about this response" rows="3">
                                                edited response comment
<br>a new line
                                             </textarea>
                                          </div>
                                          <div class="col-sm-offset-5">
                                             <a class="btn btn-primary" href="/page/instructorFeedbackResponseCommentEdit" id="button_save_comment_for_edit-1-1-1-1">
                                                Save
                                             </a>
                                             <input class="btn btn-default" onclick="return hideResponseCommentEditForm(1,1,1,1);" type="button" value="Cancel"/>
                                                                                       </div>
                                          <input name="responseid" type="hidden" value="{*}"/>
                                                                                    <input name="responsecommentid" type="hidden" value="{*}"/>
                                                                                    <input name="courseid" type="hidden" value="comments.idOfTypicalCourse1"/>
                                                                                    <input name="fsname" type="hidden" value="comments.First feedback session"/>
                                                                                    <input name="user" type="hidden" value="comments.idOfInstructor1OfCourse1"/>
                                                                                    <input name="showresponsecommentsto" type="hidden" value=""/>
                                                                                    <input name="showresponsegiverto" type="hidden" value="INSTRUCTORS"/>
                                                                                 </form>
                                    </li>
                                    <li class="list-group-item list-group-item-warning giver_display-by-you status_display-private" id="{*}">
                                       <div id="commentBar-1-1-1-2">
                                          <span class="text-muted">
                                             From:
                                             <b>
                                                you
                                             </b>
                                             [Tue Mar 01 23:59:00 UTC 2016]
                                          </span>
                                          <form class="responseCommentDeleteForm pull-right">
                                             <a class="btn btn-default btn-xs icon-button" data-original-title="Delete this comment" data-placement="top" data-toggle="tooltip" href="/page/instructorFeedbackResponseCommentDelete" id="commentdelete-1-1-1-2" style="display: none;" title="" type="button">
                                                <span class="glyphicon glyphicon-trash glyphicon-primary">
                                                </span>
                                             </a>
                                             <input name="responseid" type="hidden" value="{*}"/>
                                                                                          <input name="responsecommentid" type="hidden" value="{*}"/>
                                                                                          <input name="courseid" type="hidden" value="comments.idOfTypicalCourse1"/>
                                                                                          <input name="fsname" type="hidden" value="comments.First feedback session"/>
                                                                                          <input name="user" type="hidden" value="comments.idOfInstructor1OfCourse1"/>
                                                                                       </form>
                                          <a class="btn btn-default btn-xs icon-button pull-right" data-original-title="Edit this comment" data-placement="top" data-toggle="tooltip" id="commentedit-1-1-1-2" onclick="showResponseCommentEditForm(1,1,1,2)" style="display: none;" title="" type="button">
                                             <span class="glyphicon glyphicon-pencil glyphicon-primary">
                                             </span>
                                          </a>
                                       </div>
                                       <div id="plainCommentText-1-1-1-2" style="margin-left: 15px;">
                                          Instructor 1 comment to student 1 self feedback
                                       </div>
                                       <form class="responseCommentEditForm" id="responseCommentEditForm-1-1-1-2" style="display: none;">
                                          <div class="form-group">
                                             <div class="form-group form-inline">
                                                <div class="form-group text-muted">
                                                   You may change comment's
                                            visibility using the
                                            visibility options on the
                                            right hand side.
                                                </div>
                                                <a class="btn btn-sm btn-info pull-right" id="frComment-visibility-options-trigger-1-1-1-2" onclick="toggleVisibilityEditForm(1,1,1,2)">
                                                   <span class="glyphicon glyphicon-eye-close">
                                                   </span>
                                                   Show Visibility Options
                                                </a>
                                             </div>
                                             <div class="panel panel-default" id="visibility-options-1-1-1-2" style="display: none;">
                                                <div class="panel-heading">
                                                   Visibility
                                            Options
                                                </div>
                                                <table class="table text-center" style="color: #000;">
                                                   <tbody>
                                                      <tr>
                                                         <th class="text-center">
                                                            User/Group
                                                         </th>
                                                         <th class="text-center">
                                                            Can
                                                        see your comment
                                                         </th>
                                                         <th class="text-center">
                                                            Can
                                                        see your name
                                                         </th>
                                                      </tr>
                                                      <tr id="response-giver-1-1-1-2">
                                                         <td class="text-left">
                                                            <div data-original-title="Control what response giver can view" data-placement="top" data-toggle="tooltip" title="">
                                                               Response
                                                            Giver
                                                            </div>
                                                         </td>
                                                         <td>
                                                            <input class="visibilityCheckbox answerCheckbox centered" name="receiverLeaderCheckbox" type="checkbox" value="GIVER"/>
                                                                                                                     </td>
                                                         <td>
                                                            <input class="visibilityCheckbox giverCheckbox" type="checkbox" value="GIVER"/>
                                                                                                                     </td>
                                                      </tr>
                                                      <tr id="response-instructors-1-1-1-2">
                                                         <td class="text-left">
                                                            <div data-original-title="Control what instructors can view" data-placement="top" data-toggle="tooltip" title="">
                                                               Instructors
                                                            </div>
                                                         </td>
                                                         <td>
                                                            <input class="visibilityCheckbox answerCheckbox" type="checkbox" value="INSTRUCTORS"/>
                                                                                                                     </td>
                                                         <td>
                                                            <input class="visibilityCheckbox giverCheckbox" type="checkbox" value="INSTRUCTORS"/>
                                                                                                                     </td>
                                                      </tr>
                                                   </tbody>
                                                </table>
                                             </div>
                                             <textarea class="form-control" id="responsecommenttext-1-1-1-2" name="responsecommenttext" placeholder="Your comment about this response" rows="3">
                                                Instructor 1 comment to student 1 self feedback
                                             </textarea>
                                          </div>
                                          <div class="col-sm-offset-5">
                                             <a class="btn btn-primary" href="/page/instructorFeedbackResponseCommentEdit" id="button_save_comment_for_edit-1-1-1-2">
                                                Save
                                             </a>
                                             <input class="btn btn-default" onclick="return hideResponseCommentEditForm(1,1,1,2);" type="button" value="Cancel"/>
                                                                                       </div>
                                          <input name="responseid" type="hidden" value="{*}"/>
                                                                                    <input name="responsecommentid" type="hidden" value="{*}"/>
                                                                                    <input name="courseid" type="hidden" value="comments.idOfTypicalCourse1"/>
                                                                                    <input name="fsname" type="hidden" value="comments.First feedback session"/>
                                                                                    <input name="user" type="hidden" value="comments.idOfInstructor1OfCourse1"/>
                                                                                    <input name="showresponsecommentsto" type="hidden" value=""/>
                                                                                    <input name="showresponsegiverto" type="hidden" value=""/>
                                                                                 </form>
                                    </li>
                                    <li class="list-group-item list-group-item-warning" id="showResponseCommentAddForm-1-1-1" style="display: none;">
                                       <form class="responseCommentAddForm">
                                          <div class="form-group">
                                             <div class="form-group form-inline">
                                                <div class="form-group text-muted">
                                                   You may change comment's
                                            visibility using the
                                            visibility options on the
                                            right hand side.
                                                </div>
                                                <a class="btn btn-sm btn-info pull-right" id="frComment-visibility-options-trigger-1-1-1" onclick="toggleVisibilityEditForm(1,1,1)">
                                                   <span class="glyphicon glyphicon-eye-close">
                                                   </span>
                                                   Show Visibility Options
                                                </a>
                                             </div>
                                             <div class="panel panel-default" id="visibility-options-1-1-1" style="display: none;">
                                                <div class="panel-heading">
                                                   Visibility
                                            Options
                                                </div>
                                                <table class="table text-center" style="color: #000;">
                                                   <tbody>
                                                      <tr>
                                                         <th class="text-center">
                                                            User/Group
                                                         </th>
                                                         <th class="text-center">
                                                            Can
                                                        see your comment
                                                         </th>
                                                         <th class="text-center">
                                                            Can
                                                        see your name
                                                         </th>
                                                      </tr>
                                                      <tr id="response-giver-1-1-1">
                                                         <td class="text-left">
                                                            <div data-original-title="Control what response giver can view" data-placement="top" data-toggle="tooltip" title="">
                                                               Response
                                                            Giver
                                                            </div>
                                                         </td>
                                                         <td>
                                                            <input checked="checked" class="visibilityCheckbox answerCheckbox centered" name="receiverLeaderCheckbox" type="checkbox" value="GIVER"/>
                                                                                                                     </td>
                                                         <td>
                                                            <input checked="checked" class="visibilityCheckbox giverCheckbox" type="checkbox" value="GIVER"/>
                                                                                                                     </td>
                                                      </tr>
                                                      <tr id="response-instructors-1-1-1">
                                                         <td class="text-left">
                                                            <div data-original-title="Control what instructors can view" data-placement="top" data-toggle="tooltip" title="">
                                                               Instructors
                                                            </div>
                                                         </td>
                                                         <td>
                                                            <input checked="checked" class="visibilityCheckbox answerCheckbox" type="checkbox" value="INSTRUCTORS"/>
                                                                                                                     </td>
                                                         <td>
                                                            <input checked="checked" class="visibilityCheckbox giverCheckbox" type="checkbox" value="INSTRUCTORS"/>
                                                                                                                     </td>
                                                      </tr>
                                                   </tbody>
                                                </table>
                                             </div>
                                             <textarea class="form-control" id="responseCommentAddForm-1-1-1" name="responsecommenttext" placeholder="Your comment about this response" rows="3">
                                             </textarea>
                                          </div>
                                          <div class="col-sm-offset-5">
                                             <a class="btn btn-primary" href="/page/instructorFeedbackResponseCommentAdd" id="button_save_comment_for_add-1-1-1">
                                                Save
                                             </a>
                                             <input class="btn btn-default" onclick="hideResponseCommentAddForm(1,1,1)" type="button" value="Cancel"/>
                                                                                          <input name="courseid" type="hidden" value="comments.idOfTypicalCourse1"/>
                                                                                          <input name="fsname" type="hidden" value="comments.First feedback session"/>
                                                                                          <input name="questionid" type="hidden" value="{*}"/>
                                                                                          <input name="responseid" type="hidden" value="{*}"/>
                                                                                          <input name="user" type="hidden" value="comments.idOfInstructor1OfCourse1"/>
                                                                                          <input name="showresponsecommentsto" type="hidden" value="GIVER,INSTRUCTORS"/>
                                                                                          <input name="showresponsegiverto" type="hidden" value="GIVER,INSTRUCTORS"/>
                                                                                       </div>
                                       </form>
                                    </li>
                                 </ul>
                              </td>
                           </tr>
                        </tbody>
                     </table>
                  </div>
                  <div class="panel panel-info">
                     <div class="panel-heading">
                        <b>
                           Question 2
                        </b>
                        :
        Rate 1 other student's product
                     </div>
                     <table class="table">
                        <tbody>
                           <tr>
                              <td>
                                 <b>
                                    From:
                                 </b>
                                 student3 In Course1 (Team 1.2)
                                 <b>
                                    To:
                                 </b>
                                 student2 In Course1 (Team 1.1)
                              </td>
                           </tr>
                           <tr>
                              <td>
                                 <strong>
                                    Response:
                                 </strong>
                                 Response from student 3 "to" student 2.
Multiline test.
                              </td>
                           </tr>
                           <tr class="active">
                              <td>
                                 Comment(s):
                                 <button class="btn btn-default btn-xs icon-button pull-right" data-original-title="Add comment" data-placement="top" data-toggle="tooltip" id="button_add_comment-1-2-1" onclick="showResponseCommentAddForm(1,2,1)" title="" type="button">
                                    <span class="glyphicon glyphicon-comment glyphicon-primary">
                                    </span>
                                 </button>
                              </td>
                           </tr>
                           <tr>
                              <td>
                                 <ul class="list-group comments" id="responseCommentTable-1-2-1" style="">
                                    <li class="list-group-item list-group-item-warning giver_display-by-you status_display-private" id="{*}">
                                       <div id="commentBar-1-2-1-1">
                                          <span class="text-muted">
                                             From:
                                             <b>
                                                you
                                             </b>
                                             [Mon Feb 01 23:59:00 UTC 2016]
                                          </span>
                                          <form class="responseCommentDeleteForm pull-right">
                                             <a class="btn btn-default btn-xs icon-button" data-original-title="Delete this comment" data-placement="top" data-toggle="tooltip" href="/page/instructorFeedbackResponseCommentDelete" id="commentdelete-1-2-1-1" style="display: none;" title="" type="button">
                                                <span class="glyphicon glyphicon-trash glyphicon-primary">
                                                </span>
                                             </a>
                                             <input name="responseid" type="hidden" value="{*}"/>
                                                                                          <input name="responsecommentid" type="hidden" value="{*}"/>
                                                                                          <input name="courseid" type="hidden" value="comments.idOfTypicalCourse1"/>
                                                                                          <input name="fsname" type="hidden" value="comments.First feedback session"/>
                                                                                          <input name="user" type="hidden" value="comments.idOfInstructor1OfCourse1"/>
                                                                                       </form>
                                          <a class="btn btn-default btn-xs icon-button pull-right" data-original-title="Edit this comment" data-placement="top" data-toggle="tooltip" id="commentedit-1-2-1-1" onclick="showResponseCommentEditForm(1,2,1,1)" style="display: none;" title="" type="button">
                                             <span class="glyphicon glyphicon-pencil glyphicon-primary">
                                             </span>
                                          </a>
                                       </div>
                                       <div id="plainCommentText-1-2-1-1" style="margin-left: 15px;">
                                          Instructor 1 comment to feedback Question 2
                                       </div>
                                       <form class="responseCommentEditForm" id="responseCommentEditForm-1-2-1-1" style="display: none;">
                                          <div class="form-group">
                                             <div class="form-group form-inline">
                                                <div class="form-group text-muted">
                                                   You may change comment's
                                            visibility using the
                                            visibility options on the
                                            right hand side.
                                                </div>
                                                <a class="btn btn-sm btn-info pull-right" id="frComment-visibility-options-trigger-1-2-1-1" onclick="toggleVisibilityEditForm(1,2,1,1)">
                                                   <span class="glyphicon glyphicon-eye-close">
                                                   </span>
                                                   Show Visibility Options
                                                </a>
                                             </div>
                                             <div class="panel panel-default" id="visibility-options-1-2-1-1" style="display: none;">
                                                <div class="panel-heading">
                                                   Visibility
                                            Options
                                                </div>
                                                <table class="table text-center" style="color: #000;">
                                                   <tbody>
                                                      <tr>
                                                         <th class="text-center">
                                                            User/Group
                                                         </th>
                                                         <th class="text-center">
                                                            Can
                                                        see your comment
                                                         </th>
                                                         <th class="text-center">
                                                            Can
                                                        see your name
                                                         </th>
                                                      </tr>
                                                      <tr id="response-giver-1-2-1-1">
                                                         <td class="text-left">
                                                            <div data-original-title="Control what response giver can view" data-placement="top" data-toggle="tooltip" title="">
                                                               Response
                                                            Giver
                                                            </div>
                                                         </td>
                                                         <td>
                                                            <input class="visibilityCheckbox answerCheckbox centered" name="receiverLeaderCheckbox" type="checkbox" value="GIVER"/>
                                                                                                                     </td>
                                                         <td>
                                                            <input class="visibilityCheckbox giverCheckbox" type="checkbox" value="GIVER"/>
                                                                                                                     </td>
                                                      </tr>
                                                      <tr id="response-recipient-1-2-1-1">
                                                         <td class="text-left">
                                                            <div data-original-title="Control what response recipient(s) can view" data-placement="top" data-toggle="tooltip" title="">
                                                               Response
                                                            Recipient(s)
                                                            </div>
                                                         </td>
                                                         <td>
                                                            <input class="visibilityCheckbox answerCheckbox centered" name="receiverLeaderCheckbox" type="checkbox" value="RECEIVER"/>
                                                                                                                     </td>
                                                         <td>
                                                            <input class="visibilityCheckbox giverCheckbox" type="checkbox" value="RECEIVER"/>
                                                                                                                     </td>
                                                      </tr>
                                                      <tr id="response-recipient-team-1-2-1-1">
                                                         <td class="text-left">
                                                            <div data-original-title="Control what team members of response recipient(s) can view" data-placement="top" data-toggle="tooltip" title="">
                                                               Response
                                                            Recipient's
                                                            Team Members
                                                            </div>
                                                         </td>
                                                         <td>
                                                            <input class="visibilityCheckbox answerCheckbox" type="checkbox" value="RECEIVER_TEAM_MEMBERS"/>
                                                                                                                     </td>
                                                         <td>
                                                            <input class="visibilityCheckbox giverCheckbox" type="checkbox" value="RECEIVER_TEAM_MEMBERS"/>
                                                                                                                     </td>
                                                      </tr>
                                                      <tr id="response-students-1-2-1-1">
                                                         <td class="text-left">
                                                            <div data-original-title="Control what other students in this course can view" data-placement="top" data-toggle="tooltip" title="">
                                                               Other
                                                            students in
                                                            this course
                                                            </div>
                                                         </td>
                                                         <td>
                                                            <input class="visibilityCheckbox answerCheckbox" type="checkbox" value="STUDENTS"/>
                                                                                                                     </td>
                                                         <td>
                                                            <input class="visibilityCheckbox giverCheckbox" type="checkbox" value="STUDENTS"/>
                                                                                                                     </td>
                                                      </tr>
                                                      <tr id="response-instructors-1-2-1-1">
                                                         <td class="text-left">
                                                            <div data-original-title="Control what instructors can view" data-placement="top" data-toggle="tooltip" title="">
                                                               Instructors
                                                            </div>
                                                         </td>
                                                         <td>
                                                            <input class="visibilityCheckbox answerCheckbox" type="checkbox" value="INSTRUCTORS"/>
                                                                                                                     </td>
                                                         <td>
                                                            <input class="visibilityCheckbox giverCheckbox" type="checkbox" value="INSTRUCTORS"/>
                                                                                                                     </td>
                                                      </tr>
                                                   </tbody>
                                                </table>
                                             </div>
                                             <textarea class="form-control" id="responsecommenttext-1-2-1-1" name="responsecommenttext" placeholder="Your comment about this response" rows="3">
                                                Instructor 1 comment to feedback Question 2
                                             </textarea>
                                          </div>
                                          <div class="col-sm-offset-5">
                                             <a class="btn btn-primary" href="/page/instructorFeedbackResponseCommentEdit" id="button_save_comment_for_edit-1-2-1-1">
                                                Save
                                             </a>
                                             <input class="btn btn-default" onclick="return hideResponseCommentEditForm(1,2,1,1);" type="button" value="Cancel"/>
                                                                                       </div>
                                          <input name="responseid" type="hidden" value="{*}"/>
                                                                                    <input name="responsecommentid" type="hidden" value="{*}"/>
                                                                                    <input name="courseid" type="hidden" value="comments.idOfTypicalCourse1"/>
                                                                                    <input name="fsname" type="hidden" value="comments.First feedback session"/>
                                                                                    <input name="user" type="hidden" value="comments.idOfInstructor1OfCourse1"/>
                                                                                    <input name="showresponsecommentsto" type="hidden" value=""/>
                                                                                    <input name="showresponsegiverto" type="hidden" value=""/>
                                                                                 </form>
                                    </li>
                                    <li class="list-group-item list-group-item-warning giver_display-by-others status_display-public" id="{*}">
                                       <div id="commentBar-1-2-1-2">
                                          <span class="text-muted">
                                             From:
                                             <b>
                                                Anonymous
                                             </b>
                                             [Tue Feb 02 23:59:00 UTC 2016]
                                          </span>
                                          <span class="glyphicon glyphicon-eye-open" data-original-title="This response comment is visible to other students in this course, and instructors" data-placement="top" data-toggle="tooltip" style="margin-left: 5px;" title="">
                                          </span>
                                          <form class="responseCommentDeleteForm pull-right">
                                             <a class="btn btn-default btn-xs icon-button" data-original-title="Delete this comment" data-placement="top" data-toggle="tooltip" href="/page/instructorFeedbackResponseCommentDelete" id="commentdelete-1-2-1-2" style="display: none;" title="" type="button">
                                                <span class="glyphicon glyphicon-trash glyphicon-primary">
                                                </span>
                                             </a>
                                             <input name="responseid" type="hidden" value="{*}"/>
                                                                                          <input name="responsecommentid" type="hidden" value="{*}"/>
                                                                                          <input name="courseid" type="hidden" value="comments.idOfTypicalCourse1"/>
                                                                                          <input name="fsname" type="hidden" value="comments.First feedback session"/>
                                                                                          <input name="user" type="hidden" value="comments.idOfInstructor1OfCourse1"/>
                                                                                       </form>
                                          <a class="btn btn-default btn-xs icon-button pull-right" data-original-title="Edit this comment" data-placement="top" data-toggle="tooltip" id="commentedit-1-2-1-2" onclick="showResponseCommentEditForm(1,2,1,2)" style="display: none;" title="" type="button">
                                             <span class="glyphicon glyphicon-pencil glyphicon-primary">
                                             </span>
                                          </a>
                                       </div>
                                       <div id="plainCommentText-1-2-1-2" style="margin-left: 15px;">
                                          Anonymous comment to feedback Question 2
                                       </div>
                                       <form class="responseCommentEditForm" id="responseCommentEditForm-1-2-1-2" style="display: none;">
                                          <div class="form-group">
                                             <div class="form-group form-inline">
                                                <div class="form-group text-muted">
                                                   You may change comment's
                                            visibility using the
                                            visibility options on the
                                            right hand side.
                                                </div>
                                                <a class="btn btn-sm btn-info pull-right" id="frComment-visibility-options-trigger-1-2-1-2" onclick="toggleVisibilityEditForm(1,2,1,2)">
                                                   <span class="glyphicon glyphicon-eye-close">
                                                   </span>
                                                   Show Visibility Options
                                                </a>
                                             </div>
                                             <div class="panel panel-default" id="visibility-options-1-2-1-2" style="display: none;">
                                                <div class="panel-heading">
                                                   Visibility
                                            Options
                                                </div>
                                                <table class="table text-center" style="color: #000;">
                                                   <tbody>
                                                      <tr>
                                                         <th class="text-center">
                                                            User/Group
                                                         </th>
                                                         <th class="text-center">
                                                            Can
                                                        see your comment
                                                         </th>
                                                         <th class="text-center">
                                                            Can
                                                        see your name
                                                         </th>
                                                      </tr>
                                                      <tr id="response-giver-1-2-1-2">
                                                         <td class="text-left">
                                                            <div data-original-title="Control what response giver can view" data-placement="top" data-toggle="tooltip" title="">
                                                               Response
                                                            Giver
                                                            </div>
                                                         </td>
                                                         <td>
                                                            <input class="visibilityCheckbox answerCheckbox centered" name="receiverLeaderCheckbox" type="checkbox" value="GIVER"/>
                                                                                                                     </td>
                                                         <td>
                                                            <input class="visibilityCheckbox giverCheckbox" type="checkbox" value="GIVER"/>
                                                                                                                     </td>
                                                      </tr>
                                                      <tr id="response-recipient-1-2-1-2">
                                                         <td class="text-left">
                                                            <div data-original-title="Control what response recipient(s) can view" data-placement="top" data-toggle="tooltip" title="">
                                                               Response
                                                            Recipient(s)
                                                            </div>
                                                         </td>
                                                         <td>
                                                            <input class="visibilityCheckbox answerCheckbox centered" name="receiverLeaderCheckbox" type="checkbox" value="RECEIVER"/>
                                                                                                                     </td>
                                                         <td>
                                                            <input class="visibilityCheckbox giverCheckbox" type="checkbox" value="RECEIVER"/>
                                                                                                                     </td>
                                                      </tr>
                                                      <tr id="response-recipient-team-1-2-1-2">
                                                         <td class="text-left">
                                                            <div data-original-title="Control what team members of response recipient(s) can view" data-placement="top" data-toggle="tooltip" title="">
                                                               Response
                                                            Recipient's
                                                            Team Members
                                                            </div>
                                                         </td>
                                                         <td>
                                                            <input class="visibilityCheckbox answerCheckbox" type="checkbox" value="RECEIVER_TEAM_MEMBERS"/>
                                                                                                                     </td>
                                                         <td>
                                                            <input class="visibilityCheckbox giverCheckbox" type="checkbox" value="RECEIVER_TEAM_MEMBERS"/>
                                                                                                                     </td>
                                                      </tr>
                                                      <tr id="response-students-1-2-1-2">
                                                         <td class="text-left">
                                                            <div data-original-title="Control what other students in this course can view" data-placement="top" data-toggle="tooltip" title="">
                                                               Other
                                                            students in
                                                            this course
                                                            </div>
                                                         </td>
                                                         <td>
                                                            <input checked="checked" class="visibilityCheckbox answerCheckbox" type="checkbox" value="STUDENTS"/>
                                                                                                                     </td>
                                                         <td>
                                                            <input class="visibilityCheckbox giverCheckbox" type="checkbox" value="STUDENTS"/>
                                                                                                                     </td>
                                                      </tr>
                                                      <tr id="response-instructors-1-2-1-2">
                                                         <td class="text-left">
                                                            <div data-original-title="Control what instructors can view" data-placement="top" data-toggle="tooltip" title="">
                                                               Instructors
                                                            </div>
                                                         </td>
                                                         <td>
                                                            <input checked="checked" class="visibilityCheckbox answerCheckbox" type="checkbox" value="INSTRUCTORS"/>
                                                                                                                     </td>
                                                         <td>
                                                            <input class="visibilityCheckbox giverCheckbox" type="checkbox" value="INSTRUCTORS"/>
                                                                                                                     </td>
                                                      </tr>
                                                   </tbody>
                                                </table>
                                             </div>
                                             <textarea class="form-control" id="responsecommenttext-1-2-1-2" name="responsecommenttext" placeholder="Your comment about this response" rows="3">
                                                Anonymous comment to feedback Question 2
                                             </textarea>
                                          </div>
                                          <div class="col-sm-offset-5">
                                             <a class="btn btn-primary" href="/page/instructorFeedbackResponseCommentEdit" id="button_save_comment_for_edit-1-2-1-2">
                                                Save
                                             </a>
                                             <input class="btn btn-default" onclick="return hideResponseCommentEditForm(1,2,1,2);" type="button" value="Cancel"/>
                                                                                       </div>
                                          <input name="responseid" type="hidden" value="{*}"/>
                                                                                    <input name="responsecommentid" type="hidden" value="{*}"/>
                                                                                    <input name="courseid" type="hidden" value="comments.idOfTypicalCourse1"/>
                                                                                    <input name="fsname" type="hidden" value="comments.First feedback session"/>
                                                                                    <input name="user" type="hidden" value="comments.idOfInstructor1OfCourse1"/>
                                                                                    <input name="showresponsecommentsto" type="hidden" value="STUDENTS, INSTRUCTORS"/>
                                                                                    <input name="showresponsegiverto" type="hidden" value=""/>
                                                                                 </form>
                                    </li>
                                    <li class="list-group-item list-group-item-warning giver_display-by-others status_display-public" id="{*}">
                                       <div id="commentBar-1-2-1-3">
                                          <span class="text-muted">
                                             From:
                                             <b>
                                                Instructor2 Course1
                                             </b>
                                             [Wed Feb 03 23:59:00 UTC 2016]
                                          </span>
                                          <span class="glyphicon glyphicon-eye-open" data-original-title="This response comment is visible to response giver, response recipient, other students in this course, and instructors" data-placement="top" data-toggle="tooltip" style="margin-left: 5px;" title="">
                                          </span>
                                          <form class="responseCommentDeleteForm pull-right">
                                             <a class="btn btn-default btn-xs icon-button" data-original-title="Delete this comment" data-placement="top" data-toggle="tooltip" href="/page/instructorFeedbackResponseCommentDelete" id="commentdelete-1-2-1-3" style="display: none;" title="" type="button">
                                                <span class="glyphicon glyphicon-trash glyphicon-primary">
                                                </span>
                                             </a>
                                             <input name="responseid" type="hidden" value="{*}"/>
                                                                                          <input name="responsecommentid" type="hidden" value="{*}"/>
                                                                                          <input name="courseid" type="hidden" value="comments.idOfTypicalCourse1"/>
                                                                                          <input name="fsname" type="hidden" value="comments.First feedback session"/>
                                                                                          <input name="user" type="hidden" value="comments.idOfInstructor1OfCourse1"/>
                                                                                       </form>
                                          <a class="btn btn-default btn-xs icon-button pull-right" data-original-title="Edit this comment" data-placement="top" data-toggle="tooltip" id="commentedit-1-2-1-3" onclick="showResponseCommentEditForm(1,2,1,3)" style="display: none;" title="" type="button">
                                             <span class="glyphicon glyphicon-pencil glyphicon-primary">
                                             </span>
                                          </a>
                                       </div>
                                       <div id="plainCommentText-1-2-1-3" style="margin-left: 15px;">
                                          Instructor 2 comment to feedback Question 2 (Student 3 see this as anonymous comment)
                                       </div>
                                       <form class="responseCommentEditForm" id="responseCommentEditForm-1-2-1-3" style="display: none;">
                                          <div class="form-group">
                                             <div class="form-group form-inline">
                                                <div class="form-group text-muted">
                                                   You may change comment's
                                            visibility using the
                                            visibility options on the
                                            right hand side.
                                                </div>
                                                <a class="btn btn-sm btn-info pull-right" id="frComment-visibility-options-trigger-1-2-1-3" onclick="toggleVisibilityEditForm(1,2,1,3)">
                                                   <span class="glyphicon glyphicon-eye-close">
                                                   </span>
                                                   Show Visibility Options
                                                </a>
                                             </div>
                                             <div class="panel panel-default" id="visibility-options-1-2-1-3" style="display: none;">
                                                <div class="panel-heading">
                                                   Visibility
                                            Options
                                                </div>
                                                <table class="table text-center" style="color: #000;">
                                                   <tbody>
                                                      <tr>
                                                         <th class="text-center">
                                                            User/Group
                                                         </th>
                                                         <th class="text-center">
                                                            Can
                                                        see your comment
                                                         </th>
                                                         <th class="text-center">
                                                            Can
                                                        see your name
                                                         </th>
                                                      </tr>
                                                      <tr id="response-giver-1-2-1-3">
                                                         <td class="text-left">
                                                            <div data-original-title="Control what response giver can view" data-placement="top" data-toggle="tooltip" title="">
                                                               Response
                                                            Giver
                                                            </div>
                                                         </td>
                                                         <td>
                                                            <input checked="checked" class="visibilityCheckbox answerCheckbox centered" name="receiverLeaderCheckbox" type="checkbox" value="GIVER"/>
                                                                                                                     </td>
                                                         <td>
                                                            <input class="visibilityCheckbox giverCheckbox" type="checkbox" value="GIVER"/>
                                                                                                                     </td>
                                                      </tr>
                                                      <tr id="response-recipient-1-2-1-3">
                                                         <td class="text-left">
                                                            <div data-original-title="Control what response recipient(s) can view" data-placement="top" data-toggle="tooltip" title="">
                                                               Response
                                                            Recipient(s)
                                                            </div>
                                                         </td>
                                                         <td>
                                                            <input checked="checked" class="visibilityCheckbox answerCheckbox centered" name="receiverLeaderCheckbox" type="checkbox" value="RECEIVER"/>
                                                                                                                     </td>
                                                         <td>
                                                            <input class="visibilityCheckbox giverCheckbox" type="checkbox" value="RECEIVER"/>
                                                                                                                     </td>
                                                      </tr>
                                                      <tr id="response-recipient-team-1-2-1-3">
                                                         <td class="text-left">
                                                            <div data-original-title="Control what team members of response recipient(s) can view" data-placement="top" data-toggle="tooltip" title="">
                                                               Response
                                                            Recipient's
                                                            Team Members
                                                            </div>
                                                         </td>
                                                         <td>
                                                            <input class="visibilityCheckbox answerCheckbox" type="checkbox" value="RECEIVER_TEAM_MEMBERS"/>
                                                                                                                     </td>
                                                         <td>
                                                            <input checked="checked" class="visibilityCheckbox giverCheckbox" type="checkbox" value="RECEIVER_TEAM_MEMBERS"/>
                                                                                                                     </td>
                                                      </tr>
                                                      <tr id="response-students-1-2-1-3">
                                                         <td class="text-left">
                                                            <div data-original-title="Control what other students in this course can view" data-placement="top" data-toggle="tooltip" title="">
                                                               Other
                                                            students in
                                                            this course
                                                            </div>
                                                         </td>
                                                         <td>
                                                            <input checked="checked" class="visibilityCheckbox answerCheckbox" type="checkbox" value="STUDENTS"/>
                                                                                                                     </td>
                                                         <td>
                                                            <input class="visibilityCheckbox giverCheckbox" type="checkbox" value="STUDENTS"/>
                                                                                                                     </td>
                                                      </tr>
                                                      <tr id="response-instructors-1-2-1-3">
                                                         <td class="text-left">
                                                            <div data-original-title="Control what instructors can view" data-placement="top" data-toggle="tooltip" title="">
                                                               Instructors
                                                            </div>
                                                         </td>
                                                         <td>
                                                            <input checked="checked" class="visibilityCheckbox answerCheckbox" type="checkbox" value="INSTRUCTORS"/>
                                                                                                                     </td>
                                                         <td>
                                                            <input checked="checked" class="visibilityCheckbox giverCheckbox" type="checkbox" value="INSTRUCTORS"/>
                                                                                                                     </td>
                                                      </tr>
                                                   </tbody>
                                                </table>
                                             </div>
                                             <textarea class="form-control" id="responsecommenttext-1-2-1-3" name="responsecommenttext" placeholder="Your comment about this response" rows="3">
                                                Instructor 2 comment to feedback Question 2 (Student 3 see this as anonymous comment)
                                             </textarea>
                                          </div>
                                          <div class="col-sm-offset-5">
                                             <a class="btn btn-primary" href="/page/instructorFeedbackResponseCommentEdit" id="button_save_comment_for_edit-1-2-1-3">
                                                Save
                                             </a>
                                             <input class="btn btn-default" onclick="return hideResponseCommentEditForm(1,2,1,3);" type="button" value="Cancel"/>
                                                                                       </div>
                                          <input name="responseid" type="hidden" value="{*}"/>
                                                                                    <input name="responsecommentid" type="hidden" value="{*}"/>
                                                                                    <input name="courseid" type="hidden" value="comments.idOfTypicalCourse1"/>
                                                                                    <input name="fsname" type="hidden" value="comments.First feedback session"/>
                                                                                    <input name="user" type="hidden" value="comments.idOfInstructor1OfCourse1"/>
                                                                                    <input name="showresponsecommentsto" type="hidden" value="GIVER, RECEIVER, STUDENTS, INSTRUCTORS"/>
                                                                                    <input name="showresponsegiverto" type="hidden" value="INSTRUCTORS, RECEIVER_TEAM_MEMBERS"/>
                                                                                 </form>
                                    </li>
                                    <li class="list-group-item list-group-item-warning" id="showResponseCommentAddForm-1-2-1" style="display: none;">
                                       <form class="responseCommentAddForm">
                                          <div class="form-group">
                                             <div class="form-group form-inline">
                                                <div class="form-group text-muted">
                                                   You may change comment's
                                            visibility using the
                                            visibility options on the
                                            right hand side.
                                                </div>
                                                <a class="btn btn-sm btn-info pull-right" id="frComment-visibility-options-trigger-1-2-1" onclick="toggleVisibilityEditForm(1,2,1)">
                                                   <span class="glyphicon glyphicon-eye-close">
                                                   </span>
                                                   Show Visibility Options
                                                </a>
                                             </div>
                                             <div class="panel panel-default" id="visibility-options-1-2-1" style="display: none;">
                                                <div class="panel-heading">
                                                   Visibility
                                            Options
                                                </div>
                                                <table class="table text-center" style="color: #000;">
                                                   <tbody>
                                                      <tr>
                                                         <th class="text-center">
                                                            User/Group
                                                         </th>
                                                         <th class="text-center">
                                                            Can
                                                        see your comment
                                                         </th>
                                                         <th class="text-center">
                                                            Can
                                                        see your name
                                                         </th>
                                                      </tr>
                                                      <tr id="response-giver-1-2-1">
                                                         <td class="text-left">
                                                            <div data-original-title="Control what response giver can view" data-placement="top" data-toggle="tooltip" title="">
                                                               Response
                                                            Giver
                                                            </div>
                                                         </td>
                                                         <td>
                                                            <input checked="checked" class="visibilityCheckbox answerCheckbox centered" name="receiverLeaderCheckbox" type="checkbox" value="GIVER"/>
                                                                                                                     </td>
                                                         <td>
                                                            <input checked="checked" class="visibilityCheckbox giverCheckbox" type="checkbox" value="GIVER"/>
                                                                                                                     </td>
                                                      </tr>
                                                      <tr id="response-recipient-1-2-1">
                                                         <td class="text-left">
                                                            <div data-original-title="Control what response recipient(s) can view" data-placement="top" data-toggle="tooltip" title="">
                                                               Response
                                                            Recipient(s)
                                                            </div>
                                                         </td>
                                                         <td>
                                                            <input checked="checked" class="visibilityCheckbox answerCheckbox centered" name="receiverLeaderCheckbox" type="checkbox" value="RECEIVER"/>
                                                                                                                     </td>
                                                         <td>
                                                            <input checked="checked" class="visibilityCheckbox giverCheckbox" type="checkbox" value="RECEIVER"/>
                                                                                                                     </td>
                                                      </tr>
                                                      <tr id="response-recipient-team-1-2-1">
                                                         <td class="text-left">
                                                            <div data-original-title="Control what team members of response recipient(s) can view" data-placement="top" data-toggle="tooltip" title="">
                                                               Response
                                                            Recipient's
                                                            Team Members
                                                            </div>
                                                         </td>
                                                         <td>
                                                            <input checked="checked" class="visibilityCheckbox answerCheckbox" type="checkbox" value="RECEIVER_TEAM_MEMBERS"/>
                                                                                                                     </td>
                                                         <td>
                                                            <input checked="checked" class="visibilityCheckbox giverCheckbox" type="checkbox" value="RECEIVER_TEAM_MEMBERS"/>
                                                                                                                     </td>
                                                      </tr>
                                                      <tr id="response-students-1-2-1">
                                                         <td class="text-left">
                                                            <div data-original-title="Control what other students in this course can view" data-placement="top" data-toggle="tooltip" title="">
                                                               Other
                                                            students in
                                                            this course
                                                            </div>
                                                         </td>
                                                         <td>
                                                            <input checked="checked" class="visibilityCheckbox answerCheckbox" type="checkbox" value="STUDENTS"/>
                                                                                                                     </td>
                                                         <td>
                                                            <input checked="checked" class="visibilityCheckbox giverCheckbox" type="checkbox" value="STUDENTS"/>
                                                                                                                     </td>
                                                      </tr>
                                                      <tr id="response-instructors-1-2-1">
                                                         <td class="text-left">
                                                            <div data-original-title="Control what instructors can view" data-placement="top" data-toggle="tooltip" title="">
                                                               Instructors
                                                            </div>
                                                         </td>
                                                         <td>
                                                            <input checked="checked" class="visibilityCheckbox answerCheckbox" type="checkbox" value="INSTRUCTORS"/>
                                                                                                                     </td>
                                                         <td>
                                                            <input checked="checked" class="visibilityCheckbox giverCheckbox" type="checkbox" value="INSTRUCTORS"/>
                                                                                                                     </td>
                                                      </tr>
                                                   </tbody>
                                                </table>
                                             </div>
                                             <textarea class="form-control" id="responseCommentAddForm-1-2-1" name="responsecommenttext" placeholder="Your comment about this response" rows="3">
                                             </textarea>
                                          </div>
                                          <div class="col-sm-offset-5">
                                             <a class="btn btn-primary" href="/page/instructorFeedbackResponseCommentAdd" id="button_save_comment_for_add-1-2-1">
                                                Save
                                             </a>
                                             <input class="btn btn-default" onclick="hideResponseCommentAddForm(1,2,1)" type="button" value="Cancel"/>
                                                                                          <input name="courseid" type="hidden" value="comments.idOfTypicalCourse1"/>
                                                                                          <input name="fsname" type="hidden" value="comments.First feedback session"/>
                                                                                          <input name="questionid" type="hidden" value="{*}"/>
                                                                                          <input name="responseid" type="hidden" value="{*}"/>
                                                                                          <input name="user" type="hidden" value="comments.idOfInstructor1OfCourse1"/>
                                                                                          <input name="showresponsecommentsto" type="hidden" value="GIVER,INSTRUCTORS, RECEIVER, RECEIVER_TEAM_MEMBERS, STUDENTS"/>
                                                                                          <input name="showresponsegiverto" type="hidden" value="GIVER,INSTRUCTORS, RECEIVER, RECEIVER_TEAM_MEMBERS, STUDENTS"/>
                                                                                       </div>
                                       </form>
                                    </li>
                                 </ul>
                              </td>
                           </tr>
                        </tbody>
                     </table>
                  </div>
               </div>
            </div>
         </div>
      </div>
      <ul class="pagination">
         <li>
            <a href="javascript:;">
               Â«
            </a>
         </li>
         <li class="active">
            <a href="/page/instructorCommentsPage?user=comments.idOfInstructor1OfCourse1&courseid=comments.idOfTypicalCourse1">
               comments.idOfTypicalCourse1
            </a>
         </li>
         <li>
            <a href="javascript:;">
               Â»
            </a>
         </li>
      </ul>
   </div>

</expected]>> but was:<<[actual>
   <div class="container" id="frameBodyWrapper">
      <div id="topOfPage">
      </div>
      <div class="inner-container">
         <div class="row">
            <div class="col-sm-6">
               <h1>
                  Comments from Instructors
               </h1>
            </div>
            <div class="col-sm-6 instructor-header-bar">
               <form action="/page/instructorSearchPage?user=comments.idOfInstructor1OfCourse1" method="get" name="search_form">
                  <div class="input-group">
                     <input class="form-control" id="searchBox" name="searchkey" placeholder="Any info related to comments" title="Search for comment" type="text"/>
                                          <span class="input-group-btn">
                        <button class="btn btn-default" id="buttonSearch" type="submit" value="Search">
                           Search
                        </button>
                     </span>
                  </div>
                  <input name="searchcommentforstudents" type="hidden" value="true"/>
                                    <input name="searchcommentforresponses" type="hidden" value="true"/>
                                    <input name="user" type="hidden" value="comments.idOfInstructor1OfCourse1"/>
                                 </form>
            </div>
         </div>
      </div>
      <br/>
            <div id="statusMessage" style="display: none;">
      </div>
      <div class="well well-plain">
         <div class="row">
            <div class="col-md-2">
               <div class="checkbox">
                  <input id="option-check" type="checkbox"/>
                                    <label for="option-check">
                     Show More
                                Options
                  </label>
               </div>
            </div>
            <div class="col-md-3">
               <div class="checkbox">
                  <input id="displayArchivedCourses_check" type="checkbox"/>
                                    <label for="displayArchivedCourses_check">
                     Include
                                Archived Courses
                  </label>
                  <div id="displayArchivedCourses_link" style="display:none;">
                     <a href="/page/instructorCommentsPage?user=comments.idOfInstructor1OfCourse1">
                        link back to the page
                     </a>
                  </div>
               </div>
            </div>
         </div>
         <div class="row">
            <div class="well well-plain" id="more-options">
               <form class="form-horizontal" role="form">
                  <div class="row">
                     <div class="col-sm-4">
                        <div class="text-color-primary">
                           <strong>
                              Show comments for:
                           </strong>
                        </div>
                        <br/>
                                                <div class="checkbox">
                           <input checked="checked" id="panel_all" type="checkbox"/>
                                                      <label for="panel_all">
                              <strong>
                                 All
                              </strong>
                           </label>
                        </div>
                        <br/>
                                                <div class="checkbox">
                           <input checked="checked" id="panel_check-1" type="checkbox"/>
                                                      <label for="panel_check-1">
                              Students
                           </label>
                        </div>
                        <div class="checkbox">
                           <input checked="checked" id="panel_check-2" type="checkbox"/>
                                                      <label for="panel_check-2">
                              Session: comments.First feedback session
                           </label>
                        </div>
                     </div>
                     <div class="col-sm-4">
                        <div class="text-color-primary">
                           <strong>
                              Show comments from:
                           </strong>
                        </div>
                        <br/>
                                                <div class="checkbox">
                           <input checked="checked" id="giver_all" type="checkbox" value=""/>
                                                      <label for="giver_all">
                              <strong>
                                 All
                              </strong>
                           </label>
                        </div>
                        <br/>
                                                <div class="checkbox">
                           <input checked="checked" id="giver_check-by-you" type="checkbox"/>
                                                      <label for="giver_check-by-you">
                              You
                           </label>
                        </div>
                        <div class="checkbox">
                           <input checked="checked" id="giver_check-by-others" type="checkbox"/>
                                                      <label for="giver_check-by-others">
                              Others
                           </label>
                        </div>
                     </div>
                     <div class="col-sm-4">
                        <div class="text-color-primary">
                           <strong>
                              Show comments with status:
                           </strong>
                        </div>
                        <br/>
                                                <div class="checkbox">
                           <input checked="checked" id="status_all" type="checkbox" value=""/>
                                                      <label for="status_all">
                              <strong>
                                 All
                              </strong>
                           </label>
                        </div>
                        <br/>
                                                <div class="checkbox">
                           <input checked="checked" id="status_check-public" type="checkbox"/>
                                                      <label for="status_check-public">
                              Public
                           </label>
                        </div>
                        <div class="checkbox">
                           <input checked="checked" id="status_check-private" type="checkbox"/>
                                                      <label for="status_check-private">
                              Private
                           </label>
                        </div>
                     </div>
                  </div>
               </form>
            </div>
         </div>
      </div>
      <ul class="pagination">
         <li>
            <a href="javascript:;">
               Â«
            </a>
         </li>
         <li class="active">
            <a href="/page/instructorCommentsPage?user=comments.idOfInstructor1OfCourse1&courseid=comments.idOfTypicalCourse1">
               comments.idOfTypicalCourse1
            </a>
         </li>
         <li>
            <a href="javascript:;">
               Â»
            </a>
         </li>
      </ul>
      <div class="well well-plain">
         <div class="row">
            <h4 class="col-sm-9 text-color-primary">
               <strong>
                  comments.idOfTypicalCourse1 : Typical Course 1 with 2 Evals
               </strong>
            </h4>
            <div class="btn-group pull-right" style="display:none">
               <a class="btn btn-sm btn-info" data-original-title="Send email notification to 0 recipient(s) of comments pending notification" data-toggle="tooltip" href="/page/instructorStudentCommentClearPending?courseid=comments.idOfTypicalCourse1&user=comments.idOfInstructor1OfCourse1" style="margin-right: 17px;" title="" type="button">
                  <span class="badge" style="margin-right: 5px">
                     0
                  </span>
                  <span class="glyphicon glyphicon-comment">
                  </span>
                  <span class="glyphicon glyphicon-arrow-right">
                  </span>
                  <span class="glyphicon glyphicon-envelope">
                  </span>
               </a>
            </div>
         </div>
         <div id="no-comment-panel" style="display:none;">
            <br/>
                        <div class="panel">
               <div class="panel-body">
                  You don't have any comment in this course.
               </div>
            </div>
         </div>
         <div id="panel_display-1">
            <br/>
                        <div class="panel panel-primary">
               <div class="panel-heading">
                  <strong>
                     Comments for students
                  </strong>
               </div>
               <div class="panel-body">
                  <div class="panel panel-info student-record-comments giver_display-by-you">
                     <div class="panel-heading">
                        From
                        <b>
                           You
                        </b>
                     </div>
                     <ul class="list-group comments">
                        <li class="list-group-item list-group-item-warning status_display-public" id="6040338925879296">
                           <form action="/page/instructorStudentCommentEdit" class="form_comment" id="form_commentedit-1" method="post" name="form_commentedit">
                              <div id="commentBar-1">
                                 <span class="text-muted">
                                    To
                                    <b>
                                       Team 1.1
                                    </b>
                                    on
                                                07 May 2012, 08:54
                                 </span>
                                 <a class="btn btn-default btn-xs icon-button pull-right" data-original-title="Delete this comment" data-placement="top" data-toggle="tooltip" id="commentdelete-1" onclick="return deleteComment('1');" style="display: none;" title="" type="button">
                                    <span class="glyphicon glyphicon-trash glyphicon-primary">
                                    </span>
                                 </a>
                                 <a class="btn btn-default btn-xs icon-button pull-right" data-original-title="Edit this comment" data-placement="top" data-toggle="tooltip" id="commentedit-1" onclick="return enableEdit('1');" style="display: none;" title="" type="button">
                                    <span class="glyphicon glyphicon-pencil glyphicon-primary">
                                    </span>
                                 </a>
                                 <span class="glyphicon glyphicon-eye-open" data-original-title="This comment is visible to recipient team" data-placement="top" data-toggle="tooltip" style="margin-left: 5px;" title="">
                                 </span>
                              </div>
                              <div id="plainCommentText1" style="margin-left: 15px;">
                                 team can see this comment without giver's name
                              </div>
                              <div id="commentTextEdit1" style="display: none;">
                                 <div class="form-group form-inline">
                                    <div class="form-group text-muted">
                                       You may change comment's visibility using the visibility options on the right hand side.
                                    </div>
                                    <a class="btn btn-sm btn-info pull-right" id="visibility-options-trigger1">
                                       <span class="glyphicon glyphicon-eye-close">
                                       </span>
                                       Show Visibility Options
                                    </a>
                                 </div>
                                 <div class="panel panel-default" id="visibility-options1" style="display: none;">
                                    <div class="panel-heading">
                                       Visibility Options
                                    </div>
                                    <table class="table text-center text-color-black">
                                       <tbody>
                                          <tr>
                                             <th class="text-center">
                                                User/Group
                                             </th>
                                             <th class="text-center">
                                                Can see
                                                                your comment
                                             </th>
                                             <th class="text-center">
                                                Can see
                                                                giver's name
                                             </th>
                                             <th class="text-center">
                                                Can see
                                                                recipient's name
                                             </th>
                                          </tr>
                                          <tr id="recipient-team1">
                                             <td class="text-left">
                                                <div data-original-title="Control what team members of comment recipients can view" data-placement="top" data-toggle="tooltip" title="">
                                                   Recipient Team
                                                </div>
                                             </td>
                                             <td>
                                                <input checked="checked" class="visibilityCheckbox answerCheckbox" type="checkbox" value="TEAM"/>
                                                                                             </td>
                                             <td>
                                                <input class="visibilityCheckbox giverCheckbox" type="checkbox" value="TEAM"/>
                                                                                             </td>
                                             <td>
                                                <input class="visibilityCheckbox recipientCheckbox" disabled="disabled" type="checkbox" value="TEAM"/>
                                                                                             </td>
                                          </tr>
                                          <tr id="recipient-section1">
                                             <td class="text-left">
                                                <div data-original-title="Control what students in the same section can view" data-placement="top" data-toggle="tooltip" title="">
                                                   Recipient's Section
                                                </div>
                                             </td>
                                             <td>
                                                <input class="visibilityCheckbox answerCheckbox" type="checkbox" value="SECTION"/>
                                                                                             </td>
                                             <td>
                                                <input class="visibilityCheckbox giverCheckbox" type="checkbox" value="SECTION"/>
                                                                                             </td>
                                             <td>
                                                <input class="visibilityCheckbox recipientCheckbox" type="checkbox" value="SECTION"/>
                                                                                             </td>
                                          </tr>
                                          <tr id="recipient-course1">
                                             <td class="text-left">
                                                <div data-original-title="Control what other students in this course can view" data-placement="top" data-toggle="tooltip" title="">
                                                   Other students in this course
                                                </div>
                                             </td>
                                             <td>
                                                <input class="visibilityCheckbox answerCheckbox" type="checkbox" value="COURSE"/>
                                                                                             </td>
                                             <td>
                                                <input class="visibilityCheckbox giverCheckbox" type="checkbox" value="COURSE"/>
                                                                                             </td>
                                             <td>
                                                <input class="visibilityCheckbox recipientCheckbox" type="checkbox" value="COURSE"/>
                                                                                             </td>
                                          </tr>
                                          <tr>
                                             <td class="text-left">
                                                <div data-original-title="Control what instructors can view" data-placement="top" data-toggle="tooltip" title="">
                                                   Instructors
                                                </div>
                                             </td>
                                             <td>
                                                <input class="visibilityCheckbox answerCheckbox" type="checkbox" value="INSTRUCTOR"/>
                                                                                             </td>
                                             <td>
                                                <input class="visibilityCheckbox giverCheckbox" type="checkbox" value="INSTRUCTOR"/>
                                                                                             </td>
                                             <td>
                                                <input class="visibilityCheckbox recipientCheckbox" type="checkbox" value="INSTRUCTOR"/>
                                                                                             </td>
                                          </tr>
                                       </tbody>
                                    </table>
                                 </div>
                                 <div class="form-group">
                                    <textarea class="form-control" id="commentText1" name="commenttext" placeholder="Your comment about this student" rows="3">
                                       team can see this comment without giver's name
                                    </textarea>
                                 </div>
                                 <div class="col-sm-offset-5">
                                    <input class="btn btn-primary" id="commentsave-1" onclick="return submitCommentForm('1');" title="Save comment" type="submit" value="Save"/>
                                                                        <input class="btn btn-default" onclick="return disableComment('1');" type="button" value="Cancel"/>
                                                                     </div>
                              </div>
                              <input id="commentedittype-1" name="commentedittype" type="hidden" value="edit"/>
                                                            <input name="commentid" type="hidden" value="6040338925879296"/>
                                                            <input name="courseid" type="hidden" value="comments.idOfTypicalCourse1"/>
                                                            <input name="commentpage" type="hidden" value="true"/>
                                                            <input name="showcommentsto" type="hidden" value="TEAM"/>
                                                            <input name="showgiverto" type="hidden" value=""/>
                                                            <input name="showrecipientto" type="hidden" value=""/>
                                                            <input name="user" type="hidden" value="comments.idOfInstructor1OfCourse1"/>
                                                         </form>
                        </li>
                        <li class="list-group-item list-group-item-warning status_display-public" id="6673657623478272">
                           <form action="/page/instructorStudentCommentEdit" class="form_comment" id="form_commentedit-2" method="post" name="form_commentedit">
                              <div id="commentBar-2">
                                 <span class="text-muted">
                                    To
                                    <b>
                                       student1 In Course1
                                    </b>
                                    (Team 1.1,
                                    <a href="mailto:comments.student1InCourse1@gmail.tmt">
                                       comments.student1InCourse1@gmail.tmt
                                    </a>
                                    ) on
                                                06 May 2012, 08:55
                                 </span>
                                 <a class="btn btn-default btn-xs icon-button pull-right" data-original-title="Delete this comment" data-placement="top" data-toggle="tooltip" id="commentdelete-2" onclick="return deleteComment('2');" style="display: none;" title="" type="button">
                                    <span class="glyphicon glyphicon-trash glyphicon-primary">
                                    </span>
                                 </a>
                                 <a class="btn btn-default btn-xs icon-button pull-right" data-original-title="Edit this comment" data-placement="top" data-toggle="tooltip" id="commentedit-2" onclick="return enableEdit('2');" style="display: none;" title="" type="button">
                                    <span class="glyphicon glyphicon-pencil glyphicon-primary">
                                    </span>
                                 </a>
                                 <span class="glyphicon glyphicon-eye-open" data-original-title="This comment is visible to other students in this course" data-placement="top" data-toggle="tooltip" style="margin-left: 5px;" title="">
                                 </span>
                              </div>
                              <div id="plainCommentText2" style="margin-left: 15px;">
                                 Other students in this course can see this comment without giver and recipient's name
                              </div>
                              <div id="commentTextEdit2" style="display: none;">
                                 <div class="form-group form-inline">
                                    <div class="form-group text-muted">
                                       You may change comment's visibility using the visibility options on the right hand side.
                                    </div>
                                    <a class="btn btn-sm btn-info pull-right" id="visibility-options-trigger2">
                                       <span class="glyphicon glyphicon-eye-close">
                                       </span>
                                       Show Visibility Options
                                    </a>
                                 </div>
                                 <div class="panel panel-default" id="visibility-options2" style="display: none;">
                                    <div class="panel-heading">
                                       Visibility Options
                                    </div>
                                    <table class="table text-center text-color-black">
                                       <tbody>
                                          <tr>
                                             <th class="text-center">
                                                User/Group
                                             </th>
                                             <th class="text-center">
                                                Can see
                                                                your comment
                                             </th>
                                             <th class="text-center">
                                                Can see
                                                                giver's name
                                             </th>
                                             <th class="text-center">
                                                Can see
                                                                recipient's name
                                             </th>
                                          </tr>
                                          <tr id="recipient-person2">
                                             <td class="text-left">
                                                <div data-original-title="Control what comment recipient(s) can view" data-placement="top" data-toggle="tooltip" title="">
                                                   Recipient(s)
                                                </div>
                                             </td>
                                             <td>
                                                <input class="visibilityCheckbox answerCheckbox" type="checkbox" value="PERSON"/>
                                                                                             </td>
                                             <td>
                                                <input class="visibilityCheckbox giverCheckbox" type="checkbox" value="PERSON"/>
                                                                                             </td>
                                             <td>
                                                <input class="visibilityCheckbox recipientCheckbox" disabled="disabled" name="receiverFollowerCheckbox" type="checkbox" value="PERSON"/>
                                                                                             </td>
                                          </tr>
                                          <tr id="recipient-team2">
                                             <td class="text-left">
                                                <div data-original-title="Control what team members of comment recipients can view" data-placement="top" data-toggle="tooltip" title="">
                                                   Recipient's Team
                                                </div>
                                             </td>
                                             <td>
                                                <input class="visibilityCheckbox answerCheckbox" type="checkbox" value="TEAM"/>
                                                                                             </td>
                                             <td>
                                                <input class="visibilityCheckbox giverCheckbox" type="checkbox" value="TEAM"/>
                                                                                             </td>
                                             <td>
                                                <input class="visibilityCheckbox recipientCheckbox" type="checkbox" value="TEAM"/>
                                                                                             </td>
                                          </tr>
                                          <tr id="recipient-section2">
                                             <td class="text-left">
                                                <div data-original-title="Control what students in the same section can view" data-placement="top" data-toggle="tooltip" title="">
                                                   Recipient's Section
                                                </div>
                                             </td>
                                             <td>
                                                <input class="visibilityCheckbox answerCheckbox" type="checkbox" value="SECTION"/>
                                                                                             </td>
                                             <td>
                                                <input class="visibilityCheckbox giverCheckbox" type="checkbox" value="SECTION"/>
                                                                                             </td>
                                             <td>
                                                <input class="visibilityCheckbox recipientCheckbox" type="checkbox" value="SECTION"/>
                                                                                             </td>
                                          </tr>
                                          <tr id="recipient-course2">
                                             <td class="text-left">
                                                <div data-original-title="Control what other students in this course can view" data-placement="top" data-toggle="tooltip" title="">
                                                   Other students in this course
                                                </div>
                                             </td>
                                             <td>
                                                <input checked="checked" class="visibilityCheckbox answerCheckbox" type="checkbox" value="COURSE"/>
                                                                                             </td>
                                             <td>
                                                <input class="visibilityCheckbox giverCheckbox" type="checkbox" value="COURSE"/>
                                                                                             </td>
                                             <td>
                                                <input class="visibilityCheckbox recipientCheckbox" type="checkbox" value="COURSE"/>
                                                                                             </td>
                                          </tr>
                                          <tr>
                                             <td class="text-left">
                                                <div data-original-title="Control what instructors can view" data-placement="top" data-toggle="tooltip" title="">
                                                   Instructors
                                                </div>
                                             </td>
                                             <td>
                                                <input class="visibilityCheckbox answerCheckbox" type="checkbox" value="INSTRUCTOR"/>
                                                                                             </td>
                                             <td>
                                                <input class="visibilityCheckbox giverCheckbox" type="checkbox" value="INSTRUCTOR"/>
                                                                                             </td>
                                             <td>
                                                <input class="visibilityCheckbox recipientCheckbox" type="checkbox" value="INSTRUCTOR"/>
                                                                                             </td>
                                          </tr>
                                       </tbody>
                                    </table>
                                 </div>
                                 <div class="form-group">
                                    <textarea class="form-control" id="commentText2" name="commenttext" placeholder="Your comment about this student" rows="3">
                                       Other students in this course can see this comment without giver and recipient's name
                                    </textarea>
                                 </div>
                                 <div class="col-sm-offset-5">
                                    <input class="btn btn-primary" id="commentsave-2" onclick="return submitCommentForm('2');" title="Save comment" type="submit" value="Save"/>
                                                                        <input class="btn btn-default" onclick="return disableComment('2');" type="button" value="Cancel"/>
                                                                     </div>
                              </div>
                              <input id="commentedittype-2" name="commentedittype" type="hidden" value="edit"/>
                                                            <input name="commentid" type="hidden" value="6673657623478272"/>
                                                            <input name="courseid" type="hidden" value="comments.idOfTypicalCourse1"/>
                                                            <input name="commentpage" type="hidden" value="true"/>
                                                            <input name="showcommentsto" type="hidden" value="COURSE"/>
                                                            <input name="showgiverto" type="hidden" value=""/>
                                                            <input name="showrecipientto" type="hidden" value=""/>
                                                            <input name="user" type="hidden" value="comments.idOfInstructor1OfCourse1"/>
                                                         </form>
                        </li>
                        <li class="list-group-item list-group-item-warning status_display-public" id="5547757716635648">
                           <form action="/page/instructorStudentCommentEdit" class="form_comment" id="form_commentedit-3" method="post" name="form_commentedit">
                              <div id="commentBar-3">
                                 <span class="text-muted">
                                    To
                                    <b>
                                       Team 1.1
                                    </b>
                                    on
                                                05 May 2012, 08:53
                                 </span>
                                 <a class="btn btn-default btn-xs icon-button pull-right" data-original-title="Delete this comment" data-placement="top" data-toggle="tooltip" id="commentdelete-3" onclick="return deleteComment('3');" style="display: none;" title="" type="button">
                                    <span class="glyphicon glyphicon-trash glyphicon-primary">
                                    </span>
                                 </a>
                                 <a class="btn btn-default btn-xs icon-button pull-right" data-original-title="Edit this comment" data-placement="top" data-toggle="tooltip" id="commentedit-3" onclick="return enableEdit('3');" style="display: none;" title="" type="button">
                                    <span class="glyphicon glyphicon-pencil glyphicon-primary">
                                    </span>
                                 </a>
                                 <span class="glyphicon glyphicon-eye-open" data-original-title="This comment is visible to recipient team" data-placement="top" data-toggle="tooltip" style="margin-left: 5px;" title="">
                                 </span>
                              </div>
                              <div id="plainCommentText3" style="margin-left: 15px;">
                                 team can see this comment with giver and recipient's name
                              </div>
                              <div id="commentTextEdit3" style="display: none;">
                                 <div class="form-group form-inline">
                                    <div class="form-group text-muted">
                                       You may change comment's visibility using the visibility options on the right hand side.
                                    </div>
                                    <a class="btn btn-sm btn-info pull-right" id="visibility-options-trigger3">
                                       <span class="glyphicon glyphicon-eye-close">
                                       </span>
                                       Show Visibility Options
                                    </a>
                                 </div>
                                 <div class="panel panel-default" id="visibility-options3" style="display: none;">
                                    <div class="panel-heading">
                                       Visibility Options
                                    </div>
                                    <table class="table text-center text-color-black">
                                       <tbody>
                                          <tr>
                                             <th class="text-center">
                                                User/Group
                                             </th>
                                             <th class="text-center">
                                                Can see
                                                                your comment
                                             </th>
                                             <th class="text-center">
                                                Can see
                                                                giver's name
                                             </th>
                                             <th class="text-center">
                                                Can see
                                                                recipient's name
                                             </th>
                                          </tr>
                                          <tr id="recipient-team3">
                                             <td class="text-left">
                                                <div data-original-title="Control what team members of comment recipients can view" data-placement="top" data-toggle="tooltip" title="">
                                                   Recipient Team
                                                </div>
                                             </td>
                                             <td>
                                                <input checked="checked" class="visibilityCheckbox answerCheckbox" type="checkbox" value="TEAM"/>
                                                                                             </td>
                                             <td>
                                                <input checked="checked" class="visibilityCheckbox giverCheckbox" type="checkbox" value="TEAM"/>
                                                                                             </td>
                                             <td>
                                                <input class="visibilityCheckbox recipientCheckbox" disabled="disabled" type="checkbox" value="TEAM"/>
                                                                                             </td>
                                          </tr>
                                          <tr id="recipient-section3">
                                             <td class="text-left">
                                                <div data-original-title="Control what students in the same section can view" data-placement="top" data-toggle="tooltip" title="">
                                                   Recipient's Section
                                                </div>
                                             </td>
                                             <td>
                                                <input class="visibilityCheckbox answerCheckbox" type="checkbox" value="SECTION"/>
                                                                                             </td>
                                             <td>
                                                <input class="visibilityCheckbox giverCheckbox" type="checkbox" value="SECTION"/>
                                                                                             </td>
                                             <td>
                                                <input class="visibilityCheckbox recipientCheckbox" type="checkbox" value="SECTION"/>
                                                                                             </td>
                                          </tr>
                                          <tr id="recipient-course3">
                                             <td class="text-left">
                                                <div data-original-title="Control what other students in this course can view" data-placement="top" data-toggle="tooltip" title="">
                                                   Other students in this course
                                                </div>
                                             </td>
                                             <td>
                                                <input class="visibilityCheckbox answerCheckbox" type="checkbox" value="COURSE"/>
                                                                                             </td>
                                             <td>
                                                <input class="visibilityCheckbox giverCheckbox" type="checkbox" value="COURSE"/>
                                                                                             </td>
                                             <td>
                                                <input class="visibilityCheckbox recipientCheckbox" type="checkbox" value="COURSE"/>
                                                                                             </td>
                                          </tr>
                                          <tr>
                                             <td class="text-left">
                                                <div data-original-title="Control what instructors can view" data-placement="top" data-toggle="tooltip" title="">
                                                   Instructors
                                                </div>
                                             </td>
                                             <td>
                                                <input class="visibilityCheckbox answerCheckbox" type="checkbox" value="INSTRUCTOR"/>
                                                                                             </td>
                                             <td>
                                                <input class="visibilityCheckbox giverCheckbox" type="checkbox" value="INSTRUCTOR"/>
                                                                                             </td>
                                             <td>
                                                <input class="visibilityCheckbox recipientCheckbox" type="checkbox" value="INSTRUCTOR"/>
                                                                                             </td>
                                          </tr>
                                       </tbody>
                                    </table>
                                 </div>
                                 <div class="form-group">
                                    <textarea class="form-control" id="commentText3" name="commenttext" placeholder="Your comment about this student" rows="3">
                                       team can see this comment with giver and recipient's name
                                    </textarea>
                                 </div>
                                 <div class="col-sm-offset-5">
                                    <input class="btn btn-primary" id="commentsave-3" onclick="return submitCommentForm('3');" title="Save comment" type="submit" value="Save"/>
                                                                        <input class="btn btn-default" onclick="return disableComment('3');" type="button" value="Cancel"/>
                                                                     </div>
                              </div>
                              <input id="commentedittype-3" name="commentedittype" type="hidden" value="edit"/>
                                                            <input name="commentid" type="hidden" value="5547757716635648"/>
                                                            <input name="courseid" type="hidden" value="comments.idOfTypicalCourse1"/>
                                                            <input name="commentpage" type="hidden" value="true"/>
                                                            <input name="showcommentsto" type="hidden" value="TEAM"/>
                                                            <input name="showgiverto" type="hidden" value="TEAM"/>
                                                            <input name="showrecipientto" type="hidden" value=""/>
                                                            <input name="user" type="hidden" value="comments.idOfInstructor1OfCourse1"/>
                                                         </form>
                        </li>
                        <li class="list-group-item list-group-item-warning status_display-public" id="4773701530681344">
                           <form action="/page/instructorStudentCommentEdit" class="form_comment" id="form_commentedit-4" method="post" name="form_commentedit">
                              <div id="commentBar-4">
                                 <span class="text-muted">
                                    To
                                    <b>
                                       student1 In Course1
                                    </b>
                                    (Team 1.1,
                                    <a href="mailto:comments.student1InCourse1@gmail.tmt">
                                       comments.student1InCourse1@gmail.tmt
                                    </a>
                                    ) on
                                                04 May 2012, 08:52
                                 </span>
                                 <a class="btn btn-default btn-xs icon-button pull-right" data-original-title="Delete this comment" data-placement="top" data-toggle="tooltip" id="commentdelete-4" onclick="return deleteComment('4');" style="display: none;" title="" type="button">
                                    <span class="glyphicon glyphicon-trash glyphicon-primary">
                                    </span>
                                 </a>
                                 <a class="btn btn-default btn-xs icon-button pull-right" data-original-title="Edit this comment" data-placement="top" data-toggle="tooltip" id="commentedit-4" onclick="return enableEdit('4');" style="display: none;" title="" type="button">
                                    <span class="glyphicon glyphicon-pencil glyphicon-primary">
                                    </span>
                                 </a>
                                 <span class="glyphicon glyphicon-eye-open" data-original-title="This comment is visible to recipient's team" data-placement="top" data-toggle="tooltip" style="margin-left: 5px;" title="">
                                 </span>
                              </div>
                              <div id="plainCommentText4" style="margin-left: 15px;">
                                 teammates can see this comment without giver and recipient's name
                              </div>
                              <div id="commentTextEdit4" style="display: none;">
                                 <div class="form-group form-inline">
                                    <div class="form-group text-muted">
                                       You may change comment's visibility using the visibility options on the right hand side.
                                    </div>
                                    <a class="btn btn-sm btn-info pull-right" id="visibility-options-trigger4">
                                       <span class="glyphicon glyphicon-eye-close">
                                       </span>
                                       Show Visibility Options
                                    </a>
                                 </div>
                                 <div class="panel panel-default" id="visibility-options4" style="display: none;">
                                    <div class="panel-heading">
                                       Visibility Options
                                    </div>
                                    <table class="table text-center text-color-black">
                                       <tbody>
                                          <tr>
                                             <th class="text-center">
                                                User/Group
                                             </th>
                                             <th class="text-center">
                                                Can see
                                                                your comment
                                             </th>
                                             <th class="text-center">
                                                Can see
                                                                giver's name
                                             </th>
                                             <th class="text-center">
                                                Can see
                                                                recipient's name
                                             </th>
                                          </tr>
                                          <tr id="recipient-person4">
                                             <td class="text-left">
                                                <div data-original-title="Control what comment recipient(s) can view" data-placement="top" data-toggle="tooltip" title="">
                                                   Recipient(s)
                                                </div>
                                             </td>
                                             <td>
                                                <input class="visibilityCheckbox answerCheckbox" type="checkbox" value="PERSON"/>
                                                                                             </td>
                                             <td>
                                                <input class="visibilityCheckbox giverCheckbox" type="checkbox" value="PERSON"/>
                                                                                             </td>
                                             <td>
                                                <input class="visibilityCheckbox recipientCheckbox" disabled="disabled" name="receiverFollowerCheckbox" type="checkbox" value="PERSON"/>
                                                                                             </td>
                                          </tr>
                                          <tr id="recipient-team4">
                                             <td class="text-left">
                                                <div data-original-title="Control what team members of comment recipients can view" data-placement="top" data-toggle="tooltip" title="">
                                                   Recipient's Team
                                                </div>
                                             </td>
                                             <td>
                                                <input checked="checked" class="visibilityCheckbox answerCheckbox" type="checkbox" value="TEAM"/>
                                                                                             </td>
                                             <td>
                                                <input class="visibilityCheckbox giverCheckbox" type="checkbox" value="TEAM"/>
                                                                                             </td>
                                             <td>
                                                <input class="visibilityCheckbox recipientCheckbox" type="checkbox" value="TEAM"/>
                                                                                             </td>
                                          </tr>
                                          <tr id="recipient-section4">
                                             <td class="text-left">
                                                <div data-original-title="Control what students in the same section can view" data-placement="top" data-toggle="tooltip" title="">
                                                   Recipient's Section
                                                </div>
                                             </td>
                                             <td>
                                                <input class="visibilityCheckbox answerCheckbox" type="checkbox" value="SECTION"/>
                                                                                             </td>
                                             <td>
                                                <input class="visibilityCheckbox giverCheckbox" type="checkbox" value="SECTION"/>
                                                                                             </td>
                                             <td>
                                                <input class="visibilityCheckbox recipientCheckbox" type="checkbox" value="SECTION"/>
                                                                                             </td>
                                          </tr>
                                          <tr id="recipient-course4">
                                             <td class="text-left">
                                                <div data-original-title="Control what other students in this course can view" data-placement="top" data-toggle="tooltip" title="">
                                                   Other students in this course
                                                </div>
                                             </td>
                                             <td>
                                                <input class="visibilityCheckbox answerCheckbox" type="checkbox" value="COURSE"/>
                                                                                             </td>
                                             <td>
                                                <input class="visibilityCheckbox giverCheckbox" type="checkbox" value="COURSE"/>
                                                                                             </td>
                                             <td>
                                                <input class="visibilityCheckbox recipientCheckbox" type="checkbox" value="COURSE"/>
                                                                                             </td>
                                          </tr>
                                          <tr>
                                             <td class="text-left">
                                                <div data-original-title="Control what instructors can view" data-placement="top" data-toggle="tooltip" title="">
                                                   Instructors
                                                </div>
                                             </td>
                                             <td>
                                                <input class="visibilityCheckbox answerCheckbox" type="checkbox" value="INSTRUCTOR"/>
                                                                                             </td>
                                             <td>
                                                <input class="visibilityCheckbox giverCheckbox" type="checkbox" value="INSTRUCTOR"/>
                                                                                             </td>
                                             <td>
                                                <input class="visibilityCheckbox recipientCheckbox" type="checkbox" value="INSTRUCTOR"/>
                                                                                             </td>
                                          </tr>
                                       </tbody>
                                    </table>
                                 </div>
                                 <div class="form-group">
                                    <textarea class="form-control" id="commentText4" name="commenttext" placeholder="Your comment about this student" rows="3">
                                       teammates can see this comment without giver and recipient's name
                                    </textarea>
                                 </div>
                                 <div class="col-sm-offset-5">
                                    <input class="btn btn-primary" id="commentsave-4" onclick="return submitCommentForm('4');" title="Save comment" type="submit" value="Save"/>
                                                                        <input class="btn btn-default" onclick="return disableComment('4');" type="button" value="Cancel"/>
                                                                     </div>
                              </div>
                              <input id="commentedittype-4" name="commentedittype" type="hidden" value="edit"/>
                                                            <input name="commentid" type="hidden" value="4773701530681344"/>
                                                            <input name="courseid" type="hidden" value="comments.idOfTypicalCourse1"/>
                                                            <input name="commentpage" type="hidden" value="true"/>
                                                            <input name="showcommentsto" type="hidden" value="TEAM"/>
                                                            <input name="showgiverto" type="hidden" value=""/>
                                                            <input name="showrecipientto" type="hidden" value=""/>
                                                            <input name="user" type="hidden" value="comments.idOfInstructor1OfCourse1"/>
                                                         </form>
                        </li>
                        <li class="list-group-item list-group-item-warning status_display-public" id="4914439019036672">
                           <form action="/page/instructorStudentCommentEdit" class="form_comment" id="form_commentedit-5" method="post" name="form_commentedit">
                              <div id="commentBar-5">
                                 <span class="text-muted">
                                    To
                                    <b>
                                       student1 In Course1
                                    </b>
                                    (Team 1.1,
                                    <a href="mailto:comments.student1InCourse1@gmail.tmt">
                                       comments.student1InCourse1@gmail.tmt
                                    </a>
                                    ) on
                                                03 May 2012, 08:51
                                 </span>
                                 <a class="btn btn-default btn-xs icon-button pull-right" data-original-title="Delete this comment" data-placement="top" data-toggle="tooltip" id="commentdelete-5" onclick="return deleteComment('5');" style="display: none;" title="" type="button">
                                    <span class="glyphicon glyphicon-trash glyphicon-primary">
                                    </span>
                                 </a>
                                 <a class="btn btn-default btn-xs icon-button pull-right" data-original-title="Edit this comment" data-placement="top" data-toggle="tooltip" id="commentedit-5" onclick="return enableEdit('5');" style="display: none;" title="" type="button">
                                    <span class="glyphicon glyphicon-pencil glyphicon-primary">
                                    </span>
                                 </a>
                                 <span class="glyphicon glyphicon-eye-open" data-original-title="This comment is visible to recipient's team" data-placement="top" data-toggle="tooltip" style="margin-left: 5px;" title="">
                                 </span>
                              </div>
                              <div id="plainCommentText5" style="margin-left: 15px;">
                                 teammates can see this comment with giver and recipient's name
                              </div>
                              <div id="commentTextEdit5" style="display: none;">
                                 <div class="form-group form-inline">
                                    <div class="form-group text-muted">
                                       You may change comment's visibility using the visibility options on the right hand side.
                                    </div>
                                    <a class="btn btn-sm btn-info pull-right" id="visibility-options-trigger5">
                                       <span class="glyphicon glyphicon-eye-close">
                                       </span>
                                       Show Visibility Options
                                    </a>
                                 </div>
                                 <div class="panel panel-default" id="visibility-options5" style="display: none;">
                                    <div class="panel-heading">
                                       Visibility Options
                                    </div>
                                    <table class="table text-center text-color-black">
                                       <tbody>
                                          <tr>
                                             <th class="text-center">
                                                User/Group
                                             </th>
                                             <th class="text-center">
                                                Can see
                                                                your comment
                                             </th>
                                             <th class="text-center">
                                                Can see
                                                                giver's name
                                             </th>
                                             <th class="text-center">
                                                Can see
                                                                recipient's name
                                             </th>
                                          </tr>
                                          <tr id="recipient-person5">
                                             <td class="text-left">
                                                <div data-original-title="Control what comment recipient(s) can view" data-placement="top" data-toggle="tooltip" title="">
                                                   Recipient(s)
                                                </div>
                                             </td>
                                             <td>
                                                <input class="visibilityCheckbox answerCheckbox" type="checkbox" value="PERSON"/>
                                                                                             </td>
                                             <td>
                                                <input class="visibilityCheckbox giverCheckbox" type="checkbox" value="PERSON"/>
                                                                                             </td>
                                             <td>
                                                <input class="visibilityCheckbox recipientCheckbox" disabled="disabled" name="receiverFollowerCheckbox" type="checkbox" value="PERSON"/>
                                                                                             </td>
                                          </tr>
                                          <tr id="recipient-team5">
                                             <td class="text-left">
                                                <div data-original-title="Control what team members of comment recipients can view" data-placement="top" data-toggle="tooltip" title="">
                                                   Recipient's Team
                                                </div>
                                             </td>
                                             <td>
                                                <input checked="checked" class="visibilityCheckbox answerCheckbox" type="checkbox" value="TEAM"/>
                                                                                             </td>
                                             <td>
                                                <input checked="checked" class="visibilityCheckbox giverCheckbox" type="checkbox" value="TEAM"/>
                                                                                             </td>
                                             <td>
                                                <input checked="checked" class="visibilityCheckbox recipientCheckbox" type="checkbox" value="TEAM"/>
                                                                                             </td>
                                          </tr>
                                          <tr id="recipient-section5">
                                             <td class="text-left">
                                                <div data-original-title="Control what students in the same section can view" data-placement="top" data-toggle="tooltip" title="">
                                                   Recipient's Section
                                                </div>
                                             </td>
                                             <td>
                                                <input class="visibilityCheckbox answerCheckbox" type="checkbox" value="SECTION"/>
                                                                                             </td>
                                             <td>
                                                <input class="visibilityCheckbox giverCheckbox" type="checkbox" value="SECTION"/>
                                                                                             </td>
                                             <td>
                                                <input class="visibilityCheckbox recipientCheckbox" type="checkbox" value="SECTION"/>
                                                                                             </td>
                                          </tr>
                                          <tr id="recipient-course5">
                                             <td class="text-left">
                                                <div data-original-title="Control what other students in this course can view" data-placement="top" data-toggle="tooltip" title="">
                                                   Other students in this course
                                                </div>
                                             </td>
                                             <td>
                                                <input class="visibilityCheckbox answerCheckbox" type="checkbox" value="COURSE"/>
                                                                                             </td>
                                             <td>
                                                <input class="visibilityCheckbox giverCheckbox" type="checkbox" value="COURSE"/>
                                                                                             </td>
                                             <td>
                                                <input class="visibilityCheckbox recipientCheckbox" type="checkbox" value="COURSE"/>
                                                                                             </td>
                                          </tr>
                                          <tr>
                                             <td class="text-left">
                                                <div data-original-title="Control what instructors can view" data-placement="top" data-toggle="tooltip" title="">
                                                   Instructors
                                                </div>
                                             </td>
                                             <td>
                                                <input class="visibilityCheckbox answerCheckbox" type="checkbox" value="INSTRUCTOR"/>
                                                                                             </td>
                                             <td>
                                                <input class="visibilityCheckbox giverCheckbox" type="checkbox" value="INSTRUCTOR"/>
                                                                                             </td>
                                             <td>
                                                <input class="visibilityCheckbox recipientCheckbox" type="checkbox" value="INSTRUCTOR"/>
                                                                                             </td>
                                          </tr>
                                       </tbody>
                                    </table>
                                 </div>
                                 <div class="form-group">
                                    <textarea class="form-control" id="commentText5" name="commenttext" placeholder="Your comment about this student" rows="3">
                                       teammates can see this comment with giver and recipient's name
                                    </textarea>
                                 </div>
                                 <div class="col-sm-offset-5">
                                    <input class="btn btn-primary" id="commentsave-5" onclick="return submitCommentForm('5');" title="Save comment" type="submit" value="Save"/>
                                                                        <input class="btn btn-default" onclick="return disableComment('5');" type="button" value="Cancel"/>
                                                                     </div>
                              </div>
                              <input id="commentedittype-5" name="commentedittype" type="hidden" value="edit"/>
                                                            <input name="commentid" type="hidden" value="4914439019036672"/>
                                                            <input name="courseid" type="hidden" value="comments.idOfTypicalCourse1"/>
                                                            <input name="commentpage" type="hidden" value="true"/>
                                                            <input name="showcommentsto" type="hidden" value="TEAM"/>
                                                            <input name="showgiverto" type="hidden" value="TEAM"/>
                                                            <input name="showrecipientto" type="hidden" value="TEAM"/>
                                                            <input name="user" type="hidden" value="comments.idOfInstructor1OfCourse1"/>
                                                         </form>
                        </li>
                        <li class="list-group-item list-group-item-warning status_display-public" id="5477388972457984">
                           <form action="/page/instructorStudentCommentEdit" class="form_comment" id="form_commentedit-6" method="post" name="form_commentedit">
                              <div id="commentBar-6">
                                 <span class="text-muted">
                                    To
                                    <b>
                                       student1 In Course1
                                    </b>
                                    (Team 1.1,
                                    <a href="mailto:comments.student1InCourse1@gmail.tmt">
                                       comments.student1InCourse1@gmail.tmt
                                    </a>
                                    ) on
                                                02 May 2012, 08:50
                                 </span>
                                 <a class="btn btn-default btn-xs icon-button pull-right" data-original-title="Delete this comment" data-placement="top" data-toggle="tooltip" id="commentdelete-6" onclick="return deleteComment('6');" style="display: none;" title="" type="button">
                                    <span class="glyphicon glyphicon-trash glyphicon-primary">
                                    </span>
                                 </a>
                                 <a class="btn btn-default btn-xs icon-button pull-right" data-original-title="Edit this comment" data-placement="top" data-toggle="tooltip" id="commentedit-6" onclick="return enableEdit('6');" style="display: none;" title="" type="button">
                                    <span class="glyphicon glyphicon-pencil glyphicon-primary">
                                    </span>
                                 </a>
                                 <span class="glyphicon glyphicon-eye-open" data-original-title="This comment is visible to recipient" data-placement="top" data-toggle="tooltip" style="margin-left: 5px;" title="">
                                 </span>
                              </div>
                              <div id="plainCommentText6" style="margin-left: 15px;">
                                 recipient can see this comment without giver's name
                              </div>
                              <div id="commentTextEdit6" style="display: none;">
                                 <div class="form-group form-inline">
                                    <div class="form-group text-muted">
                                       You may change comment's visibility using the visibility options on the right hand side.
                                    </div>
                                    <a class="btn btn-sm btn-info pull-right" id="visibility-options-trigger6">
                                       <span class="glyphicon glyphicon-eye-close">
                                       </span>
                                       Show Visibility Options
                                    </a>
                                 </div>
                                 <div class="panel panel-default" id="visibility-options6" style="display: none;">
                                    <div class="panel-heading">
                                       Visibility Options
                                    </div>
                                    <table class="table text-center text-color-black">
                                       <tbody>
                                          <tr>
                                             <th class="text-center">
                                                User/Group
                                             </th>
                                             <th class="text-center">
                                                Can see
                                                                your comment
                                             </th>
                                             <th class="text-center">
                                                Can see
                                                                giver's name
                                             </th>
                                             <th class="text-center">
                                                Can see
                                                                recipient's name
                                             </th>
                                          </tr>
                                          <tr id="recipient-person6">
                                             <td class="text-left">
                                                <div data-original-title="Control what comment recipient(s) can view" data-placement="top" data-toggle="tooltip" title="">
                                                   Recipient(s)
                                                </div>
                                             </td>
                                             <td>
                                                <input checked="checked" class="visibilityCheckbox answerCheckbox" type="checkbox" value="PERSON"/>
                                                                                             </td>
                                             <td>
                                                <input class="visibilityCheckbox giverCheckbox" type="checkbox" value="PERSON"/>
                                                                                             </td>
                                             <td>
                                                <input class="visibilityCheckbox recipientCheckbox" disabled="disabled" name="receiverFollowerCheckbox" type="checkbox" value="PERSON"/>
                                                                                             </td>
                                          </tr>
                                          <tr id="recipient-team6">
                                             <td class="text-left">
                                                <div data-original-title="Control what team members of comment recipients can view" data-placement="top" data-toggle="tooltip" title="">
                                                   Recipient's Team
                                                </div>
                                             </td>
                                             <td>
                                                <input class="visibilityCheckbox answerCheckbox" type="checkbox" value="TEAM"/>
                                                                                             </td>
                                             <td>
                                                <input class="visibilityCheckbox giverCheckbox" type="checkbox" value="TEAM"/>
                                                                                             </td>
                                             <td>
                                                <input class="visibilityCheckbox recipientCheckbox" type="checkbox" value="TEAM"/>
                                                                                             </td>
                                          </tr>
                                          <tr id="recipient-section6">
                                             <td class="text-left">
                                                <div data-original-title="Control what students in the same section can view" data-placement="top" data-toggle="tooltip" title="">
                                                   Recipient's Section
                                                </div>
                                             </td>
                                             <td>
                                                <input class="visibilityCheckbox answerCheckbox" type="checkbox" value="SECTION"/>
                                                                                             </td>
                                             <td>
                                                <input class="visibilityCheckbox giverCheckbox" type="checkbox" value="SECTION"/>
                                                                                             </td>
                                             <td>
                                                <input class="visibilityCheckbox recipientCheckbox" type="checkbox" value="SECTION"/>
                                                                                             </td>
                                          </tr>
                                          <tr id="recipient-course6">
                                             <td class="text-left">
                                                <div data-original-title="Control what other students in this course can view" data-placement="top" data-toggle="tooltip" title="">
                                                   Other students in this course
                                                </div>
                                             </td>
                                             <td>
                                                <input class="visibilityCheckbox answerCheckbox" type="checkbox" value="COURSE"/>
                                                                                             </td>
                                             <td>
                                                <input class="visibilityCheckbox giverCheckbox" type="checkbox" value="COURSE"/>
                                                                                             </td>
                                             <td>
                                                <input class="visibilityCheckbox recipientCheckbox" type="checkbox" value="COURSE"/>
                                                                                             </td>
                                          </tr>
                                          <tr>
                                             <td class="text-left">
                                                <div data-original-title="Control what instructors can view" data-placement="top" data-toggle="tooltip" title="">
                                                   Instructors
                                                </div>
                                             </td>
                                             <td>
                                                <input class="visibilityCheckbox answerCheckbox" type="checkbox" value="INSTRUCTOR"/>
                                                                                             </td>
                                             <td>
                                                <input class="visibilityCheckbox giverCheckbox" type="checkbox" value="INSTRUCTOR"/>
                                                                                             </td>
                                             <td>
                                                <input class="visibilityCheckbox recipientCheckbox" type="checkbox" value="INSTRUCTOR"/>
                                                                                             </td>
                                          </tr>
                                       </tbody>
                                    </table>
                                 </div>
                                 <div class="form-group">
                                    <textarea class="form-control" id="commentText6" name="commenttext" placeholder="Your comment about this student" rows="3">
                                       recipient can see this comment without giver's name
                                    </textarea>
                                 </div>
                                 <div class="col-sm-offset-5">
                                    <input class="btn btn-primary" id="commentsave-6" onclick="return submitCommentForm('6');" title="Save comment" type="submit" value="Save"/>
                                                                        <input class="btn btn-default" onclick="return disableComment('6');" type="button" value="Cancel"/>
                                                                     </div>
                              </div>
                              <input id="commentedittype-6" name="commentedittype" type="hidden" value="edit"/>
                                                            <input name="commentid" type="hidden" value="5477388972457984"/>
                                                            <input name="courseid" type="hidden" value="comments.idOfTypicalCourse1"/>
                                                            <input name="commentpage" type="hidden" value="true"/>
                                                            <input name="showcommentsto" type="hidden" value="PERSON"/>
                                                            <input name="showgiverto" type="hidden" value=""/>
                                                            <input name="showrecipientto" type="hidden" value=""/>
                                                            <input name="user" type="hidden" value="comments.idOfInstructor1OfCourse1"/>
                                                         </form>
                        </li>
                        <li class="list-group-item list-group-item-warning status_display-public" id="5758863949168640">
                           <form action="/page/instructorStudentCommentEdit" class="form_comment" id="form_commentedit-7" method="post" name="form_commentedit">
                              <div id="commentBar-7">
                                 <span class="text-muted">
                                    To
                                    <b>
                                       student1 In Course1
                                    </b>
                                    (Team 1.1,
                                    <a href="mailto:comments.student1InCourse1@gmail.tmt">
                                       comments.student1InCourse1@gmail.tmt
                                    </a>
                                    ) on
                                                01 May 2012, 08:49
                                 </span>
                                 <a class="btn btn-default btn-xs icon-button pull-right" data-original-title="Delete this comment" data-placement="top" data-toggle="tooltip" id="commentdelete-7" onclick="return deleteComment('7');" style="display: none;" title="" type="button">
                                    <span class="glyphicon glyphicon-trash glyphicon-primary">
                                    </span>
                                 </a>
                                 <a class="btn btn-default btn-xs icon-button pull-right" data-original-title="Edit this comment" data-placement="top" data-toggle="tooltip" id="commentedit-7" onclick="return enableEdit('7');" style="display: none;" title="" type="button">
                                    <span class="glyphicon glyphicon-pencil glyphicon-primary">
                                    </span>
                                 </a>
                                 <span class="glyphicon glyphicon-eye-open" data-original-title="This comment is visible to recipient" data-placement="top" data-toggle="tooltip" style="margin-left: 5px;" title="">
                                 </span>
                              </div>
                              <div id="plainCommentText7" style="margin-left: 15px;">
                                 recipient can see this comment with giver and recipient's name
                              </div>
                              <div id="commentTextEdit7" style="display: none;">
                                 <div class="form-group form-inline">
                                    <div class="form-group text-muted">
                                       You may change comment's visibility using the visibility options on the right hand side.
                                    </div>
                                    <a class="btn btn-sm btn-info pull-right" id="visibility-options-trigger7">
                                       <span class="glyphicon glyphicon-eye-close">
                                       </span>
                                       Show Visibility Options
                                    </a>
                                 </div>
                                 <div class="panel panel-default" id="visibility-options7" style="display: none;">
                                    <div class="panel-heading">
                                       Visibility Options
                                    </div>
                                    <table class="table text-center text-color-black">
                                       <tbody>
                                          <tr>
                                             <th class="text-center">
                                                User/Group
                                             </th>
                                             <th class="text-center">
                                                Can see
                                                                your comment
                                             </th>
                                             <th class="text-center">
                                                Can see
                                                                giver's name
                                             </th>
                                             <th class="text-center">
                                                Can see
                                                                recipient's name
                                             </th>
                                          </tr>
                                          <tr id="recipient-person7">
                                             <td class="text-left">
                                                <div data-original-title="Control what comment recipient(s) can view" data-placement="top" data-toggle="tooltip" title="">
                                                   Recipient(s)
                                                </div>
                                             </td>
                                             <td>
                                                <input checked="checked" class="visibilityCheckbox answerCheckbox" type="checkbox" value="PERSON"/>
                                                                                             </td>
                                             <td>
                                                <input checked="checked" class="visibilityCheckbox giverCheckbox" type="checkbox" value="PERSON"/>
                                                                                             </td>
                                             <td>
                                                <input class="visibilityCheckbox recipientCheckbox" disabled="disabled" name="receiverFollowerCheckbox" type="checkbox" value="PERSON"/>
                                                                                             </td>
                                          </tr>
                                          <tr id="recipient-team7">
                                             <td class="text-left">
                                                <div data-original-title="Control what team members of comment recipients can view" data-placement="top" data-toggle="tooltip" title="">
                                                   Recipient's Team
                                                </div>
                                             </td>
                                             <td>
                                                <input class="visibilityCheckbox answerCheckbox" type="checkbox" value="TEAM"/>
                                                                                             </td>
                                             <td>
                                                <input class="visibilityCheckbox giverCheckbox" type="checkbox" value="TEAM"/>
                                                                                             </td>
                                             <td>
                                                <input class="visibilityCheckbox recipientCheckbox" type="checkbox" value="TEAM"/>
                                                                                             </td>
                                          </tr>
                                          <tr id="recipient-section7">
                                             <td class="text-left">
                                                <div data-original-title="Control what students in the same section can view" data-placement="top" data-toggle="tooltip" title="">
                                                   Recipient's Section
                                                </div>
                                             </td>
                                             <td>
                                                <input class="visibilityCheckbox answerCheckbox" type="checkbox" value="SECTION"/>
                                                                                             </td>
                                             <td>
                                                <input class="visibilityCheckbox giverCheckbox" type="checkbox" value="SECTION"/>
                                                                                             </td>
                                             <td>
                                                <input class="visibilityCheckbox recipientCheckbox" type="checkbox" value="SECTION"/>
                                                                                             </td>
                                          </tr>
                                          <tr id="recipient-course7">
                                             <td class="text-left">
                                                <div data-original-title="Control what other students in this course can view" data-placement="top" data-toggle="tooltip" title="">
                                                   Other students in this course
                                                </div>
                                             </td>
                                             <td>
                                                <input class="visibilityCheckbox answerCheckbox" type="checkbox" value="COURSE"/>
                                                                                             </td>
                                             <td>
                                                <input class="visibilityCheckbox giverCheckbox" type="checkbox" value="COURSE"/>
                                                                                             </td>
                                             <td>
                                                <input class="visibilityCheckbox recipientCheckbox" type="checkbox" value="COURSE"/>
                                                                                             </td>
                                          </tr>
                                          <tr>
                                             <td class="text-left">
                                                <div data-original-title="Control what instructors can view" data-placement="top" data-toggle="tooltip" title="">
                                                   Instructors
                                                </div>
                                             </td>
                                             <td>
                                                <input class="visibilityCheckbox answerCheckbox" type="checkbox" value="INSTRUCTOR"/>
                                                                                             </td>
                                             <td>
                                                <input class="visibilityCheckbox giverCheckbox" type="checkbox" value="INSTRUCTOR"/>
                                                                                             </td>
                                             <td>
                                                <input class="visibilityCheckbox recipientCheckbox" type="checkbox" value="INSTRUCTOR"/>
                                                                                             </td>
                                          </tr>
                                       </tbody>
                                    </table>
                                 </div>
                                 <div class="form-group">
                                    <textarea class="form-control" id="commentText7" name="commenttext" placeholder="Your comment about this student" rows="3">
                                       recipient can see this comment with giver and recipient's name
                                    </textarea>
                                 </div>
                                 <div class="col-sm-offset-5">
                                    <input class="btn btn-primary" id="commentsave-7" onclick="return submitCommentForm('7');" title="Save comment" type="submit" value="Save"/>
                                                                        <input class="btn btn-default" onclick="return disableComment('7');" type="button" value="Cancel"/>
                                                                     </div>
                              </div>
                              <input id="commentedittype-7" name="commentedittype" type="hidden" value="edit"/>
                                                            <input name="commentid" type="hidden" value="5758863949168640"/>
                                                            <input name="courseid" type="hidden" value="comments.idOfTypicalCourse1"/>
                                                            <input name="commentpage" type="hidden" value="true"/>
                                                            <input name="showcommentsto" type="hidden" value="PERSON"/>
                                                            <input name="showgiverto" type="hidden" value="PERSON"/>
                                                            <input name="showrecipientto" type="hidden" value=""/>
                                                            <input name="user" type="hidden" value="comments.idOfInstructor1OfCourse1"/>
                                                         </form>
                        </li>
                        <li class="list-group-item list-group-item-warning status_display-private" id="5195913995747328">
                           <form action="/page/instructorStudentCommentEdit" class="form_comment" id="form_commentedit-8" method="post" name="form_commentedit">
                              <div id="commentBar-8">
                                 <span class="text-muted">
                                    To
                                    <b>
                                       student1 In Course1
                                    </b>
                                    (Team 1.1,
                                    <a href="mailto:comments.student1InCourse1@gmail.tmt">
                                       comments.student1InCourse1@gmail.tmt
                                    </a>
                                    ) on
                                                01 Apr 2012, 23:59
                                 </span>
                                 <a class="btn btn-default btn-xs icon-button pull-right" data-original-title="Delete this comment" data-placement="top" data-toggle="tooltip" id="commentdelete-8" onclick="return deleteComment('8');" style="display: none;" title="" type="button">
                                    <span class="glyphicon glyphicon-trash glyphicon-primary">
                                    </span>
                                 </a>
                                 <a class="btn btn-default btn-xs icon-button pull-right" data-original-title="Edit this comment" data-placement="top" data-toggle="tooltip" id="commentedit-8" onclick="return enableEdit('8');" style="display: none;" title="" type="button">
                                    <span class="glyphicon glyphicon-pencil glyphicon-primary">
                                    </span>
                                 </a>
                              </div>
                              <div id="plainCommentText8" style="margin-left: 15px;">
                                 private comment
                              </div>
                              <div id="commentTextEdit8" style="display: none;">
                                 <div class="form-group form-inline">
                                    <div class="form-group text-muted">
                                       You may change comment's visibility using the visibility options on the right hand side.
                                    </div>
                                    <a class="btn btn-sm btn-info pull-right" id="visibility-options-trigger8">
                                       <span class="glyphicon glyphicon-eye-close">
                                       </span>
                                       Show Visibility Options
                                    </a>
                                 </div>
                                 <div class="panel panel-default" id="visibility-options8" style="display: none;">
                                    <div class="panel-heading">
                                       Visibility Options
                                    </div>
                                    <table class="table text-center text-color-black">
                                       <tbody>
                                          <tr>
                                             <th class="text-center">
                                                User/Group
                                             </th>
                                             <th class="text-center">
                                                Can see
                                                                your comment
                                             </th>
                                             <th class="text-center">
                                                Can see
                                                                giver's name
                                             </th>
                                             <th class="text-center">
                                                Can see
                                                                recipient's name
                                             </th>
                                          </tr>
                                          <tr id="recipient-person8">
                                             <td class="text-left">
                                                <div data-original-title="Control what comment recipient(s) can view" data-placement="top" data-toggle="tooltip" title="">
                                                   Recipient(s)
                                                </div>
                                             </td>
                                             <td>
                                                <input class="visibilityCheckbox answerCheckbox" type="checkbox" value="PERSON"/>
                                                                                             </td>
                                             <td>
                                                <input class="visibilityCheckbox giverCheckbox" type="checkbox" value="PERSON"/>
                                                                                             </td>
                                             <td>
                                                <input class="visibilityCheckbox recipientCheckbox" disabled="disabled" name="receiverFollowerCheckbox" type="checkbox" value="PERSON"/>
                                                                                             </td>
                                          </tr>
                                          <tr id="recipient-team8">
                                             <td class="text-left">
                                                <div data-original-title="Control what team members of comment recipients can view" data-placement="top" data-toggle="tooltip" title="">
                                                   Recipient's Team
                                                </div>
                                             </td>
                                             <td>
                                                <input class="visibilityCheckbox answerCheckbox" type="checkbox" value="TEAM"/>
                                                                                             </td>
                                             <td>
                                                <input class="visibilityCheckbox giverCheckbox" type="checkbox" value="TEAM"/>
                                                                                             </td>
                                             <td>
                                                <input class="visibilityCheckbox recipientCheckbox" type="checkbox" value="TEAM"/>
                                                                                             </td>
                                          </tr>
                                          <tr id="recipient-section8">
                                             <td class="text-left">
                                                <div data-original-title="Control what students in the same section can view" data-placement="top" data-toggle="tooltip" title="">
                                                   Recipient's Section
                                                </div>
                                             </td>
                                             <td>
                                                <input class="visibilityCheckbox answerCheckbox" type="checkbox" value="SECTION"/>
                                                                                             </td>
                                             <td>
                                                <input class="visibilityCheckbox giverCheckbox" type="checkbox" value="SECTION"/>
                                                                                             </td>
                                             <td>
                                                <input class="visibilityCheckbox recipientCheckbox" type="checkbox" value="SECTION"/>
                                                                                             </td>
                                          </tr>
                                          <tr id="recipient-course8">
                                             <td class="text-left">
                                                <div data-original-title="Control what other students in this course can view" data-placement="top" data-toggle="tooltip" title="">
                                                   Other students in this course
                                                </div>
                                             </td>
                                             <td>
                                                <input class="visibilityCheckbox answerCheckbox" type="checkbox" value="COURSE"/>
                                                                                             </td>
                                             <td>
                                                <input class="visibilityCheckbox giverCheckbox" type="checkbox" value="COURSE"/>
                                                                                             </td>
                                             <td>
                                                <input class="visibilityCheckbox recipientCheckbox" type="checkbox" value="COURSE"/>
                                                                                             </td>
                                          </tr>
                                          <tr>
                                             <td class="text-left">
                                                <div data-original-title="Control what instructors can view" data-placement="top" data-toggle="tooltip" title="">
                                                   Instructors
                                                </div>
                                             </td>
                                             <td>
                                                <input class="visibilityCheckbox answerCheckbox" type="checkbox" value="INSTRUCTOR"/>
                                                                                             </td>
                                             <td>
                                                <input class="visibilityCheckbox giverCheckbox" type="checkbox" value="INSTRUCTOR"/>
                                                                                             </td>
                                             <td>
                                                <input class="visibilityCheckbox recipientCheckbox" type="checkbox" value="INSTRUCTOR"/>
                                                                                             </td>
                                          </tr>
                                       </tbody>
                                    </table>
                                 </div>
                                 <div class="form-group">
                                    <textarea class="form-control" id="commentText8" name="commenttext" placeholder="Your comment about this student" rows="3">
                                       private comment
                                    </textarea>
                                 </div>
                                 <div class="col-sm-offset-5">
                                    <input class="btn btn-primary" id="commentsave-8" onclick="return submitCommentForm('8');" title="Save comment" type="submit" value="Save"/>
                                                                        <input class="btn btn-default" onclick="return disableComment('8');" type="button" value="Cancel"/>
                                                                     </div>
                              </div>
                              <input id="commentedittype-8" name="commentedittype" type="hidden" value="edit"/>
                                                            <input name="commentid" type="hidden" value="5195913995747328"/>
                                                            <input name="courseid" type="hidden" value="comments.idOfTypicalCourse1"/>
                                                            <input name="commentpage" type="hidden" value="true"/>
                                                            <input name="showcommentsto" type="hidden" value=""/>
                                                            <input name="showgiverto" type="hidden" value=""/>
                                                            <input name="showrecipientto" type="hidden" value=""/>
                                                            <input name="user" type="hidden" value="comments.idOfInstructor1OfCourse1"/>
                                                         </form>
                        </li>
                     </ul>
                  </div>
                  <div class="panel panel-info student-record-comments giver_display-by-others">
                     <div class="panel-heading">
                        From
                        <b>
                           Anonymous
                        </b>
                     </div>
                     <ul class="list-group comments">
                        <li class="list-group-item list-group-item-warning status_display-public" id="4632964042326016">
                           <form action="/page/instructorStudentCommentEdit" class="form_comment" id="form_commentedit-9" method="post" name="form_commentedit">
                              <div id="commentBar-9">
                                 <span class="text-muted">
                                    To
                                    <b>
                                       Anonymous
                                    </b>
                                    on
                                                02 Jun 2012, 19:21
                                 </span>
                                 <a class="btn btn-default btn-xs icon-button pull-right" data-original-title="Delete this comment" data-placement="top" data-toggle="tooltip" id="commentdelete-9" onclick="return deleteComment('9');" style="display: none;" title="" type="button">
                                    <span class="glyphicon glyphicon-trash glyphicon-primary">
                                    </span>
                                 </a>
                                 <a class="btn btn-default btn-xs icon-button pull-right" data-original-title="Edit this comment" data-placement="top" data-toggle="tooltip" id="commentedit-9" onclick="return enableEdit('9');" style="display: none;" title="" type="button">
                                    <span class="glyphicon glyphicon-pencil glyphicon-primary">
                                    </span>
                                 </a>
                                 <span class="glyphicon glyphicon-eye-open" data-original-title="This comment is visible to instructors" data-placement="top" data-toggle="tooltip" style="margin-left: 5px;" title="">
                                 </span>
                              </div>
                              <div id="plainCommentText9" style="margin-left: 15px;">
                                 Other instructors in this course can see this comment without names
                              </div>
                              <div id="commentTextEdit9" style="display: none;">
                                 <div class="form-group form-inline">
                                    <div class="form-group text-muted">
                                       You may change comment's visibility using the visibility options on the right hand side.
                                    </div>
                                    <a class="btn btn-sm btn-info pull-right" id="visibility-options-trigger9">
                                       <span class="glyphicon glyphicon-eye-close">
                                       </span>
                                       Show Visibility Options
                                    </a>
                                 </div>
                                 <div class="panel panel-default" id="visibility-options9" style="display: none;">
                                    <div class="panel-heading">
                                       Visibility Options
                                    </div>
                                    <table class="table text-center text-color-black">
                                       <tbody>
                                          <tr>
                                             <th class="text-center">
                                                User/Group
                                             </th>
                                             <th class="text-center">
                                                Can see
                                                                your comment
                                             </th>
                                             <th class="text-center">
                                                Can see
                                                                giver's name
                                             </th>
                                             <th class="text-center">
                                                Can see
                                                                recipient's name
                                             </th>
                                          </tr>
                                          <tr id="recipient-course9">
                                             <td class="text-left">
                                                <div data-original-title="Control what other students in this course can view" data-placement="top" data-toggle="tooltip" title="">
                                                   Students in this course
                                                </div>
                                             </td>
                                             <td>
                                                <input class="visibilityCheckbox answerCheckbox" type="checkbox" value="COURSE"/>
                                                                                             </td>
                                             <td>
                                                <input class="visibilityCheckbox giverCheckbox" type="checkbox" value="COURSE"/>
                                                                                             </td>
                                             <td>
                                                <input class="visibilityCheckbox recipientCheckbox" disabled="disabled" type="checkbox" value="COURSE"/>
                                                                                             </td>
                                          </tr>
                                          <tr>
                                             <td class="text-left">
                                                <div data-original-title="Control what instructors can view" data-placement="top" data-toggle="tooltip" title="">
                                                   Instructors
                                                </div>
                                             </td>
                                             <td>
                                                <input checked="checked" class="visibilityCheckbox answerCheckbox" type="checkbox" value="INSTRUCTOR"/>
                                                                                             </td>
                                             <td>
                                                <input class="visibilityCheckbox giverCheckbox" type="checkbox" value="INSTRUCTOR"/>
                                                                                             </td>
                                             <td>
                                                <input class="visibilityCheckbox recipientCheckbox" type="checkbox" value="INSTRUCTOR"/>
                                                                                             </td>
                                          </tr>
                                       </tbody>
                                    </table>
                                 </div>
                                 <div class="form-group">
                                    <textarea class="form-control" id="commentText9" name="commenttext" placeholder="Your comment about this student" rows="3">
                                       Other instructors in this course can see this comment without names
                                    </textarea>
                                 </div>
                                 <div class="col-sm-offset-5">
                                    <input class="btn btn-primary" id="commentsave-9" onclick="return submitCommentForm('9');" title="Save comment" type="submit" value="Save"/>
                                                                        <input class="btn btn-default" onclick="return disableComment('9');" type="button" value="Cancel"/>
                                                                     </div>
                              </div>
                              <input id="commentedittype-9" name="commentedittype" type="hidden" value="edit"/>
                                                            <input name="commentid" type="hidden" value="4632964042326016"/>
                                                            <input name="courseid" type="hidden" value="comments.idOfTypicalCourse1"/>
                                                            <input name="commentpage" type="hidden" value="true"/>
                                                            <input name="showcommentsto" type="hidden" value="INSTRUCTOR"/>
                                                            <input name="showgiverto" type="hidden" value=""/>
                                                            <input name="showrecipientto" type="hidden" value=""/>
                                                            <input name="user" type="hidden" value="comments.idOfInstructor1OfCourse1"/>
                                                         </form>
                        </li>
                     </ul>
                  </div>
                  <div class="panel panel-info student-record-comments giver_display-by-others">
                     <div class="panel-heading">
                        From
                        <b>
                           Instructor Instructor2 Course1
                        </b>
                     </div>
                     <ul class="list-group comments">
                        <li class="list-group-item list-group-item-warning status_display-public" id="6603288879300608">
                           <form action="/page/instructorStudentCommentEdit" class="form_comment" id="form_commentedit-10" method="post" name="form_commentedit">
                              <div id="commentBar-10">
                                 <span class="text-muted">
                                    To
                                    <b>
                                       All students in this course
                                    </b>
                                    on
                                                02 Jun 2012, 19:20
                                 </span>
                                 <a class="btn btn-default btn-xs icon-button pull-right" data-original-title="Delete this comment" data-placement="top" data-toggle="tooltip" id="commentdelete-10" onclick="return deleteComment('10');" style="display: none;" title="" type="button">
                                    <span class="glyphicon glyphicon-trash glyphicon-primary">
                                    </span>
                                 </a>
                                 <a class="btn btn-default btn-xs icon-button pull-right" data-original-title="Edit this comment" data-placement="top" data-toggle="tooltip" id="commentedit-10" onclick="return enableEdit('10');" style="display: none;" title="" type="button">
                                    <span class="glyphicon glyphicon-pencil glyphicon-primary">
                                    </span>
                                 </a>
                                 <span class="glyphicon glyphicon-eye-open" data-original-title="This comment is visible to instructors" data-placement="top" data-toggle="tooltip" style="margin-left: 5px;" title="">
                                 </span>
                              </div>
                              <div id="plainCommentText10" style="margin-left: 15px;">
                                 Other instructors in this course can see this comment
                              </div>
                              <div id="commentTextEdit10" style="display: none;">
                                 <div class="form-group form-inline">
                                    <div class="form-group text-muted">
                                       You may change comment's visibility using the visibility options on the right hand side.
                                    </div>
                                    <a class="btn btn-sm btn-info pull-right" id="visibility-options-trigger10">
                                       <span class="glyphicon glyphicon-eye-close">
                                       </span>
                                       Show Visibility Options
                                    </a>
                                 </div>
                                 <div class="panel panel-default" id="visibility-options10" style="display: none;">
                                    <div class="panel-heading">
                                       Visibility Options
                                    </div>
                                    <table class="table text-center text-color-black">
                                       <tbody>
                                          <tr>
                                             <th class="text-center">
                                                User/Group
                                             </th>
                                             <th class="text-center">
                                                Can see
                                                                your comment
                                             </th>
                                             <th class="text-center">
                                                Can see
                                                                giver's name
                                             </th>
                                             <th class="text-center">
                                                Can see
                                                                recipient's name
                                             </th>
                                          </tr>
                                          <tr id="recipient-course10">
                                             <td class="text-left">
                                                <div data-original-title="Control what other students in this course can view" data-placement="top" data-toggle="tooltip" title="">
                                                   Students in this course
                                                </div>
                                             </td>
                                             <td>
                                                <input class="visibilityCheckbox answerCheckbox" type="checkbox" value="COURSE"/>
                                                                                             </td>
                                             <td>
                                                <input class="visibilityCheckbox giverCheckbox" type="checkbox" value="COURSE"/>
                                                                                             </td>
                                             <td>
                                                <input class="visibilityCheckbox recipientCheckbox" disabled="disabled" type="checkbox" value="COURSE"/>
                                                                                             </td>
                                          </tr>
                                          <tr>
                                             <td class="text-left">
                                                <div data-original-title="Control what instructors can view" data-placement="top" data-toggle="tooltip" title="">
                                                   Instructors
                                                </div>
                                             </td>
                                             <td>
                                                <input checked="checked" class="visibilityCheckbox answerCheckbox" type="checkbox" value="INSTRUCTOR"/>
                                                                                             </td>
                                             <td>
                                                <input checked="checked" class="visibilityCheckbox giverCheckbox" type="checkbox" value="INSTRUCTOR"/>
                                                                                             </td>
                                             <td>
                                                <input checked="checked" class="visibilityCheckbox recipientCheckbox" type="checkbox" value="INSTRUCTOR"/>
                                                                                             </td>
                                          </tr>
                                       </tbody>
                                    </table>
                                 </div>
                                 <div class="form-group">
                                    <textarea class="form-control" id="commentText10" name="commenttext" placeholder="Your comment about this student" rows="3">
                                       Other instructors in this course can see this comment
                                    </textarea>
                                 </div>
                                 <div class="col-sm-offset-5">
                                    <input class="btn btn-primary" id="commentsave-10" onclick="return submitCommentForm('10');" title="Save comment" type="submit" value="Save"/>
                                                                        <input class="btn btn-default" onclick="return disableComment('10');" type="button" value="Cancel"/>
                                                                     </div>
                              </div>
                              <input id="commentedittype-10" name="commentedittype" type="hidden" value="edit"/>
                                                            <input name="commentid" type="hidden" value="6603288879300608"/>
                                                            <input name="courseid" type="hidden" value="comments.idOfTypicalCourse1"/>
                                                            <input name="commentpage" type="hidden" value="true"/>
                                                            <input name="showcommentsto" type="hidden" value="INSTRUCTOR"/>
                                                            <input name="showgiverto" type="hidden" value="INSTRUCTOR"/>
                                                            <input name="showrecipientto" type="hidden" value="INSTRUCTOR"/>
                                                            <input name="user" type="hidden" value="comments.idOfInstructor1OfCourse1"/>
                                                         </form>
                        </li>
                     </ul>
                  </div>
               </div>
            </div>
         </div>
         <div id="panel_display-2">
            <br/>
                        <div class="panel panel-primary">
               <div class="panel-heading" onclick="loadFeedbackResponseComments('comments.idOfInstructor1OfCourse1','comments.idOfTypicalCourse1','comments.First feedback session', this);" style="cursor: pointer;">
                  <strong>
                     Comments in session: comments.First feedback session
                  </strong>
                  <div class="placeholder-img-loading pull-right">
                  </div>
               </div>
               <div class="panel-body">
                  <div class="panel panel-info">
                     <div class="panel-heading">
                        <b>
                           Question 1
                        </b>
                        :
        What is the best selling point of your product?
                     </div>
                     <table class="table">
                        <tbody>
                           <tr>
                              <td>
                                 <b>
                                    From:
                                 </b>
                                 student1 In Course1 (Team 1.1)
                                 <b>
                                    To:
                                 </b>
                                 student1 In Course1 (Team 1.1)
                              </td>
                           </tr>
                           <tr>
                              <td>
                                 <strong>
                                    Response:
                                 </strong>
                                 Student 1 self feedback.
                              </td>
                           </tr>
                           <tr class="active">
                              <td>
                                 Comment(s):
                                 <button class="btn btn-default btn-xs icon-button pull-right" data-original-title="Add comment" data-placement="top" data-toggle="tooltip" id="button_add_comment-1-1-1" onclick="showResponseCommentAddForm(1,1,1)" title="" type="button">
                                    <span class="glyphicon glyphicon-comment glyphicon-primary">
                                    </span>
                                 </button>
                              </td>
                           </tr>
                           <tr>
                              <td>
                                 <ul class="list-group comments" id="responseCommentTable-1-1-1" style="">
                                    <li class="list-group-item list-group-item-warning giver_display-by-you status_display-private" id="4571391391170560">
                                       <div id="commentBar-1-1-1-1">
                                          <span class="text-muted">
                                             From:
                                             <b>
                                                you
                                             </b>
                                             [Sun Sep 14 14:40:09 UTC 2014]
                                          </span>
                                          <form class="responseCommentDeleteForm pull-right">
                                             <a class="btn btn-default btn-xs icon-button" data-original-title="Delete this comment" data-placement="top" data-toggle="tooltip" href="/page/instructorFeedbackResponseCommentDelete" id="commentdelete-1-1-1-1" style="display: none;" title="" type="button">
                                                <span class="glyphicon glyphicon-trash glyphicon-primary">
                                                </span>
                                             </a>
                                             <input name="responseid" type="hidden" value="agt0ZWFtbWF0ZXN2NHIdCxIQRmVlZGJhY2tRdWVzdGlvbhiAgICAgLXNCQw%comments.student1InCourse1@gmail.tmt%comments.student1InCourse1@gmail.tmt"/>
                                                                                          <input name="responsecommentid" type="hidden" value="4571391391170560"/>
                                                                                          <input name="courseid" type="hidden" value="comments.idOfTypicalCourse1"/>
                                                                                          <input name="fsname" type="hidden" value="comments.First feedback session"/>
                                                                                          <input name="user" type="hidden" value="comments.idOfInstructor1OfCourse1"/>
                                                                                       </form>
                                          <a class="btn btn-default btn-xs icon-button pull-right" data-original-title="Edit this comment" data-placement="top" data-toggle="tooltip" id="commentedit-1-1-1-1" onclick="showResponseCommentEditForm(1,1,1,1)" style="display: none;" title="" type="button">
                                             <span class="glyphicon glyphicon-pencil glyphicon-primary">
                                             </span>
                                          </a>
                                       </div>
                                       <div id="plainCommentText-1-1-1-1" style="margin-left: 15px;">
                                          edited response comment
                                          <br/>
                                                                                    a new line
                                       </div>
                                       <form class="responseCommentEditForm" id="responseCommentEditForm-1-1-1-1" style="display: none;">
                                          <div class="form-group">
                                             <div class="form-group form-inline">
                                                <div class="form-group text-muted">
                                                   You may change comment's
                                            visibility using the
                                            visibility options on the
                                            right hand side.
                                                </div>
                                                <a class="btn btn-sm btn-info pull-right" id="frComment-visibility-options-trigger-1-1-1-1" onclick="toggleVisibilityEditForm(1,1,1,1)">
                                                   <span class="glyphicon glyphicon-eye-close">
                                                   </span>
                                                   Show Visibility Options
                                                </a>
                                             </div>
                                             <div class="panel panel-default" id="visibility-options-1-1-1-1" style="display: none;">
                                                <div class="panel-heading">
                                                   Visibility
                                            Options
                                                </div>
                                                <table class="table text-center" style="color: #000;">
                                                   <tbody>
                                                      <tr>
                                                         <th class="text-center">
                                                            User/Group
                                                         </th>
                                                         <th class="text-center">
                                                            Can
                                                        see your comment
                                                         </th>
                                                         <th class="text-center">
                                                            Can
                                                        see your name
                                                         </th>
                                                      </tr>
                                                      <tr id="response-giver-1-1-1-1">
                                                         <td class="text-left">
                                                            <div data-original-title="Control what response giver can view" data-placement="top" data-toggle="tooltip" title="">
                                                               Response
                                                            Giver
                                                            </div>
                                                         </td>
                                                         <td>
                                                            <input class="visibilityCheckbox answerCheckbox centered" name="receiverLeaderCheckbox" type="checkbox" value="GIVER"/>
                                                                                                                     </td>
                                                         <td>
                                                            <input class="visibilityCheckbox giverCheckbox" type="checkbox" value="GIVER"/>
                                                                                                                     </td>
                                                      </tr>
                                                      <tr id="response-instructors-1-1-1-1">
                                                         <td class="text-left">
                                                            <div data-original-title="Control what instructors can view" data-placement="top" data-toggle="tooltip" title="">
                                                               Instructors
                                                            </div>
                                                         </td>
                                                         <td>
                                                            <input class="visibilityCheckbox answerCheckbox" type="checkbox" value="INSTRUCTORS"/>
                                                                                                                     </td>
                                                         <td>
                                                            <input class="visibilityCheckbox giverCheckbox" type="checkbox" value="INSTRUCTORS"/>
                                                                                                                     </td>
                                                      </tr>
                                                   </tbody>
                                                </table>
                                             </div>
                                             <textarea class="form-control" id="responsecommenttext-1-1-1-1" name="responsecommenttext" placeholder="Your comment about this response" rows="3">
                                                edited response comment
<br>a new line
                                             </textarea>
                                          </div>
                                          <div class="col-sm-offset-5">
                                             <a class="btn btn-primary" href="/page/instructorFeedbackResponseCommentEdit" id="button_save_comment_for_edit-1-1-1-1">
                                                Save
                                             </a>
                                             <input class="btn btn-default" onclick="return hideResponseCommentEditForm(1,1,1,1);" type="button" value="Cancel"/>
                                                                                       </div>
                                          <input name="responseid" type="hidden" value="agt0ZWFtbWF0ZXN2NHIdCxIQRmVlZGJhY2tRdWVzdGlvbhiAgICAgLXNCQw%comments.student1InCourse1@gmail.tmt%comments.student1InCourse1@gmail.tmt"/>
                                                                                    <input name="responsecommentid" type="hidden" value="4571391391170560"/>
                                                                                    <input name="courseid" type="hidden" value="comments.idOfTypicalCourse1"/>
                                                                                    <input name="fsname" type="hidden" value="comments.First feedback session"/>
                                                                                    <input name="user" type="hidden" value="comments.idOfInstructor1OfCourse1"/>
                                                                                    <input name="showresponsecommentsto" type="hidden" value=""/>
                                                                                    <input name="showresponsegiverto" type="hidden" value=""/>
                                                                                 </form>
                                    </li>
                                    <li class="list-group-item list-group-item-warning giver_display-by-you status_display-private" id="5266282739924992">
                                       <div id="commentBar-1-1-1-2">
                                          <span class="text-muted">
                                             From:
                                             <b>
                                                you
                                             </b>
                                             [Tue Mar 01 23:59:00 UTC 2016]
                                          </span>
                                          <form class="responseCommentDeleteForm pull-right">
                                             <a class="btn btn-default btn-xs icon-button" data-original-title="Delete this comment" data-placement="top" data-toggle="tooltip" href="/page/instructorFeedbackResponseCommentDelete" id="commentdelete-1-1-1-2" style="display: none;" title="" type="button">
                                                <span class="glyphicon glyphicon-trash glyphicon-primary">
                                                </span>
                                             </a>
                                             <input name="responseid" type="hidden" value="agt0ZWFtbWF0ZXN2NHIdCxIQRmVlZGJhY2tRdWVzdGlvbhiAgICAgLXNCQw%comments.student1InCourse1@gmail.tmt%comments.student1InCourse1@gmail.tmt"/>
                                                                                          <input name="responsecommentid" type="hidden" value="5266282739924992"/>
                                                                                          <input name="courseid" type="hidden" value="comments.idOfTypicalCourse1"/>
                                                                                          <input name="fsname" type="hidden" value="comments.First feedback session"/>
                                                                                          <input name="user" type="hidden" value="comments.idOfInstructor1OfCourse1"/>
                                                                                       </form>
                                          <a class="btn btn-default btn-xs icon-button pull-right" data-original-title="Edit this comment" data-placement="top" data-toggle="tooltip" id="commentedit-1-1-1-2" onclick="showResponseCommentEditForm(1,1,1,2)" style="display: none;" title="" type="button">
                                             <span class="glyphicon glyphicon-pencil glyphicon-primary">
                                             </span>
                                          </a>
                                       </div>
                                       <div id="plainCommentText-1-1-1-2" style="margin-left: 15px;">
                                          Instructor 1 comment to student 1 self feedback
                                       </div>
                                       <form class="responseCommentEditForm" id="responseCommentEditForm-1-1-1-2" style="display: none;">
                                          <div class="form-group">
                                             <div class="form-group form-inline">
                                                <div class="form-group text-muted">
                                                   You may change comment's
                                            visibility using the
                                            visibility options on the
                                            right hand side.
                                                </div>
                                                <a class="btn btn-sm btn-info pull-right" id="frComment-visibility-options-trigger-1-1-1-2" onclick="toggleVisibilityEditForm(1,1,1,2)">
                                                   <span class="glyphicon glyphicon-eye-close">
                                                   </span>
                                                   Show Visibility Options
                                                </a>
                                             </div>
                                             <div class="panel panel-default" id="visibility-options-1-1-1-2" style="display: none;">
                                                <div class="panel-heading">
                                                   Visibility
                                            Options
                                                </div>
                                                <table class="table text-center" style="color: #000;">
                                                   <tbody>
                                                      <tr>
                                                         <th class="text-center">
                                                            User/Group
                                                         </th>
                                                         <th class="text-center">
                                                            Can
                                                        see your comment
                                                         </th>
                                                         <th class="text-center">
                                                            Can
                                                        see your name
                                                         </th>
                                                      </tr>
                                                      <tr id="response-giver-1-1-1-2">
                                                         <td class="text-left">
                                                            <div data-original-title="Control what response giver can view" data-placement="top" data-toggle="tooltip" title="">
                                                               Response
                                                            Giver
                                                            </div>
                                                         </td>
                                                         <td>
                                                            <input class="visibilityCheckbox answerCheckbox centered" name="receiverLeaderCheckbox" type="checkbox" value="GIVER"/>
                                                                                                                     </td>
                                                         <td>
                                                            <input class="visibilityCheckbox giverCheckbox" type="checkbox" value="GIVER"/>
                                                                                                                     </td>
                                                      </tr>
                                                      <tr id="response-instructors-1-1-1-2">
                                                         <td class="text-left">
                                                            <div data-original-title="Control what instructors can view" data-placement="top" data-toggle="tooltip" title="">
                                                               Instructors
                                                            </div>
                                                         </td>
                                                         <td>
                                                            <input class="visibilityCheckbox answerCheckbox" type="checkbox" value="INSTRUCTORS"/>
                                                                                                                     </td>
                                                         <td>
                                                            <input class="visibilityCheckbox giverCheckbox" type="checkbox" value="INSTRUCTORS"/>
                                                                                                                     </td>
                                                      </tr>
                                                   </tbody>
                                                </table>
                                             </div>
                                             <textarea class="form-control" id="responsecommenttext-1-1-1-2" name="responsecommenttext" placeholder="Your comment about this response" rows="3">
                                                Instructor 1 comment to student 1 self feedback
                                             </textarea>
                                          </div>
                                          <div class="col-sm-offset-5">
                                             <a class="btn btn-primary" href="/page/instructorFeedbackResponseCommentEdit" id="button_save_comment_for_edit-1-1-1-2">
                                                Save
                                             </a>
                                             <input class="btn btn-default" onclick="return hideResponseCommentEditForm(1,1,1,2);" type="button" value="Cancel"/>
                                                                                       </div>
                                          <input name="responseid" type="hidden" value="agt0ZWFtbWF0ZXN2NHIdCxIQRmVlZGJhY2tRdWVzdGlvbhiAgICAgLXNCQw%comments.student1InCourse1@gmail.tmt%comments.student1InCourse1@gmail.tmt"/>
                                                                                    <input name="responsecommentid" type="hidden" value="5266282739924992"/>
                                                                                    <input name="courseid" type="hidden" value="comments.idOfTypicalCourse1"/>
                                                                                    <input name="fsname" type="hidden" value="comments.First feedback session"/>
                                                                                    <input name="user" type="hidden" value="comments.idOfInstructor1OfCourse1"/>
                                                                                    <input name="showresponsecommentsto" type="hidden" value=""/>
                                                                                    <input name="showresponsegiverto" type="hidden" value=""/>
                                                                                 </form>
                                    </li>
                                    <li class="list-group-item list-group-item-warning" id="showResponseCommentAddForm-1-1-1" style="display: none;">
                                       <form class="responseCommentAddForm">
                                          <div class="form-group">
                                             <div class="form-group form-inline">
                                                <div class="form-group text-muted">
                                                   You may change comment's
                                            visibility using the
                                            visibility options on the
                                            right hand side.
                                                </div>
                                                <a class="btn btn-sm btn-info pull-right" id="frComment-visibility-options-trigger-1-1-1" onclick="toggleVisibilityEditForm(1,1,1)">
                                                   <span class="glyphicon glyphicon-eye-close">
                                                   </span>
                                                   Show Visibility Options
                                                </a>
                                             </div>
                                             <div class="panel panel-default" id="visibility-options-1-1-1" style="display: none;">
                                                <div class="panel-heading">
                                                   Visibility
                                            Options
                                                </div>
                                                <table class="table text-center" style="color: #000;">
                                                   <tbody>
                                                      <tr>
                                                         <th class="text-center">
                                                            User/Group
                                                         </th>
                                                         <th class="text-center">
                                                            Can
                                                        see your comment
                                                         </th>
                                                         <th class="text-center">
                                                            Can
                                                        see your name
                                                         </th>
                                                      </tr>
                                                      <tr id="response-giver-1-1-1">
                                                         <td class="text-left">
                                                            <div data-original-title="Control what response giver can view" data-placement="top" data-toggle="tooltip" title="">
                                                               Response
                                                            Giver
                                                            </div>
                                                         </td>
                                                         <td>
                                                            <input checked="checked" class="visibilityCheckbox answerCheckbox centered" name="receiverLeaderCheckbox" type="checkbox" value="GIVER"/>
                                                                                                                     </td>
                                                         <td>
                                                            <input checked="checked" class="visibilityCheckbox giverCheckbox" type="checkbox" value="GIVER"/>
                                                                                                                     </td>
                                                      </tr>
                                                      <tr id="response-instructors-1-1-1">
                                                         <td class="text-left">
                                                            <div data-original-title="Control what instructors can view" data-placement="top" data-toggle="tooltip" title="">
                                                               Instructors
                                                            </div>
                                                         </td>
                                                         <td>
                                                            <input checked="checked" class="visibilityCheckbox answerCheckbox" type="checkbox" value="INSTRUCTORS"/>
                                                                                                                     </td>
                                                         <td>
                                                            <input checked="checked" class="visibilityCheckbox giverCheckbox" type="checkbox" value="INSTRUCTORS"/>
                                                                                                                     </td>
                                                      </tr>
                                                   </tbody>
                                                </table>
                                             </div>
                                             <textarea class="form-control" id="responseCommentAddForm-1-1-1" name="responsecommenttext" placeholder="Your comment about this response" rows="3">
                                             </textarea>
                                          </div>
                                          <div class="col-sm-offset-5">
                                             <a class="btn btn-primary" href="/page/instructorFeedbackResponseCommentAdd" id="button_save_comment_for_add-1-1-1">
                                                Save
                                             </a>
                                             <input class="btn btn-default" onclick="hideResponseCommentAddForm(1,1,1)" type="button" value="Cancel"/>
                                                                                          <input name="courseid" type="hidden" value="comments.idOfTypicalCourse1"/>
                                                                                          <input name="fsname" type="hidden" value="comments.First feedback session"/>
                                                                                          <input name="questionid" type="hidden" value="agt0ZWFtbWF0ZXN2NHIdCxIQRmVlZGJhY2tRdWVzdGlvbhiAgICAgLXNCQw"/>
                                                                                          <input name="responseid" type="hidden" value="agt0ZWFtbWF0ZXN2NHIdCxIQRmVlZGJhY2tRdWVzdGlvbhiAgICAgLXNCQw%comments.student1InCourse1@gmail.tmt%comments.student1InCourse1@gmail.tmt"/>
                                                                                          <input name="user" type="hidden" value="comments.idOfInstructor1OfCourse1"/>
                                                                                          <input name="showresponsecommentsto" type="hidden" value="GIVER,INSTRUCTORS"/>
                                                                                          <input name="showresponsegiverto" type="hidden" value="GIVER,INSTRUCTORS"/>
                                                                                       </div>
                                       </form>
                                    </li>
                                 </ul>
                              </td>
                           </tr>
                        </tbody>
                     </table>
                  </div>
                  <div class="panel panel-info">
                     <div class="panel-heading">
                        <b>
                           Question 2
                        </b>
                        :
        Rate 1 other student's product
                     </div>
                     <table class="table">
                        <tbody>
                           <tr>
                              <td>
                                 <b>
                                    From:
                                 </b>
                                 student3 In Course1 (Team 1.2)
                                 <b>
                                    To:
                                 </b>
                                 student2 In Course1 (Team 1.1)
                              </td>
                           </tr>
                           <tr>
                              <td>
                                 <strong>
                                    Response:
                                 </strong>
                                 Response from student 3 "to" student 2.
Multiline test.
                              </td>
                           </tr>
                           <tr class="active">
                              <td>
                                 Comment(s):
                                 <button class="btn btn-default btn-xs icon-button pull-right" data-original-title="Add comment" data-placement="top" data-toggle="tooltip" id="button_add_comment-1-2-1" onclick="showResponseCommentAddForm(1,2,1)" title="" type="button">
                                    <span class="glyphicon glyphicon-comment glyphicon-primary">
                                    </span>
                                 </button>
                              </td>
                           </tr>
                           <tr>
                              <td>
                                 <ul class="list-group comments" id="responseCommentTable-1-2-1" style="">
                                    <li class="list-group-item list-group-item-warning giver_display-by-you status_display-private" id="6392182646767616">
                                       <div id="commentBar-1-2-1-1">
                                          <span class="text-muted">
                                             From:
                                             <b>
                                                you
                                             </b>
                                             [Mon Feb 01 23:59:00 UTC 2016]
                                          </span>
                                          <form class="responseCommentDeleteForm pull-right">
                                             <a class="btn btn-default btn-xs icon-button" data-original-title="Delete this comment" data-placement="top" data-toggle="tooltip" href="/page/instructorFeedbackResponseCommentDelete" id="commentdelete-1-2-1-1" style="display: none;" title="" type="button">
                                                <span class="glyphicon glyphicon-trash glyphicon-primary">
                                                </span>
                                             </a>
                                             <input name="responseid" type="hidden" value="agt0ZWFtbWF0ZXN2NHIdCxIQRmVlZGJhY2tRdWVzdGlvbhiAgICAgLXNCww%comments.student3InCourse1@gmail.tmt%comments.student2InCourse1@gmail.tmt"/>
                                                                                          <input name="responsecommentid" type="hidden" value="6392182646767616"/>
                                                                                          <input name="courseid" type="hidden" value="comments.idOfTypicalCourse1"/>
                                                                                          <input name="fsname" type="hidden" value="comments.First feedback session"/>
                                                                                          <input name="user" type="hidden" value="comments.idOfInstructor1OfCourse1"/>
                                                                                       </form>
                                          <a class="btn btn-default btn-xs icon-button pull-right" data-original-title="Edit this comment" data-placement="top" data-toggle="tooltip" id="commentedit-1-2-1-1" onclick="showResponseCommentEditForm(1,2,1,1)" style="display: none;" title="" type="button">
                                             <span class="glyphicon glyphicon-pencil glyphicon-primary">
                                             </span>
                                          </a>
                                       </div>
                                       <div id="plainCommentText-1-2-1-1" style="margin-left: 15px;">
                                          Instructor 1 comment to feedback Question 2
                                       </div>
                                       <form class="responseCommentEditForm" id="responseCommentEditForm-1-2-1-1" style="display: none;">
                                          <div class="form-group">
                                             <div class="form-group form-inline">
                                                <div class="form-group text-muted">
                                                   You may change comment's
                                            visibility using the
                                            visibility options on the
                                            right hand side.
                                                </div>
                                                <a class="btn btn-sm btn-info pull-right" id="frComment-visibility-options-trigger-1-2-1-1" onclick="toggleVisibilityEditForm(1,2,1,1)">
                                                   <span class="glyphicon glyphicon-eye-close">
                                                   </span>
                                                   Show Visibility Options
                                                </a>
                                             </div>
                                             <div class="panel panel-default" id="visibility-options-1-2-1-1" style="display: none;">
                                                <div class="panel-heading">
                                                   Visibility
                                            Options
                                                </div>
                                                <table class="table text-center" style="color: #000;">
                                                   <tbody>
                                                      <tr>
                                                         <th class="text-center">
                                                            User/Group
                                                         </th>
                                                         <th class="text-center">
                                                            Can
                                                        see your comment
                                                         </th>
                                                         <th class="text-center">
                                                            Can
                                                        see your name
                                                         </th>
                                                      </tr>
                                                      <tr id="response-giver-1-2-1-1">
                                                         <td class="text-left">
                                                            <div data-original-title="Control what response giver can view" data-placement="top" data-toggle="tooltip" title="">
                                                               Response
                                                            Giver
                                                            </div>
                                                         </td>
                                                         <td>
                                                            <input class="visibilityCheckbox answerCheckbox centered" name="receiverLeaderCheckbox" type="checkbox" value="GIVER"/>
                                                                                                                     </td>
                                                         <td>
                                                            <input class="visibilityCheckbox giverCheckbox" type="checkbox" value="GIVER"/>
                                                                                                                     </td>
                                                      </tr>
                                                      <tr id="response-recipient-1-2-1-1">
                                                         <td class="text-left">
                                                            <div data-original-title="Control what response recipient(s) can view" data-placement="top" data-toggle="tooltip" title="">
                                                               Response
                                                            Recipient(s)
                                                            </div>
                                                         </td>
                                                         <td>
                                                            <input class="visibilityCheckbox answerCheckbox centered" name="receiverLeaderCheckbox" type="checkbox" value="RECEIVER"/>
                                                                                                                     </td>
                                                         <td>
                                                            <input class="visibilityCheckbox giverCheckbox" type="checkbox" value="RECEIVER"/>
                                                                                                                     </td>
                                                      </tr>
                                                      <tr id="response-recipient-team-1-2-1-1">
                                                         <td class="text-left">
                                                            <div data-original-title="Control what team members of response recipient(s) can view" data-placement="top" data-toggle="tooltip" title="">
                                                               Response
                                                            Recipient's
                                                            Team Members
                                                            </div>
                                                         </td>
                                                         <td>
                                                            <input class="visibilityCheckbox answerCheckbox" type="checkbox" value="RECEIVER_TEAM_MEMBERS"/>
                                                                                                                     </td>
                                                         <td>
                                                            <input class="visibilityCheckbox giverCheckbox" type="checkbox" value="RECEIVER_TEAM_MEMBERS"/>
                                                                                                                     </td>
                                                      </tr>
                                                      <tr id="response-students-1-2-1-1">
                                                         <td class="text-left">
                                                            <div data-original-title="Control what other students in this course can view" data-placement="top" data-toggle="tooltip" title="">
                                                               Other
                                                            students in
                                                            this course
                                                            </div>
                                                         </td>
                                                         <td>
                                                            <input class="visibilityCheckbox answerCheckbox" type="checkbox" value="STUDENTS"/>
                                                                                                                     </td>
                                                         <td>
                                                            <input class="visibilityCheckbox giverCheckbox" type="checkbox" value="STUDENTS"/>
                                                                                                                     </td>
                                                      </tr>
                                                      <tr id="response-instructors-1-2-1-1">
                                                         <td class="text-left">
                                                            <div data-original-title="Control what instructors can view" data-placement="top" data-toggle="tooltip" title="">
                                                               Instructors
                                                            </div>
                                                         </td>
                                                         <td>
                                                            <input class="visibilityCheckbox answerCheckbox" type="checkbox" value="INSTRUCTORS"/>
                                                                                                                     </td>
                                                         <td>
                                                            <input class="visibilityCheckbox giverCheckbox" type="checkbox" value="INSTRUCTORS"/>
                                                                                                                     </td>
                                                      </tr>
                                                   </tbody>
                                                </table>
                                             </div>
                                             <textarea class="form-control" id="responsecommenttext-1-2-1-1" name="responsecommenttext" placeholder="Your comment about this response" rows="3">
                                                Instructor 1 comment to feedback Question 2
                                             </textarea>
                                          </div>
                                          <div class="col-sm-offset-5">
                                             <a class="btn btn-primary" href="/page/instructorFeedbackResponseCommentEdit" id="button_save_comment_for_edit-1-2-1-1">
                                                Save
                                             </a>
                                             <input class="btn btn-default" onclick="return hideResponseCommentEditForm(1,2,1,1);" type="button" value="Cancel"/>
                                                                                       </div>
                                          <input name="responseid" type="hidden" value="agt0ZWFtbWF0ZXN2NHIdCxIQRmVlZGJhY2tRdWVzdGlvbhiAgICAgLXNCww%comments.student3InCourse1@gmail.tmt%comments.student2InCourse1@gmail.tmt"/>
                                                                                    <input name="responsecommentid" type="hidden" value="6392182646767616"/>
                                                                                    <input name="courseid" type="hidden" value="comments.idOfTypicalCourse1"/>
                                                                                    <input name="fsname" type="hidden" value="comments.First feedback session"/>
                                                                                    <input name="user" type="hidden" value="comments.idOfInstructor1OfCourse1"/>
                                                                                    <input name="showresponsecommentsto" type="hidden" value=""/>
                                                                                    <input name="showresponsegiverto" type="hidden" value=""/>
                                                                                 </form>
                                    </li>
                                    <li class="list-group-item list-group-item-warning giver_display-by-others status_display-public" id="4984807763214336">
                                       <div id="commentBar-1-2-1-2">
                                          <span class="text-muted">
                                             From:
                                             <b>
                                                Anonymous
                                             </b>
                                             [Tue Feb 02 23:59:00 UTC 2016]
                                          </span>
                                          <span class="glyphicon glyphicon-eye-open" data-original-title="This response comment is visible to other students in this course, and instructors" data-placement="top" data-toggle="tooltip" style="margin-left: 5px;" title="">
                                          </span>
                                          <form class="responseCommentDeleteForm pull-right">
                                             <a class="btn btn-default btn-xs icon-button" data-original-title="Delete this comment" data-placement="top" data-toggle="tooltip" href="/page/instructorFeedbackResponseCommentDelete" id="commentdelete-1-2-1-2" style="display: none;" title="" type="button">
                                                <span class="glyphicon glyphicon-trash glyphicon-primary">
                                                </span>
                                             </a>
                                             <input name="responseid" type="hidden" value="agt0ZWFtbWF0ZXN2NHIdCxIQRmVlZGJhY2tRdWVzdGlvbhiAgICAgLXNCww%comments.student3InCourse1@gmail.tmt%comments.student2InCourse1@gmail.tmt"/>
                                                                                          <input name="responsecommentid" type="hidden" value="4984807763214336"/>
                                                                                          <input name="courseid" type="hidden" value="comments.idOfTypicalCourse1"/>
                                                                                          <input name="fsname" type="hidden" value="comments.First feedback session"/>
                                                                                          <input name="user" type="hidden" value="comments.idOfInstructor1OfCourse1"/>
                                                                                       </form>
                                          <a class="btn btn-default btn-xs icon-button pull-right" data-original-title="Edit this comment" data-placement="top" data-toggle="tooltip" id="commentedit-1-2-1-2" onclick="showResponseCommentEditForm(1,2,1,2)" style="display: none;" title="" type="button">
                                             <span class="glyphicon glyphicon-pencil glyphicon-primary">
                                             </span>
                                          </a>
                                       </div>
                                       <div id="plainCommentText-1-2-1-2" style="margin-left: 15px;">
                                          Anonymous comment to feedback Question 2
                                       </div>
                                       <form class="responseCommentEditForm" id="responseCommentEditForm-1-2-1-2" style="display: none;">
                                          <div class="form-group">
                                             <div class="form-group form-inline">
                                                <div class="form-group text-muted">
                                                   You may change comment's
                                            visibility using the
                                            visibility options on the
                                            right hand side.
                                                </div>
                                                <a class="btn btn-sm btn-info pull-right" id="frComment-visibility-options-trigger-1-2-1-2" onclick="toggleVisibilityEditForm(1,2,1,2)">
                                                   <span class="glyphicon glyphicon-eye-close">
                                                   </span>
                                                   Show Visibility Options
                                                </a>
                                             </div>
                                             <div class="panel panel-default" id="visibility-options-1-2-1-2" style="display: none;">
                                                <div class="panel-heading">
                                                   Visibility
                                            Options
                                                </div>
                                                <table class="table text-center" style="color: #000;">
                                                   <tbody>
                                                      <tr>
                                                         <th class="text-center">
                                                            User/Group
                                                         </th>
                                                         <th class="text-center">
                                                            Can
                                                        see your comment
                                                         </th>
                                                         <th class="text-center">
                                                            Can
                                                        see your name
                                                         </th>
                                                      </tr>
                                                      <tr id="response-giver-1-2-1-2">
                                                         <td class="text-left">
                                                            <div data-original-title="Control what response giver can view" data-placement="top" data-toggle="tooltip" title="">
                                                               Response
                                                            Giver
                                                            </div>
                                                         </td>
                                                         <td>
                                                            <input class="visibilityCheckbox answerCheckbox centered" name="receiverLeaderCheckbox" type="checkbox" value="GIVER"/>
                                                                                                                     </td>
                                                         <td>
                                                            <input class="visibilityCheckbox giverCheckbox" type="checkbox" value="GIVER"/>
                                                                                                                     </td>
                                                      </tr>
                                                      <tr id="response-recipient-1-2-1-2">
                                                         <td class="text-left">
                                                            <div data-original-title="Control what response recipient(s) can view" data-placement="top" data-toggle="tooltip" title="">
                                                               Response
                                                            Recipient(s)
                                                            </div>
                                                         </td>
                                                         <td>
                                                            <input class="visibilityCheckbox answerCheckbox centered" name="receiverLeaderCheckbox" type="checkbox" value="RECEIVER"/>
                                                                                                                     </td>
                                                         <td>
                                                            <input class="visibilityCheckbox giverCheckbox" type="checkbox" value="RECEIVER"/>
                                                                                                                     </td>
                                                      </tr>
                                                      <tr id="response-recipient-team-1-2-1-2">
                                                         <td class="text-left">
                                                            <div data-original-title="Control what team members of response recipient(s) can view" data-placement="top" data-toggle="tooltip" title="">
                                                               Response
                                                            Recipient's
                                                            Team Members
                                                            </div>
                                                         </td>
                                                         <td>
                                                            <input class="visibilityCheckbox answerCheckbox" type="checkbox" value="RECEIVER_TEAM_MEMBERS"/>
                                                                                                                     </td>
                                                         <td>
                                                            <input class="visibilityCheckbox giverCheckbox" type="checkbox" value="RECEIVER_TEAM_MEMBERS"/>
                                                                                                                     </td>
                                                      </tr>
                                                      <tr id="response-students-1-2-1-2">
                                                         <td class="text-left">
                                                            <div data-original-title="Control what other students in this course can view" data-placement="top" data-toggle="tooltip" title="">
                                                               Other
                                                            students in
                                                            this course
                                                            </div>
                                                         </td>
                                                         <td>
                                                            <input checked="checked" class="visibilityCheckbox answerCheckbox" type="checkbox" value="STUDENTS"/>
                                                                                                                     </td>
                                                         <td>
                                                            <input class="visibilityCheckbox giverCheckbox" type="checkbox" value="STUDENTS"/>
                                                                                                                     </td>
                                                      </tr>
                                                      <tr id="response-instructors-1-2-1-2">
                                                         <td class="text-left">
                                                            <div data-original-title="Control what instructors can view" data-placement="top" data-toggle="tooltip" title="">
                                                               Instructors
                                                            </div>
                                                         </td>
                                                         <td>
                                                            <input checked="checked" class="visibilityCheckbox answerCheckbox" type="checkbox" value="INSTRUCTORS"/>
                                                                                                                     </td>
                                                         <td>
                                                            <input class="visibilityCheckbox giverCheckbox" type="checkbox" value="INSTRUCTORS"/>
                                                                                                                     </td>
                                                      </tr>
                                                   </tbody>
                                                </table>
                                             </div>
                                             <textarea class="form-control" id="responsecommenttext-1-2-1-2" name="responsecommenttext" placeholder="Your comment about this response" rows="3">
                                                Anonymous comment to feedback Question 2
                                             </textarea>
                                          </div>
                                          <div class="col-sm-offset-5">
                                             <a class="btn btn-primary" href="/page/instructorFeedbackResponseCommentEdit" id="button_save_comment_for_edit-1-2-1-2">
                                                Save
                                             </a>
                                             <input class="btn btn-default" onclick="return hideResponseCommentEditForm(1,2,1,2);" type="button" value="Cancel"/>
                                                                                       </div>
                                          <input name="responseid" type="hidden" value="agt0ZWFtbWF0ZXN2NHIdCxIQRmVlZGJhY2tRdWVzdGlvbhiAgICAgLXNCww%comments.student3InCourse1@gmail.tmt%comments.student2InCourse1@gmail.tmt"/>
                                                                                    <input name="responsecommentid" type="hidden" value="4984807763214336"/>
                                                                                    <input name="courseid" type="hidden" value="comments.idOfTypicalCourse1"/>
                                                                                    <input name="fsname" type="hidden" value="comments.First feedback session"/>
                                                                                    <input name="user" type="hidden" value="comments.idOfInstructor1OfCourse1"/>
                                                                                    <input name="showresponsecommentsto" type="hidden" value="STUDENTS, INSTRUCTORS"/>
                                                                                    <input name="showresponsegiverto" type="hidden" value=""/>
                                                                                 </form>
                                    </li>
                                    <li class="list-group-item list-group-item-warning giver_display-by-others status_display-public" id="6110707670056960">
                                       <div id="commentBar-1-2-1-3">
                                          <span class="text-muted">
                                             From:
                                             <b>
                                                Instructor2 Course1
                                             </b>
                                             [Wed Feb 03 23:59:00 UTC 2016]
                                          </span>
                                          <span class="glyphicon glyphicon-eye-open" data-original-title="This response comment is visible to response giver, response recipient, other students in this course, and instructors" data-placement="top" data-toggle="tooltip" style="margin-left: 5px;" title="">
                                          </span>
                                          <form class="responseCommentDeleteForm pull-right">
                                             <a class="btn btn-default btn-xs icon-button" data-original-title="Delete this comment" data-placement="top" data-toggle="tooltip" href="/page/instructorFeedbackResponseCommentDelete" id="commentdelete-1-2-1-3" style="display: none;" title="" type="button">
                                                <span class="glyphicon glyphicon-trash glyphicon-primary">
                                                </span>
                                             </a>
                                             <input name="responseid" type="hidden" value="agt0ZWFtbWF0ZXN2NHIdCxIQRmVlZGJhY2tRdWVzdGlvbhiAgICAgLXNCww%comments.student3InCourse1@gmail.tmt%comments.student2InCourse1@gmail.tmt"/>
                                                                                          <input name="responsecommentid" type="hidden" value="6110707670056960"/>
                                                                                          <input name="courseid" type="hidden" value="comments.idOfTypicalCourse1"/>
                                                                                          <input name="fsname" type="hidden" value="comments.First feedback session"/>
                                                                                          <input name="user" type="hidden" value="comments.idOfInstructor1OfCourse1"/>
                                                                                       </form>
                                          <a class="btn btn-default btn-xs icon-button pull-right" data-original-title="Edit this comment" data-placement="top" data-toggle="tooltip" id="commentedit-1-2-1-3" onclick="showResponseCommentEditForm(1,2,1,3)" style="display: none;" title="" type="button">
                                             <span class="glyphicon glyphicon-pencil glyphicon-primary">
                                             </span>
                                          </a>
                                       </div>
                                       <div id="plainCommentText-1-2-1-3" style="margin-left: 15px;">
                                          Instructor 2 comment to feedback Question 2 (Student 3 see this as anonymous comment)
                                       </div>
                                       <form class="responseCommentEditForm" id="responseCommentEditForm-1-2-1-3" style="display: none;">
                                          <div class="form-group">
                                             <div class="form-group form-inline">
                                                <div class="form-group text-muted">
                                                   You may change comment's
                                            visibility using the
                                            visibility options on the
                                            right hand side.
                                                </div>
                                                <a class="btn btn-sm btn-info pull-right" id="frComment-visibility-options-trigger-1-2-1-3" onclick="toggleVisibilityEditForm(1,2,1,3)">
                                                   <span class="glyphicon glyphicon-eye-close">
                                                   </span>
                                                   Show Visibility Options
                                                </a>
                                             </div>
                                             <div class="panel panel-default" id="visibility-options-1-2-1-3" style="display: none;">
                                                <div class="panel-heading">
                                                   Visibility
                                            Options
                                                </div>
                                                <table class="table text-center" style="color: #000;">
                                                   <tbody>
                                                      <tr>
                                                         <th class="text-center">
                                                            User/Group
                                                         </th>
                                                         <th class="text-center">
                                                            Can
                                                        see your comment
                                                         </th>
                                                         <th class="text-center">
                                                            Can
                                                        see your name
                                                         </th>
                                                      </tr>
                                                      <tr id="response-giver-1-2-1-3">
                                                         <td class="text-left">
                                                            <div data-original-title="Control what response giver can view" data-placement="top" data-toggle="tooltip" title="">
                                                               Response
                                                            Giver
                                                            </div>
                                                         </td>
                                                         <td>
                                                            <input checked="checked" class="visibilityCheckbox answerCheckbox centered" name="receiverLeaderCheckbox" type="checkbox" value="GIVER"/>
                                                                                                                     </td>
                                                         <td>
                                                            <input class="visibilityCheckbox giverCheckbox" type="checkbox" value="GIVER"/>
                                                                                                                     </td>
                                                      </tr>
                                                      <tr id="response-recipient-1-2-1-3">
                                                         <td class="text-left">
                                                            <div data-original-title="Control what response recipient(s) can view" data-placement="top" data-toggle="tooltip" title="">
                                                               Response
                                                            Recipient(s)
                                                            </div>
                                                         </td>
                                                         <td>
                                                            <input checked="checked" class="visibilityCheckbox answerCheckbox centered" name="receiverLeaderCheckbox" type="checkbox" value="RECEIVER"/>
                                                                                                                     </td>
                                                         <td>
                                                            <input class="visibilityCheckbox giverCheckbox" type="checkbox" value="RECEIVER"/>
                                                                                                                     </td>
                                                      </tr>
                                                      <tr id="response-recipient-team-1-2-1-3">
                                                         <td class="text-left">
                                                            <div data-original-title="Control what team members of response recipient(s) can view" data-placement="top" data-toggle="tooltip" title="">
                                                               Response
                                                            Recipient's
                                                            Team Members
                                                            </div>
                                                         </td>
                                                         <td>
                                                            <input class="visibilityCheckbox answerCheckbox" type="checkbox" value="RECEIVER_TEAM_MEMBERS"/>
                                                                                                                     </td>
                                                         <td>
                                                            <input checked="checked" class="visibilityCheckbox giverCheckbox" type="checkbox" value="RECEIVER_TEAM_MEMBERS"/>
                                                                                                                     </td>
                                                      </tr>
                                                      <tr id="response-students-1-2-1-3">
                                                         <td class="text-left">
                                                            <div data-original-title="Control what other students in this course can view" data-placement="top" data-toggle="tooltip" title="">
                                                               Other
                                                            students in
                                                            this course
                                                            </div>
                                                         </td>
                                                         <td>
                                                            <input checked="checked" class="visibilityCheckbox answerCheckbox" type="checkbox" value="STUDENTS"/>
                                                                                                                     </td>
                                                         <td>
                                                            <input class="visibilityCheckbox giverCheckbox" type="checkbox" value="STUDENTS"/>
                                                                                                                     </td>
                                                      </tr>
                                                      <tr id="response-instructors-1-2-1-3">
                                                         <td class="text-left">
                                                            <div data-original-title="Control what instructors can view" data-placement="top" data-toggle="tooltip" title="">
                                                               Instructors
                                                            </div>
                                                         </td>
                                                         <td>
                                                            <input checked="checked" class="visibilityCheckbox answerCheckbox" type="checkbox" value="INSTRUCTORS"/>
                                                                                                                     </td>
                                                         <td>
                                                            <input checked="checked" class="visibilityCheckbox giverCheckbox" type="checkbox" value="INSTRUCTORS"/>
                                                                                                                     </td>
                                                      </tr>
                                                   </tbody>
                                                </table>
                                             </div>
                                             <textarea class="form-control" id="responsecommenttext-1-2-1-3" name="responsecommenttext" placeholder="Your comment about this response" rows="3">
                                                Instructor 2 comment to feedback Question 2 (Student 3 see this as anonymous comment)
                                             </textarea>
                                          </div>
                                          <div class="col-sm-offset-5">
                                             <a class="btn btn-primary" href="/page/instructorFeedbackResponseCommentEdit" id="button_save_comment_for_edit-1-2-1-3">
                                                Save
                                             </a>
                                             <input class="btn btn-default" onclick="return hideResponseCommentEditForm(1,2,1,3);" type="button" value="Cancel"/>
                                                                                       </div>
                                          <input name="responseid" type="hidden" value="agt0ZWFtbWF0ZXN2NHIdCxIQRmVlZGJhY2tRdWVzdGlvbhiAgICAgLXNCww%comments.student3InCourse1@gmail.tmt%comments.student2InCourse1@gmail.tmt"/>
                                                                                    <input name="responsecommentid" type="hidden" value="6110707670056960"/>
                                                                                    <input name="courseid" type="hidden" value="comments.idOfTypicalCourse1"/>
                                                                                    <input name="fsname" type="hidden" value="comments.First feedback session"/>
                                                                                    <input name="user" type="hidden" value="comments.idOfInstructor1OfCourse1"/>
                                                                                    <input name="showresponsecommentsto" type="hidden" value="GIVER, RECEIVER, STUDENTS, INSTRUCTORS"/>
                                                                                    <input name="showresponsegiverto" type="hidden" value="INSTRUCTORS, RECEIVER_TEAM_MEMBERS"/>
                                                                                 </form>
                                    </li>
                                    <li class="list-group-item list-group-item-warning" id="showResponseCommentAddForm-1-2-1" style="display: none;">
                                       <form class="responseCommentAddForm">
                                          <div class="form-group">
                                             <div class="form-group form-inline">
                                                <div class="form-group text-muted">
                                                   You may change comment's
                                            visibility using the
                                            visibility options on the
                                            right hand side.
                                                </div>
                                                <a class="btn btn-sm btn-info pull-right" id="frComment-visibility-options-trigger-1-2-1" onclick="toggleVisibilityEditForm(1,2,1)">
                                                   <span class="glyphicon glyphicon-eye-close">
                                                   </span>
                                                   Show Visibility Options
                                                </a>
                                             </div>
                                             <div class="panel panel-default" id="visibility-options-1-2-1" style="display: none;">
                                                <div class="panel-heading">
                                                   Visibility
                                            Options
                                                </div>
                                                <table class="table text-center" style="color: #000;">
                                                   <tbody>
                                                      <tr>
                                                         <th class="text-center">
                                                            User/Group
                                                         </th>
                                                         <th class="text-center">
                                                            Can
                                                        see your comment
                                                         </th>
                                                         <th class="text-center">
                                                            Can
                                                        see your name
                                                         </th>
                                                      </tr>
                                                      <tr id="response-giver-1-2-1">
                                                         <td class="text-left">
                                                            <div data-original-title="Control what response giver can view" data-placement="top" data-toggle="tooltip" title="">
                                                               Response
                                                            Giver
                                                            </div>
                                                         </td>
                                                         <td>
                                                            <input checked="checked" class="visibilityCheckbox answerCheckbox centered" name="receiverLeaderCheckbox" type="checkbox" value="GIVER"/>
                                                                                                                     </td>
                                                         <td>
                                                            <input checked="checked" class="visibilityCheckbox giverCheckbox" type="checkbox" value="GIVER"/>
                                                                                                                     </td>
                                                      </tr>
                                                      <tr id="response-recipient-1-2-1">
                                                         <td class="text-left">
                                                            <div data-original-title="Control what response recipient(s) can view" data-placement="top" data-toggle="tooltip" title="">
                                                               Response
                                                            Recipient(s)
                                                            </div>
                                                         </td>
                                                         <td>
                                                            <input checked="checked" class="visibilityCheckbox answerCheckbox centered" name="receiverLeaderCheckbox" type="checkbox" value="RECEIVER"/>
                                                                                                                     </td>
                                                         <td>
                                                            <input checked="checked" class="visibilityCheckbox giverCheckbox" type="checkbox" value="RECEIVER"/>
                                                                                                                     </td>
                                                      </tr>
                                                      <tr id="response-recipient-team-1-2-1">
                                                         <td class="text-left">
                                                            <div data-original-title="Control what team members of response recipient(s) can view" data-placement="top" data-toggle="tooltip" title="">
                                                               Response
                                                            Recipient's
                                                            Team Members
                                                            </div>
                                                         </td>
                                                         <td>
                                                            <input checked="checked" class="visibilityCheckbox answerCheckbox" type="checkbox" value="RECEIVER_TEAM_MEMBERS"/>
                                                                                                                     </td>
                                                         <td>
                                                            <input checked="checked" class="visibilityCheckbox giverCheckbox" type="checkbox" value="RECEIVER_TEAM_MEMBERS"/>
                                                                                                                     </td>
                                                      </tr>
                                                      <tr id="response-students-1-2-1">
                                                         <td class="text-left">
                                                            <div data-original-title="Control what other students in this course can view" data-placement="top" data-toggle="tooltip" title="">
                                                               Other
                                                            students in
                                                            this course
                                                            </div>
                                                         </td>
                                                         <td>
                                                            <input checked="checked" class="visibilityCheckbox answerCheckbox" type="checkbox" value="STUDENTS"/>
                                                                                                                     </td>
                                                         <td>
                                                            <input checked="checked" class="visibilityCheckbox giverCheckbox" type="checkbox" value="STUDENTS"/>
                                                                                                                     </td>
                                                      </tr>
                                                      <tr id="response-instructors-1-2-1">
                                                         <td class="text-left">
                                                            <div data-original-title="Control what instructors can view" data-placement="top" data-toggle="tooltip" title="">
                                                               Instructors
                                                            </div>
                                                         </td>
                                                         <td>
                                                            <input checked="checked" class="visibilityCheckbox answerCheckbox" type="checkbox" value="INSTRUCTORS"/>
                                                                                                                     </td>
                                                         <td>
                                                            <input checked="checked" class="visibilityCheckbox giverCheckbox" type="checkbox" value="INSTRUCTORS"/>
                                                                                                                     </td>
                                                      </tr>
                                                   </tbody>
                                                </table>
                                             </div>
                                             <textarea class="form-control" id="responseCommentAddForm-1-2-1" name="responsecommenttext" placeholder="Your comment about this response" rows="3">
                                             </textarea>
                                          </div>
                                          <div class="col-sm-offset-5">
                                             <a class="btn btn-primary" href="/page/instructorFeedbackResponseCommentAdd" id="button_save_comment_for_add-1-2-1">
                                                Save
                                             </a>
                                             <input class="btn btn-default" onclick="hideResponseCommentAddForm(1,2,1)" type="button" value="Cancel"/>
                                                                                          <input name="courseid" type="hidden" value="comments.idOfTypicalCourse1"/>
                                                                                          <input name="fsname" type="hidden" value="comments.First feedback session"/>
                                                                                          <input name="questionid" type="hidden" value="agt0ZWFtbWF0ZXN2NHIdCxIQRmVlZGJhY2tRdWVzdGlvbhiAgICAgLXNCww"/>
                                                                                          <input name="responseid" type="hidden" value="agt0ZWFtbWF0ZXN2NHIdCxIQRmVlZGJhY2tRdWVzdGlvbhiAgICAgLXNCww%comments.student3InCourse1@gmail.tmt%comments.student2InCourse1@gmail.tmt"/>
                                                                                          <input name="user" type="hidden" value="comments.idOfInstructor1OfCourse1"/>
                                                                                          <input name="showresponsecommentsto" type="hidden" value="GIVER,INSTRUCTORS, RECEIVER, RECEIVER_TEAM_MEMBERS, STUDENTS"/>
                                                                                          <input name="showresponsegiverto" type="hidden" value="GIVER,INSTRUCTORS, RECEIVER, RECEIVER_TEAM_MEMBERS, STUDENTS"/>
                                                                                       </div>
                                       </form>
                                    </li>
                                 </ul>
                              </td>
                           </tr>
                        </tbody>
                     </table>
                  </div>
               </div>
            </div>
         </div>
      </div>
      <ul class="pagination">
         <li>
            <a href="javascript:;">
               Â«
            </a>
         </li>
         <li class="active">
            <a href="/page/instructorCommentsPage?user=comments.idOfInstructor1OfCourse1&courseid=comments.idOfTypicalCourse1">
               comments.idOfTypicalCourse1
            </a>
         </li>
         <li>
            <a href="javascript:;">
               Â»
            </a>
         </li>
      </ul>
   </div>

</actual]>>
	at org.junit.Assert.assertEquals(Assert.java:115)
	at org.junit.Assert.assertEquals(Assert.java:144)
	at teammates.test.driver.HtmlHelper.assertSameHtmlPart(HtmlHelper.java:43)
	at teammates.test.pageobjects.AppPage.verifyHtmlPart(AppPage.java:822)
	at teammates.test.pageobjects.AppPage.verifyHtmlMainContent(AppPage.java:864)
	at teammates.test.cases.ui.browsertests.InstructorCommentsPageUiTest.testActions(InstructorCommentsPageUiTest.java:181)
	at teammates.test.cases.ui.browsertests.InstructorCommentsPageUiTest.allTests(InstructorCommentsPageUiTest.java:34)
	at sun.reflect.NativeMethodAccessorImpl.invoke0(Native Method)
	at sun.reflect.NativeMethodAccessorImpl.invoke(NativeMethodAccessorImpl.java:57)
	at sun.reflect.DelegatingMethodAccessorImpl.invoke(DelegatingMethodAccessorImpl.java:43)
	at java.lang.reflect.Method.invoke(Method.java:606)
	at org.testng.internal.MethodInvocationHelper.invokeMethod(MethodInvocationHelper.java:84)
	at org.testng.internal.Invoker.invokeMethod(Invoker.java:714)
	at org.testng.internal.Invoker.invokeTestMethod(Invoker.java:901)
	at org.testng.internal.Invoker.invokeTestMethods(Invoker.java:1231)
	at org.testng.internal.TestMethodWorker.invokeTestMethods(TestMethodWorker.java:127)
	at org.testng.internal.TestMethodWorker.run(TestMethodWorker.java:111)
	at org.testng.TestRunner.privateRun(TestRunner.java:767)
	at org.testng.TestRunner.run(TestRunner.java:617)
	at org.testng.SuiteRunner.runTest(SuiteRunner.java:334)
	at org.testng.SuiteRunner.access$000(SuiteRunner.java:37)
	at org.testng.SuiteRunner$SuiteWorker.run(SuiteRunner.java:368)
	at org.testng.internal.thread.ThreadUtil$2.call(ThreadUtil.java:64)
	at java.util.concurrent.FutureTask.run(FutureTask.java:262)
	at java.util.concurrent.ThreadPoolExecutor.runWorker(ThreadPoolExecutor.java:1145)
	at java.util.concurrent.ThreadPoolExecutor$Worker.run(ThreadPoolExecutor.java:615)
	at java.lang.Thread.run(Thread.java:745)
]]>
    </error>
  </testcase> <!-- allTests -->
</testsuite> <!-- teammates.test.cases.ui.browsertests.InstructorCommentsPageUiTest -->
