<?xml version="1.0" encoding="UTF-8"?>
<!-- Generated by org.testng.reporters.JUnitReportReporter -->
<testsuite hostname="soccf-tr5-001" name="teammates.test.cases.ui.StudentFeedbackSubmissionEditSaveActionTest" tests="2" failures="0" timestamp="29 Oct 2014 17:12:03 GMT" time="3.666" errors="0">
  <testcase name="testExecuteAndPostProcess" time="3.463" classname="teammates.test.cases.ui.StudentFeedbackSubmissionEditSaveActionTest"/>
  <testcase name="testGracePeriodExecuteAndPostProcess" time="0.203" classname="teammates.test.cases.ui.StudentFeedbackSubmissionEditSaveActionTest"/>
</testsuite> <!-- teammates.test.cases.ui.StudentFeedbackSubmissionEditSaveActionTest -->
