<?xml version="1.0" encoding="UTF-8"?>
<!-- Generated by org.testng.reporters.JUnitReportReporter -->
<testsuite hostname="soccf-tr5-001" name="teammates.test.cases.ui.InstructorFeedbackPublishActionTest" tests="1" failures="0" timestamp="11 Sep 2014 07:39:05 GMT" time="0.141" errors="0">
  <testcase name="testExecuteAndPostProcess" time="0.141" classname="teammates.test.cases.ui.InstructorFeedbackPublishActionTest"/>
</testsuite> <!-- teammates.test.cases.ui.InstructorFeedbackPublishActionTest -->
