<?xml version="1.0" encoding="UTF-8"?>
<!-- Generated by org.testng.reporters.JUnitReportReporter -->
<testsuite hostname="soccf-tr5-001" name="teammates.test.cases.ui.browsertests.InstructorCourseStudentDetailsPageUiTest" tests="1" failures="0" timestamp="8 Oct 2014 10:45:31 GMT" time="7.565" errors="0">
  <testcase name="testAll" time="7.565" classname="teammates.test.cases.ui.browsertests.InstructorCourseStudentDetailsPageUiTest"/>
</testsuite> <!-- teammates.test.cases.ui.browsertests.InstructorCourseStudentDetailsPageUiTest -->
