<?xml version="1.0" encoding="UTF-8"?>
<!-- Generated by org.testng.reporters.JUnitReportReporter -->
<testsuite hostname="soccf-tr5-001" name="teammates.test.cases.logic.BackDoorLogicTest" tests="2" failures="0" timestamp="24 Sep 2014 12:50:20 GMT" time="2.090" errors="0">
  <testcase name="testPersistDataBundle" time="2.090" classname="teammates.test.cases.logic.BackDoorLogicTest"/>
  <testcase name="testGetSubmission" time="0.000" classname="teammates.test.cases.logic.BackDoorLogicTest"/>
</testsuite> <!-- teammates.test.cases.logic.BackDoorLogicTest -->
