<?xml version="1.0" encoding="UTF-8"?>
<!-- Generated by org.testng.reporters.JUnitReportReporter -->
<testsuite hostname="soccf-tr5-001" name="teammates.test.cases.ui.browsertests.InstructorEvalResultsPageUiTest" tests="4" failures="0" timestamp="2 Jan 2015 09:17:12 GMT" time="48.984" errors="0">
  <testcase name="testPublishedEval" time="7.644" classname="teammates.test.cases.ui.browsertests.InstructorEvalResultsPageUiTest"/>
  <testcase name="testClosedEval" time="8.939" classname="teammates.test.cases.ui.browsertests.InstructorEvalResultsPageUiTest"/>
  <testcase name="testP2PDisabledEval" time="4.804" classname="teammates.test.cases.ui.browsertests.InstructorEvalResultsPageUiTest"/>
  <testcase name="testOpenEval" time="27.597" classname="teammates.test.cases.ui.browsertests.InstructorEvalResultsPageUiTest"/>
</testsuite> <!-- teammates.test.cases.ui.browsertests.InstructorEvalResultsPageUiTest -->
