<?xml version="1.0" encoding="UTF-8"?>
<!-- Generated by org.testng.reporters.JUnitReportReporter -->
<testsuite hostname="soccf-tr5-001" name="teammates.test.cases.ui.InstructorCourseInstructorEditSaveActionTest" tests="1" failures="0" timestamp="26 Sep 2014 15:21:29 GMT" time="0.437" errors="0">
  <testcase name="testExecuteAndPostProcess" time="0.437" classname="teammates.test.cases.ui.InstructorCourseInstructorEditSaveActionTest"/>
</testsuite> <!-- teammates.test.cases.ui.InstructorCourseInstructorEditSaveActionTest -->
