<?xml version="1.0" encoding="UTF-8"?>
<!-- Generated by org.testng.reporters.JUnitReportReporter -->
<testsuite hostname="soccf-tr5-001" name="teammates.test.cases.testdriver.HtmlHelperTest" tests="3" failures="0" timestamp="7 Aug 2014 04:10:49 GMT" time="0.328" errors="0">
  <testcase name="testComparison" time="0.171" classname="teammates.test.cases.testdriver.HtmlHelperTest"/>
  <testcase name="testConvertToStandardHtml" time="0.094" classname="teammates.test.cases.testdriver.HtmlHelperTest"/>
  <testcase name="testConvertToStandardHtmlPart" time="0.063" classname="teammates.test.cases.testdriver.HtmlHelperTest"/>
</testsuite> <!-- teammates.test.cases.testdriver.HtmlHelperTest -->
