<?xml version="1.0" encoding="UTF-8"?>
<!-- Generated by org.testng.reporters.JUnitReportReporter -->
<testsuite hostname="soccf-tr5-001" name="teammates.test.cases.storage.EntitiesDbTest" tests="1" failures="0" timestamp="1 Oct 2014 11:57:39 GMT" time="0.000" errors="0">
  <testcase name="testCreateEntity" time="0.000" classname="teammates.test.cases.storage.EntitiesDbTest"/>
</testsuite> <!-- teammates.test.cases.storage.EntitiesDbTest -->
