<?xml version="1.0" encoding="UTF-8"?>
<!-- Generated by org.testng.reporters.JUnitReportReporter -->
<testsuite hostname="soccf-tr5-001" name="teammates.test.cases.storage.AccountsDbTest" tests="5" failures="5" timestamp="7 Aug 2014 02:56:33 GMT" time="0.171" errors="0">
  <testcase name="testGetInstructorAccounts" time="0.000" classname="teammates.test.cases.storage.AccountsDbTest">
    <failure type="javax.jdo.JDOUserException" message="Exception converting Account(&quot;valid.googleId&quot;) to an internal key.">
      <![CDATA[javax.jdo.JDOUserException: Exception converting Account("valid.googleId") to an internal key.
	at org.datanucleus.store.appengine.jdo.DatastoreJDOPersistenceManager.getObjectById(DatastoreJDOPersistenceManager.java:70)
	at teammates.storage.api.AccountsDb.getAccountEntity(AccountsDb.java:213)
	at teammates.storage.api.AccountsDb.getAccountEntity(AccountsDb.java:234)
	at teammates.storage.api.AccountsDb.getEntity(AccountsDb.java:239)
	at teammates.storage.api.EntitiesDb.createEntity(EntitiesDb.java:63)
	at teammates.storage.api.AccountsDb.createAccount(AccountsDb.java:51)
	at teammates.test.cases.storage.AccountsDbTest.createNewAccount(AccountsDbTest.java:305)
	at teammates.test.cases.storage.AccountsDbTest.testGetInstructorAccounts(AccountsDbTest.java:77)
	at sun.reflect.NativeMethodAccessorImpl.invoke0(Native Method)
	at sun.reflect.NativeMethodAccessorImpl.invoke(NativeMethodAccessorImpl.java:57)
	at sun.reflect.DelegatingMethodAccessorImpl.invoke(DelegatingMethodAccessorImpl.java:43)
	at java.lang.reflect.Method.invoke(Method.java:606)
	at org.testng.internal.MethodInvocationHelper.invokeMethod(MethodInvocationHelper.java:84)
	at org.testng.internal.Invoker.invokeMethod(Invoker.java:714)
	at org.testng.internal.Invoker.invokeTestMethod(Invoker.java:901)
	at org.testng.internal.Invoker.invokeTestMethods(Invoker.java:1231)
	at org.testng.internal.TestMethodWorker.invokeTestMethods(TestMethodWorker.java:127)
	at org.testng.internal.TestMethodWorker.run(TestMethodWorker.java:111)
	at org.testng.TestRunner.privateRun(TestRunner.java:767)
	at org.testng.TestRunner.run(TestRunner.java:617)
	at org.testng.SuiteRunner.runTest(SuiteRunner.java:334)
	at org.testng.SuiteRunner.access$000(SuiteRunner.java:37)
	at org.testng.SuiteRunner$SuiteWorker.run(SuiteRunner.java:368)
	at org.testng.internal.thread.ThreadUtil$2.call(ThreadUtil.java:64)
	at java.util.concurrent.FutureTask.run(FutureTask.java:262)
	at java.util.concurrent.ThreadPoolExecutor.runWorker(ThreadPoolExecutor.java:1145)
	at java.util.concurrent.ThreadPoolExecutor$Worker.run(ThreadPoolExecutor.java:615)
	at java.lang.Thread.run(Thread.java:745)
NestedThrowablesStackTrace:
Persistent class "Class teammates.storage.entity.Account does not seem to have been enhanced.  You may want to rerun the enhancer and check for errors in the output." has no table in the database, but the operation requires it. Please check the specification of the MetaData for this class.
org.datanucleus.store.exceptions.NoTableManagedException: Persistent class "Class teammates.storage.entity.Account does not seem to have been enhanced.  You may want to rerun the enhancer and check for errors in the output." has no table in the database, but the operation requires it. Please check the specification of the MetaData for this class.
	at org.datanucleus.store.appengine.DatastoreManager.getDatastoreClass(DatastoreManager.java:778)
	at org.datanucleus.store.appengine.DatastoreManager.getDatastoreClass(DatastoreManager.java:88)
	at org.datanucleus.store.appengine.EntityUtils.determineKind(EntityUtils.java:98)
	at org.datanucleus.store.appengine.EntityUtils.determineKind(EntityUtils.java:94)
	at org.datanucleus.store.appengine.EntityUtils.idToInternalKey(EntityUtils.java:124)
	at org.datanucleus.store.appengine.jdo.DatastoreJDOPersistenceManager.getObjectById(DatastoreJDOPersistenceManager.java:63)
	at teammates.storage.api.AccountsDb.getAccountEntity(AccountsDb.java:213)
	at teammates.storage.api.AccountsDb.getAccountEntity(AccountsDb.java:234)
	at teammates.storage.api.AccountsDb.getEntity(AccountsDb.java:239)
	at teammates.storage.api.EntitiesDb.createEntity(EntitiesDb.java:63)
	at teammates.storage.api.AccountsDb.createAccount(AccountsDb.java:51)
	at teammates.test.cases.storage.AccountsDbTest.createNewAccount(AccountsDbTest.java:305)
	at teammates.test.cases.storage.AccountsDbTest.testGetInstructorAccounts(AccountsDbTest.java:77)
	at sun.reflect.NativeMethodAccessorImpl.invoke0(Native Method)
	at sun.reflect.NativeMethodAccessorImpl.invoke(NativeMethodAccessorImpl.java:57)
	at sun.reflect.DelegatingMethodAccessorImpl.invoke(DelegatingMethodAccessorImpl.java:43)
	at java.lang.reflect.Method.invoke(Method.java:606)
	at org.testng.internal.MethodInvocationHelper.invokeMethod(MethodInvocationHelper.java:84)
	at org.testng.internal.Invoker.invokeMethod(Invoker.java:714)
	at org.testng.internal.Invoker.invokeTestMethod(Invoker.java:901)
	at org.testng.internal.Invoker.invokeTestMethods(Invoker.java:1231)
	at org.testng.internal.TestMethodWorker.invokeTestMethods(TestMethodWorker.java:127)
	at org.testng.internal.TestMethodWorker.run(TestMethodWorker.java:111)
	at org.testng.TestRunner.privateRun(TestRunner.java:767)
	at org.testng.TestRunner.run(TestRunner.java:617)
	at org.testng.SuiteRunner.runTest(SuiteRunner.java:334)
	at org.testng.SuiteRunner.access$000(SuiteRunner.java:37)
	at org.testng.SuiteRunner$SuiteWorker.run(SuiteRunner.java:368)
	at org.testng.internal.thread.ThreadUtil$2.call(ThreadUtil.java:64)
	at java.util.concurrent.FutureTask.run(FutureTask.java:262)
	at java.util.concurrent.ThreadPoolExecutor.runWorker(ThreadPoolExecutor.java:1145)
	at java.util.concurrent.ThreadPoolExecutor$Worker.run(ThreadPoolExecutor.java:615)
	at java.lang.Thread.run(Thread.java:745)
]]>
    </failure>
  </testcase> <!-- testGetInstructorAccounts -->
  <testcase name="testGetAccount" time="0.000" classname="teammates.test.cases.storage.AccountsDbTest">
    <failure type="javax.jdo.JDOUserException" message="Exception converting Account(&quot;valid.googleId&quot;) to an internal key.">
      <![CDATA[javax.jdo.JDOUserException: Exception converting Account("valid.googleId") to an internal key.
	at org.datanucleus.store.appengine.jdo.DatastoreJDOPersistenceManager.getObjectById(DatastoreJDOPersistenceManager.java:70)
	at teammates.storage.api.AccountsDb.getAccountEntity(AccountsDb.java:213)
	at teammates.storage.api.AccountsDb.getAccountEntity(AccountsDb.java:234)
	at teammates.storage.api.AccountsDb.getEntity(AccountsDb.java:239)
	at teammates.storage.api.EntitiesDb.createEntity(EntitiesDb.java:63)
	at teammates.storage.api.AccountsDb.createAccount(AccountsDb.java:51)
	at teammates.test.cases.storage.AccountsDbTest.createNewAccount(AccountsDbTest.java:305)
	at teammates.test.cases.storage.AccountsDbTest.testGetAccount(AccountsDbTest.java:47)
	at sun.reflect.NativeMethodAccessorImpl.invoke0(Native Method)
	at sun.reflect.NativeMethodAccessorImpl.invoke(NativeMethodAccessorImpl.java:57)
	at sun.reflect.DelegatingMethodAccessorImpl.invoke(DelegatingMethodAccessorImpl.java:43)
	at java.lang.reflect.Method.invoke(Method.java:606)
	at org.testng.internal.MethodInvocationHelper.invokeMethod(MethodInvocationHelper.java:84)
	at org.testng.internal.Invoker.invokeMethod(Invoker.java:714)
	at org.testng.internal.Invoker.invokeTestMethod(Invoker.java:901)
	at org.testng.internal.Invoker.invokeTestMethods(Invoker.java:1231)
	at org.testng.internal.TestMethodWorker.invokeTestMethods(TestMethodWorker.java:127)
	at org.testng.internal.TestMethodWorker.run(TestMethodWorker.java:111)
	at org.testng.TestRunner.privateRun(TestRunner.java:767)
	at org.testng.TestRunner.run(TestRunner.java:617)
	at org.testng.SuiteRunner.runTest(SuiteRunner.java:334)
	at org.testng.SuiteRunner.access$000(SuiteRunner.java:37)
	at org.testng.SuiteRunner$SuiteWorker.run(SuiteRunner.java:368)
	at org.testng.internal.thread.ThreadUtil$2.call(ThreadUtil.java:64)
	at java.util.concurrent.FutureTask.run(FutureTask.java:262)
	at java.util.concurrent.ThreadPoolExecutor.runWorker(ThreadPoolExecutor.java:1145)
	at java.util.concurrent.ThreadPoolExecutor$Worker.run(ThreadPoolExecutor.java:615)
	at java.lang.Thread.run(Thread.java:745)
NestedThrowablesStackTrace:
Persistent class "Class teammates.storage.entity.Account does not seem to have been enhanced.  You may want to rerun the enhancer and check for errors in the output." has no table in the database, but the operation requires it. Please check the specification of the MetaData for this class.
org.datanucleus.store.exceptions.NoTableManagedException: Persistent class "Class teammates.storage.entity.Account does not seem to have been enhanced.  You may want to rerun the enhancer and check for errors in the output." has no table in the database, but the operation requires it. Please check the specification of the MetaData for this class.
	at org.datanucleus.store.appengine.DatastoreManager.getDatastoreClass(DatastoreManager.java:778)
	at org.datanucleus.store.appengine.DatastoreManager.getDatastoreClass(DatastoreManager.java:88)
	at org.datanucleus.store.appengine.EntityUtils.determineKind(EntityUtils.java:98)
	at org.datanucleus.store.appengine.EntityUtils.determineKind(EntityUtils.java:94)
	at org.datanucleus.store.appengine.EntityUtils.idToInternalKey(EntityUtils.java:124)
	at org.datanucleus.store.appengine.jdo.DatastoreJDOPersistenceManager.getObjectById(DatastoreJDOPersistenceManager.java:63)
	at teammates.storage.api.AccountsDb.getAccountEntity(AccountsDb.java:213)
	at teammates.storage.api.AccountsDb.getAccountEntity(AccountsDb.java:234)
	at teammates.storage.api.AccountsDb.getEntity(AccountsDb.java:239)
	at teammates.storage.api.EntitiesDb.createEntity(EntitiesDb.java:63)
	at teammates.storage.api.AccountsDb.createAccount(AccountsDb.java:51)
	at teammates.test.cases.storage.AccountsDbTest.createNewAccount(AccountsDbTest.java:305)
	at teammates.test.cases.storage.AccountsDbTest.testGetAccount(AccountsDbTest.java:47)
	at sun.reflect.NativeMethodAccessorImpl.invoke0(Native Method)
	at sun.reflect.NativeMethodAccessorImpl.invoke(NativeMethodAccessorImpl.java:57)
	at sun.reflect.DelegatingMethodAccessorImpl.invoke(DelegatingMethodAccessorImpl.java:43)
	at java.lang.reflect.Method.invoke(Method.java:606)
	at org.testng.internal.MethodInvocationHelper.invokeMethod(MethodInvocationHelper.java:84)
	at org.testng.internal.Invoker.invokeMethod(Invoker.java:714)
	at org.testng.internal.Invoker.invokeTestMethod(Invoker.java:901)
	at org.testng.internal.Invoker.invokeTestMethods(Invoker.java:1231)
	at org.testng.internal.TestMethodWorker.invokeTestMethods(TestMethodWorker.java:127)
	at org.testng.internal.TestMethodWorker.run(TestMethodWorker.java:111)
	at org.testng.TestRunner.privateRun(TestRunner.java:767)
	at org.testng.TestRunner.run(TestRunner.java:617)
	at org.testng.SuiteRunner.runTest(SuiteRunner.java:334)
	at org.testng.SuiteRunner.access$000(SuiteRunner.java:37)
	at org.testng.SuiteRunner$SuiteWorker.run(SuiteRunner.java:368)
	at org.testng.internal.thread.ThreadUtil$2.call(ThreadUtil.java:64)
	at java.util.concurrent.FutureTask.run(FutureTask.java:262)
	at java.util.concurrent.ThreadPoolExecutor.runWorker(ThreadPoolExecutor.java:1145)
	at java.util.concurrent.ThreadPoolExecutor$Worker.run(ThreadPoolExecutor.java:615)
	at java.lang.Thread.run(Thread.java:745)
]]>
    </failure>
  </testcase> <!-- testGetAccount -->
  <testcase name="testCreateAccount" time="0.171" classname="teammates.test.cases.storage.AccountsDbTest">
    <failure type="javax.jdo.JDOUserException" message="Exception converting Account(&quot;test.account&quot;) to an internal key.">
      <![CDATA[javax.jdo.JDOUserException: Exception converting Account("test.account") to an internal key.
	at org.datanucleus.store.appengine.jdo.DatastoreJDOPersistenceManager.getObjectById(DatastoreJDOPersistenceManager.java:70)
	at teammates.storage.api.AccountsDb.getAccountEntity(AccountsDb.java:213)
	at teammates.storage.api.AccountsDb.getAccountEntity(AccountsDb.java:234)
	at teammates.storage.api.AccountsDb.getEntity(AccountsDb.java:239)
	at teammates.storage.api.EntitiesDb.createEntity(EntitiesDb.java:63)
	at teammates.storage.api.AccountsDb.createAccount(AccountsDb.java:51)
	at teammates.test.cases.storage.AccountsDbTest.testCreateAccount(AccountsDbTest.java:123)
	at sun.reflect.NativeMethodAccessorImpl.invoke0(Native Method)
	at sun.reflect.NativeMethodAccessorImpl.invoke(NativeMethodAccessorImpl.java:57)
	at sun.reflect.DelegatingMethodAccessorImpl.invoke(DelegatingMethodAccessorImpl.java:43)
	at java.lang.reflect.Method.invoke(Method.java:606)
	at org.testng.internal.MethodInvocationHelper.invokeMethod(MethodInvocationHelper.java:84)
	at org.testng.internal.Invoker.invokeMethod(Invoker.java:714)
	at org.testng.internal.Invoker.invokeTestMethod(Invoker.java:901)
	at org.testng.internal.Invoker.invokeTestMethods(Invoker.java:1231)
	at org.testng.internal.TestMethodWorker.invokeTestMethods(TestMethodWorker.java:127)
	at org.testng.internal.TestMethodWorker.run(TestMethodWorker.java:111)
	at org.testng.TestRunner.privateRun(TestRunner.java:767)
	at org.testng.TestRunner.run(TestRunner.java:617)
	at org.testng.SuiteRunner.runTest(SuiteRunner.java:334)
	at org.testng.SuiteRunner.access$000(SuiteRunner.java:37)
	at org.testng.SuiteRunner$SuiteWorker.run(SuiteRunner.java:368)
	at org.testng.internal.thread.ThreadUtil$2.call(ThreadUtil.java:64)
	at java.util.concurrent.FutureTask.run(FutureTask.java:262)
	at java.util.concurrent.ThreadPoolExecutor.runWorker(ThreadPoolExecutor.java:1145)
	at java.util.concurrent.ThreadPoolExecutor$Worker.run(ThreadPoolExecutor.java:615)
	at java.lang.Thread.run(Thread.java:745)
NestedThrowablesStackTrace:
Persistent class "Class teammates.storage.entity.Account does not seem to have been enhanced.  You may want to rerun the enhancer and check for errors in the output." has no table in the database, but the operation requires it. Please check the specification of the MetaData for this class.
org.datanucleus.store.exceptions.NoTableManagedException: Persistent class "Class teammates.storage.entity.Account does not seem to have been enhanced.  You may want to rerun the enhancer and check for errors in the output." has no table in the database, but the operation requires it. Please check the specification of the MetaData for this class.
	at org.datanucleus.store.appengine.DatastoreManager.getDatastoreClass(DatastoreManager.java:778)
	at org.datanucleus.store.appengine.DatastoreManager.getDatastoreClass(DatastoreManager.java:88)
	at org.datanucleus.store.appengine.EntityUtils.determineKind(EntityUtils.java:98)
	at org.datanucleus.store.appengine.EntityUtils.determineKind(EntityUtils.java:94)
	at org.datanucleus.store.appengine.EntityUtils.idToInternalKey(EntityUtils.java:124)
	at org.datanucleus.store.appengine.jdo.DatastoreJDOPersistenceManager.getObjectById(DatastoreJDOPersistenceManager.java:63)
	at teammates.storage.api.AccountsDb.getAccountEntity(AccountsDb.java:213)
	at teammates.storage.api.AccountsDb.getAccountEntity(AccountsDb.java:234)
	at teammates.storage.api.AccountsDb.getEntity(AccountsDb.java:239)
	at teammates.storage.api.EntitiesDb.createEntity(EntitiesDb.java:63)
	at teammates.storage.api.AccountsDb.createAccount(AccountsDb.java:51)
	at teammates.test.cases.storage.AccountsDbTest.testCreateAccount(AccountsDbTest.java:123)
	at sun.reflect.NativeMethodAccessorImpl.invoke0(Native Method)
	at sun.reflect.NativeMethodAccessorImpl.invoke(NativeMethodAccessorImpl.java:57)
	at sun.reflect.DelegatingMethodAccessorImpl.invoke(DelegatingMethodAccessorImpl.java:43)
	at java.lang.reflect.Method.invoke(Method.java:606)
	at org.testng.internal.MethodInvocationHelper.invokeMethod(MethodInvocationHelper.java:84)
	at org.testng.internal.Invoker.invokeMethod(Invoker.java:714)
	at org.testng.internal.Invoker.invokeTestMethod(Invoker.java:901)
	at org.testng.internal.Invoker.invokeTestMethods(Invoker.java:1231)
	at org.testng.internal.TestMethodWorker.invokeTestMethods(TestMethodWorker.java:127)
	at org.testng.internal.TestMethodWorker.run(TestMethodWorker.java:111)
	at org.testng.TestRunner.privateRun(TestRunner.java:767)
	at org.testng.TestRunner.run(TestRunner.java:617)
	at org.testng.SuiteRunner.runTest(SuiteRunner.java:334)
	at org.testng.SuiteRunner.access$000(SuiteRunner.java:37)
	at org.testng.SuiteRunner$SuiteWorker.run(SuiteRunner.java:368)
	at org.testng.internal.thread.ThreadUtil$2.call(ThreadUtil.java:64)
	at java.util.concurrent.FutureTask.run(FutureTask.java:262)
	at java.util.concurrent.ThreadPoolExecutor.runWorker(ThreadPoolExecutor.java:1145)
	at java.util.concurrent.ThreadPoolExecutor$Worker.run(ThreadPoolExecutor.java:615)
	at java.lang.Thread.run(Thread.java:745)
]]>
    </failure>
  </testcase> <!-- testCreateAccount -->
  <testcase name="testDeleteAccount" time="0.000" classname="teammates.test.cases.storage.AccountsDbTest">
    <failure type="javax.jdo.JDOUserException" message="Exception converting Account(&quot;valid.googleId&quot;) to an internal key.">
      <![CDATA[javax.jdo.JDOUserException: Exception converting Account("valid.googleId") to an internal key.
	at org.datanucleus.store.appengine.jdo.DatastoreJDOPersistenceManager.getObjectById(DatastoreJDOPersistenceManager.java:70)
	at teammates.storage.api.AccountsDb.getAccountEntity(AccountsDb.java:213)
	at teammates.storage.api.AccountsDb.getAccountEntity(AccountsDb.java:234)
	at teammates.storage.api.AccountsDb.getEntity(AccountsDb.java:239)
	at teammates.storage.api.EntitiesDb.createEntity(EntitiesDb.java:63)
	at teammates.storage.api.AccountsDb.createAccount(AccountsDb.java:51)
	at teammates.test.cases.storage.AccountsDbTest.createNewAccount(AccountsDbTest.java:305)
	at teammates.test.cases.storage.AccountsDbTest.testDeleteAccount(AccountsDbTest.java:272)
	at sun.reflect.NativeMethodAccessorImpl.invoke0(Native Method)
	at sun.reflect.NativeMethodAccessorImpl.invoke(NativeMethodAccessorImpl.java:57)
	at sun.reflect.DelegatingMethodAccessorImpl.invoke(DelegatingMethodAccessorImpl.java:43)
	at java.lang.reflect.Method.invoke(Method.java:606)
	at org.testng.internal.MethodInvocationHelper.invokeMethod(MethodInvocationHelper.java:84)
	at org.testng.internal.Invoker.invokeMethod(Invoker.java:714)
	at org.testng.internal.Invoker.invokeTestMethod(Invoker.java:901)
	at org.testng.internal.Invoker.invokeTestMethods(Invoker.java:1231)
	at org.testng.internal.TestMethodWorker.invokeTestMethods(TestMethodWorker.java:127)
	at org.testng.internal.TestMethodWorker.run(TestMethodWorker.java:111)
	at org.testng.TestRunner.privateRun(TestRunner.java:767)
	at org.testng.TestRunner.run(TestRunner.java:617)
	at org.testng.SuiteRunner.runTest(SuiteRunner.java:334)
	at org.testng.SuiteRunner.access$000(SuiteRunner.java:37)
	at org.testng.SuiteRunner$SuiteWorker.run(SuiteRunner.java:368)
	at org.testng.internal.thread.ThreadUtil$2.call(ThreadUtil.java:64)
	at java.util.concurrent.FutureTask.run(FutureTask.java:262)
	at java.util.concurrent.ThreadPoolExecutor.runWorker(ThreadPoolExecutor.java:1145)
	at java.util.concurrent.ThreadPoolExecutor$Worker.run(ThreadPoolExecutor.java:615)
	at java.lang.Thread.run(Thread.java:745)
NestedThrowablesStackTrace:
Persistent class "Class teammates.storage.entity.Account does not seem to have been enhanced.  You may want to rerun the enhancer and check for errors in the output." has no table in the database, but the operation requires it. Please check the specification of the MetaData for this class.
org.datanucleus.store.exceptions.NoTableManagedException: Persistent class "Class teammates.storage.entity.Account does not seem to have been enhanced.  You may want to rerun the enhancer and check for errors in the output." has no table in the database, but the operation requires it. Please check the specification of the MetaData for this class.
	at org.datanucleus.store.appengine.DatastoreManager.getDatastoreClass(DatastoreManager.java:778)
	at org.datanucleus.store.appengine.DatastoreManager.getDatastoreClass(DatastoreManager.java:88)
	at org.datanucleus.store.appengine.EntityUtils.determineKind(EntityUtils.java:98)
	at org.datanucleus.store.appengine.EntityUtils.determineKind(EntityUtils.java:94)
	at org.datanucleus.store.appengine.EntityUtils.idToInternalKey(EntityUtils.java:124)
	at org.datanucleus.store.appengine.jdo.DatastoreJDOPersistenceManager.getObjectById(DatastoreJDOPersistenceManager.java:63)
	at teammates.storage.api.AccountsDb.getAccountEntity(AccountsDb.java:213)
	at teammates.storage.api.AccountsDb.getAccountEntity(AccountsDb.java:234)
	at teammates.storage.api.AccountsDb.getEntity(AccountsDb.java:239)
	at teammates.storage.api.EntitiesDb.createEntity(EntitiesDb.java:63)
	at teammates.storage.api.AccountsDb.createAccount(AccountsDb.java:51)
	at teammates.test.cases.storage.AccountsDbTest.createNewAccount(AccountsDbTest.java:305)
	at teammates.test.cases.storage.AccountsDbTest.testDeleteAccount(AccountsDbTest.java:272)
	at sun.reflect.NativeMethodAccessorImpl.invoke0(Native Method)
	at sun.reflect.NativeMethodAccessorImpl.invoke(NativeMethodAccessorImpl.java:57)
	at sun.reflect.DelegatingMethodAccessorImpl.invoke(DelegatingMethodAccessorImpl.java:43)
	at java.lang.reflect.Method.invoke(Method.java:606)
	at org.testng.internal.MethodInvocationHelper.invokeMethod(MethodInvocationHelper.java:84)
	at org.testng.internal.Invoker.invokeMethod(Invoker.java:714)
	at org.testng.internal.Invoker.invokeTestMethod(Invoker.java:901)
	at org.testng.internal.Invoker.invokeTestMethods(Invoker.java:1231)
	at org.testng.internal.TestMethodWorker.invokeTestMethods(TestMethodWorker.java:127)
	at org.testng.internal.TestMethodWorker.run(TestMethodWorker.java:111)
	at org.testng.TestRunner.privateRun(TestRunner.java:767)
	at org.testng.TestRunner.run(TestRunner.java:617)
	at org.testng.SuiteRunner.runTest(SuiteRunner.java:334)
	at org.testng.SuiteRunner.access$000(SuiteRunner.java:37)
	at org.testng.SuiteRunner$SuiteWorker.run(SuiteRunner.java:368)
	at org.testng.internal.thread.ThreadUtil$2.call(ThreadUtil.java:64)
	at java.util.concurrent.FutureTask.run(FutureTask.java:262)
	at java.util.concurrent.ThreadPoolExecutor.runWorker(ThreadPoolExecutor.java:1145)
	at java.util.concurrent.ThreadPoolExecutor$Worker.run(ThreadPoolExecutor.java:615)
	at java.lang.Thread.run(Thread.java:745)
]]>
    </failure>
  </testcase> <!-- testDeleteAccount -->
  <testcase name="testEditAccount" time="0.000" classname="teammates.test.cases.storage.AccountsDbTest">
    <failure type="javax.jdo.JDOUserException" message="Exception converting Account(&quot;valid.googleId&quot;) to an internal key.">
      <![CDATA[javax.jdo.JDOUserException: Exception converting Account("valid.googleId") to an internal key.
	at org.datanucleus.store.appengine.jdo.DatastoreJDOPersistenceManager.getObjectById(DatastoreJDOPersistenceManager.java:70)
	at teammates.storage.api.AccountsDb.getAccountEntity(AccountsDb.java:213)
	at teammates.storage.api.AccountsDb.getAccountEntity(AccountsDb.java:234)
	at teammates.storage.api.AccountsDb.getEntity(AccountsDb.java:239)
	at teammates.storage.api.EntitiesDb.createEntity(EntitiesDb.java:63)
	at teammates.storage.api.AccountsDb.createAccount(AccountsDb.java:51)
	at teammates.test.cases.storage.AccountsDbTest.createNewAccount(AccountsDbTest.java:305)
	at teammates.test.cases.storage.AccountsDbTest.testEditAccount(AccountsDbTest.java:185)
	at sun.reflect.NativeMethodAccessorImpl.invoke0(Native Method)
	at sun.reflect.NativeMethodAccessorImpl.invoke(NativeMethodAccessorImpl.java:57)
	at sun.reflect.DelegatingMethodAccessorImpl.invoke(DelegatingMethodAccessorImpl.java:43)
	at java.lang.reflect.Method.invoke(Method.java:606)
	at org.testng.internal.MethodInvocationHelper.invokeMethod(MethodInvocationHelper.java:84)
	at org.testng.internal.Invoker.invokeMethod(Invoker.java:714)
	at org.testng.internal.Invoker.invokeTestMethod(Invoker.java:901)
	at org.testng.internal.Invoker.invokeTestMethods(Invoker.java:1231)
	at org.testng.internal.TestMethodWorker.invokeTestMethods(TestMethodWorker.java:127)
	at org.testng.internal.TestMethodWorker.run(TestMethodWorker.java:111)
	at org.testng.TestRunner.privateRun(TestRunner.java:767)
	at org.testng.TestRunner.run(TestRunner.java:617)
	at org.testng.SuiteRunner.runTest(SuiteRunner.java:334)
	at org.testng.SuiteRunner.access$000(SuiteRunner.java:37)
	at org.testng.SuiteRunner$SuiteWorker.run(SuiteRunner.java:368)
	at org.testng.internal.thread.ThreadUtil$2.call(ThreadUtil.java:64)
	at java.util.concurrent.FutureTask.run(FutureTask.java:262)
	at java.util.concurrent.ThreadPoolExecutor.runWorker(ThreadPoolExecutor.java:1145)
	at java.util.concurrent.ThreadPoolExecutor$Worker.run(ThreadPoolExecutor.java:615)
	at java.lang.Thread.run(Thread.java:745)
NestedThrowablesStackTrace:
Persistent class "Class teammates.storage.entity.Account does not seem to have been enhanced.  You may want to rerun the enhancer and check for errors in the output." has no table in the database, but the operation requires it. Please check the specification of the MetaData for this class.
org.datanucleus.store.exceptions.NoTableManagedException: Persistent class "Class teammates.storage.entity.Account does not seem to have been enhanced.  You may want to rerun the enhancer and check for errors in the output." has no table in the database, but the operation requires it. Please check the specification of the MetaData for this class.
	at org.datanucleus.store.appengine.DatastoreManager.getDatastoreClass(DatastoreManager.java:778)
	at org.datanucleus.store.appengine.DatastoreManager.getDatastoreClass(DatastoreManager.java:88)
	at org.datanucleus.store.appengine.EntityUtils.determineKind(EntityUtils.java:98)
	at org.datanucleus.store.appengine.EntityUtils.determineKind(EntityUtils.java:94)
	at org.datanucleus.store.appengine.EntityUtils.idToInternalKey(EntityUtils.java:124)
	at org.datanucleus.store.appengine.jdo.DatastoreJDOPersistenceManager.getObjectById(DatastoreJDOPersistenceManager.java:63)
	at teammates.storage.api.AccountsDb.getAccountEntity(AccountsDb.java:213)
	at teammates.storage.api.AccountsDb.getAccountEntity(AccountsDb.java:234)
	at teammates.storage.api.AccountsDb.getEntity(AccountsDb.java:239)
	at teammates.storage.api.EntitiesDb.createEntity(EntitiesDb.java:63)
	at teammates.storage.api.AccountsDb.createAccount(AccountsDb.java:51)
	at teammates.test.cases.storage.AccountsDbTest.createNewAccount(AccountsDbTest.java:305)
	at teammates.test.cases.storage.AccountsDbTest.testEditAccount(AccountsDbTest.java:185)
	at sun.reflect.NativeMethodAccessorImpl.invoke0(Native Method)
	at sun.reflect.NativeMethodAccessorImpl.invoke(NativeMethodAccessorImpl.java:57)
	at sun.reflect.DelegatingMethodAccessorImpl.invoke(DelegatingMethodAccessorImpl.java:43)
	at java.lang.reflect.Method.invoke(Method.java:606)
	at org.testng.internal.MethodInvocationHelper.invokeMethod(MethodInvocationHelper.java:84)
	at org.testng.internal.Invoker.invokeMethod(Invoker.java:714)
	at org.testng.internal.Invoker.invokeTestMethod(Invoker.java:901)
	at org.testng.internal.Invoker.invokeTestMethods(Invoker.java:1231)
	at org.testng.internal.TestMethodWorker.invokeTestMethods(TestMethodWorker.java:127)
	at org.testng.internal.TestMethodWorker.run(TestMethodWorker.java:111)
	at org.testng.TestRunner.privateRun(TestRunner.java:767)
	at org.testng.TestRunner.run(TestRunner.java:617)
	at org.testng.SuiteRunner.runTest(SuiteRunner.java:334)
	at org.testng.SuiteRunner.access$000(SuiteRunner.java:37)
	at org.testng.SuiteRunner$SuiteWorker.run(SuiteRunner.java:368)
	at org.testng.internal.thread.ThreadUtil$2.call(ThreadUtil.java:64)
	at java.util.concurrent.FutureTask.run(FutureTask.java:262)
	at java.util.concurrent.ThreadPoolExecutor.runWorker(ThreadPoolExecutor.java:1145)
	at java.util.concurrent.ThreadPoolExecutor$Worker.run(ThreadPoolExecutor.java:615)
	at java.lang.Thread.run(Thread.java:745)
]]>
    </failure>
  </testcase> <!-- testEditAccount -->
</testsuite> <!-- teammates.test.cases.storage.AccountsDbTest -->
