<?xml version="1.0" encoding="UTF-8"?>
<!-- Generated by org.testng.reporters.JUnitReportReporter -->
<testsuite hostname="soccf-tr5-001" name="teammates.test.cases.ui.browsertests.StudentFeedbackSubmitPageUiTest" tests="1" failures="0" timestamp="8 Oct 2014 11:52:49 GMT" time="185.965" errors="0">
  <testcase name="testAll" time="185.965" classname="teammates.test.cases.ui.browsertests.StudentFeedbackSubmitPageUiTest"/>
</testsuite> <!-- teammates.test.cases.ui.browsertests.StudentFeedbackSubmitPageUiTest -->
