<?xml version="1.0" encoding="UTF-8"?>
<!-- Generated by org.testng.reporters.JUnitReportReporter -->
<testsuite hostname="soccf-tr5-001" name="teammates.test.cases.ui.InstructorFeedbackCopyActionTest" tests="2" failures="0" timestamp="2 Jan 2015 09:17:12 GMT" time="3.728" errors="0">
  <testcase name="testExecuteAndPostProcess" time="1.981" classname="teammates.test.cases.ui.InstructorFeedbackCopyActionTest"/>
  <testcase name="testAccessControl" time="1.747" classname="teammates.test.cases.ui.InstructorFeedbackCopyActionTest"/>
</testsuite> <!-- teammates.test.cases.ui.InstructorFeedbackCopyActionTest -->
