<?xml version="1.0" encoding="UTF-8"?>
<!-- Generated by org.testng.reporters.JUnitReportReporter -->
<testsuite hostname="soccf-tr5-001" name="teammates.test.cases.storage.FeedbackSessionsDbTest" tests="3" failures="0" timestamp="1 Oct 2014 11:57:39 GMT" time="0.437" errors="0">
  <testcase name="testUpdateFeedbackSession" time="0.015" classname="teammates.test.cases.storage.FeedbackSessionsDbTest"/>
  <testcase name="testAllGetFeedbackSessions" time="0.406" classname="teammates.test.cases.storage.FeedbackSessionsDbTest"/>
  <testcase name="testCreateDeleteFeedbackSession" time="0.016" classname="teammates.test.cases.storage.FeedbackSessionsDbTest"/>
</testsuite> <!-- teammates.test.cases.storage.FeedbackSessionsDbTest -->
