<?xml version="1.0" encoding="UTF-8"?>
<!-- Generated by org.testng.reporters.JUnitReportReporter -->
<testsuite hostname="soccf-tr5-001" name="teammates.test.cases.ui.InstructorEvalEditPageActionTest" tests="1" failures="0" timestamp="24 Sep 2014 13:40:10 GMT" time="0.015" errors="0">
  <testcase name="testExecuteAndPostProcess" time="0.015" classname="teammates.test.cases.ui.InstructorEvalEditPageActionTest"/>
</testsuite> <!-- teammates.test.cases.ui.InstructorEvalEditPageActionTest -->
