<?xml version="1.0" encoding="UTF-8"?>
<!-- Generated by org.testng.reporters.JUnitReportReporter -->
<testsuite hostname="soccf-tr5-001" name="teammates.test.cases.ui.browsertests.TableSortTest" tests="6" failures="0" timestamp="29 Oct 2014 13:47:49 GMT" time="3.261" errors="0">
  <testcase name="testTableSortingName" time="1.031" classname="teammates.test.cases.ui.browsertests.TableSortTest"/>
  <testcase name="testTableSortingDate" time="0.421" classname="teammates.test.cases.ui.browsertests.TableSortTest"/>
  <testcase name="testTableSortingPoint" time="0.296" classname="teammates.test.cases.ui.browsertests.TableSortTest"/>
  <testcase name="testTableSortingID" time="0.374" classname="teammates.test.cases.ui.browsertests.TableSortTest"/>
  <testcase name="testTableSortingDiff" time="0.421" classname="teammates.test.cases.ui.browsertests.TableSortTest"/>
  <testcase name="testStableSort" time="0.718" classname="teammates.test.cases.ui.browsertests.TableSortTest"/>
</testsuite> <!-- teammates.test.cases.ui.browsertests.TableSortTest -->
