<?xml version="1.0" encoding="UTF-8"?>
<!-- Generated by org.testng.reporters.JUnitReportReporter -->
<testsuite hostname="soccf-tr5-001" name="teammates.test.cases.storage.AccountsDbTest" tests="5" failures="0" timestamp="25 Feb 2015 13:04:49 GMT" time="2.042" errors="0">
  <testcase name="testCreateAccount" time="0.764" classname="teammates.test.cases.storage.AccountsDbTest"/>
  <testcase name="testDeleteAccount" time="1.075" classname="teammates.test.cases.storage.AccountsDbTest"/>
  <testcase name="testGetAccount" time="0.015" classname="teammates.test.cases.storage.AccountsDbTest"/>
  <testcase name="testEditAccount" time="0.032" classname="teammates.test.cases.storage.AccountsDbTest"/>
  <testcase name="testGetInstructorAccounts" time="0.156" classname="teammates.test.cases.storage.AccountsDbTest"/>
</testsuite> <!-- teammates.test.cases.storage.AccountsDbTest -->
