<?xml version="1.0" encoding="UTF-8"?>
<!-- Generated by org.testng.reporters.JUnitReportReporter -->
<testsuite hostname="soccf-tr5-001" name="teammates.test.cases.ui.browsertests.InstructorFeedbackResultsPageUiTest" tests="1" failures="0" timestamp="21 Aug 2014 09:02:02 GMT" time="168.106" errors="0">
  <testcase name="testAll" time="168.106" classname="teammates.test.cases.ui.browsertests.InstructorFeedbackResultsPageUiTest"/>
</testsuite> <!-- teammates.test.cases.ui.browsertests.InstructorFeedbackResultsPageUiTest -->
