<?xml version="1.0" encoding="UTF-8"?>
<!-- Generated by org.testng.reporters.JUnitReportReporter -->
<testsuite hostname="soccf-tr5-001" name="teammates.test.cases.ui.browsertests.TableSortTest" tests="6" failures="0" timestamp="25 Feb 2015 13:04:50 GMT" time="2.604" errors="0">
  <testcase name="testTableSortingDate" time="0.422" classname="teammates.test.cases.ui.browsertests.TableSortTest"/>
  <testcase name="testStableSort" time="0.483" classname="teammates.test.cases.ui.browsertests.TableSortTest"/>
  <testcase name="testTableSortingDiff" time="0.483" classname="teammates.test.cases.ui.browsertests.TableSortTest"/>
  <testcase name="testTableSortingPoint" time="0.795" classname="teammates.test.cases.ui.browsertests.TableSortTest"/>
  <testcase name="testTableSortingID" time="0.219" classname="teammates.test.cases.ui.browsertests.TableSortTest"/>
  <testcase name="testTableSortingName" time="0.202" classname="teammates.test.cases.ui.browsertests.TableSortTest"/>
</testsuite> <!-- teammates.test.cases.ui.browsertests.TableSortTest -->
