<?xml version="1.0" encoding="UTF-8"?>
<!-- Generated by org.testng.reporters.JUnitReportReporter -->
<testsuite hostname="soccf-tr5-001" name="teammates.test.cases.ui.browsertests.InstructorCourseEditPageUiTest" tests="1" failures="0" timestamp="8 Oct 2014 15:54:50 GMT" time="209.177" errors="0">
  <testcase name="allTests" time="209.177" classname="teammates.test.cases.ui.browsertests.InstructorCourseEditPageUiTest"/>
</testsuite> <!-- teammates.test.cases.ui.browsertests.InstructorCourseEditPageUiTest -->
