<?xml version="1.0" encoding="UTF-8"?>
<!-- Generated by org.testng.reporters.JUnitReportReporter -->
<testsuite hostname="soccf-tr5-001" name="teammates.test.cases.storage.ProfilesDbTest" tests="4" failures="0" timestamp="14 Sep 2014 18:19:38 GMT" time="0.234" errors="0">
  <testcase name="testUpdateStudentProfilePicture" time="0.047" classname="teammates.test.cases.storage.ProfilesDbTest"/>
  <testcase name="testGetStudentProfile" time="0.000" classname="teammates.test.cases.storage.ProfilesDbTest"/>
  <testcase name="testDeleteProfilePicture" time="0.015" classname="teammates.test.cases.storage.ProfilesDbTest"/>
  <testcase name="testUpdateStudentProfile" time="0.172" classname="teammates.test.cases.storage.ProfilesDbTest"/>
</testsuite> <!-- teammates.test.cases.storage.ProfilesDbTest -->
