<?xml version="1.0" encoding="UTF-8"?>
<!-- Generated by org.testng.reporters.JUnitReportReporter -->
<testsuite hostname="soccf-tr5-001" name="teammates.test.cases.ui.InstructorFeedbackSubmissionEditSaveActionTest" tests="2" failures="0" timestamp="10 Sep 2014 12:56:05 GMT" time="4.040" errors="0">
  <testcase name="testGracePeriodExecuteAndPostProcess" time="0.296" classname="teammates.test.cases.ui.InstructorFeedbackSubmissionEditSaveActionTest"/>
  <testcase name="testExecuteAndPostProcess" time="3.744" classname="teammates.test.cases.ui.InstructorFeedbackSubmissionEditSaveActionTest"/>
</testsuite> <!-- teammates.test.cases.ui.InstructorFeedbackSubmissionEditSaveActionTest -->
