<?xml version="1.0" encoding="UTF-8"?>
<!-- Generated by org.testng.reporters.JUnitReportReporter -->
<testsuite hostname="soccf-tr5-001" name="teammates.test.cases.ui.StudentEvalSubmissionEditSaveActionTest" tests="2" failures="0" timestamp="7 Aug 2014 03:44:31 GMT" time="0.178" errors="0">
  <testcase name="testExecuteAndPostProcess" time="0.106" classname="teammates.test.cases.ui.StudentEvalSubmissionEditSaveActionTest"/>
  <testcase name="testValidation" time="0.072" classname="teammates.test.cases.ui.StudentEvalSubmissionEditSaveActionTest"/>
</testsuite> <!-- teammates.test.cases.ui.StudentEvalSubmissionEditSaveActionTest -->
