<?xml version="1.0" encoding="UTF-8"?>
<!-- Generated by org.testng.reporters.JUnitReportReporter -->
<testsuite hostname="soccf-tr5-001" name="teammates.test.cases.common.FeedbackQuestionAttributesTest" tests="2" failures="0" timestamp="8 Oct 2014 19:23:16 GMT" time="0.000" errors="0">
  <testcase name="testRemoveIrrelevantVisibilityOptions" time="0.000" classname="teammates.test.cases.common.FeedbackQuestionAttributesTest"/>
  <testcase name="testValidate" time="0.000" classname="teammates.test.cases.common.FeedbackQuestionAttributesTest"/>
</testsuite> <!-- teammates.test.cases.common.FeedbackQuestionAttributesTest -->
