<?xml version="1.0" encoding="UTF-8"?>
<!-- Generated by org.testng.reporters.JUnitReportReporter -->
<testsuite hostname="soccf-tr5-001" name="teammates.test.cases.common.EvaluationAttributesTest" tests="8" failures="0" timestamp="1 Oct 2014 11:57:39 GMT" time="0.249" errors="0">
  <testcase name="testIsReady" time="0.000" classname="teammates.test.cases.common.EvaluationAttributesTest"/>
  <testcase name="testValidate" time="0.000" classname="teammates.test.cases.common.EvaluationAttributesTest"/>
  <testcase name="testIsValid" time="0.000" classname="teammates.test.cases.common.EvaluationAttributesTest"/>
  <testcase name="testCalculateEvalStatus" time="0.015" classname="teammates.test.cases.common.EvaluationAttributesTest"/>
  <testcase name="testSetDerivedAttributes" time="0.234" classname="teammates.test.cases.common.EvaluationAttributesTest"/>
  <testcase name="testSanitizeForSaving" time="0.000" classname="teammates.test.cases.common.EvaluationAttributesTest"/>
  <testcase name="testToString" time="0.000" classname="teammates.test.cases.common.EvaluationAttributesTest"/>
  <testcase name="testGetInvalidStateInfo" time="0.000" classname="teammates.test.cases.common.EvaluationAttributesTest"/>
</testsuite> <!-- teammates.test.cases.common.EvaluationAttributesTest -->
