<?xml version="1.0" encoding="UTF-8"?>
<!-- Generated by org.testng.reporters.JUnitReportReporter -->
<testsuite hostname="soccf-tr5-001" name="teammates.test.cases.ui.InstructorFeedbackPreviewAsStudentActionTest" tests="1" failures="0" timestamp="29 Oct 2014 13:47:50 GMT" time="0.032" errors="0">
  <testcase name="testExecuteAndPostProcess" time="0.032" classname="teammates.test.cases.ui.InstructorFeedbackPreviewAsStudentActionTest"/>
</testsuite> <!-- teammates.test.cases.ui.InstructorFeedbackPreviewAsStudentActionTest -->
