<?xml version="1.0" encoding="UTF-8"?>
<!-- Generated by org.testng.reporters.JUnitReportReporter -->
<testsuite hostname="soccf-tr5-001" name="teammates.test.cases.ui.browsertests.InstructorEvalResultsPageUiTest" tests="4" failures="0" timestamp="21 Aug 2014 08:55:40 GMT" time="74.193" errors="0">
  <testcase name="testP2PDisabledEval" time="5.179" classname="teammates.test.cases.ui.browsertests.InstructorEvalResultsPageUiTest"/>
  <testcase name="testPublishedEval" time="10.156" classname="teammates.test.cases.ui.browsertests.InstructorEvalResultsPageUiTest"/>
  <testcase name="testClosedEval" time="14.789" classname="teammates.test.cases.ui.browsertests.InstructorEvalResultsPageUiTest"/>
  <testcase name="testOpenEval" time="44.069" classname="teammates.test.cases.ui.browsertests.InstructorEvalResultsPageUiTest"/>
</testsuite> <!-- teammates.test.cases.ui.browsertests.InstructorEvalResultsPageUiTest -->
