<?xml version="1.0" encoding="UTF-8"?>
<!-- Generated by org.testng.reporters.JUnitReportReporter -->
<testsuite hostname="soccf-tr5-001" name="teammates.test.cases.ui.browsertests.InstructorEvalSubmissionViewPageUiTest" tests="1" failures="0" timestamp="26 Sep 2014 15:57:47 GMT" time="32.151" errors="0">
  <testcase name="testAll" time="32.151" classname="teammates.test.cases.ui.browsertests.InstructorEvalSubmissionViewPageUiTest"/>
</testsuite> <!-- teammates.test.cases.ui.browsertests.InstructorEvalSubmissionViewPageUiTest -->
