<?xml version="1.0" encoding="UTF-8"?>
<!-- Generated by org.testng.reporters.JUnitReportReporter -->
<testsuite hostname="soccf-tr5-001" name="teammates.test.cases.ui.browsertests.StudentCourseJoinConfirmationPageUiTest" tests="1" failures="0" timestamp="20 Aug 2014 12:29:44 GMT" time="62.433" errors="0">
  <testcase name="testAll" time="62.433" classname="teammates.test.cases.ui.browsertests.StudentCourseJoinConfirmationPageUiTest"/>
</testsuite> <!-- teammates.test.cases.ui.browsertests.StudentCourseJoinConfirmationPageUiTest -->
