<?xml version="1.0" encoding="UTF-8"?>
<!-- Generated by org.testng.reporters.JUnitReportReporter -->
<testsuite hostname="soccf-tr5-001" name="teammates.test.cases.ui.StudentFeedbackSubmissionEditSaveActionTest" tests="2" failures="0" timestamp="7 Aug 2014 04:48:38 GMT" time="2.497" errors="0">
  <testcase name="testExecuteAndPostProcess" time="2.341" classname="teammates.test.cases.ui.StudentFeedbackSubmissionEditSaveActionTest"/>
  <testcase name="testGracePeriodExecuteAndPostProcess" time="0.156" classname="teammates.test.cases.ui.StudentFeedbackSubmissionEditSaveActionTest"/>
</testsuite> <!-- teammates.test.cases.ui.StudentFeedbackSubmissionEditSaveActionTest -->
