<?xml version="1.0" encoding="UTF-8"?>
<!-- Generated by org.testng.reporters.JUnitReportReporter -->
<testsuite hostname="soccf-tr5-001" name="teammates.test.cases.ui.browsertests.InstructorFeedbackPageUiTest" tests="1" failures="0" timestamp="22 Sep 2014 13:13:15 GMT" time="810.193" errors="0">
  <testcase name="allTests" time="810.193" classname="teammates.test.cases.ui.browsertests.InstructorFeedbackPageUiTest"/>
</testsuite> <!-- teammates.test.cases.ui.browsertests.InstructorFeedbackPageUiTest -->
