<?xml version="1.0" encoding="UTF-8"?>
<!-- Generated by org.testng.reporters.JUnitReportReporter -->
<testsuite hostname="soccf-tr5-001" name="teammates.test.cases.ui.InstructorFeedbackResultsDownloadActionTest" tests="1" failures="0" timestamp="7 Aug 2014 03:44:33 GMT" time="0.062" errors="0">
  <testcase name="testExecuteAndPostProcess" time="0.062" classname="teammates.test.cases.ui.InstructorFeedbackResultsDownloadActionTest"/>
</testsuite> <!-- teammates.test.cases.ui.InstructorFeedbackResultsDownloadActionTest -->
