<?xml version="1.0" encoding="UTF-8"?>
<!-- Generated by org.testng.reporters.JUnitReportReporter -->
<testsuite hostname="soccf-tr5-001" name="teammates.test.automated.EvaluationOpeningReminderTest" tests="2" failures="0" timestamp="29 Oct 2014 13:17:37 GMT" time="3.073" errors="0">
  <testcase name="testAdditionOfTaskToTaskQueue" time="2.043" classname="teammates.test.automated.EvaluationOpeningReminderTest"/>
  <testcase name="testEvaluationOpeningMailAction" time="1.030" classname="teammates.test.automated.EvaluationOpeningReminderTest"/>
</testsuite> <!-- teammates.test.automated.EvaluationOpeningReminderTest -->
