<?xml version="1.0" encoding="UTF-8"?>
<!-- Generated by org.testng.reporters.JUnitReportReporter -->
<testsuite hostname="soccf-tr5-001" name="teammates.test.cases.ui.InstructorFeedbackCopyActionTest" tests="2" failures="0" timestamp="15 Sep 2014 10:43:01 GMT" time="5.662" errors="0">
  <testcase name="testAccessControl" time="2.745" classname="teammates.test.cases.ui.InstructorFeedbackCopyActionTest"/>
  <testcase name="testExecuteAndPostProcess" time="2.917" classname="teammates.test.cases.ui.InstructorFeedbackCopyActionTest"/>
</testsuite> <!-- teammates.test.cases.ui.InstructorFeedbackCopyActionTest -->
