<?xml version="1.0" encoding="UTF-8"?>
<!-- Generated by org.testng.reporters.JUnitReportReporter -->
<testsuite hostname="soccf-tr5-001" name="teammates.test.automated.FeedbackSessionPublishedReminderTest" tests="2" failures="0" timestamp="6 Aug 2014 08:31:50 GMT" time="4.323" errors="0">
  <testcase name="testAdditionOfTaskToTaskQueue" time="3.152" classname="teammates.test.automated.FeedbackSessionPublishedReminderTest"/>
  <testcase name="testFeedbackSessionOpeningMailAction" time="1.171" classname="teammates.test.automated.FeedbackSessionPublishedReminderTest"/>
</testsuite> <!-- teammates.test.automated.FeedbackSessionPublishedReminderTest -->
