<?xml version="1.0" encoding="UTF-8"?>
<!-- Generated by org.testng.reporters.JUnitReportReporter -->
<testsuite hostname="soccf-tr5-001" name="teammates.test.cases.ui.StudentHomePageActionTest" tests="1" failures="0" timestamp="28 Aug 2014 05:20:38 GMT" time="0.624" errors="0">
  <testcase name="testExecuteAndPostProcess" time="0.624" classname="teammates.test.cases.ui.StudentHomePageActionTest"/>
</testsuite> <!-- teammates.test.cases.ui.StudentHomePageActionTest -->
