<?xml version="1.0" encoding="UTF-8"?>
<!-- Generated by org.testng.reporters.JUnitReportReporter -->
<testsuite hostname="soccf-tr5-001" name="teammates.test.cases.logic.FeedbackSessionEmailTaskQueueTest" tests="4" failures="0" timestamp="20 Aug 2014 12:29:45 GMT" time="10.315" errors="0">
  <testcase name="testScheduleFeedbackSessionOpeningEmails" time="3.090" classname="teammates.test.cases.logic.FeedbackSessionEmailTaskQueueTest"/>
  <testcase name="testAll" time="3.105" classname="teammates.test.cases.logic.FeedbackSessionEmailTaskQueueTest"/>
  <testcase name="testScheduleFeedbackSessionPublishedEmails" time="2.060" classname="teammates.test.cases.logic.FeedbackSessionEmailTaskQueueTest"/>
  <testcase name="testScheduleFeedbackSessionClosingEmails" time="2.060" classname="teammates.test.cases.logic.FeedbackSessionEmailTaskQueueTest"/>
</testsuite> <!-- teammates.test.cases.logic.FeedbackSessionEmailTaskQueueTest -->
