<?xml version="1.0" encoding="UTF-8"?>
<!-- Generated by org.testng.reporters.JUnitReportReporter -->
<testsuite hostname="soccf-tr5-001" name="teammates.test.cases.ui.InstructorFeedbackCopyActionTest" tests="2" failures="0" timestamp="5 Nov 2014 10:55:49 GMT" time="14.040" errors="0">
  <testcase name="testExecuteAndPostProcess" time="6.131" classname="teammates.test.cases.ui.InstructorFeedbackCopyActionTest"/>
  <testcase name="testAccessControl" time="7.909" classname="teammates.test.cases.ui.InstructorFeedbackCopyActionTest"/>
</testsuite> <!-- teammates.test.cases.ui.InstructorFeedbackCopyActionTest -->
