<?xml version="1.0" encoding="UTF-8"?>
<!-- Generated by org.testng.reporters.JUnitReportReporter -->
<testsuite hostname="soccf-tr5-001" name="teammates.test.cases.logic.AccountsLogicTest" tests="8" failures="0" timestamp="1 Oct 2014 11:57:38 GMT" time="1.108" errors="0">
  <testcase name="testDeleteAccountCascade" time="0.094" classname="teammates.test.cases.logic.AccountsLogicTest"/>
  <testcase name="testStudentProfileFunctions" time="0.031" classname="teammates.test.cases.logic.AccountsLogicTest"/>
  <testcase name="testCreateAccount" time="0.031" classname="teammates.test.cases.logic.AccountsLogicTest"/>
  <testcase name="testDeletePicture" time="0.031" classname="teammates.test.cases.logic.AccountsLogicTest"/>
  <testcase name="testGetInstructorAccounts" time="0.031" classname="teammates.test.cases.logic.AccountsLogicTest"/>
  <testcase name="testJoinCourseForStudent" time="0.437" classname="teammates.test.cases.logic.AccountsLogicTest"/>
  <testcase name="testJoinCourseForInstructor" time="0.281" classname="teammates.test.cases.logic.AccountsLogicTest"/>
  <testcase name="testAccountFunctions" time="0.172" classname="teammates.test.cases.logic.AccountsLogicTest"/>
</testsuite> <!-- teammates.test.cases.logic.AccountsLogicTest -->
