<?xml version="1.0" encoding="UTF-8"?>
<!-- Generated by org.testng.reporters.JUnitReportReporter -->
<testsuite hostname="soccf-tr5-001" name="teammates.test.cases.ui.browsertests.SystemErrorEmailReportTest" tests="5" failures="0" timestamp="29 Oct 2014 11:22:30 GMT" time="12.449" errors="0">
  <testcase name="testEntityDoesNotExistException" time="2.449" classname="teammates.test.cases.ui.browsertests.SystemErrorEmailReportTest"/>
  <testcase name="testDeadlineExceededException" time="1.654" classname="teammates.test.cases.ui.browsertests.SystemErrorEmailReportTest"/>
  <testcase name="testUnauthorizedAccessException" time="2.121" classname="teammates.test.cases.ui.browsertests.SystemErrorEmailReportTest"/>
  <testcase name="testAssertionError" time="4.774" classname="teammates.test.cases.ui.browsertests.SystemErrorEmailReportTest"/>
  <testcase name="testNullPointerException" time="1.451" classname="teammates.test.cases.ui.browsertests.SystemErrorEmailReportTest"/>
</testsuite> <!-- teammates.test.cases.ui.browsertests.SystemErrorEmailReportTest -->
