<?xml version="1.0" encoding="UTF-8"?>
<!-- Generated by org.testng.reporters.JUnitReportReporter -->
<testsuite hostname="soccf-tr5-001" name="teammates.test.cases.ui.AdminInstructorAccountAddActionTest" tests="1" failures="1" timestamp="25 Feb 2015 13:21:15 GMT" time="4.477" errors="0">
  <testcase name="testExecuteAndPostProcess" time="4.477" classname="teammates.test.cases.ui.AdminInstructorAccountAddActionTest">
    <failure type="java.lang.NoClassDefFoundError" message="Could not initialize class teammates.common.util.EmailTemplates">
      <![CDATA[java.lang.NoClassDefFoundError: Could not initialize class teammates.common.util.EmailTemplates
	at teammates.logic.core.Emails.generateNewInstructorAccountJoinEmail(Emails.java:767)
	at teammates.logic.core.InstructorsLogic.sendJoinLinkToNewInstructor(InstructorsLogic.java:331)
	at teammates.logic.api.Logic.sendJoinLinkToNewInstructor(Logic.java:613)
	at teammates.ui.controller.AdminInstructorAccountAddAction.execute(AdminInstructorAccountAddAction.java:86)
	at teammates.ui.controller.Action.executeAndPostProcess(Action.java:328)
	at teammates.test.cases.ui.AdminInstructorAccountAddActionTest.testExecuteAndPostProcess(AdminInstructorAccountAddActionTest.java:85)
	at sun.reflect.NativeMethodAccessorImpl.invoke0(Native Method)
	at sun.reflect.NativeMethodAccessorImpl.invoke(NativeMethodAccessorImpl.java:57)
	at sun.reflect.DelegatingMethodAccessorImpl.invoke(DelegatingMethodAccessorImpl.java:43)
	at java.lang.reflect.Method.invoke(Method.java:606)
	at org.testng.internal.MethodInvocationHelper.invokeMethod(MethodInvocationHelper.java:84)
	at org.testng.internal.Invoker.invokeMethod(Invoker.java:714)
	at org.testng.internal.Invoker.invokeTestMethod(Invoker.java:901)
	at org.testng.internal.Invoker.invokeTestMethods(Invoker.java:1231)
	at org.testng.internal.TestMethodWorker.invokeTestMethods(TestMethodWorker.java:127)
	at org.testng.internal.TestMethodWorker.run(TestMethodWorker.java:111)
	at org.testng.TestRunner.privateRun(TestRunner.java:767)
	at org.testng.TestRunner.run(TestRunner.java:617)
	at org.testng.SuiteRunner.runTest(SuiteRunner.java:334)
	at org.testng.SuiteRunner.access$000(SuiteRunner.java:37)
	at org.testng.SuiteRunner$SuiteWorker.run(SuiteRunner.java:368)
	at org.testng.internal.thread.ThreadUtil$2.call(ThreadUtil.java:64)
	at java.util.concurrent.FutureTask.run(FutureTask.java:262)
	at java.util.concurrent.ThreadPoolExecutor.runWorker(ThreadPoolExecutor.java:1145)
	at java.util.concurrent.ThreadPoolExecutor$Worker.run(ThreadPoolExecutor.java:615)
	at java.lang.Thread.run(Thread.java:745)
]]>
    </failure>
  </testcase> <!-- testExecuteAndPostProcess -->
</testsuite> <!-- teammates.test.cases.ui.AdminInstructorAccountAddActionTest -->
