<?xml version="1.0" encoding="UTF-8"?>
<!-- Generated by org.testng.reporters.JUnitReportReporter -->
<testsuite hostname="soccf-tr5-001" name="teammates.test.automated.EvaluationClosingReminderTest" tests="1" failures="1" timestamp="22 Feb 2015 13:34:35 GMT" time="0.125" errors="0">
  <testcase name="testEvaluationClosingMailAction" time="0.125" classname="teammates.test.automated.EvaluationClosingReminderTest">
    <failure type="java.lang.NoClassDefFoundError" message="Could not initialize class teammates.common.util.EmailTemplates">
      <![CDATA[java.lang.NoClassDefFoundError: Could not initialize class teammates.common.util.EmailTemplates
	at teammates.logic.core.Emails.generateEvaluationClosingEmails(Emails.java:195)
	at teammates.logic.core.Emails.generateEvaluationClosingEmailsForEval(Emails.java:231)
	at teammates.logic.automated.EvaluationClosingMailAction.prepareMailToBeSent(EvaluationClosingMailAction.java:73)
	at teammates.logic.automated.EmailAction.getPreparedEmailsAndPerformSuccessOperations(EmailAction.java:92)
	at teammates.test.automated.EvaluationClosingReminderTest.testEvaluationClosingMailAction(EvaluationClosingReminderTest.java:191)
	at sun.reflect.NativeMethodAccessorImpl.invoke0(Native Method)
	at sun.reflect.NativeMethodAccessorImpl.invoke(NativeMethodAccessorImpl.java:57)
	at sun.reflect.DelegatingMethodAccessorImpl.invoke(DelegatingMethodAccessorImpl.java:43)
	at java.lang.reflect.Method.invoke(Method.java:606)
	at org.testng.internal.MethodInvocationHelper.invokeMethod(MethodInvocationHelper.java:84)
	at org.testng.internal.Invoker.invokeMethod(Invoker.java:714)
	at org.testng.internal.Invoker.invokeTestMethod(Invoker.java:901)
	at org.testng.internal.Invoker.invokeTestMethods(Invoker.java:1231)
	at org.testng.internal.TestMethodWorker.invokeTestMethods(TestMethodWorker.java:127)
	at org.testng.internal.TestMethodWorker.run(TestMethodWorker.java:111)
	at org.testng.TestRunner.privateRun(TestRunner.java:767)
	at org.testng.TestRunner.run(TestRunner.java:617)
	at org.testng.SuiteRunner.runTest(SuiteRunner.java:334)
	at org.testng.SuiteRunner.access$000(SuiteRunner.java:37)
	at org.testng.SuiteRunner$SuiteWorker.run(SuiteRunner.java:368)
	at org.testng.internal.thread.ThreadUtil$2.call(ThreadUtil.java:64)
	at java.util.concurrent.FutureTask.run(FutureTask.java:262)
	at java.util.concurrent.ThreadPoolExecutor.runWorker(ThreadPoolExecutor.java:1145)
	at java.util.concurrent.ThreadPoolExecutor$Worker.run(ThreadPoolExecutor.java:615)
	at java.lang.Thread.run(Thread.java:745)
]]>
    </failure>
  </testcase> <!-- testEvaluationClosingMailAction -->
</testsuite> <!-- teammates.test.automated.EvaluationClosingReminderTest -->
