<?xml version="1.0" encoding="UTF-8"?>
<!-- Generated by org.testng.reporters.JUnitReportReporter -->
<testsuite hostname="soccf-tr5-001" name="teammates.test.cases.ui.browsertests.StudentEvalResultsPageUiTest" tests="1" failures="0" timestamp="1 Oct 2014 11:57:39 GMT" time="23.572" errors="0">
  <testcase name="testAll" time="23.572" classname="teammates.test.cases.ui.browsertests.StudentEvalResultsPageUiTest"/>
</testsuite> <!-- teammates.test.cases.ui.browsertests.StudentEvalResultsPageUiTest -->
