<?xml version="1.0" encoding="UTF-8"?>
<!-- Generated by org.testng.reporters.JUnitReportReporter -->
<testsuite hostname="soccf-tr5-001" name="teammates.test.automated.EvaluationOpeningReminderTest" tests="2" failures="0" timestamp="29 Oct 2014 17:12:04 GMT" time="3.385" errors="0">
  <testcase name="testAdditionOfTaskToTaskQueue" time="2.246" classname="teammates.test.automated.EvaluationOpeningReminderTest"/>
  <testcase name="testEvaluationOpeningMailAction" time="1.139" classname="teammates.test.automated.EvaluationOpeningReminderTest"/>
</testsuite> <!-- teammates.test.automated.EvaluationOpeningReminderTest -->
