<?xml version="1.0" encoding="UTF-8"?>
<!-- Generated by org.testng.reporters.JUnitReportReporter -->
<testsuite hostname="soccf-tr5-001" name="teammates.test.cases.testdriver.BackDoorTest" tests="12" failures="0" timestamp="11 Sep 2014 06:11:54 GMT" time="12.327" errors="0">
  <testcase name="testDeletion" time="5.539" classname="teammates.test.cases.testdriver.BackDoorTest"/>
  <testcase name="testCreateInstructor" time="0.858" classname="teammates.test.cases.testdriver.BackDoorTest"/>
  <testcase name="testCreateEvaluation" time="0.249" classname="teammates.test.cases.testdriver.BackDoorTest"/>
  <testcase name="testEditStudent" time="0.578" classname="teammates.test.cases.testdriver.BackDoorTest"/>
  <testcase name="testGetCoursesByInstructorId" time="2.542" classname="teammates.test.cases.testdriver.BackDoorTest"/>
  <testcase name="testAccounts" time="0.764" classname="teammates.test.cases.testdriver.BackDoorTest"/>
  <testcase name="testGetKeyForStudent" time="0.172" classname="teammates.test.cases.testdriver.BackDoorTest"/>
  <testcase name="testCreateStudent" time="0.312" classname="teammates.test.cases.testdriver.BackDoorTest"/>
  <testcase name="testEditSubmission" time="0.078" classname="teammates.test.cases.testdriver.BackDoorTest"/>
  <testcase name="testEditEvaluation" time="0.141" classname="teammates.test.cases.testdriver.BackDoorTest"/>
  <testcase name="testPersistence" time="0.875" classname="teammates.test.cases.testdriver.BackDoorTest"/>
  <testcase name="testCreateCourse" time="0.219" classname="teammates.test.cases.testdriver.BackDoorTest"/>
</testsuite> <!-- teammates.test.cases.testdriver.BackDoorTest -->
