<?xml version="1.0" encoding="UTF-8"?>
<!-- Generated by org.testng.reporters.JUnitReportReporter -->
<testsuite hostname="soccf-tr5-001" name="teammates.test.cases.ui.browsertests.StudentHomePageUiTest" tests="1" failures="0" timestamp="6 Aug 2014 08:31:51 GMT" time="55.240" errors="0">
  <testcase name="allTests" time="55.240" classname="teammates.test.cases.ui.browsertests.StudentHomePageUiTest"/>
</testsuite> <!-- teammates.test.cases.ui.browsertests.StudentHomePageUiTest -->
