<?xml version="1.0" encoding="UTF-8"?>
<!-- Generated by org.testng.reporters.JUnitReportReporter -->
<testsuite hostname="soccf-tr5-001" name="teammates.test.cases.storage.StudentsDbTest" tests="4" failures="0" timestamp="7 Aug 2014 06:43:31 GMT" time="0.200" errors="0">
  <testcase name="testGetStudent" time="0.070" classname="teammates.test.cases.storage.StudentsDbTest"/>
  <testcase name="testupdateStudentWithoutDocument" time="0.040" classname="teammates.test.cases.storage.StudentsDbTest"/>
  <testcase name="testDeleteStudent" time="0.060" classname="teammates.test.cases.storage.StudentsDbTest"/>
  <testcase name="testCreateStudent" time="0.030" classname="teammates.test.cases.storage.StudentsDbTest"/>
</testsuite> <!-- teammates.test.cases.storage.StudentsDbTest -->
