<?xml version="1.0" encoding="UTF-8"?>
<!-- Generated by org.testng.reporters.JUnitReportReporter -->
<testsuite hostname="soccf-tr5-001" name="teammates.test.cases.storage.ProfilesDbTest" tests="4" failures="0" timestamp="2 Jan 2015 09:17:11 GMT" time="0.110" errors="0">
  <testcase name="testGetStudentProfile" time="0.016" classname="teammates.test.cases.storage.ProfilesDbTest"/>
  <testcase name="testUpdateStudentProfile" time="0.046" classname="teammates.test.cases.storage.ProfilesDbTest"/>
  <testcase name="testUpdateStudentProfilePicture" time="0.032" classname="teammates.test.cases.storage.ProfilesDbTest"/>
  <testcase name="testDeleteProfilePicture" time="0.016" classname="teammates.test.cases.storage.ProfilesDbTest"/>
</testsuite> <!-- teammates.test.cases.storage.ProfilesDbTest -->
