<?xml version="1.0" encoding="UTF-8"?>
<!-- Generated by org.testng.reporters.JUnitReportReporter -->
<testsuite hostname="soccf-tr5-001" name="teammates.test.cases.ui.browsertests.InstructorStudentListPageUiTest" tests="1" failures="0" timestamp="10 Sep 2014 13:28:18 GMT" time="61.244" errors="1">
  <testcase name="testAll" time="61.244" classname="teammates.test.cases.ui.browsertests.InstructorStudentListPageUiTest">
    <error type="org.junit.ComparisonFailure" message="expected:&lt;&lt;[expected&gt;
   &lt;div class=&quot;container theme-showcase&quot; id=&quot;frameBodyWrapper&quot;&gt;
      &lt;div id=&quot;topOfPage&quot;&gt;
      &lt;/div&gt;
      &lt;h1&gt;
         Find Students
      &lt;/h1&gt;
      &lt;div class=&quot;well well-plain&quot;&gt;
         &lt;div class=&quot;row&quot;&gt;
            &lt;div class=&quot;col-md-12&quot;&gt;
               &lt;form action=&quot;/page/instructorSearchPage?user=instructorWith2Courses&quot; method=&quot;get&quot; name=&quot;search_form&quot;&gt;
                  &lt;div class=&quot;row&quot;&gt;
                     &lt;div class=&quot;col-md-10&quot;&gt;
                        &lt;div class=&quot;form-group&quot;&gt;
                           &lt;input class=&quot;form-control&quot; data-original-title=&quot;Search for student&#039;s name&quot; data-placement=&quot;top&quot; data-toggle=&quot;tooltip&quot; id=&quot;searchbox&quot; name=&quot;searchkey&quot; placeholder=&quot;e.g. Charles Shultz&quot; title=&quot;&quot; type=&quot;text&quot; value=&quot;&quot;/&gt;
                                                   &lt;/div&gt;
                     &lt;/div&gt;
                     &lt;div class=&quot;col-md-2 nav&quot;&gt;
                        &lt;div class=&quot;form-group&quot;&gt;
                           &lt;button class=&quot;btn btn-primary&quot; id=&quot;buttonSearch&quot; type=&quot;submit&quot; value=&quot;Search&quot;&gt;
                              &lt;span class=&quot;glyphicon glyphicon-search&quot;&gt;
                              &lt;/span&gt;
                              Find students
                           &lt;/button&gt;
                        &lt;/div&gt;
                     &lt;/div&gt;
                  &lt;/div&gt;
                  &lt;input name=&quot;searchstudents&quot; type=&quot;hidden&quot; value=&quot;true&quot;/&gt;
                                    &lt;input name=&quot;searchcommentforstudents&quot; type=&quot;hidden&quot; value=&quot;false&quot;/&gt;
                                    &lt;input name=&quot;searchcommentforresponses&quot; type=&quot;hidden&quot; value=&quot;false&quot;/&gt;
                                    &lt;input name=&quot;user&quot; type=&quot;hidden&quot; value=&quot;instructorWith2Courses&quot;/&gt;
                                 &lt;/form&gt;
            &lt;/div&gt;
         &lt;/div&gt;
      &lt;/div&gt;
      &lt;h1&gt;
         Filter Students
      &lt;/h1&gt;
      &lt;div class=&quot;well well-plain&quot; id=&quot;moreOptionsDiv&quot;&gt;
         &lt;div class=&quot;row&quot;&gt;
            &lt;div class=&quot;col-md-3&quot;&gt;
               &lt;div class=&quot;checkbox&quot;&gt;
                  &lt;input id=&quot;displayArchivedCourses_check&quot; type=&quot;checkbox&quot;/&gt;
                                    &lt;label for=&quot;displayArchivedCourses_check&quot;&gt;
                     Display Archived Courses
                  &lt;/label&gt;
               &lt;/div&gt;
            &lt;/div&gt;
         &lt;/div&gt;
         &lt;form class=&quot;form-horizontal&quot; role=&quot;form&quot;&gt;
            &lt;div class=&quot;row&quot;&gt;
               &lt;div class=&quot;col-sm-3&quot;&gt;
                  &lt;div class=&quot;text-color-primary&quot;&gt;
                     &lt;strong&gt;
                        Courses
                     &lt;/strong&gt;
                  &lt;/div&gt;
                  &lt;br/&gt;
                                    &lt;div class=&quot;checkbox&quot;&gt;
                     &lt;input id=&quot;course_all&quot; type=&quot;checkbox&quot; value=&quot;&quot;/&gt;
                                          &lt;label for=&quot;course_all&quot;&gt;
                        &lt;strong&gt;
                           Select all
                        &lt;/strong&gt;
                     &lt;/label&gt;
                  &lt;/div&gt;
                  &lt;br/&gt;
                                    &lt;div class=&quot;checkbox&quot;&gt;
                     &lt;input id=&quot;course_check-0&quot; type=&quot;checkbox&quot;/&gt;
                                          &lt;label for=&quot;course_check-0&quot;&gt;
                        [course2] : Name of Course 2
                     &lt;/label&gt;
                  &lt;/div&gt;
                  &lt;div class=&quot;checkbox&quot;&gt;
                     &lt;input id=&quot;course_check-1&quot; type=&quot;checkbox&quot;/&gt;
                                          &lt;label for=&quot;course_check-1&quot;&gt;
                        [course3] : Name of Course 3
                     &lt;/label&gt;
                  &lt;/div&gt;
               &lt;/div&gt;
               &lt;div class=&quot;col-sm-3&quot;&gt;
                  &lt;div class=&quot;text-color-primary&quot;&gt;
                     &lt;strong&gt;
                        Sections
                     &lt;/strong&gt;
                  &lt;/div&gt;
                  &lt;br/&gt;
                                    &lt;div class=&quot;checkbox&quot; style=&quot;&quot;&gt;
                     &lt;input id=&quot;section_all&quot; type=&quot;checkbox&quot; value=&quot;&quot;/&gt;
                                          &lt;label for=&quot;section_all&quot;&gt;
                        &lt;strong&gt;
                           Select all
                        &lt;/strong&gt;
                     &lt;/label&gt;
                  &lt;/div&gt;
                  &lt;br/&gt;
                                    &lt;div id=&quot;sectionChoices&quot;&gt;
                     &lt;div class=&quot;checkbox&quot;&gt;
                        &lt;input checked=&quot;checked&quot; class=&quot;section_check&quot; id=&quot;section_check-0-0&quot; type=&quot;checkbox&quot;/&gt;
                                                &lt;label for=&quot;section_check-0-0&quot;&gt;
                           [course2] : Section A
                        &lt;/label&gt;
                     &lt;/div&gt;
                     &lt;div class=&quot;checkbox&quot;&gt;
                        &lt;input checked=&quot;checked&quot; class=&quot;section_check&quot; id=&quot;section_check-0-1&quot; type=&quot;checkbox&quot;/&gt;
                                                &lt;label for=&quot;section_check-0-1&quot;&gt;
                           [course2] : Section B
                        &lt;/label&gt;
                     &lt;/div&gt;
                     &lt;div class=&quot;checkbox&quot;&gt;
                        &lt;input checked=&quot;checked&quot; class=&quot;section_check&quot; id=&quot;section_check-1-0&quot; type=&quot;checkbox&quot;/&gt;
                                                &lt;label for=&quot;section_check-1-0&quot;&gt;
                           [course3] : None
                        &lt;/label&gt;
                     &lt;/div&gt;
                  &lt;/div&gt;
               &lt;/div&gt;
               &lt;div class=&quot;col-sm-3&quot;&gt;
                  &lt;div class=&quot;text-color-primary&quot;&gt;
                     &lt;strong&gt;
                        Teams
                     &lt;/strong&gt;
                  &lt;/div&gt;
                  &lt;br/&gt;
                                    &lt;div class=&quot;checkbox&quot; style=&quot;&quot;&gt;
                     &lt;input id=&quot;team_all&quot; type=&quot;checkbox&quot;/&gt;
                                          &lt;label for=&quot;team_all&quot;&gt;
                        &lt;strong&gt;
                           Select All
                        &lt;/strong&gt;
                     &lt;/label&gt;
                  &lt;/div&gt;
                  &lt;br/&gt;
                                    &lt;div id=&quot;teamChoices&quot;&gt;
                     &lt;div class=&quot;checkbox&quot;&gt;
                        &lt;input checked=&quot;checked&quot; class=&quot;team_check&quot; id=&quot;team_check-0-0-0&quot; type=&quot;checkbox&quot;/&gt;
                                                &lt;label for=&quot;team_check-0-0-0&quot;&gt;
                           [course2] : Team 1
                        &lt;/label&gt;
                     &lt;/div&gt;
                     &lt;div class=&quot;checkbox&quot;&gt;
                        &lt;input checked=&quot;checked&quot; class=&quot;team_check&quot; id=&quot;team_check-0-1-1&quot; type=&quot;checkbox&quot;/&gt;
                                                &lt;label for=&quot;team_check-0-1-1&quot;&gt;
                           [course2] : Team 2
                        &lt;/label&gt;
                     &lt;/div&gt;
                     &lt;div class=&quot;checkbox&quot;&gt;
                        &lt;input checked=&quot;checked&quot; class=&quot;team_check&quot; id=&quot;team_check-0-1-2&quot; type=&quot;checkbox&quot;/&gt;
                                                &lt;label for=&quot;team_check-0-1-2&quot;&gt;
                           [course2] : Team 3
                        &lt;/label&gt;
                     &lt;/div&gt;
                     &lt;div class=&quot;checkbox&quot;&gt;
                        &lt;input checked=&quot;checked&quot; class=&quot;team_check&quot; id=&quot;team_check-1-0-0&quot; type=&quot;checkbox&quot;/&gt;
                                                &lt;label for=&quot;team_check-1-0-0&quot;&gt;
                           [course3] : Team 1
                        &lt;/label&gt;
                     &lt;/div&gt;
                     &lt;div class=&quot;checkbox&quot;&gt;
                        &lt;input checked=&quot;checked&quot; class=&quot;team_check&quot; id=&quot;team_check-1-0-1&quot; type=&quot;checkbox&quot;/&gt;
                                                &lt;label for=&quot;team_check-1-0-1&quot;&gt;
                           [course3] : Team 2
                        &lt;/label&gt;
                     &lt;/div&gt;
                  &lt;/div&gt;
               &lt;/div&gt;
               &lt;div class=&quot;col-sm-3&quot;&gt;
                  &lt;div class=&quot;text-color-primary&quot;&gt;
                     &lt;strong&gt;
                        Emails
                     &lt;/strong&gt;
                  &lt;/div&gt;
                  &lt;br/&gt;
                                    &lt;div class=&quot;checkbox&quot; style=&quot;&quot;&gt;
                     &lt;input checked=&quot;checked&quot; id=&quot;show_email&quot; type=&quot;checkbox&quot;/&gt;
                                          &lt;label for=&quot;show_email&quot;&gt;
                        &lt;strong&gt;
                           Show Emails
                        &lt;/strong&gt;
                     &lt;/label&gt;
                  &lt;/div&gt;
                  &lt;br/&gt;
                                    &lt;div id=&quot;emails&quot;&gt;
                     &lt;div id=&quot;student_email-c0.0&quot;&gt;
                        CCSDetailsUiT.alice.tmms@gmail.tmt
                     &lt;/div&gt;
                     &lt;div id=&quot;student_email-c0.1&quot;&gt;
                        barney.c.tmms@gmail.tmt
                     &lt;/div&gt;
                     &lt;div id=&quot;student_email-c0.2&quot;&gt;
                        jack.c.tmms@gmail.tmt
                     &lt;/div&gt;
                     &lt;div id=&quot;student_email-c0.3&quot;&gt;
                        ted.c.tmms@gmail.tmt
                     &lt;/div&gt;
                     &lt;div id=&quot;student_email-c1.0&quot; style=&quot;display: none;&quot;&gt;
                        CCSDetailsUiT.alice.tmms@gmail.tmt
                     &lt;/div&gt;
                     &lt;div id=&quot;student_email-c1.1&quot;&gt;
                        benny.c.tmms@gmail.tmt
                     &lt;/div&gt;
                     &lt;div id=&quot;student_email-c1.2&quot;&gt;
                        CCSDetailsUiT.charlie.tmms@gmail.tmt
                     &lt;/div&gt;
                     &lt;div id=&quot;student_email-c1.3&quot;&gt;
                        denny.c.tmms@gmail.tmt
                     &lt;/div&gt;
                  &lt;/div&gt;
               &lt;/div&gt;
            &lt;/div&gt;
         &lt;/form&gt;
      &lt;/div&gt;
      &lt;div id=&quot;statusMessage&quot; style=&quot;display: none;&quot;&gt;
      &lt;/div&gt;
      &lt;div class=&quot;panel panel-info&quot;&gt;
         &lt;div class=&quot;panel-heading&quot; data-target=&quot;#panelBodyCollapse-0&quot; id=&quot;panelHeading-0&quot; style=&quot;cursor: pointer;&quot;&gt;
            &lt;form action=&quot;/page/instructorStudentListAjaxPage&quot; class=&quot;seeMoreForm-0&quot; id=&quot;seeMore-0&quot; style=&quot;display:none;&quot;&gt;
               &lt;input name=&quot;courseid&quot; type=&quot;hidden&quot; value=&quot;course2&quot;/&gt;
                              &lt;input name=&quot;user&quot; type=&quot;hidden&quot; value=&quot;instructorWith2Courses&quot;/&gt;
                              &lt;input id=&quot;numStudents-0&quot; type=&quot;hidden&quot; value=&quot;4&quot;/&gt;
                           &lt;/form&gt;
            &lt;a class=&quot;btn btn-default btn-xs pull-right pull-down course-enroll-for-test&quot; data-original-title=&quot;Enroll student into the course&quot; data-placement=&quot;top&quot; data-toggle=&quot;tooltip&quot; href=&quot;/page/instructorCourseEnrollPage?courseid=course2&amp;user=instructorWith2Courses&quot; id=&quot;enroll-0&quot; title=&quot;&quot;&gt;
               &lt;span class=&quot;glyphicon glyphicon-list&quot;&gt;
               &lt;/span&gt;
               Enroll
            &lt;/a&gt;
            &lt;div class=&quot;display-icon pull-right&quot;&gt;
            &lt;/div&gt;
            &lt;strong&gt;
               [course2] :
            &lt;/strong&gt;
            Name of Course 2
         &lt;/div&gt;
         &lt;div class=&quot;panel-collapse checked collapse in&quot; id=&quot;panelBodyCollapse-0&quot; style=&quot;height: auto;&quot;&gt;
            &lt;div class=&quot;panel-body padding-0&quot;&gt;
               &lt;table class=&quot;table table-responsive table-striped table-bordered margin-0&quot;&gt;
                  &lt;thead class=&quot;background-color-medium-gray text-color-gray font-weight-normal&quot;&gt;
                     &lt;tr id=&quot;resultsHeader-0&quot;&gt;
                        &lt;th&gt;
                           Photo
                        &lt;/th&gt;
                        &lt;th class=&quot;button-sort-none&quot; id=&quot;button_sortsection-0&quot; onclick=&quot;toggleSort(this,2)&quot;&gt;
                           Section
                           &lt;span class=&quot;icon-sort unsorted&quot;&gt;
                           &lt;/span&gt;
                        &lt;/th&gt;
                        &lt;th class=&quot;button-sort-none&quot; id=&quot;button_sortteam-0&quot; onclick=&quot;toggleSort(this,3)&quot;&gt;
                           Team
                           &lt;span class=&quot;icon-sort unsorted&quot;&gt;
                           &lt;/span&gt;
                        &lt;/th&gt;
                        &lt;th class=&quot;button-sort-none&quot; id=&quot;button_sortstudentname-0&quot; onclick=&quot;toggleSort(this,4)&quot;&gt;
                           Student Name
                           &lt;span class=&quot;icon-sort unsorted&quot;&gt;
                           &lt;/span&gt;
                        &lt;/th&gt;
                        &lt;th class=&quot;button-sort-none&quot; id=&quot;button_sortemail-0&quot; onclick=&quot;toggleSort(this,5)&quot;&gt;
                           Email
                           &lt;span class=&quot;icon-sort unsorted&quot;&gt;
                           &lt;/span&gt;
                        &lt;/th&gt;
                        &lt;th&gt;
                           Action(s)
                        &lt;/th&gt;
                     &lt;/tr&gt;
                     &lt;tr class=&quot;hidden&quot; id=&quot;searchNoResults-0&quot;&gt;
                        &lt;th class=&quot;align-center color_white bold&quot;&gt;
                           Cannot find students in this course
                        &lt;/th&gt;
                     &lt;/tr&gt;
                  &lt;/thead&gt;
                  &lt;tbody&gt;
                     &lt;tr id=&quot;student-c0.0&quot;&gt;
                        &lt;td id=&quot;studentphoto-c0.0&quot;&gt;
                           &lt;div class=&quot;profile-pic-icon-click align-center&quot; data-link=&quot;&quot; data-original-title=&quot;&quot; title=&quot;&quot;&gt;
                              &lt;img alt=&quot;No Image Given&quot; class=&quot;&quot; src=&quot;../images/profile_picture_default.png&quot;/&gt;
                                                         &lt;/div&gt;
                           &lt;div class=&quot;popover fade top&quot; style=&quot;top: {*}px; left: {*}px; display: block;&quot;&gt;
                              &lt;div class=&quot;arrow&quot;&gt;
                              &lt;/div&gt;
                              &lt;h3 class=&quot;popover-title&quot; style=&quot;display: none;&quot;&gt;
                              &lt;/h3&gt;
                              &lt;div class=&quot;popover-content&quot;&gt;
                                 &lt;img class=&quot;profile-pic&quot; src=&quot;../images/profile_picture_default.png&quot;/&gt;
                                                               &lt;/div&gt;
                           &lt;/div&gt;
                        &lt;/td&gt;
                        &lt;td id=&quot;studentsection-c0.0&quot;&gt;
                           Section A
                        &lt;/td&gt;
                        &lt;td id=&quot;studentteam-c0.0.0&quot;&gt;
                           Team 1
                        &lt;/td&gt;
                        &lt;td id=&quot;studentname-c0.0&quot;&gt;
                           Alice Betsy
                        &lt;/td&gt;
                        &lt;td id=&quot;studentemail-c0.0&quot;&gt;
                           CCSDetailsUiT.alice.tmms@gmail.tmt
                        &lt;/td&gt;
                        &lt;td class=&quot;no-print align-center&quot;&gt;
                           &lt;a class=&quot;btn btn-default btn-xs student-view-for-test&quot; data-original-title=&quot;View the details of the student&quot; data-placement=&quot;top&quot; data-toggle=&quot;tooltip&quot; href=&quot;/page/instructorCourseStudentDetailsPage?courseid=course2&amp;studentemail=CCSDetailsUiT.alice.tmms@gmail.tmt&amp;user=instructorWith2Courses&quot; title=&quot;&quot;&gt;
                              View
                           &lt;/a&gt;
                            
                           &lt;a class=&quot;btn btn-default btn-xs student-edit-for-test&quot; data-original-title=&quot;Use this to edit the details of this student. &lt;br&gt;To edit multiple students in one go, you can use the enroll page: &lt;br&gt;Simply enroll students using the updated data and existing data will be updated accordingly&quot; data-placement=&quot;top&quot; data-toggle=&quot;tooltip&quot; href=&quot;/page/instructorCourseStudentDetailsEdit?courseid=course2&amp;studentemail=CCSDetailsUiT.alice.tmms@gmail.tmt&amp;user=instructorWith2Courses&quot; title=&quot;&quot;&gt;
                              Edit
                           &lt;/a&gt;
                            
                           &lt;a class=&quot;btn btn-default btn-xs student-delete-for-test&quot; href=&quot;/page/instructorCourseStudentDelete?courseid=course2&amp;studentemail=CCSDetailsUiT.alice.tmms@gmail.tmt&amp;user=instructorWith2Courses&quot; onclick=&quot;return toggleDeleteStudentConfirmation(&#039;course2&#039;,&#039;Alice Betsy&#039;)&quot;&gt;
                              Delete
                           &lt;/a&gt;
                            
                           &lt;a class=&quot;btn btn-default btn-xs student-records-for-test&quot; data-original-title=&quot;View all student&#039;s evaluations and feedbacks&quot; data-placement=&quot;top&quot; data-toggle=&quot;tooltip&quot; href=&quot;/page/instructorStudentRecordsPage?courseid=course2&amp;studentemail=CCSDetailsUiT.alice.tmms@gmail.tmt&amp;user=instructorWith2Courses&quot; title=&quot;&quot;&gt;
                              All Records
                           &lt;/a&gt;
                            
                           &lt;div class=&quot;dropdown inline&quot;&gt;
                              &lt;a class=&quot;btn btn-default btn-xs dropdown-toggle&quot; data-toggle=&quot;dropdown&quot; href=&quot;javascript:;&quot;&gt;
                                 Add Comment
                              &lt;/a&gt;
                              &lt;ul aria-labelledby=&quot;dLabel&quot; class=&quot;dropdown-menu align-left&quot; role=&quot;menu&quot;&gt;
                                 &lt;li role=&quot;presentation&quot;&gt;
                                    &lt;a href=&quot;/page/instructorCourseStudentDetailsPage?courseid=course2&amp;studentemail=CCSDetailsUiT.alice.tmms@gmail.tmt&amp;user=instructorWith2Courses&amp;addComment=student&quot; role=&quot;menuitem&quot; tabindex=&quot;-1&quot;&gt;
                                       Comment on Alice Betsy
                                    &lt;/a&gt;
                                 &lt;/li&gt;
                                 &lt;li role=&quot;presentation&quot;&gt;
                                    &lt;a href=&quot;/page/instructorCourseStudentDetailsPage?courseid=course2&amp;studentemail=CCSDetailsUiT.alice.tmms@gmail.tmt&amp;user=instructorWith2Courses&amp;addComment=team&quot; role=&quot;menuitem&quot; tabindex=&quot;-1&quot;&gt;
                                       Comment on Team 1
                                    &lt;/a&gt;
                                 &lt;/li&gt;
                                 &lt;li role=&quot;presentation&quot;&gt;
                                    &lt;a href=&quot;/page/instructorCourseStudentDetailsPage?courseid=course2&amp;studentemail=CCSDetailsUiT.alice.tmms@gmail.tmt&amp;user=instructorWith2Courses&amp;addComment=section&quot; role=&quot;menuitem&quot; tabindex=&quot;-1&quot;&gt;
                                       Comment on Section A
                                    &lt;/a&gt;
                                 &lt;/li&gt;
                              &lt;/ul&gt;
                           &lt;/div&gt;
                        &lt;/td&gt;
                     &lt;/tr&gt;
                     &lt;tr id=&quot;student-c0.1&quot;&gt;
                        &lt;td id=&quot;studentphoto-c0.1&quot;&gt;
                           &lt;div class=&quot;profile-pic-icon-click align-center&quot; data-link=&quot;/page/studentProfilePic?studentemail={*}&amp;courseid={*}&amp;user=instructorWith2Courses&quot;&gt;
                              &lt;a class=&quot;student-profile-pic-view-link btn-link&quot;&gt;
                                 View Photo
                              &lt;/a&gt;
                              &lt;img alt=&quot;No Image Given&quot; class=&quot;hidden&quot; src=&quot;&quot;/&gt;
                                                         &lt;/div&gt;
                        &lt;/td&gt;
                        &lt;td id=&quot;studentsection-c0.1&quot;&gt;
                           Section B
                        &lt;/td&gt;
                        &lt;td id=&quot;studentteam-c0.1.1&quot;&gt;
                           Team 2
                        &lt;/td&gt;
                        &lt;td id=&quot;studentname-c0.1&quot;&gt;
                           Barney Stinson
                        &lt;/td&gt;
                        &lt;td id=&quot;studentemail-c0.1&quot;&gt;
                           barney.c.tmms@gmail.tmt
                        &lt;/td&gt;
                        &lt;td class=&quot;no-print align-center&quot;&gt;
                           &lt;a class=&quot;btn btn-default btn-xs student-view-for-test&quot; data-original-title=&quot;View the details of the student&quot; data-placement=&quot;top&quot; data-toggle=&quot;tooltip&quot; href=&quot;/page/instructorCourseStudentDetailsPage?courseid=course2&amp;studentemail=barney.c.tmms@gmail.tmt&amp;user=instructorWith2Courses&quot; title=&quot;&quot;&gt;
                              View
                           &lt;/a&gt;
                            
                           &lt;a class=&quot;btn btn-default btn-xs student-edit-for-test&quot; data-original-title=&quot;Use this to edit the details of this student. &lt;br&gt;To edit multiple students in one go, you can use the enroll page: &lt;br&gt;Simply enroll students using the updated data and existing data will be updated accordingly&quot; data-placement=&quot;top&quot; data-toggle=&quot;tooltip&quot; href=&quot;/page/instructorCourseStudentDetailsEdit?courseid=course2&amp;studentemail=barney.c.tmms@gmail.tmt&amp;user=instructorWith2Courses&quot; title=&quot;&quot;&gt;
                              Edit
                           &lt;/a&gt;
                            
                           &lt;a class=&quot;btn btn-default btn-xs student-delete-for-test&quot; href=&quot;/page/instructorCourseStudentDelete?courseid=course2&amp;studentemail=barney.c.tmms@gmail.tmt&amp;user=instructorWith2Courses&quot; onclick=&quot;return toggleDeleteStudentConfirmation(&#039;course2&#039;,&#039;Barney Stinson&#039;)&quot;&gt;
                              Delete
                           &lt;/a&gt;
                            
                           &lt;a class=&quot;btn btn-default btn-xs student-records-for-test&quot; data-original-title=&quot;View all student&#039;s evaluations and feedbacks&quot; data-placement=&quot;top&quot; data-toggle=&quot;tooltip&quot; href=&quot;/page/instructorStudentRecordsPage?courseid=course2&amp;studentemail=barney.c.tmms@gmail.tmt&amp;user=instructorWith2Courses&quot; title=&quot;&quot;&gt;
                              All Records
                           &lt;/a&gt;
                            
                           &lt;div class=&quot;dropdown inline&quot;&gt;
                              &lt;a class=&quot;btn btn-default btn-xs dropdown-toggle&quot; data-toggle=&quot;dropdown&quot; href=&quot;javascript:;&quot;&gt;
                                 Add Comment
                              &lt;/a&gt;
                              &lt;ul aria-labelledby=&quot;dLabel&quot; class=&quot;dropdown-menu align-left&quot; role=&quot;menu&quot;&gt;
                                 &lt;li role=&quot;presentation&quot;&gt;
                                    &lt;a href=&quot;/page/instructorCourseStudentDetailsPage?courseid=course2&amp;studentemail=barney.c.tmms@gmail.tmt&amp;user=instructorWith2Courses&amp;addComment=student&quot; role=&quot;menuitem&quot; tabindex=&quot;-1&quot;&gt;
                                       Comment on Barney Stinson
                                    &lt;/a&gt;
                                 &lt;/li&gt;
                                 &lt;li role=&quot;presentation&quot;&gt;
                                    &lt;a href=&quot;/page/instructorCourseStudentDetailsPage?courseid=course2&amp;studentemail=barney.c.tmms@gmail.tmt&amp;user=instructorWith2Courses&amp;addComment=team&quot; role=&quot;menuitem&quot; tabindex=&quot;-1&quot;&gt;
                                       Comment on Team 2
                                    &lt;/a&gt;
                                 &lt;/li&gt;
                                 &lt;li role=&quot;presentation&quot;&gt;
                                    &lt;a href=&quot;/page/instructorCourseStudentDetailsPage?courseid=course2&amp;studentemail=barney.c.tmms@gmail.tmt&amp;user=instructorWith2Courses&amp;addComment=section&quot; role=&quot;menuitem&quot; tabindex=&quot;-1&quot;&gt;
                                       Comment on Section B
                                    &lt;/a&gt;
                                 &lt;/li&gt;
                              &lt;/ul&gt;
                           &lt;/div&gt;
                        &lt;/td&gt;
                     &lt;/tr&gt;
                     &lt;tr id=&quot;student-c0.2&quot;&gt;
                        &lt;td id=&quot;studentphoto-c0.2&quot;&gt;
                           &lt;div class=&quot;profile-pic-icon-click align-center&quot; data-link=&quot;/page/studentProfilePic?studentemail={*}&amp;courseid={*}&amp;user=instructorWith2Courses&quot;&gt;
                              &lt;a class=&quot;student-profile-pic-view-link btn-link&quot;&gt;
                                 View Photo
                              &lt;/a&gt;
                              &lt;img alt=&quot;No Image Given&quot; class=&quot;hidden&quot; src=&quot;&quot;/&gt;
                                                         &lt;/div&gt;
                        &lt;/td&gt;
                        &lt;td id=&quot;studentsection-c0.1&quot;&gt;
                           Section B
                        &lt;/td&gt;
                        &lt;td id=&quot;studentteam-c0.1.2&quot;&gt;
                           Team 3
                        &lt;/td&gt;
                        &lt;td id=&quot;studentname-c0.2&quot;&gt;
                           Jack Lawrence
                        &lt;/td&gt;
                        &lt;td id=&quot;studentemail-c0.2&quot;&gt;
                           jack.c.tmms@gmail.tmt
                        &lt;/td&gt;
                        &lt;td class=&quot;no-print align-center&quot;&gt;
                           &lt;a class=&quot;btn btn-default btn-xs student-view-for-test&quot; data-original-title=&quot;View the details of the student&quot; data-placement=&quot;top&quot; data-toggle=&quot;tooltip&quot; href=&quot;/page/instructorCourseStudentDetailsPage?courseid=course2&amp;studentemail=jack.c.tmms@gmail.tmt&amp;user=instructorWith2Courses&quot; title=&quot;&quot;&gt;
                              View
                           &lt;/a&gt;
                            
                           &lt;a class=&quot;btn btn-default btn-xs student-edit-for-test&quot; data-original-title=&quot;Use this to edit the details of this student. &lt;br&gt;To edit multiple students in one go, you can use the enroll page: &lt;br&gt;Simply enroll students using the updated data and existing data will be updated accordingly&quot; data-placement=&quot;top&quot; data-toggle=&quot;tooltip&quot; href=&quot;/page/instructorCourseStudentDetailsEdit?courseid=course2&amp;studentemail=jack.c.tmms@gmail.tmt&amp;user=instructorWith2Courses&quot; title=&quot;&quot;&gt;
                              Edit
                           &lt;/a&gt;
                            
                           &lt;a class=&quot;btn btn-default btn-xs student-delete-for-test&quot; href=&quot;/page/instructorCourseStudentDelete?courseid=course2&amp;studentemail=jack.c.tmms@gmail.tmt&amp;user=instructorWith2Courses&quot; onclick=&quot;return toggleDeleteStudentConfirmation(&#039;course2&#039;,&#039;Jack Lawrence&#039;)&quot;&gt;
                              Delete
                           &lt;/a&gt;
                            
                           &lt;a class=&quot;btn btn-default btn-xs student-records-for-test&quot; data-original-title=&quot;View all student&#039;s evaluations and feedbacks&quot; data-placement=&quot;top&quot; data-toggle=&quot;tooltip&quot; href=&quot;/page/instructorStudentRecordsPage?courseid=course2&amp;studentemail=jack.c.tmms@gmail.tmt&amp;user=instructorWith2Courses&quot; title=&quot;&quot;&gt;
                              All Records
                           &lt;/a&gt;
                            
                           &lt;div class=&quot;dropdown inline&quot;&gt;
                              &lt;a class=&quot;btn btn-default btn-xs dropdown-toggle&quot; data-toggle=&quot;dropdown&quot; href=&quot;javascript:;&quot;&gt;
                                 Add Comment
                              &lt;/a&gt;
                              &lt;ul aria-labelledby=&quot;dLabel&quot; class=&quot;dropdown-menu align-left&quot; role=&quot;menu&quot;&gt;
                                 &lt;li role=&quot;presentation&quot;&gt;
                                    &lt;a href=&quot;/page/instructorCourseStudentDetailsPage?courseid=course2&amp;studentemail=jack.c.tmms@gmail.tmt&amp;user=instructorWith2Courses&amp;addComment=student&quot; role=&quot;menuitem&quot; tabindex=&quot;-1&quot;&gt;
                                       Comment on Jack Lawrence
                                    &lt;/a&gt;
                                 &lt;/li&gt;
                                 &lt;li role=&quot;presentation&quot;&gt;
                                    &lt;a href=&quot;/page/instructorCourseStudentDetailsPage?courseid=course2&amp;studentemail=jack.c.tmms@gmail.tmt&amp;user=instructorWith2Courses&amp;addComment=team&quot; role=&quot;menuitem&quot; tabindex=&quot;-1&quot;&gt;
                                       Comment on Team 3
                                    &lt;/a&gt;
                                 &lt;/li&gt;
                                 &lt;li role=&quot;presentation&quot;&gt;
                                    &lt;a href=&quot;/page/instructorCourseStudentDetailsPage?courseid=course2&amp;studentemail=jack.c.tmms@gmail.tmt&amp;user=instructorWith2Courses&amp;addComment=section&quot; role=&quot;menuitem&quot; tabindex=&quot;-1&quot;&gt;
                                       Comment on Section B
                                    &lt;/a&gt;
                                 &lt;/li&gt;
                              &lt;/ul&gt;
                           &lt;/div&gt;
                        &lt;/td&gt;
                     &lt;/tr&gt;
                     &lt;tr id=&quot;student-c0.3&quot;&gt;
                        &lt;td id=&quot;studentphoto-c0.3&quot;&gt;
                           &lt;div class=&quot;profile-pic-icon-click align-center&quot; data-link=&quot;/page/studentProfilePic?studentemail={*}&amp;courseid={*}&amp;user=instructorWith2Courses&quot;&gt;
                              &lt;a class=&quot;student-profile-pic-view-link btn-link&quot;&gt;
                                 View Photo
                              &lt;/a&gt;
                              &lt;img alt=&quot;No Image Given&quot; class=&quot;hidden&quot; src=&quot;&quot;/&gt;
                                                         &lt;/div&gt;
                        &lt;/td&gt;
                        &lt;td id=&quot;studentsection-c0.1&quot;&gt;
                           Section B
                        &lt;/td&gt;
                        &lt;td id=&quot;studentteam-c0.1.2&quot;&gt;
                           Team 3
                        &lt;/td&gt;
                        &lt;td id=&quot;studentname-c0.3&quot;&gt;
                           Ted Mosby
                        &lt;/td&gt;
                        &lt;td id=&quot;studentemail-c0.3&quot;&gt;
                           ted.c.tmms@gmail.tmt
                        &lt;/td&gt;
                        &lt;td class=&quot;no-print align-center&quot;&gt;
                           &lt;a class=&quot;btn btn-default btn-xs student-view-for-test&quot; data-original-title=&quot;View the details of the student&quot; data-placement=&quot;top&quot; data-toggle=&quot;tooltip&quot; href=&quot;/page/instructorCourseStudentDetailsPage?courseid=course2&amp;studentemail=ted.c.tmms@gmail.tmt&amp;user=instructorWith2Courses&quot; title=&quot;&quot;&gt;
                              View
                           &lt;/a&gt;
                            
                           &lt;a class=&quot;btn btn-default btn-xs student-edit-for-test&quot; data-original-title=&quot;Use this to edit the details of this student. &lt;br&gt;To edit multiple students in one go, you can use the enroll page: &lt;br&gt;Simply enroll students using the updated data and existing data will be updated accordingly&quot; data-placement=&quot;top&quot; data-toggle=&quot;tooltip&quot; href=&quot;/page/instructorCourseStudentDetailsEdit?courseid=course2&amp;studentemail=ted.c.tmms@gmail.tmt&amp;user=instructorWith2Courses&quot; title=&quot;&quot;&gt;
                              Edit
                           &lt;/a&gt;
                            
                           &lt;a class=&quot;btn btn-default btn-xs student-delete-for-test&quot; href=&quot;/page/instructorCourseStudentDelete?courseid=course2&amp;studentemail=ted.c.tmms@gmail.tmt&amp;user=instructorWith2Courses&quot; onclick=&quot;return toggleDeleteStudentConfirmation(&#039;course2&#039;,&#039;Ted Mosby&#039;)&quot;&gt;
                              Delete
                           &lt;/a&gt;
                            
                           &lt;a class=&quot;btn btn-default btn-xs student-records-for-test&quot; data-original-title=&quot;View all student&#039;s evaluations and feedbacks&quot; data-placement=&quot;top&quot; data-toggle=&quot;tooltip&quot; href=&quot;/page/instructorStudentRecordsPage?courseid=course2&amp;studentemail=ted.c.tmms@gmail.tmt&amp;user=instructorWith2Courses&quot; title=&quot;&quot;&gt;
                              All Records
                           &lt;/a&gt;
                            
                           &lt;div class=&quot;dropdown inline&quot;&gt;
                              &lt;a class=&quot;btn btn-default btn-xs dropdown-toggle&quot; data-toggle=&quot;dropdown&quot; href=&quot;javascript:;&quot;&gt;
                                 Add Comment
                              &lt;/a&gt;
                              &lt;ul aria-labelledby=&quot;dLabel&quot; class=&quot;dropdown-menu align-left&quot; role=&quot;menu&quot;&gt;
                                 &lt;li role=&quot;presentation&quot;&gt;
                                    &lt;a href=&quot;/page/instructorCourseStudentDetailsPage?courseid=course2&amp;studentemail=ted.c.tmms@gmail.tmt&amp;user=instructorWith2Courses&amp;addComment=student&quot; role=&quot;menuitem&quot; tabindex=&quot;-1&quot;&gt;
                                       Comment on Ted Mosby
                                    &lt;/a&gt;
                                 &lt;/li&gt;
                                 &lt;li role=&quot;presentation&quot;&gt;
                                    &lt;a href=&quot;/page/instructorCourseStudentDetailsPage?courseid=course2&amp;studentemail=ted.c.tmms@gmail.tmt&amp;user=instructorWith2Courses&amp;addComment=team&quot; role=&quot;menuitem&quot; tabindex=&quot;-1&quot;&gt;
                                       Comment on Team 3
                                    &lt;/a&gt;
                                 &lt;/li&gt;
                                 &lt;li role=&quot;presentation&quot;&gt;
                                    &lt;a href=&quot;/page/instructorCourseStudentDetailsPage?courseid=course2&amp;studentemail=ted.c.tmms@gmail.tmt&amp;user=instructorWith2Courses&amp;addComment=section&quot; role=&quot;menuitem&quot; tabindex=&quot;-1&quot;&gt;
                                       Comment on Section B
                                    &lt;/a&gt;
                                 &lt;/li&gt;
                              &lt;/ul&gt;
                           &lt;/div&gt;
                        &lt;/td&gt;
                     &lt;/tr&gt;
                  &lt;/tbody&gt;
               &lt;/table&gt;
            &lt;/div&gt;
         &lt;/div&gt;
      &lt;/div&gt;
      &lt;div class=&quot;panel panel-info&quot;&gt;
         &lt;div class=&quot;panel-heading&quot; data-target=&quot;#panelBodyCollapse-1&quot; id=&quot;panelHeading-1&quot; style=&quot;cursor: pointer;&quot;&gt;
            &lt;form action=&quot;/page/instructorStudentListAjaxPage&quot; class=&quot;seeMoreForm-1&quot; id=&quot;seeMore-1&quot; style=&quot;display:none;&quot;&gt;
               &lt;input name=&quot;courseid&quot; type=&quot;hidden&quot; value=&quot;course3&quot;/&gt;
                              &lt;input name=&quot;user&quot; type=&quot;hidden&quot; value=&quot;instructorWith2Courses&quot;/&gt;
                              &lt;input id=&quot;numStudents-1&quot; type=&quot;hidden&quot; value=&quot;4&quot;/&gt;
                           &lt;/form&gt;
            &lt;a class=&quot;btn btn-default btn-xs pull-right pull-down course-enroll-for-test&quot; data-original-title=&quot;Enroll student into the course&quot; data-placement=&quot;top&quot; data-toggle=&quot;tooltip&quot; href=&quot;/page/instructorCourseEnrollPage?courseid=course3&amp;user=instructorWith2Courses&quot; id=&quot;enroll-1&quot; title=&quot;&quot;&gt;
               &lt;span class=&quot;glyphicon glyphicon-list&quot;&gt;
               &lt;/span&gt;
               Enroll
            &lt;/a&gt;
            &lt;div class=&quot;display-icon pull-right&quot;&gt;
            &lt;/div&gt;
            &lt;strong&gt;
               [course3] :
            &lt;/strong&gt;
            Name of Course 3
         &lt;/div&gt;
         &lt;div class=&quot;panel-collapse checked collapse in&quot; id=&quot;panelBodyCollapse-1&quot; style=&quot;height: auto;&quot;&gt;
            &lt;div class=&quot;panel-body padding-0&quot;&gt;
               &lt;table class=&quot;table table-responsive table-striped table-bordered margin-0&quot;&gt;
                  &lt;thead class=&quot;background-color-medium-gray text-color-gray font-weight-normal&quot;&gt;
                     &lt;tr id=&quot;resultsHeader-1&quot;&gt;
                        &lt;th&gt;
                           Photo
                        &lt;/th&gt;
                        &lt;th class=&quot;button-sort-none hidden&quot; id=&quot;button_sortsection-1&quot; onclick=&quot;toggleSort(this,2)&quot;&gt;
                           Section
                           &lt;span class=&quot;icon-sort unsorted&quot;&gt;
                           &lt;/span&gt;
                        &lt;/th&gt;
                        &lt;th class=&quot;button-sort-none&quot; id=&quot;button_sortteam-1&quot; onclick=&quot;toggleSort(this,3)&quot;&gt;
                           Team
                           &lt;span class=&quot;icon-sort unsorted&quot;&gt;
                           &lt;/span&gt;
                        &lt;/th&gt;
                        &lt;th class=&quot;button-sort-none&quot; id=&quot;button_sortstudentname-1&quot; onclick=&quot;toggleSort(this,4)&quot;&gt;
                           Student Name
                           &lt;span class=&quot;icon-sort unsorted&quot;&gt;
                           &lt;/span&gt;
                        &lt;/th&gt;
                        &lt;th class=&quot;button-sort-none&quot; id=&quot;button_sortemail-1&quot; onclick=&quot;toggleSort(this,5)&quot;&gt;
                           Email
                           &lt;span class=&quot;icon-sort unsorted&quot;&gt;
                           &lt;/span&gt;
                        &lt;/th&gt;
                        &lt;th&gt;
                           Action(s)
                        &lt;/th&gt;
                     &lt;/tr&gt;
                     &lt;tr class=&quot;hidden&quot; id=&quot;searchNoResults-1&quot;&gt;
                        &lt;th class=&quot;align-center color_white bold&quot;&gt;
                           Cannot find students in this course
                        &lt;/th&gt;
                     &lt;/tr&gt;
                  &lt;/thead&gt;
                  &lt;tbody&gt;
                     &lt;tr id=&quot;student-c1.0&quot;&gt;
                        &lt;td id=&quot;studentphoto-c1.0&quot;&gt;
                           &lt;div class=&quot;profile-pic-icon-click align-center&quot; data-link=&quot;/page/studentProfilePic?studentemail={*}&amp;courseid={*}&amp;user=instructorWith2Courses&quot;&gt;
                              &lt;a class=&quot;student-profile-pic-view-link btn-link&quot;&gt;
                                 View Photo
                              &lt;/a&gt;
                              &lt;img alt=&quot;No Image Given&quot; class=&quot;hidden&quot; src=&quot;&quot;/&gt;
                                                         &lt;/div&gt;
                        &lt;/td&gt;
                        &lt;td class=&quot;hidden&quot; id=&quot;studentsection-c1.0&quot; style=&quot;display: table-cell;&quot;&gt;
                           None
                        &lt;/td&gt;
                        &lt;td id=&quot;studentteam-c1.0.0&quot;&gt;
                           Team 1
                        &lt;/td&gt;
                        &lt;td id=&quot;studentname-c1.0&quot;&gt;
                           Alice Betsy
                        &lt;/td&gt;
                        &lt;td id=&quot;studentemail-c1.0&quot;&gt;
                           CCSDetailsUiT.alice.tmms@gmail.tmt
                        &lt;/td&gt;
                        &lt;td class=&quot;no-print align-center&quot;&gt;
                           &lt;a class=&quot;btn btn-default btn-xs student-view-for-test&quot; data-original-title=&quot;View the details of the student&quot; data-placement=&quot;top&quot; data-toggle=&quot;tooltip&quot; href=&quot;/page/instructorCourseStudentDetailsPage?courseid=course3&amp;studentemail=CCSDetailsUiT.alice.tmms@gmail.tmt&amp;user=instructorWith2Courses&quot; title=&quot;&quot;&gt;
                              View
                           &lt;/a&gt;
                            
                           &lt;a class=&quot;btn btn-default btn-xs student-edit-for-test&quot; data-original-title=&quot;Use this to edit the details of this student. &lt;br&gt;To edit multiple students in one go, you can use the enroll page: &lt;br&gt;Simply enroll students using the updated data and existing data will be updated accordingly&quot; data-placement=&quot;top&quot; data-toggle=&quot;tooltip&quot; href=&quot;/page/instructorCourseStudentDetailsEdit?courseid=course3&amp;studentemail=CCSDetailsUiT.alice.tmms@gmail.tmt&amp;user=instructorWith2Courses&quot; title=&quot;&quot;&gt;
                              Edit
                           &lt;/a&gt;
                            
                           &lt;a class=&quot;btn btn-default btn-xs student-delete-for-test&quot; href=&quot;/page/instructorCourseStudentDelete?courseid=course3&amp;studentemail=CCSDetailsUiT.alice.tmms@gmail.tmt&amp;user=instructorWith2Courses&quot; onclick=&quot;return toggleDeleteStudentConfirmation(&#039;course3&#039;,&#039;Alice Betsy&#039;)&quot;&gt;
                              Delete
                           &lt;/a&gt;
                            
                           &lt;a class=&quot;btn btn-default btn-xs student-records-for-test&quot; data-original-title=&quot;View all student&#039;s evaluations and feedbacks&quot; data-placement=&quot;top&quot; data-toggle=&quot;tooltip&quot; href=&quot;/page/instructorStudentRecordsPage?courseid=course3&amp;studentemail=CCSDetailsUiT.alice.tmms@gmail.tmt&amp;user=instructorWith2Courses&quot; title=&quot;&quot;&gt;
                              All Records
                           &lt;/a&gt;
                            
                           &lt;div class=&quot;dropdown inline&quot;&gt;
                              &lt;a class=&quot;btn btn-default btn-xs dropdown-toggle&quot; data-toggle=&quot;dropdown&quot; href=&quot;javascript:;&quot;&gt;
                                 Add Comment
                              &lt;/a&gt;
                              &lt;ul aria-labelledby=&quot;dLabel&quot; class=&quot;dropdown-menu align-left&quot; role=&quot;menu&quot;&gt;
                                 &lt;li role=&quot;presentation&quot;&gt;
                                    &lt;a href=&quot;/page/instructorCourseStudentDetailsPage?courseid=course3&amp;studentemail=CCSDetailsUiT.alice.tmms@gmail.tmt&amp;user=instructorWith2Courses&amp;addComment=student&quot; role=&quot;menuitem&quot; tabindex=&quot;-1&quot;&gt;
                                       Comment on Alice Betsy
                                    &lt;/a&gt;
                                 &lt;/li&gt;
                                 &lt;li role=&quot;presentation&quot;&gt;
                                    &lt;a href=&quot;/page/instructorCourseStudentDetailsPage?courseid=course3&amp;studentemail=CCSDetailsUiT.alice.tmms@gmail.tmt&amp;user=instructorWith2Courses&amp;addComment=team&quot; role=&quot;menuitem&quot; tabindex=&quot;-1&quot;&gt;
                                       Comment on Team 1
                                    &lt;/a&gt;
                                 &lt;/li&gt;
                              &lt;/ul&gt;
                           &lt;/div&gt;
                        &lt;/td&gt;
                     &lt;/tr&gt;
                     &lt;tr id=&quot;student-c1.1&quot;&gt;
                        &lt;td id=&quot;studentphoto-c1.1&quot;&gt;
                           &lt;div class=&quot;profile-pic-icon-click align-center&quot; data-link=&quot;/page/studentProfilePic?studentemail={*}&amp;courseid={*}&amp;user=instructorWith2Courses&quot;&gt;
                              &lt;a class=&quot;student-profile-pic-view-link btn-link&quot;&gt;
                                 View Photo
                              &lt;/a&gt;
                              &lt;img alt=&quot;No Image Given&quot; class=&quot;hidden&quot; src=&quot;&quot;/&gt;
                                                         &lt;/div&gt;
                        &lt;/td&gt;
                        &lt;td class=&quot;hidden&quot; id=&quot;studentsection-c1.0&quot; style=&quot;display: table-cell;&quot;&gt;
                           None
                        &lt;/td&gt;
                        &lt;td id=&quot;studentteam-c1.0.0&quot;&gt;
                           Team 1
                        &lt;/td&gt;
                        &lt;td id=&quot;studentname-c1.1&quot;&gt;
                           Benny Charles
                        &lt;/td&gt;
                        &lt;td id=&quot;studentemail-c1.1&quot;&gt;
                           benny.c.tmms@gmail.tmt
                        &lt;/td&gt;
                        &lt;td class=&quot;no-print align-center&quot;&gt;
                           &lt;a class=&quot;btn btn-default btn-xs student-view-for-test&quot; data-original-title=&quot;View the details of the student&quot; data-placement=&quot;top&quot; data-toggle=&quot;tooltip&quot; href=&quot;/page/instructorCourseStudentDetailsPage?courseid=course3&amp;studentemail=benny.c.tmms@gmail.tmt&amp;user=instructorWith2Courses&quot; title=&quot;&quot;&gt;
                              View
                           &lt;/a&gt;
                            
                           &lt;a class=&quot;btn btn-default btn-xs student-edit-for-test&quot; data-original-title=&quot;Use this to edit the details of this student. &lt;br&gt;To edit multiple students in one go, you can use the enroll page: &lt;br&gt;Simply enroll students using the updated data and existing data will be updated accordingly&quot; data-placement=&quot;top&quot; data-toggle=&quot;tooltip&quot; href=&quot;/page/instructorCourseStudentDetailsEdit?courseid=course3&amp;studentemail=benny.c.tmms@gmail.tmt&amp;user=instructorWith2Courses&quot; title=&quot;&quot;&gt;
                              Edit
                           &lt;/a&gt;
                            
                           &lt;a class=&quot;btn btn-default btn-xs student-delete-for-test&quot; href=&quot;/page/instructorCourseStudentDelete?courseid=course3&amp;studentemail=benny.c.tmms@gmail.tmt&amp;user=instructorWith2Courses&quot; onclick=&quot;return toggleDeleteStudentConfirmation(&#039;course3&#039;,&#039;Benny Charles&#039;)&quot;&gt;
                              Delete
                           &lt;/a&gt;
                            
                           &lt;a class=&quot;btn btn-default btn-xs student-records-for-test&quot; data-original-title=&quot;View all student&#039;s evaluations and feedbacks&quot; data-placement=&quot;top&quot; data-toggle=&quot;tooltip&quot; href=&quot;/page/instructorStudentRecordsPage?courseid=course3&amp;studentemail=benny.c.tmms@gmail.tmt&amp;user=instructorWith2Courses&quot; title=&quot;&quot;&gt;
                              All Records
                           &lt;/a&gt;
                            
                           &lt;div class=&quot;dropdown inline&quot;&gt;
                              &lt;a class=&quot;btn btn-default btn-xs dropdown-toggle&quot; data-toggle=&quot;dropdown&quot; href=&quot;javascript:;&quot;&gt;
                                 Add Comment
                              &lt;/a&gt;
                              &lt;ul aria-labelledby=&quot;dLabel&quot; class=&quot;dropdown-menu align-left&quot; role=&quot;menu&quot;&gt;
                                 &lt;li role=&quot;presentation&quot;&gt;
                                    &lt;a href=&quot;/page/instructorCourseStudentDetailsPage?courseid=course3&amp;studentemail=benny.c.tmms@gmail.tmt&amp;user=instructorWith2Courses&amp;addComment=student&quot; role=&quot;menuitem&quot; tabindex=&quot;-1&quot;&gt;
                                       Comment on Benny Charles
                                    &lt;/a&gt;
                                 &lt;/li&gt;
                                 &lt;li role=&quot;presentation&quot;&gt;
                                    &lt;a href=&quot;/page/instructorCourseStudentDetailsPage?courseid=course3&amp;studentemail=benny.c.tmms@gmail.tmt&amp;user=instructorWith2Courses&amp;addComment=team&quot; role=&quot;menuitem&quot; tabindex=&quot;-1&quot;&gt;
                                       Comment on Team 1
                                    &lt;/a&gt;
                                 &lt;/li&gt;
                              &lt;/ul&gt;
                           &lt;/div&gt;
                        &lt;/td&gt;
                     &lt;/tr&gt;
                     &lt;tr id=&quot;student-c1.2&quot;&gt;
                        &lt;td id=&quot;studentphoto-c1.2&quot;&gt;
                           &lt;div class=&quot;profile-pic-icon-click align-center&quot; data-link=&quot;&quot; data-original-title=&quot;&quot; title=&quot;&quot;&gt;
                              &lt;img alt=&quot;No Image Given&quot; class=&quot;&quot; src=&quot;/page/studentProfilePic?studentemail={*}&amp;courseid={*}&amp;user=instructorWith2Courses&quot;/&gt;
                                                         &lt;/div&gt;
                           &lt;div class=&quot;popover fade top in&quot; style=&quot;top: {*}px; left: {*}px; display: block;&quot;&gt;
                              &lt;div class=&quot;arrow&quot;&gt;
                              &lt;/div&gt;
                              &lt;h3 class=&quot;popover-title&quot; style=&quot;display: none;&quot;&gt;
                              &lt;/h3&gt;
                              &lt;div class=&quot;popover-content&quot;&gt;
                                 &lt;img class=&quot;profile-pic&quot; src=&quot;/page/studentProfilePic?studentemail={*}&amp;courseid={*}&amp;user=instructorWith2Courses&quot;/&gt;
                                                               &lt;/div&gt;
                           &lt;/div&gt;
                        &lt;/td&gt;
                        &lt;td class=&quot;hidden&quot; id=&quot;studentsection-c1.0&quot; style=&quot;display: table-cell;&quot;&gt;
                           None
                        &lt;/td&gt;
                        &lt;td id=&quot;studentteam-c1.0.1&quot;&gt;
                           Team 2
                        &lt;/td&gt;
                        &lt;td id=&quot;studentname-c1.2&quot;&gt;
                           Charlie D
                        &lt;/td&gt;
                        &lt;td id=&quot;studentemail-c1.2&quot;&gt;
                           CCSDetailsUiT.charlie.tmms@gmail.tmt
                        &lt;/td&gt;
                        &lt;td class=&quot;no-print align-center&quot;&gt;
                           &lt;a class=&quot;btn btn-default btn-xs student-view-for-test&quot; data-original-title=&quot;View the details of the student&quot; data-placement=&quot;top&quot; data-toggle=&quot;tooltip&quot; href=&quot;/page/instructorCourseStudentDetailsPage?courseid=course3&amp;studentemail=CCSDetailsUiT.charlie.tmms@gmail.tmt&amp;user=instructorWith2Courses&quot; title=&quot;&quot;&gt;
                              View
                           &lt;/a&gt;
                            
                           &lt;a class=&quot;btn btn-default btn-xs student-edit-for-test&quot; data-original-title=&quot;Use this to edit the details of this student. &lt;br&gt;To edit multiple students in one go, you can use the enroll page: &lt;br&gt;Simply enroll students using the updated data and existing data will be updated accordingly&quot; data-placement=&quot;top&quot; data-toggle=&quot;tooltip&quot; href=&quot;/page/instructorCourseStudentDetailsEdit?courseid=course3&amp;studentemail=CCSDetailsUiT.charlie.tmms@gmail.tmt&amp;user=instructorWith2Courses&quot; title=&quot;&quot;&gt;
                              Edit
                           &lt;/a&gt;
                            
                           &lt;a class=&quot;btn btn-default btn-xs student-delete-for-test&quot; href=&quot;/page/instructorCourseStudentDelete?courseid=course3&amp;studentemail=CCSDetailsUiT.charlie.tmms@gmail.tmt&amp;user=instructorWith2Courses&quot; onclick=&quot;return toggleDeleteStudentConfirmation(&#039;course3&#039;,&#039;Charlie D&#039;)&quot;&gt;
                              Delete
                           &lt;/a&gt;
                            
                           &lt;a class=&quot;btn btn-default btn-xs student-records-for-test&quot; data-original-title=&quot;View all student&#039;s evaluations and feedbacks&quot; data-placement=&quot;top&quot; data-toggle=&quot;tooltip&quot; href=&quot;/page/instructorStudentRecordsPage?courseid=course3&amp;studentemail=CCSDetailsUiT.charlie.tmms@gmail.tmt&amp;user=instructorWith2Courses&quot; title=&quot;&quot;&gt;
                              All Records
                           &lt;/a&gt;
                            
                           &lt;div class=&quot;dropdown inline&quot;&gt;
                              &lt;a class=&quot;btn btn-default btn-xs dropdown-toggle&quot; data-toggle=&quot;dropdown&quot; href=&quot;javascript:;&quot;&gt;
                                 Add Comment
                              &lt;/a&gt;
                              &lt;ul aria-labelledby=&quot;dLabel&quot; class=&quot;dropdown-menu align-left&quot; role=&quot;menu&quot;&gt;
                                 &lt;li role=&quot;presentation&quot;&gt;
                                    &lt;a href=&quot;/page/instructorCourseStudentDetailsPage?courseid=course3&amp;studentemail=CCSDetailsUiT.charlie.tmms@gmail.tmt&amp;user=instructorWith2Courses&amp;addComment=student&quot; role=&quot;menuitem&quot; tabindex=&quot;-1&quot;&gt;
                                       Comment on Charlie D
                                    &lt;/a&gt;
                                 &lt;/li&gt;
                                 &lt;li role=&quot;presentation&quot;&gt;
                                    &lt;a href=&quot;/page/instructorCourseStudentDetailsPage?courseid=course3&amp;studentemail=CCSDetailsUiT.charlie.tmms@gmail.tmt&amp;user=instructorWith2Courses&amp;addComment=team&quot; role=&quot;menuitem&quot; tabindex=&quot;-1&quot;&gt;
                                       Comment on Team 2
                                    &lt;/a&gt;
                                 &lt;/li&gt;
                              &lt;/ul&gt;
                           &lt;/div&gt;
                        &lt;/td&gt;
                     &lt;/tr&gt;
                     &lt;tr id=&quot;student-c1.3&quot;&gt;
                        &lt;td id=&quot;studentphoto-c1.3&quot;&gt;
                           &lt;div class=&quot;profile-pic-icon-click align-center&quot; data-link=&quot;/page/studentProfilePic?studentemail={*}&amp;courseid={*}&amp;user=instructorWith2Courses&quot;&gt;
                              &lt;a class=&quot;student-profile-pic-view-link btn-link&quot;&gt;
                                 View Photo
                              &lt;/a&gt;
                              &lt;img alt=&quot;No Image Given&quot; class=&quot;hidden&quot; src=&quot;&quot;/&gt;
                                                         &lt;/div&gt;
                        &lt;/td&gt;
                        &lt;td class=&quot;hidden&quot; id=&quot;studentsection-c1.0&quot; style=&quot;display: table-cell;&quot;&gt;
                           None
                        &lt;/td&gt;
                        &lt;td id=&quot;studentteam-c1.0.1&quot;&gt;
                           Team 2
                        &lt;/td&gt;
                        &lt;td id=&quot;studentname-c1.3&quot;&gt;
                           Denny Charlés
                        &lt;/td&gt;
                        &lt;td id=&quot;studentemail-c1.3&quot;&gt;
                           denny.c.tmms@gmail.tmt
                        &lt;/td&gt;
                        &lt;td class=&quot;no-print align-center&quot;&gt;
                           &lt;a class=&quot;btn btn-default btn-xs student-view-for-test&quot; data-original-title=&quot;View the details of the student&quot; data-placement=&quot;top&quot; data-toggle=&quot;tooltip&quot; href=&quot;/page/instructorCourseStudentDetailsPage?courseid=course3&amp;studentemail=denny.c.tmms@gmail.tmt&amp;user=instructorWith2Courses&quot; title=&quot;&quot;&gt;
                              View
                           &lt;/a&gt;
                            
                           &lt;a class=&quot;btn btn-default btn-xs student-edit-for-test&quot; data-original-title=&quot;Use this to edit the details of this student. &lt;br&gt;To edit multiple students in one go, you can use the enroll page: &lt;br&gt;Simply enroll students using the updated data and existing data will be updated accordingly&quot; data-placement=&quot;top&quot; data-toggle=&quot;tooltip&quot; href=&quot;/page/instructorCourseStudentDetailsEdit?courseid=course3&amp;studentemail=denny.c.tmms@gmail.tmt&amp;user=instructorWith2Courses&quot; title=&quot;&quot;&gt;
                              Edit
                           &lt;/a&gt;
                            
                           &lt;a class=&quot;btn btn-default btn-xs student-delete-for-test&quot; href=&quot;/page/instructorCourseStudentDelete?courseid=course3&amp;studentemail=denny.c.tmms@gmail.tmt&amp;user=instructorWith2Courses&quot; onclick=&quot;return toggleDeleteStudentConfirmation(&#039;course3&#039;,&#039;Denny Charlés&#039;)&quot;&gt;
                              Delete
                           &lt;/a&gt;
                            
                           &lt;a class=&quot;btn btn-default btn-xs student-records-for-test&quot; data-original-title=&quot;View all student&#039;s evaluations and feedbacks&quot; data-placement=&quot;top&quot; data-toggle=&quot;tooltip&quot; href=&quot;/page/instructorStudentRecordsPage?courseid=course3&amp;studentemail=denny.c.tmms@gmail.tmt&amp;user=instructorWith2Courses&quot; title=&quot;&quot;&gt;
                              All Records
                           &lt;/a&gt;
                            
                           &lt;div class=&quot;dropdown inline&quot;&gt;
                              &lt;a class=&quot;btn btn-default btn-xs dropdown-toggle&quot; data-toggle=&quot;dropdown&quot; href=&quot;javascript:;&quot;&gt;
                                 Add Comment
                              &lt;/a&gt;
                              &lt;ul aria-labelledby=&quot;dLabel&quot; class=&quot;dropdown-menu align-left&quot; role=&quot;menu&quot;&gt;
                                 &lt;li role=&quot;presentation&quot;&gt;
                                    &lt;a href=&quot;/page/instructorCourseStudentDetailsPage?courseid=course3&amp;studentemail=denny.c.tmms@gmail.tmt&amp;user=instructorWith2Courses&amp;addComment=student&quot; role=&quot;menuitem&quot; tabindex=&quot;-1&quot;&gt;
                                       Comment on Denny Charlés
                                    &lt;/a&gt;
                                 &lt;/li&gt;
                                 &lt;li role=&quot;presentation&quot;&gt;
                                    &lt;a href=&quot;/page/instructorCourseStudentDetailsPage?courseid=course3&amp;studentemail=denny.c.tmms@gmail.tmt&amp;user=instructorWith2Courses&amp;addComment=team&quot; role=&quot;menuitem&quot; tabindex=&quot;-1&quot;&gt;
                                       Comment on Team 2
                                    &lt;/a&gt;
                                 &lt;/li&gt;
                              &lt;/ul&gt;
                           &lt;/div&gt;
                        &lt;/td&gt;
                     &lt;/tr&gt;
                  &lt;/tbody&gt;
               &lt;/table&gt;
            &lt;/div&gt;
         &lt;/div&gt;
      &lt;/div&gt;
   &lt;/div&gt;

&lt;/expected]&gt;&gt; but was:&lt;&lt;[actual&gt;
   &lt;div class=&quot;container theme-showcase&quot; id=&quot;frameBodyWrapper&quot;&gt;
      &lt;div id=&quot;topOfPage&quot;&gt;
      &lt;/div&gt;
      &lt;h1&gt;
         Find Students
      &lt;/h1&gt;
      &lt;div class=&quot;well well-plain&quot;&gt;
         &lt;div class=&quot;row&quot;&gt;
            &lt;div class=&quot;col-md-12&quot;&gt;
               &lt;form action=&quot;/page/instructorSearchPage?user=instructorWith2Courses&quot; method=&quot;get&quot; name=&quot;search_form&quot;&gt;
                  &lt;div class=&quot;row&quot;&gt;
                     &lt;div class=&quot;col-md-10&quot;&gt;
                        &lt;div class=&quot;form-group&quot;&gt;
                           &lt;input class=&quot;form-control&quot; data-original-title=&quot;Search for student&#039;s name&quot; data-placement=&quot;top&quot; data-toggle=&quot;tooltip&quot; id=&quot;searchbox&quot; name=&quot;searchkey&quot; placeholder=&quot;e.g. Charles Shultz&quot; title=&quot;&quot; type=&quot;text&quot; value=&quot;&quot;/&gt;
                                                   &lt;/div&gt;
                     &lt;/div&gt;
                     &lt;div class=&quot;col-md-2 nav&quot;&gt;
                        &lt;div class=&quot;form-group&quot;&gt;
                           &lt;button class=&quot;btn btn-primary&quot; id=&quot;buttonSearch&quot; type=&quot;submit&quot; value=&quot;Search&quot;&gt;
                              &lt;span class=&quot;glyphicon glyphicon-search&quot;&gt;
                              &lt;/span&gt;
                              Find students
                           &lt;/button&gt;
                        &lt;/div&gt;
                     &lt;/div&gt;
                  &lt;/div&gt;
                  &lt;input name=&quot;searchstudents&quot; type=&quot;hidden&quot; value=&quot;true&quot;/&gt;
                                    &lt;input name=&quot;searchcommentforstudents&quot; type=&quot;hidden&quot; value=&quot;false&quot;/&gt;
                                    &lt;input name=&quot;searchcommentforresponses&quot; type=&quot;hidden&quot; value=&quot;false&quot;/&gt;
                                    &lt;input name=&quot;user&quot; type=&quot;hidden&quot; value=&quot;instructorWith2Courses&quot;/&gt;
                                 &lt;/form&gt;
            &lt;/div&gt;
         &lt;/div&gt;
      &lt;/div&gt;
      &lt;h1&gt;
         Filter Students
      &lt;/h1&gt;
      &lt;div class=&quot;well well-plain&quot; id=&quot;moreOptionsDiv&quot;&gt;
         &lt;div class=&quot;row&quot;&gt;
            &lt;div class=&quot;col-md-3&quot;&gt;
               &lt;div class=&quot;checkbox&quot;&gt;
                  &lt;input id=&quot;displayArchivedCourses_check&quot; type=&quot;checkbox&quot;/&gt;
                                    &lt;label for=&quot;displayArchivedCourses_check&quot;&gt;
                     Display Archived Courses
                  &lt;/label&gt;
               &lt;/div&gt;
            &lt;/div&gt;
         &lt;/div&gt;
         &lt;form class=&quot;form-horizontal&quot; role=&quot;form&quot;&gt;
            &lt;div class=&quot;row&quot;&gt;
               &lt;div class=&quot;col-sm-3&quot;&gt;
                  &lt;div class=&quot;text-color-primary&quot;&gt;
                     &lt;strong&gt;
                        Courses
                     &lt;/strong&gt;
                  &lt;/div&gt;
                  &lt;br/&gt;
                                    &lt;div class=&quot;checkbox&quot;&gt;
                     &lt;input id=&quot;course_all&quot; type=&quot;checkbox&quot; value=&quot;&quot;/&gt;
                                          &lt;label for=&quot;course_all&quot;&gt;
                        &lt;strong&gt;
                           Select all
                        &lt;/strong&gt;
                     &lt;/label&gt;
                  &lt;/div&gt;
                  &lt;br/&gt;
                                    &lt;div class=&quot;checkbox&quot;&gt;
                     &lt;input id=&quot;course_check-0&quot; type=&quot;checkbox&quot;/&gt;
                                          &lt;label for=&quot;course_check-0&quot;&gt;
                        [course2] : Name of Course 2
                     &lt;/label&gt;
                  &lt;/div&gt;
                  &lt;div class=&quot;checkbox&quot;&gt;
                     &lt;input id=&quot;course_check-1&quot; type=&quot;checkbox&quot;/&gt;
                                          &lt;label for=&quot;course_check-1&quot;&gt;
                        [course3] : Name of Course 3
                     &lt;/label&gt;
                  &lt;/div&gt;
               &lt;/div&gt;
               &lt;div class=&quot;col-sm-3&quot;&gt;
                  &lt;div class=&quot;text-color-primary&quot;&gt;
                     &lt;strong&gt;
                        Sections
                     &lt;/strong&gt;
                  &lt;/div&gt;
                  &lt;br/&gt;
                                    &lt;div class=&quot;checkbox&quot; style=&quot;&quot;&gt;
                     &lt;input id=&quot;section_all&quot; type=&quot;checkbox&quot; value=&quot;&quot;/&gt;
                                          &lt;label for=&quot;section_all&quot;&gt;
                        &lt;strong&gt;
                           Select all
                        &lt;/strong&gt;
                     &lt;/label&gt;
                  &lt;/div&gt;
                  &lt;br/&gt;
                                    &lt;div id=&quot;sectionChoices&quot;&gt;
                     &lt;div class=&quot;checkbox&quot;&gt;
                        &lt;input checked=&quot;checked&quot; class=&quot;section_check&quot; id=&quot;section_check-0-0&quot; type=&quot;checkbox&quot;/&gt;
                                                &lt;label for=&quot;section_check-0-0&quot;&gt;
                           [course2] : Section A
                        &lt;/label&gt;
                     &lt;/div&gt;
                     &lt;div class=&quot;checkbox&quot;&gt;
                        &lt;input checked=&quot;checked&quot; class=&quot;section_check&quot; id=&quot;section_check-0-1&quot; type=&quot;checkbox&quot;/&gt;
                                                &lt;label for=&quot;section_check-0-1&quot;&gt;
                           [course2] : Section B
                        &lt;/label&gt;
                     &lt;/div&gt;
                     &lt;div class=&quot;checkbox&quot;&gt;
                        &lt;input checked=&quot;checked&quot; class=&quot;section_check&quot; id=&quot;section_check-1-0&quot; type=&quot;checkbox&quot;/&gt;
                                                &lt;label for=&quot;section_check-1-0&quot;&gt;
                           [course3] : None
                        &lt;/label&gt;
                     &lt;/div&gt;
                  &lt;/div&gt;
               &lt;/div&gt;
               &lt;div class=&quot;col-sm-3&quot;&gt;
                  &lt;div class=&quot;text-color-primary&quot;&gt;
                     &lt;strong&gt;
                        Teams
                     &lt;/strong&gt;
                  &lt;/div&gt;
                  &lt;br/&gt;
                                    &lt;div class=&quot;checkbox&quot; style=&quot;&quot;&gt;
                     &lt;input id=&quot;team_all&quot; type=&quot;checkbox&quot;/&gt;
                                          &lt;label for=&quot;team_all&quot;&gt;
                        &lt;strong&gt;
                           Select All
                        &lt;/strong&gt;
                     &lt;/label&gt;
                  &lt;/div&gt;
                  &lt;br/&gt;
                                    &lt;div id=&quot;teamChoices&quot;&gt;
                     &lt;div class=&quot;checkbox&quot;&gt;
                        &lt;input checked=&quot;checked&quot; class=&quot;team_check&quot; id=&quot;team_check-0-0-0&quot; type=&quot;checkbox&quot;/&gt;
                                                &lt;label for=&quot;team_check-0-0-0&quot;&gt;
                           [course2] : Team 1
                        &lt;/label&gt;
                     &lt;/div&gt;
                     &lt;div class=&quot;checkbox&quot;&gt;
                        &lt;input checked=&quot;checked&quot; class=&quot;team_check&quot; id=&quot;team_check-0-1-1&quot; type=&quot;checkbox&quot;/&gt;
                                                &lt;label for=&quot;team_check-0-1-1&quot;&gt;
                           [course2] : Team 2
                        &lt;/label&gt;
                     &lt;/div&gt;
                     &lt;div class=&quot;checkbox&quot;&gt;
                        &lt;input checked=&quot;checked&quot; class=&quot;team_check&quot; id=&quot;team_check-0-1-2&quot; type=&quot;checkbox&quot;/&gt;
                                                &lt;label for=&quot;team_check-0-1-2&quot;&gt;
                           [course2] : Team 3
                        &lt;/label&gt;
                     &lt;/div&gt;
                     &lt;div class=&quot;checkbox&quot;&gt;
                        &lt;input checked=&quot;checked&quot; class=&quot;team_check&quot; id=&quot;team_check-1-0-0&quot; type=&quot;checkbox&quot;/&gt;
                                                &lt;label for=&quot;team_check-1-0-0&quot;&gt;
                           [course3] : Team 1
                        &lt;/label&gt;
                     &lt;/div&gt;
                     &lt;div class=&quot;checkbox&quot;&gt;
                        &lt;input checked=&quot;checked&quot; class=&quot;team_check&quot; id=&quot;team_check-1-0-1&quot; type=&quot;checkbox&quot;/&gt;
                                                &lt;label for=&quot;team_check-1-0-1&quot;&gt;
                           [course3] : Team 2
                        &lt;/label&gt;
                     &lt;/div&gt;
                  &lt;/div&gt;
               &lt;/div&gt;
               &lt;div class=&quot;col-sm-3&quot;&gt;
                  &lt;div class=&quot;text-color-primary&quot;&gt;
                     &lt;strong&gt;
                        Emails
                     &lt;/strong&gt;
                  &lt;/div&gt;
                  &lt;br/&gt;
                                    &lt;div class=&quot;checkbox&quot; style=&quot;&quot;&gt;
                     &lt;input checked=&quot;checked&quot; id=&quot;show_email&quot; type=&quot;checkbox&quot;/&gt;
                                          &lt;label for=&quot;show_email&quot;&gt;
                        &lt;strong&gt;
                           Show Emails
                        &lt;/strong&gt;
                     &lt;/label&gt;
                  &lt;/div&gt;
                  &lt;br/&gt;
                                    &lt;div id=&quot;emails&quot;&gt;
                     &lt;div id=&quot;student_email-c0.0&quot;&gt;
                        CCSDetailsUiT.alice.tmms@gmail.tmt
                     &lt;/div&gt;
                     &lt;div id=&quot;student_email-c0.1&quot;&gt;
                        barney.c.tmms@gmail.tmt
                     &lt;/div&gt;
                     &lt;div id=&quot;student_email-c0.2&quot;&gt;
                        jack.c.tmms@gmail.tmt
                     &lt;/div&gt;
                     &lt;div id=&quot;student_email-c0.3&quot;&gt;
                        ted.c.tmms@gmail.tmt
                     &lt;/div&gt;
                     &lt;div id=&quot;student_email-c1.0&quot; style=&quot;display: none;&quot;&gt;
                        CCSDetailsUiT.alice.tmms@gmail.tmt
                     &lt;/div&gt;
                     &lt;div id=&quot;student_email-c1.1&quot;&gt;
                        benny.c.tmms@gmail.tmt
                     &lt;/div&gt;
                     &lt;div id=&quot;student_email-c1.2&quot;&gt;
                        CCSDetailsUiT.charlie.tmms@gmail.tmt
                     &lt;/div&gt;
                     &lt;div id=&quot;student_email-c1.3&quot;&gt;
                        denny.c.tmms@gmail.tmt
                     &lt;/div&gt;
                  &lt;/div&gt;
               &lt;/div&gt;
            &lt;/div&gt;
         &lt;/form&gt;
      &lt;/div&gt;
      &lt;div id=&quot;statusMessage&quot; style=&quot;display: none;&quot;&gt;
      &lt;/div&gt;
      &lt;div class=&quot;panel panel-info&quot;&gt;
         &lt;div class=&quot;panel-heading&quot; data-target=&quot;#panelBodyCollapse-0&quot; id=&quot;panelHeading-0&quot; style=&quot;cursor: pointer;&quot;&gt;
            &lt;form action=&quot;/page/instructorStudentListAjaxPage&quot; class=&quot;seeMoreForm-0&quot; id=&quot;seeMore-0&quot; style=&quot;display:none;&quot;&gt;
               &lt;input name=&quot;courseid&quot; type=&quot;hidden&quot; value=&quot;course2&quot;/&gt;
                              &lt;input name=&quot;user&quot; type=&quot;hidden&quot; value=&quot;instructorWith2Courses&quot;/&gt;
                              &lt;input id=&quot;numStudents-0&quot; type=&quot;hidden&quot; value=&quot;4&quot;/&gt;
                           &lt;/form&gt;
            &lt;a class=&quot;btn btn-default btn-xs pull-right pull-down course-enroll-for-test&quot; data-original-title=&quot;Enroll student into the course&quot; data-placement=&quot;top&quot; data-toggle=&quot;tooltip&quot; href=&quot;/page/instructorCourseEnrollPage?courseid=course2&amp;user=instructorWith2Courses&quot; id=&quot;enroll-0&quot; title=&quot;&quot;&gt;
               &lt;span class=&quot;glyphicon glyphicon-list&quot;&gt;
               &lt;/span&gt;
               Enroll
            &lt;/a&gt;
            &lt;div class=&quot;display-icon pull-right&quot;&gt;
            &lt;/div&gt;
            &lt;strong&gt;
               [course2] :
            &lt;/strong&gt;
            Name of Course 2
         &lt;/div&gt;
         &lt;div class=&quot;panel-collapse checked collapse in&quot; id=&quot;panelBodyCollapse-0&quot; style=&quot;height: auto;&quot;&gt;
            &lt;div class=&quot;panel-body padding-0&quot;&gt;
               &lt;table class=&quot;table table-responsive table-striped table-bordered margin-0&quot;&gt;
                  &lt;thead class=&quot;background-color-medium-gray text-color-gray font-weight-normal&quot;&gt;
                     &lt;tr id=&quot;resultsHeader-0&quot;&gt;
                        &lt;th&gt;
                           Photo
                        &lt;/th&gt;
                        &lt;th class=&quot;button-sort-none&quot; id=&quot;button_sortsection-0&quot; onclick=&quot;toggleSort(this,2)&quot;&gt;
                           Section
                           &lt;span class=&quot;icon-sort unsorted&quot;&gt;
                           &lt;/span&gt;
                        &lt;/th&gt;
                        &lt;th class=&quot;button-sort-none&quot; id=&quot;button_sortteam-0&quot; onclick=&quot;toggleSort(this,3)&quot;&gt;
                           Team
                           &lt;span class=&quot;icon-sort unsorted&quot;&gt;
                           &lt;/span&gt;
                        &lt;/th&gt;
                        &lt;th class=&quot;button-sort-none&quot; id=&quot;button_sortstudentname-0&quot; onclick=&quot;toggleSort(this,4)&quot;&gt;
                           Student Name
                           &lt;span class=&quot;icon-sort unsorted&quot;&gt;
                           &lt;/span&gt;
                        &lt;/th&gt;
                        &lt;th class=&quot;button-sort-none&quot; id=&quot;button_sortemail-0&quot; onclick=&quot;toggleSort(this,5)&quot;&gt;
                           Email
                           &lt;span class=&quot;icon-sort unsorted&quot;&gt;
                           &lt;/span&gt;
                        &lt;/th&gt;
                        &lt;th&gt;
                           Action(s)
                        &lt;/th&gt;
                     &lt;/tr&gt;
                     &lt;tr class=&quot;hidden&quot; id=&quot;searchNoResults-0&quot;&gt;
                        &lt;th class=&quot;align-center color_white bold&quot;&gt;
                           Cannot find students in this course
                        &lt;/th&gt;
                     &lt;/tr&gt;
                  &lt;/thead&gt;
                  &lt;tbody&gt;
                     &lt;tr id=&quot;student-c0.0&quot;&gt;
                        &lt;td id=&quot;studentphoto-c0.0&quot;&gt;
                           &lt;div class=&quot;profile-pic-icon-click align-center&quot; data-link=&quot;&quot; data-original-title=&quot;&quot; title=&quot;&quot;&gt;
                              &lt;img alt=&quot;No Image Given&quot; class=&quot;&quot; src=&quot;../images/profile_picture_default.png&quot;/&gt;
                                                         &lt;/div&gt;
                        &lt;/td&gt;
                        &lt;td id=&quot;studentsection-c0.0&quot;&gt;
                           Section A
                        &lt;/td&gt;
                        &lt;td id=&quot;studentteam-c0.0.0&quot;&gt;
                           Team 1
                        &lt;/td&gt;
                        &lt;td id=&quot;studentname-c0.0&quot;&gt;
                           Alice Betsy
                        &lt;/td&gt;
                        &lt;td id=&quot;studentemail-c0.0&quot;&gt;
                           CCSDetailsUiT.alice.tmms@gmail.tmt
                        &lt;/td&gt;
                        &lt;td class=&quot;no-print align-center&quot;&gt;
                           &lt;a class=&quot;btn btn-default btn-xs student-view-for-test&quot; data-original-title=&quot;View the details of the student&quot; data-placement=&quot;top&quot; data-toggle=&quot;tooltip&quot; href=&quot;/page/instructorCourseStudentDetailsPage?courseid=course2&amp;studentemail=CCSDetailsUiT.alice.tmms@gmail.tmt&amp;user=instructorWith2Courses&quot; title=&quot;&quot;&gt;
                              View
                           &lt;/a&gt;
                            
                           &lt;a class=&quot;btn btn-default btn-xs student-edit-for-test&quot; data-original-title=&quot;Use this to edit the details of this student. &lt;br&gt;To edit multiple students in one go, you can use the enroll page: &lt;br&gt;Simply enroll students using the updated data and existing data will be updated accordingly&quot; data-placement=&quot;top&quot; data-toggle=&quot;tooltip&quot; href=&quot;/page/instructorCourseStudentDetailsEdit?courseid=course2&amp;studentemail=CCSDetailsUiT.alice.tmms@gmail.tmt&amp;user=instructorWith2Courses&quot; title=&quot;&quot;&gt;
                              Edit
                           &lt;/a&gt;
                            
                           &lt;a class=&quot;btn btn-default btn-xs student-delete-for-test&quot; href=&quot;/page/instructorCourseStudentDelete?courseid=course2&amp;studentemail=CCSDetailsUiT.alice.tmms@gmail.tmt&amp;user=instructorWith2Courses&quot; onclick=&quot;return toggleDeleteStudentConfirmation(&#039;course2&#039;,&#039;Alice Betsy&#039;)&quot;&gt;
                              Delete
                           &lt;/a&gt;
                            
                           &lt;a class=&quot;btn btn-default btn-xs student-records-for-test&quot; data-original-title=&quot;View all student&#039;s evaluations and feedbacks&quot; data-placement=&quot;top&quot; data-toggle=&quot;tooltip&quot; href=&quot;/page/instructorStudentRecordsPage?courseid=course2&amp;studentemail=CCSDetailsUiT.alice.tmms@gmail.tmt&amp;user=instructorWith2Courses&quot; title=&quot;&quot;&gt;
                              All Records
                           &lt;/a&gt;
                            
                           &lt;div class=&quot;dropdown inline&quot;&gt;
                              &lt;a class=&quot;btn btn-default btn-xs dropdown-toggle&quot; data-toggle=&quot;dropdown&quot; href=&quot;javascript:;&quot;&gt;
                                 Add Comment
                              &lt;/a&gt;
                              &lt;ul aria-labelledby=&quot;dLabel&quot; class=&quot;dropdown-menu align-left&quot; role=&quot;menu&quot;&gt;
                                 &lt;li role=&quot;presentation&quot;&gt;
                                    &lt;a href=&quot;/page/instructorCourseStudentDetailsPage?courseid=course2&amp;studentemail=CCSDetailsUiT.alice.tmms@gmail.tmt&amp;user=instructorWith2Courses&amp;addComment=student&quot; role=&quot;menuitem&quot; tabindex=&quot;-1&quot;&gt;
                                       Comment on Alice Betsy
                                    &lt;/a&gt;
                                 &lt;/li&gt;
                                 &lt;li role=&quot;presentation&quot;&gt;
                                    &lt;a href=&quot;/page/instructorCourseStudentDetailsPage?courseid=course2&amp;studentemail=CCSDetailsUiT.alice.tmms@gmail.tmt&amp;user=instructorWith2Courses&amp;addComment=team&quot; role=&quot;menuitem&quot; tabindex=&quot;-1&quot;&gt;
                                       Comment on Team 1
                                    &lt;/a&gt;
                                 &lt;/li&gt;
                                 &lt;li role=&quot;presentation&quot;&gt;
                                    &lt;a href=&quot;/page/instructorCourseStudentDetailsPage?courseid=course2&amp;studentemail=CCSDetailsUiT.alice.tmms@gmail.tmt&amp;user=instructorWith2Courses&amp;addComment=section&quot; role=&quot;menuitem&quot; tabindex=&quot;-1&quot;&gt;
                                       Comment on Section A
                                    &lt;/a&gt;
                                 &lt;/li&gt;
                              &lt;/ul&gt;
                           &lt;/div&gt;
                        &lt;/td&gt;
                     &lt;/tr&gt;
                     &lt;tr id=&quot;student-c0.1&quot;&gt;
                        &lt;td id=&quot;studentphoto-c0.1&quot;&gt;
                           &lt;div class=&quot;profile-pic-icon-click align-center&quot; data-link=&quot;/page/studentProfilePic?studentemail=F3A268BB017A56F172619FCBCD5A4042E87DD87A1E3E27996CFE6439777C36D6&amp;courseid=E216B11536A4CA7B15724A250F3266A4&amp;user=instructorWith2Courses&quot;&gt;
                              &lt;a class=&quot;student-profile-pic-view-link btn-link&quot;&gt;
                                 View Photo
                              &lt;/a&gt;
                              &lt;img alt=&quot;No Image Given&quot; class=&quot;hidden&quot; src=&quot;&quot;/&gt;
                                                         &lt;/div&gt;
                        &lt;/td&gt;
                        &lt;td id=&quot;studentsection-c0.1&quot;&gt;
                           Section B
                        &lt;/td&gt;
                        &lt;td id=&quot;studentteam-c0.1.1&quot;&gt;
                           Team 2
                        &lt;/td&gt;
                        &lt;td id=&quot;studentname-c0.1&quot;&gt;
                           Barney Stinson
                        &lt;/td&gt;
                        &lt;td id=&quot;studentemail-c0.1&quot;&gt;
                           barney.c.tmms@gmail.tmt
                        &lt;/td&gt;
                        &lt;td class=&quot;no-print align-center&quot;&gt;
                           &lt;a class=&quot;btn btn-default btn-xs student-view-for-test&quot; data-original-title=&quot;View the details of the student&quot; data-placement=&quot;top&quot; data-toggle=&quot;tooltip&quot; href=&quot;/page/instructorCourseStudentDetailsPage?courseid=course2&amp;studentemail=barney.c.tmms@gmail.tmt&amp;user=instructorWith2Courses&quot; title=&quot;&quot;&gt;
                              View
                           &lt;/a&gt;
                            
                           &lt;a class=&quot;btn btn-default btn-xs student-edit-for-test&quot; data-original-title=&quot;Use this to edit the details of this student. &lt;br&gt;To edit multiple students in one go, you can use the enroll page: &lt;br&gt;Simply enroll students using the updated data and existing data will be updated accordingly&quot; data-placement=&quot;top&quot; data-toggle=&quot;tooltip&quot; href=&quot;/page/instructorCourseStudentDetailsEdit?courseid=course2&amp;studentemail=barney.c.tmms@gmail.tmt&amp;user=instructorWith2Courses&quot; title=&quot;&quot;&gt;
                              Edit
                           &lt;/a&gt;
                            
                           &lt;a class=&quot;btn btn-default btn-xs student-delete-for-test&quot; href=&quot;/page/instructorCourseStudentDelete?courseid=course2&amp;studentemail=barney.c.tmms@gmail.tmt&amp;user=instructorWith2Courses&quot; onclick=&quot;return toggleDeleteStudentConfirmation(&#039;course2&#039;,&#039;Barney Stinson&#039;)&quot;&gt;
                              Delete
                           &lt;/a&gt;
                            
                           &lt;a class=&quot;btn btn-default btn-xs student-records-for-test&quot; data-original-title=&quot;View all student&#039;s evaluations and feedbacks&quot; data-placement=&quot;top&quot; data-toggle=&quot;tooltip&quot; href=&quot;/page/instructorStudentRecordsPage?courseid=course2&amp;studentemail=barney.c.tmms@gmail.tmt&amp;user=instructorWith2Courses&quot; title=&quot;&quot;&gt;
                              All Records
                           &lt;/a&gt;
                            
                           &lt;div class=&quot;dropdown inline&quot;&gt;
                              &lt;a class=&quot;btn btn-default btn-xs dropdown-toggle&quot; data-toggle=&quot;dropdown&quot; href=&quot;javascript:;&quot;&gt;
                                 Add Comment
                              &lt;/a&gt;
                              &lt;ul aria-labelledby=&quot;dLabel&quot; class=&quot;dropdown-menu align-left&quot; role=&quot;menu&quot;&gt;
                                 &lt;li role=&quot;presentation&quot;&gt;
                                    &lt;a href=&quot;/page/instructorCourseStudentDetailsPage?courseid=course2&amp;studentemail=barney.c.tmms@gmail.tmt&amp;user=instructorWith2Courses&amp;addComment=student&quot; role=&quot;menuitem&quot; tabindex=&quot;-1&quot;&gt;
                                       Comment on Barney Stinson
                                    &lt;/a&gt;
                                 &lt;/li&gt;
                                 &lt;li role=&quot;presentation&quot;&gt;
                                    &lt;a href=&quot;/page/instructorCourseStudentDetailsPage?courseid=course2&amp;studentemail=barney.c.tmms@gmail.tmt&amp;user=instructorWith2Courses&amp;addComment=team&quot; role=&quot;menuitem&quot; tabindex=&quot;-1&quot;&gt;
                                       Comment on Team 2
                                    &lt;/a&gt;
                                 &lt;/li&gt;
                                 &lt;li role=&quot;presentation&quot;&gt;
                                    &lt;a href=&quot;/page/instructorCourseStudentDetailsPage?courseid=course2&amp;studentemail=barney.c.tmms@gmail.tmt&amp;user=instructorWith2Courses&amp;addComment=section&quot; role=&quot;menuitem&quot; tabindex=&quot;-1&quot;&gt;
                                       Comment on Section B
                                    &lt;/a&gt;
                                 &lt;/li&gt;
                              &lt;/ul&gt;
                           &lt;/div&gt;
                        &lt;/td&gt;
                     &lt;/tr&gt;
                     &lt;tr id=&quot;student-c0.2&quot;&gt;
                        &lt;td id=&quot;studentphoto-c0.2&quot;&gt;
                           &lt;div class=&quot;profile-pic-icon-click align-center&quot; data-link=&quot;/page/studentProfilePic?studentemail=F83E841CAE54F1E6E2176AE9ECDAEE798E321D731657598E5962219A9FE79378&amp;courseid=E216B11536A4CA7B15724A250F3266A4&amp;user=instructorWith2Courses&quot;&gt;
                              &lt;a class=&quot;student-profile-pic-view-link btn-link&quot;&gt;
                                 View Photo
                              &lt;/a&gt;
                              &lt;img alt=&quot;No Image Given&quot; class=&quot;hidden&quot; src=&quot;&quot;/&gt;
                                                         &lt;/div&gt;
                        &lt;/td&gt;
                        &lt;td id=&quot;studentsection-c0.1&quot;&gt;
                           Section B
                        &lt;/td&gt;
                        &lt;td id=&quot;studentteam-c0.1.2&quot;&gt;
                           Team 3
                        &lt;/td&gt;
                        &lt;td id=&quot;studentname-c0.2&quot;&gt;
                           Jack Lawrence
                        &lt;/td&gt;
                        &lt;td id=&quot;studentemail-c0.2&quot;&gt;
                           jack.c.tmms@gmail.tmt
                        &lt;/td&gt;
                        &lt;td class=&quot;no-print align-center&quot;&gt;
                           &lt;a class=&quot;btn btn-default btn-xs student-view-for-test&quot; data-original-title=&quot;View the details of the student&quot; data-placement=&quot;top&quot; data-toggle=&quot;tooltip&quot; href=&quot;/page/instructorCourseStudentDetailsPage?courseid=course2&amp;studentemail=jack.c.tmms@gmail.tmt&amp;user=instructorWith2Courses&quot; title=&quot;&quot;&gt;
                              View
                           &lt;/a&gt;
                            
                           &lt;a class=&quot;btn btn-default btn-xs student-edit-for-test&quot; data-original-title=&quot;Use this to edit the details of this student. &lt;br&gt;To edit multiple students in one go, you can use the enroll page: &lt;br&gt;Simply enroll students using the updated data and existing data will be updated accordingly&quot; data-placement=&quot;top&quot; data-toggle=&quot;tooltip&quot; href=&quot;/page/instructorCourseStudentDetailsEdit?courseid=course2&amp;studentemail=jack.c.tmms@gmail.tmt&amp;user=instructorWith2Courses&quot; title=&quot;&quot;&gt;
                              Edit
                           &lt;/a&gt;
                            
                           &lt;a class=&quot;btn btn-default btn-xs student-delete-for-test&quot; href=&quot;/page/instructorCourseStudentDelete?courseid=course2&amp;studentemail=jack.c.tmms@gmail.tmt&amp;user=instructorWith2Courses&quot; onclick=&quot;return toggleDeleteStudentConfirmation(&#039;course2&#039;,&#039;Jack Lawrence&#039;)&quot;&gt;
                              Delete
                           &lt;/a&gt;
                            
                           &lt;a class=&quot;btn btn-default btn-xs student-records-for-test&quot; data-original-title=&quot;View all student&#039;s evaluations and feedbacks&quot; data-placement=&quot;top&quot; data-toggle=&quot;tooltip&quot; href=&quot;/page/instructorStudentRecordsPage?courseid=course2&amp;studentemail=jack.c.tmms@gmail.tmt&amp;user=instructorWith2Courses&quot; title=&quot;&quot;&gt;
                              All Records
                           &lt;/a&gt;
                            
                           &lt;div class=&quot;dropdown inline&quot;&gt;
                              &lt;a class=&quot;btn btn-default btn-xs dropdown-toggle&quot; data-toggle=&quot;dropdown&quot; href=&quot;javascript:;&quot;&gt;
                                 Add Comment
                              &lt;/a&gt;
                              &lt;ul aria-labelledby=&quot;dLabel&quot; class=&quot;dropdown-menu align-left&quot; role=&quot;menu&quot;&gt;
                                 &lt;li role=&quot;presentation&quot;&gt;
                                    &lt;a href=&quot;/page/instructorCourseStudentDetailsPage?courseid=course2&amp;studentemail=jack.c.tmms@gmail.tmt&amp;user=instructorWith2Courses&amp;addComment=student&quot; role=&quot;menuitem&quot; tabindex=&quot;-1&quot;&gt;
                                       Comment on Jack Lawrence
                                    &lt;/a&gt;
                                 &lt;/li&gt;
                                 &lt;li role=&quot;presentation&quot;&gt;
                                    &lt;a href=&quot;/page/instructorCourseStudentDetailsPage?courseid=course2&amp;studentemail=jack.c.tmms@gmail.tmt&amp;user=instructorWith2Courses&amp;addComment=team&quot; role=&quot;menuitem&quot; tabindex=&quot;-1&quot;&gt;
                                       Comment on Team 3
                                    &lt;/a&gt;
                                 &lt;/li&gt;
                                 &lt;li role=&quot;presentation&quot;&gt;
                                    &lt;a href=&quot;/page/instructorCourseStudentDetailsPage?courseid=course2&amp;studentemail=jack.c.tmms@gmail.tmt&amp;user=instructorWith2Courses&amp;addComment=section&quot; role=&quot;menuitem&quot; tabindex=&quot;-1&quot;&gt;
                                       Comment on Section B
                                    &lt;/a&gt;
                                 &lt;/li&gt;
                              &lt;/ul&gt;
                           &lt;/div&gt;
                        &lt;/td&gt;
                     &lt;/tr&gt;
                     &lt;tr id=&quot;student-c0.3&quot;&gt;
                        &lt;td id=&quot;studentphoto-c0.3&quot;&gt;
                           &lt;div class=&quot;profile-pic-icon-click align-center&quot; data-link=&quot;/page/studentProfilePic?studentemail=657FCDF46954C5FF0CF859D5EBCB55338A760297A033C316073F728DF8BAE432&amp;courseid=E216B11536A4CA7B15724A250F3266A4&amp;user=instructorWith2Courses&quot;&gt;
                              &lt;a class=&quot;student-profile-pic-view-link btn-link&quot;&gt;
                                 View Photo
                              &lt;/a&gt;
                              &lt;img alt=&quot;No Image Given&quot; class=&quot;hidden&quot; src=&quot;&quot;/&gt;
                                                         &lt;/div&gt;
                        &lt;/td&gt;
                        &lt;td id=&quot;studentsection-c0.1&quot;&gt;
                           Section B
                        &lt;/td&gt;
                        &lt;td id=&quot;studentteam-c0.1.2&quot;&gt;
                           Team 3
                        &lt;/td&gt;
                        &lt;td id=&quot;studentname-c0.3&quot;&gt;
                           Ted Mosby
                        &lt;/td&gt;
                        &lt;td id=&quot;studentemail-c0.3&quot;&gt;
                           ted.c.tmms@gmail.tmt
                        &lt;/td&gt;
                        &lt;td class=&quot;no-print align-center&quot;&gt;
                           &lt;a class=&quot;btn btn-default btn-xs student-view-for-test&quot; data-original-title=&quot;View the details of the student&quot; data-placement=&quot;top&quot; data-toggle=&quot;tooltip&quot; href=&quot;/page/instructorCourseStudentDetailsPage?courseid=course2&amp;studentemail=ted.c.tmms@gmail.tmt&amp;user=instructorWith2Courses&quot; title=&quot;&quot;&gt;
                              View
                           &lt;/a&gt;
                            
                           &lt;a class=&quot;btn btn-default btn-xs student-edit-for-test&quot; data-original-title=&quot;Use this to edit the details of this student. &lt;br&gt;To edit multiple students in one go, you can use the enroll page: &lt;br&gt;Simply enroll students using the updated data and existing data will be updated accordingly&quot; data-placement=&quot;top&quot; data-toggle=&quot;tooltip&quot; href=&quot;/page/instructorCourseStudentDetailsEdit?courseid=course2&amp;studentemail=ted.c.tmms@gmail.tmt&amp;user=instructorWith2Courses&quot; title=&quot;&quot;&gt;
                              Edit
                           &lt;/a&gt;
                            
                           &lt;a class=&quot;btn btn-default btn-xs student-delete-for-test&quot; href=&quot;/page/instructorCourseStudentDelete?courseid=course2&amp;studentemail=ted.c.tmms@gmail.tmt&amp;user=instructorWith2Courses&quot; onclick=&quot;return toggleDeleteStudentConfirmation(&#039;course2&#039;,&#039;Ted Mosby&#039;)&quot;&gt;
                              Delete
                           &lt;/a&gt;
                            
                           &lt;a class=&quot;btn btn-default btn-xs student-records-for-test&quot; data-original-title=&quot;View all student&#039;s evaluations and feedbacks&quot; data-placement=&quot;top&quot; data-toggle=&quot;tooltip&quot; href=&quot;/page/instructorStudentRecordsPage?courseid=course2&amp;studentemail=ted.c.tmms@gmail.tmt&amp;user=instructorWith2Courses&quot; title=&quot;&quot;&gt;
                              All Records
                           &lt;/a&gt;
                            
                           &lt;div class=&quot;dropdown inline&quot;&gt;
                              &lt;a class=&quot;btn btn-default btn-xs dropdown-toggle&quot; data-toggle=&quot;dropdown&quot; href=&quot;javascript:;&quot;&gt;
                                 Add Comment
                              &lt;/a&gt;
                              &lt;ul aria-labelledby=&quot;dLabel&quot; class=&quot;dropdown-menu align-left&quot; role=&quot;menu&quot;&gt;
                                 &lt;li role=&quot;presentation&quot;&gt;
                                    &lt;a href=&quot;/page/instructorCourseStudentDetailsPage?courseid=course2&amp;studentemail=ted.c.tmms@gmail.tmt&amp;user=instructorWith2Courses&amp;addComment=student&quot; role=&quot;menuitem&quot; tabindex=&quot;-1&quot;&gt;
                                       Comment on Ted Mosby
                                    &lt;/a&gt;
                                 &lt;/li&gt;
                                 &lt;li role=&quot;presentation&quot;&gt;
                                    &lt;a href=&quot;/page/instructorCourseStudentDetailsPage?courseid=course2&amp;studentemail=ted.c.tmms@gmail.tmt&amp;user=instructorWith2Courses&amp;addComment=team&quot; role=&quot;menuitem&quot; tabindex=&quot;-1&quot;&gt;
                                       Comment on Team 3
                                    &lt;/a&gt;
                                 &lt;/li&gt;
                                 &lt;li role=&quot;presentation&quot;&gt;
                                    &lt;a href=&quot;/page/instructorCourseStudentDetailsPage?courseid=course2&amp;studentemail=ted.c.tmms@gmail.tmt&amp;user=instructorWith2Courses&amp;addComment=section&quot; role=&quot;menuitem&quot; tabindex=&quot;-1&quot;&gt;
                                       Comment on Section B
                                    &lt;/a&gt;
                                 &lt;/li&gt;
                              &lt;/ul&gt;
                           &lt;/div&gt;
                        &lt;/td&gt;
                     &lt;/tr&gt;
                  &lt;/tbody&gt;
               &lt;/table&gt;
            &lt;/div&gt;
         &lt;/div&gt;
      &lt;/div&gt;
      &lt;div class=&quot;panel panel-info&quot;&gt;
         &lt;div class=&quot;panel-heading&quot; data-target=&quot;#panelBodyCollapse-1&quot; id=&quot;panelHeading-1&quot; style=&quot;cursor: pointer;&quot;&gt;
            &lt;form action=&quot;/page/instructorStudentListAjaxPage&quot; class=&quot;seeMoreForm-1&quot; id=&quot;seeMore-1&quot; style=&quot;display:none;&quot;&gt;
               &lt;input name=&quot;courseid&quot; type=&quot;hidden&quot; value=&quot;course3&quot;/&gt;
                              &lt;input name=&quot;user&quot; type=&quot;hidden&quot; value=&quot;instructorWith2Courses&quot;/&gt;
                              &lt;input id=&quot;numStudents-1&quot; type=&quot;hidden&quot; value=&quot;4&quot;/&gt;
                           &lt;/form&gt;
            &lt;a class=&quot;btn btn-default btn-xs pull-right pull-down course-enroll-for-test&quot; data-original-title=&quot;Enroll student into the course&quot; data-placement=&quot;top&quot; data-toggle=&quot;tooltip&quot; href=&quot;/page/instructorCourseEnrollPage?courseid=course3&amp;user=instructorWith2Courses&quot; id=&quot;enroll-1&quot; title=&quot;&quot;&gt;
               &lt;span class=&quot;glyphicon glyphicon-list&quot;&gt;
               &lt;/span&gt;
               Enroll
            &lt;/a&gt;
            &lt;div class=&quot;display-icon pull-right&quot;&gt;
            &lt;/div&gt;
            &lt;strong&gt;
               [course3] :
            &lt;/strong&gt;
            Name of Course 3
         &lt;/div&gt;
         &lt;div class=&quot;panel-collapse checked collapse in&quot; id=&quot;panelBodyCollapse-1&quot; style=&quot;height: auto;&quot;&gt;
            &lt;div class=&quot;panel-body padding-0&quot;&gt;
               &lt;table class=&quot;table table-responsive table-striped table-bordered margin-0&quot;&gt;
                  &lt;thead class=&quot;background-color-medium-gray text-color-gray font-weight-normal&quot;&gt;
                     &lt;tr id=&quot;resultsHeader-1&quot;&gt;
                        &lt;th&gt;
                           Photo
                        &lt;/th&gt;
                        &lt;th class=&quot;button-sort-none hidden&quot; id=&quot;button_sortsection-1&quot; onclick=&quot;toggleSort(this,2)&quot;&gt;
                           Section
                           &lt;span class=&quot;icon-sort unsorted&quot;&gt;
                           &lt;/span&gt;
                        &lt;/th&gt;
                        &lt;th class=&quot;button-sort-none&quot; id=&quot;button_sortteam-1&quot; onclick=&quot;toggleSort(this,3)&quot;&gt;
                           Team
                           &lt;span class=&quot;icon-sort unsorted&quot;&gt;
                           &lt;/span&gt;
                        &lt;/th&gt;
                        &lt;th class=&quot;button-sort-none&quot; id=&quot;button_sortstudentname-1&quot; onclick=&quot;toggleSort(this,4)&quot;&gt;
                           Student Name
                           &lt;span class=&quot;icon-sort unsorted&quot;&gt;
                           &lt;/span&gt;
                        &lt;/th&gt;
                        &lt;th class=&quot;button-sort-none&quot; id=&quot;button_sortemail-1&quot; onclick=&quot;toggleSort(this,5)&quot;&gt;
                           Email
                           &lt;span class=&quot;icon-sort unsorted&quot;&gt;
                           &lt;/span&gt;
                        &lt;/th&gt;
                        &lt;th&gt;
                           Action(s)
                        &lt;/th&gt;
                     &lt;/tr&gt;
                     &lt;tr class=&quot;hidden&quot; id=&quot;searchNoResults-1&quot;&gt;
                        &lt;th class=&quot;align-center color_white bold&quot;&gt;
                           Cannot find students in this course
                        &lt;/th&gt;
                     &lt;/tr&gt;
                  &lt;/thead&gt;
                  &lt;tbody&gt;
                     &lt;tr id=&quot;student-c1.0&quot;&gt;
                        &lt;td id=&quot;studentphoto-c1.0&quot;&gt;
                           &lt;div class=&quot;profile-pic-icon-click align-center&quot; data-link=&quot;/page/studentProfilePic?studentemail=395E1CF36B3CF320273455988CECDB6A00255BF9652E53183C653ED284064D9E1E0E83B571F4C48BB18040E14595EED0&amp;courseid=C179779D673504E85F7ADD572ED9CD4D&amp;user=instructorWith2Courses&quot;&gt;
                              &lt;a class=&quot;student-profile-pic-view-link btn-link&quot;&gt;
                                 View Photo
                              &lt;/a&gt;
                              &lt;img alt=&quot;No Image Given&quot; class=&quot;hidden&quot; src=&quot;&quot;/&gt;
                                                         &lt;/div&gt;
                        &lt;/td&gt;
                        &lt;td class=&quot;hidden&quot; id=&quot;studentsection-c1.0&quot; style=&quot;display: table-cell;&quot;&gt;
                           None
                        &lt;/td&gt;
                        &lt;td id=&quot;studentteam-c1.0.0&quot;&gt;
                           Team 1
                        &lt;/td&gt;
                        &lt;td id=&quot;studentname-c1.0&quot;&gt;
                           Alice Betsy
                        &lt;/td&gt;
                        &lt;td id=&quot;studentemail-c1.0&quot;&gt;
                           CCSDetailsUiT.alice.tmms@gmail.tmt
                        &lt;/td&gt;
                        &lt;td class=&quot;no-print align-center&quot;&gt;
                           &lt;a class=&quot;btn btn-default btn-xs student-view-for-test&quot; data-original-title=&quot;View the details of the student&quot; data-placement=&quot;top&quot; data-toggle=&quot;tooltip&quot; href=&quot;/page/instructorCourseStudentDetailsPage?courseid=course3&amp;studentemail=CCSDetailsUiT.alice.tmms@gmail.tmt&amp;user=instructorWith2Courses&quot; title=&quot;&quot;&gt;
                              View
                           &lt;/a&gt;
                            
                           &lt;a class=&quot;btn btn-default btn-xs student-edit-for-test&quot; data-original-title=&quot;Use this to edit the details of this student. &lt;br&gt;To edit multiple students in one go, you can use the enroll page: &lt;br&gt;Simply enroll students using the updated data and existing data will be updated accordingly&quot; data-placement=&quot;top&quot; data-toggle=&quot;tooltip&quot; href=&quot;/page/instructorCourseStudentDetailsEdit?courseid=course3&amp;studentemail=CCSDetailsUiT.alice.tmms@gmail.tmt&amp;user=instructorWith2Courses&quot; title=&quot;&quot;&gt;
                              Edit
                           &lt;/a&gt;
                            
                           &lt;a class=&quot;btn btn-default btn-xs student-delete-for-test&quot; href=&quot;/page/instructorCourseStudentDelete?courseid=course3&amp;studentemail=CCSDetailsUiT.alice.tmms@gmail.tmt&amp;user=instructorWith2Courses&quot; onclick=&quot;return toggleDeleteStudentConfirmation(&#039;course3&#039;,&#039;Alice Betsy&#039;)&quot;&gt;
                              Delete
                           &lt;/a&gt;
                            
                           &lt;a class=&quot;btn btn-default btn-xs student-records-for-test&quot; data-original-title=&quot;View all student&#039;s evaluations and feedbacks&quot; data-placement=&quot;top&quot; data-toggle=&quot;tooltip&quot; href=&quot;/page/instructorStudentRecordsPage?courseid=course3&amp;studentemail=CCSDetailsUiT.alice.tmms@gmail.tmt&amp;user=instructorWith2Courses&quot; title=&quot;&quot;&gt;
                              All Records
                           &lt;/a&gt;
                            
                           &lt;div class=&quot;dropdown inline&quot;&gt;
                              &lt;a class=&quot;btn btn-default btn-xs dropdown-toggle&quot; data-toggle=&quot;dropdown&quot; href=&quot;javascript:;&quot;&gt;
                                 Add Comment
                              &lt;/a&gt;
                              &lt;ul aria-labelledby=&quot;dLabel&quot; class=&quot;dropdown-menu align-left&quot; role=&quot;menu&quot;&gt;
                                 &lt;li role=&quot;presentation&quot;&gt;
                                    &lt;a href=&quot;/page/instructorCourseStudentDetailsPage?courseid=course3&amp;studentemail=CCSDetailsUiT.alice.tmms@gmail.tmt&amp;user=instructorWith2Courses&amp;addComment=student&quot; role=&quot;menuitem&quot; tabindex=&quot;-1&quot;&gt;
                                       Comment on Alice Betsy
                                    &lt;/a&gt;
                                 &lt;/li&gt;
                                 &lt;li role=&quot;presentation&quot;&gt;
                                    &lt;a href=&quot;/page/instructorCourseStudentDetailsPage?courseid=course3&amp;studentemail=CCSDetailsUiT.alice.tmms@gmail.tmt&amp;user=instructorWith2Courses&amp;addComment=team&quot; role=&quot;menuitem&quot; tabindex=&quot;-1&quot;&gt;
                                       Comment on Team 1
                                    &lt;/a&gt;
                                 &lt;/li&gt;
                              &lt;/ul&gt;
                           &lt;/div&gt;
                        &lt;/td&gt;
                     &lt;/tr&gt;
                     &lt;tr id=&quot;student-c1.1&quot;&gt;
                        &lt;td id=&quot;studentphoto-c1.1&quot;&gt;
                           &lt;div class=&quot;profile-pic-icon-click align-center&quot; data-link=&quot;/page/studentProfilePic?studentemail=3C50B225C84BC321B90C810071EEC512E11CB86F39CB9C77AEE9A11E1BE9807D&amp;courseid=C179779D673504E85F7ADD572ED9CD4D&amp;user=instructorWith2Courses&quot;&gt;
                              &lt;a class=&quot;student-profile-pic-view-link btn-link&quot;&gt;
                                 View Photo
                              &lt;/a&gt;
                              &lt;img alt=&quot;No Image Given&quot; class=&quot;hidden&quot; src=&quot;&quot;/&gt;
                                                         &lt;/div&gt;
                        &lt;/td&gt;
                        &lt;td class=&quot;hidden&quot; id=&quot;studentsection-c1.0&quot; style=&quot;display: table-cell;&quot;&gt;
                           None
                        &lt;/td&gt;
                        &lt;td id=&quot;studentteam-c1.0.0&quot;&gt;
                           Team 1
                        &lt;/td&gt;
                        &lt;td id=&quot;studentname-c1.1&quot;&gt;
                           Benny Charles
                        &lt;/td&gt;
                        &lt;td id=&quot;studentemail-c1.1&quot;&gt;
                           benny.c.tmms@gmail.tmt
                        &lt;/td&gt;
                        &lt;td class=&quot;no-print align-center&quot;&gt;
                           &lt;a class=&quot;btn btn-default btn-xs student-view-for-test&quot; data-original-title=&quot;View the details of the student&quot; data-placement=&quot;top&quot; data-toggle=&quot;tooltip&quot; href=&quot;/page/instructorCourseStudentDetailsPage?courseid=course3&amp;studentemail=benny.c.tmms@gmail.tmt&amp;user=instructorWith2Courses&quot; title=&quot;&quot;&gt;
                              View
                           &lt;/a&gt;
                            
                           &lt;a class=&quot;btn btn-default btn-xs student-edit-for-test&quot; data-original-title=&quot;Use this to edit the details of this student. &lt;br&gt;To edit multiple students in one go, you can use the enroll page: &lt;br&gt;Simply enroll students using the updated data and existing data will be updated accordingly&quot; data-placement=&quot;top&quot; data-toggle=&quot;tooltip&quot; href=&quot;/page/instructorCourseStudentDetailsEdit?courseid=course3&amp;studentemail=benny.c.tmms@gmail.tmt&amp;user=instructorWith2Courses&quot; title=&quot;&quot;&gt;
                              Edit
                           &lt;/a&gt;
                            
                           &lt;a class=&quot;btn btn-default btn-xs student-delete-for-test&quot; href=&quot;/page/instructorCourseStudentDelete?courseid=course3&amp;studentemail=benny.c.tmms@gmail.tmt&amp;user=instructorWith2Courses&quot; onclick=&quot;return toggleDeleteStudentConfirmation(&#039;course3&#039;,&#039;Benny Charles&#039;)&quot;&gt;
                              Delete
                           &lt;/a&gt;
                            
                           &lt;a class=&quot;btn btn-default btn-xs student-records-for-test&quot; data-original-title=&quot;View all student&#039;s evaluations and feedbacks&quot; data-placement=&quot;top&quot; data-toggle=&quot;tooltip&quot; href=&quot;/page/instructorStudentRecordsPage?courseid=course3&amp;studentemail=benny.c.tmms@gmail.tmt&amp;user=instructorWith2Courses&quot; title=&quot;&quot;&gt;
                              All Records
                           &lt;/a&gt;
                            
                           &lt;div class=&quot;dropdown inline&quot;&gt;
                              &lt;a class=&quot;btn btn-default btn-xs dropdown-toggle&quot; data-toggle=&quot;dropdown&quot; href=&quot;javascript:;&quot;&gt;
                                 Add Comment
                              &lt;/a&gt;
                              &lt;ul aria-labelledby=&quot;dLabel&quot; class=&quot;dropdown-menu align-left&quot; role=&quot;menu&quot;&gt;
                                 &lt;li role=&quot;presentation&quot;&gt;
                                    &lt;a href=&quot;/page/instructorCourseStudentDetailsPage?courseid=course3&amp;studentemail=benny.c.tmms@gmail.tmt&amp;user=instructorWith2Courses&amp;addComment=student&quot; role=&quot;menuitem&quot; tabindex=&quot;-1&quot;&gt;
                                       Comment on Benny Charles
                                    &lt;/a&gt;
                                 &lt;/li&gt;
                                 &lt;li role=&quot;presentation&quot;&gt;
                                    &lt;a href=&quot;/page/instructorCourseStudentDetailsPage?courseid=course3&amp;studentemail=benny.c.tmms@gmail.tmt&amp;user=instructorWith2Courses&amp;addComment=team&quot; role=&quot;menuitem&quot; tabindex=&quot;-1&quot;&gt;
                                       Comment on Team 1
                                    &lt;/a&gt;
                                 &lt;/li&gt;
                              &lt;/ul&gt;
                           &lt;/div&gt;
                        &lt;/td&gt;
                     &lt;/tr&gt;
                     &lt;tr id=&quot;student-c1.2&quot;&gt;
                        &lt;td id=&quot;studentphoto-c1.2&quot;&gt;
                           &lt;div class=&quot;profile-pic-icon-click align-center&quot; data-link=&quot;&quot; data-original-title=&quot;&quot; title=&quot;&quot;&gt;
                              &lt;img alt=&quot;No Image Given&quot; class=&quot;&quot; src=&quot;/page/studentProfilePic?studentemail=F702AF37C82846594241AA61DA9E8121513646F6B96E433CF5475D7A0DDC960D8A760297A033C316073F728DF8BAE432&amp;courseid=C179779D673504E85F7ADD572ED9CD4D&amp;user=instructorWith2Courses&quot;/&gt;
                                                         &lt;/div&gt;
                           &lt;div class=&quot;popover fade top in&quot; style=&quot;top: 904px; left: 240px; display: block;&quot;&gt;
                              &lt;div class=&quot;arrow&quot;&gt;
                              &lt;/div&gt;
                              &lt;h3 class=&quot;popover-title&quot; style=&quot;display: none;&quot;&gt;
                              &lt;/h3&gt;
                              &lt;div class=&quot;popover-content&quot;&gt;
                                 &lt;img class=&quot;profile-pic&quot; src=&quot;/page/studentProfilePic?studentemail=F702AF37C82846594241AA61DA9E8121513646F6B96E433CF5475D7A0DDC960D8A760297A033C316073F728DF8BAE432&amp;courseid=C179779D673504E85F7ADD572ED9CD4D&amp;user=instructorWith2Courses&quot;/&gt;
                                                               &lt;/div&gt;
                           &lt;/div&gt;
                        &lt;/td&gt;
                        &lt;td class=&quot;hidden&quot; id=&quot;studentsection-c1.0&quot; style=&quot;display: table-cell;&quot;&gt;
                           None
                        &lt;/td&gt;
                        &lt;td id=&quot;studentteam-c1.0.1&quot;&gt;
                           Team 2
                        &lt;/td&gt;
                        &lt;td id=&quot;studentname-c1.2&quot;&gt;
                           Charlie D
                        &lt;/td&gt;
                        &lt;td id=&quot;studentemail-c1.2&quot;&gt;
                           CCSDetailsUiT.charlie.tmms@gmail.tmt
                        &lt;/td&gt;
                        &lt;td class=&quot;no-print align-center&quot;&gt;
                           &lt;a class=&quot;btn btn-default btn-xs student-view-for-test&quot; data-original-title=&quot;View the details of the student&quot; data-placement=&quot;top&quot; data-toggle=&quot;tooltip&quot; href=&quot;/page/instructorCourseStudentDetailsPage?courseid=course3&amp;studentemail=CCSDetailsUiT.charlie.tmms@gmail.tmt&amp;user=instructorWith2Courses&quot; title=&quot;&quot;&gt;
                              View
                           &lt;/a&gt;
                            
                           &lt;a class=&quot;btn btn-default btn-xs student-edit-for-test&quot; data-original-title=&quot;Use this to edit the details of this student. &lt;br&gt;To edit multiple students in one go, you can use the enroll page: &lt;br&gt;Simply enroll students using the updated data and existing data will be updated accordingly&quot; data-placement=&quot;top&quot; data-toggle=&quot;tooltip&quot; href=&quot;/page/instructorCourseStudentDetailsEdit?courseid=course3&amp;studentemail=CCSDetailsUiT.charlie.tmms@gmail.tmt&amp;user=instructorWith2Courses&quot; title=&quot;&quot;&gt;
                              Edit
                           &lt;/a&gt;
                            
                           &lt;a class=&quot;btn btn-default btn-xs student-delete-for-test&quot; href=&quot;/page/instructorCourseStudentDelete?courseid=course3&amp;studentemail=CCSDetailsUiT.charlie.tmms@gmail.tmt&amp;user=instructorWith2Courses&quot; onclick=&quot;return toggleDeleteStudentConfirmation(&#039;course3&#039;,&#039;Charlie D&#039;)&quot;&gt;
                              Delete
                           &lt;/a&gt;
                            
                           &lt;a class=&quot;btn btn-default btn-xs student-records-for-test&quot; data-original-title=&quot;View all student&#039;s evaluations and feedbacks&quot; data-placement=&quot;top&quot; data-toggle=&quot;tooltip&quot; href=&quot;/page/instructorStudentRecordsPage?courseid=course3&amp;studentemail=CCSDetailsUiT.charlie.tmms@gmail.tmt&amp;user=instructorWith2Courses&quot; title=&quot;&quot;&gt;
                              All Records
                           &lt;/a&gt;
                            
                           &lt;div class=&quot;dropdown inline&quot;&gt;
                              &lt;a class=&quot;btn btn-default btn-xs dropdown-toggle&quot; data-toggle=&quot;dropdown&quot; href=&quot;javascript:;&quot;&gt;
                                 Add Comment
                              &lt;/a&gt;
                              &lt;ul aria-labelledby=&quot;dLabel&quot; class=&quot;dropdown-menu align-left&quot; role=&quot;menu&quot;&gt;
                                 &lt;li role=&quot;presentation&quot;&gt;
                                    &lt;a href=&quot;/page/instructorCourseStudentDetailsPage?courseid=course3&amp;studentemail=CCSDetailsUiT.charlie.tmms@gmail.tmt&amp;user=instructorWith2Courses&amp;addComment=student&quot; role=&quot;menuitem&quot; tabindex=&quot;-1&quot;&gt;
                                       Comment on Charlie D
                                    &lt;/a&gt;
                                 &lt;/li&gt;
                                 &lt;li role=&quot;presentation&quot;&gt;
                                    &lt;a href=&quot;/page/instructorCourseStudentDetailsPage?courseid=course3&amp;studentemail=CCSDetailsUiT.charlie.tmms@gmail.tmt&amp;user=instructorWith2Courses&amp;addComment=team&quot; role=&quot;menuitem&quot; tabindex=&quot;-1&quot;&gt;
                                       Comment on Team 2
                                    &lt;/a&gt;
                                 &lt;/li&gt;
                              &lt;/ul&gt;
                           &lt;/div&gt;
                        &lt;/td&gt;
                     &lt;/tr&gt;
                     &lt;tr id=&quot;student-c1.3&quot;&gt;
                        &lt;td id=&quot;studentphoto-c1.3&quot;&gt;
                           &lt;div class=&quot;profile-pic-icon-click align-center&quot; data-link=&quot;/page/studentProfilePic?studentemail=2F76496543E15300BEC0F6F38E09D587E11CB86F39CB9C77AEE9A11E1BE9807D&amp;courseid=C179779D673504E85F7ADD572ED9CD4D&amp;user=instructorWith2Courses&quot;&gt;
                              &lt;a class=&quot;student-profile-pic-view-link btn-link&quot;&gt;
                                 View Photo
                              &lt;/a&gt;
                              &lt;img alt=&quot;No Image Given&quot; class=&quot;hidden&quot; src=&quot;&quot;/&gt;
                                                         &lt;/div&gt;
                        &lt;/td&gt;
                        &lt;td class=&quot;hidden&quot; id=&quot;studentsection-c1.0&quot; style=&quot;display: table-cell;&quot;&gt;
                           None
                        &lt;/td&gt;
                        &lt;td id=&quot;studentteam-c1.0.1&quot;&gt;
                           Team 2
                        &lt;/td&gt;
                        &lt;td id=&quot;studentname-c1.3&quot;&gt;
                           Denny Charlés
                        &lt;/td&gt;
                        &lt;td id=&quot;studentemail-c1.3&quot;&gt;
                           denny.c.tmms@gmail.tmt
                        &lt;/td&gt;
                        &lt;td class=&quot;no-print align-center&quot;&gt;
                           &lt;a class=&quot;btn btn-default btn-xs student-view-for-test&quot; data-original-title=&quot;View the details of the student&quot; data-placement=&quot;top&quot; data-toggle=&quot;tooltip&quot; href=&quot;/page/instructorCourseStudentDetailsPage?courseid=course3&amp;studentemail=denny.c.tmms@gmail.tmt&amp;user=instructorWith2Courses&quot; title=&quot;&quot;&gt;
                              View
                           &lt;/a&gt;
                            
                           &lt;a class=&quot;btn btn-default btn-xs student-edit-for-test&quot; data-original-title=&quot;Use this to edit the details of this student. &lt;br&gt;To edit multiple students in one go, you can use the enroll page: &lt;br&gt;Simply enroll students using the updated data and existing data will be updated accordingly&quot; data-placement=&quot;top&quot; data-toggle=&quot;tooltip&quot; href=&quot;/page/instructorCourseStudentDetailsEdit?courseid=course3&amp;studentemail=denny.c.tmms@gmail.tmt&amp;user=instructorWith2Courses&quot; title=&quot;&quot;&gt;
                              Edit
                           &lt;/a&gt;
                            
                           &lt;a class=&quot;btn btn-default btn-xs student-delete-for-test&quot; href=&quot;/page/instructorCourseStudentDelete?courseid=course3&amp;studentemail=denny.c.tmms@gmail.tmt&amp;user=instructorWith2Courses&quot; onclick=&quot;return toggleDeleteStudentConfirmation(&#039;course3&#039;,&#039;Denny Charlés&#039;)&quot;&gt;
                              Delete
                           &lt;/a&gt;
                            
                           &lt;a class=&quot;btn btn-default btn-xs student-records-for-test&quot; data-original-title=&quot;View all student&#039;s evaluations and feedbacks&quot; data-placement=&quot;top&quot; data-toggle=&quot;tooltip&quot; href=&quot;/page/instructorStudentRecordsPage?courseid=course3&amp;studentemail=denny.c.tmms@gmail.tmt&amp;user=instructorWith2Courses&quot; title=&quot;&quot;&gt;
                              All Records
                           &lt;/a&gt;
                            
                           &lt;div class=&quot;dropdown inline&quot;&gt;
                              &lt;a class=&quot;btn btn-default btn-xs dropdown-toggle&quot; data-toggle=&quot;dropdown&quot; href=&quot;javascript:;&quot;&gt;
                                 Add Comment
                              &lt;/a&gt;
                              &lt;ul aria-labelledby=&quot;dLabel&quot; class=&quot;dropdown-menu align-left&quot; role=&quot;menu&quot;&gt;
                                 &lt;li role=&quot;presentation&quot;&gt;
                                    &lt;a href=&quot;/page/instructorCourseStudentDetailsPage?courseid=course3&amp;studentemail=denny.c.tmms@gmail.tmt&amp;user=instructorWith2Courses&amp;addComment=student&quot; role=&quot;menuitem&quot; tabindex=&quot;-1&quot;&gt;
                                       Comment on Denny Charlés
                                    &lt;/a&gt;
                                 &lt;/li&gt;
                                 &lt;li role=&quot;presentation&quot;&gt;
                                    &lt;a href=&quot;/page/instructorCourseStudentDetailsPage?courseid=course3&amp;studentemail=denny.c.tmms@gmail.tmt&amp;user=instructorWith2Courses&amp;addComment=team&quot; role=&quot;menuitem&quot; tabindex=&quot;-1&quot;&gt;
                                       Comment on Team 2
                                    &lt;/a&gt;
                                 &lt;/li&gt;
                              &lt;/ul&gt;
                           &lt;/div&gt;
                        &lt;/td&gt;
                     &lt;/tr&gt;
                  &lt;/tbody&gt;
               &lt;/table&gt;
            &lt;/div&gt;
         &lt;/div&gt;
      &lt;/div&gt;
   &lt;/div&gt;

&lt;/actual]&gt;&gt;">
      <![CDATA[org.junit.ComparisonFailure: expected:<<[expected>
   <div class="container theme-showcase" id="frameBodyWrapper">
      <div id="topOfPage">
      </div>
      <h1>
         Find Students
      </h1>
      <div class="well well-plain">
         <div class="row">
            <div class="col-md-12">
               <form action="/page/instructorSearchPage?user=instructorWith2Courses" method="get" name="search_form">
                  <div class="row">
                     <div class="col-md-10">
                        <div class="form-group">
                           <input class="form-control" data-original-title="Search for student's name" data-placement="top" data-toggle="tooltip" id="searchbox" name="searchkey" placeholder="e.g. Charles Shultz" title="" type="text" value=""/>
                                                   </div>
                     </div>
                     <div class="col-md-2 nav">
                        <div class="form-group">
                           <button class="btn btn-primary" id="buttonSearch" type="submit" value="Search">
                              <span class="glyphicon glyphicon-search">
                              </span>
                              Find students
                           </button>
                        </div>
                     </div>
                  </div>
                  <input name="searchstudents" type="hidden" value="true"/>
                                    <input name="searchcommentforstudents" type="hidden" value="false"/>
                                    <input name="searchcommentforresponses" type="hidden" value="false"/>
                                    <input name="user" type="hidden" value="instructorWith2Courses"/>
                                 </form>
            </div>
         </div>
      </div>
      <h1>
         Filter Students
      </h1>
      <div class="well well-plain" id="moreOptionsDiv">
         <div class="row">
            <div class="col-md-3">
               <div class="checkbox">
                  <input id="displayArchivedCourses_check" type="checkbox"/>
                                    <label for="displayArchivedCourses_check">
                     Display Archived Courses
                  </label>
               </div>
            </div>
         </div>
         <form class="form-horizontal" role="form">
            <div class="row">
               <div class="col-sm-3">
                  <div class="text-color-primary">
                     <strong>
                        Courses
                     </strong>
                  </div>
                  <br/>
                                    <div class="checkbox">
                     <input id="course_all" type="checkbox" value=""/>
                                          <label for="course_all">
                        <strong>
                           Select all
                        </strong>
                     </label>
                  </div>
                  <br/>
                                    <div class="checkbox">
                     <input id="course_check-0" type="checkbox"/>
                                          <label for="course_check-0">
                        [course2] : Name of Course 2
                     </label>
                  </div>
                  <div class="checkbox">
                     <input id="course_check-1" type="checkbox"/>
                                          <label for="course_check-1">
                        [course3] : Name of Course 3
                     </label>
                  </div>
               </div>
               <div class="col-sm-3">
                  <div class="text-color-primary">
                     <strong>
                        Sections
                     </strong>
                  </div>
                  <br/>
                                    <div class="checkbox" style="">
                     <input id="section_all" type="checkbox" value=""/>
                                          <label for="section_all">
                        <strong>
                           Select all
                        </strong>
                     </label>
                  </div>
                  <br/>
                                    <div id="sectionChoices">
                     <div class="checkbox">
                        <input checked="checked" class="section_check" id="section_check-0-0" type="checkbox"/>
                                                <label for="section_check-0-0">
                           [course2] : Section A
                        </label>
                     </div>
                     <div class="checkbox">
                        <input checked="checked" class="section_check" id="section_check-0-1" type="checkbox"/>
                                                <label for="section_check-0-1">
                           [course2] : Section B
                        </label>
                     </div>
                     <div class="checkbox">
                        <input checked="checked" class="section_check" id="section_check-1-0" type="checkbox"/>
                                                <label for="section_check-1-0">
                           [course3] : None
                        </label>
                     </div>
                  </div>
               </div>
               <div class="col-sm-3">
                  <div class="text-color-primary">
                     <strong>
                        Teams
                     </strong>
                  </div>
                  <br/>
                                    <div class="checkbox" style="">
                     <input id="team_all" type="checkbox"/>
                                          <label for="team_all">
                        <strong>
                           Select All
                        </strong>
                     </label>
                  </div>
                  <br/>
                                    <div id="teamChoices">
                     <div class="checkbox">
                        <input checked="checked" class="team_check" id="team_check-0-0-0" type="checkbox"/>
                                                <label for="team_check-0-0-0">
                           [course2] : Team 1
                        </label>
                     </div>
                     <div class="checkbox">
                        <input checked="checked" class="team_check" id="team_check-0-1-1" type="checkbox"/>
                                                <label for="team_check-0-1-1">
                           [course2] : Team 2
                        </label>
                     </div>
                     <div class="checkbox">
                        <input checked="checked" class="team_check" id="team_check-0-1-2" type="checkbox"/>
                                                <label for="team_check-0-1-2">
                           [course2] : Team 3
                        </label>
                     </div>
                     <div class="checkbox">
                        <input checked="checked" class="team_check" id="team_check-1-0-0" type="checkbox"/>
                                                <label for="team_check-1-0-0">
                           [course3] : Team 1
                        </label>
                     </div>
                     <div class="checkbox">
                        <input checked="checked" class="team_check" id="team_check-1-0-1" type="checkbox"/>
                                                <label for="team_check-1-0-1">
                           [course3] : Team 2
                        </label>
                     </div>
                  </div>
               </div>
               <div class="col-sm-3">
                  <div class="text-color-primary">
                     <strong>
                        Emails
                     </strong>
                  </div>
                  <br/>
                                    <div class="checkbox" style="">
                     <input checked="checked" id="show_email" type="checkbox"/>
                                          <label for="show_email">
                        <strong>
                           Show Emails
                        </strong>
                     </label>
                  </div>
                  <br/>
                                    <div id="emails">
                     <div id="student_email-c0.0">
                        CCSDetailsUiT.alice.tmms@gmail.tmt
                     </div>
                     <div id="student_email-c0.1">
                        barney.c.tmms@gmail.tmt
                     </div>
                     <div id="student_email-c0.2">
                        jack.c.tmms@gmail.tmt
                     </div>
                     <div id="student_email-c0.3">
                        ted.c.tmms@gmail.tmt
                     </div>
                     <div id="student_email-c1.0" style="display: none;">
                        CCSDetailsUiT.alice.tmms@gmail.tmt
                     </div>
                     <div id="student_email-c1.1">
                        benny.c.tmms@gmail.tmt
                     </div>
                     <div id="student_email-c1.2">
                        CCSDetailsUiT.charlie.tmms@gmail.tmt
                     </div>
                     <div id="student_email-c1.3">
                        denny.c.tmms@gmail.tmt
                     </div>
                  </div>
               </div>
            </div>
         </form>
      </div>
      <div id="statusMessage" style="display: none;">
      </div>
      <div class="panel panel-info">
         <div class="panel-heading" data-target="#panelBodyCollapse-0" id="panelHeading-0" style="cursor: pointer;">
            <form action="/page/instructorStudentListAjaxPage" class="seeMoreForm-0" id="seeMore-0" style="display:none;">
               <input name="courseid" type="hidden" value="course2"/>
                              <input name="user" type="hidden" value="instructorWith2Courses"/>
                              <input id="numStudents-0" type="hidden" value="4"/>
                           </form>
            <a class="btn btn-default btn-xs pull-right pull-down course-enroll-for-test" data-original-title="Enroll student into the course" data-placement="top" data-toggle="tooltip" href="/page/instructorCourseEnrollPage?courseid=course2&user=instructorWith2Courses" id="enroll-0" title="">
               <span class="glyphicon glyphicon-list">
               </span>
               Enroll
            </a>
            <div class="display-icon pull-right">
            </div>
            <strong>
               [course2] :
            </strong>
            Name of Course 2
         </div>
         <div class="panel-collapse checked collapse in" id="panelBodyCollapse-0" style="height: auto;">
            <div class="panel-body padding-0">
               <table class="table table-responsive table-striped table-bordered margin-0">
                  <thead class="background-color-medium-gray text-color-gray font-weight-normal">
                     <tr id="resultsHeader-0">
                        <th>
                           Photo
                        </th>
                        <th class="button-sort-none" id="button_sortsection-0" onclick="toggleSort(this,2)">
                           Section
                           <span class="icon-sort unsorted">
                           </span>
                        </th>
                        <th class="button-sort-none" id="button_sortteam-0" onclick="toggleSort(this,3)">
                           Team
                           <span class="icon-sort unsorted">
                           </span>
                        </th>
                        <th class="button-sort-none" id="button_sortstudentname-0" onclick="toggleSort(this,4)">
                           Student Name
                           <span class="icon-sort unsorted">
                           </span>
                        </th>
                        <th class="button-sort-none" id="button_sortemail-0" onclick="toggleSort(this,5)">
                           Email
                           <span class="icon-sort unsorted">
                           </span>
                        </th>
                        <th>
                           Action(s)
                        </th>
                     </tr>
                     <tr class="hidden" id="searchNoResults-0">
                        <th class="align-center color_white bold">
                           Cannot find students in this course
                        </th>
                     </tr>
                  </thead>
                  <tbody>
                     <tr id="student-c0.0">
                        <td id="studentphoto-c0.0">
                           <div class="profile-pic-icon-click align-center" data-link="" data-original-title="" title="">
                              <img alt="No Image Given" class="" src="../images/profile_picture_default.png"/>
                                                         </div>
                           <div class="popover fade top" style="top: {*}px; left: {*}px; display: block;">
                              <div class="arrow">
                              </div>
                              <h3 class="popover-title" style="display: none;">
                              </h3>
                              <div class="popover-content">
                                 <img class="profile-pic" src="../images/profile_picture_default.png"/>
                                                               </div>
                           </div>
                        </td>
                        <td id="studentsection-c0.0">
                           Section A
                        </td>
                        <td id="studentteam-c0.0.0">
                           Team 1
                        </td>
                        <td id="studentname-c0.0">
                           Alice Betsy
                        </td>
                        <td id="studentemail-c0.0">
                           CCSDetailsUiT.alice.tmms@gmail.tmt
                        </td>
                        <td class="no-print align-center">
                           <a class="btn btn-default btn-xs student-view-for-test" data-original-title="View the details of the student" data-placement="top" data-toggle="tooltip" href="/page/instructorCourseStudentDetailsPage?courseid=course2&studentemail=CCSDetailsUiT.alice.tmms@gmail.tmt&user=instructorWith2Courses" title="">
                              View
                           </a>
                            
                           <a class="btn btn-default btn-xs student-edit-for-test" data-original-title="Use this to edit the details of this student. <br>To edit multiple students in one go, you can use the enroll page: <br>Simply enroll students using the updated data and existing data will be updated accordingly" data-placement="top" data-toggle="tooltip" href="/page/instructorCourseStudentDetailsEdit?courseid=course2&studentemail=CCSDetailsUiT.alice.tmms@gmail.tmt&user=instructorWith2Courses" title="">
                              Edit
                           </a>
                            
                           <a class="btn btn-default btn-xs student-delete-for-test" href="/page/instructorCourseStudentDelete?courseid=course2&studentemail=CCSDetailsUiT.alice.tmms@gmail.tmt&user=instructorWith2Courses" onclick="return toggleDeleteStudentConfirmation('course2','Alice Betsy')">
                              Delete
                           </a>
                            
                           <a class="btn btn-default btn-xs student-records-for-test" data-original-title="View all student's evaluations and feedbacks" data-placement="top" data-toggle="tooltip" href="/page/instructorStudentRecordsPage?courseid=course2&studentemail=CCSDetailsUiT.alice.tmms@gmail.tmt&user=instructorWith2Courses" title="">
                              All Records
                           </a>
                            
                           <div class="dropdown inline">
                              <a class="btn btn-default btn-xs dropdown-toggle" data-toggle="dropdown" href="javascript:;">
                                 Add Comment
                              </a>
                              <ul aria-labelledby="dLabel" class="dropdown-menu align-left" role="menu">
                                 <li role="presentation">
                                    <a href="/page/instructorCourseStudentDetailsPage?courseid=course2&studentemail=CCSDetailsUiT.alice.tmms@gmail.tmt&user=instructorWith2Courses&addComment=student" role="menuitem" tabindex="-1">
                                       Comment on Alice Betsy
                                    </a>
                                 </li>
                                 <li role="presentation">
                                    <a href="/page/instructorCourseStudentDetailsPage?courseid=course2&studentemail=CCSDetailsUiT.alice.tmms@gmail.tmt&user=instructorWith2Courses&addComment=team" role="menuitem" tabindex="-1">
                                       Comment on Team 1
                                    </a>
                                 </li>
                                 <li role="presentation">
                                    <a href="/page/instructorCourseStudentDetailsPage?courseid=course2&studentemail=CCSDetailsUiT.alice.tmms@gmail.tmt&user=instructorWith2Courses&addComment=section" role="menuitem" tabindex="-1">
                                       Comment on Section A
                                    </a>
                                 </li>
                              </ul>
                           </div>
                        </td>
                     </tr>
                     <tr id="student-c0.1">
                        <td id="studentphoto-c0.1">
                           <div class="profile-pic-icon-click align-center" data-link="/page/studentProfilePic?studentemail={*}&courseid={*}&user=instructorWith2Courses">
                              <a class="student-profile-pic-view-link btn-link">
                                 View Photo
                              </a>
                              <img alt="No Image Given" class="hidden" src=""/>
                                                         </div>
                        </td>
                        <td id="studentsection-c0.1">
                           Section B
                        </td>
                        <td id="studentteam-c0.1.1">
                           Team 2
                        </td>
                        <td id="studentname-c0.1">
                           Barney Stinson
                        </td>
                        <td id="studentemail-c0.1">
                           barney.c.tmms@gmail.tmt
                        </td>
                        <td class="no-print align-center">
                           <a class="btn btn-default btn-xs student-view-for-test" data-original-title="View the details of the student" data-placement="top" data-toggle="tooltip" href="/page/instructorCourseStudentDetailsPage?courseid=course2&studentemail=barney.c.tmms@gmail.tmt&user=instructorWith2Courses" title="">
                              View
                           </a>
                            
                           <a class="btn btn-default btn-xs student-edit-for-test" data-original-title="Use this to edit the details of this student. <br>To edit multiple students in one go, you can use the enroll page: <br>Simply enroll students using the updated data and existing data will be updated accordingly" data-placement="top" data-toggle="tooltip" href="/page/instructorCourseStudentDetailsEdit?courseid=course2&studentemail=barney.c.tmms@gmail.tmt&user=instructorWith2Courses" title="">
                              Edit
                           </a>
                            
                           <a class="btn btn-default btn-xs student-delete-for-test" href="/page/instructorCourseStudentDelete?courseid=course2&studentemail=barney.c.tmms@gmail.tmt&user=instructorWith2Courses" onclick="return toggleDeleteStudentConfirmation('course2','Barney Stinson')">
                              Delete
                           </a>
                            
                           <a class="btn btn-default btn-xs student-records-for-test" data-original-title="View all student's evaluations and feedbacks" data-placement="top" data-toggle="tooltip" href="/page/instructorStudentRecordsPage?courseid=course2&studentemail=barney.c.tmms@gmail.tmt&user=instructorWith2Courses" title="">
                              All Records
                           </a>
                            
                           <div class="dropdown inline">
                              <a class="btn btn-default btn-xs dropdown-toggle" data-toggle="dropdown" href="javascript:;">
                                 Add Comment
                              </a>
                              <ul aria-labelledby="dLabel" class="dropdown-menu align-left" role="menu">
                                 <li role="presentation">
                                    <a href="/page/instructorCourseStudentDetailsPage?courseid=course2&studentemail=barney.c.tmms@gmail.tmt&user=instructorWith2Courses&addComment=student" role="menuitem" tabindex="-1">
                                       Comment on Barney Stinson
                                    </a>
                                 </li>
                                 <li role="presentation">
                                    <a href="/page/instructorCourseStudentDetailsPage?courseid=course2&studentemail=barney.c.tmms@gmail.tmt&user=instructorWith2Courses&addComment=team" role="menuitem" tabindex="-1">
                                       Comment on Team 2
                                    </a>
                                 </li>
                                 <li role="presentation">
                                    <a href="/page/instructorCourseStudentDetailsPage?courseid=course2&studentemail=barney.c.tmms@gmail.tmt&user=instructorWith2Courses&addComment=section" role="menuitem" tabindex="-1">
                                       Comment on Section B
                                    </a>
                                 </li>
                              </ul>
                           </div>
                        </td>
                     </tr>
                     <tr id="student-c0.2">
                        <td id="studentphoto-c0.2">
                           <div class="profile-pic-icon-click align-center" data-link="/page/studentProfilePic?studentemail={*}&courseid={*}&user=instructorWith2Courses">
                              <a class="student-profile-pic-view-link btn-link">
                                 View Photo
                              </a>
                              <img alt="No Image Given" class="hidden" src=""/>
                                                         </div>
                        </td>
                        <td id="studentsection-c0.1">
                           Section B
                        </td>
                        <td id="studentteam-c0.1.2">
                           Team 3
                        </td>
                        <td id="studentname-c0.2">
                           Jack Lawrence
                        </td>
                        <td id="studentemail-c0.2">
                           jack.c.tmms@gmail.tmt
                        </td>
                        <td class="no-print align-center">
                           <a class="btn btn-default btn-xs student-view-for-test" data-original-title="View the details of the student" data-placement="top" data-toggle="tooltip" href="/page/instructorCourseStudentDetailsPage?courseid=course2&studentemail=jack.c.tmms@gmail.tmt&user=instructorWith2Courses" title="">
                              View
                           </a>
                            
                           <a class="btn btn-default btn-xs student-edit-for-test" data-original-title="Use this to edit the details of this student. <br>To edit multiple students in one go, you can use the enroll page: <br>Simply enroll students using the updated data and existing data will be updated accordingly" data-placement="top" data-toggle="tooltip" href="/page/instructorCourseStudentDetailsEdit?courseid=course2&studentemail=jack.c.tmms@gmail.tmt&user=instructorWith2Courses" title="">
                              Edit
                           </a>
                            
                           <a class="btn btn-default btn-xs student-delete-for-test" href="/page/instructorCourseStudentDelete?courseid=course2&studentemail=jack.c.tmms@gmail.tmt&user=instructorWith2Courses" onclick="return toggleDeleteStudentConfirmation('course2','Jack Lawrence')">
                              Delete
                           </a>
                            
                           <a class="btn btn-default btn-xs student-records-for-test" data-original-title="View all student's evaluations and feedbacks" data-placement="top" data-toggle="tooltip" href="/page/instructorStudentRecordsPage?courseid=course2&studentemail=jack.c.tmms@gmail.tmt&user=instructorWith2Courses" title="">
                              All Records
                           </a>
                            
                           <div class="dropdown inline">
                              <a class="btn btn-default btn-xs dropdown-toggle" data-toggle="dropdown" href="javascript:;">
                                 Add Comment
                              </a>
                              <ul aria-labelledby="dLabel" class="dropdown-menu align-left" role="menu">
                                 <li role="presentation">
                                    <a href="/page/instructorCourseStudentDetailsPage?courseid=course2&studentemail=jack.c.tmms@gmail.tmt&user=instructorWith2Courses&addComment=student" role="menuitem" tabindex="-1">
                                       Comment on Jack Lawrence
                                    </a>
                                 </li>
                                 <li role="presentation">
                                    <a href="/page/instructorCourseStudentDetailsPage?courseid=course2&studentemail=jack.c.tmms@gmail.tmt&user=instructorWith2Courses&addComment=team" role="menuitem" tabindex="-1">
                                       Comment on Team 3
                                    </a>
                                 </li>
                                 <li role="presentation">
                                    <a href="/page/instructorCourseStudentDetailsPage?courseid=course2&studentemail=jack.c.tmms@gmail.tmt&user=instructorWith2Courses&addComment=section" role="menuitem" tabindex="-1">
                                       Comment on Section B
                                    </a>
                                 </li>
                              </ul>
                           </div>
                        </td>
                     </tr>
                     <tr id="student-c0.3">
                        <td id="studentphoto-c0.3">
                           <div class="profile-pic-icon-click align-center" data-link="/page/studentProfilePic?studentemail={*}&courseid={*}&user=instructorWith2Courses">
                              <a class="student-profile-pic-view-link btn-link">
                                 View Photo
                              </a>
                              <img alt="No Image Given" class="hidden" src=""/>
                                                         </div>
                        </td>
                        <td id="studentsection-c0.1">
                           Section B
                        </td>
                        <td id="studentteam-c0.1.2">
                           Team 3
                        </td>
                        <td id="studentname-c0.3">
                           Ted Mosby
                        </td>
                        <td id="studentemail-c0.3">
                           ted.c.tmms@gmail.tmt
                        </td>
                        <td class="no-print align-center">
                           <a class="btn btn-default btn-xs student-view-for-test" data-original-title="View the details of the student" data-placement="top" data-toggle="tooltip" href="/page/instructorCourseStudentDetailsPage?courseid=course2&studentemail=ted.c.tmms@gmail.tmt&user=instructorWith2Courses" title="">
                              View
                           </a>
                            
                           <a class="btn btn-default btn-xs student-edit-for-test" data-original-title="Use this to edit the details of this student. <br>To edit multiple students in one go, you can use the enroll page: <br>Simply enroll students using the updated data and existing data will be updated accordingly" data-placement="top" data-toggle="tooltip" href="/page/instructorCourseStudentDetailsEdit?courseid=course2&studentemail=ted.c.tmms@gmail.tmt&user=instructorWith2Courses" title="">
                              Edit
                           </a>
                            
                           <a class="btn btn-default btn-xs student-delete-for-test" href="/page/instructorCourseStudentDelete?courseid=course2&studentemail=ted.c.tmms@gmail.tmt&user=instructorWith2Courses" onclick="return toggleDeleteStudentConfirmation('course2','Ted Mosby')">
                              Delete
                           </a>
                            
                           <a class="btn btn-default btn-xs student-records-for-test" data-original-title="View all student's evaluations and feedbacks" data-placement="top" data-toggle="tooltip" href="/page/instructorStudentRecordsPage?courseid=course2&studentemail=ted.c.tmms@gmail.tmt&user=instructorWith2Courses" title="">
                              All Records
                           </a>
                            
                           <div class="dropdown inline">
                              <a class="btn btn-default btn-xs dropdown-toggle" data-toggle="dropdown" href="javascript:;">
                                 Add Comment
                              </a>
                              <ul aria-labelledby="dLabel" class="dropdown-menu align-left" role="menu">
                                 <li role="presentation">
                                    <a href="/page/instructorCourseStudentDetailsPage?courseid=course2&studentemail=ted.c.tmms@gmail.tmt&user=instructorWith2Courses&addComment=student" role="menuitem" tabindex="-1">
                                       Comment on Ted Mosby
                                    </a>
                                 </li>
                                 <li role="presentation">
                                    <a href="/page/instructorCourseStudentDetailsPage?courseid=course2&studentemail=ted.c.tmms@gmail.tmt&user=instructorWith2Courses&addComment=team" role="menuitem" tabindex="-1">
                                       Comment on Team 3
                                    </a>
                                 </li>
                                 <li role="presentation">
                                    <a href="/page/instructorCourseStudentDetailsPage?courseid=course2&studentemail=ted.c.tmms@gmail.tmt&user=instructorWith2Courses&addComment=section" role="menuitem" tabindex="-1">
                                       Comment on Section B
                                    </a>
                                 </li>
                              </ul>
                           </div>
                        </td>
                     </tr>
                  </tbody>
               </table>
            </div>
         </div>
      </div>
      <div class="panel panel-info">
         <div class="panel-heading" data-target="#panelBodyCollapse-1" id="panelHeading-1" style="cursor: pointer;">
            <form action="/page/instructorStudentListAjaxPage" class="seeMoreForm-1" id="seeMore-1" style="display:none;">
               <input name="courseid" type="hidden" value="course3"/>
                              <input name="user" type="hidden" value="instructorWith2Courses"/>
                              <input id="numStudents-1" type="hidden" value="4"/>
                           </form>
            <a class="btn btn-default btn-xs pull-right pull-down course-enroll-for-test" data-original-title="Enroll student into the course" data-placement="top" data-toggle="tooltip" href="/page/instructorCourseEnrollPage?courseid=course3&user=instructorWith2Courses" id="enroll-1" title="">
               <span class="glyphicon glyphicon-list">
               </span>
               Enroll
            </a>
            <div class="display-icon pull-right">
            </div>
            <strong>
               [course3] :
            </strong>
            Name of Course 3
         </div>
         <div class="panel-collapse checked collapse in" id="panelBodyCollapse-1" style="height: auto;">
            <div class="panel-body padding-0">
               <table class="table table-responsive table-striped table-bordered margin-0">
                  <thead class="background-color-medium-gray text-color-gray font-weight-normal">
                     <tr id="resultsHeader-1">
                        <th>
                           Photo
                        </th>
                        <th class="button-sort-none hidden" id="button_sortsection-1" onclick="toggleSort(this,2)">
                           Section
                           <span class="icon-sort unsorted">
                           </span>
                        </th>
                        <th class="button-sort-none" id="button_sortteam-1" onclick="toggleSort(this,3)">
                           Team
                           <span class="icon-sort unsorted">
                           </span>
                        </th>
                        <th class="button-sort-none" id="button_sortstudentname-1" onclick="toggleSort(this,4)">
                           Student Name
                           <span class="icon-sort unsorted">
                           </span>
                        </th>
                        <th class="button-sort-none" id="button_sortemail-1" onclick="toggleSort(this,5)">
                           Email
                           <span class="icon-sort unsorted">
                           </span>
                        </th>
                        <th>
                           Action(s)
                        </th>
                     </tr>
                     <tr class="hidden" id="searchNoResults-1">
                        <th class="align-center color_white bold">
                           Cannot find students in this course
                        </th>
                     </tr>
                  </thead>
                  <tbody>
                     <tr id="student-c1.0">
                        <td id="studentphoto-c1.0">
                           <div class="profile-pic-icon-click align-center" data-link="/page/studentProfilePic?studentemail={*}&courseid={*}&user=instructorWith2Courses">
                              <a class="student-profile-pic-view-link btn-link">
                                 View Photo
                              </a>
                              <img alt="No Image Given" class="hidden" src=""/>
                                                         </div>
                        </td>
                        <td class="hidden" id="studentsection-c1.0" style="display: table-cell;">
                           None
                        </td>
                        <td id="studentteam-c1.0.0">
                           Team 1
                        </td>
                        <td id="studentname-c1.0">
                           Alice Betsy
                        </td>
                        <td id="studentemail-c1.0">
                           CCSDetailsUiT.alice.tmms@gmail.tmt
                        </td>
                        <td class="no-print align-center">
                           <a class="btn btn-default btn-xs student-view-for-test" data-original-title="View the details of the student" data-placement="top" data-toggle="tooltip" href="/page/instructorCourseStudentDetailsPage?courseid=course3&studentemail=CCSDetailsUiT.alice.tmms@gmail.tmt&user=instructorWith2Courses" title="">
                              View
                           </a>
                            
                           <a class="btn btn-default btn-xs student-edit-for-test" data-original-title="Use this to edit the details of this student. <br>To edit multiple students in one go, you can use the enroll page: <br>Simply enroll students using the updated data and existing data will be updated accordingly" data-placement="top" data-toggle="tooltip" href="/page/instructorCourseStudentDetailsEdit?courseid=course3&studentemail=CCSDetailsUiT.alice.tmms@gmail.tmt&user=instructorWith2Courses" title="">
                              Edit
                           </a>
                            
                           <a class="btn btn-default btn-xs student-delete-for-test" href="/page/instructorCourseStudentDelete?courseid=course3&studentemail=CCSDetailsUiT.alice.tmms@gmail.tmt&user=instructorWith2Courses" onclick="return toggleDeleteStudentConfirmation('course3','Alice Betsy')">
                              Delete
                           </a>
                            
                           <a class="btn btn-default btn-xs student-records-for-test" data-original-title="View all student's evaluations and feedbacks" data-placement="top" data-toggle="tooltip" href="/page/instructorStudentRecordsPage?courseid=course3&studentemail=CCSDetailsUiT.alice.tmms@gmail.tmt&user=instructorWith2Courses" title="">
                              All Records
                           </a>
                            
                           <div class="dropdown inline">
                              <a class="btn btn-default btn-xs dropdown-toggle" data-toggle="dropdown" href="javascript:;">
                                 Add Comment
                              </a>
                              <ul aria-labelledby="dLabel" class="dropdown-menu align-left" role="menu">
                                 <li role="presentation">
                                    <a href="/page/instructorCourseStudentDetailsPage?courseid=course3&studentemail=CCSDetailsUiT.alice.tmms@gmail.tmt&user=instructorWith2Courses&addComment=student" role="menuitem" tabindex="-1">
                                       Comment on Alice Betsy
                                    </a>
                                 </li>
                                 <li role="presentation">
                                    <a href="/page/instructorCourseStudentDetailsPage?courseid=course3&studentemail=CCSDetailsUiT.alice.tmms@gmail.tmt&user=instructorWith2Courses&addComment=team" role="menuitem" tabindex="-1">
                                       Comment on Team 1
                                    </a>
                                 </li>
                              </ul>
                           </div>
                        </td>
                     </tr>
                     <tr id="student-c1.1">
                        <td id="studentphoto-c1.1">
                           <div class="profile-pic-icon-click align-center" data-link="/page/studentProfilePic?studentemail={*}&courseid={*}&user=instructorWith2Courses">
                              <a class="student-profile-pic-view-link btn-link">
                                 View Photo
                              </a>
                              <img alt="No Image Given" class="hidden" src=""/>
                                                         </div>
                        </td>
                        <td class="hidden" id="studentsection-c1.0" style="display: table-cell;">
                           None
                        </td>
                        <td id="studentteam-c1.0.0">
                           Team 1
                        </td>
                        <td id="studentname-c1.1">
                           Benny Charles
                        </td>
                        <td id="studentemail-c1.1">
                           benny.c.tmms@gmail.tmt
                        </td>
                        <td class="no-print align-center">
                           <a class="btn btn-default btn-xs student-view-for-test" data-original-title="View the details of the student" data-placement="top" data-toggle="tooltip" href="/page/instructorCourseStudentDetailsPage?courseid=course3&studentemail=benny.c.tmms@gmail.tmt&user=instructorWith2Courses" title="">
                              View
                           </a>
                            
                           <a class="btn btn-default btn-xs student-edit-for-test" data-original-title="Use this to edit the details of this student. <br>To edit multiple students in one go, you can use the enroll page: <br>Simply enroll students using the updated data and existing data will be updated accordingly" data-placement="top" data-toggle="tooltip" href="/page/instructorCourseStudentDetailsEdit?courseid=course3&studentemail=benny.c.tmms@gmail.tmt&user=instructorWith2Courses" title="">
                              Edit
                           </a>
                            
                           <a class="btn btn-default btn-xs student-delete-for-test" href="/page/instructorCourseStudentDelete?courseid=course3&studentemail=benny.c.tmms@gmail.tmt&user=instructorWith2Courses" onclick="return toggleDeleteStudentConfirmation('course3','Benny Charles')">
                              Delete
                           </a>
                            
                           <a class="btn btn-default btn-xs student-records-for-test" data-original-title="View all student's evaluations and feedbacks" data-placement="top" data-toggle="tooltip" href="/page/instructorStudentRecordsPage?courseid=course3&studentemail=benny.c.tmms@gmail.tmt&user=instructorWith2Courses" title="">
                              All Records
                           </a>
                            
                           <div class="dropdown inline">
                              <a class="btn btn-default btn-xs dropdown-toggle" data-toggle="dropdown" href="javascript:;">
                                 Add Comment
                              </a>
                              <ul aria-labelledby="dLabel" class="dropdown-menu align-left" role="menu">
                                 <li role="presentation">
                                    <a href="/page/instructorCourseStudentDetailsPage?courseid=course3&studentemail=benny.c.tmms@gmail.tmt&user=instructorWith2Courses&addComment=student" role="menuitem" tabindex="-1">
                                       Comment on Benny Charles
                                    </a>
                                 </li>
                                 <li role="presentation">
                                    <a href="/page/instructorCourseStudentDetailsPage?courseid=course3&studentemail=benny.c.tmms@gmail.tmt&user=instructorWith2Courses&addComment=team" role="menuitem" tabindex="-1">
                                       Comment on Team 1
                                    </a>
                                 </li>
                              </ul>
                           </div>
                        </td>
                     </tr>
                     <tr id="student-c1.2">
                        <td id="studentphoto-c1.2">
                           <div class="profile-pic-icon-click align-center" data-link="" data-original-title="" title="">
                              <img alt="No Image Given" class="" src="/page/studentProfilePic?studentemail={*}&courseid={*}&user=instructorWith2Courses"/>
                                                         </div>
                           <div class="popover fade top in" style="top: {*}px; left: {*}px; display: block;">
                              <div class="arrow">
                              </div>
                              <h3 class="popover-title" style="display: none;">
                              </h3>
                              <div class="popover-content">
                                 <img class="profile-pic" src="/page/studentProfilePic?studentemail={*}&courseid={*}&user=instructorWith2Courses"/>
                                                               </div>
                           </div>
                        </td>
                        <td class="hidden" id="studentsection-c1.0" style="display: table-cell;">
                           None
                        </td>
                        <td id="studentteam-c1.0.1">
                           Team 2
                        </td>
                        <td id="studentname-c1.2">
                           Charlie D
                        </td>
                        <td id="studentemail-c1.2">
                           CCSDetailsUiT.charlie.tmms@gmail.tmt
                        </td>
                        <td class="no-print align-center">
                           <a class="btn btn-default btn-xs student-view-for-test" data-original-title="View the details of the student" data-placement="top" data-toggle="tooltip" href="/page/instructorCourseStudentDetailsPage?courseid=course3&studentemail=CCSDetailsUiT.charlie.tmms@gmail.tmt&user=instructorWith2Courses" title="">
                              View
                           </a>
                            
                           <a class="btn btn-default btn-xs student-edit-for-test" data-original-title="Use this to edit the details of this student. <br>To edit multiple students in one go, you can use the enroll page: <br>Simply enroll students using the updated data and existing data will be updated accordingly" data-placement="top" data-toggle="tooltip" href="/page/instructorCourseStudentDetailsEdit?courseid=course3&studentemail=CCSDetailsUiT.charlie.tmms@gmail.tmt&user=instructorWith2Courses" title="">
                              Edit
                           </a>
                            
                           <a class="btn btn-default btn-xs student-delete-for-test" href="/page/instructorCourseStudentDelete?courseid=course3&studentemail=CCSDetailsUiT.charlie.tmms@gmail.tmt&user=instructorWith2Courses" onclick="return toggleDeleteStudentConfirmation('course3','Charlie D')">
                              Delete
                           </a>
                            
                           <a class="btn btn-default btn-xs student-records-for-test" data-original-title="View all student's evaluations and feedbacks" data-placement="top" data-toggle="tooltip" href="/page/instructorStudentRecordsPage?courseid=course3&studentemail=CCSDetailsUiT.charlie.tmms@gmail.tmt&user=instructorWith2Courses" title="">
                              All Records
                           </a>
                            
                           <div class="dropdown inline">
                              <a class="btn btn-default btn-xs dropdown-toggle" data-toggle="dropdown" href="javascript:;">
                                 Add Comment
                              </a>
                              <ul aria-labelledby="dLabel" class="dropdown-menu align-left" role="menu">
                                 <li role="presentation">
                                    <a href="/page/instructorCourseStudentDetailsPage?courseid=course3&studentemail=CCSDetailsUiT.charlie.tmms@gmail.tmt&user=instructorWith2Courses&addComment=student" role="menuitem" tabindex="-1">
                                       Comment on Charlie D
                                    </a>
                                 </li>
                                 <li role="presentation">
                                    <a href="/page/instructorCourseStudentDetailsPage?courseid=course3&studentemail=CCSDetailsUiT.charlie.tmms@gmail.tmt&user=instructorWith2Courses&addComment=team" role="menuitem" tabindex="-1">
                                       Comment on Team 2
                                    </a>
                                 </li>
                              </ul>
                           </div>
                        </td>
                     </tr>
                     <tr id="student-c1.3">
                        <td id="studentphoto-c1.3">
                           <div class="profile-pic-icon-click align-center" data-link="/page/studentProfilePic?studentemail={*}&courseid={*}&user=instructorWith2Courses">
                              <a class="student-profile-pic-view-link btn-link">
                                 View Photo
                              </a>
                              <img alt="No Image Given" class="hidden" src=""/>
                                                         </div>
                        </td>
                        <td class="hidden" id="studentsection-c1.0" style="display: table-cell;">
                           None
                        </td>
                        <td id="studentteam-c1.0.1">
                           Team 2
                        </td>
                        <td id="studentname-c1.3">
                           Denny Charlés
                        </td>
                        <td id="studentemail-c1.3">
                           denny.c.tmms@gmail.tmt
                        </td>
                        <td class="no-print align-center">
                           <a class="btn btn-default btn-xs student-view-for-test" data-original-title="View the details of the student" data-placement="top" data-toggle="tooltip" href="/page/instructorCourseStudentDetailsPage?courseid=course3&studentemail=denny.c.tmms@gmail.tmt&user=instructorWith2Courses" title="">
                              View
                           </a>
                            
                           <a class="btn btn-default btn-xs student-edit-for-test" data-original-title="Use this to edit the details of this student. <br>To edit multiple students in one go, you can use the enroll page: <br>Simply enroll students using the updated data and existing data will be updated accordingly" data-placement="top" data-toggle="tooltip" href="/page/instructorCourseStudentDetailsEdit?courseid=course3&studentemail=denny.c.tmms@gmail.tmt&user=instructorWith2Courses" title="">
                              Edit
                           </a>
                            
                           <a class="btn btn-default btn-xs student-delete-for-test" href="/page/instructorCourseStudentDelete?courseid=course3&studentemail=denny.c.tmms@gmail.tmt&user=instructorWith2Courses" onclick="return toggleDeleteStudentConfirmation('course3','Denny Charlés')">
                              Delete
                           </a>
                            
                           <a class="btn btn-default btn-xs student-records-for-test" data-original-title="View all student's evaluations and feedbacks" data-placement="top" data-toggle="tooltip" href="/page/instructorStudentRecordsPage?courseid=course3&studentemail=denny.c.tmms@gmail.tmt&user=instructorWith2Courses" title="">
                              All Records
                           </a>
                            
                           <div class="dropdown inline">
                              <a class="btn btn-default btn-xs dropdown-toggle" data-toggle="dropdown" href="javascript:;">
                                 Add Comment
                              </a>
                              <ul aria-labelledby="dLabel" class="dropdown-menu align-left" role="menu">
                                 <li role="presentation">
                                    <a href="/page/instructorCourseStudentDetailsPage?courseid=course3&studentemail=denny.c.tmms@gmail.tmt&user=instructorWith2Courses&addComment=student" role="menuitem" tabindex="-1">
                                       Comment on Denny Charlés
                                    </a>
                                 </li>
                                 <li role="presentation">
                                    <a href="/page/instructorCourseStudentDetailsPage?courseid=course3&studentemail=denny.c.tmms@gmail.tmt&user=instructorWith2Courses&addComment=team" role="menuitem" tabindex="-1">
                                       Comment on Team 2
                                    </a>
                                 </li>
                              </ul>
                           </div>
                        </td>
                     </tr>
                  </tbody>
               </table>
            </div>
         </div>
      </div>
   </div>

</expected]>> but was:<<[actual>
   <div class="container theme-showcase" id="frameBodyWrapper">
      <div id="topOfPage">
      </div>
      <h1>
         Find Students
      </h1>
      <div class="well well-plain">
         <div class="row">
            <div class="col-md-12">
               <form action="/page/instructorSearchPage?user=instructorWith2Courses" method="get" name="search_form">
                  <div class="row">
                     <div class="col-md-10">
                        <div class="form-group">
                           <input class="form-control" data-original-title="Search for student's name" data-placement="top" data-toggle="tooltip" id="searchbox" name="searchkey" placeholder="e.g. Charles Shultz" title="" type="text" value=""/>
                                                   </div>
                     </div>
                     <div class="col-md-2 nav">
                        <div class="form-group">
                           <button class="btn btn-primary" id="buttonSearch" type="submit" value="Search">
                              <span class="glyphicon glyphicon-search">
                              </span>
                              Find students
                           </button>
                        </div>
                     </div>
                  </div>
                  <input name="searchstudents" type="hidden" value="true"/>
                                    <input name="searchcommentforstudents" type="hidden" value="false"/>
                                    <input name="searchcommentforresponses" type="hidden" value="false"/>
                                    <input name="user" type="hidden" value="instructorWith2Courses"/>
                                 </form>
            </div>
         </div>
      </div>
      <h1>
         Filter Students
      </h1>
      <div class="well well-plain" id="moreOptionsDiv">
         <div class="row">
            <div class="col-md-3">
               <div class="checkbox">
                  <input id="displayArchivedCourses_check" type="checkbox"/>
                                    <label for="displayArchivedCourses_check">
                     Display Archived Courses
                  </label>
               </div>
            </div>
         </div>
         <form class="form-horizontal" role="form">
            <div class="row">
               <div class="col-sm-3">
                  <div class="text-color-primary">
                     <strong>
                        Courses
                     </strong>
                  </div>
                  <br/>
                                    <div class="checkbox">
                     <input id="course_all" type="checkbox" value=""/>
                                          <label for="course_all">
                        <strong>
                           Select all
                        </strong>
                     </label>
                  </div>
                  <br/>
                                    <div class="checkbox">
                     <input id="course_check-0" type="checkbox"/>
                                          <label for="course_check-0">
                        [course2] : Name of Course 2
                     </label>
                  </div>
                  <div class="checkbox">
                     <input id="course_check-1" type="checkbox"/>
                                          <label for="course_check-1">
                        [course3] : Name of Course 3
                     </label>
                  </div>
               </div>
               <div class="col-sm-3">
                  <div class="text-color-primary">
                     <strong>
                        Sections
                     </strong>
                  </div>
                  <br/>
                                    <div class="checkbox" style="">
                     <input id="section_all" type="checkbox" value=""/>
                                          <label for="section_all">
                        <strong>
                           Select all
                        </strong>
                     </label>
                  </div>
                  <br/>
                                    <div id="sectionChoices">
                     <div class="checkbox">
                        <input checked="checked" class="section_check" id="section_check-0-0" type="checkbox"/>
                                                <label for="section_check-0-0">
                           [course2] : Section A
                        </label>
                     </div>
                     <div class="checkbox">
                        <input checked="checked" class="section_check" id="section_check-0-1" type="checkbox"/>
                                                <label for="section_check-0-1">
                           [course2] : Section B
                        </label>
                     </div>
                     <div class="checkbox">
                        <input checked="checked" class="section_check" id="section_check-1-0" type="checkbox"/>
                                                <label for="section_check-1-0">
                           [course3] : None
                        </label>
                     </div>
                  </div>
               </div>
               <div class="col-sm-3">
                  <div class="text-color-primary">
                     <strong>
                        Teams
                     </strong>
                  </div>
                  <br/>
                                    <div class="checkbox" style="">
                     <input id="team_all" type="checkbox"/>
                                          <label for="team_all">
                        <strong>
                           Select All
                        </strong>
                     </label>
                  </div>
                  <br/>
                                    <div id="teamChoices">
                     <div class="checkbox">
                        <input checked="checked" class="team_check" id="team_check-0-0-0" type="checkbox"/>
                                                <label for="team_check-0-0-0">
                           [course2] : Team 1
                        </label>
                     </div>
                     <div class="checkbox">
                        <input checked="checked" class="team_check" id="team_check-0-1-1" type="checkbox"/>
                                                <label for="team_check-0-1-1">
                           [course2] : Team 2
                        </label>
                     </div>
                     <div class="checkbox">
                        <input checked="checked" class="team_check" id="team_check-0-1-2" type="checkbox"/>
                                                <label for="team_check-0-1-2">
                           [course2] : Team 3
                        </label>
                     </div>
                     <div class="checkbox">
                        <input checked="checked" class="team_check" id="team_check-1-0-0" type="checkbox"/>
                                                <label for="team_check-1-0-0">
                           [course3] : Team 1
                        </label>
                     </div>
                     <div class="checkbox">
                        <input checked="checked" class="team_check" id="team_check-1-0-1" type="checkbox"/>
                                                <label for="team_check-1-0-1">
                           [course3] : Team 2
                        </label>
                     </div>
                  </div>
               </div>
               <div class="col-sm-3">
                  <div class="text-color-primary">
                     <strong>
                        Emails
                     </strong>
                  </div>
                  <br/>
                                    <div class="checkbox" style="">
                     <input checked="checked" id="show_email" type="checkbox"/>
                                          <label for="show_email">
                        <strong>
                           Show Emails
                        </strong>
                     </label>
                  </div>
                  <br/>
                                    <div id="emails">
                     <div id="student_email-c0.0">
                        CCSDetailsUiT.alice.tmms@gmail.tmt
                     </div>
                     <div id="student_email-c0.1">
                        barney.c.tmms@gmail.tmt
                     </div>
                     <div id="student_email-c0.2">
                        jack.c.tmms@gmail.tmt
                     </div>
                     <div id="student_email-c0.3">
                        ted.c.tmms@gmail.tmt
                     </div>
                     <div id="student_email-c1.0" style="display: none;">
                        CCSDetailsUiT.alice.tmms@gmail.tmt
                     </div>
                     <div id="student_email-c1.1">
                        benny.c.tmms@gmail.tmt
                     </div>
                     <div id="student_email-c1.2">
                        CCSDetailsUiT.charlie.tmms@gmail.tmt
                     </div>
                     <div id="student_email-c1.3">
                        denny.c.tmms@gmail.tmt
                     </div>
                  </div>
               </div>
            </div>
         </form>
      </div>
      <div id="statusMessage" style="display: none;">
      </div>
      <div class="panel panel-info">
         <div class="panel-heading" data-target="#panelBodyCollapse-0" id="panelHeading-0" style="cursor: pointer;">
            <form action="/page/instructorStudentListAjaxPage" class="seeMoreForm-0" id="seeMore-0" style="display:none;">
               <input name="courseid" type="hidden" value="course2"/>
                              <input name="user" type="hidden" value="instructorWith2Courses"/>
                              <input id="numStudents-0" type="hidden" value="4"/>
                           </form>
            <a class="btn btn-default btn-xs pull-right pull-down course-enroll-for-test" data-original-title="Enroll student into the course" data-placement="top" data-toggle="tooltip" href="/page/instructorCourseEnrollPage?courseid=course2&user=instructorWith2Courses" id="enroll-0" title="">
               <span class="glyphicon glyphicon-list">
               </span>
               Enroll
            </a>
            <div class="display-icon pull-right">
            </div>
            <strong>
               [course2] :
            </strong>
            Name of Course 2
         </div>
         <div class="panel-collapse checked collapse in" id="panelBodyCollapse-0" style="height: auto;">
            <div class="panel-body padding-0">
               <table class="table table-responsive table-striped table-bordered margin-0">
                  <thead class="background-color-medium-gray text-color-gray font-weight-normal">
                     <tr id="resultsHeader-0">
                        <th>
                           Photo
                        </th>
                        <th class="button-sort-none" id="button_sortsection-0" onclick="toggleSort(this,2)">
                           Section
                           <span class="icon-sort unsorted">
                           </span>
                        </th>
                        <th class="button-sort-none" id="button_sortteam-0" onclick="toggleSort(this,3)">
                           Team
                           <span class="icon-sort unsorted">
                           </span>
                        </th>
                        <th class="button-sort-none" id="button_sortstudentname-0" onclick="toggleSort(this,4)">
                           Student Name
                           <span class="icon-sort unsorted">
                           </span>
                        </th>
                        <th class="button-sort-none" id="button_sortemail-0" onclick="toggleSort(this,5)">
                           Email
                           <span class="icon-sort unsorted">
                           </span>
                        </th>
                        <th>
                           Action(s)
                        </th>
                     </tr>
                     <tr class="hidden" id="searchNoResults-0">
                        <th class="align-center color_white bold">
                           Cannot find students in this course
                        </th>
                     </tr>
                  </thead>
                  <tbody>
                     <tr id="student-c0.0">
                        <td id="studentphoto-c0.0">
                           <div class="profile-pic-icon-click align-center" data-link="" data-original-title="" title="">
                              <img alt="No Image Given" class="" src="../images/profile_picture_default.png"/>
                                                         </div>
                        </td>
                        <td id="studentsection-c0.0">
                           Section A
                        </td>
                        <td id="studentteam-c0.0.0">
                           Team 1
                        </td>
                        <td id="studentname-c0.0">
                           Alice Betsy
                        </td>
                        <td id="studentemail-c0.0">
                           CCSDetailsUiT.alice.tmms@gmail.tmt
                        </td>
                        <td class="no-print align-center">
                           <a class="btn btn-default btn-xs student-view-for-test" data-original-title="View the details of the student" data-placement="top" data-toggle="tooltip" href="/page/instructorCourseStudentDetailsPage?courseid=course2&studentemail=CCSDetailsUiT.alice.tmms@gmail.tmt&user=instructorWith2Courses" title="">
                              View
                           </a>
                            
                           <a class="btn btn-default btn-xs student-edit-for-test" data-original-title="Use this to edit the details of this student. <br>To edit multiple students in one go, you can use the enroll page: <br>Simply enroll students using the updated data and existing data will be updated accordingly" data-placement="top" data-toggle="tooltip" href="/page/instructorCourseStudentDetailsEdit?courseid=course2&studentemail=CCSDetailsUiT.alice.tmms@gmail.tmt&user=instructorWith2Courses" title="">
                              Edit
                           </a>
                            
                           <a class="btn btn-default btn-xs student-delete-for-test" href="/page/instructorCourseStudentDelete?courseid=course2&studentemail=CCSDetailsUiT.alice.tmms@gmail.tmt&user=instructorWith2Courses" onclick="return toggleDeleteStudentConfirmation('course2','Alice Betsy')">
                              Delete
                           </a>
                            
                           <a class="btn btn-default btn-xs student-records-for-test" data-original-title="View all student's evaluations and feedbacks" data-placement="top" data-toggle="tooltip" href="/page/instructorStudentRecordsPage?courseid=course2&studentemail=CCSDetailsUiT.alice.tmms@gmail.tmt&user=instructorWith2Courses" title="">
                              All Records
                           </a>
                            
                           <div class="dropdown inline">
                              <a class="btn btn-default btn-xs dropdown-toggle" data-toggle="dropdown" href="javascript:;">
                                 Add Comment
                              </a>
                              <ul aria-labelledby="dLabel" class="dropdown-menu align-left" role="menu">
                                 <li role="presentation">
                                    <a href="/page/instructorCourseStudentDetailsPage?courseid=course2&studentemail=CCSDetailsUiT.alice.tmms@gmail.tmt&user=instructorWith2Courses&addComment=student" role="menuitem" tabindex="-1">
                                       Comment on Alice Betsy
                                    </a>
                                 </li>
                                 <li role="presentation">
                                    <a href="/page/instructorCourseStudentDetailsPage?courseid=course2&studentemail=CCSDetailsUiT.alice.tmms@gmail.tmt&user=instructorWith2Courses&addComment=team" role="menuitem" tabindex="-1">
                                       Comment on Team 1
                                    </a>
                                 </li>
                                 <li role="presentation">
                                    <a href="/page/instructorCourseStudentDetailsPage?courseid=course2&studentemail=CCSDetailsUiT.alice.tmms@gmail.tmt&user=instructorWith2Courses&addComment=section" role="menuitem" tabindex="-1">
                                       Comment on Section A
                                    </a>
                                 </li>
                              </ul>
                           </div>
                        </td>
                     </tr>
                     <tr id="student-c0.1">
                        <td id="studentphoto-c0.1">
                           <div class="profile-pic-icon-click align-center" data-link="/page/studentProfilePic?studentemail=F3A268BB017A56F172619FCBCD5A4042E87DD87A1E3E27996CFE6439777C36D6&courseid=E216B11536A4CA7B15724A250F3266A4&user=instructorWith2Courses">
                              <a class="student-profile-pic-view-link btn-link">
                                 View Photo
                              </a>
                              <img alt="No Image Given" class="hidden" src=""/>
                                                         </div>
                        </td>
                        <td id="studentsection-c0.1">
                           Section B
                        </td>
                        <td id="studentteam-c0.1.1">
                           Team 2
                        </td>
                        <td id="studentname-c0.1">
                           Barney Stinson
                        </td>
                        <td id="studentemail-c0.1">
                           barney.c.tmms@gmail.tmt
                        </td>
                        <td class="no-print align-center">
                           <a class="btn btn-default btn-xs student-view-for-test" data-original-title="View the details of the student" data-placement="top" data-toggle="tooltip" href="/page/instructorCourseStudentDetailsPage?courseid=course2&studentemail=barney.c.tmms@gmail.tmt&user=instructorWith2Courses" title="">
                              View
                           </a>
                            
                           <a class="btn btn-default btn-xs student-edit-for-test" data-original-title="Use this to edit the details of this student. <br>To edit multiple students in one go, you can use the enroll page: <br>Simply enroll students using the updated data and existing data will be updated accordingly" data-placement="top" data-toggle="tooltip" href="/page/instructorCourseStudentDetailsEdit?courseid=course2&studentemail=barney.c.tmms@gmail.tmt&user=instructorWith2Courses" title="">
                              Edit
                           </a>
                            
                           <a class="btn btn-default btn-xs student-delete-for-test" href="/page/instructorCourseStudentDelete?courseid=course2&studentemail=barney.c.tmms@gmail.tmt&user=instructorWith2Courses" onclick="return toggleDeleteStudentConfirmation('course2','Barney Stinson')">
                              Delete
                           </a>
                            
                           <a class="btn btn-default btn-xs student-records-for-test" data-original-title="View all student's evaluations and feedbacks" data-placement="top" data-toggle="tooltip" href="/page/instructorStudentRecordsPage?courseid=course2&studentemail=barney.c.tmms@gmail.tmt&user=instructorWith2Courses" title="">
                              All Records
                           </a>
                            
                           <div class="dropdown inline">
                              <a class="btn btn-default btn-xs dropdown-toggle" data-toggle="dropdown" href="javascript:;">
                                 Add Comment
                              </a>
                              <ul aria-labelledby="dLabel" class="dropdown-menu align-left" role="menu">
                                 <li role="presentation">
                                    <a href="/page/instructorCourseStudentDetailsPage?courseid=course2&studentemail=barney.c.tmms@gmail.tmt&user=instructorWith2Courses&addComment=student" role="menuitem" tabindex="-1">
                                       Comment on Barney Stinson
                                    </a>
                                 </li>
                                 <li role="presentation">
                                    <a href="/page/instructorCourseStudentDetailsPage?courseid=course2&studentemail=barney.c.tmms@gmail.tmt&user=instructorWith2Courses&addComment=team" role="menuitem" tabindex="-1">
                                       Comment on Team 2
                                    </a>
                                 </li>
                                 <li role="presentation">
                                    <a href="/page/instructorCourseStudentDetailsPage?courseid=course2&studentemail=barney.c.tmms@gmail.tmt&user=instructorWith2Courses&addComment=section" role="menuitem" tabindex="-1">
                                       Comment on Section B
                                    </a>
                                 </li>
                              </ul>
                           </div>
                        </td>
                     </tr>
                     <tr id="student-c0.2">
                        <td id="studentphoto-c0.2">
                           <div class="profile-pic-icon-click align-center" data-link="/page/studentProfilePic?studentemail=F83E841CAE54F1E6E2176AE9ECDAEE798E321D731657598E5962219A9FE79378&courseid=E216B11536A4CA7B15724A250F3266A4&user=instructorWith2Courses">
                              <a class="student-profile-pic-view-link btn-link">
                                 View Photo
                              </a>
                              <img alt="No Image Given" class="hidden" src=""/>
                                                         </div>
                        </td>
                        <td id="studentsection-c0.1">
                           Section B
                        </td>
                        <td id="studentteam-c0.1.2">
                           Team 3
                        </td>
                        <td id="studentname-c0.2">
                           Jack Lawrence
                        </td>
                        <td id="studentemail-c0.2">
                           jack.c.tmms@gmail.tmt
                        </td>
                        <td class="no-print align-center">
                           <a class="btn btn-default btn-xs student-view-for-test" data-original-title="View the details of the student" data-placement="top" data-toggle="tooltip" href="/page/instructorCourseStudentDetailsPage?courseid=course2&studentemail=jack.c.tmms@gmail.tmt&user=instructorWith2Courses" title="">
                              View
                           </a>
                            
                           <a class="btn btn-default btn-xs student-edit-for-test" data-original-title="Use this to edit the details of this student. <br>To edit multiple students in one go, you can use the enroll page: <br>Simply enroll students using the updated data and existing data will be updated accordingly" data-placement="top" data-toggle="tooltip" href="/page/instructorCourseStudentDetailsEdit?courseid=course2&studentemail=jack.c.tmms@gmail.tmt&user=instructorWith2Courses" title="">
                              Edit
                           </a>
                            
                           <a class="btn btn-default btn-xs student-delete-for-test" href="/page/instructorCourseStudentDelete?courseid=course2&studentemail=jack.c.tmms@gmail.tmt&user=instructorWith2Courses" onclick="return toggleDeleteStudentConfirmation('course2','Jack Lawrence')">
                              Delete
                           </a>
                            
                           <a class="btn btn-default btn-xs student-records-for-test" data-original-title="View all student's evaluations and feedbacks" data-placement="top" data-toggle="tooltip" href="/page/instructorStudentRecordsPage?courseid=course2&studentemail=jack.c.tmms@gmail.tmt&user=instructorWith2Courses" title="">
                              All Records
                           </a>
                            
                           <div class="dropdown inline">
                              <a class="btn btn-default btn-xs dropdown-toggle" data-toggle="dropdown" href="javascript:;">
                                 Add Comment
                              </a>
                              <ul aria-labelledby="dLabel" class="dropdown-menu align-left" role="menu">
                                 <li role="presentation">
                                    <a href="/page/instructorCourseStudentDetailsPage?courseid=course2&studentemail=jack.c.tmms@gmail.tmt&user=instructorWith2Courses&addComment=student" role="menuitem" tabindex="-1">
                                       Comment on Jack Lawrence
                                    </a>
                                 </li>
                                 <li role="presentation">
                                    <a href="/page/instructorCourseStudentDetailsPage?courseid=course2&studentemail=jack.c.tmms@gmail.tmt&user=instructorWith2Courses&addComment=team" role="menuitem" tabindex="-1">
                                       Comment on Team 3
                                    </a>
                                 </li>
                                 <li role="presentation">
                                    <a href="/page/instructorCourseStudentDetailsPage?courseid=course2&studentemail=jack.c.tmms@gmail.tmt&user=instructorWith2Courses&addComment=section" role="menuitem" tabindex="-1">
                                       Comment on Section B
                                    </a>
                                 </li>
                              </ul>
                           </div>
                        </td>
                     </tr>
                     <tr id="student-c0.3">
                        <td id="studentphoto-c0.3">
                           <div class="profile-pic-icon-click align-center" data-link="/page/studentProfilePic?studentemail=657FCDF46954C5FF0CF859D5EBCB55338A760297A033C316073F728DF8BAE432&courseid=E216B11536A4CA7B15724A250F3266A4&user=instructorWith2Courses">
                              <a class="student-profile-pic-view-link btn-link">
                                 View Photo
                              </a>
                              <img alt="No Image Given" class="hidden" src=""/>
                                                         </div>
                        </td>
                        <td id="studentsection-c0.1">
                           Section B
                        </td>
                        <td id="studentteam-c0.1.2">
                           Team 3
                        </td>
                        <td id="studentname-c0.3">
                           Ted Mosby
                        </td>
                        <td id="studentemail-c0.3">
                           ted.c.tmms@gmail.tmt
                        </td>
                        <td class="no-print align-center">
                           <a class="btn btn-default btn-xs student-view-for-test" data-original-title="View the details of the student" data-placement="top" data-toggle="tooltip" href="/page/instructorCourseStudentDetailsPage?courseid=course2&studentemail=ted.c.tmms@gmail.tmt&user=instructorWith2Courses" title="">
                              View
                           </a>
                            
                           <a class="btn btn-default btn-xs student-edit-for-test" data-original-title="Use this to edit the details of this student. <br>To edit multiple students in one go, you can use the enroll page: <br>Simply enroll students using the updated data and existing data will be updated accordingly" data-placement="top" data-toggle="tooltip" href="/page/instructorCourseStudentDetailsEdit?courseid=course2&studentemail=ted.c.tmms@gmail.tmt&user=instructorWith2Courses" title="">
                              Edit
                           </a>
                            
                           <a class="btn btn-default btn-xs student-delete-for-test" href="/page/instructorCourseStudentDelete?courseid=course2&studentemail=ted.c.tmms@gmail.tmt&user=instructorWith2Courses" onclick="return toggleDeleteStudentConfirmation('course2','Ted Mosby')">
                              Delete
                           </a>
                            
                           <a class="btn btn-default btn-xs student-records-for-test" data-original-title="View all student's evaluations and feedbacks" data-placement="top" data-toggle="tooltip" href="/page/instructorStudentRecordsPage?courseid=course2&studentemail=ted.c.tmms@gmail.tmt&user=instructorWith2Courses" title="">
                              All Records
                           </a>
                            
                           <div class="dropdown inline">
                              <a class="btn btn-default btn-xs dropdown-toggle" data-toggle="dropdown" href="javascript:;">
                                 Add Comment
                              </a>
                              <ul aria-labelledby="dLabel" class="dropdown-menu align-left" role="menu">
                                 <li role="presentation">
                                    <a href="/page/instructorCourseStudentDetailsPage?courseid=course2&studentemail=ted.c.tmms@gmail.tmt&user=instructorWith2Courses&addComment=student" role="menuitem" tabindex="-1">
                                       Comment on Ted Mosby
                                    </a>
                                 </li>
                                 <li role="presentation">
                                    <a href="/page/instructorCourseStudentDetailsPage?courseid=course2&studentemail=ted.c.tmms@gmail.tmt&user=instructorWith2Courses&addComment=team" role="menuitem" tabindex="-1">
                                       Comment on Team 3
                                    </a>
                                 </li>
                                 <li role="presentation">
                                    <a href="/page/instructorCourseStudentDetailsPage?courseid=course2&studentemail=ted.c.tmms@gmail.tmt&user=instructorWith2Courses&addComment=section" role="menuitem" tabindex="-1">
                                       Comment on Section B
                                    </a>
                                 </li>
                              </ul>
                           </div>
                        </td>
                     </tr>
                  </tbody>
               </table>
            </div>
         </div>
      </div>
      <div class="panel panel-info">
         <div class="panel-heading" data-target="#panelBodyCollapse-1" id="panelHeading-1" style="cursor: pointer;">
            <form action="/page/instructorStudentListAjaxPage" class="seeMoreForm-1" id="seeMore-1" style="display:none;">
               <input name="courseid" type="hidden" value="course3"/>
                              <input name="user" type="hidden" value="instructorWith2Courses"/>
                              <input id="numStudents-1" type="hidden" value="4"/>
                           </form>
            <a class="btn btn-default btn-xs pull-right pull-down course-enroll-for-test" data-original-title="Enroll student into the course" data-placement="top" data-toggle="tooltip" href="/page/instructorCourseEnrollPage?courseid=course3&user=instructorWith2Courses" id="enroll-1" title="">
               <span class="glyphicon glyphicon-list">
               </span>
               Enroll
            </a>
            <div class="display-icon pull-right">
            </div>
            <strong>
               [course3] :
            </strong>
            Name of Course 3
         </div>
         <div class="panel-collapse checked collapse in" id="panelBodyCollapse-1" style="height: auto;">
            <div class="panel-body padding-0">
               <table class="table table-responsive table-striped table-bordered margin-0">
                  <thead class="background-color-medium-gray text-color-gray font-weight-normal">
                     <tr id="resultsHeader-1">
                        <th>
                           Photo
                        </th>
                        <th class="button-sort-none hidden" id="button_sortsection-1" onclick="toggleSort(this,2)">
                           Section
                           <span class="icon-sort unsorted">
                           </span>
                        </th>
                        <th class="button-sort-none" id="button_sortteam-1" onclick="toggleSort(this,3)">
                           Team
                           <span class="icon-sort unsorted">
                           </span>
                        </th>
                        <th class="button-sort-none" id="button_sortstudentname-1" onclick="toggleSort(this,4)">
                           Student Name
                           <span class="icon-sort unsorted">
                           </span>
                        </th>
                        <th class="button-sort-none" id="button_sortemail-1" onclick="toggleSort(this,5)">
                           Email
                           <span class="icon-sort unsorted">
                           </span>
                        </th>
                        <th>
                           Action(s)
                        </th>
                     </tr>
                     <tr class="hidden" id="searchNoResults-1">
                        <th class="align-center color_white bold">
                           Cannot find students in this course
                        </th>
                     </tr>
                  </thead>
                  <tbody>
                     <tr id="student-c1.0">
                        <td id="studentphoto-c1.0">
                           <div class="profile-pic-icon-click align-center" data-link="/page/studentProfilePic?studentemail=395E1CF36B3CF320273455988CECDB6A00255BF9652E53183C653ED284064D9E1E0E83B571F4C48BB18040E14595EED0&courseid=C179779D673504E85F7ADD572ED9CD4D&user=instructorWith2Courses">
                              <a class="student-profile-pic-view-link btn-link">
                                 View Photo
                              </a>
                              <img alt="No Image Given" class="hidden" src=""/>
                                                         </div>
                        </td>
                        <td class="hidden" id="studentsection-c1.0" style="display: table-cell;">
                           None
                        </td>
                        <td id="studentteam-c1.0.0">
                           Team 1
                        </td>
                        <td id="studentname-c1.0">
                           Alice Betsy
                        </td>
                        <td id="studentemail-c1.0">
                           CCSDetailsUiT.alice.tmms@gmail.tmt
                        </td>
                        <td class="no-print align-center">
                           <a class="btn btn-default btn-xs student-view-for-test" data-original-title="View the details of the student" data-placement="top" data-toggle="tooltip" href="/page/instructorCourseStudentDetailsPage?courseid=course3&studentemail=CCSDetailsUiT.alice.tmms@gmail.tmt&user=instructorWith2Courses" title="">
                              View
                           </a>
                            
                           <a class="btn btn-default btn-xs student-edit-for-test" data-original-title="Use this to edit the details of this student. <br>To edit multiple students in one go, you can use the enroll page: <br>Simply enroll students using the updated data and existing data will be updated accordingly" data-placement="top" data-toggle="tooltip" href="/page/instructorCourseStudentDetailsEdit?courseid=course3&studentemail=CCSDetailsUiT.alice.tmms@gmail.tmt&user=instructorWith2Courses" title="">
                              Edit
                           </a>
                            
                           <a class="btn btn-default btn-xs student-delete-for-test" href="/page/instructorCourseStudentDelete?courseid=course3&studentemail=CCSDetailsUiT.alice.tmms@gmail.tmt&user=instructorWith2Courses" onclick="return toggleDeleteStudentConfirmation('course3','Alice Betsy')">
                              Delete
                           </a>
                            
                           <a class="btn btn-default btn-xs student-records-for-test" data-original-title="View all student's evaluations and feedbacks" data-placement="top" data-toggle="tooltip" href="/page/instructorStudentRecordsPage?courseid=course3&studentemail=CCSDetailsUiT.alice.tmms@gmail.tmt&user=instructorWith2Courses" title="">
                              All Records
                           </a>
                            
                           <div class="dropdown inline">
                              <a class="btn btn-default btn-xs dropdown-toggle" data-toggle="dropdown" href="javascript:;">
                                 Add Comment
                              </a>
                              <ul aria-labelledby="dLabel" class="dropdown-menu align-left" role="menu">
                                 <li role="presentation">
                                    <a href="/page/instructorCourseStudentDetailsPage?courseid=course3&studentemail=CCSDetailsUiT.alice.tmms@gmail.tmt&user=instructorWith2Courses&addComment=student" role="menuitem" tabindex="-1">
                                       Comment on Alice Betsy
                                    </a>
                                 </li>
                                 <li role="presentation">
                                    <a href="/page/instructorCourseStudentDetailsPage?courseid=course3&studentemail=CCSDetailsUiT.alice.tmms@gmail.tmt&user=instructorWith2Courses&addComment=team" role="menuitem" tabindex="-1">
                                       Comment on Team 1
                                    </a>
                                 </li>
                              </ul>
                           </div>
                        </td>
                     </tr>
                     <tr id="student-c1.1">
                        <td id="studentphoto-c1.1">
                           <div class="profile-pic-icon-click align-center" data-link="/page/studentProfilePic?studentemail=3C50B225C84BC321B90C810071EEC512E11CB86F39CB9C77AEE9A11E1BE9807D&courseid=C179779D673504E85F7ADD572ED9CD4D&user=instructorWith2Courses">
                              <a class="student-profile-pic-view-link btn-link">
                                 View Photo
                              </a>
                              <img alt="No Image Given" class="hidden" src=""/>
                                                         </div>
                        </td>
                        <td class="hidden" id="studentsection-c1.0" style="display: table-cell;">
                           None
                        </td>
                        <td id="studentteam-c1.0.0">
                           Team 1
                        </td>
                        <td id="studentname-c1.1">
                           Benny Charles
                        </td>
                        <td id="studentemail-c1.1">
                           benny.c.tmms@gmail.tmt
                        </td>
                        <td class="no-print align-center">
                           <a class="btn btn-default btn-xs student-view-for-test" data-original-title="View the details of the student" data-placement="top" data-toggle="tooltip" href="/page/instructorCourseStudentDetailsPage?courseid=course3&studentemail=benny.c.tmms@gmail.tmt&user=instructorWith2Courses" title="">
                              View
                           </a>
                            
                           <a class="btn btn-default btn-xs student-edit-for-test" data-original-title="Use this to edit the details of this student. <br>To edit multiple students in one go, you can use the enroll page: <br>Simply enroll students using the updated data and existing data will be updated accordingly" data-placement="top" data-toggle="tooltip" href="/page/instructorCourseStudentDetailsEdit?courseid=course3&studentemail=benny.c.tmms@gmail.tmt&user=instructorWith2Courses" title="">
                              Edit
                           </a>
                            
                           <a class="btn btn-default btn-xs student-delete-for-test" href="/page/instructorCourseStudentDelete?courseid=course3&studentemail=benny.c.tmms@gmail.tmt&user=instructorWith2Courses" onclick="return toggleDeleteStudentConfirmation('course3','Benny Charles')">
                              Delete
                           </a>
                            
                           <a class="btn btn-default btn-xs student-records-for-test" data-original-title="View all student's evaluations and feedbacks" data-placement="top" data-toggle="tooltip" href="/page/instructorStudentRecordsPage?courseid=course3&studentemail=benny.c.tmms@gmail.tmt&user=instructorWith2Courses" title="">
                              All Records
                           </a>
                            
                           <div class="dropdown inline">
                              <a class="btn btn-default btn-xs dropdown-toggle" data-toggle="dropdown" href="javascript:;">
                                 Add Comment
                              </a>
                              <ul aria-labelledby="dLabel" class="dropdown-menu align-left" role="menu">
                                 <li role="presentation">
                                    <a href="/page/instructorCourseStudentDetailsPage?courseid=course3&studentemail=benny.c.tmms@gmail.tmt&user=instructorWith2Courses&addComment=student" role="menuitem" tabindex="-1">
                                       Comment on Benny Charles
                                    </a>
                                 </li>
                                 <li role="presentation">
                                    <a href="/page/instructorCourseStudentDetailsPage?courseid=course3&studentemail=benny.c.tmms@gmail.tmt&user=instructorWith2Courses&addComment=team" role="menuitem" tabindex="-1">
                                       Comment on Team 1
                                    </a>
                                 </li>
                              </ul>
                           </div>
                        </td>
                     </tr>
                     <tr id="student-c1.2">
                        <td id="studentphoto-c1.2">
                           <div class="profile-pic-icon-click align-center" data-link="" data-original-title="" title="">
                              <img alt="No Image Given" class="" src="/page/studentProfilePic?studentemail=F702AF37C82846594241AA61DA9E8121513646F6B96E433CF5475D7A0DDC960D8A760297A033C316073F728DF8BAE432&courseid=C179779D673504E85F7ADD572ED9CD4D&user=instructorWith2Courses"/>
                                                         </div>
                           <div class="popover fade top in" style="top: 904px; left: 240px; display: block;">
                              <div class="arrow">
                              </div>
                              <h3 class="popover-title" style="display: none;">
                              </h3>
                              <div class="popover-content">
                                 <img class="profile-pic" src="/page/studentProfilePic?studentemail=F702AF37C82846594241AA61DA9E8121513646F6B96E433CF5475D7A0DDC960D8A760297A033C316073F728DF8BAE432&courseid=C179779D673504E85F7ADD572ED9CD4D&user=instructorWith2Courses"/>
                                                               </div>
                           </div>
                        </td>
                        <td class="hidden" id="studentsection-c1.0" style="display: table-cell;">
                           None
                        </td>
                        <td id="studentteam-c1.0.1">
                           Team 2
                        </td>
                        <td id="studentname-c1.2">
                           Charlie D
                        </td>
                        <td id="studentemail-c1.2">
                           CCSDetailsUiT.charlie.tmms@gmail.tmt
                        </td>
                        <td class="no-print align-center">
                           <a class="btn btn-default btn-xs student-view-for-test" data-original-title="View the details of the student" data-placement="top" data-toggle="tooltip" href="/page/instructorCourseStudentDetailsPage?courseid=course3&studentemail=CCSDetailsUiT.charlie.tmms@gmail.tmt&user=instructorWith2Courses" title="">
                              View
                           </a>
                            
                           <a class="btn btn-default btn-xs student-edit-for-test" data-original-title="Use this to edit the details of this student. <br>To edit multiple students in one go, you can use the enroll page: <br>Simply enroll students using the updated data and existing data will be updated accordingly" data-placement="top" data-toggle="tooltip" href="/page/instructorCourseStudentDetailsEdit?courseid=course3&studentemail=CCSDetailsUiT.charlie.tmms@gmail.tmt&user=instructorWith2Courses" title="">
                              Edit
                           </a>
                            
                           <a class="btn btn-default btn-xs student-delete-for-test" href="/page/instructorCourseStudentDelete?courseid=course3&studentemail=CCSDetailsUiT.charlie.tmms@gmail.tmt&user=instructorWith2Courses" onclick="return toggleDeleteStudentConfirmation('course3','Charlie D')">
                              Delete
                           </a>
                            
                           <a class="btn btn-default btn-xs student-records-for-test" data-original-title="View all student's evaluations and feedbacks" data-placement="top" data-toggle="tooltip" href="/page/instructorStudentRecordsPage?courseid=course3&studentemail=CCSDetailsUiT.charlie.tmms@gmail.tmt&user=instructorWith2Courses" title="">
                              All Records
                           </a>
                            
                           <div class="dropdown inline">
                              <a class="btn btn-default btn-xs dropdown-toggle" data-toggle="dropdown" href="javascript:;">
                                 Add Comment
                              </a>
                              <ul aria-labelledby="dLabel" class="dropdown-menu align-left" role="menu">
                                 <li role="presentation">
                                    <a href="/page/instructorCourseStudentDetailsPage?courseid=course3&studentemail=CCSDetailsUiT.charlie.tmms@gmail.tmt&user=instructorWith2Courses&addComment=student" role="menuitem" tabindex="-1">
                                       Comment on Charlie D
                                    </a>
                                 </li>
                                 <li role="presentation">
                                    <a href="/page/instructorCourseStudentDetailsPage?courseid=course3&studentemail=CCSDetailsUiT.charlie.tmms@gmail.tmt&user=instructorWith2Courses&addComment=team" role="menuitem" tabindex="-1">
                                       Comment on Team 2
                                    </a>
                                 </li>
                              </ul>
                           </div>
                        </td>
                     </tr>
                     <tr id="student-c1.3">
                        <td id="studentphoto-c1.3">
                           <div class="profile-pic-icon-click align-center" data-link="/page/studentProfilePic?studentemail=2F76496543E15300BEC0F6F38E09D587E11CB86F39CB9C77AEE9A11E1BE9807D&courseid=C179779D673504E85F7ADD572ED9CD4D&user=instructorWith2Courses">
                              <a class="student-profile-pic-view-link btn-link">
                                 View Photo
                              </a>
                              <img alt="No Image Given" class="hidden" src=""/>
                                                         </div>
                        </td>
                        <td class="hidden" id="studentsection-c1.0" style="display: table-cell;">
                           None
                        </td>
                        <td id="studentteam-c1.0.1">
                           Team 2
                        </td>
                        <td id="studentname-c1.3">
                           Denny Charlés
                        </td>
                        <td id="studentemail-c1.3">
                           denny.c.tmms@gmail.tmt
                        </td>
                        <td class="no-print align-center">
                           <a class="btn btn-default btn-xs student-view-for-test" data-original-title="View the details of the student" data-placement="top" data-toggle="tooltip" href="/page/instructorCourseStudentDetailsPage?courseid=course3&studentemail=denny.c.tmms@gmail.tmt&user=instructorWith2Courses" title="">
                              View
                           </a>
                            
                           <a class="btn btn-default btn-xs student-edit-for-test" data-original-title="Use this to edit the details of this student. <br>To edit multiple students in one go, you can use the enroll page: <br>Simply enroll students using the updated data and existing data will be updated accordingly" data-placement="top" data-toggle="tooltip" href="/page/instructorCourseStudentDetailsEdit?courseid=course3&studentemail=denny.c.tmms@gmail.tmt&user=instructorWith2Courses" title="">
                              Edit
                           </a>
                            
                           <a class="btn btn-default btn-xs student-delete-for-test" href="/page/instructorCourseStudentDelete?courseid=course3&studentemail=denny.c.tmms@gmail.tmt&user=instructorWith2Courses" onclick="return toggleDeleteStudentConfirmation('course3','Denny Charlés')">
                              Delete
                           </a>
                            
                           <a class="btn btn-default btn-xs student-records-for-test" data-original-title="View all student's evaluations and feedbacks" data-placement="top" data-toggle="tooltip" href="/page/instructorStudentRecordsPage?courseid=course3&studentemail=denny.c.tmms@gmail.tmt&user=instructorWith2Courses" title="">
                              All Records
                           </a>
                            
                           <div class="dropdown inline">
                              <a class="btn btn-default btn-xs dropdown-toggle" data-toggle="dropdown" href="javascript:;">
                                 Add Comment
                              </a>
                              <ul aria-labelledby="dLabel" class="dropdown-menu align-left" role="menu">
                                 <li role="presentation">
                                    <a href="/page/instructorCourseStudentDetailsPage?courseid=course3&studentemail=denny.c.tmms@gmail.tmt&user=instructorWith2Courses&addComment=student" role="menuitem" tabindex="-1">
                                       Comment on Denny Charlés
                                    </a>
                                 </li>
                                 <li role="presentation">
                                    <a href="/page/instructorCourseStudentDetailsPage?courseid=course3&studentemail=denny.c.tmms@gmail.tmt&user=instructorWith2Courses&addComment=team" role="menuitem" tabindex="-1">
                                       Comment on Team 2
                                    </a>
                                 </li>
                              </ul>
                           </div>
                        </td>
                     </tr>
                  </tbody>
               </table>
            </div>
         </div>
      </div>
   </div>

</actual]>>
	at org.junit.Assert.assertEquals(Assert.java:115)
	at org.junit.Assert.assertEquals(Assert.java:144)
	at teammates.test.driver.HtmlHelper.assertSameHtmlPart(HtmlHelper.java:43)
	at teammates.test.pageobjects.AppPage.verifyHtmlPart(AppPage.java:822)
	at teammates.test.pageobjects.AppPage.verifyHtmlMainContent(AppPage.java:864)
	at teammates.test.cases.ui.browsertests.InstructorStudentListPageUiTest.testShowPhoto(InstructorStudentListPageUiTest.java:176)
	at teammates.test.cases.ui.browsertests.InstructorStudentListPageUiTest.testAll(InstructorStudentListPageUiTest.java:69)
	at sun.reflect.NativeMethodAccessorImpl.invoke0(Native Method)
	at sun.reflect.NativeMethodAccessorImpl.invoke(NativeMethodAccessorImpl.java:57)
	at sun.reflect.DelegatingMethodAccessorImpl.invoke(DelegatingMethodAccessorImpl.java:43)
	at java.lang.reflect.Method.invoke(Method.java:606)
	at org.testng.internal.MethodInvocationHelper.invokeMethod(MethodInvocationHelper.java:84)
	at org.testng.internal.Invoker.invokeMethod(Invoker.java:714)
	at org.testng.internal.Invoker.invokeTestMethod(Invoker.java:901)
	at org.testng.internal.Invoker.invokeTestMethods(Invoker.java:1231)
	at org.testng.internal.TestMethodWorker.invokeTestMethods(TestMethodWorker.java:127)
	at org.testng.internal.TestMethodWorker.run(TestMethodWorker.java:111)
	at java.util.concurrent.ThreadPoolExecutor.runWorker(ThreadPoolExecutor.java:1145)
	at java.util.concurrent.ThreadPoolExecutor$Worker.run(ThreadPoolExecutor.java:615)
	at java.lang.Thread.run(Thread.java:745)
]]>
    </error>
  </testcase> <!-- testAll -->
</testsuite> <!-- teammates.test.cases.ui.browsertests.InstructorStudentListPageUiTest -->
