<?xml version="1.0" encoding="UTF-8"?>
<!-- Generated by org.testng.reporters.JUnitReportReporter -->
<testsuite hostname="soccf-tr5-001" name="teammates.test.cases.ui.AllActionsAccessControlTest" tests="87" failures="0" timestamp="15 Sep 2014 13:12:51 GMT" time="13.572" errors="0">
  <testcase name="InstructorEvaluationEditSave" time="0.078" classname="teammates.test.cases.ui.AllActionsAccessControlTest"/>
  <testcase name="AdminExceptionTest" time="0.063" classname="teammates.test.cases.ui.AllActionsAccessControlTest"/>
  <testcase name="InstructorCoursesPage" time="0.062" classname="teammates.test.cases.ui.AllActionsAccessControlTest"/>
  <testcase name="AdminSearchPage" time="0.015" classname="teammates.test.cases.ui.AllActionsAccessControlTest"/>
  <testcase name="InstructorFeedbackSubmissionEditSave" time="0.483" classname="teammates.test.cases.ui.AllActionsAccessControlTest"/>
  <testcase name="StudentEvaluationSubmissionEditSave" time="0.078" classname="teammates.test.cases.ui.AllActionsAccessControlTest"/>
  <testcase name="InstructorCourseArchive" time="0.156" classname="teammates.test.cases.ui.AllActionsAccessControlTest"/>
  <testcase name="StudentCourseJoin" time="0.047" classname="teammates.test.cases.ui.AllActionsAccessControlTest"/>
  <testcase name="StudentFeedbackQuestionSubmissionEditSave" time="0.188" classname="teammates.test.cases.ui.AllActionsAccessControlTest"/>
  <testcase name="InstructorCourseDelete" time="0.234" classname="teammates.test.cases.ui.AllActionsAccessControlTest"/>
  <testcase name="InstructorEvaluationPage" time="0.047" classname="teammates.test.cases.ui.AllActionsAccessControlTest"/>
  <testcase name="AdminAccountManagementPage" time="0.016" classname="teammates.test.cases.ui.AllActionsAccessControlTest"/>
  <testcase name="InstructorHomePage" time="0.500" classname="teammates.test.cases.ui.AllActionsAccessControlTest"/>
  <testcase name="InstructorEvaluationSubmissionEditSave" time="0.047" classname="teammates.test.cases.ui.AllActionsAccessControlTest"/>
  <testcase name="InstructorCourseJoinAuthenticated" time="0.047" classname="teammates.test.cases.ui.AllActionsAccessControlTest"/>
  <testcase name="InstructorEvaluationSubmissionPage" time="0.109" classname="teammates.test.cases.ui.AllActionsAccessControlTest"/>
  <testcase name="InstructorFeedbackResponseCommentDelete" time="0.125" classname="teammates.test.cases.ui.AllActionsAccessControlTest"/>
  <testcase name="InstructorCommentsPage" time="0.063" classname="teammates.test.cases.ui.AllActionsAccessControlTest"/>
  <testcase name="InstructorEvaluationStatsPage" time="0.125" classname="teammates.test.cases.ui.AllActionsAccessControlTest"/>
  <testcase name="InstructorFeedbackEditSave" time="0.063" classname="teammates.test.cases.ui.AllActionsAccessControlTest"/>
  <testcase name="InstructorFeedbackPreviewAsInstructor" time="0.140" classname="teammates.test.cases.ui.AllActionsAccessControlTest"/>
  <testcase name="AdminAccountDetailsPage" time="0.016" classname="teammates.test.cases.ui.AllActionsAccessControlTest"/>
  <testcase name="InstructorStudentListPage" time="0.078" classname="teammates.test.cases.ui.AllActionsAccessControlTest"/>
  <testcase name="InstructorEvaluationResultsDownload" time="0.047" classname="teammates.test.cases.ui.AllActionsAccessControlTest"/>
  <testcase name="InstructorFeedbacksPage" time="0.062" classname="teammates.test.cases.ui.AllActionsAccessControlTest"/>
  <testcase name="InstructorCourseInstructorDelete" time="0.171" classname="teammates.test.cases.ui.AllActionsAccessControlTest"/>
  <testcase name="StudentFeedbackSubmissionEditSave" time="0.686" classname="teammates.test.cases.ui.AllActionsAccessControlTest"/>
  <testcase name="StudentProfilePage" time="0.016" classname="teammates.test.cases.ui.AllActionsAccessControlTest"/>
  <testcase name="InstructorCourseRemind" time="0.093" classname="teammates.test.cases.ui.AllActionsAccessControlTest"/>
  <testcase name="InstructorCourseEdit" time="0.078" classname="teammates.test.cases.ui.AllActionsAccessControlTest"/>
  <testcase name="InstructorFeedbackQuestionEdit" time="0.187" classname="teammates.test.cases.ui.AllActionsAccessControlTest"/>
  <testcase name="StudentCourseJoinAuthenticated" time="0.281" classname="teammates.test.cases.ui.AllActionsAccessControlTest"/>
  <testcase name="InstructorCourseInstructorEditSave" time="0.110" classname="teammates.test.cases.ui.AllActionsAccessControlTest"/>
  <testcase name="AdminInstructorAccountAdd" time="0.032" classname="teammates.test.cases.ui.AllActionsAccessControlTest"/>
  <testcase name="InstructorFeedbackEditPage" time="0.312" classname="teammates.test.cases.ui.AllActionsAccessControlTest"/>
  <testcase name="InstructorCourseEnrollSave" time="0.062" classname="teammates.test.cases.ui.AllActionsAccessControlTest"/>
  <testcase name="InstructorEvaluationRemind" time="0.031" classname="teammates.test.cases.ui.AllActionsAccessControlTest"/>
  <testcase name="InstructorFeedbackUnpublish" time="0.094" classname="teammates.test.cases.ui.AllActionsAccessControlTest"/>
  <testcase name="StudentCourseJoinLegacyLink" time="0.047" classname="teammates.test.cases.ui.AllActionsAccessControlTest"/>
  <testcase name="InstructorFeedbackStatsPage" time="0.093" classname="teammates.test.cases.ui.AllActionsAccessControlTest"/>
  <testcase name="AdminAccountDelete" time="0.031" classname="teammates.test.cases.ui.AllActionsAccessControlTest"/>
  <testcase name="InstructorCourseEnrollPage" time="0.125" classname="teammates.test.cases.ui.AllActionsAccessControlTest"/>
  <testcase name="InstructorCourseJoin" time="0.031" classname="teammates.test.cases.ui.AllActionsAccessControlTest"/>
  <testcase name="InstructorCourseStudentDetailsEditSave" time="0.062" classname="teammates.test.cases.ui.AllActionsAccessControlTest"/>
  <testcase name="InstructorFeedbackResultsPage" time="0.125" classname="teammates.test.cases.ui.AllActionsAccessControlTest"/>
  <testcase name="InstructorFeedbackResponseCommentEdit" time="0.188" classname="teammates.test.cases.ui.AllActionsAccessControlTest"/>
  <testcase name="AdminActivityLogPage" time="0.046" classname="teammates.test.cases.ui.AllActionsAccessControlTest"/>
  <testcase name="StudentFeedbackSubmissionEditPage" time="0.187" classname="teammates.test.cases.ui.AllActionsAccessControlTest"/>
  <testcase name="InstructorFeedbackRemind" time="0.062" classname="teammates.test.cases.ui.AllActionsAccessControlTest"/>
  <testcase name="InstructorEvaluationUnpublish" time="0.172" classname="teammates.test.cases.ui.AllActionsAccessControlTest"/>
  <testcase name="InstructorEvaluationPublish" time="0.172" classname="teammates.test.cases.ui.AllActionsAccessControlTest"/>
  <testcase name="InstructorEvaluationAdd" time="0.141" classname="teammates.test.cases.ui.AllActionsAccessControlTest"/>
  <testcase name="InstructorFeedbackAdd" time="0.234" classname="teammates.test.cases.ui.AllActionsAccessControlTest"/>
  <testcase name="InstructorCourseInstructorAdd" time="0.297" classname="teammates.test.cases.ui.AllActionsAccessControlTest"/>
  <testcase name="StudentHomePage" time="0.453" classname="teammates.test.cases.ui.AllActionsAccessControlTest"/>
  <testcase name="InstructorCourseDetailsPage" time="0.109" classname="teammates.test.cases.ui.AllActionsAccessControlTest"/>
  <testcase name="InstructorEvaluationDelete" time="0.436" classname="teammates.test.cases.ui.AllActionsAccessControlTest"/>
  <testcase name="StudentEvaluationSubmissionEditPage" time="0.328" classname="teammates.test.cases.ui.AllActionsAccessControlTest"/>
  <testcase name="StudentCommentsPage" time="0.094" classname="teammates.test.cases.ui.AllActionsAccessControlTest"/>
  <testcase name="InstructorFeedbackPreviewAsStudent" time="0.140" classname="teammates.test.cases.ui.AllActionsAccessControlTest"/>
  <testcase name="AdminHomePage" time="0.093" classname="teammates.test.cases.ui.AllActionsAccessControlTest"/>
  <testcase name="InstructorEvaluationSubmissionEdit" time="0.062" classname="teammates.test.cases.ui.AllActionsAccessControlTest"/>
  <testcase name="StudentProfilePictureEdit" time="0.764" classname="teammates.test.cases.ui.AllActionsAccessControlTest"/>
  <testcase name="InstructorEvaluationResultsPage" time="0.062" classname="teammates.test.cases.ui.AllActionsAccessControlTest"/>
  <testcase name="InstructorStudentRecordsPage" time="0.359" classname="teammates.test.cases.ui.AllActionsAccessControlTest"/>
  <testcase name="InstructorFeedbackQuestionSubmissionEditSave" time="0.078" classname="teammates.test.cases.ui.AllActionsAccessControlTest"/>
  <testcase name="InstructorFeedbackPublish" time="0.172" classname="teammates.test.cases.ui.AllActionsAccessControlTest"/>
  <testcase name="InstructorFeedbackQuestionAdd" time="0.203" classname="teammates.test.cases.ui.AllActionsAccessControlTest"/>
  <testcase name="InstructorStudentCommentEdit" time="0.234" classname="teammates.test.cases.ui.AllActionsAccessControlTest"/>
  <testcase name="InstructorCourseAdd" time="0.374" classname="teammates.test.cases.ui.AllActionsAccessControlTest"/>
  <testcase name="InstructorStudentCommentAdd" time="0.249" classname="teammates.test.cases.ui.AllActionsAccessControlTest"/>
  <testcase name="InstructorFeedbackSubmissionEditPage" time="0.125" classname="teammates.test.cases.ui.AllActionsAccessControlTest"/>
  <testcase name="StudentProfileEditSave" time="0.093" classname="teammates.test.cases.ui.AllActionsAccessControlTest"/>
  <testcase name="StudentEvaluationResultsPage" time="0.093" classname="teammates.test.cases.ui.AllActionsAccessControlTest"/>
  <testcase name="InstructorCourseStudentListDownload" time="0.141" classname="teammates.test.cases.ui.AllActionsAccessControlTest"/>
  <testcase name="InstructorFeedbackDelete" time="0.343" classname="teammates.test.cases.ui.AllActionsAccessControlTest"/>
  <testcase name="InstructorCourseStudentDetailsPage" time="0.156" classname="teammates.test.cases.ui.AllActionsAccessControlTest"/>
  <testcase name="InstructorEvaluationEditPage" time="0.125" classname="teammates.test.cases.ui.AllActionsAccessControlTest"/>
  <testcase name="InstructorEvaluationPreview" time="0.093" classname="teammates.test.cases.ui.AllActionsAccessControlTest"/>
  <testcase name="StudentCourseDetailsPage" time="0.093" classname="teammates.test.cases.ui.AllActionsAccessControlTest"/>
  <testcase name="InstructorCourseStudentDetailsEdit" time="0.125" classname="teammates.test.cases.ui.AllActionsAccessControlTest"/>
  <testcase name="InstructorFeedbackResultsDownload" time="0.187" classname="teammates.test.cases.ui.AllActionsAccessControlTest"/>
  <testcase name="InstructorFeedbackQuestionSubmissionEdit" time="0.094" classname="teammates.test.cases.ui.AllActionsAccessControlTest"/>
  <testcase name="InstructorFeedbackResponseCommentAdd" time="0.078" classname="teammates.test.cases.ui.AllActionsAccessControlTest"/>
  <testcase name="StudentFeedbackResultsPage" time="0.312" classname="teammates.test.cases.ui.AllActionsAccessControlTest"/>
  <testcase name="InstructorCourseStudentDelete" time="0.156" classname="teammates.test.cases.ui.AllActionsAccessControlTest"/>
  <testcase name="StudentFeedbackQuestionSubmissionEditPage" time="0.093" classname="teammates.test.cases.ui.AllActionsAccessControlTest"/>
</testsuite> <!-- teammates.test.cases.ui.AllActionsAccessControlTest -->
