<?xml version="1.0" encoding="UTF-8"?>
<!-- Generated by org.testng.reporters.JUnitReportReporter -->
<testsuite hostname="soccf-tr5-001" name="teammates.test.cases.ui.browsertests.StudentProfilePageUiTest" tests="1" failures="0" timestamp="7 Aug 2014 06:08:15 GMT" time="65.959" errors="0">
  <testcase name="allTests" time="65.959" classname="teammates.test.cases.ui.browsertests.StudentProfilePageUiTest"/>
</testsuite> <!-- teammates.test.cases.ui.browsertests.StudentProfilePageUiTest -->
