<?xml version="1.0" encoding="UTF-8"?>
<!-- Generated by org.testng.reporters.JUnitReportReporter -->
<testsuite hostname="soccf-tr5-001" name="teammates.test.cases.ui.browsertests.InstructorFeedbackSubmitPageUiTest" tests="1" failures="0" timestamp="3 Sep 2014 15:24:38 GMT" time="137.668" errors="0">
  <testcase name="testAll" time="137.668" classname="teammates.test.cases.ui.browsertests.InstructorFeedbackSubmitPageUiTest"/>
</testsuite> <!-- teammates.test.cases.ui.browsertests.InstructorFeedbackSubmitPageUiTest -->
