<?xml version="1.0" encoding="UTF-8"?>
<!-- Generated by org.testng.reporters.JUnitReportReporter -->
<testsuite hostname="soccf-tr5-001" name="teammates.test.cases.ui.browsertests.StudentCommentsPageUiTest" tests="1" failures="0" timestamp="5 Nov 2014 12:23:05 GMT" time="10.406" errors="0">
  <testcase name="allTests" time="10.406" classname="teammates.test.cases.ui.browsertests.StudentCommentsPageUiTest"/>
</testsuite> <!-- teammates.test.cases.ui.browsertests.StudentCommentsPageUiTest -->
