<?xml version="1.0" encoding="UTF-8"?>
<!-- Generated by org.testng.reporters.JUnitReportReporter -->
<testsuite hostname="soccf-tr5-001" name="teammates.test.cases.ui.InstructorFeedbackQuestionSubmissionEditPageActionTest" tests="1" failures="0" timestamp="10 Sep 2014 12:56:05 GMT" time="0.234" errors="0">
  <testcase name="testExecuteAndPostProcess" time="0.234" classname="teammates.test.cases.ui.InstructorFeedbackQuestionSubmissionEditPageActionTest"/>
</testsuite> <!-- teammates.test.cases.ui.InstructorFeedbackQuestionSubmissionEditPageActionTest -->
