<?xml version="1.0" encoding="UTF-8"?>
<!-- Generated by org.testng.reporters.JUnitReportReporter -->
<testsuite hostname="soccf-tr5-001" name="teammates.test.cases.storage.StudentsDbTest" tests="4" failures="0" timestamp="10 Sep 2014 12:56:05 GMT" time="0.125" errors="0">
  <testcase name="testDeleteStudent" time="0.046" classname="teammates.test.cases.storage.StudentsDbTest"/>
  <testcase name="testupdateStudentWithoutDocument" time="0.031" classname="teammates.test.cases.storage.StudentsDbTest"/>
  <testcase name="testGetStudent" time="0.032" classname="teammates.test.cases.storage.StudentsDbTest"/>
  <testcase name="testCreateStudent" time="0.016" classname="teammates.test.cases.storage.StudentsDbTest"/>
</testsuite> <!-- teammates.test.cases.storage.StudentsDbTest -->
