<?xml version="1.0" encoding="UTF-8"?>
<!-- Generated by org.testng.reporters.JUnitReportReporter -->
<testsuite hostname="soccf-tr5-001" name="teammates.test.cases.logic.FeedbackResponsesLogicTest" tests="1" failures="0" timestamp="2 Jan 2015 09:17:11 GMT" time="0.438" errors="0">
  <testcase name="allTests" time="0.438" classname="teammates.test.cases.logic.FeedbackResponsesLogicTest"/>
</testsuite> <!-- teammates.test.cases.logic.FeedbackResponsesLogicTest -->
