<?xml version="1.0" encoding="UTF-8"?>
<!-- Generated by org.testng.reporters.JUnitReportReporter -->
<testsuite hostname="soccf-tr5-001" name="teammates.test.cases.logic.EmailsTest" tests="7" failures="0" timestamp="7 Aug 2014 06:43:30 GMT" time="1.436" errors="0">
  <testcase name="testGenerateStudentCourseJoinEmail" time="0.000" classname="teammates.test.cases.logic.EmailsTest"/>
  <testcase name="testGenerateFeedbackSessionEmails" time="1.316" classname="teammates.test.cases.logic.EmailsTest"/>
  <testcase name="testGenerateEvaluationEmailBase" time="0.100" classname="teammates.test.cases.logic.EmailsTest"/>
  <testcase name="testGenerateFeedbackEmailBase" time="0.010" classname="teammates.test.cases.logic.EmailsTest"/>
  <testcase name="testSystemCrashReportEmailContent" time="0.000" classname="teammates.test.cases.logic.EmailsTest"/>
  <testcase name="testGenerateEvaluationEmails" time="0.010" classname="teammates.test.cases.logic.EmailsTest"/>
  <testcase name="testGetEmailInfo" time="0.000" classname="teammates.test.cases.logic.EmailsTest"/>
</testsuite> <!-- teammates.test.cases.logic.EmailsTest -->
