<?xml version="1.0" encoding="UTF-8"?>
<!-- Generated by org.testng.reporters.JUnitReportReporter -->
<testsuite hostname="soccf-tr5-001" name="teammates.test.cases.logic.SubmissionsLogicTest" tests="1" failures="0" timestamp="7 Aug 2014 04:10:48 GMT" time="0.905" errors="0">
  <testcase name="testAll" time="0.905" classname="teammates.test.cases.logic.SubmissionsLogicTest"/>
</testsuite> <!-- teammates.test.cases.logic.SubmissionsLogicTest -->
