<?xml version="1.0" encoding="UTF-8"?>
<!-- Generated by org.testng.reporters.JUnitReportReporter -->
<testsuite hostname="soccf-tr5-001" name="teammates.test.cases.storage.AccountsDbTest" tests="5" failures="0" timestamp="22 Sep 2014 13:13:15 GMT" time="3.774" errors="0">
  <testcase name="testEditAccount" time="0.032" classname="teammates.test.cases.storage.AccountsDbTest"/>
  <testcase name="testGetAccount" time="0.000" classname="teammates.test.cases.storage.AccountsDbTest"/>
  <testcase name="testDeleteAccount" time="1.965" classname="teammates.test.cases.storage.AccountsDbTest"/>
  <testcase name="testGetInstructorAccounts" time="0.280" classname="teammates.test.cases.storage.AccountsDbTest"/>
  <testcase name="testCreateAccount" time="1.497" classname="teammates.test.cases.storage.AccountsDbTest"/>
</testsuite> <!-- teammates.test.cases.storage.AccountsDbTest -->
