<?xml version="1.0" encoding="UTF-8"?>
<!-- Generated by org.testng.reporters.JUnitReportReporter -->
<testsuite hostname="soccf-tr5-001" name="teammates.test.cases.ui.browsertests.AdminHomePageUiTest" tests="1" failures="0" timestamp="5 Nov 2014 11:06:23 GMT" time="82.497" errors="1">
  <testcase name="testAll" time="82.497" classname="teammates.test.cases.ui.browsertests.AdminHomePageUiTest">
    <error type="org.junit.ComparisonFailure" message="expected:&lt;&lt;[expected&gt;
   &lt;div class=&quot;container theme-showcase&quot; id=&quot;frameBodyWrapper&quot;&gt;
      &lt;div id=&quot;topOfPage&quot;&gt;
      &lt;/div&gt;
      &lt;h1&gt;
         Add New Feedback Session
      &lt;/h1&gt;
      &lt;div class=&quot;well well-plain&quot;&gt;
         &lt;form action=&quot;/page/instructorFeedbackAdd&quot; class=&quot;form-group&quot; method=&quot;post&quot; name=&quot;form_addfeedbacksession&quot;&gt;
            &lt;div class=&quot;row&quot;&gt;
               &lt;h4 class=&quot;label-control col-md-2 text-md&quot;&gt;
                  Create new
               &lt;/h4&gt;
               &lt;div class=&quot;col-md-5&quot;&gt;
                  &lt;div class=&quot;col-md-10&quot; data-original-title=&quot;Select a session type here.&quot; data-placement=&quot;top&quot; data-toggle=&quot;tooltip&quot; title=&quot;&quot;&gt;
                     &lt;select class=&quot;form-control&quot; id=&quot;fstype&quot; name=&quot;fstype&quot;&gt;
                        &lt;option value=&quot;STANDARD&quot;&gt;
                           Session with your own questions
                        &lt;/option&gt;
                        &lt;option selected=&quot;selected&quot; value=&quot;TEAMEVALUATION&quot;&gt;
                           Team peer evaluation session
                        &lt;/option&gt;
                     &lt;/select&gt;
                  &lt;/div&gt;
                  &lt;div class=&quot;col-md-1&quot;&gt;
                     &lt;h5&gt;
                        &lt;a href=&quot;/instructorHelp.html#fbSetupSession&quot; target=&quot;_blank&quot;&gt;
                           &lt;span class=&quot;glyphicon glyphicon-info-sign&quot;&gt;
                           &lt;/span&gt;
                        &lt;/a&gt;
                     &lt;/h5&gt;
                  &lt;/div&gt;
               &lt;/div&gt;
               &lt;h4 class=&quot;label-control col-md-1 text-md&quot;&gt;
                  Or:
               &lt;/h4&gt;
               &lt;div class=&quot;col-md-3&quot;&gt;
                  &lt;a class=&quot;btn btn-info&quot; id=&quot;button_copy&quot; style=&quot;vertical-align:middle;&quot;&gt;
                     Copy
                            from previous feedback sessions
                  &lt;/a&gt;
               &lt;/div&gt;
            &lt;/div&gt;
            &lt;br/&gt;
                        &lt;div class=&quot;panel panel-primary&quot;&gt;
               &lt;div class=&quot;panel-body&quot;&gt;
                  &lt;div class=&quot;row&quot;&gt;
                     &lt;div class=&quot;col-md-6&quot; data-original-title=&quot;Please select the course for which the feedback session is to be created.&quot; data-placement=&quot;top&quot; data-toggle=&quot;tooltip&quot; title=&quot;&quot;&gt;
                        &lt;div class=&quot;form-group&quot;&gt;
                           &lt;h5 class=&quot;col-sm-4&quot;&gt;
                              &lt;label class=&quot;control-label&quot; for=&quot;courseid&quot;&gt;
                                 Course
                              &lt;/label&gt;
                           &lt;/h5&gt;
                           &lt;div class=&quot;col-sm-8&quot;&gt;
                              &lt;select class=&quot;form-control&quot; id=&quot;courseid&quot; name=&quot;courseid&quot;&gt;
                                 &lt;option value=&quot;AHPUiT.instr1.gma-demo&quot;&gt;
                                    AHPUiT.instr1.gma-demo
                                 &lt;/option&gt;
                              &lt;/select&gt;
                           &lt;/div&gt;
                        &lt;/div&gt;
                     &lt;/div&gt;
                     &lt;div class=&quot;col-md-6&quot; data-original-title=&quot;You should not need to change this as your timezone is auto-detected. &lt;br /&gt;&lt;br /&gt;However, note that daylight saving is not taken into account i.e. if you are in UTC -8:00 and there is daylight saving, you should choose UTC -7:00 and its corresponding timings.&quot; data-placement=&quot;top&quot; data-toggle=&quot;tooltip&quot; title=&quot;&quot;&gt;
                        &lt;div class=&quot;form-group&quot;&gt;
                           &lt;h5 class=&quot;col-sm-4&quot;&gt;
                              &lt;label class=&quot;control-label&quot; for=&quot;timezone&quot;&gt;
                                 Timezone
                              &lt;/label&gt;
                           &lt;/h5&gt;
                           &lt;div class=&quot;col-sm-8&quot;&gt;
                              &lt;select class=&quot;form-control&quot; id=&quot;timezone&quot; name=&quot;timezone&quot;&gt;
                                 &lt;option value=&quot;-12&quot;&gt;
                                    (UTC -12:00) Baker Island, Howland Island
                                 &lt;/option&gt;
                                 &lt;option value=&quot;-11&quot;&gt;
                                    (UTC -11:00) American Samoa, Niue
                                 &lt;/option&gt;
                                 &lt;option value=&quot;-10&quot;&gt;
                                    (UTC -10:00) Hawaii, Cook Islands, Marquesas Islands
                                 &lt;/option&gt;
                                 &lt;option value=&quot;-9&quot;&gt;
                                    (UTC -09:00) Gambier Islands, Alaska
                                 &lt;/option&gt;
                                 &lt;option value=&quot;-8&quot;&gt;
                                    (UTC -08:00) Los Angeles, Vancouver, Tijuana
                                 &lt;/option&gt;
                                 &lt;option value=&quot;-7&quot;&gt;
                                    (UTC -07:00) Phoenix, Calgary, Ciudad Juárez
                                 &lt;/option&gt;
                                 &lt;option value=&quot;-6&quot;&gt;
                                    (UTC -06:00) Chicago, Guatemala City, Mexico City, San José, San Salvador, Tegucigalpa, Winnipeg
                                 &lt;/option&gt;
                                 &lt;option value=&quot;-5&quot;&gt;
                                    (UTC -05:00) New York, Lima, Toronto, Bogotá, Havana, Kingston
                                 &lt;/option&gt;
                                 &lt;option value=&quot;-4.5&quot;&gt;
                                    (UTC -04:30) Caracas
                                 &lt;/option&gt;
                                 &lt;option value=&quot;-4&quot;&gt;
                                    (UTC -04:00) Santiago, La Paz, San Juan de Puerto Rico, Manaus, Halifax
                                 &lt;/option&gt;
                                 &lt;option value=&quot;-3.5&quot;&gt;
                                    (UTC -03:30) St. John&#039;s
                                 &lt;/option&gt;
                                 &lt;option value=&quot;-3&quot;&gt;
                                    (UTC -03:00) Buenos Aires, Montevideo, São Paulo
                                 &lt;/option&gt;
                                 &lt;option value=&quot;-2&quot;&gt;
                                    (UTC -02:00) Fernando de Noronha, South Georgia and the South Sandwich Islands
                                 &lt;/option&gt;
                                 &lt;option value=&quot;-1&quot;&gt;
                                    (UTC -01:00) Cape Verde, Greenland, Azores islands
                                 &lt;/option&gt;
                                 &lt;option value=&quot;0&quot;&gt;
                                    (UTC) Accra, Abidjan, Casablanca, Dakar, Dublin, Lisbon, London
                                 &lt;/option&gt;
                                 &lt;option value=&quot;1&quot;&gt;
                                    (UTC +01:00) Belgrade, Berlin, Brussels, Lagos, Madrid, Paris, Rome, Tunis, Vienna, Warsaw
                                 &lt;/option&gt;
                                 &lt;option value=&quot;2&quot;&gt;
                                    (UTC +02:00) Athens, Sofia, Cairo, Kiev, Istanbul, Beirut, Helsinki, Jerusalem, Johannesburg, Bucharest
                                 &lt;/option&gt;
                                 &lt;option value=&quot;3&quot;&gt;
                                    (UTC +03:00) Nairobi, Baghdad, Doha, Khartoum, Minsk, Riyadh
                                 &lt;/option&gt;
                                 &lt;option value=&quot;3.5&quot;&gt;
                                    (UTC +03:30) Tehran
                                 &lt;/option&gt;
                                 &lt;option value=&quot;4&quot;&gt;
                                    (UTC +04:00) Baku, Dubai, Moscow
                                 &lt;/option&gt;
                                 &lt;option value=&quot;4.5&quot;&gt;
                                    (UTC +04:30) Kabul
                                 &lt;/option&gt;
                                 &lt;option value=&quot;5&quot;&gt;
                                    (UTC +05:00) Karachi, Tashkent
                                 &lt;/option&gt;
                                 &lt;option value=&quot;5.5&quot;&gt;
                                    (UTC +05:30) Colombo, Delhi
                                 &lt;/option&gt;
                                 &lt;option value=&quot;5.75&quot;&gt;
                                    (UTC +05:45) Kathmandu
                                 &lt;/option&gt;
                                 &lt;option value=&quot;6&quot;&gt;
                                    (UTC +06:00) Almaty, Dhaka, Yekaterinburg
                                 &lt;/option&gt;
                                 &lt;option value=&quot;7&quot;&gt;
                                    (UTC +07:00) Jakarta, Bangkok, Novosibirsk, Hanoi
                                 &lt;/option&gt;
                                 &lt;option value=&quot;8&quot;&gt;
                                    (UTC +08:00) Perth, Beijing, Manila, Singapore, Kuala Lumpur, Denpasar, Krasnoyarsk
                                 &lt;/option&gt;
                                 &lt;option value=&quot;9&quot;&gt;
                                    (UTC +09:00) Seoul, Tokyo, Pyongyang, Ambon, Irkutsk
                                 &lt;/option&gt;
                                 &lt;option value=&quot;10&quot;&gt;
                                    (UTC +10:00) Canberra, Yakutsk, Port Moresby
                                 &lt;/option&gt;
                                 &lt;option value=&quot;11&quot;&gt;
                                    (UTC +11:00) Vladivostok, Noumea
                                 &lt;/option&gt;
                                 &lt;option value=&quot;12&quot;&gt;
                                    (UTC +12:00) Auckland, Suva
                                 &lt;/option&gt;
                                 &lt;option value=&quot;13&quot;&gt;
                                    (UTC +13:00) Phoenix Islands, Tokelau, Tonga
                                 &lt;/option&gt;
                              &lt;/select&gt;
                           &lt;/div&gt;
                        &lt;/div&gt;
                     &lt;/div&gt;
                  &lt;/div&gt;
                  &lt;br/&gt;
                                    &lt;div class=&quot;row&quot;&gt;
                     &lt;div class=&quot;col-md-12&quot; data-original-title=&quot;Enter the name of the feedback session e.g. Feedback Session 1.&quot; data-placement=&quot;top&quot; data-toggle=&quot;tooltip&quot; title=&quot;&quot;&gt;
                        &lt;div class=&quot;form-group&quot;&gt;
                           &lt;h5 class=&quot;col-sm-2&quot;&gt;
                              &lt;label class=&quot;control-label&quot; for=&quot;fsname&quot;&gt;
                                 Session
                                            name
                              &lt;/label&gt;
                           &lt;/h5&gt;
                           &lt;div class=&quot;col-sm-10&quot;&gt;
                              &lt;input class=&quot;form-control&quot; id=&quot;fsname&quot; maxlength=&quot;38&quot; name=&quot;fsname&quot; placeholder=&quot;e.g. Feedback for Project Presentation 1&quot; type=&quot;text&quot; value=&quot;&quot;/&gt;
                                                         &lt;/div&gt;
                        &lt;/div&gt;
                     &lt;/div&gt;
                  &lt;/div&gt;
                  &lt;br/&gt;
                                    &lt;div class=&quot;row&quot; id=&quot;instructionsRow&quot;&gt;
                     &lt;div class=&quot;col-md-12&quot; data-original-title=&quot;Enter instructions for this feedback session. e.g. Avoid comments which are too critical.&lt;br /&gt; It will be displayed at the top of the page when users respond to the session.&quot; data-placement=&quot;top&quot; data-toggle=&quot;tooltip&quot; title=&quot;&quot;&gt;
                        &lt;div class=&quot;form-group&quot;&gt;
                           &lt;h5 class=&quot;col-sm-2&quot;&gt;
                              &lt;label class=&quot;control-label&quot; for=&quot;instructions&quot;&gt;
                                 Instructions
                              &lt;/label&gt;
                           &lt;/h5&gt;
                           &lt;div class=&quot;col-sm-10&quot;&gt;
                              &lt;textarea class=&quot;form-control&quot; cols=&quot;100%&quot; id=&quot;instructions&quot; name=&quot;instructions&quot; placeholder=&quot;e.g. Please answer all the given questions.&quot; rows=&quot;4&quot;&gt;
                                 Please answer all the given questions.
                              &lt;/textarea&gt;
                           &lt;/div&gt;
                        &lt;/div&gt;
                     &lt;/div&gt;
                  &lt;/div&gt;
               &lt;/div&gt;
            &lt;/div&gt;
            &lt;div class=&quot;panel panel-primary&quot; id=&quot;timeFramePanel&quot;&gt;
               &lt;div class=&quot;panel-body&quot;&gt;
                  &lt;div class=&quot;row&quot;&gt;
                     &lt;div class=&quot;col-md-5&quot; data-original-title=&quot;Please select the date and time for which users can start submitting responses for the feedback session.&quot; data-placement=&quot;top&quot; data-toggle=&quot;tooltip&quot; title=&quot;&quot;&gt;
                        &lt;div class=&quot;row&quot;&gt;
                           &lt;div class=&quot;col-md-6&quot;&gt;
                              &lt;label class=&quot;label-control&quot; for=&quot;startdate&quot;&gt;
                                 Submission opening time
                              &lt;/label&gt;
                           &lt;/div&gt;
                        &lt;/div&gt;
                        &lt;div class=&quot;row&quot;&gt;
                           &lt;div class=&quot;col-md-6&quot;&gt;
                              &lt;input class=&quot;form-control col-sm-2 hasDatepicker&quot; id=&quot;startdate&quot; name=&quot;startdate&quot; placeholder=&quot;Date&quot; type=&quot;text&quot; value=&quot;{*}&quot;/&gt;
                                                         &lt;/div&gt;
                           &lt;div class=&quot;col-md-6&quot;&gt;
                              &lt;select class=&quot;form-control&quot; id=&quot;starttime&quot; name=&quot;starttime&quot;&gt;
                                 &lt;option value=&quot;1&quot;&gt;
                                    0100H
                                 &lt;/option&gt;
                                 &lt;option value=&quot;2&quot;&gt;
                                    0200H
                                 &lt;/option&gt;
                                 &lt;option value=&quot;3&quot;&gt;
                                    0300H
                                 &lt;/option&gt;
                                 &lt;option value=&quot;4&quot;&gt;
                                    0400H
                                 &lt;/option&gt;
                                 &lt;option value=&quot;5&quot;&gt;
                                    0500H
                                 &lt;/option&gt;
                                 &lt;option value=&quot;6&quot;&gt;
                                    0600H
                                 &lt;/option&gt;
                                 &lt;option value=&quot;7&quot;&gt;
                                    0700H
                                 &lt;/option&gt;
                                 &lt;option value=&quot;8&quot;&gt;
                                    0800H
                                 &lt;/option&gt;
                                 &lt;option value=&quot;9&quot;&gt;
                                    0900H
                                 &lt;/option&gt;
                                 &lt;option value=&quot;10&quot;&gt;
                                    1000H
                                 &lt;/option&gt;
                                 &lt;option value=&quot;11&quot;&gt;
                                    1100H
                                 &lt;/option&gt;
                                 &lt;option value=&quot;12&quot;&gt;
                                    1200H
                                 &lt;/option&gt;
                                 &lt;option value=&quot;13&quot;&gt;
                                    1300H
                                 &lt;/option&gt;
                                 &lt;option value=&quot;14&quot;&gt;
                                    1400H
                                 &lt;/option&gt;
                                 &lt;option value=&quot;15&quot;&gt;
                                    1500H
                                 &lt;/option&gt;
                                 &lt;option value=&quot;16&quot;&gt;
                                    1600H
                                 &lt;/option&gt;
                                 &lt;option value=&quot;17&quot;&gt;
                                    1700H
                                 &lt;/option&gt;
                                 &lt;option value=&quot;18&quot;&gt;
                                    1800H
                                 &lt;/option&gt;
                                 &lt;option value=&quot;19&quot;&gt;
                                    1900H
                                 &lt;/option&gt;
                                 &lt;option value=&quot;20&quot;&gt;
                                    2000H
                                 &lt;/option&gt;
                                 &lt;option value=&quot;21&quot;&gt;
                                    2100H
                                 &lt;/option&gt;
                                 &lt;option value=&quot;22&quot;&gt;
                                    2200H
                                 &lt;/option&gt;
                                 &lt;option value=&quot;23&quot;&gt;
                                    2300H
                                 &lt;/option&gt;
                                 &lt;option selected=&quot;selected&quot; value=&quot;24&quot;&gt;
                                    2359H
                                 &lt;/option&gt;
                              &lt;/select&gt;
                           &lt;/div&gt;
                        &lt;/div&gt;
                     &lt;/div&gt;
                     &lt;div class=&quot;col-md-5 border-left-gray&quot; data-original-title=&quot;Please select the date and time after which the feedback session will no longer accept submissions from users.&quot; data-placement=&quot;top&quot; data-toggle=&quot;tooltip&quot; title=&quot;&quot;&gt;
                        &lt;div class=&quot;row&quot;&gt;
                           &lt;div class=&quot;col-md-6&quot;&gt;
                              &lt;label class=&quot;label-control&quot; for=&quot;enddate&quot;&gt;
                                 Submission
                                            closing time
                              &lt;/label&gt;
                           &lt;/div&gt;
                        &lt;/div&gt;
                        &lt;div class=&quot;row&quot;&gt;
                           &lt;div class=&quot;col-md-6&quot;&gt;
                              &lt;input class=&quot;form-control col-sm-2 hasDatepicker&quot; id=&quot;enddate&quot; name=&quot;enddate&quot; placeholder=&quot;Date&quot; type=&quot;text&quot; value=&quot;&quot;/&gt;
                                                         &lt;/div&gt;
                           &lt;div class=&quot;col-md-6&quot;&gt;
                              &lt;select class=&quot;form-control&quot; id=&quot;endtime&quot; name=&quot;endtime&quot;&gt;
                                 &lt;option value=&quot;1&quot;&gt;
                                    0100H
                                 &lt;/option&gt;
                                 &lt;option value=&quot;2&quot;&gt;
                                    0200H
                                 &lt;/option&gt;
                                 &lt;option value=&quot;3&quot;&gt;
                                    0300H
                                 &lt;/option&gt;
                                 &lt;option value=&quot;4&quot;&gt;
                                    0400H
                                 &lt;/option&gt;
                                 &lt;option value=&quot;5&quot;&gt;
                                    0500H
                                 &lt;/option&gt;
                                 &lt;option value=&quot;6&quot;&gt;
                                    0600H
                                 &lt;/option&gt;
                                 &lt;option value=&quot;7&quot;&gt;
                                    0700H
                                 &lt;/option&gt;
                                 &lt;option value=&quot;8&quot;&gt;
                                    0800H
                                 &lt;/option&gt;
                                 &lt;option value=&quot;9&quot;&gt;
                                    0900H
                                 &lt;/option&gt;
                                 &lt;option value=&quot;10&quot;&gt;
                                    1000H
                                 &lt;/option&gt;
                                 &lt;option value=&quot;11&quot;&gt;
                                    1100H
                                 &lt;/option&gt;
                                 &lt;option value=&quot;12&quot;&gt;
                                    1200H
                                 &lt;/option&gt;
                                 &lt;option value=&quot;13&quot;&gt;
                                    1300H
                                 &lt;/option&gt;
                                 &lt;option value=&quot;14&quot;&gt;
                                    1400H
                                 &lt;/option&gt;
                                 &lt;option value=&quot;15&quot;&gt;
                                    1500H
                                 &lt;/option&gt;
                                 &lt;option value=&quot;16&quot;&gt;
                                    1600H
                                 &lt;/option&gt;
                                 &lt;option value=&quot;17&quot;&gt;
                                    1700H
                                 &lt;/option&gt;
                                 &lt;option value=&quot;18&quot;&gt;
                                    1800H
                                 &lt;/option&gt;
                                 &lt;option value=&quot;19&quot;&gt;
                                    1900H
                                 &lt;/option&gt;
                                 &lt;option value=&quot;20&quot;&gt;
                                    2000H
                                 &lt;/option&gt;
                                 &lt;option value=&quot;21&quot;&gt;
                                    2100H
                                 &lt;/option&gt;
                                 &lt;option value=&quot;22&quot;&gt;
                                    2200H
                                 &lt;/option&gt;
                                 &lt;option value=&quot;23&quot;&gt;
                                    2300H
                                 &lt;/option&gt;
                                 &lt;option selected=&quot;selected&quot; value=&quot;24&quot;&gt;
                                    2359H
                                 &lt;/option&gt;
                              &lt;/select&gt;
                           &lt;/div&gt;
                        &lt;/div&gt;
                     &lt;/div&gt;
                     &lt;div class=&quot;col-md-2 border-left-gray&quot; data-original-title=&quot;Please select the amount of time that the system will continue accepting &lt;br /&gt;submissions after the specified deadline.&quot; data-placement=&quot;top&quot; data-toggle=&quot;tooltip&quot; title=&quot;&quot;&gt;
                        &lt;div class=&quot;row&quot;&gt;
                           &lt;div class=&quot;col-md-12&quot;&gt;
                              &lt;label class=&quot;control-label&quot; for=&quot;graceperiod&quot;&gt;
                                 Grace period
                              &lt;/label&gt;
                           &lt;/div&gt;
                        &lt;/div&gt;
                        &lt;div class=&quot;row&quot;&gt;
                           &lt;div class=&quot;col-sm-12&quot;&gt;
                              &lt;select class=&quot;form-control&quot; id=&quot;graceperiod&quot; name=&quot;graceperiod&quot;&gt;
                                 &lt;option value=&quot;0&quot;&gt;
                                    0 mins
                                 &lt;/option&gt;
                                 &lt;option value=&quot;5&quot;&gt;
                                    5 mins
                                 &lt;/option&gt;
                                 &lt;option value=&quot;10&quot;&gt;
                                    10 mins
                                 &lt;/option&gt;
                                 &lt;option selected=&quot;selected&quot; value=&quot;15&quot;&gt;
                                    15 mins
                                 &lt;/option&gt;
                                 &lt;option value=&quot;20&quot;&gt;
                                    20 mins
                                 &lt;/option&gt;
                                 &lt;option value=&quot;25&quot;&gt;
                                    25 mins
                                 &lt;/option&gt;
                                 &lt;option value=&quot;30&quot;&gt;
                                    30 mins
                                 &lt;/option&gt;
                              &lt;/select&gt;
                           &lt;/div&gt;
                        &lt;/div&gt;
                     &lt;/div&gt;
                  &lt;/div&gt;
               &lt;/div&gt;
            &lt;/div&gt;
            &lt;div class=&quot;row&quot; id=&quot;uncommonSettingsInfo&quot;&gt;
               &lt;div class=&quot;col-md-12 text-muted&quot;&gt;
                  &lt;span id=&quot;uncommonSettingsInfoText&quot;&gt;
                     Session is visible at submission opening time, responses are only visible when you publish the results.
                     &lt;br/&gt;
                                          Emails are sent when session opens (within 15 mins), 24 hrs before session closes and when results are published.
                  &lt;/span&gt;
                  &lt;a data-done=&quot;[Done]&quot; data-edit=&quot;[Edit]&quot; id=&quot;editUncommonSettingsButton&quot;&gt;
                     [Edit]
                  &lt;/a&gt;
                  &lt;br/&gt;
                                    &lt;br/&gt;
                                 &lt;/div&gt;
            &lt;/div&gt;
            &lt;div class=&quot;panel panel-primary&quot; id=&quot;sessionResponsesVisiblePanel&quot; style=&quot;display:none;&quot;&gt;
               &lt;div class=&quot;panel-body&quot;&gt;
                  &lt;div class=&quot;row&quot;&gt;
                     &lt;div class=&quot;col-md-6&quot;&gt;
                        &lt;div class=&quot;row&quot;&gt;
                           &lt;div class=&quot;col-md-6&quot; data-original-title=&quot;Please select when you want the questions for the feedback session to be visible to users who need to participate. Note that users cannot submit their responses until the submissions opening time set below.&quot; data-placement=&quot;top&quot; data-toggle=&quot;tooltip&quot; title=&quot;&quot;&gt;
                              &lt;label class=&quot;label-control&quot;&gt;
                                 Session visible from
                              &lt;/label&gt;
                           &lt;/div&gt;
                        &lt;/div&gt;
                        &lt;div class=&quot;row radio&quot;&gt;
                           &lt;div class=&quot;col-md-2&quot; data-original-title=&quot;Select this option to enter in a custom date and time for which the feedback session will become visible.&lt;br /&gt;Note that you can make a session visible before it is open for submissions so that users can preview the questions.&quot; data-placement=&quot;top&quot; data-toggle=&quot;tooltip&quot; title=&quot;&quot;&gt;
                              &lt;label for=&quot;sessionVisibleFromButton_custom&quot;&gt;
                                 At
                              &lt;/label&gt;
                              &lt;input id=&quot;sessionVisibleFromButton_custom&quot; name=&quot;sessionVisibleFromButton&quot; type=&quot;radio&quot; value=&quot;custom&quot;/&gt;
                                                         &lt;/div&gt;
                           &lt;div class=&quot;col-md-5&quot;&gt;
                              &lt;input class=&quot;form-control col-sm-2 hasDatepicker&quot; disabled=&quot;disabled&quot; id=&quot;visibledate&quot; name=&quot;visibledate&quot; type=&quot;text&quot; value=&quot;&quot;/&gt;
                                                         &lt;/div&gt;
                           &lt;div class=&quot;col-md-4&quot;&gt;
                              &lt;select class=&quot;form-control&quot; disabled=&quot;disabled&quot; id=&quot;visibletime&quot; name=&quot;visibletime&quot;&gt;
                                 &lt;option value=&quot;1&quot;&gt;
                                    0100H
                                 &lt;/option&gt;
                                 &lt;option value=&quot;2&quot;&gt;
                                    0200H
                                 &lt;/option&gt;
                                 &lt;option value=&quot;3&quot;&gt;
                                    0300H
                                 &lt;/option&gt;
                                 &lt;option value=&quot;4&quot;&gt;
                                    0400H
                                 &lt;/option&gt;
                                 &lt;option value=&quot;5&quot;&gt;
                                    0500H
                                 &lt;/option&gt;
                                 &lt;option value=&quot;6&quot;&gt;
                                    0600H
                                 &lt;/option&gt;
                                 &lt;option value=&quot;7&quot;&gt;
                                    0700H
                                 &lt;/option&gt;
                                 &lt;option value=&quot;8&quot;&gt;
                                    0800H
                                 &lt;/option&gt;
                                 &lt;option value=&quot;9&quot;&gt;
                                    0900H
                                 &lt;/option&gt;
                                 &lt;option value=&quot;10&quot;&gt;
                                    1000H
                                 &lt;/option&gt;
                                 &lt;option value=&quot;11&quot;&gt;
                                    1100H
                                 &lt;/option&gt;
                                 &lt;option value=&quot;12&quot;&gt;
                                    1200H
                                 &lt;/option&gt;
                                 &lt;option value=&quot;13&quot;&gt;
                                    1300H
                                 &lt;/option&gt;
                                 &lt;option value=&quot;14&quot;&gt;
                                    1400H
                                 &lt;/option&gt;
                                 &lt;option value=&quot;15&quot;&gt;
                                    1500H
                                 &lt;/option&gt;
                                 &lt;option value=&quot;16&quot;&gt;
                                    1600H
                                 &lt;/option&gt;
                                 &lt;option value=&quot;17&quot;&gt;
                                    1700H
                                 &lt;/option&gt;
                                 &lt;option value=&quot;18&quot;&gt;
                                    1800H
                                 &lt;/option&gt;
                                 &lt;option value=&quot;19&quot;&gt;
                                    1900H
                                 &lt;/option&gt;
                                 &lt;option value=&quot;20&quot;&gt;
                                    2000H
                                 &lt;/option&gt;
                                 &lt;option value=&quot;21&quot;&gt;
                                    2100H
                                 &lt;/option&gt;
                                 &lt;option value=&quot;22&quot;&gt;
                                    2200H
                                 &lt;/option&gt;
                                 &lt;option value=&quot;23&quot;&gt;
                                    2300H
                                 &lt;/option&gt;
                                 &lt;option selected=&quot;selected&quot; value=&quot;24&quot;&gt;
                                    2359H
                                 &lt;/option&gt;
                              &lt;/select&gt;
                           &lt;/div&gt;
                        &lt;/div&gt;
                        &lt;div class=&quot;row radio&quot;&gt;
                           &lt;div class=&quot;col-md-6&quot; data-original-title=&quot;Select this option to have the feedback session become visible when it is open for submissions (as selected above).&quot; data-placement=&quot;top&quot; data-toggle=&quot;tooltip&quot; title=&quot;&quot;&gt;
                              &lt;label for=&quot;sessionVisibleFromButton_atopen&quot;&gt;
                                 Submission
                                            opening time
                              &lt;/label&gt;
                              &lt;input checked=&quot;checked&quot; id=&quot;sessionVisibleFromButton_atopen&quot; name=&quot;sessionVisibleFromButton&quot; type=&quot;radio&quot; value=&quot;atopen&quot;/&gt;
                                                         &lt;/div&gt;
                        &lt;/div&gt;
                        &lt;div class=&quot;row radio&quot;&gt;
                           &lt;div class=&quot;col-md-6&quot; data-original-title=&quot;Select this option if you want the feedback session to never be visible. Use this option if you want to use this as a private feedback session.&quot; data-placement=&quot;top&quot; data-toggle=&quot;tooltip&quot; title=&quot;&quot;&gt;
                              &lt;label for=&quot;sessionVisibleFromButton_never&quot;&gt;
                                 Never
                                            (this is a private session)
                              &lt;/label&gt;
                              &lt;input id=&quot;sessionVisibleFromButton_never&quot; name=&quot;sessionVisibleFromButton&quot; type=&quot;radio&quot; value=&quot;never&quot;/&gt;
                                                         &lt;/div&gt;
                        &lt;/div&gt;
                     &lt;/div&gt;
                     &lt;div class=&quot;col-md-6 border-left-gray&quot; id=&quot;responsesVisibleFromColumn&quot;&gt;
                        &lt;div class=&quot;row&quot;&gt;
                           &lt;div class=&quot;col-md-6&quot; data-original-title=&quot;Please select when the responses for the feedback session will be visible to the designated recipients.&lt;br /&gt;You can select the response visibility for each type of user and question later.&quot; data-placement=&quot;top&quot; data-toggle=&quot;tooltip&quot; title=&quot;&quot;&gt;
                              &lt;label class=&quot;label-control&quot;&gt;
                                 Responses
                                            visible from
                              &lt;/label&gt;
                           &lt;/div&gt;
                        &lt;/div&gt;
                        &lt;div class=&quot;row radio&quot;&gt;
                           &lt;div class=&quot;col-md-2&quot; data-original-title=&quot;Select this option to use a custom time for when the responses of the feedback session&lt;br /&gt;will be visible to the designated recipients.&quot; data-placement=&quot;top&quot; data-toggle=&quot;tooltip&quot; title=&quot;&quot;&gt;
                              &lt;label for=&quot;resultsVisibleFromButton_custom&quot;&gt;
                                 At
                              &lt;/label&gt;
                              &lt;input id=&quot;resultsVisibleFromButton_custom&quot; name=&quot;resultsVisibleFromButton&quot; type=&quot;radio&quot; value=&quot;custom&quot;/&gt;
                                                         &lt;/div&gt;
                           &lt;div class=&quot;col-md-5&quot;&gt;
                              &lt;input class=&quot;form-control hasDatepicker&quot; disabled=&quot;disabled&quot; id=&quot;publishdate&quot; name=&quot;publishdate&quot; type=&quot;text&quot; value=&quot;&quot;/&gt;
                                                         &lt;/div&gt;
                           &lt;div class=&quot;col-md-4&quot;&gt;
                              &lt;select class=&quot;form-control&quot; data-original-title=&quot;Select this option to enter in a custom date and time for which&lt;/br&gt;the responses for this feedback session will become visible.&quot; data-placement=&quot;top&quot; data-toggle=&quot;tooltip&quot; disabled=&quot;disabled&quot; id=&quot;publishtime&quot; name=&quot;publishtime&quot; title=&quot;&quot;&gt;
                                 &lt;option value=&quot;1&quot;&gt;
                                    0100H
                                 &lt;/option&gt;
                                 &lt;option value=&quot;2&quot;&gt;
                                    0200H
                                 &lt;/option&gt;
                                 &lt;option value=&quot;3&quot;&gt;
                                    0300H
                                 &lt;/option&gt;
                                 &lt;option value=&quot;4&quot;&gt;
                                    0400H
                                 &lt;/option&gt;
                                 &lt;option value=&quot;5&quot;&gt;
                                    0500H
                                 &lt;/option&gt;
                                 &lt;option value=&quot;6&quot;&gt;
                                    0600H
                                 &lt;/option&gt;
                                 &lt;option value=&quot;7&quot;&gt;
                                    0700H
                                 &lt;/option&gt;
                                 &lt;option value=&quot;8&quot;&gt;
                                    0800H
                                 &lt;/option&gt;
                                 &lt;option value=&quot;9&quot;&gt;
                                    0900H
                                 &lt;/option&gt;
                                 &lt;option value=&quot;10&quot;&gt;
                                    1000H
                                 &lt;/option&gt;
                                 &lt;option value=&quot;11&quot;&gt;
                                    1100H
                                 &lt;/option&gt;
                                 &lt;option value=&quot;12&quot;&gt;
                                    1200H
                                 &lt;/option&gt;
                                 &lt;option value=&quot;13&quot;&gt;
                                    1300H
                                 &lt;/option&gt;
                                 &lt;option value=&quot;14&quot;&gt;
                                    1400H
                                 &lt;/option&gt;
                                 &lt;option value=&quot;15&quot;&gt;
                                    1500H
                                 &lt;/option&gt;
                                 &lt;option value=&quot;16&quot;&gt;
                                    1600H
                                 &lt;/option&gt;
                                 &lt;option value=&quot;17&quot;&gt;
                                    1700H
                                 &lt;/option&gt;
                                 &lt;option value=&quot;18&quot;&gt;
                                    1800H
                                 &lt;/option&gt;
                                 &lt;option value=&quot;19&quot;&gt;
                                    1900H
                                 &lt;/option&gt;
                                 &lt;option value=&quot;20&quot;&gt;
                                    2000H
                                 &lt;/option&gt;
                                 &lt;option value=&quot;21&quot;&gt;
                                    2100H
                                 &lt;/option&gt;
                                 &lt;option value=&quot;22&quot;&gt;
                                    2200H
                                 &lt;/option&gt;
                                 &lt;option value=&quot;23&quot;&gt;
                                    2300H
                                 &lt;/option&gt;
                                 &lt;option selected=&quot;selected&quot; value=&quot;24&quot;&gt;
                                    2359H
                                 &lt;/option&gt;
                              &lt;/select&gt;
                           &lt;/div&gt;
                        &lt;/div&gt;
                        &lt;div class=&quot;row radio&quot;&gt;
                           &lt;div class=&quot;col-md-3&quot; data-original-title=&quot;Select this option to have the feedback responses be immediately visible&lt;br /&gt;when the session becomes visible to users.&quot; data-placement=&quot;top&quot; data-toggle=&quot;tooltip&quot; title=&quot;&quot;&gt;
                              &lt;label for=&quot;resultsVisibleFromButton_atvisible&quot;&gt;
                                 Immediately
                              &lt;/label&gt;
                              &lt;input id=&quot;resultsVisibleFromButton_atvisible&quot; name=&quot;resultsVisibleFromButton&quot; type=&quot;radio&quot; value=&quot;atvisible&quot;/&gt;
                                                         &lt;/div&gt;
                        &lt;/div&gt;
                        &lt;div class=&quot;row radio&quot;&gt;
                           &lt;div class=&quot;col-md-4&quot; data-original-title=&quot;Select this option if you intend to manually publish the session later on.&quot; data-placement=&quot;top&quot; data-toggle=&quot;tooltip&quot; title=&quot;&quot;&gt;
                              &lt;label for=&quot;resultsVisibleFromButton_later&quot;&gt;
                                 Publish
                                            manually
                              &lt;/label&gt;
                              &lt;input checked=&quot;checked&quot; id=&quot;resultsVisibleFromButton_later&quot; name=&quot;resultsVisibleFromButton&quot; type=&quot;radio&quot; value=&quot;later&quot;/&gt;
                                                         &lt;/div&gt;
                        &lt;/div&gt;
                        &lt;div class=&quot;row radio&quot;&gt;
                           &lt;div class=&quot;col-md-2&quot; data-original-title=&quot;Select this option if you intend never to publish the responses.&quot; data-placement=&quot;top&quot; data-toggle=&quot;tooltip&quot; title=&quot;&quot;&gt;
                              &lt;label for=&quot;resultsVisibleFromButton_never&quot;&gt;
                                 Never
                              &lt;/label&gt;
                              &lt;input id=&quot;resultsVisibleFromButton_never&quot; name=&quot;resultsVisibleFromButton&quot; type=&quot;radio&quot; value=&quot;never&quot;/&gt;
                                                         &lt;/div&gt;
                        &lt;/div&gt;
                     &lt;/div&gt;
                  &lt;/div&gt;
               &lt;/div&gt;
            &lt;/div&gt;
            &lt;div class=&quot;panel panel-primary&quot; id=&quot;sendEmailsForPanel&quot; style=&quot;display:none;&quot;&gt;
               &lt;div class=&quot;panel-body&quot;&gt;
                  &lt;div class=&quot;row&quot;&gt;
                     &lt;div class=&quot;col-md-12&quot;&gt;
                        &lt;label class=&quot;control-label&quot;&gt;
                           Send
                                    emails for
                        &lt;/label&gt;
                     &lt;/div&gt;
                  &lt;/div&gt;
                  &lt;div class=&quot;row&quot;&gt;
                     &lt;div class=&quot;col-sm-3&quot; data-original-title=&quot;Select this option to automatically send an email to students to notify them when the session is open for submission.&quot; data-placement=&quot;top&quot; data-toggle=&quot;tooltip&quot; title=&quot;&quot;&gt;
                        &lt;div class=&quot;checkbox&quot;&gt;
                           &lt;label&gt;
                              Session opening
                                        reminder
                           &lt;/label&gt;
                           &lt;input checked=&quot;checked&quot; id=&quot;sendreminderemail_open&quot; name=&quot;sendreminderemail&quot; type=&quot;checkbox&quot; value=&quot;FEEDBACK_OPENING&quot;/&gt;
                                                   &lt;/div&gt;
                     &lt;/div&gt;
                     &lt;div class=&quot;col-sm-3&quot; data-original-title=&quot;Select this option to automatically send an email to students to remind them to submit 24 hours before the end of the session.&quot; data-placement=&quot;top&quot; data-toggle=&quot;tooltip&quot; title=&quot;&quot;&gt;
                        &lt;div class=&quot;checkbox&quot;&gt;
                           &lt;label for=&quot;sendreminderemail_closing&quot;&gt;
                              Session
                                        closing reminder
                           &lt;/label&gt;
                           &lt;input checked=&quot;checked&quot; id=&quot;sendreminderemail_closing&quot; name=&quot;sendreminderemail&quot; type=&quot;checkbox&quot; value=&quot;FEEDBACK_CLOSING&quot;/&gt;
                                                   &lt;/div&gt;
                     &lt;/div&gt;
                     &lt;div class=&quot;col-sm-4&quot; data-original-title=&quot;Select this option to automatically send an email to students to notify them when the session results is published.&quot; data-placement=&quot;top&quot; data-toggle=&quot;tooltip&quot; title=&quot;&quot;&gt;
                        &lt;div class=&quot;checkbox&quot;&gt;
                           &lt;label for=&quot;sendreminderemail_published&quot;&gt;
                              Results
                                        published announcement
                           &lt;/label&gt;
                           &lt;input checked=&quot;checked&quot; id=&quot;sendreminderemail_published&quot; name=&quot;sendreminderemail&quot; type=&quot;checkbox&quot; value=&quot;FEEDBACK_PUBLISHED&quot;/&gt;
                                                   &lt;/div&gt;
                     &lt;/div&gt;
                  &lt;/div&gt;
               &lt;/div&gt;
            &lt;/div&gt;
            &lt;div class=&quot;form-group&quot;&gt;
               &lt;div class=&quot;col-md-offset-5 col-md-3&quot;&gt;
                  &lt;button class=&quot;btn btn-primary&quot; id=&quot;button_submit&quot; type=&quot;submit&quot;&gt;
                     Create Feedback Session
                  &lt;/button&gt;
               &lt;/div&gt;
            &lt;/div&gt;
            &lt;input name=&quot;user&quot; type=&quot;hidden&quot; value=&quot;teammates.coord_123&quot;/&gt;
                     &lt;/form&gt;
         &lt;form action=&quot;/page/instructorFeedbacksPage&quot; class=&quot;ajaxForSessionsForm&quot; id=&quot;ajaxForSessions&quot; style=&quot;display:none;&quot;&gt;
            &lt;input name=&quot;user&quot; type=&quot;hidden&quot; value=&quot;teammates.coord_123&quot;/&gt;
                        &lt;input name=&quot;isusingAjax&quot; type=&quot;hidden&quot; value=&quot;on&quot;/&gt;
                     &lt;/form&gt;
         &lt;br/&gt;
                  &lt;br/&gt;
               &lt;/div&gt;
      &lt;br/&gt;
            &lt;div class=&quot;alert alert-warning&quot; id=&quot;statusMessage&quot;&gt;
         Reminder e-mails have been sent out to those students and instructors. Please allow up to 1 hour for all the notification emails to be sent out.
      &lt;/div&gt;
      &lt;script type=&quot;text/javascript&quot;&gt;
         document.getElementById( &#039;statusMessage&#039; ).scrollIntoView();
      &lt;/script&gt;
      &lt;br/&gt;
            &lt;div aria-hidden=&quot;true&quot; aria-labelledby=&quot;copyModalTitle&quot; class=&quot;modal fade&quot; id=&quot;copyModal&quot; role=&quot;dialog&quot; tabindex=&quot;-1&quot;&gt;
         &lt;div class=&quot;modal-dialog&quot;&gt;
            &lt;div class=&quot;modal-content&quot;&gt;
               &lt;div class=&quot;modal-header&quot;&gt;
                  &lt;button class=&quot;close&quot; data-dismiss=&quot;modal&quot; type=&quot;button&quot;&gt;
                     &lt;span aria-hidden=&quot;true&quot;&gt;
                        ×
                     &lt;/span&gt;
                     &lt;span class=&quot;sr-only&quot;&gt;
                        Close
                     &lt;/span&gt;
                  &lt;/button&gt;
                  &lt;h4 class=&quot;modal-title&quot; id=&quot;copyModalTitle&quot;&gt;
                     Creating a new session by copying a previous session
                  &lt;/h4&gt;
               &lt;/div&gt;
               &lt;div class=&quot;modal-body&quot; id=&quot;copySessionsBody&quot;&gt;
                  &lt;form action=&quot;/page/instructorFeedbackCopy&quot; class=&quot;form&quot; id=&quot;copyModalForm&quot; method=&quot;post&quot; role=&quot;form&quot;&gt;
                     &lt;div class=&quot;form-group&quot;&gt;
                        &lt;label class=&quot;control-label&quot; for=&quot;modalCopiedCourseId&quot;&gt;
                           Create in course
                        &lt;/label&gt;
                        &lt;select class=&quot;form-control&quot; id=&quot;modalCopiedCourseId&quot; name=&quot;copiedcourseid&quot;&gt;
                           &lt;option value=&quot;AHPUiT.instr1.gma-demo&quot;&gt;
                              AHPUiT.instr1.gma-demo
                           &lt;/option&gt;
                        &lt;/select&gt;
                     &lt;/div&gt;
                     &lt;div class=&quot;form-group&quot;&gt;
                        &lt;label class=&quot;control-label&quot; for=&quot;modalCopiedSessionName&quot;&gt;
                           Name for new session
                        &lt;/label&gt;
                        &lt;input class=&quot;form-control&quot; id=&quot;modalCopiedSessionName&quot; maxlength=&quot;38&quot; name=&quot;copiedfsname&quot; placeholder=&quot;e.g. Feedback for Project Presentation 1&quot; type=&quot;text&quot; value=&quot;&quot;/&gt;
                                             &lt;/div&gt;
                     &lt;label&gt;
                        Copy sessions/questions from
                     &lt;/label&gt;
                     &lt;table class=&quot;table-responsive table table-bordered table-hover margin-0&quot; id=&quot;copyTableModal&quot;&gt;
                        &lt;thead class=&quot;fill-primary&quot;&gt;
                           &lt;tr&gt;
                              &lt;th style=&quot;width:20px;&quot;&gt;
                                  
                              &lt;/th&gt;
                              &lt;th&gt;
                                 Course ID
                              &lt;/th&gt;
                              &lt;th&gt;
                                 Feedback Session Name
                              &lt;/th&gt;
                           &lt;/tr&gt;
                        &lt;/thead&gt;
                        &lt;tbody&gt;
                           &lt;tr style=&quot;cursor:pointer;&quot;&gt;
                              &lt;td&gt;
                                 &lt;input type=&quot;radio&quot;/&gt;
                                                               &lt;/td&gt;
                              &lt;td&gt;
                                 AHPUiT.instr1.gma-demo
                              &lt;/td&gt;
                              &lt;td&gt;
                                 Second team feedback session
                              &lt;/td&gt;
                           &lt;/tr&gt;
                           &lt;tr style=&quot;cursor:pointer;&quot;&gt;
                              &lt;td&gt;
                                 &lt;input type=&quot;radio&quot;/&gt;
                                                               &lt;/td&gt;
                              &lt;td&gt;
                                 AHPUiT.instr1.gma-demo
                              &lt;/td&gt;
                              &lt;td&gt;
                                 First team feedback session
                              &lt;/td&gt;
                           &lt;/tr&gt;
                           &lt;tr style=&quot;cursor:pointer;&quot;&gt;
                              &lt;td&gt;
                                 &lt;input type=&quot;radio&quot;/&gt;
                                                               &lt;/td&gt;
                              &lt;td&gt;
                                 AHPUiT.instr1.gma-demo
                              &lt;/td&gt;
                              &lt;td&gt;
                                 Session with different question types
                              &lt;/td&gt;
                           &lt;/tr&gt;
                        &lt;/tbody&gt;
                     &lt;/table&gt;
                     &lt;input id=&quot;modalSessionName&quot; name=&quot;fsname&quot; type=&quot;hidden&quot; value=&quot;&quot;/&gt;
                                          &lt;input id=&quot;modalCourseId&quot; name=&quot;courseid&quot; type=&quot;hidden&quot; value=&quot;&quot;/&gt;
                                          &lt;input name=&quot;user&quot; type=&quot;hidden&quot; value=&quot;teammates.coord_123&quot;/&gt;
                                       &lt;/form&gt;
               &lt;/div&gt;
               &lt;div class=&quot;modal-footer margin-0&quot;&gt;
                  &lt;button class=&quot;btn btn-primary&quot; disabled=&quot;disabled&quot; id=&quot;button_copy_submit&quot; type=&quot;button&quot;&gt;
                     Copy
                  &lt;/button&gt;
                  &lt;button class=&quot;btn btn-default&quot; data-dismiss=&quot;modal&quot; type=&quot;button&quot;&gt;
                     Cancel
                  &lt;/button&gt;
               &lt;/div&gt;
            &lt;/div&gt;
         &lt;/div&gt;
      &lt;/div&gt;
      &lt;table class=&quot;table-responsive table table-striped table-bordered&quot; id=&quot;table-sessions&quot;&gt;
         &lt;thead&gt;
            &lt;tr class=&quot;fill-primary&quot;&gt;
               &lt;th class=&quot;button-sort-ascending&quot; id=&quot;button_sortid&quot; onclick=&quot;toggleSort(this,1);&quot;&gt;
                  Course ID
                  &lt;span class=&quot;icon-sort unsorted&quot;&gt;
                  &lt;/span&gt;
               &lt;/th&gt;
               &lt;th class=&quot;button-sort-none&quot; id=&quot;button_sortname&quot; onclick=&quot;toggleSort(this,2)&quot;&gt;
                  Session Name
                  &lt;span class=&quot;icon-sort unsorted&quot;&gt;
                  &lt;/span&gt;
               &lt;/th&gt;
               &lt;th&gt;
                  Status
               &lt;/th&gt;
               &lt;th&gt;
                  &lt;span data-placement=&quot;top&quot; data-toggle=&quot;tooltip&quot; title=&quot;Number of students submitted / Class size&quot;&gt;
                     Response Rate
                  &lt;/span&gt;
               &lt;/th&gt;
               &lt;th class=&quot;no-print&quot;&gt;
                  Action(s)
               &lt;/th&gt;
            &lt;/tr&gt;
         &lt;/thead&gt;
         &lt;tbody&gt;
            &lt;tr class=&quot;sessionsRow&quot; id=&quot;session0&quot;&gt;
               &lt;td&gt;
                  AHPUiT.instr1.gma-demo
               &lt;/td&gt;
               &lt;td&gt;
                  Second team feedback session
               &lt;/td&gt;
               &lt;td&gt;
                  &lt;span data-placement=&quot;top&quot; data-toggle=&quot;tooltip&quot; title=&quot;The feedback session has been created, is visible, and is open for submissions.&lt;br &gt;&lt;/span&gt;The responses for this session are visible.&quot;&gt;
                     Open
                  &lt;/span&gt;
               &lt;/td&gt;
               &lt;td class=&quot;session-response-for-test recent&quot;&gt;
                  0 / 9
               &lt;/td&gt;
               &lt;td class=&quot;no-print&quot;&gt;
                  &lt;a class=&quot;btn btn-default btn-xs btn-tm-actions session-view-for-test&quot; data-placement=&quot;top&quot; data-toggle=&quot;tooltip&quot; href=&quot;/page/instructorFeedbackResultsPage?courseid=AHPUiT.instr1.gma-demo&amp;fsname=Second+team+feedback+session&amp;user=teammates.coord_123&quot; title=&quot;View the submitted responses for this feedback session&quot;&gt;
                     View Results
                  &lt;/a&gt;
                  &lt;a class=&quot;btn btn-default btn-xs btn-tm-actions session-edit-for-test&quot; data-placement=&quot;top&quot; data-toggle=&quot;tooltip&quot; href=&quot;/page/instructorFeedbackEditPage?courseid=AHPUiT.instr1.gma-demo&amp;fsname=Second+team+feedback+session&amp;user=teammates.coord_123&quot; title=&quot;Edit feedback session details&quot;&gt;
                     Edit
                  &lt;/a&gt;
                  &lt;a class=&quot;btn btn-default btn-xs btn-tm-actions session-delete-for-test&quot; data-placement=&quot;top&quot; data-toggle=&quot;tooltip&quot; href=&quot;/page/instructorFeedbackDelete?courseid=AHPUiT.instr1.gma-demo&amp;fsname=Second+team+feedback+session&amp;next=%2Fpage%2FinstructorFeedbacksPage%3Fuser%3Dteammates.coord_123&amp;user=teammates.coord_123&quot; onclick=&quot;return toggleDeleteFeedbackSessionConfirmation(&#039;AHPUiT.instr1.gma-demo&#039;,&#039;Second team feedback session&#039;);&quot; title=&quot;Delete the feedback session&quot;&gt;
                     Delete
                  &lt;/a&gt;
                  &lt;a class=&quot;btn btn-default btn-xs btn-tm-actions session-submit-for-test&quot; data-placement=&quot;top&quot; data-toggle=&quot;tooltip&quot; href=&quot;/page/instructorFeedbackSubmissionEditPage?courseid=AHPUiT.instr1.gma-demo&amp;fsname=Second+team+feedback+session&amp;user=teammates.coord_123&quot; title=&quot;Start submitting feedback&quot;&gt;
                     Submit
                  &lt;/a&gt;
                  &lt;a class=&quot;btn btn-default btn-xs btn-tm-actions session-remind-for-test&quot; data-placement=&quot;top&quot; data-toggle=&quot;tooltip&quot; href=&quot;/page/instructorFeedbackRemind?courseid=AHPUiT.instr1.gma-demo&amp;fsname=Second+team+feedback+session&amp;user=teammates.coord_123&quot; onclick=&quot;return toggleRemindStudents(&#039;Second team feedback session&#039;);&quot; title=&quot;Send e-mails to remind students and instructors who have not submitted their feedbacks to do so&quot;&gt;
                     Remind
                  &lt;/a&gt;
                  &lt;a class=&quot;btn btn-default btn-xs btn-tm-actions session-unpublish-for-test&quot; data-placement=&quot;top&quot; data-toggle=&quot;tooltip&quot; href=&quot;/page/instructorFeedbackUnpublish?courseid=AHPUiT.instr1.gma-demo&amp;fsname=Second+team+feedback+session&amp;next=%2Fpage%2FinstructorFeedbacksPage%3Fuser%3Dteammates.coord_123&amp;user=teammates.coord_123&quot; onclick=&quot;return toggleUnpublishEvaluation(&#039;Second team feedback session&#039;);&quot; title=&quot;Make responses no longer visible&quot;&gt;
                     Unpublish
                  &lt;/a&gt;
               &lt;/td&gt;
            &lt;/tr&gt;
            &lt;tr class=&quot;sessionsRow&quot; id=&quot;session1&quot;&gt;
               &lt;td&gt;
                  AHPUiT.instr1.gma-demo
               &lt;/td&gt;
               &lt;td&gt;
                  First team feedback session
               &lt;/td&gt;
               &lt;td&gt;
                  &lt;span data-placement=&quot;top&quot; data-toggle=&quot;tooltip&quot; title=&quot;The feedback session has been created, is visible, and has ended.&lt;br &gt;&lt;/span&gt;The responses for this session are visible.&quot;&gt;
                     Published
                  &lt;/span&gt;
               &lt;/td&gt;
               &lt;td class=&quot;session-response-for-test&quot;&gt;
                  &lt;a href=&quot;/page/feedbackSessionStatsPage?courseid=AHPUiT.instr1.gma-demo&amp;fsname=First+team+feedback+session&amp;user=teammates.coord_123&quot; oncontextmenu=&quot;return false;&quot;&gt;
                     Show
                  &lt;/a&gt;
               &lt;/td&gt;
               &lt;td class=&quot;no-print&quot;&gt;
                  &lt;a class=&quot;btn btn-default btn-xs btn-tm-actions session-view-for-test&quot; data-placement=&quot;top&quot; data-toggle=&quot;tooltip&quot; href=&quot;/page/instructorFeedbackResultsPage?courseid=AHPUiT.instr1.gma-demo&amp;fsname=First+team+feedback+session&amp;user=teammates.coord_123&quot; title=&quot;View the submitted responses for this feedback session&quot;&gt;
                     View Results
                  &lt;/a&gt;
                  &lt;a class=&quot;btn btn-default btn-xs btn-tm-actions session-edit-for-test&quot; data-placement=&quot;top&quot; data-toggle=&quot;tooltip&quot; href=&quot;/page/instructorFeedbackEditPage?courseid=AHPUiT.instr1.gma-demo&amp;fsname=First+team+feedback+session&amp;user=teammates.coord_123&quot; title=&quot;Edit feedback session details&quot;&gt;
                     Edit
                  &lt;/a&gt;
                  &lt;a class=&quot;btn btn-default btn-xs btn-tm-actions session-delete-for-test&quot; data-placement=&quot;top&quot; data-toggle=&quot;tooltip&quot; href=&quot;/page/instructorFeedbackDelete?courseid=AHPUiT.instr1.gma-demo&amp;fsname=First+team+feedback+session&amp;next=%2Fpage%2FinstructorFeedbacksPage%3Fuser%3Dteammates.coord_123&amp;user=teammates.coord_123&quot; onclick=&quot;return toggleDeleteFeedbackSessionConfirmation(&#039;AHPUiT.instr1.gma-demo&#039;,&#039;First team feedback session&#039;);&quot; title=&quot;Delete the feedback session&quot;&gt;
                     Delete
                  &lt;/a&gt;
                  &lt;a class=&quot;btn btn-default btn-xs btn-tm-actions session-submit-for-test&quot; data-placement=&quot;top&quot; data-toggle=&quot;tooltip&quot; href=&quot;/page/instructorFeedbackSubmissionEditPage?courseid=AHPUiT.instr1.gma-demo&amp;fsname=First+team+feedback+session&amp;user=teammates.coord_123&quot; title=&quot;Start submitting feedback&quot;&gt;
                     Submit
                  &lt;/a&gt;
                  &lt;a class=&quot;btn btn-default btn-xs btn-tm-actions session-remind-for-test disabled&quot; data-placement=&quot;top&quot; data-toggle=&quot;tooltip&quot; href=&quot;/page/instructorFeedbackRemind?courseid=AHPUiT.instr1.gma-demo&amp;fsname=First+team+feedback+session&amp;user=teammates.coord_123&quot; onclick=&quot;return false&quot; title=&quot;Send e-mails to remind students and instructors who have not submitted their feedbacks to do so&quot;&gt;
                     Remind
                  &lt;/a&gt;
                  &lt;a class=&quot;btn btn-default btn-xs btn-tm-actions session-unpublish-for-test&quot; data-placement=&quot;top&quot; data-toggle=&quot;tooltip&quot; href=&quot;/page/instructorFeedbackUnpublish?courseid=AHPUiT.instr1.gma-demo&amp;fsname=First+team+feedback+session&amp;next=%2Fpage%2FinstructorFeedbacksPage%3Fuser%3Dteammates.coord_123&amp;user=teammates.coord_123&quot; onclick=&quot;return toggleUnpublishEvaluation(&#039;First team feedback session&#039;);&quot; title=&quot;Make responses no longer visible&quot;&gt;
                     Unpublish
                  &lt;/a&gt;
               &lt;/td&gt;
            &lt;/tr&gt;
            &lt;tr class=&quot;sessionsRow&quot; id=&quot;session2&quot;&gt;
               &lt;td&gt;
                  AHPUiT.instr1.gma-demo
               &lt;/td&gt;
               &lt;td&gt;
                  Session with different question types
               &lt;/td&gt;
               &lt;td&gt;
                  &lt;span data-placement=&quot;top&quot; data-toggle=&quot;tooltip&quot; title=&quot;The feedback session has been created, is visible, and has ended.&lt;br &gt;&lt;/span&gt;The responses for this session are visible.&quot;&gt;
                     Published
                  &lt;/span&gt;
               &lt;/td&gt;
               &lt;td class=&quot;session-response-for-test&quot;&gt;
                  &lt;a href=&quot;/page/feedbackSessionStatsPage?courseid=AHPUiT.instr1.gma-demo&amp;fsname=Session+with+different+question+types&amp;user=teammates.coord_123&quot; oncontextmenu=&quot;return false;&quot;&gt;
                     Show
                  &lt;/a&gt;
               &lt;/td&gt;
               &lt;td class=&quot;no-print&quot;&gt;
                  &lt;a class=&quot;btn btn-default btn-xs btn-tm-actions session-view-for-test&quot; data-placement=&quot;top&quot; data-toggle=&quot;tooltip&quot; href=&quot;/page/instructorFeedbackResultsPage?courseid=AHPUiT.instr1.gma-demo&amp;fsname=Session+with+different+question+types&amp;user=teammates.coord_123&quot; title=&quot;View the submitted responses for this feedback session&quot;&gt;
                     View Results
                  &lt;/a&gt;
                  &lt;a class=&quot;btn btn-default btn-xs btn-tm-actions session-edit-for-test&quot; data-placement=&quot;top&quot; data-toggle=&quot;tooltip&quot; href=&quot;/page/instructorFeedbackEditPage?courseid=AHPUiT.instr1.gma-demo&amp;fsname=Session+with+different+question+types&amp;user=teammates.coord_123&quot; title=&quot;Edit feedback session details&quot;&gt;
                     Edit
                  &lt;/a&gt;
                  &lt;a class=&quot;btn btn-default btn-xs btn-tm-actions session-delete-for-test&quot; data-placement=&quot;top&quot; data-toggle=&quot;tooltip&quot; href=&quot;/page/instructorFeedbackDelete?courseid=AHPUiT.instr1.gma-demo&amp;fsname=Session+with+different+question+types&amp;next=%2Fpage%2FinstructorFeedbacksPage%3Fuser%3Dteammates.coord_123&amp;user=teammates.coord_123&quot; onclick=&quot;return toggleDeleteFeedbackSessionConfirmation(&#039;AHPUiT.instr1.gma-demo&#039;,&#039;Session with different question types&#039;);&quot; title=&quot;Delete the feedback session&quot;&gt;
                     Delete
                  &lt;/a&gt;
                  &lt;a class=&quot;btn btn-default btn-xs btn-tm-actions session-submit-for-test&quot; data-placement=&quot;top&quot; data-toggle=&quot;tooltip&quot; href=&quot;/page/instructorFeedbackSubmissionEditPage?courseid=AHPUiT.instr1.gma-demo&amp;fsname=Session+with+different+question+types&amp;user=teammates.coord_123&quot; title=&quot;Start submitting feedback&quot;&gt;
                     Submit
                  &lt;/a&gt;
                  &lt;a class=&quot;btn btn-default btn-xs btn-tm-actions session-remind-for-test disabled&quot; data-placement=&quot;top&quot; data-toggle=&quot;tooltip&quot; href=&quot;/page/instructorFeedbackRemind?courseid=AHPUiT.instr1.gma-demo&amp;fsname=Session+with+different+question+types&amp;user=teammates.coord_123&quot; onclick=&quot;return false&quot; title=&quot;Send e-mails to remind students and instructors who have not submitted their feedbacks to do so&quot;&gt;
                     Remind
                  &lt;/a&gt;
                  &lt;a class=&quot;btn btn-default btn-xs btn-tm-actions session-unpublish-for-test&quot; data-placement=&quot;top&quot; data-toggle=&quot;tooltip&quot; href=&quot;/page/instructorFeedbackUnpublish?courseid=AHPUiT.instr1.gma-demo&amp;fsname=Session+with+different+question+types&amp;next=%2Fpage%2FinstructorFeedbacksPage%3Fuser%3Dteammates.coord_123&amp;user=teammates.coord_123&quot; onclick=&quot;return toggleUnpublishEvaluation(&#039;Session with different question types&#039;);&quot; title=&quot;Make responses no longer visible&quot;&gt;
                     Unpublish
                  &lt;/a&gt;
               &lt;/td&gt;
            &lt;/tr&gt;
         &lt;/tbody&gt;
      &lt;/table&gt;
      &lt;br/&gt;
            &lt;br/&gt;
            &lt;br/&gt;
         &lt;/div&gt;

&lt;/expected]&gt;&gt; but was:&lt;&lt;[actual&gt;
   &lt;div class=&quot;container theme-showcase&quot; id=&quot;frameBodyWrapper&quot;&gt;
      &lt;div id=&quot;topOfPage&quot;&gt;
      &lt;/div&gt;
      &lt;h1&gt;
         Add New Feedback Session
      &lt;/h1&gt;
      &lt;div class=&quot;well well-plain&quot;&gt;
         &lt;form action=&quot;/page/instructorFeedbackAdd&quot; class=&quot;form-group&quot; method=&quot;post&quot; name=&quot;form_addfeedbacksession&quot;&gt;
            &lt;div class=&quot;row&quot;&gt;
               &lt;h4 class=&quot;label-control col-md-2 text-md&quot;&gt;
                  Create new
               &lt;/h4&gt;
               &lt;div class=&quot;col-md-5&quot;&gt;
                  &lt;div class=&quot;col-md-10&quot; data-original-title=&quot;Select a session type here.&quot; data-placement=&quot;top&quot; data-toggle=&quot;tooltip&quot; title=&quot;&quot;&gt;
                     &lt;select class=&quot;form-control&quot; id=&quot;fstype&quot; name=&quot;fstype&quot;&gt;
                        &lt;option value=&quot;STANDARD&quot;&gt;
                           Session with your own questions
                        &lt;/option&gt;
                        &lt;option selected=&quot;selected&quot; value=&quot;TEAMEVALUATION&quot;&gt;
                           Team peer evaluation session
                        &lt;/option&gt;
                     &lt;/select&gt;
                  &lt;/div&gt;
                  &lt;div class=&quot;col-md-1&quot;&gt;
                     &lt;h5&gt;
                        &lt;a href=&quot;/instructorHelp.html#fbSetupSession&quot; target=&quot;_blank&quot;&gt;
                           &lt;span class=&quot;glyphicon glyphicon-info-sign&quot;&gt;
                           &lt;/span&gt;
                        &lt;/a&gt;
                     &lt;/h5&gt;
                  &lt;/div&gt;
               &lt;/div&gt;
               &lt;h4 class=&quot;label-control col-md-1 text-md&quot;&gt;
                  Or:
               &lt;/h4&gt;
               &lt;div class=&quot;col-md-3&quot;&gt;
                  &lt;a class=&quot;btn btn-info&quot; id=&quot;button_copy&quot; style=&quot;vertical-align:middle;&quot;&gt;
                     Copy
                            from previous feedback sessions
                  &lt;/a&gt;
               &lt;/div&gt;
            &lt;/div&gt;
            &lt;br/&gt;
                        &lt;div class=&quot;panel panel-primary&quot;&gt;
               &lt;div class=&quot;panel-body&quot;&gt;
                  &lt;div class=&quot;row&quot;&gt;
                     &lt;div class=&quot;col-md-6&quot; data-original-title=&quot;Please select the course for which the feedback session is to be created.&quot; data-placement=&quot;top&quot; data-toggle=&quot;tooltip&quot; title=&quot;&quot;&gt;
                        &lt;div class=&quot;form-group&quot;&gt;
                           &lt;h5 class=&quot;col-sm-4&quot;&gt;
                              &lt;label class=&quot;control-label&quot; for=&quot;courseid&quot;&gt;
                                 Course
                              &lt;/label&gt;
                           &lt;/h5&gt;
                           &lt;div class=&quot;col-sm-8&quot;&gt;
                              &lt;select class=&quot;form-control&quot; id=&quot;courseid&quot; name=&quot;courseid&quot;&gt;
                                 &lt;option value=&quot;AHPUiT.instr1.gma-demo&quot;&gt;
                                    AHPUiT.instr1.gma-demo
                                 &lt;/option&gt;
                              &lt;/select&gt;
                           &lt;/div&gt;
                        &lt;/div&gt;
                     &lt;/div&gt;
                     &lt;div class=&quot;col-md-6&quot; data-original-title=&quot;You should not need to change this as your timezone is auto-detected. &lt;br /&gt;&lt;br /&gt;However, note that daylight saving is not taken into account i.e. if you are in UTC -8:00 and there is daylight saving, you should choose UTC -7:00 and its corresponding timings.&quot; data-placement=&quot;top&quot; data-toggle=&quot;tooltip&quot; title=&quot;&quot;&gt;
                        &lt;div class=&quot;form-group&quot;&gt;
                           &lt;h5 class=&quot;col-sm-4&quot;&gt;
                              &lt;label class=&quot;control-label&quot; for=&quot;timezone&quot;&gt;
                                 Timezone
                              &lt;/label&gt;
                           &lt;/h5&gt;
                           &lt;div class=&quot;col-sm-8&quot;&gt;
                              &lt;select class=&quot;form-control&quot; id=&quot;timezone&quot; name=&quot;timezone&quot;&gt;
                                 &lt;option value=&quot;-12&quot;&gt;
                                    (UTC -12:00) Baker Island, Howland Island
                                 &lt;/option&gt;
                                 &lt;option value=&quot;-11&quot;&gt;
                                    (UTC -11:00) American Samoa, Niue
                                 &lt;/option&gt;
                                 &lt;option value=&quot;-10&quot;&gt;
                                    (UTC -10:00) Hawaii, Cook Islands, Marquesas Islands
                                 &lt;/option&gt;
                                 &lt;option value=&quot;-9&quot;&gt;
                                    (UTC -09:00) Gambier Islands, Alaska
                                 &lt;/option&gt;
                                 &lt;option value=&quot;-8&quot;&gt;
                                    (UTC -08:00) Los Angeles, Vancouver, Tijuana
                                 &lt;/option&gt;
                                 &lt;option value=&quot;-7&quot;&gt;
                                    (UTC -07:00) Phoenix, Calgary, Ciudad Juárez
                                 &lt;/option&gt;
                                 &lt;option value=&quot;-6&quot;&gt;
                                    (UTC -06:00) Chicago, Guatemala City, Mexico City, San José, San Salvador, Tegucigalpa, Winnipeg
                                 &lt;/option&gt;
                                 &lt;option value=&quot;-5&quot;&gt;
                                    (UTC -05:00) New York, Lima, Toronto, Bogotá, Havana, Kingston
                                 &lt;/option&gt;
                                 &lt;option value=&quot;-4.5&quot;&gt;
                                    (UTC -04:30) Caracas
                                 &lt;/option&gt;
                                 &lt;option value=&quot;-4&quot;&gt;
                                    (UTC -04:00) Santiago, La Paz, San Juan de Puerto Rico, Manaus, Halifax
                                 &lt;/option&gt;
                                 &lt;option value=&quot;-3.5&quot;&gt;
                                    (UTC -03:30) St. John&#039;s
                                 &lt;/option&gt;
                                 &lt;option value=&quot;-3&quot;&gt;
                                    (UTC -03:00) Buenos Aires, Montevideo, São Paulo
                                 &lt;/option&gt;
                                 &lt;option value=&quot;-2&quot;&gt;
                                    (UTC -02:00) Fernando de Noronha, South Georgia and the South Sandwich Islands
                                 &lt;/option&gt;
                                 &lt;option value=&quot;-1&quot;&gt;
                                    (UTC -01:00) Cape Verde, Greenland, Azores islands
                                 &lt;/option&gt;
                                 &lt;option value=&quot;0&quot;&gt;
                                    (UTC) Accra, Abidjan, Casablanca, Dakar, Dublin, Lisbon, London
                                 &lt;/option&gt;
                                 &lt;option value=&quot;1&quot;&gt;
                                    (UTC +01:00) Belgrade, Berlin, Brussels, Lagos, Madrid, Paris, Rome, Tunis, Vienna, Warsaw
                                 &lt;/option&gt;
                                 &lt;option value=&quot;2&quot;&gt;
                                    (UTC +02:00) Athens, Sofia, Cairo, Kiev, Istanbul, Beirut, Helsinki, Jerusalem, Johannesburg, Bucharest
                                 &lt;/option&gt;
                                 &lt;option value=&quot;3&quot;&gt;
                                    (UTC +03:00) Nairobi, Baghdad, Doha, Khartoum, Minsk, Riyadh
                                 &lt;/option&gt;
                                 &lt;option value=&quot;3.5&quot;&gt;
                                    (UTC +03:30) Tehran
                                 &lt;/option&gt;
                                 &lt;option value=&quot;4&quot;&gt;
                                    (UTC +04:00) Baku, Dubai, Moscow
                                 &lt;/option&gt;
                                 &lt;option value=&quot;4.5&quot;&gt;
                                    (UTC +04:30) Kabul
                                 &lt;/option&gt;
                                 &lt;option value=&quot;5&quot;&gt;
                                    (UTC +05:00) Karachi, Tashkent
                                 &lt;/option&gt;
                                 &lt;option value=&quot;5.5&quot;&gt;
                                    (UTC +05:30) Colombo, Delhi
                                 &lt;/option&gt;
                                 &lt;option value=&quot;5.75&quot;&gt;
                                    (UTC +05:45) Kathmandu
                                 &lt;/option&gt;
                                 &lt;option value=&quot;6&quot;&gt;
                                    (UTC +06:00) Almaty, Dhaka, Yekaterinburg
                                 &lt;/option&gt;
                                 &lt;option value=&quot;7&quot;&gt;
                                    (UTC +07:00) Jakarta, Bangkok, Novosibirsk, Hanoi
                                 &lt;/option&gt;
                                 &lt;option value=&quot;8&quot;&gt;
                                    (UTC +08:00) Perth, Beijing, Manila, Singapore, Kuala Lumpur, Denpasar, Krasnoyarsk
                                 &lt;/option&gt;
                                 &lt;option value=&quot;9&quot;&gt;
                                    (UTC +09:00) Seoul, Tokyo, Pyongyang, Ambon, Irkutsk
                                 &lt;/option&gt;
                                 &lt;option value=&quot;10&quot;&gt;
                                    (UTC +10:00) Canberra, Yakutsk, Port Moresby
                                 &lt;/option&gt;
                                 &lt;option value=&quot;11&quot;&gt;
                                    (UTC +11:00) Vladivostok, Noumea
                                 &lt;/option&gt;
                                 &lt;option value=&quot;12&quot;&gt;
                                    (UTC +12:00) Auckland, Suva
                                 &lt;/option&gt;
                                 &lt;option value=&quot;13&quot;&gt;
                                    (UTC +13:00) Phoenix Islands, Tokelau, Tonga
                                 &lt;/option&gt;
                              &lt;/select&gt;
                           &lt;/div&gt;
                        &lt;/div&gt;
                     &lt;/div&gt;
                  &lt;/div&gt;
                  &lt;br/&gt;
                                    &lt;div class=&quot;row&quot;&gt;
                     &lt;div class=&quot;col-md-12&quot; data-original-title=&quot;Enter the name of the feedback session e.g. Feedback Session 1.&quot; data-placement=&quot;top&quot; data-toggle=&quot;tooltip&quot; title=&quot;&quot;&gt;
                        &lt;div class=&quot;form-group&quot;&gt;
                           &lt;h5 class=&quot;col-sm-2&quot;&gt;
                              &lt;label class=&quot;control-label&quot; for=&quot;fsname&quot;&gt;
                                 Session
                                            name
                              &lt;/label&gt;
                           &lt;/h5&gt;
                           &lt;div class=&quot;col-sm-10&quot;&gt;
                              &lt;input class=&quot;form-control&quot; id=&quot;fsname&quot; maxlength=&quot;38&quot; name=&quot;fsname&quot; placeholder=&quot;e.g. Feedback for Project Presentation 1&quot; type=&quot;text&quot; value=&quot;&quot;/&gt;
                                                         &lt;/div&gt;
                        &lt;/div&gt;
                     &lt;/div&gt;
                  &lt;/div&gt;
                  &lt;br/&gt;
                                    &lt;div class=&quot;row&quot; id=&quot;instructionsRow&quot;&gt;
                     &lt;div class=&quot;col-md-12&quot; data-original-title=&quot;Enter instructions for this feedback session. e.g. Avoid comments which are too critical.&lt;br /&gt; It will be displayed at the top of the page when users respond to the session.&quot; data-placement=&quot;top&quot; data-toggle=&quot;tooltip&quot; title=&quot;&quot;&gt;
                        &lt;div class=&quot;form-group&quot;&gt;
                           &lt;h5 class=&quot;col-sm-2&quot;&gt;
                              &lt;label class=&quot;control-label&quot; for=&quot;instructions&quot;&gt;
                                 Instructions
                              &lt;/label&gt;
                           &lt;/h5&gt;
                           &lt;div class=&quot;col-sm-10&quot;&gt;
                              &lt;textarea class=&quot;form-control&quot; cols=&quot;100%&quot; id=&quot;instructions&quot; name=&quot;instructions&quot; placeholder=&quot;e.g. Please answer all the given questions.&quot; rows=&quot;4&quot;&gt;
                                 Please answer all the given questions.
                              &lt;/textarea&gt;
                           &lt;/div&gt;
                        &lt;/div&gt;
                     &lt;/div&gt;
                  &lt;/div&gt;
               &lt;/div&gt;
            &lt;/div&gt;
            &lt;div class=&quot;panel panel-primary&quot; id=&quot;timeFramePanel&quot;&gt;
               &lt;div class=&quot;panel-body&quot;&gt;
                  &lt;div class=&quot;row&quot;&gt;
                     &lt;div class=&quot;col-md-5&quot; data-original-title=&quot;Please select the date and time for which users can start submitting responses for the feedback session.&quot; data-placement=&quot;top&quot; data-toggle=&quot;tooltip&quot; title=&quot;&quot;&gt;
                        &lt;div class=&quot;row&quot;&gt;
                           &lt;div class=&quot;col-md-6&quot;&gt;
                              &lt;label class=&quot;label-control&quot; for=&quot;startdate&quot;&gt;
                                 Submission opening time
                              &lt;/label&gt;
                           &lt;/div&gt;
                        &lt;/div&gt;
                        &lt;div class=&quot;row&quot;&gt;
                           &lt;div class=&quot;col-md-6&quot;&gt;
                              &lt;input class=&quot;form-control col-sm-2 hasDatepicker&quot; id=&quot;startdate&quot; name=&quot;startdate&quot; placeholder=&quot;Date&quot; type=&quot;text&quot; value=&quot;05/11/2014&quot;/&gt;
                                                         &lt;/div&gt;
                           &lt;div class=&quot;col-md-6&quot;&gt;
                              &lt;select class=&quot;form-control&quot; id=&quot;starttime&quot; name=&quot;starttime&quot;&gt;
                                 &lt;option value=&quot;1&quot;&gt;
                                    0100H
                                 &lt;/option&gt;
                                 &lt;option value=&quot;2&quot;&gt;
                                    0200H
                                 &lt;/option&gt;
                                 &lt;option value=&quot;3&quot;&gt;
                                    0300H
                                 &lt;/option&gt;
                                 &lt;option value=&quot;4&quot;&gt;
                                    0400H
                                 &lt;/option&gt;
                                 &lt;option value=&quot;5&quot;&gt;
                                    0500H
                                 &lt;/option&gt;
                                 &lt;option value=&quot;6&quot;&gt;
                                    0600H
                                 &lt;/option&gt;
                                 &lt;option value=&quot;7&quot;&gt;
                                    0700H
                                 &lt;/option&gt;
                                 &lt;option value=&quot;8&quot;&gt;
                                    0800H
                                 &lt;/option&gt;
                                 &lt;option value=&quot;9&quot;&gt;
                                    0900H
                                 &lt;/option&gt;
                                 &lt;option value=&quot;10&quot;&gt;
                                    1000H
                                 &lt;/option&gt;
                                 &lt;option value=&quot;11&quot;&gt;
                                    1100H
                                 &lt;/option&gt;
                                 &lt;option value=&quot;12&quot;&gt;
                                    1200H
                                 &lt;/option&gt;
                                 &lt;option value=&quot;13&quot;&gt;
                                    1300H
                                 &lt;/option&gt;
                                 &lt;option value=&quot;14&quot;&gt;
                                    1400H
                                 &lt;/option&gt;
                                 &lt;option value=&quot;15&quot;&gt;
                                    1500H
                                 &lt;/option&gt;
                                 &lt;option value=&quot;16&quot;&gt;
                                    1600H
                                 &lt;/option&gt;
                                 &lt;option value=&quot;17&quot;&gt;
                                    1700H
                                 &lt;/option&gt;
                                 &lt;option value=&quot;18&quot;&gt;
                                    1800H
                                 &lt;/option&gt;
                                 &lt;option value=&quot;19&quot;&gt;
                                    1900H
                                 &lt;/option&gt;
                                 &lt;option value=&quot;20&quot;&gt;
                                    2000H
                                 &lt;/option&gt;
                                 &lt;option value=&quot;21&quot;&gt;
                                    2100H
                                 &lt;/option&gt;
                                 &lt;option value=&quot;22&quot;&gt;
                                    2200H
                                 &lt;/option&gt;
                                 &lt;option value=&quot;23&quot;&gt;
                                    2300H
                                 &lt;/option&gt;
                                 &lt;option selected=&quot;selected&quot; value=&quot;24&quot;&gt;
                                    2359H
                                 &lt;/option&gt;
                              &lt;/select&gt;
                           &lt;/div&gt;
                        &lt;/div&gt;
                     &lt;/div&gt;
                     &lt;div class=&quot;col-md-5 border-left-gray&quot; data-original-title=&quot;Please select the date and time after which the feedback session will no longer accept submissions from users.&quot; data-placement=&quot;top&quot; data-toggle=&quot;tooltip&quot; title=&quot;&quot;&gt;
                        &lt;div class=&quot;row&quot;&gt;
                           &lt;div class=&quot;col-md-6&quot;&gt;
                              &lt;label class=&quot;label-control&quot; for=&quot;enddate&quot;&gt;
                                 Submission
                                            closing time
                              &lt;/label&gt;
                           &lt;/div&gt;
                        &lt;/div&gt;
                        &lt;div class=&quot;row&quot;&gt;
                           &lt;div class=&quot;col-md-6&quot;&gt;
                              &lt;input class=&quot;form-control col-sm-2 hasDatepicker&quot; id=&quot;enddate&quot; name=&quot;enddate&quot; placeholder=&quot;Date&quot; type=&quot;text&quot; value=&quot;&quot;/&gt;
                                                         &lt;/div&gt;
                           &lt;div class=&quot;col-md-6&quot;&gt;
                              &lt;select class=&quot;form-control&quot; id=&quot;endtime&quot; name=&quot;endtime&quot;&gt;
                                 &lt;option value=&quot;1&quot;&gt;
                                    0100H
                                 &lt;/option&gt;
                                 &lt;option value=&quot;2&quot;&gt;
                                    0200H
                                 &lt;/option&gt;
                                 &lt;option value=&quot;3&quot;&gt;
                                    0300H
                                 &lt;/option&gt;
                                 &lt;option value=&quot;4&quot;&gt;
                                    0400H
                                 &lt;/option&gt;
                                 &lt;option value=&quot;5&quot;&gt;
                                    0500H
                                 &lt;/option&gt;
                                 &lt;option value=&quot;6&quot;&gt;
                                    0600H
                                 &lt;/option&gt;
                                 &lt;option value=&quot;7&quot;&gt;
                                    0700H
                                 &lt;/option&gt;
                                 &lt;option value=&quot;8&quot;&gt;
                                    0800H
                                 &lt;/option&gt;
                                 &lt;option value=&quot;9&quot;&gt;
                                    0900H
                                 &lt;/option&gt;
                                 &lt;option value=&quot;10&quot;&gt;
                                    1000H
                                 &lt;/option&gt;
                                 &lt;option value=&quot;11&quot;&gt;
                                    1100H
                                 &lt;/option&gt;
                                 &lt;option value=&quot;12&quot;&gt;
                                    1200H
                                 &lt;/option&gt;
                                 &lt;option value=&quot;13&quot;&gt;
                                    1300H
                                 &lt;/option&gt;
                                 &lt;option value=&quot;14&quot;&gt;
                                    1400H
                                 &lt;/option&gt;
                                 &lt;option value=&quot;15&quot;&gt;
                                    1500H
                                 &lt;/option&gt;
                                 &lt;option value=&quot;16&quot;&gt;
                                    1600H
                                 &lt;/option&gt;
                                 &lt;option value=&quot;17&quot;&gt;
                                    1700H
                                 &lt;/option&gt;
                                 &lt;option value=&quot;18&quot;&gt;
                                    1800H
                                 &lt;/option&gt;
                                 &lt;option value=&quot;19&quot;&gt;
                                    1900H
                                 &lt;/option&gt;
                                 &lt;option value=&quot;20&quot;&gt;
                                    2000H
                                 &lt;/option&gt;
                                 &lt;option value=&quot;21&quot;&gt;
                                    2100H
                                 &lt;/option&gt;
                                 &lt;option value=&quot;22&quot;&gt;
                                    2200H
                                 &lt;/option&gt;
                                 &lt;option value=&quot;23&quot;&gt;
                                    2300H
                                 &lt;/option&gt;
                                 &lt;option selected=&quot;selected&quot; value=&quot;24&quot;&gt;
                                    2359H
                                 &lt;/option&gt;
                              &lt;/select&gt;
                           &lt;/div&gt;
                        &lt;/div&gt;
                     &lt;/div&gt;
                     &lt;div class=&quot;col-md-2 border-left-gray&quot; data-original-title=&quot;Please select the amount of time that the system will continue accepting &lt;br /&gt;submissions after the specified deadline.&quot; data-placement=&quot;top&quot; data-toggle=&quot;tooltip&quot; title=&quot;&quot;&gt;
                        &lt;div class=&quot;row&quot;&gt;
                           &lt;div class=&quot;col-md-12&quot;&gt;
                              &lt;label class=&quot;control-label&quot; for=&quot;graceperiod&quot;&gt;
                                 Grace period
                              &lt;/label&gt;
                           &lt;/div&gt;
                        &lt;/div&gt;
                        &lt;div class=&quot;row&quot;&gt;
                           &lt;div class=&quot;col-sm-12&quot;&gt;
                              &lt;select class=&quot;form-control&quot; id=&quot;graceperiod&quot; name=&quot;graceperiod&quot;&gt;
                                 &lt;option value=&quot;0&quot;&gt;
                                    0 mins
                                 &lt;/option&gt;
                                 &lt;option value=&quot;5&quot;&gt;
                                    5 mins
                                 &lt;/option&gt;
                                 &lt;option value=&quot;10&quot;&gt;
                                    10 mins
                                 &lt;/option&gt;
                                 &lt;option selected=&quot;selected&quot; value=&quot;15&quot;&gt;
                                    15 mins
                                 &lt;/option&gt;
                                 &lt;option value=&quot;20&quot;&gt;
                                    20 mins
                                 &lt;/option&gt;
                                 &lt;option value=&quot;25&quot;&gt;
                                    25 mins
                                 &lt;/option&gt;
                                 &lt;option value=&quot;30&quot;&gt;
                                    30 mins
                                 &lt;/option&gt;
                              &lt;/select&gt;
                           &lt;/div&gt;
                        &lt;/div&gt;
                     &lt;/div&gt;
                  &lt;/div&gt;
               &lt;/div&gt;
            &lt;/div&gt;
            &lt;div class=&quot;row&quot; id=&quot;uncommonSettingsInfo&quot;&gt;
               &lt;div class=&quot;col-md-12 text-muted&quot;&gt;
                  &lt;span id=&quot;uncommonSettingsInfoText&quot;&gt;
                     Session is visible at submission opening time, responses are only visible when you publish the results.
                     &lt;br/&gt;
                                          Emails are sent when session opens (within 15 mins), 24 hrs before session closes and when results are published.
                  &lt;/span&gt;
                  &lt;a data-done=&quot;[Done]&quot; data-edit=&quot;[Edit]&quot; id=&quot;editUncommonSettingsButton&quot;&gt;
                     [Edit]
                  &lt;/a&gt;
                  &lt;br/&gt;
                                    &lt;br/&gt;
                                 &lt;/div&gt;
            &lt;/div&gt;
            &lt;div class=&quot;panel panel-primary&quot; id=&quot;sessionResponsesVisiblePanel&quot; style=&quot;display:none;&quot;&gt;
               &lt;div class=&quot;panel-body&quot;&gt;
                  &lt;div class=&quot;row&quot;&gt;
                     &lt;div class=&quot;col-md-6&quot;&gt;
                        &lt;div class=&quot;row&quot;&gt;
                           &lt;div class=&quot;col-md-6&quot; data-original-title=&quot;Please select when you want the questions for the feedback session to be visible to users who need to participate. Note that users cannot submit their responses until the submissions opening time set below.&quot; data-placement=&quot;top&quot; data-toggle=&quot;tooltip&quot; title=&quot;&quot;&gt;
                              &lt;label class=&quot;label-control&quot;&gt;
                                 Session visible from
                              &lt;/label&gt;
                           &lt;/div&gt;
                        &lt;/div&gt;
                        &lt;div class=&quot;row radio&quot;&gt;
                           &lt;div class=&quot;col-md-2&quot; data-original-title=&quot;Select this option to enter in a custom date and time for which the feedback session will become visible.&lt;br /&gt;Note that you can make a session visible before it is open for submissions so that users can preview the questions.&quot; data-placement=&quot;top&quot; data-toggle=&quot;tooltip&quot; title=&quot;&quot;&gt;
                              &lt;label for=&quot;sessionVisibleFromButton_custom&quot;&gt;
                                 At
                              &lt;/label&gt;
                              &lt;input id=&quot;sessionVisibleFromButton_custom&quot; name=&quot;sessionVisibleFromButton&quot; type=&quot;radio&quot; value=&quot;custom&quot;/&gt;
                                                         &lt;/div&gt;
                           &lt;div class=&quot;col-md-5&quot;&gt;
                              &lt;input class=&quot;form-control col-sm-2 hasDatepicker&quot; disabled=&quot;disabled&quot; id=&quot;visibledate&quot; name=&quot;visibledate&quot; type=&quot;text&quot; value=&quot;&quot;/&gt;
                                                         &lt;/div&gt;
                           &lt;div class=&quot;col-md-4&quot;&gt;
                              &lt;select class=&quot;form-control&quot; disabled=&quot;disabled&quot; id=&quot;visibletime&quot; name=&quot;visibletime&quot;&gt;
                                 &lt;option value=&quot;1&quot;&gt;
                                    0100H
                                 &lt;/option&gt;
                                 &lt;option value=&quot;2&quot;&gt;
                                    0200H
                                 &lt;/option&gt;
                                 &lt;option value=&quot;3&quot;&gt;
                                    0300H
                                 &lt;/option&gt;
                                 &lt;option value=&quot;4&quot;&gt;
                                    0400H
                                 &lt;/option&gt;
                                 &lt;option value=&quot;5&quot;&gt;
                                    0500H
                                 &lt;/option&gt;
                                 &lt;option value=&quot;6&quot;&gt;
                                    0600H
                                 &lt;/option&gt;
                                 &lt;option value=&quot;7&quot;&gt;
                                    0700H
                                 &lt;/option&gt;
                                 &lt;option value=&quot;8&quot;&gt;
                                    0800H
                                 &lt;/option&gt;
                                 &lt;option value=&quot;9&quot;&gt;
                                    0900H
                                 &lt;/option&gt;
                                 &lt;option value=&quot;10&quot;&gt;
                                    1000H
                                 &lt;/option&gt;
                                 &lt;option value=&quot;11&quot;&gt;
                                    1100H
                                 &lt;/option&gt;
                                 &lt;option value=&quot;12&quot;&gt;
                                    1200H
                                 &lt;/option&gt;
                                 &lt;option value=&quot;13&quot;&gt;
                                    1300H
                                 &lt;/option&gt;
                                 &lt;option value=&quot;14&quot;&gt;
                                    1400H
                                 &lt;/option&gt;
                                 &lt;option value=&quot;15&quot;&gt;
                                    1500H
                                 &lt;/option&gt;
                                 &lt;option value=&quot;16&quot;&gt;
                                    1600H
                                 &lt;/option&gt;
                                 &lt;option value=&quot;17&quot;&gt;
                                    1700H
                                 &lt;/option&gt;
                                 &lt;option value=&quot;18&quot;&gt;
                                    1800H
                                 &lt;/option&gt;
                                 &lt;option value=&quot;19&quot;&gt;
                                    1900H
                                 &lt;/option&gt;
                                 &lt;option value=&quot;20&quot;&gt;
                                    2000H
                                 &lt;/option&gt;
                                 &lt;option value=&quot;21&quot;&gt;
                                    2100H
                                 &lt;/option&gt;
                                 &lt;option value=&quot;22&quot;&gt;
                                    2200H
                                 &lt;/option&gt;
                                 &lt;option value=&quot;23&quot;&gt;
                                    2300H
                                 &lt;/option&gt;
                                 &lt;option selected=&quot;selected&quot; value=&quot;24&quot;&gt;
                                    2359H
                                 &lt;/option&gt;
                              &lt;/select&gt;
                           &lt;/div&gt;
                        &lt;/div&gt;
                        &lt;div class=&quot;row radio&quot;&gt;
                           &lt;div class=&quot;col-md-6&quot; data-original-title=&quot;Select this option to have the feedback session become visible when it is open for submissions (as selected above).&quot; data-placement=&quot;top&quot; data-toggle=&quot;tooltip&quot; title=&quot;&quot;&gt;
                              &lt;label for=&quot;sessionVisibleFromButton_atopen&quot;&gt;
                                 Submission
                                            opening time
                              &lt;/label&gt;
                              &lt;input checked=&quot;checked&quot; id=&quot;sessionVisibleFromButton_atopen&quot; name=&quot;sessionVisibleFromButton&quot; type=&quot;radio&quot; value=&quot;atopen&quot;/&gt;
                                                         &lt;/div&gt;
                        &lt;/div&gt;
                        &lt;div class=&quot;row radio&quot;&gt;
                           &lt;div class=&quot;col-md-6&quot; data-original-title=&quot;Select this option if you want the feedback session to never be visible. Use this option if you want to use this as a private feedback session.&quot; data-placement=&quot;top&quot; data-toggle=&quot;tooltip&quot; title=&quot;&quot;&gt;
                              &lt;label for=&quot;sessionVisibleFromButton_never&quot;&gt;
                                 Never
                                            (this is a private session)
                              &lt;/label&gt;
                              &lt;input id=&quot;sessionVisibleFromButton_never&quot; name=&quot;sessionVisibleFromButton&quot; type=&quot;radio&quot; value=&quot;never&quot;/&gt;
                                                         &lt;/div&gt;
                        &lt;/div&gt;
                     &lt;/div&gt;
                     &lt;div class=&quot;col-md-6 border-left-gray&quot; id=&quot;responsesVisibleFromColumn&quot;&gt;
                        &lt;div class=&quot;row&quot;&gt;
                           &lt;div class=&quot;col-md-6&quot; data-original-title=&quot;Please select when the responses for the feedback session will be visible to the designated recipients.&lt;br /&gt;You can select the response visibility for each type of user and question later.&quot; data-placement=&quot;top&quot; data-toggle=&quot;tooltip&quot; title=&quot;&quot;&gt;
                              &lt;label class=&quot;label-control&quot;&gt;
                                 Responses
                                            visible from
                              &lt;/label&gt;
                           &lt;/div&gt;
                        &lt;/div&gt;
                        &lt;div class=&quot;row radio&quot;&gt;
                           &lt;div class=&quot;col-md-2&quot; data-original-title=&quot;Select this option to use a custom time for when the responses of the feedback session&lt;br /&gt;will be visible to the designated recipients.&quot; data-placement=&quot;top&quot; data-toggle=&quot;tooltip&quot; title=&quot;&quot;&gt;
                              &lt;label for=&quot;resultsVisibleFromButton_custom&quot;&gt;
                                 At
                              &lt;/label&gt;
                              &lt;input id=&quot;resultsVisibleFromButton_custom&quot; name=&quot;resultsVisibleFromButton&quot; type=&quot;radio&quot; value=&quot;custom&quot;/&gt;
                                                         &lt;/div&gt;
                           &lt;div class=&quot;col-md-5&quot;&gt;
                              &lt;input class=&quot;form-control hasDatepicker&quot; disabled=&quot;disabled&quot; id=&quot;publishdate&quot; name=&quot;publishdate&quot; type=&quot;text&quot; value=&quot;&quot;/&gt;
                                                         &lt;/div&gt;
                           &lt;div class=&quot;col-md-4&quot;&gt;
                              &lt;select class=&quot;form-control&quot; data-original-title=&quot;Select this option to enter in a custom date and time for which&lt;/br&gt;the responses for this feedback session will become visible.&quot; data-placement=&quot;top&quot; data-toggle=&quot;tooltip&quot; disabled=&quot;disabled&quot; id=&quot;publishtime&quot; name=&quot;publishtime&quot; title=&quot;&quot;&gt;
                                 &lt;option value=&quot;1&quot;&gt;
                                    0100H
                                 &lt;/option&gt;
                                 &lt;option value=&quot;2&quot;&gt;
                                    0200H
                                 &lt;/option&gt;
                                 &lt;option value=&quot;3&quot;&gt;
                                    0300H
                                 &lt;/option&gt;
                                 &lt;option value=&quot;4&quot;&gt;
                                    0400H
                                 &lt;/option&gt;
                                 &lt;option value=&quot;5&quot;&gt;
                                    0500H
                                 &lt;/option&gt;
                                 &lt;option value=&quot;6&quot;&gt;
                                    0600H
                                 &lt;/option&gt;
                                 &lt;option value=&quot;7&quot;&gt;
                                    0700H
                                 &lt;/option&gt;
                                 &lt;option value=&quot;8&quot;&gt;
                                    0800H
                                 &lt;/option&gt;
                                 &lt;option value=&quot;9&quot;&gt;
                                    0900H
                                 &lt;/option&gt;
                                 &lt;option value=&quot;10&quot;&gt;
                                    1000H
                                 &lt;/option&gt;
                                 &lt;option value=&quot;11&quot;&gt;
                                    1100H
                                 &lt;/option&gt;
                                 &lt;option value=&quot;12&quot;&gt;
                                    1200H
                                 &lt;/option&gt;
                                 &lt;option value=&quot;13&quot;&gt;
                                    1300H
                                 &lt;/option&gt;
                                 &lt;option value=&quot;14&quot;&gt;
                                    1400H
                                 &lt;/option&gt;
                                 &lt;option value=&quot;15&quot;&gt;
                                    1500H
                                 &lt;/option&gt;
                                 &lt;option value=&quot;16&quot;&gt;
                                    1600H
                                 &lt;/option&gt;
                                 &lt;option value=&quot;17&quot;&gt;
                                    1700H
                                 &lt;/option&gt;
                                 &lt;option value=&quot;18&quot;&gt;
                                    1800H
                                 &lt;/option&gt;
                                 &lt;option value=&quot;19&quot;&gt;
                                    1900H
                                 &lt;/option&gt;
                                 &lt;option value=&quot;20&quot;&gt;
                                    2000H
                                 &lt;/option&gt;
                                 &lt;option value=&quot;21&quot;&gt;
                                    2100H
                                 &lt;/option&gt;
                                 &lt;option value=&quot;22&quot;&gt;
                                    2200H
                                 &lt;/option&gt;
                                 &lt;option value=&quot;23&quot;&gt;
                                    2300H
                                 &lt;/option&gt;
                                 &lt;option selected=&quot;selected&quot; value=&quot;24&quot;&gt;
                                    2359H
                                 &lt;/option&gt;
                              &lt;/select&gt;
                           &lt;/div&gt;
                        &lt;/div&gt;
                        &lt;div class=&quot;row radio&quot;&gt;
                           &lt;div class=&quot;col-md-3&quot; data-original-title=&quot;Select this option to have the feedback responses be immediately visible&lt;br /&gt;when the session becomes visible to users.&quot; data-placement=&quot;top&quot; data-toggle=&quot;tooltip&quot; title=&quot;&quot;&gt;
                              &lt;label for=&quot;resultsVisibleFromButton_atvisible&quot;&gt;
                                 Immediately
                              &lt;/label&gt;
                              &lt;input id=&quot;resultsVisibleFromButton_atvisible&quot; name=&quot;resultsVisibleFromButton&quot; type=&quot;radio&quot; value=&quot;atvisible&quot;/&gt;
                                                         &lt;/div&gt;
                        &lt;/div&gt;
                        &lt;div class=&quot;row radio&quot;&gt;
                           &lt;div class=&quot;col-md-4&quot; data-original-title=&quot;Select this option if you intend to manually publish the session later on.&quot; data-placement=&quot;top&quot; data-toggle=&quot;tooltip&quot; title=&quot;&quot;&gt;
                              &lt;label for=&quot;resultsVisibleFromButton_later&quot;&gt;
                                 Publish
                                            manually
                              &lt;/label&gt;
                              &lt;input checked=&quot;checked&quot; id=&quot;resultsVisibleFromButton_later&quot; name=&quot;resultsVisibleFromButton&quot; type=&quot;radio&quot; value=&quot;later&quot;/&gt;
                                                         &lt;/div&gt;
                        &lt;/div&gt;
                        &lt;div class=&quot;row radio&quot;&gt;
                           &lt;div class=&quot;col-md-2&quot; data-original-title=&quot;Select this option if you intend never to publish the responses.&quot; data-placement=&quot;top&quot; data-toggle=&quot;tooltip&quot; title=&quot;&quot;&gt;
                              &lt;label for=&quot;resultsVisibleFromButton_never&quot;&gt;
                                 Never
                              &lt;/label&gt;
                              &lt;input id=&quot;resultsVisibleFromButton_never&quot; name=&quot;resultsVisibleFromButton&quot; type=&quot;radio&quot; value=&quot;never&quot;/&gt;
                                                         &lt;/div&gt;
                        &lt;/div&gt;
                     &lt;/div&gt;
                  &lt;/div&gt;
               &lt;/div&gt;
            &lt;/div&gt;
            &lt;div class=&quot;panel panel-primary&quot; id=&quot;sendEmailsForPanel&quot; style=&quot;display:none;&quot;&gt;
               &lt;div class=&quot;panel-body&quot;&gt;
                  &lt;div class=&quot;row&quot;&gt;
                     &lt;div class=&quot;col-md-12&quot;&gt;
                        &lt;label class=&quot;control-label&quot;&gt;
                           Send
                                    emails for
                        &lt;/label&gt;
                     &lt;/div&gt;
                  &lt;/div&gt;
                  &lt;div class=&quot;row&quot;&gt;
                     &lt;div class=&quot;col-sm-3&quot; data-original-title=&quot;Select this option to automatically send an email to students to notify them when the session is open for submission.&quot; data-placement=&quot;top&quot; data-toggle=&quot;tooltip&quot; title=&quot;&quot;&gt;
                        &lt;div class=&quot;checkbox&quot;&gt;
                           &lt;label&gt;
                              Session opening
                                        reminder
                           &lt;/label&gt;
                           &lt;input checked=&quot;checked&quot; id=&quot;sendreminderemail_open&quot; name=&quot;sendreminderemail&quot; type=&quot;checkbox&quot; value=&quot;FEEDBACK_OPENING&quot;/&gt;
                                                   &lt;/div&gt;
                     &lt;/div&gt;
                     &lt;div class=&quot;col-sm-3&quot; data-original-title=&quot;Select this option to automatically send an email to students to remind them to submit 24 hours before the end of the session.&quot; data-placement=&quot;top&quot; data-toggle=&quot;tooltip&quot; title=&quot;&quot;&gt;
                        &lt;div class=&quot;checkbox&quot;&gt;
                           &lt;label for=&quot;sendreminderemail_closing&quot;&gt;
                              Session
                                        closing reminder
                           &lt;/label&gt;
                           &lt;input checked=&quot;checked&quot; id=&quot;sendreminderemail_closing&quot; name=&quot;sendreminderemail&quot; type=&quot;checkbox&quot; value=&quot;FEEDBACK_CLOSING&quot;/&gt;
                                                   &lt;/div&gt;
                     &lt;/div&gt;
                     &lt;div class=&quot;col-sm-4&quot; data-original-title=&quot;Select this option to automatically send an email to students to notify them when the session results is published.&quot; data-placement=&quot;top&quot; data-toggle=&quot;tooltip&quot; title=&quot;&quot;&gt;
                        &lt;div class=&quot;checkbox&quot;&gt;
                           &lt;label for=&quot;sendreminderemail_published&quot;&gt;
                              Results
                                        published announcement
                           &lt;/label&gt;
                           &lt;input checked=&quot;checked&quot; id=&quot;sendreminderemail_published&quot; name=&quot;sendreminderemail&quot; type=&quot;checkbox&quot; value=&quot;FEEDBACK_PUBLISHED&quot;/&gt;
                                                   &lt;/div&gt;
                     &lt;/div&gt;
                  &lt;/div&gt;
               &lt;/div&gt;
            &lt;/div&gt;
            &lt;div class=&quot;form-group&quot;&gt;
               &lt;div class=&quot;col-md-offset-5 col-md-3&quot;&gt;
                  &lt;button class=&quot;btn btn-primary&quot; id=&quot;button_submit&quot; type=&quot;submit&quot;&gt;
                     Create Feedback Session
                  &lt;/button&gt;
               &lt;/div&gt;
            &lt;/div&gt;
            &lt;input name=&quot;user&quot; type=&quot;hidden&quot; value=&quot;teammates.coord_123&quot;/&gt;
                     &lt;/form&gt;
         &lt;form action=&quot;/page/instructorFeedbacksPage&quot; class=&quot;ajaxForSessionsForm&quot; id=&quot;ajaxForSessions&quot; style=&quot;display:none;&quot;&gt;
            &lt;input name=&quot;user&quot; type=&quot;hidden&quot; value=&quot;teammates.coord_123&quot;/&gt;
                        &lt;input name=&quot;isusingAjax&quot; type=&quot;hidden&quot; value=&quot;on&quot;/&gt;
                     &lt;/form&gt;
         &lt;br/&gt;
                  &lt;br/&gt;
               &lt;/div&gt;
      &lt;br/&gt;
            &lt;div class=&quot;alert alert-warning&quot; id=&quot;statusMessage&quot;&gt;
         Reminder e-mails have been sent out to those students and instructors. Please allow up to 1 hour for all the notification emails to be sent out.
      &lt;/div&gt;
      &lt;script type=&quot;text/javascript&quot;&gt;
         document.getElementById( &#039;statusMessage&#039; ).scrollIntoView();
      &lt;/script&gt;
      &lt;br/&gt;
            &lt;div aria-hidden=&quot;true&quot; aria-labelledby=&quot;copyModalTitle&quot; class=&quot;modal fade&quot; id=&quot;copyModal&quot; role=&quot;dialog&quot; tabindex=&quot;-1&quot;&gt;
         &lt;div class=&quot;modal-dialog&quot;&gt;
            &lt;div class=&quot;modal-content&quot;&gt;
               &lt;div class=&quot;modal-header&quot;&gt;
                  &lt;button class=&quot;close&quot; data-dismiss=&quot;modal&quot; type=&quot;button&quot;&gt;
                     &lt;span aria-hidden=&quot;true&quot;&gt;
                        ×
                     &lt;/span&gt;
                     &lt;span class=&quot;sr-only&quot;&gt;
                        Close
                     &lt;/span&gt;
                  &lt;/button&gt;
                  &lt;h4 class=&quot;modal-title&quot; id=&quot;copyModalTitle&quot;&gt;
                     Creating a new session by copying a previous session
                  &lt;/h4&gt;
               &lt;/div&gt;
               &lt;div class=&quot;modal-body&quot; id=&quot;copySessionsBody&quot;&gt;
                  &lt;form action=&quot;/page/instructorFeedbackCopy&quot; class=&quot;form&quot; id=&quot;copyModalForm&quot; method=&quot;post&quot; role=&quot;form&quot;&gt;
                     &lt;div class=&quot;form-group&quot;&gt;
                        &lt;label class=&quot;control-label&quot; for=&quot;modalCopiedCourseId&quot;&gt;
                           Create in course
                        &lt;/label&gt;
                        &lt;select class=&quot;form-control&quot; id=&quot;modalCopiedCourseId&quot; name=&quot;copiedcourseid&quot;&gt;
                           &lt;option value=&quot;AHPUiT.instr1.gma-demo&quot;&gt;
                              AHPUiT.instr1.gma-demo
                           &lt;/option&gt;
                        &lt;/select&gt;
                     &lt;/div&gt;
                     &lt;div class=&quot;form-group&quot;&gt;
                        &lt;label class=&quot;control-label&quot; for=&quot;modalCopiedSessionName&quot;&gt;
                           Name for new session
                        &lt;/label&gt;
                        &lt;input class=&quot;form-control&quot; id=&quot;modalCopiedSessionName&quot; maxlength=&quot;38&quot; name=&quot;copiedfsname&quot; placeholder=&quot;e.g. Feedback for Project Presentation 1&quot; type=&quot;text&quot; value=&quot;&quot;/&gt;
                                             &lt;/div&gt;
                     &lt;label&gt;
                        Copy sessions/questions from
                     &lt;/label&gt;
                     &lt;table class=&quot;table-responsive table table-bordered table-hover margin-0&quot; id=&quot;copyTableModal&quot;&gt;
                        &lt;thead class=&quot;fill-primary&quot;&gt;
                           &lt;tr&gt;
                              &lt;th style=&quot;width:20px;&quot;&gt;
                                  
                              &lt;/th&gt;
                              &lt;th&gt;
                                 Course ID
                              &lt;/th&gt;
                              &lt;th&gt;
                                 Feedback Session Name
                              &lt;/th&gt;
                           &lt;/tr&gt;
                        &lt;/thead&gt;
                        &lt;tbody&gt;
                           &lt;tr style=&quot;cursor:pointer;&quot;&gt;
                              &lt;td&gt;
                                 &lt;input type=&quot;radio&quot;/&gt;
                                                               &lt;/td&gt;
                              &lt;td&gt;
                                 AHPUiT.instr1.gma-demo
                              &lt;/td&gt;
                              &lt;td&gt;
                                 Second team feedback session
                              &lt;/td&gt;
                           &lt;/tr&gt;
                           &lt;tr style=&quot;cursor:pointer;&quot;&gt;
                              &lt;td&gt;
                                 &lt;input type=&quot;radio&quot;/&gt;
                                                               &lt;/td&gt;
                              &lt;td&gt;
                                 AHPUiT.instr1.gma-demo
                              &lt;/td&gt;
                              &lt;td&gt;
                                 First team feedback session
                              &lt;/td&gt;
                           &lt;/tr&gt;
                           &lt;tr style=&quot;cursor:pointer;&quot;&gt;
                              &lt;td&gt;
                                 &lt;input type=&quot;radio&quot;/&gt;
                                                               &lt;/td&gt;
                              &lt;td&gt;
                                 AHPUiT.instr1.gma-demo
                              &lt;/td&gt;
                              &lt;td&gt;
                                 Session with different question types
                              &lt;/td&gt;
                           &lt;/tr&gt;
                        &lt;/tbody&gt;
                     &lt;/table&gt;
                     &lt;input id=&quot;modalSessionName&quot; name=&quot;fsname&quot; type=&quot;hidden&quot; value=&quot;&quot;/&gt;
                                          &lt;input id=&quot;modalCourseId&quot; name=&quot;courseid&quot; type=&quot;hidden&quot; value=&quot;&quot;/&gt;
                                          &lt;input name=&quot;user&quot; type=&quot;hidden&quot; value=&quot;teammates.coord_123&quot;/&gt;
                                       &lt;/form&gt;
               &lt;/div&gt;
               &lt;div class=&quot;modal-footer margin-0&quot;&gt;
                  &lt;button class=&quot;btn btn-primary&quot; disabled=&quot;disabled&quot; id=&quot;button_copy_submit&quot; type=&quot;button&quot;&gt;
                     Copy
                  &lt;/button&gt;
                  &lt;button class=&quot;btn btn-default&quot; data-dismiss=&quot;modal&quot; type=&quot;button&quot;&gt;
                     Cancel
                  &lt;/button&gt;
               &lt;/div&gt;
            &lt;/div&gt;
         &lt;/div&gt;
      &lt;/div&gt;
      &lt;table class=&quot;table-responsive table table-striped table-bordered&quot; id=&quot;table-sessions&quot;&gt;
         &lt;thead&gt;
            &lt;tr class=&quot;fill-primary&quot;&gt;
               &lt;th class=&quot;button-sort-ascending&quot; id=&quot;button_sortid&quot; onclick=&quot;toggleSort(this,1);&quot;&gt;
                  Course ID
                  &lt;span class=&quot;icon-sort unsorted&quot;&gt;
                  &lt;/span&gt;
               &lt;/th&gt;
               &lt;th class=&quot;button-sort-none&quot; id=&quot;button_sortname&quot; onclick=&quot;toggleSort(this,2)&quot;&gt;
                  Session Name
                  &lt;span class=&quot;icon-sort unsorted&quot;&gt;
                  &lt;/span&gt;
               &lt;/th&gt;
               &lt;th&gt;
                  Status
               &lt;/th&gt;
               &lt;th&gt;
                  &lt;span data-placement=&quot;top&quot; data-toggle=&quot;tooltip&quot; title=&quot;Number of students submitted / Class size&quot;&gt;
                     Response Rate
                  &lt;/span&gt;
               &lt;/th&gt;
               &lt;th class=&quot;no-print&quot;&gt;
                  Action(s)
               &lt;/th&gt;
            &lt;/tr&gt;
         &lt;/thead&gt;
         &lt;tbody&gt;
            &lt;tr class=&quot;sessionsRow&quot; id=&quot;session0&quot;&gt;
               &lt;td&gt;
                  AHPUiT.instr1.gma-demo
               &lt;/td&gt;
               &lt;td&gt;
                  Second team feedback session
               &lt;/td&gt;
               &lt;td&gt;
                  &lt;span data-placement=&quot;top&quot; data-toggle=&quot;tooltip&quot; title=&quot;The feedback session has been created, is visible, and is open for submissions.&lt;br &gt;&lt;/span&gt;The responses for this session are visible.&quot;&gt;
                     Open
                  &lt;/span&gt;
               &lt;/td&gt;
               &lt;td class=&quot;session-response-for-test recent&quot;&gt;
                  &lt;img src=&quot;/images/ajax-loader.gif&quot;/&gt;
                                 &lt;/td&gt;
               &lt;td class=&quot;no-print&quot;&gt;
                  &lt;a class=&quot;btn btn-default btn-xs btn-tm-actions session-view-for-test&quot; data-placement=&quot;top&quot; data-toggle=&quot;tooltip&quot; href=&quot;/page/instructorFeedbackResultsPage?courseid=AHPUiT.instr1.gma-demo&amp;fsname=Second+team+feedback+session&amp;user=teammates.coord_123&quot; title=&quot;View the submitted responses for this feedback session&quot;&gt;
                     View Results
                  &lt;/a&gt;
                  &lt;a class=&quot;btn btn-default btn-xs btn-tm-actions session-edit-for-test&quot; data-placement=&quot;top&quot; data-toggle=&quot;tooltip&quot; href=&quot;/page/instructorFeedbackEditPage?courseid=AHPUiT.instr1.gma-demo&amp;fsname=Second+team+feedback+session&amp;user=teammates.coord_123&quot; title=&quot;Edit feedback session details&quot;&gt;
                     Edit
                  &lt;/a&gt;
                  &lt;a class=&quot;btn btn-default btn-xs btn-tm-actions session-delete-for-test&quot; data-placement=&quot;top&quot; data-toggle=&quot;tooltip&quot; href=&quot;/page/instructorFeedbackDelete?courseid=AHPUiT.instr1.gma-demo&amp;fsname=Second+team+feedback+session&amp;next=%2Fpage%2FinstructorFeedbacksPage%3Fuser%3Dteammates.coord_123&amp;user=teammates.coord_123&quot; onclick=&quot;return toggleDeleteFeedbackSessionConfirmation(&#039;AHPUiT.instr1.gma-demo&#039;,&#039;Second team feedback session&#039;);&quot; title=&quot;Delete the feedback session&quot;&gt;
                     Delete
                  &lt;/a&gt;
                  &lt;a class=&quot;btn btn-default btn-xs btn-tm-actions session-submit-for-test&quot; data-placement=&quot;top&quot; data-toggle=&quot;tooltip&quot; href=&quot;/page/instructorFeedbackSubmissionEditPage?courseid=AHPUiT.instr1.gma-demo&amp;fsname=Second+team+feedback+session&amp;user=teammates.coord_123&quot; title=&quot;Start submitting feedback&quot;&gt;
                     Submit
                  &lt;/a&gt;
                  &lt;a class=&quot;btn btn-default btn-xs btn-tm-actions session-remind-for-test&quot; data-placement=&quot;top&quot; data-toggle=&quot;tooltip&quot; href=&quot;/page/instructorFeedbackRemind?courseid=AHPUiT.instr1.gma-demo&amp;fsname=Second+team+feedback+session&amp;user=teammates.coord_123&quot; onclick=&quot;return toggleRemindStudents(&#039;Second team feedback session&#039;);&quot; title=&quot;Send e-mails to remind students and instructors who have not submitted their feedbacks to do so&quot;&gt;
                     Remind
                  &lt;/a&gt;
                  &lt;a class=&quot;btn btn-default btn-xs btn-tm-actions session-unpublish-for-test&quot; data-placement=&quot;top&quot; data-toggle=&quot;tooltip&quot; href=&quot;/page/instructorFeedbackUnpublish?courseid=AHPUiT.instr1.gma-demo&amp;fsname=Second+team+feedback+session&amp;next=%2Fpage%2FinstructorFeedbacksPage%3Fuser%3Dteammates.coord_123&amp;user=teammates.coord_123&quot; onclick=&quot;return toggleUnpublishEvaluation(&#039;Second team feedback session&#039;);&quot; title=&quot;Make responses no longer visible&quot;&gt;
                     Unpublish
                  &lt;/a&gt;
               &lt;/td&gt;
            &lt;/tr&gt;
            &lt;tr class=&quot;sessionsRow&quot; id=&quot;session1&quot;&gt;
               &lt;td&gt;
                  AHPUiT.instr1.gma-demo
               &lt;/td&gt;
               &lt;td&gt;
                  First team feedback session
               &lt;/td&gt;
               &lt;td&gt;
                  &lt;span data-placement=&quot;top&quot; data-toggle=&quot;tooltip&quot; title=&quot;The feedback session has been created, is visible, and has ended.&lt;br &gt;&lt;/span&gt;The responses for this session are visible.&quot;&gt;
                     Published
                  &lt;/span&gt;
               &lt;/td&gt;
               &lt;td class=&quot;session-response-for-test&quot;&gt;
                  &lt;a href=&quot;/page/feedbackSessionStatsPage?courseid=AHPUiT.instr1.gma-demo&amp;fsname=First+team+feedback+session&amp;user=teammates.coord_123&quot; oncontextmenu=&quot;return false;&quot;&gt;
                     Show
                  &lt;/a&gt;
               &lt;/td&gt;
               &lt;td class=&quot;no-print&quot;&gt;
                  &lt;a class=&quot;btn btn-default btn-xs btn-tm-actions session-view-for-test&quot; data-placement=&quot;top&quot; data-toggle=&quot;tooltip&quot; href=&quot;/page/instructorFeedbackResultsPage?courseid=AHPUiT.instr1.gma-demo&amp;fsname=First+team+feedback+session&amp;user=teammates.coord_123&quot; title=&quot;View the submitted responses for this feedback session&quot;&gt;
                     View Results
                  &lt;/a&gt;
                  &lt;a class=&quot;btn btn-default btn-xs btn-tm-actions session-edit-for-test&quot; data-placement=&quot;top&quot; data-toggle=&quot;tooltip&quot; href=&quot;/page/instructorFeedbackEditPage?courseid=AHPUiT.instr1.gma-demo&amp;fsname=First+team+feedback+session&amp;user=teammates.coord_123&quot; title=&quot;Edit feedback session details&quot;&gt;
                     Edit
                  &lt;/a&gt;
                  &lt;a class=&quot;btn btn-default btn-xs btn-tm-actions session-delete-for-test&quot; data-placement=&quot;top&quot; data-toggle=&quot;tooltip&quot; href=&quot;/page/instructorFeedbackDelete?courseid=AHPUiT.instr1.gma-demo&amp;fsname=First+team+feedback+session&amp;next=%2Fpage%2FinstructorFeedbacksPage%3Fuser%3Dteammates.coord_123&amp;user=teammates.coord_123&quot; onclick=&quot;return toggleDeleteFeedbackSessionConfirmation(&#039;AHPUiT.instr1.gma-demo&#039;,&#039;First team feedback session&#039;);&quot; title=&quot;Delete the feedback session&quot;&gt;
                     Delete
                  &lt;/a&gt;
                  &lt;a class=&quot;btn btn-default btn-xs btn-tm-actions session-submit-for-test&quot; data-placement=&quot;top&quot; data-toggle=&quot;tooltip&quot; href=&quot;/page/instructorFeedbackSubmissionEditPage?courseid=AHPUiT.instr1.gma-demo&amp;fsname=First+team+feedback+session&amp;user=teammates.coord_123&quot; title=&quot;Start submitting feedback&quot;&gt;
                     Submit
                  &lt;/a&gt;
                  &lt;a class=&quot;btn btn-default btn-xs btn-tm-actions session-remind-for-test disabled&quot; data-placement=&quot;top&quot; data-toggle=&quot;tooltip&quot; href=&quot;/page/instructorFeedbackRemind?courseid=AHPUiT.instr1.gma-demo&amp;fsname=First+team+feedback+session&amp;user=teammates.coord_123&quot; onclick=&quot;return false&quot; title=&quot;Send e-mails to remind students and instructors who have not submitted their feedbacks to do so&quot;&gt;
                     Remind
                  &lt;/a&gt;
                  &lt;a class=&quot;btn btn-default btn-xs btn-tm-actions session-unpublish-for-test&quot; data-placement=&quot;top&quot; data-toggle=&quot;tooltip&quot; href=&quot;/page/instructorFeedbackUnpublish?courseid=AHPUiT.instr1.gma-demo&amp;fsname=First+team+feedback+session&amp;next=%2Fpage%2FinstructorFeedbacksPage%3Fuser%3Dteammates.coord_123&amp;user=teammates.coord_123&quot; onclick=&quot;return toggleUnpublishEvaluation(&#039;First team feedback session&#039;);&quot; title=&quot;Make responses no longer visible&quot;&gt;
                     Unpublish
                  &lt;/a&gt;
               &lt;/td&gt;
            &lt;/tr&gt;
            &lt;tr class=&quot;sessionsRow&quot; id=&quot;session2&quot;&gt;
               &lt;td&gt;
                  AHPUiT.instr1.gma-demo
               &lt;/td&gt;
               &lt;td&gt;
                  Session with different question types
               &lt;/td&gt;
               &lt;td&gt;
                  &lt;span data-placement=&quot;top&quot; data-toggle=&quot;tooltip&quot; title=&quot;The feedback session has been created, is visible, and has ended.&lt;br &gt;&lt;/span&gt;The responses for this session are visible.&quot;&gt;
                     Published
                  &lt;/span&gt;
               &lt;/td&gt;
               &lt;td class=&quot;session-response-for-test&quot;&gt;
                  &lt;a href=&quot;/page/feedbackSessionStatsPage?courseid=AHPUiT.instr1.gma-demo&amp;fsname=Session+with+different+question+types&amp;user=teammates.coord_123&quot; oncontextmenu=&quot;return false;&quot;&gt;
                     Show
                  &lt;/a&gt;
               &lt;/td&gt;
               &lt;td class=&quot;no-print&quot;&gt;
                  &lt;a class=&quot;btn btn-default btn-xs btn-tm-actions session-view-for-test&quot; data-placement=&quot;top&quot; data-toggle=&quot;tooltip&quot; href=&quot;/page/instructorFeedbackResultsPage?courseid=AHPUiT.instr1.gma-demo&amp;fsname=Session+with+different+question+types&amp;user=teammates.coord_123&quot; title=&quot;View the submitted responses for this feedback session&quot;&gt;
                     View Results
                  &lt;/a&gt;
                  &lt;a class=&quot;btn btn-default btn-xs btn-tm-actions session-edit-for-test&quot; data-placement=&quot;top&quot; data-toggle=&quot;tooltip&quot; href=&quot;/page/instructorFeedbackEditPage?courseid=AHPUiT.instr1.gma-demo&amp;fsname=Session+with+different+question+types&amp;user=teammates.coord_123&quot; title=&quot;Edit feedback session details&quot;&gt;
                     Edit
                  &lt;/a&gt;
                  &lt;a class=&quot;btn btn-default btn-xs btn-tm-actions session-delete-for-test&quot; data-placement=&quot;top&quot; data-toggle=&quot;tooltip&quot; href=&quot;/page/instructorFeedbackDelete?courseid=AHPUiT.instr1.gma-demo&amp;fsname=Session+with+different+question+types&amp;next=%2Fpage%2FinstructorFeedbacksPage%3Fuser%3Dteammates.coord_123&amp;user=teammates.coord_123&quot; onclick=&quot;return toggleDeleteFeedbackSessionConfirmation(&#039;AHPUiT.instr1.gma-demo&#039;,&#039;Session with different question types&#039;);&quot; title=&quot;Delete the feedback session&quot;&gt;
                     Delete
                  &lt;/a&gt;
                  &lt;a class=&quot;btn btn-default btn-xs btn-tm-actions session-submit-for-test&quot; data-placement=&quot;top&quot; data-toggle=&quot;tooltip&quot; href=&quot;/page/instructorFeedbackSubmissionEditPage?courseid=AHPUiT.instr1.gma-demo&amp;fsname=Session+with+different+question+types&amp;user=teammates.coord_123&quot; title=&quot;Start submitting feedback&quot;&gt;
                     Submit
                  &lt;/a&gt;
                  &lt;a class=&quot;btn btn-default btn-xs btn-tm-actions session-remind-for-test disabled&quot; data-placement=&quot;top&quot; data-toggle=&quot;tooltip&quot; href=&quot;/page/instructorFeedbackRemind?courseid=AHPUiT.instr1.gma-demo&amp;fsname=Session+with+different+question+types&amp;user=teammates.coord_123&quot; onclick=&quot;return false&quot; title=&quot;Send e-mails to remind students and instructors who have not submitted their feedbacks to do so&quot;&gt;
                     Remind
                  &lt;/a&gt;
                  &lt;a class=&quot;btn btn-default btn-xs btn-tm-actions session-unpublish-for-test&quot; data-placement=&quot;top&quot; data-toggle=&quot;tooltip&quot; href=&quot;/page/instructorFeedbackUnpublish?courseid=AHPUiT.instr1.gma-demo&amp;fsname=Session+with+different+question+types&amp;next=%2Fpage%2FinstructorFeedbacksPage%3Fuser%3Dteammates.coord_123&amp;user=teammates.coord_123&quot; onclick=&quot;return toggleUnpublishEvaluation(&#039;Session with different question types&#039;);&quot; title=&quot;Make responses no longer visible&quot;&gt;
                     Unpublish
                  &lt;/a&gt;
               &lt;/td&gt;
            &lt;/tr&gt;
         &lt;/tbody&gt;
      &lt;/table&gt;
      &lt;br/&gt;
            &lt;br/&gt;
            &lt;br/&gt;
         &lt;/div&gt;

&lt;/actual]&gt;&gt;">
      <![CDATA[org.junit.ComparisonFailure: expected:<<[expected>
   <div class="container theme-showcase" id="frameBodyWrapper">
      <div id="topOfPage">
      </div>
      <h1>
         Add New Feedback Session
      </h1>
      <div class="well well-plain">
         <form action="/page/instructorFeedbackAdd" class="form-group" method="post" name="form_addfeedbacksession">
            <div class="row">
               <h4 class="label-control col-md-2 text-md">
                  Create new
               </h4>
               <div class="col-md-5">
                  <div class="col-md-10" data-original-title="Select a session type here." data-placement="top" data-toggle="tooltip" title="">
                     <select class="form-control" id="fstype" name="fstype">
                        <option value="STANDARD">
                           Session with your own questions
                        </option>
                        <option selected="selected" value="TEAMEVALUATION">
                           Team peer evaluation session
                        </option>
                     </select>
                  </div>
                  <div class="col-md-1">
                     <h5>
                        <a href="/instructorHelp.html#fbSetupSession" target="_blank">
                           <span class="glyphicon glyphicon-info-sign">
                           </span>
                        </a>
                     </h5>
                  </div>
               </div>
               <h4 class="label-control col-md-1 text-md">
                  Or:
               </h4>
               <div class="col-md-3">
                  <a class="btn btn-info" id="button_copy" style="vertical-align:middle;">
                     Copy
                            from previous feedback sessions
                  </a>
               </div>
            </div>
            <br/>
                        <div class="panel panel-primary">
               <div class="panel-body">
                  <div class="row">
                     <div class="col-md-6" data-original-title="Please select the course for which the feedback session is to be created." data-placement="top" data-toggle="tooltip" title="">
                        <div class="form-group">
                           <h5 class="col-sm-4">
                              <label class="control-label" for="courseid">
                                 Course
                              </label>
                           </h5>
                           <div class="col-sm-8">
                              <select class="form-control" id="courseid" name="courseid">
                                 <option value="AHPUiT.instr1.gma-demo">
                                    AHPUiT.instr1.gma-demo
                                 </option>
                              </select>
                           </div>
                        </div>
                     </div>
                     <div class="col-md-6" data-original-title="You should not need to change this as your timezone is auto-detected. <br /><br />However, note that daylight saving is not taken into account i.e. if you are in UTC -8:00 and there is daylight saving, you should choose UTC -7:00 and its corresponding timings." data-placement="top" data-toggle="tooltip" title="">
                        <div class="form-group">
                           <h5 class="col-sm-4">
                              <label class="control-label" for="timezone">
                                 Timezone
                              </label>
                           </h5>
                           <div class="col-sm-8">
                              <select class="form-control" id="timezone" name="timezone">
                                 <option value="-12">
                                    (UTC -12:00) Baker Island, Howland Island
                                 </option>
                                 <option value="-11">
                                    (UTC -11:00) American Samoa, Niue
                                 </option>
                                 <option value="-10">
                                    (UTC -10:00) Hawaii, Cook Islands, Marquesas Islands
                                 </option>
                                 <option value="-9">
                                    (UTC -09:00) Gambier Islands, Alaska
                                 </option>
                                 <option value="-8">
                                    (UTC -08:00) Los Angeles, Vancouver, Tijuana
                                 </option>
                                 <option value="-7">
                                    (UTC -07:00) Phoenix, Calgary, Ciudad Juárez
                                 </option>
                                 <option value="-6">
                                    (UTC -06:00) Chicago, Guatemala City, Mexico City, San José, San Salvador, Tegucigalpa, Winnipeg
                                 </option>
                                 <option value="-5">
                                    (UTC -05:00) New York, Lima, Toronto, Bogotá, Havana, Kingston
                                 </option>
                                 <option value="-4.5">
                                    (UTC -04:30) Caracas
                                 </option>
                                 <option value="-4">
                                    (UTC -04:00) Santiago, La Paz, San Juan de Puerto Rico, Manaus, Halifax
                                 </option>
                                 <option value="-3.5">
                                    (UTC -03:30) St. John's
                                 </option>
                                 <option value="-3">
                                    (UTC -03:00) Buenos Aires, Montevideo, São Paulo
                                 </option>
                                 <option value="-2">
                                    (UTC -02:00) Fernando de Noronha, South Georgia and the South Sandwich Islands
                                 </option>
                                 <option value="-1">
                                    (UTC -01:00) Cape Verde, Greenland, Azores islands
                                 </option>
                                 <option value="0">
                                    (UTC) Accra, Abidjan, Casablanca, Dakar, Dublin, Lisbon, London
                                 </option>
                                 <option value="1">
                                    (UTC +01:00) Belgrade, Berlin, Brussels, Lagos, Madrid, Paris, Rome, Tunis, Vienna, Warsaw
                                 </option>
                                 <option value="2">
                                    (UTC +02:00) Athens, Sofia, Cairo, Kiev, Istanbul, Beirut, Helsinki, Jerusalem, Johannesburg, Bucharest
                                 </option>
                                 <option value="3">
                                    (UTC +03:00) Nairobi, Baghdad, Doha, Khartoum, Minsk, Riyadh
                                 </option>
                                 <option value="3.5">
                                    (UTC +03:30) Tehran
                                 </option>
                                 <option value="4">
                                    (UTC +04:00) Baku, Dubai, Moscow
                                 </option>
                                 <option value="4.5">
                                    (UTC +04:30) Kabul
                                 </option>
                                 <option value="5">
                                    (UTC +05:00) Karachi, Tashkent
                                 </option>
                                 <option value="5.5">
                                    (UTC +05:30) Colombo, Delhi
                                 </option>
                                 <option value="5.75">
                                    (UTC +05:45) Kathmandu
                                 </option>
                                 <option value="6">
                                    (UTC +06:00) Almaty, Dhaka, Yekaterinburg
                                 </option>
                                 <option value="7">
                                    (UTC +07:00) Jakarta, Bangkok, Novosibirsk, Hanoi
                                 </option>
                                 <option value="8">
                                    (UTC +08:00) Perth, Beijing, Manila, Singapore, Kuala Lumpur, Denpasar, Krasnoyarsk
                                 </option>
                                 <option value="9">
                                    (UTC +09:00) Seoul, Tokyo, Pyongyang, Ambon, Irkutsk
                                 </option>
                                 <option value="10">
                                    (UTC +10:00) Canberra, Yakutsk, Port Moresby
                                 </option>
                                 <option value="11">
                                    (UTC +11:00) Vladivostok, Noumea
                                 </option>
                                 <option value="12">
                                    (UTC +12:00) Auckland, Suva
                                 </option>
                                 <option value="13">
                                    (UTC +13:00) Phoenix Islands, Tokelau, Tonga
                                 </option>
                              </select>
                           </div>
                        </div>
                     </div>
                  </div>
                  <br/>
                                    <div class="row">
                     <div class="col-md-12" data-original-title="Enter the name of the feedback session e.g. Feedback Session 1." data-placement="top" data-toggle="tooltip" title="">
                        <div class="form-group">
                           <h5 class="col-sm-2">
                              <label class="control-label" for="fsname">
                                 Session
                                            name
                              </label>
                           </h5>
                           <div class="col-sm-10">
                              <input class="form-control" id="fsname" maxlength="38" name="fsname" placeholder="e.g. Feedback for Project Presentation 1" type="text" value=""/>
                                                         </div>
                        </div>
                     </div>
                  </div>
                  <br/>
                                    <div class="row" id="instructionsRow">
                     <div class="col-md-12" data-original-title="Enter instructions for this feedback session. e.g. Avoid comments which are too critical.<br /> It will be displayed at the top of the page when users respond to the session." data-placement="top" data-toggle="tooltip" title="">
                        <div class="form-group">
                           <h5 class="col-sm-2">
                              <label class="control-label" for="instructions">
                                 Instructions
                              </label>
                           </h5>
                           <div class="col-sm-10">
                              <textarea class="form-control" cols="100%" id="instructions" name="instructions" placeholder="e.g. Please answer all the given questions." rows="4">
                                 Please answer all the given questions.
                              </textarea>
                           </div>
                        </div>
                     </div>
                  </div>
               </div>
            </div>
            <div class="panel panel-primary" id="timeFramePanel">
               <div class="panel-body">
                  <div class="row">
                     <div class="col-md-5" data-original-title="Please select the date and time for which users can start submitting responses for the feedback session." data-placement="top" data-toggle="tooltip" title="">
                        <div class="row">
                           <div class="col-md-6">
                              <label class="label-control" for="startdate">
                                 Submission opening time
                              </label>
                           </div>
                        </div>
                        <div class="row">
                           <div class="col-md-6">
                              <input class="form-control col-sm-2 hasDatepicker" id="startdate" name="startdate" placeholder="Date" type="text" value="{*}"/>
                                                         </div>
                           <div class="col-md-6">
                              <select class="form-control" id="starttime" name="starttime">
                                 <option value="1">
                                    0100H
                                 </option>
                                 <option value="2">
                                    0200H
                                 </option>
                                 <option value="3">
                                    0300H
                                 </option>
                                 <option value="4">
                                    0400H
                                 </option>
                                 <option value="5">
                                    0500H
                                 </option>
                                 <option value="6">
                                    0600H
                                 </option>
                                 <option value="7">
                                    0700H
                                 </option>
                                 <option value="8">
                                    0800H
                                 </option>
                                 <option value="9">
                                    0900H
                                 </option>
                                 <option value="10">
                                    1000H
                                 </option>
                                 <option value="11">
                                    1100H
                                 </option>
                                 <option value="12">
                                    1200H
                                 </option>
                                 <option value="13">
                                    1300H
                                 </option>
                                 <option value="14">
                                    1400H
                                 </option>
                                 <option value="15">
                                    1500H
                                 </option>
                                 <option value="16">
                                    1600H
                                 </option>
                                 <option value="17">
                                    1700H
                                 </option>
                                 <option value="18">
                                    1800H
                                 </option>
                                 <option value="19">
                                    1900H
                                 </option>
                                 <option value="20">
                                    2000H
                                 </option>
                                 <option value="21">
                                    2100H
                                 </option>
                                 <option value="22">
                                    2200H
                                 </option>
                                 <option value="23">
                                    2300H
                                 </option>
                                 <option selected="selected" value="24">
                                    2359H
                                 </option>
                              </select>
                           </div>
                        </div>
                     </div>
                     <div class="col-md-5 border-left-gray" data-original-title="Please select the date and time after which the feedback session will no longer accept submissions from users." data-placement="top" data-toggle="tooltip" title="">
                        <div class="row">
                           <div class="col-md-6">
                              <label class="label-control" for="enddate">
                                 Submission
                                            closing time
                              </label>
                           </div>
                        </div>
                        <div class="row">
                           <div class="col-md-6">
                              <input class="form-control col-sm-2 hasDatepicker" id="enddate" name="enddate" placeholder="Date" type="text" value=""/>
                                                         </div>
                           <div class="col-md-6">
                              <select class="form-control" id="endtime" name="endtime">
                                 <option value="1">
                                    0100H
                                 </option>
                                 <option value="2">
                                    0200H
                                 </option>
                                 <option value="3">
                                    0300H
                                 </option>
                                 <option value="4">
                                    0400H
                                 </option>
                                 <option value="5">
                                    0500H
                                 </option>
                                 <option value="6">
                                    0600H
                                 </option>
                                 <option value="7">
                                    0700H
                                 </option>
                                 <option value="8">
                                    0800H
                                 </option>
                                 <option value="9">
                                    0900H
                                 </option>
                                 <option value="10">
                                    1000H
                                 </option>
                                 <option value="11">
                                    1100H
                                 </option>
                                 <option value="12">
                                    1200H
                                 </option>
                                 <option value="13">
                                    1300H
                                 </option>
                                 <option value="14">
                                    1400H
                                 </option>
                                 <option value="15">
                                    1500H
                                 </option>
                                 <option value="16">
                                    1600H
                                 </option>
                                 <option value="17">
                                    1700H
                                 </option>
                                 <option value="18">
                                    1800H
                                 </option>
                                 <option value="19">
                                    1900H
                                 </option>
                                 <option value="20">
                                    2000H
                                 </option>
                                 <option value="21">
                                    2100H
                                 </option>
                                 <option value="22">
                                    2200H
                                 </option>
                                 <option value="23">
                                    2300H
                                 </option>
                                 <option selected="selected" value="24">
                                    2359H
                                 </option>
                              </select>
                           </div>
                        </div>
                     </div>
                     <div class="col-md-2 border-left-gray" data-original-title="Please select the amount of time that the system will continue accepting <br />submissions after the specified deadline." data-placement="top" data-toggle="tooltip" title="">
                        <div class="row">
                           <div class="col-md-12">
                              <label class="control-label" for="graceperiod">
                                 Grace period
                              </label>
                           </div>
                        </div>
                        <div class="row">
                           <div class="col-sm-12">
                              <select class="form-control" id="graceperiod" name="graceperiod">
                                 <option value="0">
                                    0 mins
                                 </option>
                                 <option value="5">
                                    5 mins
                                 </option>
                                 <option value="10">
                                    10 mins
                                 </option>
                                 <option selected="selected" value="15">
                                    15 mins
                                 </option>
                                 <option value="20">
                                    20 mins
                                 </option>
                                 <option value="25">
                                    25 mins
                                 </option>
                                 <option value="30">
                                    30 mins
                                 </option>
                              </select>
                           </div>
                        </div>
                     </div>
                  </div>
               </div>
            </div>
            <div class="row" id="uncommonSettingsInfo">
               <div class="col-md-12 text-muted">
                  <span id="uncommonSettingsInfoText">
                     Session is visible at submission opening time, responses are only visible when you publish the results.
                     <br/>
                                          Emails are sent when session opens (within 15 mins), 24 hrs before session closes and when results are published.
                  </span>
                  <a data-done="[Done]" data-edit="[Edit]" id="editUncommonSettingsButton">
                     [Edit]
                  </a>
                  <br/>
                                    <br/>
                                 </div>
            </div>
            <div class="panel panel-primary" id="sessionResponsesVisiblePanel" style="display:none;">
               <div class="panel-body">
                  <div class="row">
                     <div class="col-md-6">
                        <div class="row">
                           <div class="col-md-6" data-original-title="Please select when you want the questions for the feedback session to be visible to users who need to participate. Note that users cannot submit their responses until the submissions opening time set below." data-placement="top" data-toggle="tooltip" title="">
                              <label class="label-control">
                                 Session visible from
                              </label>
                           </div>
                        </div>
                        <div class="row radio">
                           <div class="col-md-2" data-original-title="Select this option to enter in a custom date and time for which the feedback session will become visible.<br />Note that you can make a session visible before it is open for submissions so that users can preview the questions." data-placement="top" data-toggle="tooltip" title="">
                              <label for="sessionVisibleFromButton_custom">
                                 At
                              </label>
                              <input id="sessionVisibleFromButton_custom" name="sessionVisibleFromButton" type="radio" value="custom"/>
                                                         </div>
                           <div class="col-md-5">
                              <input class="form-control col-sm-2 hasDatepicker" disabled="disabled" id="visibledate" name="visibledate" type="text" value=""/>
                                                         </div>
                           <div class="col-md-4">
                              <select class="form-control" disabled="disabled" id="visibletime" name="visibletime">
                                 <option value="1">
                                    0100H
                                 </option>
                                 <option value="2">
                                    0200H
                                 </option>
                                 <option value="3">
                                    0300H
                                 </option>
                                 <option value="4">
                                    0400H
                                 </option>
                                 <option value="5">
                                    0500H
                                 </option>
                                 <option value="6">
                                    0600H
                                 </option>
                                 <option value="7">
                                    0700H
                                 </option>
                                 <option value="8">
                                    0800H
                                 </option>
                                 <option value="9">
                                    0900H
                                 </option>
                                 <option value="10">
                                    1000H
                                 </option>
                                 <option value="11">
                                    1100H
                                 </option>
                                 <option value="12">
                                    1200H
                                 </option>
                                 <option value="13">
                                    1300H
                                 </option>
                                 <option value="14">
                                    1400H
                                 </option>
                                 <option value="15">
                                    1500H
                                 </option>
                                 <option value="16">
                                    1600H
                                 </option>
                                 <option value="17">
                                    1700H
                                 </option>
                                 <option value="18">
                                    1800H
                                 </option>
                                 <option value="19">
                                    1900H
                                 </option>
                                 <option value="20">
                                    2000H
                                 </option>
                                 <option value="21">
                                    2100H
                                 </option>
                                 <option value="22">
                                    2200H
                                 </option>
                                 <option value="23">
                                    2300H
                                 </option>
                                 <option selected="selected" value="24">
                                    2359H
                                 </option>
                              </select>
                           </div>
                        </div>
                        <div class="row radio">
                           <div class="col-md-6" data-original-title="Select this option to have the feedback session become visible when it is open for submissions (as selected above)." data-placement="top" data-toggle="tooltip" title="">
                              <label for="sessionVisibleFromButton_atopen">
                                 Submission
                                            opening time
                              </label>
                              <input checked="checked" id="sessionVisibleFromButton_atopen" name="sessionVisibleFromButton" type="radio" value="atopen"/>
                                                         </div>
                        </div>
                        <div class="row radio">
                           <div class="col-md-6" data-original-title="Select this option if you want the feedback session to never be visible. Use this option if you want to use this as a private feedback session." data-placement="top" data-toggle="tooltip" title="">
                              <label for="sessionVisibleFromButton_never">
                                 Never
                                            (this is a private session)
                              </label>
                              <input id="sessionVisibleFromButton_never" name="sessionVisibleFromButton" type="radio" value="never"/>
                                                         </div>
                        </div>
                     </div>
                     <div class="col-md-6 border-left-gray" id="responsesVisibleFromColumn">
                        <div class="row">
                           <div class="col-md-6" data-original-title="Please select when the responses for the feedback session will be visible to the designated recipients.<br />You can select the response visibility for each type of user and question later." data-placement="top" data-toggle="tooltip" title="">
                              <label class="label-control">
                                 Responses
                                            visible from
                              </label>
                           </div>
                        </div>
                        <div class="row radio">
                           <div class="col-md-2" data-original-title="Select this option to use a custom time for when the responses of the feedback session<br />will be visible to the designated recipients." data-placement="top" data-toggle="tooltip" title="">
                              <label for="resultsVisibleFromButton_custom">
                                 At
                              </label>
                              <input id="resultsVisibleFromButton_custom" name="resultsVisibleFromButton" type="radio" value="custom"/>
                                                         </div>
                           <div class="col-md-5">
                              <input class="form-control hasDatepicker" disabled="disabled" id="publishdate" name="publishdate" type="text" value=""/>
                                                         </div>
                           <div class="col-md-4">
                              <select class="form-control" data-original-title="Select this option to enter in a custom date and time for which</br>the responses for this feedback session will become visible." data-placement="top" data-toggle="tooltip" disabled="disabled" id="publishtime" name="publishtime" title="">
                                 <option value="1">
                                    0100H
                                 </option>
                                 <option value="2">
                                    0200H
                                 </option>
                                 <option value="3">
                                    0300H
                                 </option>
                                 <option value="4">
                                    0400H
                                 </option>
                                 <option value="5">
                                    0500H
                                 </option>
                                 <option value="6">
                                    0600H
                                 </option>
                                 <option value="7">
                                    0700H
                                 </option>
                                 <option value="8">
                                    0800H
                                 </option>
                                 <option value="9">
                                    0900H
                                 </option>
                                 <option value="10">
                                    1000H
                                 </option>
                                 <option value="11">
                                    1100H
                                 </option>
                                 <option value="12">
                                    1200H
                                 </option>
                                 <option value="13">
                                    1300H
                                 </option>
                                 <option value="14">
                                    1400H
                                 </option>
                                 <option value="15">
                                    1500H
                                 </option>
                                 <option value="16">
                                    1600H
                                 </option>
                                 <option value="17">
                                    1700H
                                 </option>
                                 <option value="18">
                                    1800H
                                 </option>
                                 <option value="19">
                                    1900H
                                 </option>
                                 <option value="20">
                                    2000H
                                 </option>
                                 <option value="21">
                                    2100H
                                 </option>
                                 <option value="22">
                                    2200H
                                 </option>
                                 <option value="23">
                                    2300H
                                 </option>
                                 <option selected="selected" value="24">
                                    2359H
                                 </option>
                              </select>
                           </div>
                        </div>
                        <div class="row radio">
                           <div class="col-md-3" data-original-title="Select this option to have the feedback responses be immediately visible<br />when the session becomes visible to users." data-placement="top" data-toggle="tooltip" title="">
                              <label for="resultsVisibleFromButton_atvisible">
                                 Immediately
                              </label>
                              <input id="resultsVisibleFromButton_atvisible" name="resultsVisibleFromButton" type="radio" value="atvisible"/>
                                                         </div>
                        </div>
                        <div class="row radio">
                           <div class="col-md-4" data-original-title="Select this option if you intend to manually publish the session later on." data-placement="top" data-toggle="tooltip" title="">
                              <label for="resultsVisibleFromButton_later">
                                 Publish
                                            manually
                              </label>
                              <input checked="checked" id="resultsVisibleFromButton_later" name="resultsVisibleFromButton" type="radio" value="later"/>
                                                         </div>
                        </div>
                        <div class="row radio">
                           <div class="col-md-2" data-original-title="Select this option if you intend never to publish the responses." data-placement="top" data-toggle="tooltip" title="">
                              <label for="resultsVisibleFromButton_never">
                                 Never
                              </label>
                              <input id="resultsVisibleFromButton_never" name="resultsVisibleFromButton" type="radio" value="never"/>
                                                         </div>
                        </div>
                     </div>
                  </div>
               </div>
            </div>
            <div class="panel panel-primary" id="sendEmailsForPanel" style="display:none;">
               <div class="panel-body">
                  <div class="row">
                     <div class="col-md-12">
                        <label class="control-label">
                           Send
                                    emails for
                        </label>
                     </div>
                  </div>
                  <div class="row">
                     <div class="col-sm-3" data-original-title="Select this option to automatically send an email to students to notify them when the session is open for submission." data-placement="top" data-toggle="tooltip" title="">
                        <div class="checkbox">
                           <label>
                              Session opening
                                        reminder
                           </label>
                           <input checked="checked" id="sendreminderemail_open" name="sendreminderemail" type="checkbox" value="FEEDBACK_OPENING"/>
                                                   </div>
                     </div>
                     <div class="col-sm-3" data-original-title="Select this option to automatically send an email to students to remind them to submit 24 hours before the end of the session." data-placement="top" data-toggle="tooltip" title="">
                        <div class="checkbox">
                           <label for="sendreminderemail_closing">
                              Session
                                        closing reminder
                           </label>
                           <input checked="checked" id="sendreminderemail_closing" name="sendreminderemail" type="checkbox" value="FEEDBACK_CLOSING"/>
                                                   </div>
                     </div>
                     <div class="col-sm-4" data-original-title="Select this option to automatically send an email to students to notify them when the session results is published." data-placement="top" data-toggle="tooltip" title="">
                        <div class="checkbox">
                           <label for="sendreminderemail_published">
                              Results
                                        published announcement
                           </label>
                           <input checked="checked" id="sendreminderemail_published" name="sendreminderemail" type="checkbox" value="FEEDBACK_PUBLISHED"/>
                                                   </div>
                     </div>
                  </div>
               </div>
            </div>
            <div class="form-group">
               <div class="col-md-offset-5 col-md-3">
                  <button class="btn btn-primary" id="button_submit" type="submit">
                     Create Feedback Session
                  </button>
               </div>
            </div>
            <input name="user" type="hidden" value="teammates.coord_123"/>
                     </form>
         <form action="/page/instructorFeedbacksPage" class="ajaxForSessionsForm" id="ajaxForSessions" style="display:none;">
            <input name="user" type="hidden" value="teammates.coord_123"/>
                        <input name="isusingAjax" type="hidden" value="on"/>
                     </form>
         <br/>
                  <br/>
               </div>
      <br/>
            <div class="alert alert-warning" id="statusMessage">
         Reminder e-mails have been sent out to those students and instructors. Please allow up to 1 hour for all the notification emails to be sent out.
      </div>
      <script type="text/javascript">
         document.getElementById( 'statusMessage' ).scrollIntoView();
      </script>
      <br/>
            <div aria-hidden="true" aria-labelledby="copyModalTitle" class="modal fade" id="copyModal" role="dialog" tabindex="-1">
         <div class="modal-dialog">
            <div class="modal-content">
               <div class="modal-header">
                  <button class="close" data-dismiss="modal" type="button">
                     <span aria-hidden="true">
                        ×
                     </span>
                     <span class="sr-only">
                        Close
                     </span>
                  </button>
                  <h4 class="modal-title" id="copyModalTitle">
                     Creating a new session by copying a previous session
                  </h4>
               </div>
               <div class="modal-body" id="copySessionsBody">
                  <form action="/page/instructorFeedbackCopy" class="form" id="copyModalForm" method="post" role="form">
                     <div class="form-group">
                        <label class="control-label" for="modalCopiedCourseId">
                           Create in course
                        </label>
                        <select class="form-control" id="modalCopiedCourseId" name="copiedcourseid">
                           <option value="AHPUiT.instr1.gma-demo">
                              AHPUiT.instr1.gma-demo
                           </option>
                        </select>
                     </div>
                     <div class="form-group">
                        <label class="control-label" for="modalCopiedSessionName">
                           Name for new session
                        </label>
                        <input class="form-control" id="modalCopiedSessionName" maxlength="38" name="copiedfsname" placeholder="e.g. Feedback for Project Presentation 1" type="text" value=""/>
                                             </div>
                     <label>
                        Copy sessions/questions from
                     </label>
                     <table class="table-responsive table table-bordered table-hover margin-0" id="copyTableModal">
                        <thead class="fill-primary">
                           <tr>
                              <th style="width:20px;">
                                  
                              </th>
                              <th>
                                 Course ID
                              </th>
                              <th>
                                 Feedback Session Name
                              </th>
                           </tr>
                        </thead>
                        <tbody>
                           <tr style="cursor:pointer;">
                              <td>
                                 <input type="radio"/>
                                                               </td>
                              <td>
                                 AHPUiT.instr1.gma-demo
                              </td>
                              <td>
                                 Second team feedback session
                              </td>
                           </tr>
                           <tr style="cursor:pointer;">
                              <td>
                                 <input type="radio"/>
                                                               </td>
                              <td>
                                 AHPUiT.instr1.gma-demo
                              </td>
                              <td>
                                 First team feedback session
                              </td>
                           </tr>
                           <tr style="cursor:pointer;">
                              <td>
                                 <input type="radio"/>
                                                               </td>
                              <td>
                                 AHPUiT.instr1.gma-demo
                              </td>
                              <td>
                                 Session with different question types
                              </td>
                           </tr>
                        </tbody>
                     </table>
                     <input id="modalSessionName" name="fsname" type="hidden" value=""/>
                                          <input id="modalCourseId" name="courseid" type="hidden" value=""/>
                                          <input name="user" type="hidden" value="teammates.coord_123"/>
                                       </form>
               </div>
               <div class="modal-footer margin-0">
                  <button class="btn btn-primary" disabled="disabled" id="button_copy_submit" type="button">
                     Copy
                  </button>
                  <button class="btn btn-default" data-dismiss="modal" type="button">
                     Cancel
                  </button>
               </div>
            </div>
         </div>
      </div>
      <table class="table-responsive table table-striped table-bordered" id="table-sessions">
         <thead>
            <tr class="fill-primary">
               <th class="button-sort-ascending" id="button_sortid" onclick="toggleSort(this,1);">
                  Course ID
                  <span class="icon-sort unsorted">
                  </span>
               </th>
               <th class="button-sort-none" id="button_sortname" onclick="toggleSort(this,2)">
                  Session Name
                  <span class="icon-sort unsorted">
                  </span>
               </th>
               <th>
                  Status
               </th>
               <th>
                  <span data-placement="top" data-toggle="tooltip" title="Number of students submitted / Class size">
                     Response Rate
                  </span>
               </th>
               <th class="no-print">
                  Action(s)
               </th>
            </tr>
         </thead>
         <tbody>
            <tr class="sessionsRow" id="session0">
               <td>
                  AHPUiT.instr1.gma-demo
               </td>
               <td>
                  Second team feedback session
               </td>
               <td>
                  <span data-placement="top" data-toggle="tooltip" title="The feedback session has been created, is visible, and is open for submissions.<br ></span>The responses for this session are visible.">
                     Open
                  </span>
               </td>
               <td class="session-response-for-test recent">
                  0 / 9
               </td>
               <td class="no-print">
                  <a class="btn btn-default btn-xs btn-tm-actions session-view-for-test" data-placement="top" data-toggle="tooltip" href="/page/instructorFeedbackResultsPage?courseid=AHPUiT.instr1.gma-demo&fsname=Second+team+feedback+session&user=teammates.coord_123" title="View the submitted responses for this feedback session">
                     View Results
                  </a>
                  <a class="btn btn-default btn-xs btn-tm-actions session-edit-for-test" data-placement="top" data-toggle="tooltip" href="/page/instructorFeedbackEditPage?courseid=AHPUiT.instr1.gma-demo&fsname=Second+team+feedback+session&user=teammates.coord_123" title="Edit feedback session details">
                     Edit
                  </a>
                  <a class="btn btn-default btn-xs btn-tm-actions session-delete-for-test" data-placement="top" data-toggle="tooltip" href="/page/instructorFeedbackDelete?courseid=AHPUiT.instr1.gma-demo&fsname=Second+team+feedback+session&next=%2Fpage%2FinstructorFeedbacksPage%3Fuser%3Dteammates.coord_123&user=teammates.coord_123" onclick="return toggleDeleteFeedbackSessionConfirmation('AHPUiT.instr1.gma-demo','Second team feedback session');" title="Delete the feedback session">
                     Delete
                  </a>
                  <a class="btn btn-default btn-xs btn-tm-actions session-submit-for-test" data-placement="top" data-toggle="tooltip" href="/page/instructorFeedbackSubmissionEditPage?courseid=AHPUiT.instr1.gma-demo&fsname=Second+team+feedback+session&user=teammates.coord_123" title="Start submitting feedback">
                     Submit
                  </a>
                  <a class="btn btn-default btn-xs btn-tm-actions session-remind-for-test" data-placement="top" data-toggle="tooltip" href="/page/instructorFeedbackRemind?courseid=AHPUiT.instr1.gma-demo&fsname=Second+team+feedback+session&user=teammates.coord_123" onclick="return toggleRemindStudents('Second team feedback session');" title="Send e-mails to remind students and instructors who have not submitted their feedbacks to do so">
                     Remind
                  </a>
                  <a class="btn btn-default btn-xs btn-tm-actions session-unpublish-for-test" data-placement="top" data-toggle="tooltip" href="/page/instructorFeedbackUnpublish?courseid=AHPUiT.instr1.gma-demo&fsname=Second+team+feedback+session&next=%2Fpage%2FinstructorFeedbacksPage%3Fuser%3Dteammates.coord_123&user=teammates.coord_123" onclick="return toggleUnpublishEvaluation('Second team feedback session');" title="Make responses no longer visible">
                     Unpublish
                  </a>
               </td>
            </tr>
            <tr class="sessionsRow" id="session1">
               <td>
                  AHPUiT.instr1.gma-demo
               </td>
               <td>
                  First team feedback session
               </td>
               <td>
                  <span data-placement="top" data-toggle="tooltip" title="The feedback session has been created, is visible, and has ended.<br ></span>The responses for this session are visible.">
                     Published
                  </span>
               </td>
               <td class="session-response-for-test">
                  <a href="/page/feedbackSessionStatsPage?courseid=AHPUiT.instr1.gma-demo&fsname=First+team+feedback+session&user=teammates.coord_123" oncontextmenu="return false;">
                     Show
                  </a>
               </td>
               <td class="no-print">
                  <a class="btn btn-default btn-xs btn-tm-actions session-view-for-test" data-placement="top" data-toggle="tooltip" href="/page/instructorFeedbackResultsPage?courseid=AHPUiT.instr1.gma-demo&fsname=First+team+feedback+session&user=teammates.coord_123" title="View the submitted responses for this feedback session">
                     View Results
                  </a>
                  <a class="btn btn-default btn-xs btn-tm-actions session-edit-for-test" data-placement="top" data-toggle="tooltip" href="/page/instructorFeedbackEditPage?courseid=AHPUiT.instr1.gma-demo&fsname=First+team+feedback+session&user=teammates.coord_123" title="Edit feedback session details">
                     Edit
                  </a>
                  <a class="btn btn-default btn-xs btn-tm-actions session-delete-for-test" data-placement="top" data-toggle="tooltip" href="/page/instructorFeedbackDelete?courseid=AHPUiT.instr1.gma-demo&fsname=First+team+feedback+session&next=%2Fpage%2FinstructorFeedbacksPage%3Fuser%3Dteammates.coord_123&user=teammates.coord_123" onclick="return toggleDeleteFeedbackSessionConfirmation('AHPUiT.instr1.gma-demo','First team feedback session');" title="Delete the feedback session">
                     Delete
                  </a>
                  <a class="btn btn-default btn-xs btn-tm-actions session-submit-for-test" data-placement="top" data-toggle="tooltip" href="/page/instructorFeedbackSubmissionEditPage?courseid=AHPUiT.instr1.gma-demo&fsname=First+team+feedback+session&user=teammates.coord_123" title="Start submitting feedback">
                     Submit
                  </a>
                  <a class="btn btn-default btn-xs btn-tm-actions session-remind-for-test disabled" data-placement="top" data-toggle="tooltip" href="/page/instructorFeedbackRemind?courseid=AHPUiT.instr1.gma-demo&fsname=First+team+feedback+session&user=teammates.coord_123" onclick="return false" title="Send e-mails to remind students and instructors who have not submitted their feedbacks to do so">
                     Remind
                  </a>
                  <a class="btn btn-default btn-xs btn-tm-actions session-unpublish-for-test" data-placement="top" data-toggle="tooltip" href="/page/instructorFeedbackUnpublish?courseid=AHPUiT.instr1.gma-demo&fsname=First+team+feedback+session&next=%2Fpage%2FinstructorFeedbacksPage%3Fuser%3Dteammates.coord_123&user=teammates.coord_123" onclick="return toggleUnpublishEvaluation('First team feedback session');" title="Make responses no longer visible">
                     Unpublish
                  </a>
               </td>
            </tr>
            <tr class="sessionsRow" id="session2">
               <td>
                  AHPUiT.instr1.gma-demo
               </td>
               <td>
                  Session with different question types
               </td>
               <td>
                  <span data-placement="top" data-toggle="tooltip" title="The feedback session has been created, is visible, and has ended.<br ></span>The responses for this session are visible.">
                     Published
                  </span>
               </td>
               <td class="session-response-for-test">
                  <a href="/page/feedbackSessionStatsPage?courseid=AHPUiT.instr1.gma-demo&fsname=Session+with+different+question+types&user=teammates.coord_123" oncontextmenu="return false;">
                     Show
                  </a>
               </td>
               <td class="no-print">
                  <a class="btn btn-default btn-xs btn-tm-actions session-view-for-test" data-placement="top" data-toggle="tooltip" href="/page/instructorFeedbackResultsPage?courseid=AHPUiT.instr1.gma-demo&fsname=Session+with+different+question+types&user=teammates.coord_123" title="View the submitted responses for this feedback session">
                     View Results
                  </a>
                  <a class="btn btn-default btn-xs btn-tm-actions session-edit-for-test" data-placement="top" data-toggle="tooltip" href="/page/instructorFeedbackEditPage?courseid=AHPUiT.instr1.gma-demo&fsname=Session+with+different+question+types&user=teammates.coord_123" title="Edit feedback session details">
                     Edit
                  </a>
                  <a class="btn btn-default btn-xs btn-tm-actions session-delete-for-test" data-placement="top" data-toggle="tooltip" href="/page/instructorFeedbackDelete?courseid=AHPUiT.instr1.gma-demo&fsname=Session+with+different+question+types&next=%2Fpage%2FinstructorFeedbacksPage%3Fuser%3Dteammates.coord_123&user=teammates.coord_123" onclick="return toggleDeleteFeedbackSessionConfirmation('AHPUiT.instr1.gma-demo','Session with different question types');" title="Delete the feedback session">
                     Delete
                  </a>
                  <a class="btn btn-default btn-xs btn-tm-actions session-submit-for-test" data-placement="top" data-toggle="tooltip" href="/page/instructorFeedbackSubmissionEditPage?courseid=AHPUiT.instr1.gma-demo&fsname=Session+with+different+question+types&user=teammates.coord_123" title="Start submitting feedback">
                     Submit
                  </a>
                  <a class="btn btn-default btn-xs btn-tm-actions session-remind-for-test disabled" data-placement="top" data-toggle="tooltip" href="/page/instructorFeedbackRemind?courseid=AHPUiT.instr1.gma-demo&fsname=Session+with+different+question+types&user=teammates.coord_123" onclick="return false" title="Send e-mails to remind students and instructors who have not submitted their feedbacks to do so">
                     Remind
                  </a>
                  <a class="btn btn-default btn-xs btn-tm-actions session-unpublish-for-test" data-placement="top" data-toggle="tooltip" href="/page/instructorFeedbackUnpublish?courseid=AHPUiT.instr1.gma-demo&fsname=Session+with+different+question+types&next=%2Fpage%2FinstructorFeedbacksPage%3Fuser%3Dteammates.coord_123&user=teammates.coord_123" onclick="return toggleUnpublishEvaluation('Session with different question types');" title="Make responses no longer visible">
                     Unpublish
                  </a>
               </td>
            </tr>
         </tbody>
      </table>
      <br/>
            <br/>
            <br/>
         </div>

</expected]>> but was:<<[actual>
   <div class="container theme-showcase" id="frameBodyWrapper">
      <div id="topOfPage">
      </div>
      <h1>
         Add New Feedback Session
      </h1>
      <div class="well well-plain">
         <form action="/page/instructorFeedbackAdd" class="form-group" method="post" name="form_addfeedbacksession">
            <div class="row">
               <h4 class="label-control col-md-2 text-md">
                  Create new
               </h4>
               <div class="col-md-5">
                  <div class="col-md-10" data-original-title="Select a session type here." data-placement="top" data-toggle="tooltip" title="">
                     <select class="form-control" id="fstype" name="fstype">
                        <option value="STANDARD">
                           Session with your own questions
                        </option>
                        <option selected="selected" value="TEAMEVALUATION">
                           Team peer evaluation session
                        </option>
                     </select>
                  </div>
                  <div class="col-md-1">
                     <h5>
                        <a href="/instructorHelp.html#fbSetupSession" target="_blank">
                           <span class="glyphicon glyphicon-info-sign">
                           </span>
                        </a>
                     </h5>
                  </div>
               </div>
               <h4 class="label-control col-md-1 text-md">
                  Or:
               </h4>
               <div class="col-md-3">
                  <a class="btn btn-info" id="button_copy" style="vertical-align:middle;">
                     Copy
                            from previous feedback sessions
                  </a>
               </div>
            </div>
            <br/>
                        <div class="panel panel-primary">
               <div class="panel-body">
                  <div class="row">
                     <div class="col-md-6" data-original-title="Please select the course for which the feedback session is to be created." data-placement="top" data-toggle="tooltip" title="">
                        <div class="form-group">
                           <h5 class="col-sm-4">
                              <label class="control-label" for="courseid">
                                 Course
                              </label>
                           </h5>
                           <div class="col-sm-8">
                              <select class="form-control" id="courseid" name="courseid">
                                 <option value="AHPUiT.instr1.gma-demo">
                                    AHPUiT.instr1.gma-demo
                                 </option>
                              </select>
                           </div>
                        </div>
                     </div>
                     <div class="col-md-6" data-original-title="You should not need to change this as your timezone is auto-detected. <br /><br />However, note that daylight saving is not taken into account i.e. if you are in UTC -8:00 and there is daylight saving, you should choose UTC -7:00 and its corresponding timings." data-placement="top" data-toggle="tooltip" title="">
                        <div class="form-group">
                           <h5 class="col-sm-4">
                              <label class="control-label" for="timezone">
                                 Timezone
                              </label>
                           </h5>
                           <div class="col-sm-8">
                              <select class="form-control" id="timezone" name="timezone">
                                 <option value="-12">
                                    (UTC -12:00) Baker Island, Howland Island
                                 </option>
                                 <option value="-11">
                                    (UTC -11:00) American Samoa, Niue
                                 </option>
                                 <option value="-10">
                                    (UTC -10:00) Hawaii, Cook Islands, Marquesas Islands
                                 </option>
                                 <option value="-9">
                                    (UTC -09:00) Gambier Islands, Alaska
                                 </option>
                                 <option value="-8">
                                    (UTC -08:00) Los Angeles, Vancouver, Tijuana
                                 </option>
                                 <option value="-7">
                                    (UTC -07:00) Phoenix, Calgary, Ciudad Juárez
                                 </option>
                                 <option value="-6">
                                    (UTC -06:00) Chicago, Guatemala City, Mexico City, San José, San Salvador, Tegucigalpa, Winnipeg
                                 </option>
                                 <option value="-5">
                                    (UTC -05:00) New York, Lima, Toronto, Bogotá, Havana, Kingston
                                 </option>
                                 <option value="-4.5">
                                    (UTC -04:30) Caracas
                                 </option>
                                 <option value="-4">
                                    (UTC -04:00) Santiago, La Paz, San Juan de Puerto Rico, Manaus, Halifax
                                 </option>
                                 <option value="-3.5">
                                    (UTC -03:30) St. John's
                                 </option>
                                 <option value="-3">
                                    (UTC -03:00) Buenos Aires, Montevideo, São Paulo
                                 </option>
                                 <option value="-2">
                                    (UTC -02:00) Fernando de Noronha, South Georgia and the South Sandwich Islands
                                 </option>
                                 <option value="-1">
                                    (UTC -01:00) Cape Verde, Greenland, Azores islands
                                 </option>
                                 <option value="0">
                                    (UTC) Accra, Abidjan, Casablanca, Dakar, Dublin, Lisbon, London
                                 </option>
                                 <option value="1">
                                    (UTC +01:00) Belgrade, Berlin, Brussels, Lagos, Madrid, Paris, Rome, Tunis, Vienna, Warsaw
                                 </option>
                                 <option value="2">
                                    (UTC +02:00) Athens, Sofia, Cairo, Kiev, Istanbul, Beirut, Helsinki, Jerusalem, Johannesburg, Bucharest
                                 </option>
                                 <option value="3">
                                    (UTC +03:00) Nairobi, Baghdad, Doha, Khartoum, Minsk, Riyadh
                                 </option>
                                 <option value="3.5">
                                    (UTC +03:30) Tehran
                                 </option>
                                 <option value="4">
                                    (UTC +04:00) Baku, Dubai, Moscow
                                 </option>
                                 <option value="4.5">
                                    (UTC +04:30) Kabul
                                 </option>
                                 <option value="5">
                                    (UTC +05:00) Karachi, Tashkent
                                 </option>
                                 <option value="5.5">
                                    (UTC +05:30) Colombo, Delhi
                                 </option>
                                 <option value="5.75">
                                    (UTC +05:45) Kathmandu
                                 </option>
                                 <option value="6">
                                    (UTC +06:00) Almaty, Dhaka, Yekaterinburg
                                 </option>
                                 <option value="7">
                                    (UTC +07:00) Jakarta, Bangkok, Novosibirsk, Hanoi
                                 </option>
                                 <option value="8">
                                    (UTC +08:00) Perth, Beijing, Manila, Singapore, Kuala Lumpur, Denpasar, Krasnoyarsk
                                 </option>
                                 <option value="9">
                                    (UTC +09:00) Seoul, Tokyo, Pyongyang, Ambon, Irkutsk
                                 </option>
                                 <option value="10">
                                    (UTC +10:00) Canberra, Yakutsk, Port Moresby
                                 </option>
                                 <option value="11">
                                    (UTC +11:00) Vladivostok, Noumea
                                 </option>
                                 <option value="12">
                                    (UTC +12:00) Auckland, Suva
                                 </option>
                                 <option value="13">
                                    (UTC +13:00) Phoenix Islands, Tokelau, Tonga
                                 </option>
                              </select>
                           </div>
                        </div>
                     </div>
                  </div>
                  <br/>
                                    <div class="row">
                     <div class="col-md-12" data-original-title="Enter the name of the feedback session e.g. Feedback Session 1." data-placement="top" data-toggle="tooltip" title="">
                        <div class="form-group">
                           <h5 class="col-sm-2">
                              <label class="control-label" for="fsname">
                                 Session
                                            name
                              </label>
                           </h5>
                           <div class="col-sm-10">
                              <input class="form-control" id="fsname" maxlength="38" name="fsname" placeholder="e.g. Feedback for Project Presentation 1" type="text" value=""/>
                                                         </div>
                        </div>
                     </div>
                  </div>
                  <br/>
                                    <div class="row" id="instructionsRow">
                     <div class="col-md-12" data-original-title="Enter instructions for this feedback session. e.g. Avoid comments which are too critical.<br /> It will be displayed at the top of the page when users respond to the session." data-placement="top" data-toggle="tooltip" title="">
                        <div class="form-group">
                           <h5 class="col-sm-2">
                              <label class="control-label" for="instructions">
                                 Instructions
                              </label>
                           </h5>
                           <div class="col-sm-10">
                              <textarea class="form-control" cols="100%" id="instructions" name="instructions" placeholder="e.g. Please answer all the given questions." rows="4">
                                 Please answer all the given questions.
                              </textarea>
                           </div>
                        </div>
                     </div>
                  </div>
               </div>
            </div>
            <div class="panel panel-primary" id="timeFramePanel">
               <div class="panel-body">
                  <div class="row">
                     <div class="col-md-5" data-original-title="Please select the date and time for which users can start submitting responses for the feedback session." data-placement="top" data-toggle="tooltip" title="">
                        <div class="row">
                           <div class="col-md-6">
                              <label class="label-control" for="startdate">
                                 Submission opening time
                              </label>
                           </div>
                        </div>
                        <div class="row">
                           <div class="col-md-6">
                              <input class="form-control col-sm-2 hasDatepicker" id="startdate" name="startdate" placeholder="Date" type="text" value="05/11/2014"/>
                                                         </div>
                           <div class="col-md-6">
                              <select class="form-control" id="starttime" name="starttime">
                                 <option value="1">
                                    0100H
                                 </option>
                                 <option value="2">
                                    0200H
                                 </option>
                                 <option value="3">
                                    0300H
                                 </option>
                                 <option value="4">
                                    0400H
                                 </option>
                                 <option value="5">
                                    0500H
                                 </option>
                                 <option value="6">
                                    0600H
                                 </option>
                                 <option value="7">
                                    0700H
                                 </option>
                                 <option value="8">
                                    0800H
                                 </option>
                                 <option value="9">
                                    0900H
                                 </option>
                                 <option value="10">
                                    1000H
                                 </option>
                                 <option value="11">
                                    1100H
                                 </option>
                                 <option value="12">
                                    1200H
                                 </option>
                                 <option value="13">
                                    1300H
                                 </option>
                                 <option value="14">
                                    1400H
                                 </option>
                                 <option value="15">
                                    1500H
                                 </option>
                                 <option value="16">
                                    1600H
                                 </option>
                                 <option value="17">
                                    1700H
                                 </option>
                                 <option value="18">
                                    1800H
                                 </option>
                                 <option value="19">
                                    1900H
                                 </option>
                                 <option value="20">
                                    2000H
                                 </option>
                                 <option value="21">
                                    2100H
                                 </option>
                                 <option value="22">
                                    2200H
                                 </option>
                                 <option value="23">
                                    2300H
                                 </option>
                                 <option selected="selected" value="24">
                                    2359H
                                 </option>
                              </select>
                           </div>
                        </div>
                     </div>
                     <div class="col-md-5 border-left-gray" data-original-title="Please select the date and time after which the feedback session will no longer accept submissions from users." data-placement="top" data-toggle="tooltip" title="">
                        <div class="row">
                           <div class="col-md-6">
                              <label class="label-control" for="enddate">
                                 Submission
                                            closing time
                              </label>
                           </div>
                        </div>
                        <div class="row">
                           <div class="col-md-6">
                              <input class="form-control col-sm-2 hasDatepicker" id="enddate" name="enddate" placeholder="Date" type="text" value=""/>
                                                         </div>
                           <div class="col-md-6">
                              <select class="form-control" id="endtime" name="endtime">
                                 <option value="1">
                                    0100H
                                 </option>
                                 <option value="2">
                                    0200H
                                 </option>
                                 <option value="3">
                                    0300H
                                 </option>
                                 <option value="4">
                                    0400H
                                 </option>
                                 <option value="5">
                                    0500H
                                 </option>
                                 <option value="6">
                                    0600H
                                 </option>
                                 <option value="7">
                                    0700H
                                 </option>
                                 <option value="8">
                                    0800H
                                 </option>
                                 <option value="9">
                                    0900H
                                 </option>
                                 <option value="10">
                                    1000H
                                 </option>
                                 <option value="11">
                                    1100H
                                 </option>
                                 <option value="12">
                                    1200H
                                 </option>
                                 <option value="13">
                                    1300H
                                 </option>
                                 <option value="14">
                                    1400H
                                 </option>
                                 <option value="15">
                                    1500H
                                 </option>
                                 <option value="16">
                                    1600H
                                 </option>
                                 <option value="17">
                                    1700H
                                 </option>
                                 <option value="18">
                                    1800H
                                 </option>
                                 <option value="19">
                                    1900H
                                 </option>
                                 <option value="20">
                                    2000H
                                 </option>
                                 <option value="21">
                                    2100H
                                 </option>
                                 <option value="22">
                                    2200H
                                 </option>
                                 <option value="23">
                                    2300H
                                 </option>
                                 <option selected="selected" value="24">
                                    2359H
                                 </option>
                              </select>
                           </div>
                        </div>
                     </div>
                     <div class="col-md-2 border-left-gray" data-original-title="Please select the amount of time that the system will continue accepting <br />submissions after the specified deadline." data-placement="top" data-toggle="tooltip" title="">
                        <div class="row">
                           <div class="col-md-12">
                              <label class="control-label" for="graceperiod">
                                 Grace period
                              </label>
                           </div>
                        </div>
                        <div class="row">
                           <div class="col-sm-12">
                              <select class="form-control" id="graceperiod" name="graceperiod">
                                 <option value="0">
                                    0 mins
                                 </option>
                                 <option value="5">
                                    5 mins
                                 </option>
                                 <option value="10">
                                    10 mins
                                 </option>
                                 <option selected="selected" value="15">
                                    15 mins
                                 </option>
                                 <option value="20">
                                    20 mins
                                 </option>
                                 <option value="25">
                                    25 mins
                                 </option>
                                 <option value="30">
                                    30 mins
                                 </option>
                              </select>
                           </div>
                        </div>
                     </div>
                  </div>
               </div>
            </div>
            <div class="row" id="uncommonSettingsInfo">
               <div class="col-md-12 text-muted">
                  <span id="uncommonSettingsInfoText">
                     Session is visible at submission opening time, responses are only visible when you publish the results.
                     <br/>
                                          Emails are sent when session opens (within 15 mins), 24 hrs before session closes and when results are published.
                  </span>
                  <a data-done="[Done]" data-edit="[Edit]" id="editUncommonSettingsButton">
                     [Edit]
                  </a>
                  <br/>
                                    <br/>
                                 </div>
            </div>
            <div class="panel panel-primary" id="sessionResponsesVisiblePanel" style="display:none;">
               <div class="panel-body">
                  <div class="row">
                     <div class="col-md-6">
                        <div class="row">
                           <div class="col-md-6" data-original-title="Please select when you want the questions for the feedback session to be visible to users who need to participate. Note that users cannot submit their responses until the submissions opening time set below." data-placement="top" data-toggle="tooltip" title="">
                              <label class="label-control">
                                 Session visible from
                              </label>
                           </div>
                        </div>
                        <div class="row radio">
                           <div class="col-md-2" data-original-title="Select this option to enter in a custom date and time for which the feedback session will become visible.<br />Note that you can make a session visible before it is open for submissions so that users can preview the questions." data-placement="top" data-toggle="tooltip" title="">
                              <label for="sessionVisibleFromButton_custom">
                                 At
                              </label>
                              <input id="sessionVisibleFromButton_custom" name="sessionVisibleFromButton" type="radio" value="custom"/>
                                                         </div>
                           <div class="col-md-5">
                              <input class="form-control col-sm-2 hasDatepicker" disabled="disabled" id="visibledate" name="visibledate" type="text" value=""/>
                                                         </div>
                           <div class="col-md-4">
                              <select class="form-control" disabled="disabled" id="visibletime" name="visibletime">
                                 <option value="1">
                                    0100H
                                 </option>
                                 <option value="2">
                                    0200H
                                 </option>
                                 <option value="3">
                                    0300H
                                 </option>
                                 <option value="4">
                                    0400H
                                 </option>
                                 <option value="5">
                                    0500H
                                 </option>
                                 <option value="6">
                                    0600H
                                 </option>
                                 <option value="7">
                                    0700H
                                 </option>
                                 <option value="8">
                                    0800H
                                 </option>
                                 <option value="9">
                                    0900H
                                 </option>
                                 <option value="10">
                                    1000H
                                 </option>
                                 <option value="11">
                                    1100H
                                 </option>
                                 <option value="12">
                                    1200H
                                 </option>
                                 <option value="13">
                                    1300H
                                 </option>
                                 <option value="14">
                                    1400H
                                 </option>
                                 <option value="15">
                                    1500H
                                 </option>
                                 <option value="16">
                                    1600H
                                 </option>
                                 <option value="17">
                                    1700H
                                 </option>
                                 <option value="18">
                                    1800H
                                 </option>
                                 <option value="19">
                                    1900H
                                 </option>
                                 <option value="20">
                                    2000H
                                 </option>
                                 <option value="21">
                                    2100H
                                 </option>
                                 <option value="22">
                                    2200H
                                 </option>
                                 <option value="23">
                                    2300H
                                 </option>
                                 <option selected="selected" value="24">
                                    2359H
                                 </option>
                              </select>
                           </div>
                        </div>
                        <div class="row radio">
                           <div class="col-md-6" data-original-title="Select this option to have the feedback session become visible when it is open for submissions (as selected above)." data-placement="top" data-toggle="tooltip" title="">
                              <label for="sessionVisibleFromButton_atopen">
                                 Submission
                                            opening time
                              </label>
                              <input checked="checked" id="sessionVisibleFromButton_atopen" name="sessionVisibleFromButton" type="radio" value="atopen"/>
                                                         </div>
                        </div>
                        <div class="row radio">
                           <div class="col-md-6" data-original-title="Select this option if you want the feedback session to never be visible. Use this option if you want to use this as a private feedback session." data-placement="top" data-toggle="tooltip" title="">
                              <label for="sessionVisibleFromButton_never">
                                 Never
                                            (this is a private session)
                              </label>
                              <input id="sessionVisibleFromButton_never" name="sessionVisibleFromButton" type="radio" value="never"/>
                                                         </div>
                        </div>
                     </div>
                     <div class="col-md-6 border-left-gray" id="responsesVisibleFromColumn">
                        <div class="row">
                           <div class="col-md-6" data-original-title="Please select when the responses for the feedback session will be visible to the designated recipients.<br />You can select the response visibility for each type of user and question later." data-placement="top" data-toggle="tooltip" title="">
                              <label class="label-control">
                                 Responses
                                            visible from
                              </label>
                           </div>
                        </div>
                        <div class="row radio">
                           <div class="col-md-2" data-original-title="Select this option to use a custom time for when the responses of the feedback session<br />will be visible to the designated recipients." data-placement="top" data-toggle="tooltip" title="">
                              <label for="resultsVisibleFromButton_custom">
                                 At
                              </label>
                              <input id="resultsVisibleFromButton_custom" name="resultsVisibleFromButton" type="radio" value="custom"/>
                                                         </div>
                           <div class="col-md-5">
                              <input class="form-control hasDatepicker" disabled="disabled" id="publishdate" name="publishdate" type="text" value=""/>
                                                         </div>
                           <div class="col-md-4">
                              <select class="form-control" data-original-title="Select this option to enter in a custom date and time for which</br>the responses for this feedback session will become visible." data-placement="top" data-toggle="tooltip" disabled="disabled" id="publishtime" name="publishtime" title="">
                                 <option value="1">
                                    0100H
                                 </option>
                                 <option value="2">
                                    0200H
                                 </option>
                                 <option value="3">
                                    0300H
                                 </option>
                                 <option value="4">
                                    0400H
                                 </option>
                                 <option value="5">
                                    0500H
                                 </option>
                                 <option value="6">
                                    0600H
                                 </option>
                                 <option value="7">
                                    0700H
                                 </option>
                                 <option value="8">
                                    0800H
                                 </option>
                                 <option value="9">
                                    0900H
                                 </option>
                                 <option value="10">
                                    1000H
                                 </option>
                                 <option value="11">
                                    1100H
                                 </option>
                                 <option value="12">
                                    1200H
                                 </option>
                                 <option value="13">
                                    1300H
                                 </option>
                                 <option value="14">
                                    1400H
                                 </option>
                                 <option value="15">
                                    1500H
                                 </option>
                                 <option value="16">
                                    1600H
                                 </option>
                                 <option value="17">
                                    1700H
                                 </option>
                                 <option value="18">
                                    1800H
                                 </option>
                                 <option value="19">
                                    1900H
                                 </option>
                                 <option value="20">
                                    2000H
                                 </option>
                                 <option value="21">
                                    2100H
                                 </option>
                                 <option value="22">
                                    2200H
                                 </option>
                                 <option value="23">
                                    2300H
                                 </option>
                                 <option selected="selected" value="24">
                                    2359H
                                 </option>
                              </select>
                           </div>
                        </div>
                        <div class="row radio">
                           <div class="col-md-3" data-original-title="Select this option to have the feedback responses be immediately visible<br />when the session becomes visible to users." data-placement="top" data-toggle="tooltip" title="">
                              <label for="resultsVisibleFromButton_atvisible">
                                 Immediately
                              </label>
                              <input id="resultsVisibleFromButton_atvisible" name="resultsVisibleFromButton" type="radio" value="atvisible"/>
                                                         </div>
                        </div>
                        <div class="row radio">
                           <div class="col-md-4" data-original-title="Select this option if you intend to manually publish the session later on." data-placement="top" data-toggle="tooltip" title="">
                              <label for="resultsVisibleFromButton_later">
                                 Publish
                                            manually
                              </label>
                              <input checked="checked" id="resultsVisibleFromButton_later" name="resultsVisibleFromButton" type="radio" value="later"/>
                                                         </div>
                        </div>
                        <div class="row radio">
                           <div class="col-md-2" data-original-title="Select this option if you intend never to publish the responses." data-placement="top" data-toggle="tooltip" title="">
                              <label for="resultsVisibleFromButton_never">
                                 Never
                              </label>
                              <input id="resultsVisibleFromButton_never" name="resultsVisibleFromButton" type="radio" value="never"/>
                                                         </div>
                        </div>
                     </div>
                  </div>
               </div>
            </div>
            <div class="panel panel-primary" id="sendEmailsForPanel" style="display:none;">
               <div class="panel-body">
                  <div class="row">
                     <div class="col-md-12">
                        <label class="control-label">
                           Send
                                    emails for
                        </label>
                     </div>
                  </div>
                  <div class="row">
                     <div class="col-sm-3" data-original-title="Select this option to automatically send an email to students to notify them when the session is open for submission." data-placement="top" data-toggle="tooltip" title="">
                        <div class="checkbox">
                           <label>
                              Session opening
                                        reminder
                           </label>
                           <input checked="checked" id="sendreminderemail_open" name="sendreminderemail" type="checkbox" value="FEEDBACK_OPENING"/>
                                                   </div>
                     </div>
                     <div class="col-sm-3" data-original-title="Select this option to automatically send an email to students to remind them to submit 24 hours before the end of the session." data-placement="top" data-toggle="tooltip" title="">
                        <div class="checkbox">
                           <label for="sendreminderemail_closing">
                              Session
                                        closing reminder
                           </label>
                           <input checked="checked" id="sendreminderemail_closing" name="sendreminderemail" type="checkbox" value="FEEDBACK_CLOSING"/>
                                                   </div>
                     </div>
                     <div class="col-sm-4" data-original-title="Select this option to automatically send an email to students to notify them when the session results is published." data-placement="top" data-toggle="tooltip" title="">
                        <div class="checkbox">
                           <label for="sendreminderemail_published">
                              Results
                                        published announcement
                           </label>
                           <input checked="checked" id="sendreminderemail_published" name="sendreminderemail" type="checkbox" value="FEEDBACK_PUBLISHED"/>
                                                   </div>
                     </div>
                  </div>
               </div>
            </div>
            <div class="form-group">
               <div class="col-md-offset-5 col-md-3">
                  <button class="btn btn-primary" id="button_submit" type="submit">
                     Create Feedback Session
                  </button>
               </div>
            </div>
            <input name="user" type="hidden" value="teammates.coord_123"/>
                     </form>
         <form action="/page/instructorFeedbacksPage" class="ajaxForSessionsForm" id="ajaxForSessions" style="display:none;">
            <input name="user" type="hidden" value="teammates.coord_123"/>
                        <input name="isusingAjax" type="hidden" value="on"/>
                     </form>
         <br/>
                  <br/>
               </div>
      <br/>
            <div class="alert alert-warning" id="statusMessage">
         Reminder e-mails have been sent out to those students and instructors. Please allow up to 1 hour for all the notification emails to be sent out.
      </div>
      <script type="text/javascript">
         document.getElementById( 'statusMessage' ).scrollIntoView();
      </script>
      <br/>
            <div aria-hidden="true" aria-labelledby="copyModalTitle" class="modal fade" id="copyModal" role="dialog" tabindex="-1">
         <div class="modal-dialog">
            <div class="modal-content">
               <div class="modal-header">
                  <button class="close" data-dismiss="modal" type="button">
                     <span aria-hidden="true">
                        ×
                     </span>
                     <span class="sr-only">
                        Close
                     </span>
                  </button>
                  <h4 class="modal-title" id="copyModalTitle">
                     Creating a new session by copying a previous session
                  </h4>
               </div>
               <div class="modal-body" id="copySessionsBody">
                  <form action="/page/instructorFeedbackCopy" class="form" id="copyModalForm" method="post" role="form">
                     <div class="form-group">
                        <label class="control-label" for="modalCopiedCourseId">
                           Create in course
                        </label>
                        <select class="form-control" id="modalCopiedCourseId" name="copiedcourseid">
                           <option value="AHPUiT.instr1.gma-demo">
                              AHPUiT.instr1.gma-demo
                           </option>
                        </select>
                     </div>
                     <div class="form-group">
                        <label class="control-label" for="modalCopiedSessionName">
                           Name for new session
                        </label>
                        <input class="form-control" id="modalCopiedSessionName" maxlength="38" name="copiedfsname" placeholder="e.g. Feedback for Project Presentation 1" type="text" value=""/>
                                             </div>
                     <label>
                        Copy sessions/questions from
                     </label>
                     <table class="table-responsive table table-bordered table-hover margin-0" id="copyTableModal">
                        <thead class="fill-primary">
                           <tr>
                              <th style="width:20px;">
                                  
                              </th>
                              <th>
                                 Course ID
                              </th>
                              <th>
                                 Feedback Session Name
                              </th>
                           </tr>
                        </thead>
                        <tbody>
                           <tr style="cursor:pointer;">
                              <td>
                                 <input type="radio"/>
                                                               </td>
                              <td>
                                 AHPUiT.instr1.gma-demo
                              </td>
                              <td>
                                 Second team feedback session
                              </td>
                           </tr>
                           <tr style="cursor:pointer;">
                              <td>
                                 <input type="radio"/>
                                                               </td>
                              <td>
                                 AHPUiT.instr1.gma-demo
                              </td>
                              <td>
                                 First team feedback session
                              </td>
                           </tr>
                           <tr style="cursor:pointer;">
                              <td>
                                 <input type="radio"/>
                                                               </td>
                              <td>
                                 AHPUiT.instr1.gma-demo
                              </td>
                              <td>
                                 Session with different question types
                              </td>
                           </tr>
                        </tbody>
                     </table>
                     <input id="modalSessionName" name="fsname" type="hidden" value=""/>
                                          <input id="modalCourseId" name="courseid" type="hidden" value=""/>
                                          <input name="user" type="hidden" value="teammates.coord_123"/>
                                       </form>
               </div>
               <div class="modal-footer margin-0">
                  <button class="btn btn-primary" disabled="disabled" id="button_copy_submit" type="button">
                     Copy
                  </button>
                  <button class="btn btn-default" data-dismiss="modal" type="button">
                     Cancel
                  </button>
               </div>
            </div>
         </div>
      </div>
      <table class="table-responsive table table-striped table-bordered" id="table-sessions">
         <thead>
            <tr class="fill-primary">
               <th class="button-sort-ascending" id="button_sortid" onclick="toggleSort(this,1);">
                  Course ID
                  <span class="icon-sort unsorted">
                  </span>
               </th>
               <th class="button-sort-none" id="button_sortname" onclick="toggleSort(this,2)">
                  Session Name
                  <span class="icon-sort unsorted">
                  </span>
               </th>
               <th>
                  Status
               </th>
               <th>
                  <span data-placement="top" data-toggle="tooltip" title="Number of students submitted / Class size">
                     Response Rate
                  </span>
               </th>
               <th class="no-print">
                  Action(s)
               </th>
            </tr>
         </thead>
         <tbody>
            <tr class="sessionsRow" id="session0">
               <td>
                  AHPUiT.instr1.gma-demo
               </td>
               <td>
                  Second team feedback session
               </td>
               <td>
                  <span data-placement="top" data-toggle="tooltip" title="The feedback session has been created, is visible, and is open for submissions.<br ></span>The responses for this session are visible.">
                     Open
                  </span>
               </td>
               <td class="session-response-for-test recent">
                  <img src="/images/ajax-loader.gif"/>
                                 </td>
               <td class="no-print">
                  <a class="btn btn-default btn-xs btn-tm-actions session-view-for-test" data-placement="top" data-toggle="tooltip" href="/page/instructorFeedbackResultsPage?courseid=AHPUiT.instr1.gma-demo&fsname=Second+team+feedback+session&user=teammates.coord_123" title="View the submitted responses for this feedback session">
                     View Results
                  </a>
                  <a class="btn btn-default btn-xs btn-tm-actions session-edit-for-test" data-placement="top" data-toggle="tooltip" href="/page/instructorFeedbackEditPage?courseid=AHPUiT.instr1.gma-demo&fsname=Second+team+feedback+session&user=teammates.coord_123" title="Edit feedback session details">
                     Edit
                  </a>
                  <a class="btn btn-default btn-xs btn-tm-actions session-delete-for-test" data-placement="top" data-toggle="tooltip" href="/page/instructorFeedbackDelete?courseid=AHPUiT.instr1.gma-demo&fsname=Second+team+feedback+session&next=%2Fpage%2FinstructorFeedbacksPage%3Fuser%3Dteammates.coord_123&user=teammates.coord_123" onclick="return toggleDeleteFeedbackSessionConfirmation('AHPUiT.instr1.gma-demo','Second team feedback session');" title="Delete the feedback session">
                     Delete
                  </a>
                  <a class="btn btn-default btn-xs btn-tm-actions session-submit-for-test" data-placement="top" data-toggle="tooltip" href="/page/instructorFeedbackSubmissionEditPage?courseid=AHPUiT.instr1.gma-demo&fsname=Second+team+feedback+session&user=teammates.coord_123" title="Start submitting feedback">
                     Submit
                  </a>
                  <a class="btn btn-default btn-xs btn-tm-actions session-remind-for-test" data-placement="top" data-toggle="tooltip" href="/page/instructorFeedbackRemind?courseid=AHPUiT.instr1.gma-demo&fsname=Second+team+feedback+session&user=teammates.coord_123" onclick="return toggleRemindStudents('Second team feedback session');" title="Send e-mails to remind students and instructors who have not submitted their feedbacks to do so">
                     Remind
                  </a>
                  <a class="btn btn-default btn-xs btn-tm-actions session-unpublish-for-test" data-placement="top" data-toggle="tooltip" href="/page/instructorFeedbackUnpublish?courseid=AHPUiT.instr1.gma-demo&fsname=Second+team+feedback+session&next=%2Fpage%2FinstructorFeedbacksPage%3Fuser%3Dteammates.coord_123&user=teammates.coord_123" onclick="return toggleUnpublishEvaluation('Second team feedback session');" title="Make responses no longer visible">
                     Unpublish
                  </a>
               </td>
            </tr>
            <tr class="sessionsRow" id="session1">
               <td>
                  AHPUiT.instr1.gma-demo
               </td>
               <td>
                  First team feedback session
               </td>
               <td>
                  <span data-placement="top" data-toggle="tooltip" title="The feedback session has been created, is visible, and has ended.<br ></span>The responses for this session are visible.">
                     Published
                  </span>
               </td>
               <td class="session-response-for-test">
                  <a href="/page/feedbackSessionStatsPage?courseid=AHPUiT.instr1.gma-demo&fsname=First+team+feedback+session&user=teammates.coord_123" oncontextmenu="return false;">
                     Show
                  </a>
               </td>
               <td class="no-print">
                  <a class="btn btn-default btn-xs btn-tm-actions session-view-for-test" data-placement="top" data-toggle="tooltip" href="/page/instructorFeedbackResultsPage?courseid=AHPUiT.instr1.gma-demo&fsname=First+team+feedback+session&user=teammates.coord_123" title="View the submitted responses for this feedback session">
                     View Results
                  </a>
                  <a class="btn btn-default btn-xs btn-tm-actions session-edit-for-test" data-placement="top" data-toggle="tooltip" href="/page/instructorFeedbackEditPage?courseid=AHPUiT.instr1.gma-demo&fsname=First+team+feedback+session&user=teammates.coord_123" title="Edit feedback session details">
                     Edit
                  </a>
                  <a class="btn btn-default btn-xs btn-tm-actions session-delete-for-test" data-placement="top" data-toggle="tooltip" href="/page/instructorFeedbackDelete?courseid=AHPUiT.instr1.gma-demo&fsname=First+team+feedback+session&next=%2Fpage%2FinstructorFeedbacksPage%3Fuser%3Dteammates.coord_123&user=teammates.coord_123" onclick="return toggleDeleteFeedbackSessionConfirmation('AHPUiT.instr1.gma-demo','First team feedback session');" title="Delete the feedback session">
                     Delete
                  </a>
                  <a class="btn btn-default btn-xs btn-tm-actions session-submit-for-test" data-placement="top" data-toggle="tooltip" href="/page/instructorFeedbackSubmissionEditPage?courseid=AHPUiT.instr1.gma-demo&fsname=First+team+feedback+session&user=teammates.coord_123" title="Start submitting feedback">
                     Submit
                  </a>
                  <a class="btn btn-default btn-xs btn-tm-actions session-remind-for-test disabled" data-placement="top" data-toggle="tooltip" href="/page/instructorFeedbackRemind?courseid=AHPUiT.instr1.gma-demo&fsname=First+team+feedback+session&user=teammates.coord_123" onclick="return false" title="Send e-mails to remind students and instructors who have not submitted their feedbacks to do so">
                     Remind
                  </a>
                  <a class="btn btn-default btn-xs btn-tm-actions session-unpublish-for-test" data-placement="top" data-toggle="tooltip" href="/page/instructorFeedbackUnpublish?courseid=AHPUiT.instr1.gma-demo&fsname=First+team+feedback+session&next=%2Fpage%2FinstructorFeedbacksPage%3Fuser%3Dteammates.coord_123&user=teammates.coord_123" onclick="return toggleUnpublishEvaluation('First team feedback session');" title="Make responses no longer visible">
                     Unpublish
                  </a>
               </td>
            </tr>
            <tr class="sessionsRow" id="session2">
               <td>
                  AHPUiT.instr1.gma-demo
               </td>
               <td>
                  Session with different question types
               </td>
               <td>
                  <span data-placement="top" data-toggle="tooltip" title="The feedback session has been created, is visible, and has ended.<br ></span>The responses for this session are visible.">
                     Published
                  </span>
               </td>
               <td class="session-response-for-test">
                  <a href="/page/feedbackSessionStatsPage?courseid=AHPUiT.instr1.gma-demo&fsname=Session+with+different+question+types&user=teammates.coord_123" oncontextmenu="return false;">
                     Show
                  </a>
               </td>
               <td class="no-print">
                  <a class="btn btn-default btn-xs btn-tm-actions session-view-for-test" data-placement="top" data-toggle="tooltip" href="/page/instructorFeedbackResultsPage?courseid=AHPUiT.instr1.gma-demo&fsname=Session+with+different+question+types&user=teammates.coord_123" title="View the submitted responses for this feedback session">
                     View Results
                  </a>
                  <a class="btn btn-default btn-xs btn-tm-actions session-edit-for-test" data-placement="top" data-toggle="tooltip" href="/page/instructorFeedbackEditPage?courseid=AHPUiT.instr1.gma-demo&fsname=Session+with+different+question+types&user=teammates.coord_123" title="Edit feedback session details">
                     Edit
                  </a>
                  <a class="btn btn-default btn-xs btn-tm-actions session-delete-for-test" data-placement="top" data-toggle="tooltip" href="/page/instructorFeedbackDelete?courseid=AHPUiT.instr1.gma-demo&fsname=Session+with+different+question+types&next=%2Fpage%2FinstructorFeedbacksPage%3Fuser%3Dteammates.coord_123&user=teammates.coord_123" onclick="return toggleDeleteFeedbackSessionConfirmation('AHPUiT.instr1.gma-demo','Session with different question types');" title="Delete the feedback session">
                     Delete
                  </a>
                  <a class="btn btn-default btn-xs btn-tm-actions session-submit-for-test" data-placement="top" data-toggle="tooltip" href="/page/instructorFeedbackSubmissionEditPage?courseid=AHPUiT.instr1.gma-demo&fsname=Session+with+different+question+types&user=teammates.coord_123" title="Start submitting feedback">
                     Submit
                  </a>
                  <a class="btn btn-default btn-xs btn-tm-actions session-remind-for-test disabled" data-placement="top" data-toggle="tooltip" href="/page/instructorFeedbackRemind?courseid=AHPUiT.instr1.gma-demo&fsname=Session+with+different+question+types&user=teammates.coord_123" onclick="return false" title="Send e-mails to remind students and instructors who have not submitted their feedbacks to do so">
                     Remind
                  </a>
                  <a class="btn btn-default btn-xs btn-tm-actions session-unpublish-for-test" data-placement="top" data-toggle="tooltip" href="/page/instructorFeedbackUnpublish?courseid=AHPUiT.instr1.gma-demo&fsname=Session+with+different+question+types&next=%2Fpage%2FinstructorFeedbacksPage%3Fuser%3Dteammates.coord_123&user=teammates.coord_123" onclick="return toggleUnpublishEvaluation('Session with different question types');" title="Make responses no longer visible">
                     Unpublish
                  </a>
               </td>
            </tr>
         </tbody>
      </table>
      <br/>
            <br/>
            <br/>
         </div>

</actual]>>
	at org.junit.Assert.assertEquals(Assert.java:115)
	at org.junit.Assert.assertEquals(Assert.java:144)
	at teammates.test.driver.HtmlHelper.assertSameHtmlPart(HtmlHelper.java:43)
	at teammates.test.pageobjects.AppPage.verifyHtmlPart(AppPage.java:821)
	at teammates.test.pageobjects.AppPage.verifyHtmlMainContent(AppPage.java:863)
	at teammates.test.cases.ui.browsertests.AdminHomePageUiTest.testCreateInstructorAction(AdminHomePageUiTest.java:219)
	at teammates.test.cases.ui.browsertests.AdminHomePageUiTest.testAll(AdminHomePageUiTest.java:72)
	at sun.reflect.NativeMethodAccessorImpl.invoke0(Native Method)
	at sun.reflect.NativeMethodAccessorImpl.invoke(NativeMethodAccessorImpl.java:57)
	at sun.reflect.DelegatingMethodAccessorImpl.invoke(DelegatingMethodAccessorImpl.java:43)
	at java.lang.reflect.Method.invoke(Method.java:606)
	at org.testng.internal.MethodInvocationHelper.invokeMethod(MethodInvocationHelper.java:84)
	at org.testng.internal.Invoker.invokeMethod(Invoker.java:714)
	at org.testng.internal.Invoker.invokeTestMethod(Invoker.java:901)
	at org.testng.internal.Invoker.invokeTestMethods(Invoker.java:1231)
	at org.testng.internal.TestMethodWorker.invokeTestMethods(TestMethodWorker.java:127)
	at org.testng.internal.TestMethodWorker.run(TestMethodWorker.java:111)
	at java.util.concurrent.ThreadPoolExecutor.runWorker(ThreadPoolExecutor.java:1145)
	at java.util.concurrent.ThreadPoolExecutor$Worker.run(ThreadPoolExecutor.java:615)
	at java.lang.Thread.run(Thread.java:745)
]]>
    </error>
  </testcase> <!-- testAll -->
</testsuite> <!-- teammates.test.cases.ui.browsertests.AdminHomePageUiTest -->
