<?xml version="1.0" encoding="UTF-8"?>
<!-- Generated by org.testng.reporters.JUnitReportReporter -->
<testsuite hostname="soccf-tr5-001" name="teammates.test.cases.ui.browsertests.InstructorFeedbackResultsPageUiTest" tests="1" failures="1" timestamp="1 Oct 2014 12:13:20 GMT" time="129.275" errors="0">
  <testcase name="testAll" time="129.275" classname="teammates.test.cases.ui.browsertests.InstructorFeedbackResultsPageUiTest">
    <failure type="org.openqa.selenium.StaleElementReferenceException" message="Element is no longer attached to the DOM
Command duration or timeout: 15 milliseconds
For documentation on this error, please visit: http://seleniumhq.org/exceptions/stale_element_reference.html
Build info: version: &#039;2.41.0&#039;, revision: &#039;3192d8a&#039;, time: &#039;2014-03-27 17:17:32&#039;
System info: host: &#039;soccf-tr5-001&#039;, ip: &#039;172.26.191.176&#039;, os.name: &#039;Windows 7&#039;, os.arch: &#039;x86&#039;, os.version: &#039;6.1&#039;, java.version: &#039;1.7.0_60&#039;
Session ID: 69e67b9e-2ea7-4ec3-8f03-4f3ff22a22bb
Driver info: org.openqa.selenium.firefox.FirefoxDriver
Capabilities [{platform=XP, acceptSslCerts=true, javascriptEnabled=true, cssSelectorsEnabled=true, databaseEnabled=true, browserName=firefox, handlesAlerts=true, browserConnectionEnabled=true, webStorageEnabled=true, nativeEvents=false, rotatable=false, locationContextEnabled=true, applicationCacheEnabled=true, takesScreenshot=true, version=21.0}]">
      <![CDATA[org.openqa.selenium.StaleElementReferenceException: Element is no longer attached to the DOM
Command duration or timeout: 15 milliseconds
For documentation on this error, please visit: http://seleniumhq.org/exceptions/stale_element_reference.html
Build info: version: '2.41.0', revision: '3192d8a', time: '2014-03-27 17:17:32'
System info: host: 'soccf-tr5-001', ip: '172.26.191.176', os.name: 'Windows 7', os.arch: 'x86', os.version: '6.1', java.version: '1.7.0_60'
Session ID: 69e67b9e-2ea7-4ec3-8f03-4f3ff22a22bb
Driver info: org.openqa.selenium.firefox.FirefoxDriver
Capabilities [{platform=XP, acceptSslCerts=true, javascriptEnabled=true, cssSelectorsEnabled=true, databaseEnabled=true, browserName=firefox, handlesAlerts=true, browserConnectionEnabled=true, webStorageEnabled=true, nativeEvents=false, rotatable=false, locationContextEnabled=true, applicationCacheEnabled=true, takesScreenshot=true, version=21.0}]
	at sun.reflect.NativeConstructorAccessorImpl.newInstance0(Native Method)
	at sun.reflect.NativeConstructorAccessorImpl.newInstance(NativeConstructorAccessorImpl.java:57)
	at sun.reflect.DelegatingConstructorAccessorImpl.newInstance(DelegatingConstructorAccessorImpl.java:45)
	at java.lang.reflect.Constructor.newInstance(Constructor.java:526)
	at org.openqa.selenium.remote.ErrorHandler.createThrowable(ErrorHandler.java:193)
	at org.openqa.selenium.remote.ErrorHandler.throwIfResponseFailed(ErrorHandler.java:145)
	at org.openqa.selenium.remote.RemoteWebDriver.execute(RemoteWebDriver.java:595)
	at org.openqa.selenium.remote.RemoteWebElement.execute(RemoteWebElement.java:268)
	at org.openqa.selenium.remote.RemoteWebElement.isDisplayed(RemoteWebElement.java:320)
	at teammates.test.pageobjects.AppPage.waitForElementToAppear(AppPage.java:230)
	at teammates.test.pageobjects.InstructorFeedbackResultsPage.hoverClickAndViewStudentPhotoOnHeading(InstructorFeedbackResultsPage.java:284)
	at teammates.test.cases.ui.browsertests.InstructorFeedbackResultsPageUiTest.testViewPhotoAndAjaxForLargeScaledSession(InstructorFeedbackResultsPageUiTest.java:253)
	at teammates.test.cases.ui.browsertests.InstructorFeedbackResultsPageUiTest.testAll(InstructorFeedbackResultsPageUiTest.java:60)
	at sun.reflect.NativeMethodAccessorImpl.invoke0(Native Method)
	at sun.reflect.NativeMethodAccessorImpl.invoke(NativeMethodAccessorImpl.java:57)
	at sun.reflect.DelegatingMethodAccessorImpl.invoke(DelegatingMethodAccessorImpl.java:43)
	at java.lang.reflect.Method.invoke(Method.java:606)
	at org.testng.internal.MethodInvocationHelper.invokeMethod(MethodInvocationHelper.java:84)
	at org.testng.internal.Invoker.invokeMethod(Invoker.java:714)
	at org.testng.internal.Invoker.invokeTestMethod(Invoker.java:901)
	at org.testng.internal.Invoker.invokeTestMethods(Invoker.java:1231)
	at org.testng.internal.TestMethodWorker.invokeTestMethods(TestMethodWorker.java:127)
	at org.testng.internal.TestMethodWorker.run(TestMethodWorker.java:111)
	at java.util.concurrent.ThreadPoolExecutor.runWorker(ThreadPoolExecutor.java:1145)
	at java.util.concurrent.ThreadPoolExecutor$Worker.run(ThreadPoolExecutor.java:615)
	at java.lang.Thread.run(Thread.java:745)
Caused by: org.openqa.selenium.remote.ErrorHandler$UnknownServerException: Element is no longer attached to the DOM
Build info: version: '2.41.0', revision: '3192d8a', time: '2014-03-27 17:17:32'
System info: host: 'soccf-tr5-001', ip: '172.26.191.176', os.name: 'Windows 7', os.arch: 'x86', os.version: '6.1', java.version: '1.7.0_60'
Driver info: driver.version: unknown
	at <anonymous class>.fxdriver.cache.getElementAt(resource://fxdriver/modules/web_element_cache.js:7613)
	at <anonymous class>.Utils.getElementAt(file:///C:/Users/a0100124/AppData/Local/Temp/anonymous1063671794419495146webdriver-profile/extensions/fxdriver@googlecode.com/components/command_processor.js:7210)
	at <anonymous class>.WebElement.isElementDisplayed(file:///C:/Users/a0100124/AppData/Local/Temp/anonymous1063671794419495146webdriver-profile/extensions/fxdriver@googlecode.com/components/command_processor.js:10407)
	at <anonymous class>.DelayedCommand.prototype.executeInternal_/h(file:///C:/Users/a0100124/AppData/Local/Temp/anonymous1063671794419495146webdriver-profile/extensions/fxdriver@googlecode.com/components/command_processor.js:10884)
	at <anonymous class>.DelayedCommand.prototype.executeInternal_(file:///C:/Users/a0100124/AppData/Local/Temp/anonymous1063671794419495146webdriver-profile/extensions/fxdriver@googlecode.com/components/command_processor.js:10889)
	at <anonymous class>.DelayedCommand.prototype.execute/<(file:///C:/Users/a0100124/AppData/Local/Temp/anonymous1063671794419495146webdriver-profile/extensions/fxdriver@googlecode.com/components/command_processor.js:10831)
]]>
    </failure>
  </testcase> <!-- testAll -->
</testsuite> <!-- teammates.test.cases.ui.browsertests.InstructorFeedbackResultsPageUiTest -->
