<?xml version="1.0" encoding="UTF-8"?>
<!-- Generated by org.testng.reporters.JUnitReportReporter -->
<testsuite hostname="soccf-tr5-001" name="teammates.test.cases.ui.browsertests.AllAccessControlUiTests" tests="8" failures="0" timestamp="22 Sep 2014 13:13:16 GMT" time="113.005" errors="0">
  <testcase name="testStudentHome" time="8.205" classname="teammates.test.cases.ui.browsertests.AllAccessControlUiTests"/>
  <testcase name="testPubliclyAccessiblePages" time="9.750" classname="teammates.test.cases.ui.browsertests.AllAccessControlUiTests"/>
  <testcase name="testStudentAccessToAdminPages" time="10.624" classname="teammates.test.cases.ui.browsertests.AllAccessControlUiTests"/>
  <testcase name="testUserNotRegistered" time="14.414" classname="teammates.test.cases.ui.browsertests.AllAccessControlUiTests"/>
  <testcase name="testStudentEvalSubmission" time="31.652" classname="teammates.test.cases.ui.browsertests.AllAccessControlUiTests"/>
  <testcase name="testStudentEvalResult" time="23.961" classname="teammates.test.cases.ui.browsertests.AllAccessControlUiTests"/>
  <testcase name="testUserNotLoggedIn" time="2.715" classname="teammates.test.cases.ui.browsertests.AllAccessControlUiTests"/>
  <testcase name="testInstructorHome" time="11.684" classname="teammates.test.cases.ui.browsertests.AllAccessControlUiTests"/>
</testsuite> <!-- teammates.test.cases.ui.browsertests.AllAccessControlUiTests -->
