<?xml version="1.0" encoding="UTF-8"?>
<!-- Generated by org.testng.reporters.JUnitReportReporter -->
<testsuite hostname="soccf-tr5-001" name="teammates.test.cases.common.FeedbackSessionAttributesTest" tests="2" failures="0" timestamp="6 Aug 2014 08:31:51 GMT" time="0.001" errors="0">
  <testcase name="testBasicGetters" time="0.000" classname="teammates.test.cases.common.FeedbackSessionAttributesTest"/>
  <testcase name="testValidate" time="0.001" classname="teammates.test.cases.common.FeedbackSessionAttributesTest"/>
</testsuite> <!-- teammates.test.cases.common.FeedbackSessionAttributesTest -->
