<?xml version="1.0" encoding="UTF-8"?>
<!-- Generated by org.testng.reporters.JUnitReportReporter -->
<testsuite hostname="soccf-tr5-001" name="teammates.test.automated.FeedbackSessionOpeningReminderTest" tests="2" failures="0" timestamp="8 Oct 2014 19:23:16 GMT" time="3.261" errors="0">
  <testcase name="testFeedbackSessionOpeningMailAction" time="1.170" classname="teammates.test.automated.FeedbackSessionOpeningReminderTest"/>
  <testcase name="testAdditionOfTaskToTaskQueue" time="2.091" classname="teammates.test.automated.FeedbackSessionOpeningReminderTest"/>
</testsuite> <!-- teammates.test.automated.FeedbackSessionOpeningReminderTest -->
