<?xml version="1.0" encoding="UTF-8"?>
<!-- Generated by org.testng.reporters.JUnitReportReporter -->
<testsuite hostname="soccf-tr5-001" name="teammates.test.cases.ui.browsertests.InstructorCourseDetailsPageUiTest" tests="1" failures="0" timestamp="6 Aug 2014 07:33:51 GMT" time="39.640" errors="0">
  <testcase name="allTests" time="39.640" classname="teammates.test.cases.ui.browsertests.InstructorCourseDetailsPageUiTest"/>
</testsuite> <!-- teammates.test.cases.ui.browsertests.InstructorCourseDetailsPageUiTest -->
