<?xml version="1.0" encoding="UTF-8"?>
<!-- Generated by org.testng.reporters.JUnitReportReporter -->
<testsuite hostname="soccf-tr5-001" name="teammates.test.cases.ui.browsertests.StudentFeedbackResultsPageUiTest" tests="1" failures="0" timestamp="11 Sep 2014 06:11:54 GMT" time="36.019" errors="0">
  <testcase name="testAll" time="36.019" classname="teammates.test.cases.ui.browsertests.StudentFeedbackResultsPageUiTest"/>
</testsuite> <!-- teammates.test.cases.ui.browsertests.StudentFeedbackResultsPageUiTest -->
