<?xml version="1.0" encoding="UTF-8"?>
<!-- Generated by org.testng.reporters.JUnitReportReporter -->
<testsuite hostname="soccf-tr5-001" name="teammates.test.cases.logic.EvaluationsLogicTest" tests="1" failures="0" timestamp="11 Sep 2014 06:13:34 GMT" time="1.920" errors="0">
  <testcase name="testAll" time="1.920" classname="teammates.test.cases.logic.EvaluationsLogicTest"/>
</testsuite> <!-- teammates.test.cases.logic.EvaluationsLogicTest -->
