<?xml version="1.0" encoding="UTF-8"?>
<!-- Generated by org.testng.reporters.JUnitReportReporter -->
<testsuite hostname="soccf-tr5-001" name="teammates.test.cases.storage.StudentsDbTest" tests="4" failures="0" timestamp="29 Oct 2014 17:34:19 GMT" time="0.140" errors="0">
  <testcase name="testupdateStudentWithoutDocument" time="0.015" classname="teammates.test.cases.storage.StudentsDbTest"/>
  <testcase name="testGetStudent" time="0.063" classname="teammates.test.cases.storage.StudentsDbTest"/>
  <testcase name="testDeleteStudent" time="0.046" classname="teammates.test.cases.storage.StudentsDbTest"/>
  <testcase name="testCreateStudent" time="0.016" classname="teammates.test.cases.storage.StudentsDbTest"/>
</testsuite> <!-- teammates.test.cases.storage.StudentsDbTest -->
