<?xml version="1.0" encoding="UTF-8"?>
<!-- Generated by org.testng.reporters.JUnitReportReporter -->
<testsuite hostname="soccf-tr5-001" name="teammates.test.cases.ui.InstructorCourseRemindActionTest" tests="1" failures="0" timestamp="1 Oct 2014 11:57:39 GMT" time="1.248" errors="0">
  <testcase name="testExecuteAndPostProcess" time="1.248" classname="teammates.test.cases.ui.InstructorCourseRemindActionTest"/>
</testsuite> <!-- teammates.test.cases.ui.InstructorCourseRemindActionTest -->
