<?xml version="1.0" encoding="UTF-8"?>
<!-- Generated by org.testng.reporters.JUnitReportReporter -->
<testsuite hostname="soccf-tr5-001" name="teammates.test.cases.ui.InstructorFeedbackCopyActionTest" tests="2" failures="0" timestamp="10 Sep 2014 13:16:53 GMT" time="10.810" errors="0">
  <testcase name="testExecuteAndPostProcess" time="5.085" classname="teammates.test.cases.ui.InstructorFeedbackCopyActionTest"/>
  <testcase name="testAccessControl" time="5.725" classname="teammates.test.cases.ui.InstructorFeedbackCopyActionTest"/>
</testsuite> <!-- teammates.test.cases.ui.InstructorFeedbackCopyActionTest -->
