<?xml version="1.0" encoding="UTF-8"?>
<!-- Generated by org.testng.reporters.JUnitReportReporter -->
<testsuite hostname="soccf-tr5-001" name="teammates.test.cases.ui.InstructorCourseDetailsPageActionTest" tests="1" failures="0" timestamp="10 Sep 2014 13:54:47 GMT" time="0.266" errors="0">
  <testcase name="testExecuteAndPostProcess" time="0.266" classname="teammates.test.cases.ui.InstructorCourseDetailsPageActionTest"/>
</testsuite> <!-- teammates.test.cases.ui.InstructorCourseDetailsPageActionTest -->
