<?xml version="1.0" encoding="UTF-8"?>
<!-- Generated by org.testng.reporters.JUnitReportReporter -->
<testsuite hostname="soccf-tr5-001" name="teammates.test.cases.ui.browsertests.StudentCourseJoinConfirmationPageUiTest" tests="1" failures="0" timestamp="14 Sep 2014 14:29:29 GMT" time="76.033" errors="0">
  <testcase name="testAll" time="76.033" classname="teammates.test.cases.ui.browsertests.StudentCourseJoinConfirmationPageUiTest"/>
</testsuite> <!-- teammates.test.cases.ui.browsertests.StudentCourseJoinConfirmationPageUiTest -->
