<?xml version="1.0" encoding="UTF-8"?>
<!-- Generated by org.testng.reporters.JUnitReportReporter -->
<testsuite hostname="soccf-tr5-001" name="teammates.test.cases.storage.FeedbackSessionsDbTest" tests="3" failures="0" timestamp="14 Sep 2014 18:19:38 GMT" time="0.064" errors="0">
  <testcase name="testCreateDeleteFeedbackSession" time="0.001" classname="teammates.test.cases.storage.FeedbackSessionsDbTest"/>
  <testcase name="testAllGetFeedbackSessions" time="0.016" classname="teammates.test.cases.storage.FeedbackSessionsDbTest"/>
  <testcase name="testUpdateFeedbackSession" time="0.047" classname="teammates.test.cases.storage.FeedbackSessionsDbTest"/>
</testsuite> <!-- teammates.test.cases.storage.FeedbackSessionsDbTest -->
