<?xml version="1.0" encoding="UTF-8"?>
<!-- Generated by org.testng.reporters.JUnitReportReporter -->
<testsuite hostname="soccf-tr5-001" name="teammates.test.cases.ui.browsertests.InstructorStudentRecordsPageUiTest" tests="1" failures="0" timestamp="11 Sep 2014 05:49:53 GMT" time="73.896" errors="0">
  <testcase name="testAll" time="73.896" classname="teammates.test.cases.ui.browsertests.InstructorStudentRecordsPageUiTest"/>
</testsuite> <!-- teammates.test.cases.ui.browsertests.InstructorStudentRecordsPageUiTest -->
