<?xml version="1.0" encoding="UTF-8"?>
<!-- Generated by org.testng.reporters.JUnitReportReporter -->
<testsuite hostname="soccf-tr5-001" name="teammates.test.cases.ui.browsertests.InstructorEvalEditPageUiTest" tests="1" failures="0" timestamp="25 Feb 2015 13:04:50 GMT" time="28.392" errors="0">
  <testcase name="runTestsInOrder" time="28.392" classname="teammates.test.cases.ui.browsertests.InstructorEvalEditPageUiTest"/>
</testsuite> <!-- teammates.test.cases.ui.browsertests.InstructorEvalEditPageUiTest -->
