<?xml version="1.0" encoding="UTF-8"?>
<!-- Generated by org.testng.reporters.JUnitReportReporter -->
<testsuite hostname="soccf-tr5-001" name="teammates.test.cases.common.SessionAttributesTest" tests="1" failures="0" timestamp="6 Aug 2014 08:31:51 GMT" time="0.002" errors="0">
  <testcase name="testSort" time="0.002" classname="teammates.test.cases.common.SessionAttributesTest"/>
</testsuite> <!-- teammates.test.cases.common.SessionAttributesTest -->
