<?xml version="1.0" encoding="UTF-8"?>
<!-- Generated by org.testng.reporters.JUnitReportReporter -->
<testsuite hostname="soccf-tr5-001" name="teammates.test.cases.ui.browsertests.AllAccessControlUiTests" tests="1" failures="0" timestamp="25 Feb 2015 13:21:15 GMT" time="3.635" errors="1">
  <testcase name="testPubliclyAccessiblePages" time="3.635" classname="teammates.test.cases.ui.browsertests.AllAccessControlUiTests">
    <error type="org.junit.ComparisonFailure" message="expected:&lt;&lt;[expected&gt;

   &lt;html&gt;
      &lt;head&gt;
         &lt;link href=&quot;/favicon.png&quot; rel=&quot;shortcut icon&quot;/&gt;
                  &lt;meta content=&quot;text/html; charset=UTF-8&quot; http-equiv=&quot;Content-Type&quot;/&gt;
                  &lt;meta content=&quot;width=device-width, initial-scale=1.0&quot; name=&quot;viewport&quot;/&gt;
                  &lt;title&gt;
            TEAMMATES
         &lt;/title&gt;
         &lt;link href=&quot;/bootstrap/css/bootstrap.min.css&quot; rel=&quot;stylesheet&quot; type=&quot;text/css&quot;/&gt;
                  &lt;link href=&quot;/bootstrap/css/bootstrap-theme.min.css&quot; rel=&quot;stylesheet&quot; type=&quot;text/css&quot;/&gt;
                  &lt;link href=&quot;stylesheets/teammatesCommon.css&quot; rel=&quot;stylesheet&quot; type=&quot;text/css&quot;/&gt;
               &lt;/head&gt;
      &lt;body&gt;
         &lt;div class=&quot;navbar navbar-inverse navbar-fixed-top&quot; role=&quot;navigation&quot;&gt;
            &lt;div class=&quot;container&quot;&gt;
               &lt;div class=&quot;navbar-header&quot;&gt;
                  &lt;a class=&quot;navbar-brand&quot; href=&quot;/index.html&quot;&gt;
                     TEAMMATES
                  &lt;/a&gt;
               &lt;/div&gt;
            &lt;/div&gt;
         &lt;/div&gt;
         &lt;div class=&quot;container&quot; id=&quot;frameBodyWrapper&quot;&gt;
            &lt;div class=&quot;row&quot;&gt;
               &lt;div class=&quot;alert alert-warning col-md-6 col-md-offset-3&quot;&gt;
                  &lt;img src=&quot;/images/puzzled.png&quot; style=&quot;float: left; margin: 0 10px 10px 0; height: 90px;&quot;/&gt;
                                    &lt;p&gt;
                     TEAMMATES could not locate what you were trying to access.
                     &lt;br/&gt;
                                          &lt;br/&gt;
                                          If you are a registered user you can go back to the
                     &lt;a href=&quot;/page/studentHomePage&quot;&gt;
                        home page
                     &lt;/a&gt;
                     &lt;br/&gt;
                                          &lt;br/&gt;
                                          &lt;br/&gt;
                                          &lt;br/&gt;
                                          Possible reasons include:
                  &lt;/p&gt;
                  &lt;ul&gt;
                     &lt;li&gt;
                        You clicked on a link received in email, but the link was mangled by the
                                email software. Try copy-pasting the entire link into the Browser address
                                bar.
                     &lt;/li&gt;
                     &lt;li&gt;
                        The entity (e.g. course, session) you were trying to access was deleted
                                by an instructor after the link was sent to you by TEAMMATES.
                        &lt;br/&gt;
                                                &lt;br/&gt;
                                             &lt;/li&gt;
                  &lt;/ul&gt;
                  If the problem persists, contact TEAMMATES support at
                  &lt;a&gt;
                     teammates@comp.nus.edu.sg
                  &lt;/a&gt;
                  &lt;br/&gt;
                                    &lt;br/&gt;
                                    &lt;b&gt;
                     Note:
                  &lt;/b&gt;
                  If the problematic link was received via email,
                        remember to copy-paste that email content when contacting TEAMMATES
                        support.
                  &lt;br/&gt;
                                    &lt;br/&gt;
                                    &lt;p&gt;
                  &lt;/p&gt;
               &lt;/div&gt;
            &lt;/div&gt;
         &lt;/div&gt;
         &lt;div class=&quot;container-fluid&quot; id=&quot;footerComponent&quot;&gt;
            &lt;div class=&quot;container&quot;&gt;
               &lt;div class=&quot;row&quot;&gt;
                  &lt;div class=&quot;col-md-2&quot;&gt;
                     &lt;span&gt;
                        [
                        &lt;a href=&quot;/index.html&quot;&gt;
                           TEAMMATES
                        &lt;/a&gt;
                        V4.99]
                     &lt;/span&gt;
                  &lt;/div&gt;
                  &lt;div class=&quot;col-md-8&quot;&gt;
                  &lt;/div&gt;
                  &lt;div class=&quot;col-md-2&quot;&gt;
                     &lt;span&gt;
                        [Send
                        &lt;a class=&quot;link&quot; href=&quot;../contact.html&quot; target=&quot;_blank&quot;&gt;
                           Feedback
                        &lt;/a&gt;
                        ]
                     &lt;/span&gt;
                  &lt;/div&gt;
               &lt;/div&gt;
            &lt;/div&gt;
         &lt;/div&gt;
      &lt;/body&gt;
   &lt;/html&gt;

&lt;/expected]&gt;&gt; but was:&lt;&lt;[actual&gt;

   &lt;html&gt;
      &lt;head&gt;
         &lt;link href=&quot;/favicon.png&quot; rel=&quot;shortcut icon&quot;/&gt;
                  &lt;meta content=&quot;text/html; charset=UTF-8&quot; http-equiv=&quot;Content-Type&quot;/&gt;
                  &lt;meta content=&quot;width=device-width, initial-scale=1.0&quot; name=&quot;viewport&quot;/&gt;
                  &lt;title&gt;
            TEAMMATES
         &lt;/title&gt;
         &lt;link href=&quot;/bootstrap/css/bootstrap.min.css&quot; rel=&quot;stylesheet&quot; type=&quot;text/css&quot;/&gt;
                  &lt;link href=&quot;/bootstrap/css/bootstrap-theme.min.css&quot; rel=&quot;stylesheet&quot; type=&quot;text/css&quot;/&gt;
                  &lt;link href=&quot;stylesheets/teammatesCommon.css&quot; rel=&quot;stylesheet&quot; type=&quot;text/css&quot;/&gt;
               &lt;/head&gt;
      &lt;body&gt;
         &lt;div class=&quot;navbar navbar-inverse navbar-fixed-top&quot; role=&quot;navigation&quot;&gt;
            &lt;div class=&quot;container&quot;&gt;
               &lt;div class=&quot;navbar-header&quot;&gt;
                  &lt;a class=&quot;navbar-brand&quot; href=&quot;/index.html&quot;&gt;
                     TEAMMATES
                  &lt;/a&gt;
               &lt;/div&gt;
            &lt;/div&gt;
         &lt;/div&gt;
         &lt;div class=&quot;container&quot; id=&quot;frameBodyWrapper&quot;&gt;
            &lt;div class=&quot;row&quot;&gt;
               &lt;div class=&quot;alert alert-warning col-md-6 col-md-offset-3&quot;&gt;
                  &lt;img src=&quot;/images/puzzled.png&quot; style=&quot;float: left; margin: 0 10px 10px 0; height: 90px;&quot;/&gt;
                                    &lt;p&gt;
                     &lt;br/&gt;
                                          &lt;br/&gt;
                                          TEAMMATES could not locate what you were trying to access.
                     &lt;br/&gt;
                                          &lt;br/&gt;
                                          &lt;br/&gt;
                                          &lt;br/&gt;
                                          Possible reasons include:
                  &lt;/p&gt;
                  &lt;ul&gt;
                     &lt;li&gt;
                        You clicked on a link received in email, but the link was mangled by the
                                email software. Try copy-pasting the entire link into the Browser address
                                bar.
                     &lt;/li&gt;
                     &lt;li&gt;
                        The entity (e.g. course, session) you were trying to access was deleted
                                by an instructor after the link was sent to you by TEAMMATES.
                        &lt;br/&gt;
                                                &lt;br/&gt;
                                             &lt;/li&gt;
                  &lt;/ul&gt;
                  If the problem persists, contact TEAMMATES support at
                  &lt;a&gt;
                     teammates@comp.nus.edu.sg
                  &lt;/a&gt;
                  &lt;br/&gt;
                                    &lt;br/&gt;
                                    &lt;b&gt;
                     Note:
                  &lt;/b&gt;
                  If the problematic link was received via email,
                        remember to copy-paste that email content when contacting TEAMMATES
                        support.
                  &lt;br/&gt;
                                    &lt;br/&gt;
                                    If you are a registered user you can go back to the
                  &lt;a href=&quot;/page/studentHomePage&quot;&gt;
                     home page
                  &lt;/a&gt;
                  &lt;br/&gt;
                                    &lt;br/&gt;
                                    &lt;p&gt;
                  &lt;/p&gt;
               &lt;/div&gt;
            &lt;/div&gt;
         &lt;/div&gt;
         &lt;div class=&quot;container-fluid&quot; id=&quot;footerComponent&quot;&gt;
            &lt;div class=&quot;container&quot;&gt;
               &lt;div class=&quot;row&quot;&gt;
                  &lt;div class=&quot;col-md-2&quot;&gt;
                     &lt;span&gt;
                        [
                        &lt;a href=&quot;/index.html&quot;&gt;
                           TEAMMATES
                        &lt;/a&gt;
                        V4.99]
                     &lt;/span&gt;
                  &lt;/div&gt;
                  &lt;div class=&quot;col-md-8&quot;&gt;
                  &lt;/div&gt;
                  &lt;div class=&quot;col-md-2&quot;&gt;
                     &lt;span&gt;
                        [Send
                        &lt;a class=&quot;link&quot; href=&quot;../contact.html&quot; target=&quot;_blank&quot;&gt;
                           Feedback
                        &lt;/a&gt;
                        ]
                     &lt;/span&gt;
                  &lt;/div&gt;
               &lt;/div&gt;
            &lt;/div&gt;
         &lt;/div&gt;
      &lt;/body&gt;
   &lt;/html&gt;

&lt;/actual]&gt;&gt;">
      <![CDATA[org.junit.ComparisonFailure: expected:<<[expected>

   <html>
      <head>
         <link href="/favicon.png" rel="shortcut icon"/>
                  <meta content="text/html; charset=UTF-8" http-equiv="Content-Type"/>
                  <meta content="width=device-width, initial-scale=1.0" name="viewport"/>
                  <title>
            TEAMMATES
         </title>
         <link href="/bootstrap/css/bootstrap.min.css" rel="stylesheet" type="text/css"/>
                  <link href="/bootstrap/css/bootstrap-theme.min.css" rel="stylesheet" type="text/css"/>
                  <link href="stylesheets/teammatesCommon.css" rel="stylesheet" type="text/css"/>
               </head>
      <body>
         <div class="navbar navbar-inverse navbar-fixed-top" role="navigation">
            <div class="container">
               <div class="navbar-header">
                  <a class="navbar-brand" href="/index.html">
                     TEAMMATES
                  </a>
               </div>
            </div>
         </div>
         <div class="container" id="frameBodyWrapper">
            <div class="row">
               <div class="alert alert-warning col-md-6 col-md-offset-3">
                  <img src="/images/puzzled.png" style="float: left; margin: 0 10px 10px 0; height: 90px;"/>
                                    <p>
                     TEAMMATES could not locate what you were trying to access.
                     <br/>
                                          <br/>
                                          If you are a registered user you can go back to the
                     <a href="/page/studentHomePage">
                        home page
                     </a>
                     <br/>
                                          <br/>
                                          <br/>
                                          <br/>
                                          Possible reasons include:
                  </p>
                  <ul>
                     <li>
                        You clicked on a link received in email, but the link was mangled by the
                                email software. Try copy-pasting the entire link into the Browser address
                                bar.
                     </li>
                     <li>
                        The entity (e.g. course, session) you were trying to access was deleted
                                by an instructor after the link was sent to you by TEAMMATES.
                        <br/>
                                                <br/>
                                             </li>
                  </ul>
                  If the problem persists, contact TEAMMATES support at
                  <a>
                     teammates@comp.nus.edu.sg
                  </a>
                  <br/>
                                    <br/>
                                    <b>
                     Note:
                  </b>
                  If the problematic link was received via email,
                        remember to copy-paste that email content when contacting TEAMMATES
                        support.
                  <br/>
                                    <br/>
                                    <p>
                  </p>
               </div>
            </div>
         </div>
         <div class="container-fluid" id="footerComponent">
            <div class="container">
               <div class="row">
                  <div class="col-md-2">
                     <span>
                        [
                        <a href="/index.html">
                           TEAMMATES
                        </a>
                        V4.99]
                     </span>
                  </div>
                  <div class="col-md-8">
                  </div>
                  <div class="col-md-2">
                     <span>
                        [Send
                        <a class="link" href="../contact.html" target="_blank">
                           Feedback
                        </a>
                        ]
                     </span>
                  </div>
               </div>
            </div>
         </div>
      </body>
   </html>

</expected]>> but was:<<[actual>

   <html>
      <head>
         <link href="/favicon.png" rel="shortcut icon"/>
                  <meta content="text/html; charset=UTF-8" http-equiv="Content-Type"/>
                  <meta content="width=device-width, initial-scale=1.0" name="viewport"/>
                  <title>
            TEAMMATES
         </title>
         <link href="/bootstrap/css/bootstrap.min.css" rel="stylesheet" type="text/css"/>
                  <link href="/bootstrap/css/bootstrap-theme.min.css" rel="stylesheet" type="text/css"/>
                  <link href="stylesheets/teammatesCommon.css" rel="stylesheet" type="text/css"/>
               </head>
      <body>
         <div class="navbar navbar-inverse navbar-fixed-top" role="navigation">
            <div class="container">
               <div class="navbar-header">
                  <a class="navbar-brand" href="/index.html">
                     TEAMMATES
                  </a>
               </div>
            </div>
         </div>
         <div class="container" id="frameBodyWrapper">
            <div class="row">
               <div class="alert alert-warning col-md-6 col-md-offset-3">
                  <img src="/images/puzzled.png" style="float: left; margin: 0 10px 10px 0; height: 90px;"/>
                                    <p>
                     <br/>
                                          <br/>
                                          TEAMMATES could not locate what you were trying to access.
                     <br/>
                                          <br/>
                                          <br/>
                                          <br/>
                                          Possible reasons include:
                  </p>
                  <ul>
                     <li>
                        You clicked on a link received in email, but the link was mangled by the
                                email software. Try copy-pasting the entire link into the Browser address
                                bar.
                     </li>
                     <li>
                        The entity (e.g. course, session) you were trying to access was deleted
                                by an instructor after the link was sent to you by TEAMMATES.
                        <br/>
                                                <br/>
                                             </li>
                  </ul>
                  If the problem persists, contact TEAMMATES support at
                  <a>
                     teammates@comp.nus.edu.sg
                  </a>
                  <br/>
                                    <br/>
                                    <b>
                     Note:
                  </b>
                  If the problematic link was received via email,
                        remember to copy-paste that email content when contacting TEAMMATES
                        support.
                  <br/>
                                    <br/>
                                    If you are a registered user you can go back to the
                  <a href="/page/studentHomePage">
                     home page
                  </a>
                  <br/>
                                    <br/>
                                    <p>
                  </p>
               </div>
            </div>
         </div>
         <div class="container-fluid" id="footerComponent">
            <div class="container">
               <div class="row">
                  <div class="col-md-2">
                     <span>
                        [
                        <a href="/index.html">
                           TEAMMATES
                        </a>
                        V4.99]
                     </span>
                  </div>
                  <div class="col-md-8">
                  </div>
                  <div class="col-md-2">
                     <span>
                        [Send
                        <a class="link" href="../contact.html" target="_blank">
                           Feedback
                        </a>
                        ]
                     </span>
                  </div>
               </div>
            </div>
         </div>
      </body>
   </html>

</actual]>>
	at org.junit.Assert.assertEquals(Assert.java:115)
	at org.junit.Assert.assertEquals(Assert.java:144)
	at teammates.test.driver.HtmlHelper.assertSameHtml(HtmlHelper.java:34)
	at teammates.test.pageobjects.AppPage.verifyHtml(AppPage.java:722)
	at teammates.test.cases.ui.browsertests.AllAccessControlUiTests.testPubliclyAccessiblePages(AllAccessControlUiTests.java:303)
	at sun.reflect.NativeMethodAccessorImpl.invoke0(Native Method)
	at sun.reflect.NativeMethodAccessorImpl.invoke(NativeMethodAccessorImpl.java:57)
	at sun.reflect.DelegatingMethodAccessorImpl.invoke(DelegatingMethodAccessorImpl.java:43)
	at java.lang.reflect.Method.invoke(Method.java:606)
	at org.testng.internal.MethodInvocationHelper.invokeMethod(MethodInvocationHelper.java:84)
	at org.testng.internal.Invoker.invokeMethod(Invoker.java:714)
	at org.testng.internal.Invoker.invokeTestMethod(Invoker.java:901)
	at org.testng.internal.Invoker.invokeTestMethods(Invoker.java:1231)
	at org.testng.internal.TestMethodWorker.invokeTestMethods(TestMethodWorker.java:127)
	at org.testng.internal.TestMethodWorker.run(TestMethodWorker.java:111)
	at java.util.concurrent.ThreadPoolExecutor.runWorker(ThreadPoolExecutor.java:1145)
	at java.util.concurrent.ThreadPoolExecutor$Worker.run(ThreadPoolExecutor.java:615)
	at java.lang.Thread.run(Thread.java:745)
]]>
    </error>
  </testcase> <!-- testPubliclyAccessiblePages -->
</testsuite> <!-- teammates.test.cases.ui.browsertests.AllAccessControlUiTests -->
