<?xml version="1.0" encoding="UTF-8"?>
<!-- Generated by org.testng.reporters.JUnitReportReporter -->
<testsuite hostname="soccf-tr5-001" name="teammates.test.automated.EvaluationOpeningReminderTest" tests="2" failures="0" timestamp="28 Aug 2014 04:33:09 GMT" time="3.230" errors="0">
  <testcase name="testAdditionOfTaskToTaskQueue" time="2.201" classname="teammates.test.automated.EvaluationOpeningReminderTest"/>
  <testcase name="testEvaluationOpeningMailAction" time="1.029" classname="teammates.test.automated.EvaluationOpeningReminderTest"/>
</testsuite> <!-- teammates.test.automated.EvaluationOpeningReminderTest -->
