<?xml version="1.0" encoding="UTF-8"?>
<!-- Generated by org.testng.reporters.JUnitReportReporter -->
<testsuite hostname="soccf-tr5-001" name="teammates.test.cases.logic.SubmissionsAdjustmentTest" tests="2" failures="0" timestamp="10 Sep 2014 13:54:47 GMT" time="7.599" errors="0">
  <testcase name="testAdjustmentOfResponses" time="0.141" classname="teammates.test.cases.logic.SubmissionsAdjustmentTest"/>
  <testcase name="testEnrollStudentsWithScheduledSubmissionAdjustment" time="7.458" classname="teammates.test.cases.logic.SubmissionsAdjustmentTest"/>
</testsuite> <!-- teammates.test.cases.logic.SubmissionsAdjustmentTest -->
