<?xml version="1.0" encoding="UTF-8"?>
<!-- Generated by org.testng.reporters.JUnitReportReporter -->
<testsuite hostname="soccf-tr5-001" name="teammates.test.cases.ui.InstructorCourseStudentDeleteActionTest" tests="1" failures="0" timestamp="6 Aug 2014 07:33:52 GMT" time="0.187" errors="0">
  <testcase name="testExecuteAndPostProcess" time="0.187" classname="teammates.test.cases.ui.InstructorCourseStudentDeleteActionTest"/>
</testsuite> <!-- teammates.test.cases.ui.InstructorCourseStudentDeleteActionTest -->
