<?xml version="1.0" encoding="UTF-8"?>
<!-- Generated by org.testng.reporters.JUnitReportReporter -->
<testsuite hostname="soccf-tr5-001" name="teammates.test.cases.ui.InstructorFeedbacksPageActionTest" tests="1" failures="0" timestamp="6 Aug 2014 08:31:50 GMT" time="1.763" errors="0">
  <testcase name="testExecuteAndPostProcess" time="1.763" classname="teammates.test.cases.ui.InstructorFeedbacksPageActionTest"/>
</testsuite> <!-- teammates.test.cases.ui.InstructorFeedbacksPageActionTest -->
