<?xml version="1.0" encoding="UTF-8"?>
<!-- Generated by org.testng.reporters.JUnitReportReporter -->
<testsuite hostname="soccf-tr5-001" name="teammates.test.cases.common.CommentAttributesTest" tests="3" failures="0" timestamp="7 Aug 2014 03:44:33 GMT" time="0.000" errors="0">
  <testcase name="testBasicGetters" time="0.000" classname="teammates.test.cases.common.CommentAttributesTest"/>
  <testcase name="testSanitize" time="0.000" classname="teammates.test.cases.common.CommentAttributesTest"/>
  <testcase name="testValidate" time="0.000" classname="teammates.test.cases.common.CommentAttributesTest"/>
</testsuite> <!-- teammates.test.cases.common.CommentAttributesTest -->
