<?xml version="1.0" encoding="UTF-8"?>
<!-- Generated by org.testng.reporters.JUnitReportReporter -->
<testsuite hostname="soccf-tr5-001" name="teammates.test.cases.ui.browsertests.InstructorSearchPageUiTest" tests="1" failures="0" timestamp="1 Oct 2014 12:29:34 GMT" time="62.118" errors="0">
  <testcase name="allTests" time="62.118" classname="teammates.test.cases.ui.browsertests.InstructorSearchPageUiTest"/>
</testsuite> <!-- teammates.test.cases.ui.browsertests.InstructorSearchPageUiTest -->
