<?xml version="1.0" encoding="UTF-8"?>
<!-- Generated by org.testng.reporters.JUnitReportReporter -->
<testsuite hostname="soccf-tr5-001" name="teammates.test.cases.storage.ProfilesDbTest" tests="4" failures="0" timestamp="15 Sep 2014 13:12:51 GMT" time="0.125" errors="0">
  <testcase name="testUpdateStudentProfile" time="0.078" classname="teammates.test.cases.storage.ProfilesDbTest"/>
  <testcase name="testGetStudentProfile" time="0.000" classname="teammates.test.cases.storage.ProfilesDbTest"/>
  <testcase name="testDeleteProfilePicture" time="0.015" classname="teammates.test.cases.storage.ProfilesDbTest"/>
  <testcase name="testUpdateStudentProfilePicture" time="0.032" classname="teammates.test.cases.storage.ProfilesDbTest"/>
</testsuite> <!-- teammates.test.cases.storage.ProfilesDbTest -->
