<?xml version="1.0" encoding="UTF-8"?>
<!-- Generated by org.testng.reporters.JUnitReportReporter -->
<testsuite hostname="soccf-tr5-001" name="teammates.test.cases.logic.CoursesLogicTest" tests="1" failures="0" timestamp="14 Sep 2014 14:29:29 GMT" time="1.560" errors="0">
  <testcase name="testAll" time="1.560" classname="teammates.test.cases.logic.CoursesLogicTest"/>
</testsuite> <!-- teammates.test.cases.logic.CoursesLogicTest -->
