<?xml version="1.0" encoding="UTF-8"?>
<!-- Generated by org.testng.reporters.JUnitReportReporter -->
<testsuite hostname="soccf-tr5-001" name="teammates.test.cases.logic.SubmissionTaskQueueLogicTest" tests="2" failures="0" timestamp="5 Nov 2014 12:23:05 GMT" time="2.107" errors="0">
  <testcase name="testSchedulingOfCreationOfSubmissions" time="2.076" classname="teammates.test.cases.logic.SubmissionTaskQueueLogicTest"/>
  <testcase name="testCreationOfSubmissions" time="0.031" classname="teammates.test.cases.logic.SubmissionTaskQueueLogicTest"/>
</testsuite> <!-- teammates.test.cases.logic.SubmissionTaskQueueLogicTest -->
