<?xml version="1.0" encoding="UTF-8"?>
<!-- Generated by org.testng.reporters.JUnitReportReporter -->
<testsuite hostname="soccf-tr5-001" name="teammates.test.cases.ui.InstructorFeedbackQuestionEditActionTest" tests="7" failures="0" timestamp="11 Sep 2014 06:11:54 GMT" time="16.863" errors="0">
  <testcase name="testExecuteAndPostProcessContributionQuestion" time="2.527" classname="teammates.test.cases.ui.InstructorFeedbackQuestionEditActionTest"/>
  <testcase name="testExecuteAndPostProcessMcq" time="2.621" classname="teammates.test.cases.ui.InstructorFeedbackQuestionEditActionTest"/>
  <testcase name="testExecuteAndPostProcessConstSumOption" time="1.997" classname="teammates.test.cases.ui.InstructorFeedbackQuestionEditActionTest"/>
  <testcase name="testExecuteAndPostProcessConstSumRecipient" time="2.901" classname="teammates.test.cases.ui.InstructorFeedbackQuestionEditActionTest"/>
  <testcase name="testExecuteAndPostProcessNumScale" time="3.104" classname="teammates.test.cases.ui.InstructorFeedbackQuestionEditActionTest"/>
  <testcase name="testExecuteAndPostProcess" time="0.390" classname="teammates.test.cases.ui.InstructorFeedbackQuestionEditActionTest"/>
  <testcase name="testExecuteAndPostProcessMsq" time="3.323" classname="teammates.test.cases.ui.InstructorFeedbackQuestionEditActionTest"/>
</testsuite> <!-- teammates.test.cases.ui.InstructorFeedbackQuestionEditActionTest -->
