<?xml version="1.0" encoding="UTF-8"?>
<!-- Generated by org.testng.reporters.JUnitReportReporter -->
<testsuite hostname="soccf-tr5-001" name="teammates.test.cases.logic.StudentsLogicTest" tests="1" failures="0" timestamp="7 Aug 2014 04:10:49 GMT" time="1.420" errors="0">
  <testcase name="testAll" time="1.420" classname="teammates.test.cases.logic.StudentsLogicTest"/>
</testsuite> <!-- teammates.test.cases.logic.StudentsLogicTest -->
