<?xml version="1.0" encoding="UTF-8"?>
<!-- Generated by org.testng.reporters.JUnitReportReporter -->
<testsuite hostname="soccf-tr5-001" name="teammates.test.cases.ui.InstructorFeedbackQuestionAddActionTest" tests="7" failures="0" timestamp="1 Oct 2014 11:57:39 GMT" time="7.222" errors="0">
  <testcase name="testExecuteAndPostProcessConstSumOption" time="0.452" classname="teammates.test.cases.ui.InstructorFeedbackQuestionAddActionTest"/>
  <testcase name="testExecuteAndPostProcessNumScale" time="0.842" classname="teammates.test.cases.ui.InstructorFeedbackQuestionAddActionTest"/>
  <testcase name="testExecuteAndPostProcessMcq" time="0.936" classname="teammates.test.cases.ui.InstructorFeedbackQuestionAddActionTest"/>
  <testcase name="testExecuteAndPostProcess" time="2.199" classname="teammates.test.cases.ui.InstructorFeedbackQuestionAddActionTest"/>
  <testcase name="testExecuteAndPostProcessConstSumRecipient" time="0.312" classname="teammates.test.cases.ui.InstructorFeedbackQuestionAddActionTest"/>
  <testcase name="testExecuteAndPostProcessContributionQuestion" time="0.905" classname="teammates.test.cases.ui.InstructorFeedbackQuestionAddActionTest"/>
  <testcase name="testExecuteAndPostProcessMsq" time="1.576" classname="teammates.test.cases.ui.InstructorFeedbackQuestionAddActionTest"/>
</testsuite> <!-- teammates.test.cases.ui.InstructorFeedbackQuestionAddActionTest -->
