<?xml version="1.0" encoding="UTF-8"?>
<!-- Generated by org.testng.reporters.JUnitReportReporter -->
<testsuite hostname="soccf-tr5-001" name="teammates.test.cases.ui.browsertests.StudentEvalResultsPageUiTest" tests="1" failures="0" timestamp="14 Sep 2014 18:19:38 GMT" time="16.676" errors="0">
  <testcase name="testAll" time="16.676" classname="teammates.test.cases.ui.browsertests.StudentEvalResultsPageUiTest"/>
</testsuite> <!-- teammates.test.cases.ui.browsertests.StudentEvalResultsPageUiTest -->
