<?xml version="1.0" encoding="UTF-8"?>
<!-- Generated by org.testng.reporters.JUnitReportReporter -->
<testsuite hostname="soccf-tr5-001" name="teammates.test.cases.ui.browsertests.InstructorFeedbackEditPageUiTest" tests="1" failures="0" timestamp="15 Sep 2014 13:16:54 GMT" time="174.860" errors="0">
  <testcase name="allTests" time="174.860" classname="teammates.test.cases.ui.browsertests.InstructorFeedbackEditPageUiTest"/>
</testsuite> <!-- teammates.test.cases.ui.browsertests.InstructorFeedbackEditPageUiTest -->
