<?xml version="1.0" encoding="UTF-8"?>
<!-- Generated by org.testng.reporters.JUnitReportReporter -->
<testsuite hostname="soccf-tr5-001" name="teammates.test.cases.ui.browsertests.InstructorEvalEditPageUiTest" tests="1" failures="0" timestamp="21 Aug 2014 08:55:41 GMT" time="34.912" errors="0">
  <testcase name="runTestsInOrder" time="34.912" classname="teammates.test.cases.ui.browsertests.InstructorEvalEditPageUiTest"/>
</testsuite> <!-- teammates.test.cases.ui.browsertests.InstructorEvalEditPageUiTest -->
