<?xml version="1.0" encoding="UTF-8"?>
<!-- Generated by org.testng.reporters.JUnitReportReporter -->
<testsuite hostname="soccf-tr5-001" name="teammates.test.cases.ui.browsertests.MashupPageUiTest" tests="1" failures="0" timestamp="29 Oct 2014 13:25:55 GMT" time="28.709" errors="0">
  <testcase name="loadWebpageCompilation" time="28.709" classname="teammates.test.cases.ui.browsertests.MashupPageUiTest"/>
</testsuite> <!-- teammates.test.cases.ui.browsertests.MashupPageUiTest -->
