<?xml version="1.0" encoding="UTF-8"?>
<!-- Generated by org.testng.reporters.JUnitReportReporter -->
<testsuite hostname="soccf-tr5-001" name="teammates.test.cases.logic.SubmissionTaskQueueLogicTest" tests="2" failures="0" timestamp="6 Aug 2014 08:31:51 GMT" time="2.215" errors="0">
  <testcase name="testSchedulingOfCreationOfSubmissions" time="2.137" classname="teammates.test.cases.logic.SubmissionTaskQueueLogicTest"/>
  <testcase name="testCreationOfSubmissions" time="0.078" classname="teammates.test.cases.logic.SubmissionTaskQueueLogicTest"/>
</testsuite> <!-- teammates.test.cases.logic.SubmissionTaskQueueLogicTest -->
