<?xml version="1.0" encoding="UTF-8"?>
<!-- Generated by org.testng.reporters.JUnitReportReporter -->
<testsuite hostname="soccf-tr5-001" name="teammates.test.cases.storage.FeedbackResponsesDbTest" tests="16" failures="0" timestamp="6 Aug 2014 08:31:51 GMT" time="0.168" errors="0">
  <testcase name="testGetFeedbackResponses" time="0.008" classname="teammates.test.cases.storage.FeedbackResponsesDbTest"/>
  <testcase name="testUpdateFeedbackResponse" time="0.022" classname="teammates.test.cases.storage.FeedbackResponsesDbTest"/>
  <testcase name="testGetFeedbackResponsesFromGiverForCourse" time="0.007" classname="teammates.test.cases.storage.FeedbackResponsesDbTest"/>
  <testcase name="testGetFeedbackResponsesForReceiverForCourse" time="0.005" classname="teammates.test.cases.storage.FeedbackResponsesDbTest"/>
  <testcase name="testGetFeedbackResponsesForSessionWithinRange" time="0.008" classname="teammates.test.cases.storage.FeedbackResponsesDbTest"/>
  <testcase name="testGetFeedbackResponsesForSession" time="0.006" classname="teammates.test.cases.storage.FeedbackResponsesDbTest"/>
  <testcase name="testGetFeedbackResponsesForQuestionInSection" time="0.011" classname="teammates.test.cases.storage.FeedbackResponsesDbTest"/>
  <testcase name="testGetFeedbackResponsesForReceiverForQuestion" time="0.005" classname="teammates.test.cases.storage.FeedbackResponsesDbTest"/>
  <testcase name="testCreateDeleteFeedbackResponse" time="0.023" classname="teammates.test.cases.storage.FeedbackResponsesDbTest"/>
  <testcase name="testGetFeedbackResponsesForSessionInSection" time="0.015" classname="teammates.test.cases.storage.FeedbackResponsesDbTest"/>
  <testcase name="testGetFeedbackResponsesForSessionFromSection" time="0.007" classname="teammates.test.cases.storage.FeedbackResponsesDbTest"/>
  <testcase name="testGetFeedbackResponsesForQuestion" time="0.004" classname="teammates.test.cases.storage.FeedbackResponsesDbTest"/>
  <testcase name="testGetFeedbackResponsesForReceiverForQuestionInSection" time="0.015" classname="teammates.test.cases.storage.FeedbackResponsesDbTest"/>
  <testcase name="testGetFeedbackResponsesFromGiverForQuestionInSection" time="0.016" classname="teammates.test.cases.storage.FeedbackResponsesDbTest"/>
  <testcase name="testGetFeedbackResponsesForSessionToSection" time="0.010" classname="teammates.test.cases.storage.FeedbackResponsesDbTest"/>
  <testcase name="testGetFeedbackResponsesFromGiverForQuestion" time="0.006" classname="teammates.test.cases.storage.FeedbackResponsesDbTest"/>
</testsuite> <!-- teammates.test.cases.storage.FeedbackResponsesDbTest -->
