<?xml version="1.0" encoding="UTF-8"?>
<!-- Generated by org.testng.reporters.JUnitReportReporter -->
<testsuite hostname="soccf-tr5-001" name="teammates.test.cases.logic.SubmissionsAdjustmentTest" tests="2" failures="0" timestamp="2 Jan 2015 09:17:12 GMT" time="7.271" errors="0">
  <testcase name="testEnrollStudentsWithScheduledSubmissionAdjustment" time="7.193" classname="teammates.test.cases.logic.SubmissionsAdjustmentTest"/>
  <testcase name="testAdjustmentOfResponses" time="0.078" classname="teammates.test.cases.logic.SubmissionsAdjustmentTest"/>
</testsuite> <!-- teammates.test.cases.logic.SubmissionsAdjustmentTest -->
