<?xml version="1.0" encoding="UTF-8"?>
<!-- Generated by org.testng.reporters.JUnitReportReporter -->
<testsuite hostname="soccf-tr5-001" name="teammates.test.cases.ui.InstructorEvalsPageDataTest" tests="1" failures="0" timestamp="26 Sep 2014 15:21:30 GMT" time="0.000" errors="0">
  <testcase name="testGetTimeOptions" time="0.000" classname="teammates.test.cases.ui.InstructorEvalsPageDataTest"/>
</testsuite> <!-- teammates.test.cases.ui.InstructorEvalsPageDataTest -->
