<?xml version="1.0" encoding="UTF-8"?>
<!-- Generated by org.testng.reporters.JUnitReportReporter -->
<testsuite hostname="soccf-tr5-001" name="teammates.test.cases.ui.InstructorFeedbackQuestionCopyActionTest" tests="2" failures="0" timestamp="10 Sep 2014 12:56:05 GMT" time="4.961" errors="0">
  <testcase name="testExecuteAndPostProcess" time="2.496" classname="teammates.test.cases.ui.InstructorFeedbackQuestionCopyActionTest"/>
  <testcase name="testAccessControl" time="2.465" classname="teammates.test.cases.ui.InstructorFeedbackQuestionCopyActionTest"/>
</testsuite> <!-- teammates.test.cases.ui.InstructorFeedbackQuestionCopyActionTest -->
