<?xml version="1.0" encoding="UTF-8"?>
<!-- Generated by org.testng.reporters.JUnitReportReporter -->
<testsuite hostname="soccf-tr5-001" name="teammates.test.cases.testdriver.TestPropertiesTest" tests="2" failures="0" timestamp="10 Sep 2014 13:54:47 GMT" time="0.000" errors="0">
  <testcase name="testConstruction" time="0.000" classname="teammates.test.cases.testdriver.TestPropertiesTest"/>
  <testcase name="testExtractVersionNumber" time="0.000" classname="teammates.test.cases.testdriver.TestPropertiesTest"/>
</testsuite> <!-- teammates.test.cases.testdriver.TestPropertiesTest -->
