<?xml version="1.0" encoding="UTF-8"?>
<!-- Generated by org.testng.reporters.JUnitReportReporter -->
<testsuite hostname="soccf-tr5-001" name="teammates.test.cases.ui.browsertests.InstructorCourseStudentDetailsPageUiTest" tests="1" failures="0" timestamp="7 Aug 2014 06:43:30 GMT" time="5.304" errors="0">
  <testcase name="testAll" time="5.304" classname="teammates.test.cases.ui.browsertests.InstructorCourseStudentDetailsPageUiTest"/>
</testsuite> <!-- teammates.test.cases.ui.browsertests.InstructorCourseStudentDetailsPageUiTest -->
