<?xml version="1.0" encoding="UTF-8"?>
<!-- Generated by org.testng.reporters.JUnitReportReporter -->
<testsuite hostname="soccf-tr5-001" name="teammates.test.cases.ui.browsertests.SystemErrorEmailReportTest" tests="5" failures="0" timestamp="8 Oct 2014 11:52:49 GMT" time="7.427" errors="0">
  <testcase name="testAssertionError" time="1.544" classname="teammates.test.cases.ui.browsertests.SystemErrorEmailReportTest"/>
  <testcase name="testUnauthorizedAccessException" time="1.499" classname="teammates.test.cases.ui.browsertests.SystemErrorEmailReportTest"/>
  <testcase name="testDeadlineExceededException" time="1.014" classname="teammates.test.cases.ui.browsertests.SystemErrorEmailReportTest"/>
  <testcase name="testNullPointerException" time="0.827" classname="teammates.test.cases.ui.browsertests.SystemErrorEmailReportTest"/>
  <testcase name="testEntityDoesNotExistException" time="2.543" classname="teammates.test.cases.ui.browsertests.SystemErrorEmailReportTest"/>
</testsuite> <!-- teammates.test.cases.ui.browsertests.SystemErrorEmailReportTest -->
