<?xml version="1.0" encoding="UTF-8"?>
<!-- Generated by org.testng.reporters.JUnitReportReporter -->
<testsuite hostname="soccf-tr5-001" name="teammates.test.cases.ui.InstructorFeedbackQuestionCopyActionTest" tests="2" failures="0" timestamp="6 Aug 2014 07:33:51 GMT" time="4.073" errors="0">
  <testcase name="testExecuteAndPostProcess" time="1.981" classname="teammates.test.cases.ui.InstructorFeedbackQuestionCopyActionTest"/>
  <testcase name="testAccessControl" time="2.092" classname="teammates.test.cases.ui.InstructorFeedbackQuestionCopyActionTest"/>
</testsuite> <!-- teammates.test.cases.ui.InstructorFeedbackQuestionCopyActionTest -->
