<?xml version="1.0" encoding="UTF-8"?>
<!-- Generated by org.testng.reporters.JUnitReportReporter -->
<testsuite hostname="soccf-tr5-001" name="teammates.test.cases.storage.CoursesDbTest" tests="4" failures="0" timestamp="10 Sep 2014 13:16:53 GMT" time="0.063" errors="0">
  <testcase name="testGetCourse" time="0.016" classname="teammates.test.cases.storage.CoursesDbTest"/>
  <testcase name="testUpdateCourse" time="0.000" classname="teammates.test.cases.storage.CoursesDbTest"/>
  <testcase name="testCreateCourse" time="0.031" classname="teammates.test.cases.storage.CoursesDbTest"/>
  <testcase name="testDeleteCourse" time="0.016" classname="teammates.test.cases.storage.CoursesDbTest"/>
</testsuite> <!-- teammates.test.cases.storage.CoursesDbTest -->
