<?xml version="1.0" encoding="UTF-8"?>
<!-- Generated by org.testng.reporters.JUnitReportReporter -->
<testsuite hostname="soccf-tr5-001" name="teammates.test.cases.ui.InstructorCourseRemindActionTest" tests="1" failures="0" timestamp="7 Aug 2014 03:44:32 GMT" time="0.608" errors="0">
  <testcase name="testExecuteAndPostProcess" time="0.608" classname="teammates.test.cases.ui.InstructorCourseRemindActionTest"/>
</testsuite> <!-- teammates.test.cases.ui.InstructorCourseRemindActionTest -->
