<?xml version="1.0" encoding="UTF-8"?>
<!-- Generated by org.testng.reporters.JUnitReportReporter -->
<testsuite hostname="soccf-tr5-001" name="teammates.test.cases.ui.InstructorFeedbackQuestionCopyActionTest" tests="2" failures="0" timestamp="10 Sep 2014 13:16:53 GMT" time="7.893" errors="0">
  <testcase name="testAccessControl" time="3.962" classname="teammates.test.cases.ui.InstructorFeedbackQuestionCopyActionTest"/>
  <testcase name="testExecuteAndPostProcess" time="3.931" classname="teammates.test.cases.ui.InstructorFeedbackQuestionCopyActionTest"/>
</testsuite> <!-- teammates.test.cases.ui.InstructorFeedbackQuestionCopyActionTest -->
