<?xml version="1.0" encoding="UTF-8"?>
<!-- Generated by org.testng.reporters.JUnitReportReporter -->
<testsuite hostname="soccf-tr5-001" name="teammates.test.cases.ui.browsertests.StudentFeedbackResultsPageUiTest" tests="1" failures="0" timestamp="15 Sep 2014 13:12:51 GMT" time="27.112" errors="0">
  <testcase name="testAll" time="27.112" classname="teammates.test.cases.ui.browsertests.StudentFeedbackResultsPageUiTest"/>
</testsuite> <!-- teammates.test.cases.ui.browsertests.StudentFeedbackResultsPageUiTest -->
