<?xml version="1.0" encoding="UTF-8"?>
<!-- Generated by org.testng.reporters.JUnitReportReporter -->
<testsuite hostname="soccf-tr5-001" name="teammates.test.cases.ui.browsertests.InstructorCoursesPageUiTest" tests="1" failures="0" timestamp="7 Aug 2014 04:10:49 GMT" time="77.879" errors="0">
  <testcase name="allTests" time="77.879" classname="teammates.test.cases.ui.browsertests.InstructorCoursesPageUiTest"/>
</testsuite> <!-- teammates.test.cases.ui.browsertests.InstructorCoursesPageUiTest -->
