<?xml version="1.0" encoding="UTF-8"?>
<!-- Generated by org.testng.reporters.JUnitReportReporter -->
<testsuite hostname="soccf-tr5-001" name="teammates.test.cases.ui.browsertests.InstructorEvalResultsPageUiTest" tests="4" failures="0" timestamp="10 Sep 2014 12:56:05 GMT" time="61.042" errors="0">
  <testcase name="testOpenEval" time="32.775" classname="teammates.test.cases.ui.browsertests.InstructorEvalResultsPageUiTest"/>
  <testcase name="testClosedEval" time="11.903" classname="teammates.test.cases.ui.browsertests.InstructorEvalResultsPageUiTest"/>
  <testcase name="testPublishedEval" time="11.357" classname="teammates.test.cases.ui.browsertests.InstructorEvalResultsPageUiTest"/>
  <testcase name="testP2PDisabledEval" time="5.007" classname="teammates.test.cases.ui.browsertests.InstructorEvalResultsPageUiTest"/>
</testsuite> <!-- teammates.test.cases.ui.browsertests.InstructorEvalResultsPageUiTest -->
