<?xml version="1.0" encoding="UTF-8"?>
<!-- Generated by org.testng.reporters.JUnitReportReporter -->
<testsuite hostname="soccf-tr5-001" name="teammates.test.cases.ui.browsertests.TableSortTest" tests="6" failures="0" timestamp="7 Aug 2014 04:48:38 GMT" time="2.819" errors="0">
  <testcase name="testTableSortingName" time="0.501" classname="teammates.test.cases.ui.browsertests.TableSortTest"/>
  <testcase name="testTableSortingPoint" time="0.250" classname="teammates.test.cases.ui.browsertests.TableSortTest"/>
  <testcase name="testTableSortingID" time="0.430" classname="teammates.test.cases.ui.browsertests.TableSortTest"/>
  <testcase name="testTableSortingDiff" time="0.390" classname="teammates.test.cases.ui.browsertests.TableSortTest"/>
  <testcase name="testTableSortingDate" time="0.328" classname="teammates.test.cases.ui.browsertests.TableSortTest"/>
  <testcase name="testStableSort" time="0.920" classname="teammates.test.cases.ui.browsertests.TableSortTest"/>
</testsuite> <!-- teammates.test.cases.ui.browsertests.TableSortTest -->
