<?xml version="1.0" encoding="UTF-8"?>
<!-- Generated by org.testng.reporters.JUnitReportReporter -->
<testsuite hostname="soccf-tr5-001" name="teammates.test.cases.ui.browsertests.StudentCourseDetailsPageUiTest" tests="1" failures="0" timestamp="5 Nov 2014 12:23:05 GMT" time="4.415" errors="0">
  <testcase name="testAll" time="4.415" classname="teammates.test.cases.ui.browsertests.StudentCourseDetailsPageUiTest"/>
</testsuite> <!-- teammates.test.cases.ui.browsertests.StudentCourseDetailsPageUiTest -->
