<?xml version="1.0" encoding="UTF-8"?>
<!-- Generated by org.testng.reporters.JUnitReportReporter -->
<testsuite hostname="soccf-tr5-001" name="teammates.test.automated.FeedbackSessionPublishedReminderTest" tests="2" failures="0" timestamp="29 Oct 2014 17:12:03 GMT" time="4.306" errors="0">
  <testcase name="testFeedbackSessionOpeningMailAction" time="1.186" classname="teammates.test.automated.FeedbackSessionPublishedReminderTest"/>
  <testcase name="testAdditionOfTaskToTaskQueue" time="3.120" classname="teammates.test.automated.FeedbackSessionPublishedReminderTest"/>
</testsuite> <!-- teammates.test.automated.FeedbackSessionPublishedReminderTest -->
