<?xml version="1.0" encoding="UTF-8"?>
<!-- Generated by org.testng.reporters.JUnitReportReporter -->
<testsuite hostname="soccf-tr5-001" name="teammates.test.automated.FeedbackSessionClosingReminderTest" tests="2" failures="0" timestamp="1 Oct 2014 11:57:39 GMT" time="2.153" errors="0">
  <testcase name="testFeedbackSessionClosingMailAction" time="0.110" classname="teammates.test.automated.FeedbackSessionClosingReminderTest"/>
  <testcase name="testAdditionOfTaskToTaskQueue" time="2.043" classname="teammates.test.automated.FeedbackSessionClosingReminderTest"/>
</testsuite> <!-- teammates.test.automated.FeedbackSessionClosingReminderTest -->
