<?xml version="1.0" encoding="UTF-8"?>
<!-- Generated by org.testng.reporters.JUnitReportReporter -->
<testsuite hostname="soccf-tr5-001" name="teammates.test.cases.storage.FeedbackSessionsDbTest" tests="3" failures="0" timestamp="29 Oct 2014 17:34:19 GMT" time="0.297" errors="0">
  <testcase name="testCreateDeleteFeedbackSession" time="0.015" classname="teammates.test.cases.storage.FeedbackSessionsDbTest"/>
  <testcase name="testUpdateFeedbackSession" time="0.032" classname="teammates.test.cases.storage.FeedbackSessionsDbTest"/>
  <testcase name="testAllGetFeedbackSessions" time="0.250" classname="teammates.test.cases.storage.FeedbackSessionsDbTest"/>
</testsuite> <!-- teammates.test.cases.storage.FeedbackSessionsDbTest -->
