<?xml version="1.0" encoding="UTF-8"?>
<!-- Generated by org.testng.reporters.JUnitReportReporter -->
<testsuite hostname="soccf-tr5-001" name="teammates.test.cases.storage.InstructorsDbTest" tests="12" failures="0" timestamp="6 Aug 2014 08:31:50 GMT" time="0.050" errors="0">
  <testcase name="testGetInstructorForGoogleId" time="0.003" classname="teammates.test.cases.storage.InstructorsDbTest"/>
  <testcase name="testDeleteInstructorsForCourse" time="0.004" classname="teammates.test.cases.storage.InstructorsDbTest"/>
  <testcase name="testUpdateInstructorByEmail" time="0.007" classname="teammates.test.cases.storage.InstructorsDbTest"/>
  <testcase name="testGetInstructorForEmail" time="0.003" classname="teammates.test.cases.storage.InstructorsDbTest"/>
  <testcase name="testUpdateInstructorByGoogleId" time="0.006" classname="teammates.test.cases.storage.InstructorsDbTest"/>
  <testcase name="testDeleteInstructor" time="0.005" classname="teammates.test.cases.storage.InstructorsDbTest"/>
  <testcase name="testGetInstructorsForCourse" time="0.002" classname="teammates.test.cases.storage.InstructorsDbTest"/>
  <testcase name="testGetInstructorForRegistrationKey" time="0.003" classname="teammates.test.cases.storage.InstructorsDbTest"/>
  <testcase name="testGetInstructorsForGoogleId" time="0.002" classname="teammates.test.cases.storage.InstructorsDbTest"/>
  <testcase name="testCreateInstructor" time="0.011" classname="teammates.test.cases.storage.InstructorsDbTest"/>
  <testcase name="testGetInstructorsForEmail" time="0.002" classname="teammates.test.cases.storage.InstructorsDbTest"/>
  <testcase name="testDeleteInstructorsForGoogleId" time="0.002" classname="teammates.test.cases.storage.InstructorsDbTest"/>
</testsuite> <!-- teammates.test.cases.storage.InstructorsDbTest -->
