<?xml version="1.0" encoding="UTF-8"?>
<!-- Generated by org.testng.reporters.JUnitReportReporter -->
<testsuite hostname="soccf-tr5-001" name="teammates.test.cases.ui.StudentCourseJoinAuthenticatedActionTest" tests="1" failures="0" timestamp="8 Oct 2014 11:52:50 GMT" time="0.078" errors="0">
  <testcase name="testExecuteAndPostProcess" time="0.078" classname="teammates.test.cases.ui.StudentCourseJoinAuthenticatedActionTest"/>
</testsuite> <!-- teammates.test.cases.ui.StudentCourseJoinAuthenticatedActionTest -->
