<?xml version="1.0" encoding="UTF-8"?>
<!-- Generated by org.testng.reporters.JUnitReportReporter -->
<testsuite hostname="soccf-tr5-001" name="teammates.test.cases.logic.EvaluationsLogicTest" tests="1" failures="0" timestamp="8 Oct 2014 15:54:50 GMT" time="0.687" errors="0">
  <testcase name="testAll" time="0.687" classname="teammates.test.cases.logic.EvaluationsLogicTest"/>
</testsuite> <!-- teammates.test.cases.logic.EvaluationsLogicTest -->
