<?xml version="1.0" encoding="UTF-8"?>
<!-- Generated by org.testng.reporters.JUnitReportReporter -->
<testsuite hostname="soccf-tr5-001" name="teammates.test.cases.storage.AccountsDbTest" tests="5" failures="0" timestamp="29 Oct 2014 17:34:19 GMT" time="1.762" errors="0">
  <testcase name="testDeleteAccount" time="0.639" classname="teammates.test.cases.storage.AccountsDbTest"/>
  <testcase name="testCreateAccount" time="0.967" classname="teammates.test.cases.storage.AccountsDbTest"/>
  <testcase name="testEditAccount" time="0.016" classname="teammates.test.cases.storage.AccountsDbTest"/>
  <testcase name="testGetAccount" time="0.016" classname="teammates.test.cases.storage.AccountsDbTest"/>
  <testcase name="testGetInstructorAccounts" time="0.124" classname="teammates.test.cases.storage.AccountsDbTest"/>
</testsuite> <!-- teammates.test.cases.storage.AccountsDbTest -->
