<?xml version="1.0" encoding="UTF-8"?>
<!-- Generated by org.testng.reporters.JUnitReportReporter -->
<testsuite hostname="soccf-tr5-001" name="teammates.test.cases.common.EvaluationAttributesTest" tests="1" failures="0" timestamp="7 Aug 2014 06:49:04 GMT" time="0.452" errors="0">
  <testcase name="testValidate" time="0.452" classname="teammates.test.cases.common.EvaluationAttributesTest"/>
</testsuite> <!-- teammates.test.cases.common.EvaluationAttributesTest -->
