<?xml version="1.0" encoding="UTF-8"?>
<!-- Generated by org.testng.reporters.JUnitReportReporter -->
<testsuite hostname="soccf-tr5-001" name="teammates.test.automated.EvaluationClosingReminderTest" tests="2" failures="0" timestamp="20 Aug 2014 12:29:44 GMT" time="2.150" errors="0">
  <testcase name="testAdditionOfTaskToTaskQueue" time="2.134" classname="teammates.test.automated.EvaluationClosingReminderTest"/>
  <testcase name="testEvaluationClosingMailAction" time="0.016" classname="teammates.test.automated.EvaluationClosingReminderTest"/>
</testsuite> <!-- teammates.test.automated.EvaluationClosingReminderTest -->
