<?xml version="1.0" encoding="UTF-8"?>
<!-- Generated by org.testng.reporters.JUnitReportReporter -->
<testsuite hostname="soccf-tr5-001" name="teammates.test.cases.ui.browsertests.InstructorStudentRecordsPageUiTest" tests="1" failures="0" timestamp="14 Sep 2014 17:55:08 GMT" time="71.728" errors="0">
  <testcase name="testAll" time="71.728" classname="teammates.test.cases.ui.browsertests.InstructorStudentRecordsPageUiTest"/>
</testsuite> <!-- teammates.test.cases.ui.browsertests.InstructorStudentRecordsPageUiTest -->
