<?xml version="1.0" encoding="UTF-8"?>
<!-- Generated by org.testng.reporters.JUnitReportReporter -->
<testsuite hostname="soccf-tr5-001" name="teammates.test.automated.EvaluationClosingReminderTest" tests="2" failures="2" timestamp="7 Aug 2014 02:56:33 GMT" time="0.000" errors="0">
  <testcase name="testEvaluationClosingMailAction" time="0.000" classname="teammates.test.automated.EvaluationClosingReminderTest">
    <failure type="javax.jdo.JDOUserException" message="Persistent class &quot;Class teammates.storage.entity.Evaluation does not seem to have been enhanced.  You may want to rerun the enhancer and check for errors in the output.&quot; has no table in the database, but the operation requires it. Please check the specification of the MetaData for this class.">
      <![CDATA[javax.jdo.JDOUserException: Persistent class "Class teammates.storage.entity.Evaluation does not seem to have been enhanced.  You may want to rerun the enhancer and check for errors in the output." has no table in the database, but the operation requires it. Please check the specification of the MetaData for this class.
	at org.datanucleus.jdo.NucleusJDOHelper.getJDOExceptionForNucleusException(NucleusJDOHelper.java:375)
	at org.datanucleus.jdo.JDOQuery.execute(JDOQuery.java:275)
	at teammates.storage.api.EvaluationsDb.getEvaluationEntity(EvaluationsDb.java:188)
	at teammates.storage.api.EvaluationsDb.getEntity(EvaluationsDb.java:230)
	at teammates.storage.api.EntitiesDb.createEntity(EntitiesDb.java:63)
	at teammates.logic.core.EvaluationsLogic.createEvaluationCascadeWithoutSubmissionQueue(EvaluationsLogic.java:94)
	at teammates.test.automated.EvaluationClosingReminderTest.testEvaluationClosingMailAction(EvaluationClosingReminderTest.java:181)
	at sun.reflect.NativeMethodAccessorImpl.invoke0(Native Method)
	at sun.reflect.NativeMethodAccessorImpl.invoke(NativeMethodAccessorImpl.java:57)
	at sun.reflect.DelegatingMethodAccessorImpl.invoke(DelegatingMethodAccessorImpl.java:43)
	at java.lang.reflect.Method.invoke(Method.java:606)
	at org.testng.internal.MethodInvocationHelper.invokeMethod(MethodInvocationHelper.java:84)
	at org.testng.internal.Invoker.invokeMethod(Invoker.java:714)
	at org.testng.internal.Invoker.invokeTestMethod(Invoker.java:901)
	at org.testng.internal.Invoker.invokeTestMethods(Invoker.java:1231)
	at org.testng.internal.TestMethodWorker.invokeTestMethods(TestMethodWorker.java:127)
	at org.testng.internal.TestMethodWorker.run(TestMethodWorker.java:111)
	at org.testng.TestRunner.privateRun(TestRunner.java:767)
	at org.testng.TestRunner.run(TestRunner.java:617)
	at org.testng.SuiteRunner.runTest(SuiteRunner.java:334)
	at org.testng.SuiteRunner.access$000(SuiteRunner.java:37)
	at org.testng.SuiteRunner$SuiteWorker.run(SuiteRunner.java:368)
	at org.testng.internal.thread.ThreadUtil$2.call(ThreadUtil.java:64)
	at java.util.concurrent.FutureTask.run(FutureTask.java:262)
	at java.util.concurrent.ThreadPoolExecutor.runWorker(ThreadPoolExecutor.java:1145)
	at java.util.concurrent.ThreadPoolExecutor$Worker.run(ThreadPoolExecutor.java:615)
	at java.lang.Thread.run(Thread.java:745)
NestedThrowablesStackTrace:
Persistent class "Class teammates.storage.entity.Evaluation does not seem to have been enhanced.  You may want to rerun the enhancer and check for errors in the output." has no table in the database, but the operation requires it. Please check the specification of the MetaData for this class.
org.datanucleus.store.exceptions.NoTableManagedException: Persistent class "Class teammates.storage.entity.Evaluation does not seem to have been enhanced.  You may want to rerun the enhancer and check for errors in the output." has no table in the database, but the operation requires it. Please check the specification of the MetaData for this class.
	at org.datanucleus.store.appengine.DatastoreManager.getDatastoreClass(DatastoreManager.java:778)
	at org.datanucleus.store.appengine.query.DatastoreQuery.performExecute(DatastoreQuery.java:224)
	at org.datanucleus.store.appengine.query.JDOQLQuery.performExecute(JDOQLQuery.java:92)
	at org.datanucleus.store.query.Query.executeQuery(Query.java:1489)
	at org.datanucleus.store.query.Query.executeWithArray(Query.java:1371)
	at org.datanucleus.jdo.JDOQuery.execute(JDOQuery.java:266)
	at teammates.storage.api.EvaluationsDb.getEvaluationEntity(EvaluationsDb.java:188)
	at teammates.storage.api.EvaluationsDb.getEntity(EvaluationsDb.java:230)
	at teammates.storage.api.EntitiesDb.createEntity(EntitiesDb.java:63)
	at teammates.logic.core.EvaluationsLogic.createEvaluationCascadeWithoutSubmissionQueue(EvaluationsLogic.java:94)
	at teammates.test.automated.EvaluationClosingReminderTest.testEvaluationClosingMailAction(EvaluationClosingReminderTest.java:181)
	at sun.reflect.NativeMethodAccessorImpl.invoke0(Native Method)
	at sun.reflect.NativeMethodAccessorImpl.invoke(NativeMethodAccessorImpl.java:57)
	at sun.reflect.DelegatingMethodAccessorImpl.invoke(DelegatingMethodAccessorImpl.java:43)
	at java.lang.reflect.Method.invoke(Method.java:606)
	at org.testng.internal.MethodInvocationHelper.invokeMethod(MethodInvocationHelper.java:84)
	at org.testng.internal.Invoker.invokeMethod(Invoker.java:714)
	at org.testng.internal.Invoker.invokeTestMethod(Invoker.java:901)
	at org.testng.internal.Invoker.invokeTestMethods(Invoker.java:1231)
	at org.testng.internal.TestMethodWorker.invokeTestMethods(TestMethodWorker.java:127)
	at org.testng.internal.TestMethodWorker.run(TestMethodWorker.java:111)
	at org.testng.TestRunner.privateRun(TestRunner.java:767)
	at org.testng.TestRunner.run(TestRunner.java:617)
	at org.testng.SuiteRunner.runTest(SuiteRunner.java:334)
	at org.testng.SuiteRunner.access$000(SuiteRunner.java:37)
	at org.testng.SuiteRunner$SuiteWorker.run(SuiteRunner.java:368)
	at org.testng.internal.thread.ThreadUtil$2.call(ThreadUtil.java:64)
	at java.util.concurrent.FutureTask.run(FutureTask.java:262)
	at java.util.concurrent.ThreadPoolExecutor.runWorker(ThreadPoolExecutor.java:1145)
	at java.util.concurrent.ThreadPoolExecutor$Worker.run(ThreadPoolExecutor.java:615)
	at java.lang.Thread.run(Thread.java:745)
]]>
    </failure>
  </testcase> <!-- testEvaluationClosingMailAction -->
  <testcase name="testAdditionOfTaskToTaskQueue" time="0.000" classname="teammates.test.automated.EvaluationClosingReminderTest">
    <failure type="javax.jdo.JDOUserException" message="Persistent class &quot;Class teammates.storage.entity.Evaluation does not seem to have been enhanced.  You may want to rerun the enhancer and check for errors in the output.&quot; has no table in the database, but the operation requires it. Please check the specification of the MetaData for this class.">
      <![CDATA[javax.jdo.JDOUserException: Persistent class "Class teammates.storage.entity.Evaluation does not seem to have been enhanced.  You may want to rerun the enhancer and check for errors in the output." has no table in the database, but the operation requires it. Please check the specification of the MetaData for this class.
	at org.datanucleus.jdo.NucleusJDOHelper.getJDOExceptionForNucleusException(NucleusJDOHelper.java:375)
	at org.datanucleus.jdo.JDOQuery.execute(JDOQuery.java:230)
	at teammates.storage.api.EvaluationsDb.getAllEvaluationEntities(EvaluationsDb.java:222)
	at teammates.storage.api.EvaluationsDb.getAllEvaluations(EvaluationsDb.java:71)
	at teammates.logic.core.EvaluationsLogic.getEvaluationsClosingWithinTimeLimit(EvaluationsLogic.java:152)
	at teammates.logic.core.EvaluationsLogic.scheduleRemindersForClosingEvaluations(EvaluationsLogic.java:393)
	at teammates.test.automated.EvaluationClosingReminderTest.testAdditionOfTaskToTaskQueue(EvaluationClosingReminderTest.java:93)
	at sun.reflect.NativeMethodAccessorImpl.invoke0(Native Method)
	at sun.reflect.NativeMethodAccessorImpl.invoke(NativeMethodAccessorImpl.java:57)
	at sun.reflect.DelegatingMethodAccessorImpl.invoke(DelegatingMethodAccessorImpl.java:43)
	at java.lang.reflect.Method.invoke(Method.java:606)
	at org.testng.internal.MethodInvocationHelper.invokeMethod(MethodInvocationHelper.java:84)
	at org.testng.internal.Invoker.invokeMethod(Invoker.java:714)
	at org.testng.internal.Invoker.invokeTestMethod(Invoker.java:901)
	at org.testng.internal.Invoker.invokeTestMethods(Invoker.java:1231)
	at org.testng.internal.TestMethodWorker.invokeTestMethods(TestMethodWorker.java:127)
	at org.testng.internal.TestMethodWorker.run(TestMethodWorker.java:111)
	at org.testng.TestRunner.privateRun(TestRunner.java:767)
	at org.testng.TestRunner.run(TestRunner.java:617)
	at org.testng.SuiteRunner.runTest(SuiteRunner.java:334)
	at org.testng.SuiteRunner.access$000(SuiteRunner.java:37)
	at org.testng.SuiteRunner$SuiteWorker.run(SuiteRunner.java:368)
	at org.testng.internal.thread.ThreadUtil$2.call(ThreadUtil.java:64)
	at java.util.concurrent.FutureTask.run(FutureTask.java:262)
	at java.util.concurrent.ThreadPoolExecutor.runWorker(ThreadPoolExecutor.java:1145)
	at java.util.concurrent.ThreadPoolExecutor$Worker.run(ThreadPoolExecutor.java:615)
	at java.lang.Thread.run(Thread.java:745)
NestedThrowablesStackTrace:
Persistent class "Class teammates.storage.entity.Evaluation does not seem to have been enhanced.  You may want to rerun the enhancer and check for errors in the output." has no table in the database, but the operation requires it. Please check the specification of the MetaData for this class.
org.datanucleus.store.exceptions.NoTableManagedException: Persistent class "Class teammates.storage.entity.Evaluation does not seem to have been enhanced.  You may want to rerun the enhancer and check for errors in the output." has no table in the database, but the operation requires it. Please check the specification of the MetaData for this class.
	at org.datanucleus.store.appengine.DatastoreManager.getDatastoreClass(DatastoreManager.java:778)
	at org.datanucleus.store.appengine.query.DatastoreQuery.performExecute(DatastoreQuery.java:224)
	at org.datanucleus.store.appengine.query.JDOQLQuery.performExecute(JDOQLQuery.java:92)
	at org.datanucleus.store.query.Query.executeQuery(Query.java:1489)
	at org.datanucleus.store.query.Query.executeWithArray(Query.java:1371)
	at org.datanucleus.store.query.Query.execute(Query.java:1344)
	at org.datanucleus.jdo.JDOQuery.execute(JDOQuery.java:221)
	at teammates.storage.api.EvaluationsDb.getAllEvaluationEntities(EvaluationsDb.java:222)
	at teammates.storage.api.EvaluationsDb.getAllEvaluations(EvaluationsDb.java:71)
	at teammates.logic.core.EvaluationsLogic.getEvaluationsClosingWithinTimeLimit(EvaluationsLogic.java:152)
	at teammates.logic.core.EvaluationsLogic.scheduleRemindersForClosingEvaluations(EvaluationsLogic.java:393)
	at teammates.test.automated.EvaluationClosingReminderTest.testAdditionOfTaskToTaskQueue(EvaluationClosingReminderTest.java:93)
	at sun.reflect.NativeMethodAccessorImpl.invoke0(Native Method)
	at sun.reflect.NativeMethodAccessorImpl.invoke(NativeMethodAccessorImpl.java:57)
	at sun.reflect.DelegatingMethodAccessorImpl.invoke(DelegatingMethodAccessorImpl.java:43)
	at java.lang.reflect.Method.invoke(Method.java:606)
	at org.testng.internal.MethodInvocationHelper.invokeMethod(MethodInvocationHelper.java:84)
	at org.testng.internal.Invoker.invokeMethod(Invoker.java:714)
	at org.testng.internal.Invoker.invokeTestMethod(Invoker.java:901)
	at org.testng.internal.Invoker.invokeTestMethods(Invoker.java:1231)
	at org.testng.internal.TestMethodWorker.invokeTestMethods(TestMethodWorker.java:127)
	at org.testng.internal.TestMethodWorker.run(TestMethodWorker.java:111)
	at org.testng.TestRunner.privateRun(TestRunner.java:767)
	at org.testng.TestRunner.run(TestRunner.java:617)
	at org.testng.SuiteRunner.runTest(SuiteRunner.java:334)
	at org.testng.SuiteRunner.access$000(SuiteRunner.java:37)
	at org.testng.SuiteRunner$SuiteWorker.run(SuiteRunner.java:368)
	at org.testng.internal.thread.ThreadUtil$2.call(ThreadUtil.java:64)
	at java.util.concurrent.FutureTask.run(FutureTask.java:262)
	at java.util.concurrent.ThreadPoolExecutor.runWorker(ThreadPoolExecutor.java:1145)
	at java.util.concurrent.ThreadPoolExecutor$Worker.run(ThreadPoolExecutor.java:615)
	at java.lang.Thread.run(Thread.java:745)
]]>
    </failure>
  </testcase> <!-- testAdditionOfTaskToTaskQueue -->
</testsuite> <!-- teammates.test.automated.EvaluationClosingReminderTest -->
