<?xml version="1.0" encoding="UTF-8"?>
<!-- Generated by org.testng.reporters.JUnitReportReporter -->
<testsuite hostname="soccf-tr5-001" name="teammates.test.cases.ui.InstructorFeedbackCopyActionTest" tests="2" failures="0" timestamp="1 Oct 2014 16:05:05 GMT" time="6.740" errors="0">
  <testcase name="testAccessControl" time="3.526" classname="teammates.test.cases.ui.InstructorFeedbackCopyActionTest"/>
  <testcase name="testExecuteAndPostProcess" time="3.214" classname="teammates.test.cases.ui.InstructorFeedbackCopyActionTest"/>
</testsuite> <!-- teammates.test.cases.ui.InstructorFeedbackCopyActionTest -->
