<?xml version="1.0" encoding="UTF-8"?>
<!-- Generated by org.testng.reporters.JUnitReportReporter -->
<testsuite hostname="soccf-tr5-001" name="teammates.test.cases.ui.InstructorFeedbackSubmissionEditSaveActionTest" tests="2" failures="0" timestamp="8 Oct 2014 11:52:50 GMT" time="3.760" errors="0">
  <testcase name="testGracePeriodExecuteAndPostProcess" time="0.156" classname="teammates.test.cases.ui.InstructorFeedbackSubmissionEditSaveActionTest"/>
  <testcase name="testExecuteAndPostProcess" time="3.604" classname="teammates.test.cases.ui.InstructorFeedbackSubmissionEditSaveActionTest"/>
</testsuite> <!-- teammates.test.cases.ui.InstructorFeedbackSubmissionEditSaveActionTest -->
