<?xml version="1.0" encoding="UTF-8"?>
<!-- Generated by org.testng.reporters.JUnitReportReporter -->
<testsuite hostname="soccf-tr5-001" name="teammates.test.cases.common.UrlTest" tests="1" failures="0" timestamp="29 Oct 2014 11:22:29 GMT" time="0.000" errors="0">
  <testcase name="testTrimTrailingSlash" time="0.000" classname="teammates.test.cases.common.UrlTest"/>
</testsuite> <!-- teammates.test.cases.common.UrlTest -->
