<?xml version="1.0" encoding="UTF-8"?>
<!-- Generated by org.testng.reporters.JUnitReportReporter -->
<testsuite hostname="soccf-tr5-001" name="teammates.test.cases.ui.browsertests.InstructorCommentsPageUiTest" tests="1" failures="0" timestamp="8 Oct 2014 10:59:48 GMT" time="66.771" errors="1">
  <testcase name="allTests" time="66.771" classname="teammates.test.cases.ui.browsertests.InstructorCommentsPageUiTest">
    <error type="org.junit.ComparisonFailure" message="expected:&lt;&lt;[expected&gt;
   &lt;div class=&quot;container&quot; id=&quot;frameBodyWrapper&quot;&gt;
      &lt;div&gt;
         &lt;h1&gt;
            Search
         &lt;/h1&gt;
      &lt;/div&gt;
      &lt;br/&gt;
            &lt;div&gt;
         &lt;form action=&quot;/page/instructorSearchPage?user=comments.idOfInstructor1OfCourse1&quot; method=&quot;get&quot; name=&quot;search_form&quot;&gt;
            &lt;div class=&quot;well well-plain&quot;&gt;
               &lt;div class=&quot;form-group&quot;&gt;
                  &lt;div class=&quot;input-group&quot;&gt;
                     &lt;input class=&quot;form-control&quot; id=&quot;searchBox&quot; name=&quot;searchkey&quot; placeholder=&quot;Your search keyword&quot; title=&quot;Search for comment&quot; type=&quot;text&quot; value=&quot;comments&quot;/&gt;
                                          &lt;span class=&quot;input-group-btn&quot;&gt;
                        &lt;button class=&quot;btn btn-primary&quot; id=&quot;buttonSearch&quot; type=&quot;submit&quot; value=&quot;Search&quot;&gt;
                           Search
                        &lt;/button&gt;
                     &lt;/span&gt;
                  &lt;/div&gt;
                  &lt;input name=&quot;user&quot; type=&quot;hidden&quot; value=&quot;comments.idOfInstructor1OfCourse1&quot;/&gt;
                                 &lt;/div&gt;
               &lt;div class=&quot;form-group&quot;&gt;
                  &lt;ul class=&quot;list-inline&quot;&gt;
                     &lt;li&gt;
                        &lt;span class=&quot;glyphicon glyphicon-info-sign&quot; data-original-title=&quot;Tick the checkboxes to limit your search to certain categories&quot; data-toggle=&quot;tooltip&quot; title=&quot;&quot;&gt;
                        &lt;/span&gt;
                     &lt;/li&gt;
                     &lt;li&gt;
                        &lt;input checked=&quot;&quot; id=&quot;comments-for-student-check&quot; name=&quot;searchcommentforstudents&quot; type=&quot;checkbox&quot; value=&quot;true&quot;/&gt;
                                                &lt;label for=&quot;comments-for-student-check&quot;&gt;
                           Comments for students
                        &lt;/label&gt;
                     &lt;/li&gt;
                     &lt;li&gt;
                        &lt;input checked=&quot;&quot; id=&quot;comments-for-responses-check&quot; name=&quot;searchcommentforresponses&quot; type=&quot;checkbox&quot; value=&quot;true&quot;/&gt;
                                                &lt;label for=&quot;comments-for-responses-check&quot;&gt;
                           Comments for responses
                        &lt;/label&gt;
                     &lt;/li&gt;
                     &lt;li&gt;
                        &lt;input id=&quot;students-check&quot; name=&quot;searchstudents&quot; type=&quot;checkbox&quot; value=&quot;true&quot;/&gt;
                                                &lt;label for=&quot;students-check&quot;&gt;
                           Students
                        &lt;/label&gt;
                     &lt;/li&gt;
                  &lt;/ul&gt;
               &lt;/div&gt;
            &lt;/div&gt;
         &lt;/form&gt;
      &lt;/div&gt;
      &lt;br/&gt;
            &lt;div id=&quot;statusMessage&quot; style=&quot;display: none;&quot;&gt;
      &lt;/div&gt;
      &lt;div class=&quot;panel panel-primary&quot;&gt;
         &lt;div class=&quot;panel-heading&quot;&gt;
            &lt;strong&gt;
               Comments for students
            &lt;/strong&gt;
         &lt;/div&gt;
         &lt;div class=&quot;panel-body&quot;&gt;
            &lt;div class=&quot;panel panel-info student-record-comments&quot;&gt;
               &lt;div class=&quot;panel-heading&quot;&gt;
                  From
                  &lt;b&gt;
                     Instructor Instructor1 Course1 (comments.idOfTypicalCourse1)
                  &lt;/b&gt;
               &lt;/div&gt;
               &lt;ul class=&quot;list-group comments&quot;&gt;
                  &lt;li class=&quot;list-group-item list-group-item-warning&quot; id=&quot;form_commentedit-1&quot;&gt;
                     &lt;div id=&quot;commentBar-1&quot;&gt;
                        &lt;span class=&quot;text-muted&quot;&gt;
                           To
                           &lt;b&gt;
                              student1 In Course1 (Team 1.1, comments.student1InCourse1@gmail.tmt)
                           &lt;/b&gt;
                           on
                                        06 May 2012, 08:55
                        &lt;/span&gt;
                        &lt;a class=&quot;btn btn-default btn-xs icon-button pull-right&quot; data-original-title=&quot;Edit comment in the Comments page&quot; data-placement=&quot;top&quot; data-toggle=&quot;tooltip&quot; href=&quot;/page/instructorCommentsPage?user=comments.idOfInstructor1OfCourse1&amp;courseid=comments.idOfTypicalCourse1#{*}&quot; style=&quot;display:none;&quot; target=&quot;_blank&quot; type=&quot;button&quot;&gt;
                           &lt;span class=&quot;glyphicon glyphicon-new-window glyphicon-primary&quot;&gt;
                           &lt;/span&gt;
                        &lt;/a&gt;
                     &lt;/div&gt;
                     &lt;div id=&quot;plainCommentText1&quot; style=&quot;margin-left: 15px;&quot;&gt;
                        Other students in this course can see this comment without giver and recipient&#039;s name
                     &lt;/div&gt;
                  &lt;/li&gt;
                  &lt;li class=&quot;list-group-item list-group-item-warning&quot; id=&quot;form_commentedit-2&quot;&gt;
                     &lt;div id=&quot;commentBar-2&quot;&gt;
                        &lt;span class=&quot;text-muted&quot;&gt;
                           To
                           &lt;b&gt;
                              Team 1.1
                           &lt;/b&gt;
                           on
                                        07 May 2012, 08:54
                        &lt;/span&gt;
                        &lt;a class=&quot;btn btn-default btn-xs icon-button pull-right&quot; data-original-title=&quot;Edit comment in the Comments page&quot; data-placement=&quot;top&quot; data-toggle=&quot;tooltip&quot; href=&quot;/page/instructorCommentsPage?user=comments.idOfInstructor1OfCourse1&amp;courseid=comments.idOfTypicalCourse1#{*}&quot; style=&quot;display:none;&quot; target=&quot;_blank&quot; type=&quot;button&quot;&gt;
                           &lt;span class=&quot;glyphicon glyphicon-new-window glyphicon-primary&quot;&gt;
                           &lt;/span&gt;
                        &lt;/a&gt;
                     &lt;/div&gt;
                     &lt;div id=&quot;plainCommentText2&quot; style=&quot;margin-left: 15px;&quot;&gt;
                        team can see this comment without giver&#039;s name
                     &lt;/div&gt;
                  &lt;/li&gt;
               &lt;/ul&gt;
            &lt;/div&gt;
         &lt;/div&gt;
      &lt;/div&gt;
      &lt;br/&gt;
            &lt;div class=&quot;panel panel-primary&quot;&gt;
         &lt;div class=&quot;panel-heading&quot;&gt;
            &lt;strong&gt;
               Comments for responses
            &lt;/strong&gt;
         &lt;/div&gt;
         &lt;div class=&quot;panel-body&quot;&gt;
            &lt;div class=&quot;row &quot;&gt;
               &lt;div class=&quot;col-md-2&quot;&gt;
                  &lt;strong&gt;
                     Session: comments.First feedback session (comments.idOfTypicalCourse1)
                  &lt;/strong&gt;
               &lt;/div&gt;
               &lt;div class=&quot;col-md-10&quot;&gt;
                  &lt;div class=&quot;panel panel-info&quot;&gt;
                     &lt;div class=&quot;panel-heading&quot;&gt;
                        &lt;b&gt;
                           Question 1
                        &lt;/b&gt;
                        :
                                What is the best selling point of your product?
                     &lt;/div&gt;
                     &lt;table class=&quot;table&quot;&gt;
                        &lt;tbody&gt;
                           &lt;tr&gt;
                              &lt;td&gt;
                                 &lt;b&gt;
                                    From:
                                 &lt;/b&gt;
                                 student1 In Course1 (Team 1.1)
                                 &lt;b&gt;
                                    To:
                                 &lt;/b&gt;
                                 student1 In Course1 (Team 1.1)
                              &lt;/td&gt;
                           &lt;/tr&gt;
                           &lt;tr&gt;
                              &lt;td&gt;
                                 &lt;strong&gt;
                                    Response:
                                 &lt;/strong&gt;
                                 Student 1 self feedback.
                              &lt;/td&gt;
                           &lt;/tr&gt;
                           &lt;tr class=&quot;active&quot;&gt;
                              &lt;td&gt;
                                 Comment(s):
                              &lt;/td&gt;
                           &lt;/tr&gt;
                           &lt;tr&gt;
                              &lt;td&gt;
                                 &lt;ul class=&quot;list-group comments&quot; id=&quot;responseCommentTable-1-1-1&quot; style=&quot;&quot;&gt;
                                    &lt;li class=&quot;list-group-item list-group-item-warning&quot; id=&quot;responseCommentRow-1-1-1-1&quot;&gt;
                                       &lt;div id=&quot;commentBar-1-1-1-1&quot;&gt;
                                          &lt;span class=&quot;text-muted&quot;&gt;
                                             From:
                                             &lt;b&gt;
                                                Instructor Instructor1 Course1
                                             &lt;/b&gt;
                                             on 01 Mar 2016, 23:59
                                          &lt;/span&gt;
                                          &lt;a class=&quot;btn btn-default btn-xs icon-button pull-right&quot; data-original-title=&quot;Edit comment in the Comments page&quot; data-placement=&quot;top&quot; data-toggle=&quot;tooltip&quot; href=&quot;/page/instructorCommentsPage?user=comments.idOfInstructor1OfCourse1&amp;courseid=comments.idOfTypicalCourse1#{*}&quot; style=&quot;display:none;&quot; target=&quot;_blank&quot; type=&quot;button&quot;&gt;
                                             &lt;span class=&quot;glyphicon glyphicon-new-window glyphicon-primary&quot;&gt;
                                             &lt;/span&gt;
                                          &lt;/a&gt;
                                       &lt;/div&gt;
                                       &lt;div id=&quot;plainCommentText-1-1-1-1&quot; style=&quot;margin-left: 15px;&quot;&gt;
                                          Instructor 1 comment to student 1 self feedback
                                       &lt;/div&gt;
                                    &lt;/li&gt;
                                 &lt;/ul&gt;
                              &lt;/td&gt;
                           &lt;/tr&gt;
                        &lt;/tbody&gt;
                     &lt;/table&gt;
                  &lt;/div&gt;
               &lt;/div&gt;
            &lt;/div&gt;
         &lt;/div&gt;
      &lt;/div&gt;
   &lt;/div&gt;

&lt;/expected]&gt;&gt; but was:&lt;&lt;[actual&gt;
   &lt;div class=&quot;container&quot; id=&quot;frameBodyWrapper&quot;&gt;
      &lt;div&gt;
         &lt;h1&gt;
            Search
         &lt;/h1&gt;
      &lt;/div&gt;
      &lt;br/&gt;
            &lt;div&gt;
         &lt;form action=&quot;/page/instructorSearchPage?user=comments.idOfInstructor1OfCourse1&quot; method=&quot;get&quot; name=&quot;search_form&quot;&gt;
            &lt;div class=&quot;well well-plain&quot;&gt;
               &lt;div class=&quot;form-group&quot;&gt;
                  &lt;div class=&quot;input-group&quot;&gt;
                     &lt;input class=&quot;form-control&quot; id=&quot;searchBox&quot; name=&quot;searchkey&quot; placeholder=&quot;Your search keyword&quot; title=&quot;Search for comment&quot; type=&quot;text&quot; value=&quot;comments&quot;/&gt;
                                          &lt;span class=&quot;input-group-btn&quot;&gt;
                        &lt;button class=&quot;btn btn-primary&quot; id=&quot;buttonSearch&quot; type=&quot;submit&quot; value=&quot;Search&quot;&gt;
                           Search
                        &lt;/button&gt;
                     &lt;/span&gt;
                  &lt;/div&gt;
                  &lt;input name=&quot;user&quot; type=&quot;hidden&quot; value=&quot;comments.idOfInstructor1OfCourse1&quot;/&gt;
                                 &lt;/div&gt;
               &lt;div class=&quot;form-group&quot;&gt;
                  &lt;ul class=&quot;list-inline&quot;&gt;
                     &lt;li&gt;
                        &lt;span class=&quot;glyphicon glyphicon-info-sign&quot; data-original-title=&quot;Tick the checkboxes to limit your search to certain categories&quot; data-toggle=&quot;tooltip&quot; title=&quot;&quot;&gt;
                        &lt;/span&gt;
                     &lt;/li&gt;
                     &lt;li&gt;
                        &lt;input checked=&quot;&quot; id=&quot;comments-for-student-check&quot; name=&quot;searchcommentforstudents&quot; type=&quot;checkbox&quot; value=&quot;true&quot;/&gt;
                                                &lt;label for=&quot;comments-for-student-check&quot;&gt;
                           Comments for students
                        &lt;/label&gt;
                     &lt;/li&gt;
                     &lt;li&gt;
                        &lt;input checked=&quot;&quot; id=&quot;comments-for-responses-check&quot; name=&quot;searchcommentforresponses&quot; type=&quot;checkbox&quot; value=&quot;true&quot;/&gt;
                                                &lt;label for=&quot;comments-for-responses-check&quot;&gt;
                           Comments for responses
                        &lt;/label&gt;
                     &lt;/li&gt;
                     &lt;li&gt;
                        &lt;input id=&quot;students-check&quot; name=&quot;searchstudents&quot; type=&quot;checkbox&quot; value=&quot;true&quot;/&gt;
                                                &lt;label for=&quot;students-check&quot;&gt;
                           Students
                        &lt;/label&gt;
                     &lt;/li&gt;
                  &lt;/ul&gt;
               &lt;/div&gt;
            &lt;/div&gt;
         &lt;/form&gt;
      &lt;/div&gt;
      &lt;br/&gt;
            &lt;div id=&quot;statusMessage&quot; style=&quot;display: none;&quot;&gt;
      &lt;/div&gt;
      &lt;div class=&quot;panel panel-primary&quot;&gt;
         &lt;div class=&quot;panel-heading&quot;&gt;
            &lt;strong&gt;
               Comments for students
            &lt;/strong&gt;
         &lt;/div&gt;
         &lt;div class=&quot;panel-body&quot;&gt;
            &lt;div class=&quot;panel panel-info student-record-comments&quot;&gt;
               &lt;div class=&quot;panel-heading&quot;&gt;
                  From
                  &lt;b&gt;
                     Instructor Instructor1 Course1 (comments.idOfTypicalCourse1)
                  &lt;/b&gt;
               &lt;/div&gt;
               &lt;ul class=&quot;list-group comments&quot;&gt;
                  &lt;li class=&quot;list-group-item list-group-item-warning&quot; id=&quot;form_commentedit-1&quot;&gt;
                     &lt;div id=&quot;commentBar-1&quot;&gt;
                        &lt;span class=&quot;text-muted&quot;&gt;
                           To
                           &lt;b&gt;
                              student1 In Course1 (Team 1.1, comments.student1InCourse1@gmail.tmt)
                           &lt;/b&gt;
                           on
                                        06 May 2012, 08:55
                        &lt;/span&gt;
                        &lt;a class=&quot;btn btn-default btn-xs icon-button pull-right&quot; data-original-title=&quot;Edit comment in the Comments page&quot; data-placement=&quot;top&quot; data-toggle=&quot;tooltip&quot; href=&quot;/page/instructorCommentsPage?user=comments.idOfInstructor1OfCourse1&amp;courseid=comments.idOfTypicalCourse1#6190817400061952&quot; style=&quot;display:none;&quot; target=&quot;_blank&quot; type=&quot;button&quot;&gt;
                           &lt;span class=&quot;glyphicon glyphicon-new-window glyphicon-primary&quot;&gt;
                           &lt;/span&gt;
                        &lt;/a&gt;
                     &lt;/div&gt;
                     &lt;div id=&quot;plainCommentText1&quot; style=&quot;margin-left: 15px;&quot;&gt;
                        Other students in this course can see this comment without giver and recipient&#039;s name
                     &lt;/div&gt;
                  &lt;/li&gt;
                  &lt;li class=&quot;list-group-item list-group-item-warning&quot; id=&quot;form_commentedit-2&quot;&gt;
                     &lt;div id=&quot;commentBar-2&quot;&gt;
                        &lt;span class=&quot;text-muted&quot;&gt;
                           To
                           &lt;b&gt;
                              Team 1.1
                           &lt;/b&gt;
                           on
                                        07 May 2012, 08:54
                        &lt;/span&gt;
                        &lt;a class=&quot;btn btn-default btn-xs icon-button pull-right&quot; data-original-title=&quot;Edit comment in the Comments page&quot; data-placement=&quot;top&quot; data-toggle=&quot;tooltip&quot; href=&quot;/page/instructorCommentsPage?user=comments.idOfInstructor1OfCourse1&amp;courseid=comments.idOfTypicalCourse1#6194115934945280&quot; style=&quot;display:none;&quot; target=&quot;_blank&quot; type=&quot;button&quot;&gt;
                           &lt;span class=&quot;glyphicon glyphicon-new-window glyphicon-primary&quot;&gt;
                           &lt;/span&gt;
                        &lt;/a&gt;
                     &lt;/div&gt;
                     &lt;div id=&quot;plainCommentText2&quot; style=&quot;margin-left: 15px;&quot;&gt;
                        team can see this comment without giver&#039;s name
                     &lt;/div&gt;
                  &lt;/li&gt;
               &lt;/ul&gt;
            &lt;/div&gt;
         &lt;/div&gt;
      &lt;/div&gt;
      &lt;br/&gt;
            &lt;div class=&quot;panel panel-primary&quot;&gt;
         &lt;div class=&quot;panel-heading&quot;&gt;
            &lt;strong&gt;
               Comments for responses
            &lt;/strong&gt;
         &lt;/div&gt;
      &lt;/div&gt;
   &lt;/div&gt;

&lt;/actual]&gt;&gt;">
      <![CDATA[org.junit.ComparisonFailure: expected:<<[expected>
   <div class="container" id="frameBodyWrapper">
      <div>
         <h1>
            Search
         </h1>
      </div>
      <br/>
            <div>
         <form action="/page/instructorSearchPage?user=comments.idOfInstructor1OfCourse1" method="get" name="search_form">
            <div class="well well-plain">
               <div class="form-group">
                  <div class="input-group">
                     <input class="form-control" id="searchBox" name="searchkey" placeholder="Your search keyword" title="Search for comment" type="text" value="comments"/>
                                          <span class="input-group-btn">
                        <button class="btn btn-primary" id="buttonSearch" type="submit" value="Search">
                           Search
                        </button>
                     </span>
                  </div>
                  <input name="user" type="hidden" value="comments.idOfInstructor1OfCourse1"/>
                                 </div>
               <div class="form-group">
                  <ul class="list-inline">
                     <li>
                        <span class="glyphicon glyphicon-info-sign" data-original-title="Tick the checkboxes to limit your search to certain categories" data-toggle="tooltip" title="">
                        </span>
                     </li>
                     <li>
                        <input checked="" id="comments-for-student-check" name="searchcommentforstudents" type="checkbox" value="true"/>
                                                <label for="comments-for-student-check">
                           Comments for students
                        </label>
                     </li>
                     <li>
                        <input checked="" id="comments-for-responses-check" name="searchcommentforresponses" type="checkbox" value="true"/>
                                                <label for="comments-for-responses-check">
                           Comments for responses
                        </label>
                     </li>
                     <li>
                        <input id="students-check" name="searchstudents" type="checkbox" value="true"/>
                                                <label for="students-check">
                           Students
                        </label>
                     </li>
                  </ul>
               </div>
            </div>
         </form>
      </div>
      <br/>
            <div id="statusMessage" style="display: none;">
      </div>
      <div class="panel panel-primary">
         <div class="panel-heading">
            <strong>
               Comments for students
            </strong>
         </div>
         <div class="panel-body">
            <div class="panel panel-info student-record-comments">
               <div class="panel-heading">
                  From
                  <b>
                     Instructor Instructor1 Course1 (comments.idOfTypicalCourse1)
                  </b>
               </div>
               <ul class="list-group comments">
                  <li class="list-group-item list-group-item-warning" id="form_commentedit-1">
                     <div id="commentBar-1">
                        <span class="text-muted">
                           To
                           <b>
                              student1 In Course1 (Team 1.1, comments.student1InCourse1@gmail.tmt)
                           </b>
                           on
                                        06 May 2012, 08:55
                        </span>
                        <a class="btn btn-default btn-xs icon-button pull-right" data-original-title="Edit comment in the Comments page" data-placement="top" data-toggle="tooltip" href="/page/instructorCommentsPage?user=comments.idOfInstructor1OfCourse1&courseid=comments.idOfTypicalCourse1#{*}" style="display:none;" target="_blank" type="button">
                           <span class="glyphicon glyphicon-new-window glyphicon-primary">
                           </span>
                        </a>
                     </div>
                     <div id="plainCommentText1" style="margin-left: 15px;">
                        Other students in this course can see this comment without giver and recipient's name
                     </div>
                  </li>
                  <li class="list-group-item list-group-item-warning" id="form_commentedit-2">
                     <div id="commentBar-2">
                        <span class="text-muted">
                           To
                           <b>
                              Team 1.1
                           </b>
                           on
                                        07 May 2012, 08:54
                        </span>
                        <a class="btn btn-default btn-xs icon-button pull-right" data-original-title="Edit comment in the Comments page" data-placement="top" data-toggle="tooltip" href="/page/instructorCommentsPage?user=comments.idOfInstructor1OfCourse1&courseid=comments.idOfTypicalCourse1#{*}" style="display:none;" target="_blank" type="button">
                           <span class="glyphicon glyphicon-new-window glyphicon-primary">
                           </span>
                        </a>
                     </div>
                     <div id="plainCommentText2" style="margin-left: 15px;">
                        team can see this comment without giver's name
                     </div>
                  </li>
               </ul>
            </div>
         </div>
      </div>
      <br/>
            <div class="panel panel-primary">
         <div class="panel-heading">
            <strong>
               Comments for responses
            </strong>
         </div>
         <div class="panel-body">
            <div class="row ">
               <div class="col-md-2">
                  <strong>
                     Session: comments.First feedback session (comments.idOfTypicalCourse1)
                  </strong>
               </div>
               <div class="col-md-10">
                  <div class="panel panel-info">
                     <div class="panel-heading">
                        <b>
                           Question 1
                        </b>
                        :
                                What is the best selling point of your product?
                     </div>
                     <table class="table">
                        <tbody>
                           <tr>
                              <td>
                                 <b>
                                    From:
                                 </b>
                                 student1 In Course1 (Team 1.1)
                                 <b>
                                    To:
                                 </b>
                                 student1 In Course1 (Team 1.1)
                              </td>
                           </tr>
                           <tr>
                              <td>
                                 <strong>
                                    Response:
                                 </strong>
                                 Student 1 self feedback.
                              </td>
                           </tr>
                           <tr class="active">
                              <td>
                                 Comment(s):
                              </td>
                           </tr>
                           <tr>
                              <td>
                                 <ul class="list-group comments" id="responseCommentTable-1-1-1" style="">
                                    <li class="list-group-item list-group-item-warning" id="responseCommentRow-1-1-1-1">
                                       <div id="commentBar-1-1-1-1">
                                          <span class="text-muted">
                                             From:
                                             <b>
                                                Instructor Instructor1 Course1
                                             </b>
                                             on 01 Mar 2016, 23:59
                                          </span>
                                          <a class="btn btn-default btn-xs icon-button pull-right" data-original-title="Edit comment in the Comments page" data-placement="top" data-toggle="tooltip" href="/page/instructorCommentsPage?user=comments.idOfInstructor1OfCourse1&courseid=comments.idOfTypicalCourse1#{*}" style="display:none;" target="_blank" type="button">
                                             <span class="glyphicon glyphicon-new-window glyphicon-primary">
                                             </span>
                                          </a>
                                       </div>
                                       <div id="plainCommentText-1-1-1-1" style="margin-left: 15px;">
                                          Instructor 1 comment to student 1 self feedback
                                       </div>
                                    </li>
                                 </ul>
                              </td>
                           </tr>
                        </tbody>
                     </table>
                  </div>
               </div>
            </div>
         </div>
      </div>
   </div>

</expected]>> but was:<<[actual>
   <div class="container" id="frameBodyWrapper">
      <div>
         <h1>
            Search
         </h1>
      </div>
      <br/>
            <div>
         <form action="/page/instructorSearchPage?user=comments.idOfInstructor1OfCourse1" method="get" name="search_form">
            <div class="well well-plain">
               <div class="form-group">
                  <div class="input-group">
                     <input class="form-control" id="searchBox" name="searchkey" placeholder="Your search keyword" title="Search for comment" type="text" value="comments"/>
                                          <span class="input-group-btn">
                        <button class="btn btn-primary" id="buttonSearch" type="submit" value="Search">
                           Search
                        </button>
                     </span>
                  </div>
                  <input name="user" type="hidden" value="comments.idOfInstructor1OfCourse1"/>
                                 </div>
               <div class="form-group">
                  <ul class="list-inline">
                     <li>
                        <span class="glyphicon glyphicon-info-sign" data-original-title="Tick the checkboxes to limit your search to certain categories" data-toggle="tooltip" title="">
                        </span>
                     </li>
                     <li>
                        <input checked="" id="comments-for-student-check" name="searchcommentforstudents" type="checkbox" value="true"/>
                                                <label for="comments-for-student-check">
                           Comments for students
                        </label>
                     </li>
                     <li>
                        <input checked="" id="comments-for-responses-check" name="searchcommentforresponses" type="checkbox" value="true"/>
                                                <label for="comments-for-responses-check">
                           Comments for responses
                        </label>
                     </li>
                     <li>
                        <input id="students-check" name="searchstudents" type="checkbox" value="true"/>
                                                <label for="students-check">
                           Students
                        </label>
                     </li>
                  </ul>
               </div>
            </div>
         </form>
      </div>
      <br/>
            <div id="statusMessage" style="display: none;">
      </div>
      <div class="panel panel-primary">
         <div class="panel-heading">
            <strong>
               Comments for students
            </strong>
         </div>
         <div class="panel-body">
            <div class="panel panel-info student-record-comments">
               <div class="panel-heading">
                  From
                  <b>
                     Instructor Instructor1 Course1 (comments.idOfTypicalCourse1)
                  </b>
               </div>
               <ul class="list-group comments">
                  <li class="list-group-item list-group-item-warning" id="form_commentedit-1">
                     <div id="commentBar-1">
                        <span class="text-muted">
                           To
                           <b>
                              student1 In Course1 (Team 1.1, comments.student1InCourse1@gmail.tmt)
                           </b>
                           on
                                        06 May 2012, 08:55
                        </span>
                        <a class="btn btn-default btn-xs icon-button pull-right" data-original-title="Edit comment in the Comments page" data-placement="top" data-toggle="tooltip" href="/page/instructorCommentsPage?user=comments.idOfInstructor1OfCourse1&courseid=comments.idOfTypicalCourse1#6190817400061952" style="display:none;" target="_blank" type="button">
                           <span class="glyphicon glyphicon-new-window glyphicon-primary">
                           </span>
                        </a>
                     </div>
                     <div id="plainCommentText1" style="margin-left: 15px;">
                        Other students in this course can see this comment without giver and recipient's name
                     </div>
                  </li>
                  <li class="list-group-item list-group-item-warning" id="form_commentedit-2">
                     <div id="commentBar-2">
                        <span class="text-muted">
                           To
                           <b>
                              Team 1.1
                           </b>
                           on
                                        07 May 2012, 08:54
                        </span>
                        <a class="btn btn-default btn-xs icon-button pull-right" data-original-title="Edit comment in the Comments page" data-placement="top" data-toggle="tooltip" href="/page/instructorCommentsPage?user=comments.idOfInstructor1OfCourse1&courseid=comments.idOfTypicalCourse1#6194115934945280" style="display:none;" target="_blank" type="button">
                           <span class="glyphicon glyphicon-new-window glyphicon-primary">
                           </span>
                        </a>
                     </div>
                     <div id="plainCommentText2" style="margin-left: 15px;">
                        team can see this comment without giver's name
                     </div>
                  </li>
               </ul>
            </div>
         </div>
      </div>
      <br/>
            <div class="panel panel-primary">
         <div class="panel-heading">
            <strong>
               Comments for responses
            </strong>
         </div>
      </div>
   </div>

</actual]>>
	at org.junit.Assert.assertEquals(Assert.java:115)
	at org.junit.Assert.assertEquals(Assert.java:144)
	at teammates.test.driver.HtmlHelper.assertSameHtmlPart(HtmlHelper.java:43)
	at teammates.test.pageobjects.AppPage.verifyHtmlPart(AppPage.java:822)
	at teammates.test.pageobjects.AppPage.verifyHtmlMainContent(AppPage.java:864)
	at teammates.test.cases.ui.browsertests.InstructorCommentsPageUiTest.testSearch(InstructorCommentsPageUiTest.java:209)
	at teammates.test.cases.ui.browsertests.InstructorCommentsPageUiTest.allTests(InstructorCommentsPageUiTest.java:35)
	at sun.reflect.NativeMethodAccessorImpl.invoke0(Native Method)
	at sun.reflect.NativeMethodAccessorImpl.invoke(NativeMethodAccessorImpl.java:57)
	at sun.reflect.DelegatingMethodAccessorImpl.invoke(DelegatingMethodAccessorImpl.java:43)
	at java.lang.reflect.Method.invoke(Method.java:606)
	at org.testng.internal.MethodInvocationHelper.invokeMethod(MethodInvocationHelper.java:84)
	at org.testng.internal.Invoker.invokeMethod(Invoker.java:714)
	at org.testng.internal.Invoker.invokeTestMethod(Invoker.java:901)
	at org.testng.internal.Invoker.invokeTestMethods(Invoker.java:1231)
	at org.testng.internal.TestMethodWorker.invokeTestMethods(TestMethodWorker.java:127)
	at org.testng.internal.TestMethodWorker.run(TestMethodWorker.java:111)
	at org.testng.TestRunner.privateRun(TestRunner.java:767)
	at org.testng.TestRunner.run(TestRunner.java:617)
	at org.testng.SuiteRunner.runTest(SuiteRunner.java:334)
	at org.testng.SuiteRunner.access$000(SuiteRunner.java:37)
	at org.testng.SuiteRunner$SuiteWorker.run(SuiteRunner.java:368)
	at org.testng.internal.thread.ThreadUtil$2.call(ThreadUtil.java:64)
	at java.util.concurrent.FutureTask.run(FutureTask.java:262)
	at java.util.concurrent.ThreadPoolExecutor.runWorker(ThreadPoolExecutor.java:1145)
	at java.util.concurrent.ThreadPoolExecutor$Worker.run(ThreadPoolExecutor.java:615)
	at java.lang.Thread.run(Thread.java:745)
]]>
    </error>
  </testcase> <!-- allTests -->
</testsuite> <!-- teammates.test.cases.ui.browsertests.InstructorCommentsPageUiTest -->
