<?xml version="1.0" encoding="UTF-8"?>
<!-- Generated by org.testng.reporters.JUnitReportReporter -->
<testsuite hostname="soccf-tr5-001" name="teammates.test.cases.ui.AllActionsAccessControlTest" tests="2" failures="2" timestamp="22 Feb 2015 13:34:35 GMT" time="0.063" errors="0">
  <testcase name="InstructorCourseInstructorAdd" time="0.047" classname="teammates.test.cases.ui.AllActionsAccessControlTest">
    <failure type="java.lang.NoClassDefFoundError" message="Could not initialize class teammates.common.util.EmailTemplates">
      <![CDATA[java.lang.NoClassDefFoundError: Could not initialize class teammates.common.util.EmailTemplates
	at teammates.logic.core.Emails.generateInstructorCourseJoinEmail(Emails.java:804)
	at teammates.logic.core.InstructorsLogic.sendRegistrationInviteToInstructor(InstructorsLogic.java:314)
	at teammates.logic.api.Logic.sendRegistrationInviteToInstructor(Logic.java:602)
	at teammates.ui.controller.InstructorCourseInstructorAddAction.execute(InstructorCourseInstructorAddAction.java:45)
	at teammates.ui.controller.Action.executeAndPostProcess(Action.java:328)
	at teammates.test.cases.ui.BaseActionTest.verifyCanAccess(BaseActionTest.java:644)
	at teammates.test.cases.ui.BaseActionTest.verifyAccessibleForInstructorsOfTheSameCourse(BaseActionTest.java:381)
	at teammates.test.cases.ui.BaseActionTest.verifyOnlyInstructorsOfTheSameCourseCanAccess(BaseActionTest.java:296)
	at teammates.test.cases.ui.AllActionsAccessControlTest.InstructorCourseInstructorAdd(AllActionsAccessControlTest.java:289)
	at sun.reflect.NativeMethodAccessorImpl.invoke0(Native Method)
	at sun.reflect.NativeMethodAccessorImpl.invoke(NativeMethodAccessorImpl.java:57)
	at sun.reflect.DelegatingMethodAccessorImpl.invoke(DelegatingMethodAccessorImpl.java:43)
	at java.lang.reflect.Method.invoke(Method.java:606)
	at org.testng.internal.MethodInvocationHelper.invokeMethod(MethodInvocationHelper.java:84)
	at org.testng.internal.Invoker.invokeMethod(Invoker.java:714)
	at org.testng.internal.Invoker.invokeTestMethod(Invoker.java:901)
	at org.testng.internal.Invoker.invokeTestMethods(Invoker.java:1231)
	at org.testng.internal.TestMethodWorker.invokeTestMethods(TestMethodWorker.java:127)
	at org.testng.internal.TestMethodWorker.run(TestMethodWorker.java:111)
	at org.testng.TestRunner.privateRun(TestRunner.java:767)
	at org.testng.TestRunner.run(TestRunner.java:617)
	at org.testng.SuiteRunner.runTest(SuiteRunner.java:334)
	at org.testng.SuiteRunner.access$000(SuiteRunner.java:37)
	at org.testng.SuiteRunner$SuiteWorker.run(SuiteRunner.java:368)
	at org.testng.internal.thread.ThreadUtil$2.call(ThreadUtil.java:64)
	at java.util.concurrent.FutureTask.run(FutureTask.java:262)
	at java.util.concurrent.ThreadPoolExecutor.runWorker(ThreadPoolExecutor.java:1145)
	at java.util.concurrent.ThreadPoolExecutor$Worker.run(ThreadPoolExecutor.java:615)
	at java.lang.Thread.run(Thread.java:745)
]]>
    </failure>
  </testcase> <!-- InstructorCourseInstructorAdd -->
  <testcase name="InstructorCourseRemind" time="0.016" classname="teammates.test.cases.ui.AllActionsAccessControlTest">
    <failure type="java.lang.NoClassDefFoundError" message="Could not initialize class teammates.common.util.EmailTemplates">
      <![CDATA[java.lang.NoClassDefFoundError: Could not initialize class teammates.common.util.EmailTemplates
	at teammates.logic.core.Emails.generateStudentCourseJoinEmail(Emails.java:731)
	at teammates.logic.core.StudentsLogic.sendRegistrationInviteToStudent(StudentsLogic.java:562)
	at teammates.logic.core.StudentsLogic.sendRegistrationInviteForCourse(StudentsLogic.java:605)
	at teammates.logic.api.Logic.sendRegistrationInviteForCourse(Logic.java:1251)
	at teammates.ui.controller.InstructorCourseRemindAction.execute(InstructorCourseRemindAction.java:70)
	at teammates.ui.controller.Action.executeAndPostProcess(Action.java:328)
	at teammates.test.cases.ui.BaseActionTest.verifyCanAccess(BaseActionTest.java:644)
	at teammates.test.cases.ui.BaseActionTest.verifyAccessibleForInstructorsOfTheSameCourse(BaseActionTest.java:381)
	at teammates.test.cases.ui.BaseActionTest.verifyOnlyInstructorsOfTheSameCourseCanAccess(BaseActionTest.java:296)
	at teammates.test.cases.ui.AllActionsAccessControlTest.InstructorCourseRemind(AllActionsAccessControlTest.java:357)
	at sun.reflect.NativeMethodAccessorImpl.invoke0(Native Method)
	at sun.reflect.NativeMethodAccessorImpl.invoke(NativeMethodAccessorImpl.java:57)
	at sun.reflect.DelegatingMethodAccessorImpl.invoke(DelegatingMethodAccessorImpl.java:43)
	at java.lang.reflect.Method.invoke(Method.java:606)
	at org.testng.internal.MethodInvocationHelper.invokeMethod(MethodInvocationHelper.java:84)
	at org.testng.internal.Invoker.invokeMethod(Invoker.java:714)
	at org.testng.internal.Invoker.invokeTestMethod(Invoker.java:901)
	at org.testng.internal.Invoker.invokeTestMethods(Invoker.java:1231)
	at org.testng.internal.TestMethodWorker.invokeTestMethods(TestMethodWorker.java:127)
	at org.testng.internal.TestMethodWorker.run(TestMethodWorker.java:111)
	at org.testng.TestRunner.privateRun(TestRunner.java:767)
	at org.testng.TestRunner.run(TestRunner.java:617)
	at org.testng.SuiteRunner.runTest(SuiteRunner.java:334)
	at org.testng.SuiteRunner.access$000(SuiteRunner.java:37)
	at org.testng.SuiteRunner$SuiteWorker.run(SuiteRunner.java:368)
	at org.testng.internal.thread.ThreadUtil$2.call(ThreadUtil.java:64)
	at java.util.concurrent.FutureTask.run(FutureTask.java:262)
	at java.util.concurrent.ThreadPoolExecutor.runWorker(ThreadPoolExecutor.java:1145)
	at java.util.concurrent.ThreadPoolExecutor$Worker.run(ThreadPoolExecutor.java:615)
	at java.lang.Thread.run(Thread.java:745)
]]>
    </failure>
  </testcase> <!-- InstructorCourseRemind -->
</testsuite> <!-- teammates.test.cases.ui.AllActionsAccessControlTest -->
