<?xml version="1.0" encoding="UTF-8"?>
<!-- Generated by org.testng.reporters.JUnitReportReporter -->
<testsuite hostname="soccf-tr5-001" name="teammates.test.cases.testdriver.BackDoorTest" tests="12" failures="0" timestamp="22 Sep 2014 13:13:16 GMT" time="13.636" errors="0">
  <testcase name="testCreateEvaluation" time="0.187" classname="teammates.test.cases.testdriver.BackDoorTest"/>
  <testcase name="testAccounts" time="1.185" classname="teammates.test.cases.testdriver.BackDoorTest"/>
  <testcase name="testCreateCourse" time="0.203" classname="teammates.test.cases.testdriver.BackDoorTest"/>
  <testcase name="testGetCoursesByInstructorId" time="1.965" classname="teammates.test.cases.testdriver.BackDoorTest"/>
  <testcase name="testDeletion" time="6.257" classname="teammates.test.cases.testdriver.BackDoorTest"/>
  <testcase name="testPersistence" time="0.875" classname="teammates.test.cases.testdriver.BackDoorTest"/>
  <testcase name="testGetKeyForStudent" time="0.203" classname="teammates.test.cases.testdriver.BackDoorTest"/>
  <testcase name="testEditSubmission" time="0.078" classname="teammates.test.cases.testdriver.BackDoorTest"/>
  <testcase name="testEditEvaluation" time="0.905" classname="teammates.test.cases.testdriver.BackDoorTest"/>
  <testcase name="testCreateStudent" time="0.312" classname="teammates.test.cases.testdriver.BackDoorTest"/>
  <testcase name="testEditStudent" time="0.889" classname="teammates.test.cases.testdriver.BackDoorTest"/>
  <testcase name="testCreateInstructor" time="0.577" classname="teammates.test.cases.testdriver.BackDoorTest"/>
</testsuite> <!-- teammates.test.cases.testdriver.BackDoorTest -->
