<?xml version="1.0" encoding="UTF-8"?>
<!-- Generated by org.testng.reporters.JUnitReportReporter -->
<testsuite hostname="soccf-tr5-001" name="teammates.test.cases.logic.LogicTest" tests="8" failures="0" timestamp="29 Oct 2014 11:22:30 GMT" time="0.499" errors="0">
  <testcase name="testGetLogoutUrl" time="0.016" classname="teammates.test.cases.logic.LogicTest"/>
  <testcase name="testGetSubmissionsForEvaluationFromStudent" time="0.249" classname="teammates.test.cases.logic.LogicTest"/>
  <testcase name="testHasStudentSubmittedEvaluation" time="0.016" classname="teammates.test.cases.logic.LogicTest"/>
  <testcase name="testCreateSubmission" time="0.000" classname="teammates.test.cases.logic.LogicTest"/>
  <testcase name="testDeleteSubmission" time="0.000" classname="teammates.test.cases.logic.LogicTest"/>
  <testcase name="testGetCurrentUser" time="0.016" classname="teammates.test.cases.logic.LogicTest"/>
  <testcase name="testUpdateSubmissions" time="0.015" classname="teammates.test.cases.logic.LogicTest"/>
  <testcase name="testGetLoginUrl" time="0.187" classname="teammates.test.cases.logic.LogicTest"/>
</testsuite> <!-- teammates.test.cases.logic.LogicTest -->
