<?xml version="1.0" encoding="UTF-8"?>
<!-- Generated by org.testng.reporters.JUnitReportReporter -->
<testsuite hostname="soccf-tr5-001" name="teammates.test.automated.FeedbackSessionClosingReminderTest" tests="2" failures="0" timestamp="10 Sep 2014 13:16:53 GMT" time="2.325" errors="0">
  <testcase name="testAdditionOfTaskToTaskQueue" time="2.044" classname="teammates.test.automated.FeedbackSessionClosingReminderTest"/>
  <testcase name="testFeedbackSessionClosingMailAction" time="0.281" classname="teammates.test.automated.FeedbackSessionClosingReminderTest"/>
</testsuite> <!-- teammates.test.automated.FeedbackSessionClosingReminderTest -->
