<?xml version="1.0" encoding="UTF-8"?>
<!-- Generated by org.testng.reporters.JUnitReportReporter -->
<testsuite hostname="soccf-tr5-001" name="teammates.test.cases.ui.browsertests.AdminHomePageUiTest" tests="1" failures="0" timestamp="8 Oct 2014 12:05:27 GMT" time="140.903" errors="1">
  <testcase name="testAll" time="140.903" classname="teammates.test.cases.ui.browsertests.AdminHomePageUiTest">
    <error type="java.lang.AssertionError" message="expected:&lt;Your profile picture has been saved successfully&gt; but was:&lt;&gt;">
      <![CDATA[java.lang.AssertionError: expected:<Your profile picture has been saved successfully> but was:<>
	at org.testng.AssertJUnit.assertEquals(AssertJUnit.java:101)
	at org.testng.AssertJUnit.assertEquals(AssertJUnit.java:108)
	at teammates.test.pageobjects.AppPage.verifyStatus(AppPage.java:926)
	at teammates.test.cases.ui.browsertests.AdminHomePageUiTest.testCreateInstructorAction(AdminHomePageUiTest.java:285)
	at teammates.test.cases.ui.browsertests.AdminHomePageUiTest.testAll(AdminHomePageUiTest.java:72)
	at sun.reflect.NativeMethodAccessorImpl.invoke0(Native Method)
	at sun.reflect.NativeMethodAccessorImpl.invoke(NativeMethodAccessorImpl.java:57)
	at sun.reflect.DelegatingMethodAccessorImpl.invoke(DelegatingMethodAccessorImpl.java:43)
	at java.lang.reflect.Method.invoke(Method.java:606)
	at org.testng.internal.MethodInvocationHelper.invokeMethod(MethodInvocationHelper.java:84)
	at org.testng.internal.Invoker.invokeMethod(Invoker.java:714)
	at org.testng.internal.Invoker.invokeTestMethod(Invoker.java:901)
	at org.testng.internal.Invoker.invokeTestMethods(Invoker.java:1231)
	at org.testng.internal.TestMethodWorker.invokeTestMethods(TestMethodWorker.java:127)
	at org.testng.internal.TestMethodWorker.run(TestMethodWorker.java:111)
	at java.util.concurrent.ThreadPoolExecutor.runWorker(ThreadPoolExecutor.java:1145)
	at java.util.concurrent.ThreadPoolExecutor$Worker.run(ThreadPoolExecutor.java:615)
	at java.lang.Thread.run(Thread.java:745)
]]>
    </error>
  </testcase> <!-- testAll -->
</testsuite> <!-- teammates.test.cases.ui.browsertests.AdminHomePageUiTest -->
