<?xml version="1.0" encoding="UTF-8"?>
<!-- Generated by org.testng.reporters.JUnitReportReporter -->
<testsuite hostname="soccf-tr5-001" name="teammates.test.cases.logic.FeedbackQuestionsLogicTest" tests="1" failures="0" timestamp="22 Feb 2015 13:22:12 GMT" time="0.281" errors="0">
  <testcase name="allTests" time="0.281" classname="teammates.test.cases.logic.FeedbackQuestionsLogicTest"/>
</testsuite> <!-- teammates.test.cases.logic.FeedbackQuestionsLogicTest -->
