<?xml version="1.0" encoding="UTF-8"?>
<!-- Generated by org.testng.reporters.JUnitReportReporter -->
<testsuite hostname="soccf-tr5-001" name="teammates.test.cases.logic.AccountsLogicTest" tests="8" failures="0" timestamp="20 Aug 2014 12:29:44 GMT" time="8.125" errors="0">
  <testcase name="testCreateAccount" time="0.000" classname="teammates.test.cases.logic.AccountsLogicTest"/>
  <testcase name="testDeleteAccountCascade" time="3.437" classname="teammates.test.cases.logic.AccountsLogicTest"/>
  <testcase name="testAccountFunctions" time="0.063" classname="teammates.test.cases.logic.AccountsLogicTest"/>
  <testcase name="testJoinCourseForInstructor" time="0.586" classname="teammates.test.cases.logic.AccountsLogicTest"/>
  <testcase name="testGetInstructorAccounts" time="0.079" classname="teammates.test.cases.logic.AccountsLogicTest"/>
  <testcase name="testDeletePicture" time="0.095" classname="teammates.test.cases.logic.AccountsLogicTest"/>
  <testcase name="testStudentProfileFunctions" time="0.048" classname="teammates.test.cases.logic.AccountsLogicTest"/>
  <testcase name="testJoinCourseForStudent" time="3.817" classname="teammates.test.cases.logic.AccountsLogicTest"/>
</testsuite> <!-- teammates.test.cases.logic.AccountsLogicTest -->
