<?xml version="1.0" encoding="UTF-8"?>
<!-- Generated by org.testng.reporters.JUnitReportReporter -->
<testsuite hostname="soccf-tr5-001" name="teammates.test.cases.logic.FeedbackSessionEmailTaskQueueTest" tests="4" failures="0" timestamp="29 Oct 2014 13:17:37 GMT" time="10.155" errors="0">
  <testcase name="testScheduleFeedbackSessionClosingEmails" time="2.043" classname="teammates.test.cases.logic.FeedbackSessionEmailTaskQueueTest"/>
  <testcase name="testScheduleFeedbackSessionOpeningEmails" time="3.042" classname="teammates.test.cases.logic.FeedbackSessionEmailTaskQueueTest"/>
  <testcase name="testScheduleFeedbackSessionPublishedEmails" time="2.013" classname="teammates.test.cases.logic.FeedbackSessionEmailTaskQueueTest"/>
  <testcase name="testAll" time="3.057" classname="teammates.test.cases.logic.FeedbackSessionEmailTaskQueueTest"/>
</testsuite> <!-- teammates.test.cases.logic.FeedbackSessionEmailTaskQueueTest -->
