<?xml version="1.0" encoding="UTF-8"?>
<!-- Generated by org.testng.reporters.JUnitReportReporter -->
<testsuite hostname="soccf-tr5-001" name="teammates.test.cases.ui.browsertests.AllAccessControlUiTests" tests="8" failures="0" timestamp="28 Aug 2014 04:33:09 GMT" time="59.529" errors="0">
  <testcase name="testUserNotRegistered" time="8.892" classname="teammates.test.cases.ui.browsertests.AllAccessControlUiTests"/>
  <testcase name="testPubliclyAccessiblePages" time="5.835" classname="teammates.test.cases.ui.browsertests.AllAccessControlUiTests"/>
  <testcase name="testUserNotLoggedIn" time="0.531" classname="teammates.test.cases.ui.browsertests.AllAccessControlUiTests"/>
  <testcase name="testInstructorHome" time="6.130" classname="teammates.test.cases.ui.browsertests.AllAccessControlUiTests"/>
  <testcase name="testStudentAccessToAdminPages" time="6.552" classname="teammates.test.cases.ui.browsertests.AllAccessControlUiTests"/>
  <testcase name="testStudentEvalResult" time="13.010" classname="teammates.test.cases.ui.browsertests.AllAccessControlUiTests"/>
  <testcase name="testStudentHome" time="4.149" classname="teammates.test.cases.ui.browsertests.AllAccessControlUiTests"/>
  <testcase name="testStudentEvalSubmission" time="14.430" classname="teammates.test.cases.ui.browsertests.AllAccessControlUiTests"/>
</testsuite> <!-- teammates.test.cases.ui.browsertests.AllAccessControlUiTests -->
