<?xml version="1.0" encoding="UTF-8"?>
<!-- Generated by org.testng.reporters.JUnitReportReporter -->
<testsuite hostname="soccf-tr5-001" name="teammates.test.cases.ui.browsertests.AdminAccountDetailsPageUiTest" tests="1" failures="0" timestamp="29 Oct 2014 17:34:19 GMT" time="13.073" errors="0">
  <testcase name="testAll" time="13.073" classname="teammates.test.cases.ui.browsertests.AdminAccountDetailsPageUiTest"/>
</testsuite> <!-- teammates.test.cases.ui.browsertests.AdminAccountDetailsPageUiTest -->
