<?xml version="1.0" encoding="UTF-8"?>
<!-- Generated by org.testng.reporters.JUnitReportReporter -->
<testsuite hostname="soccf-tr5-001" name="teammates.test.cases.ui.browsertests.InstructorEvalSubmissionEditPageUiTest" tests="1" failures="0" timestamp="7 Aug 2014 06:43:31 GMT" time="17.067" errors="0">
  <testcase name="testAll" time="17.067" classname="teammates.test.cases.ui.browsertests.InstructorEvalSubmissionEditPageUiTest"/>
</testsuite> <!-- teammates.test.cases.ui.browsertests.InstructorEvalSubmissionEditPageUiTest -->
