<?xml version="1.0" encoding="UTF-8"?>
<!-- Generated by org.testng.reporters.JUnitReportReporter -->
<testsuite hostname="soccf-tr5-001" name="teammates.test.cases.ui.browsertests.AllJsTests" tests="1" failures="0" timestamp="24 Sep 2014 12:50:21 GMT" time="4.213" errors="0">
  <testcase name="executeJsTests" time="4.213" classname="teammates.test.cases.ui.browsertests.AllJsTests"/>
</testsuite> <!-- teammates.test.cases.ui.browsertests.AllJsTests -->
