<?xml version="1.0" encoding="UTF-8"?>
<!-- Generated by org.testng.reporters.JUnitReportReporter -->
<testsuite hostname="soccf-tr5-001" name="teammates.test.cases.logic.LogicTest" tests="8" failures="0" timestamp="6 Aug 2014 08:31:51 GMT" time="0.889" errors="0">
  <testcase name="testGetSubmissionsForEvaluationFromStudent" time="0.578" classname="teammates.test.cases.logic.LogicTest"/>
  <testcase name="testGetLoginUrl" time="0.000" classname="teammates.test.cases.logic.LogicTest"/>
  <testcase name="testDeleteSubmission" time="0.016" classname="teammates.test.cases.logic.LogicTest"/>
  <testcase name="testGetLogoutUrl" time="0.016" classname="teammates.test.cases.logic.LogicTest"/>
  <testcase name="testGetCurrentUser" time="0.031" classname="teammates.test.cases.logic.LogicTest"/>
  <testcase name="testUpdateSubmissions" time="0.108" classname="teammates.test.cases.logic.LogicTest"/>
  <testcase name="testCreateSubmission" time="0.015" classname="teammates.test.cases.logic.LogicTest"/>
  <testcase name="testHasStudentSubmittedEvaluation" time="0.125" classname="teammates.test.cases.logic.LogicTest"/>
</testsuite> <!-- teammates.test.cases.logic.LogicTest -->
