<?xml version="1.0" encoding="UTF-8"?>
<!-- Generated by org.testng.reporters.JUnitReportReporter -->
<testsuite hostname="soccf-tr5-001" name="teammates.test.cases.storage.FeedbackSessionsDbTest" tests="3" failures="0" timestamp="20 Aug 2014 12:29:44 GMT" time="0.079" errors="0">
  <testcase name="testUpdateFeedbackSession" time="0.031" classname="teammates.test.cases.storage.FeedbackSessionsDbTest"/>
  <testcase name="testAllGetFeedbackSessions" time="0.032" classname="teammates.test.cases.storage.FeedbackSessionsDbTest"/>
  <testcase name="testCreateDeleteFeedbackSession" time="0.016" classname="teammates.test.cases.storage.FeedbackSessionsDbTest"/>
</testsuite> <!-- teammates.test.cases.storage.FeedbackSessionsDbTest -->
