<?xml version="1.0" encoding="UTF-8"?>
<!-- Generated by org.testng.reporters.JUnitReportReporter -->
<testsuite hostname="soccf-tr5-001" name="teammates.test.cases.ui.InstructorFeedbackQuestionAddActionTest" tests="7" failures="0" timestamp="30 Aug 2014 08:03:45 GMT" time="2.294" errors="0">
  <testcase name="testExecuteAndPostProcessMsq" time="0.453" classname="teammates.test.cases.ui.InstructorFeedbackQuestionAddActionTest"/>
  <testcase name="testExecuteAndPostProcessConstSumOption" time="0.156" classname="teammates.test.cases.ui.InstructorFeedbackQuestionAddActionTest"/>
  <testcase name="testExecuteAndPostProcess" time="0.687" classname="teammates.test.cases.ui.InstructorFeedbackQuestionAddActionTest"/>
  <testcase name="testExecuteAndPostProcessNumScale" time="0.218" classname="teammates.test.cases.ui.InstructorFeedbackQuestionAddActionTest"/>
  <testcase name="testExecuteAndPostProcessMcq" time="0.344" classname="teammates.test.cases.ui.InstructorFeedbackQuestionAddActionTest"/>
  <testcase name="testExecuteAndPostProcessContributionQuestion" time="0.296" classname="teammates.test.cases.ui.InstructorFeedbackQuestionAddActionTest"/>
  <testcase name="testExecuteAndPostProcessConstSumRecipient" time="0.140" classname="teammates.test.cases.ui.InstructorFeedbackQuestionAddActionTest"/>
</testsuite> <!-- teammates.test.cases.ui.InstructorFeedbackQuestionAddActionTest -->
