<?xml version="1.0" encoding="UTF-8"?>
<!-- Generated by org.testng.reporters.JUnitReportReporter -->
<testsuite hostname="soccf-tr5-001" name="teammates.test.cases.ui.browsertests.MashupPageUiTest" tests="1" failures="0" timestamp="3 Sep 2014 12:02:57 GMT" time="38.241" errors="0">
  <testcase name="loadWebpageCompilation" time="38.241" classname="teammates.test.cases.ui.browsertests.MashupPageUiTest"/>
</testsuite> <!-- teammates.test.cases.ui.browsertests.MashupPageUiTest -->
