<?xml version="1.0" encoding="UTF-8"?>
<!-- Generated by org.testng.reporters.JUnitReportReporter -->
<testsuite hostname="soccf-tr5-001" name="teammates.test.cases.ui.browsertests.InstructorCommentsPageUiTest" tests="1" failures="0" timestamp="7 Aug 2014 04:58:30 GMT" time="62.596" errors="0">
  <testcase name="allTests" time="62.596" classname="teammates.test.cases.ui.browsertests.InstructorCommentsPageUiTest"/>
</testsuite> <!-- teammates.test.cases.ui.browsertests.InstructorCommentsPageUiTest -->
