<?xml version="1.0" encoding="UTF-8"?>
<!-- Generated by org.testng.reporters.JUnitReportReporter -->
<testsuite hostname="soccf-tr5-001" name="teammates.test.cases.ui.InstructorFeedbackQuestionCopyActionTest" tests="2" failures="0" timestamp="26 Sep 2014 15:57:47 GMT" time="9.017" errors="0">
  <testcase name="testAccessControl" time="4.181" classname="teammates.test.cases.ui.InstructorFeedbackQuestionCopyActionTest"/>
  <testcase name="testExecuteAndPostProcess" time="4.836" classname="teammates.test.cases.ui.InstructorFeedbackQuestionCopyActionTest"/>
</testsuite> <!-- teammates.test.cases.ui.InstructorFeedbackQuestionCopyActionTest -->
