<?xml version="1.0" encoding="UTF-8"?>
<!-- Generated by org.testng.reporters.JUnitReportReporter -->
<testsuite hostname="soccf-tr5-001" name="teammates.test.cases.logic.EvaluationsLogicTest" tests="1" failures="0" timestamp="29 Oct 2014 13:25:55 GMT" time="1.702" errors="0">
  <testcase name="testAll" time="1.702" classname="teammates.test.cases.logic.EvaluationsLogicTest"/>
</testsuite> <!-- teammates.test.cases.logic.EvaluationsLogicTest -->
