<?xml version="1.0" encoding="UTF-8"?>
<!-- Generated by org.testng.reporters.JUnitReportReporter -->
<testsuite hostname="soccf-tr5-001" name="teammates.test.cases.ui.InstructorFeedbackQuestionEditActionTest" tests="7" failures="0" timestamp="29 Oct 2014 11:22:30 GMT" time="12.153" errors="0">
  <testcase name="testExecuteAndPostProcessMsq" time="2.200" classname="teammates.test.cases.ui.InstructorFeedbackQuestionEditActionTest"/>
  <testcase name="testExecuteAndPostProcessContributionQuestion" time="2.153" classname="teammates.test.cases.ui.InstructorFeedbackQuestionEditActionTest"/>
  <testcase name="testExecuteAndPostProcessConstSumOption" time="1.185" classname="teammates.test.cases.ui.InstructorFeedbackQuestionEditActionTest"/>
  <testcase name="testExecuteAndPostProcessNumScale" time="1.919" classname="teammates.test.cases.ui.InstructorFeedbackQuestionEditActionTest"/>
  <testcase name="testExecuteAndPostProcess" time="0.375" classname="teammates.test.cases.ui.InstructorFeedbackQuestionEditActionTest"/>
  <testcase name="testExecuteAndPostProcessMcq" time="2.433" classname="teammates.test.cases.ui.InstructorFeedbackQuestionEditActionTest"/>
  <testcase name="testExecuteAndPostProcessConstSumRecipient" time="1.888" classname="teammates.test.cases.ui.InstructorFeedbackQuestionEditActionTest"/>
</testsuite> <!-- teammates.test.cases.ui.InstructorFeedbackQuestionEditActionTest -->
