<?xml version="1.0" encoding="UTF-8"?>
<!-- Generated by org.testng.reporters.JUnitReportReporter -->
<testsuite hostname="soccf-tr5-001" name="teammates.test.cases.storage.AccountsDbTest" tests="5" failures="0" timestamp="7 Aug 2014 04:48:38 GMT" time="1.154" errors="0">
  <testcase name="testEditAccount" time="0.047" classname="teammates.test.cases.storage.AccountsDbTest"/>
  <testcase name="testDeleteAccount" time="0.390" classname="teammates.test.cases.storage.AccountsDbTest"/>
  <testcase name="testGetInstructorAccounts" time="0.093" classname="teammates.test.cases.storage.AccountsDbTest"/>
  <testcase name="testCreateAccount" time="0.608" classname="teammates.test.cases.storage.AccountsDbTest"/>
  <testcase name="testGetAccount" time="0.016" classname="teammates.test.cases.storage.AccountsDbTest"/>
</testsuite> <!-- teammates.test.cases.storage.AccountsDbTest -->
