<?xml version="1.0" encoding="UTF-8"?>
<!-- Generated by org.testng.reporters.JUnitReportReporter -->
<testsuite hostname="soccf-tr5-001" name="teammates.test.automated.FeedbackSessionOpeningReminderTest" tests="2" failures="0" timestamp="5 Nov 2014 12:23:05 GMT" time="3.596" errors="0">
  <testcase name="testAdditionOfTaskToTaskQueue" time="2.317" classname="teammates.test.automated.FeedbackSessionOpeningReminderTest"/>
  <testcase name="testFeedbackSessionOpeningMailAction" time="1.279" classname="teammates.test.automated.FeedbackSessionOpeningReminderTest"/>
</testsuite> <!-- teammates.test.automated.FeedbackSessionOpeningReminderTest -->
