<?xml version="1.0" encoding="UTF-8"?>
<!-- Generated by org.testng.reporters.JUnitReportReporter -->
<testsuite hostname="soccf-tr5-001" name="teammates.test.cases.ui.InstructorCourseAddActionTest" tests="1" failures="0" timestamp="29 Oct 2014 17:34:19 GMT" time="1.232" errors="0">
  <testcase name="testExecute" time="1.232" classname="teammates.test.cases.ui.InstructorCourseAddActionTest"/>
</testsuite> <!-- teammates.test.cases.ui.InstructorCourseAddActionTest -->
