<?xml version="1.0" encoding="UTF-8"?>
<!-- Generated by org.testng.reporters.JUnitReportReporter -->
<testsuite hostname="soccf-tr5-001" name="teammates.test.cases.ui.browsertests.AdminAccountManagementPageUiTest" tests="1" failures="0" timestamp="2 Jan 2015 09:17:12 GMT" time="25.147" errors="0">
  <testcase name="testAll" time="25.147" classname="teammates.test.cases.ui.browsertests.AdminAccountManagementPageUiTest"/>
</testsuite> <!-- teammates.test.cases.ui.browsertests.AdminAccountManagementPageUiTest -->
