<?xml version="1.0" encoding="UTF-8"?>
<!-- Generated by org.testng.reporters.JUnitReportReporter -->
<testsuite hostname="soccf-tr5-001" name="teammates.test.cases.common.InstructorPrivilegesTest" tests="12" failures="0" timestamp="26 Sep 2014 15:21:30 GMT" time="0.000" errors="0">
  <testcase name="testUpdatePrivilegeInCourseLevel" time="0.000" classname="teammates.test.cases.common.InstructorPrivilegesTest"/>
  <testcase name="testUpdatePrivilegeInSectionLevel" time="0.000" classname="teammates.test.cases.common.InstructorPrivilegesTest"/>
  <testcase name="testIsPrivilegeNameValid" time="0.000" classname="teammates.test.cases.common.InstructorPrivilegesTest"/>
  <testcase name="testUpdatePrivilegesInSectionLevel" time="0.000" classname="teammates.test.cases.common.InstructorPrivilegesTest"/>
  <testcase name="testConstructor" time="0.000" classname="teammates.test.cases.common.InstructorPrivilegesTest"/>
  <testcase name="testAddSessionWithDefaultPrivilegesToSessionLevel" time="0.000" classname="teammates.test.cases.common.InstructorPrivilegesTest"/>
  <testcase name="testUpdatePrivilegesInSessionLevel" time="0.000" classname="teammates.test.cases.common.InstructorPrivilegesTest"/>
  <testcase name="testSetDefault" time="0.000" classname="teammates.test.cases.common.InstructorPrivilegesTest"/>
  <testcase name="testUpdatePrivilegeInSessionLevel" time="0.000" classname="teammates.test.cases.common.InstructorPrivilegesTest"/>
  <testcase name="testAddSectionWithDefaultPrivilegesToSectionLevel" time="0.000" classname="teammates.test.cases.common.InstructorPrivilegesTest"/>
  <testcase name="testIsAllowedForPrivilege" time="0.000" classname="teammates.test.cases.common.InstructorPrivilegesTest"/>
  <testcase name="testValidatePrivileges" time="0.000" classname="teammates.test.cases.common.InstructorPrivilegesTest"/>
</testsuite> <!-- teammates.test.cases.common.InstructorPrivilegesTest -->
