<?xml version="1.0" encoding="UTF-8"?>
<!-- Generated by org.testng.reporters.JUnitReportReporter -->
<testsuite hostname="soccf-tr5-001" name="teammates.test.cases.common.StudentResultBundleTest" tests="3" failures="0" timestamp="6 Aug 2014 08:31:51 GMT" time="0.003" errors="0">
  <testcase name="testSortOutgoingByStudentNameAscending" time="0.000" classname="teammates.test.cases.common.StudentResultBundleTest"/>
  <testcase name="testSortIncomingByStudentNameAscending" time="0.001" classname="teammates.test.cases.common.StudentResultBundleTest"/>
  <testcase name="testSortIncomingByFeedbackAscending" time="0.002" classname="teammates.test.cases.common.StudentResultBundleTest"/>
</testsuite> <!-- teammates.test.cases.common.StudentResultBundleTest -->
