<?xml version="1.0" encoding="UTF-8"?>
<!-- Generated by org.testng.reporters.JUnitReportReporter -->
<testsuite hostname="soccf-tr5-001" name="teammates.test.cases.storage.ProfilesDbTest" tests="4" failures="0" timestamp="3 Sep 2014 15:50:16 GMT" time="0.156" errors="0">
  <testcase name="testDeleteProfilePicture" time="0.016" classname="teammates.test.cases.storage.ProfilesDbTest"/>
  <testcase name="testUpdateStudentProfilePicture" time="0.093" classname="teammates.test.cases.storage.ProfilesDbTest"/>
  <testcase name="testUpdateStudentProfile" time="0.047" classname="teammates.test.cases.storage.ProfilesDbTest"/>
  <testcase name="testGetStudentProfile" time="0.000" classname="teammates.test.cases.storage.ProfilesDbTest"/>
</testsuite> <!-- teammates.test.cases.storage.ProfilesDbTest -->
