<?xml version="1.0" encoding="UTF-8"?>
<!-- Generated by org.testng.reporters.JUnitReportReporter -->
<testsuite hostname="soccf-tr5-001" name="teammates.test.cases.testdriver.BackDoorTest" tests="12" failures="0" timestamp="25 Feb 2015 13:04:49 GMT" time="10.104" errors="0">
  <testcase name="testDeletion" time="4.552" classname="teammates.test.cases.testdriver.BackDoorTest"/>
  <testcase name="testCreateEvaluation" time="0.187" classname="teammates.test.cases.testdriver.BackDoorTest"/>
  <testcase name="testGetCoursesByInstructorId" time="0.810" classname="teammates.test.cases.testdriver.BackDoorTest"/>
  <testcase name="testEditEvaluation" time="0.156" classname="teammates.test.cases.testdriver.BackDoorTest"/>
  <testcase name="testPersistence" time="1.075" classname="teammates.test.cases.testdriver.BackDoorTest"/>
  <testcase name="testEditSubmission" time="0.078" classname="teammates.test.cases.testdriver.BackDoorTest"/>
  <testcase name="testCreateStudent" time="0.312" classname="teammates.test.cases.testdriver.BackDoorTest"/>
  <testcase name="testAccounts" time="1.029" classname="teammates.test.cases.testdriver.BackDoorTest"/>
  <testcase name="testGetKeyForStudent" time="0.220" classname="teammates.test.cases.testdriver.BackDoorTest"/>
  <testcase name="testEditStudent" time="1.185" classname="teammates.test.cases.testdriver.BackDoorTest"/>
  <testcase name="testCreateCourse" time="0.203" classname="teammates.test.cases.testdriver.BackDoorTest"/>
  <testcase name="testCreateInstructor" time="0.297" classname="teammates.test.cases.testdriver.BackDoorTest"/>
</testsuite> <!-- teammates.test.cases.testdriver.BackDoorTest -->
