<?xml version="1.0" encoding="UTF-8"?>
<!-- Generated by org.testng.reporters.JUnitReportReporter -->
<testsuite hostname="soccf-tr5-001" name="teammates.test.cases.testdriver.BackDoorTest" tests="12" failures="0" timestamp="3 Sep 2014 12:02:56 GMT" time="9.471" errors="0">
  <testcase name="testEditStudent" time="0.406" classname="teammates.test.cases.testdriver.BackDoorTest"/>
  <testcase name="testCreateStudent" time="0.281" classname="teammates.test.cases.testdriver.BackDoorTest"/>
  <testcase name="testCreateEvaluation" time="0.187" classname="teammates.test.cases.testdriver.BackDoorTest"/>
  <testcase name="testCreateInstructor" time="0.624" classname="teammates.test.cases.testdriver.BackDoorTest"/>
  <testcase name="testEditSubmission" time="0.078" classname="teammates.test.cases.testdriver.BackDoorTest"/>
  <testcase name="testEditEvaluation" time="0.171" classname="teammates.test.cases.testdriver.BackDoorTest"/>
  <testcase name="testPersistence" time="1.234" classname="teammates.test.cases.testdriver.BackDoorTest"/>
  <testcase name="testCreateCourse" time="0.188" classname="teammates.test.cases.testdriver.BackDoorTest"/>
  <testcase name="testDeletion" time="3.745" classname="teammates.test.cases.testdriver.BackDoorTest"/>
  <testcase name="testGetCoursesByInstructorId" time="1.419" classname="teammates.test.cases.testdriver.BackDoorTest"/>
  <testcase name="testGetKeyForStudent" time="0.234" classname="teammates.test.cases.testdriver.BackDoorTest"/>
  <testcase name="testAccounts" time="0.904" classname="teammates.test.cases.testdriver.BackDoorTest"/>
</testsuite> <!-- teammates.test.cases.testdriver.BackDoorTest -->
