<?xml version="1.0" encoding="UTF-8"?>
<!-- Generated by org.testng.reporters.JUnitReportReporter -->
<testsuite hostname="soccf-tr5-001" name="teammates.test.automated.FeedbackSessionOpeningReminderTest" tests="2" failures="0" timestamp="10 Sep 2014 12:56:05 GMT" time="3.183" errors="0">
  <testcase name="testAdditionOfTaskToTaskQueue" time="2.106" classname="teammates.test.automated.FeedbackSessionOpeningReminderTest"/>
  <testcase name="testFeedbackSessionOpeningMailAction" time="1.077" classname="teammates.test.automated.FeedbackSessionOpeningReminderTest"/>
</testsuite> <!-- teammates.test.automated.FeedbackSessionOpeningReminderTest -->
