<?xml version="1.0" encoding="UTF-8"?>
<!-- Generated by org.testng.reporters.JUnitReportReporter -->
<testsuite hostname="soccf-tr5-001" name="teammates.test.automated.FeedbackSessionClosingReminderTest" tests="2" failures="0" timestamp="5 Nov 2014 12:23:05 GMT" time="2.184" errors="0">
  <testcase name="testFeedbackSessionClosingMailAction" time="0.093" classname="teammates.test.automated.FeedbackSessionClosingReminderTest"/>
  <testcase name="testAdditionOfTaskToTaskQueue" time="2.091" classname="teammates.test.automated.FeedbackSessionClosingReminderTest"/>
</testsuite> <!-- teammates.test.automated.FeedbackSessionClosingReminderTest -->
