<?xml version="1.0" encoding="UTF-8"?>
<!-- Generated by org.testng.reporters.JUnitReportReporter -->
<testsuite hostname="soccf-tr5-001" name="teammates.test.cases.logic.SubmissionsAdjustmentTest" tests="2" failures="0" timestamp="3 Sep 2014 15:24:38 GMT" time="7.272" errors="0">
  <testcase name="testAdjustmentOfResponses" time="0.094" classname="teammates.test.cases.logic.SubmissionsAdjustmentTest"/>
  <testcase name="testEnrollStudentsWithScheduledSubmissionAdjustment" time="7.178" classname="teammates.test.cases.logic.SubmissionsAdjustmentTest"/>
</testsuite> <!-- teammates.test.cases.logic.SubmissionsAdjustmentTest -->
