<?xml version="1.0" encoding="UTF-8"?>
<!-- Generated by org.testng.reporters.JUnitReportReporter -->
<testsuite hostname="soccf-tr5-001" name="teammates.test.cases.ui.AdminInstructorAccountAddActionTest" tests="2" failures="0" timestamp="21 Aug 2014 08:55:41 GMT" time="6.382" errors="0">
  <testcase name="testExecuteAndPostProcess" time="6.382" classname="teammates.test.cases.ui.AdminInstructorAccountAddActionTest"/>
  <testcase name="testGenerateNextDemoCourseId" time="0.000" classname="teammates.test.cases.ui.AdminInstructorAccountAddActionTest"/>
</testsuite> <!-- teammates.test.cases.ui.AdminInstructorAccountAddActionTest -->
