<?xml version="1.0" encoding="UTF-8"?>
<!-- Generated by org.testng.reporters.JUnitReportReporter -->
<testsuite hostname="soccf-tr5-001" name="teammates.test.automated.FeedbackSessionClosingReminderTest" tests="2" failures="0" timestamp="11 Sep 2014 05:49:53 GMT" time="2.153" errors="0">
  <testcase name="testFeedbackSessionClosingMailAction" time="0.078" classname="teammates.test.automated.FeedbackSessionClosingReminderTest"/>
  <testcase name="testAdditionOfTaskToTaskQueue" time="2.075" classname="teammates.test.automated.FeedbackSessionClosingReminderTest"/>
</testsuite> <!-- teammates.test.automated.FeedbackSessionClosingReminderTest -->
