<?xml version="1.0" encoding="UTF-8"?>
<!-- Generated by org.testng.reporters.JUnitReportReporter -->
<testsuite hostname="soccf-tr5-001" name="teammates.test.cases.storage.AccountsDbTest" tests="5" failures="0" timestamp="15 Sep 2014 10:43:01 GMT" time="1.779" errors="0">
  <testcase name="testGetAccount" time="0.000" classname="teammates.test.cases.storage.AccountsDbTest"/>
  <testcase name="testGetInstructorAccounts" time="0.094" classname="teammates.test.cases.storage.AccountsDbTest"/>
  <testcase name="testCreateAccount" time="0.687" classname="teammates.test.cases.storage.AccountsDbTest"/>
  <testcase name="testDeleteAccount" time="0.951" classname="teammates.test.cases.storage.AccountsDbTest"/>
  <testcase name="testEditAccount" time="0.047" classname="teammates.test.cases.storage.AccountsDbTest"/>
</testsuite> <!-- teammates.test.cases.storage.AccountsDbTest -->
