<?xml version="1.0" encoding="UTF-8"?>
<!-- Generated by org.testng.reporters.JUnitReportReporter -->
<testsuite hostname="soccf-tr5-001" name="teammates.test.cases.ui.StudentHomePageActionTest" tests="1" failures="0" timestamp="29 Oct 2014 17:34:20 GMT" time="2.044" errors="0">
  <testcase name="testExecuteAndPostProcess" time="2.044" classname="teammates.test.cases.ui.StudentHomePageActionTest"/>
</testsuite> <!-- teammates.test.cases.ui.StudentHomePageActionTest -->
