<?xml version="1.0" encoding="UTF-8"?>
<!-- Generated by org.testng.reporters.JUnitReportReporter -->
<testsuite hostname="soccf-tr5-001" name="teammates.test.cases.ui.browsertests.InstructorStudentRecordsPageUiTest" tests="1" failures="0" timestamp="24 Sep 2014 12:58:05 GMT" time="21.528" errors="1">
  <testcase name="testAll" time="21.528" classname="teammates.test.cases.ui.browsertests.InstructorStudentRecordsPageUiTest">
    <error type="org.junit.ComparisonFailure" message="expected:&lt;&lt;[expected&gt;
   &lt;div class=&quot;container&quot; id=&quot;frameBodyWrapper&quot;&gt;
      &lt;div id=&quot;topOfPage&quot;&gt;
      &lt;/div&gt;
      &lt;h2&gt;
         student1 In Course1&#039;s Records
         &lt;small class=&quot;muted&quot;&gt;
            - FSQTT.idOfTypicalCourse1
         &lt;/small&gt;
      &lt;/h2&gt;
      &lt;br/&gt;
            &lt;div id=&quot;statusMessage&quot; style=&quot;display: none;&quot;&gt;
      &lt;/div&gt;
      &lt;div aria-hidden=&quot;true&quot; aria-labelledby=&quot;myModalLabel&quot; class=&quot;modal fade&quot; id=&quot;studentProfileMoreInfo&quot; role=&quot;dialog&quot;&gt;
         &lt;div class=&quot;modal-dialog modal-lg&quot;&gt;
            &lt;div class=&quot;modal-content&quot;&gt;
               &lt;div class=&quot;modal-header&quot;&gt;
                  &lt;button aria-hidden=&quot;true&quot; class=&quot;close&quot; data-dismiss=&quot;modal&quot; type=&quot;button&quot;&gt;
                     Ã—
                  &lt;/button&gt;
                  &lt;h4 class=&quot;modal-title&quot;&gt;
                     student1 In Course1&#039;s Profile - More Info
                  &lt;/h4&gt;
               &lt;/div&gt;
               &lt;div class=&quot;modal-body&quot;&gt;
                  &lt;br/&gt;
                                    &lt;p class=&quot;text-preserve-space height-fixed-md&quot;&gt;
                     &lt;i class=&quot;text-muted&quot;&gt;
                        Not Specified
                     &lt;/i&gt;
                  &lt;/p&gt;
               &lt;/div&gt;
               &lt;div class=&quot;modal-footer&quot;&gt;
                  &lt;button class=&quot;btn btn-primary&quot; data-dismiss=&quot;modal&quot; type=&quot;button&quot;&gt;
                     Close
                  &lt;/button&gt;
               &lt;/div&gt;
            &lt;/div&gt;
         &lt;/div&gt;
      &lt;/div&gt;
      &lt;div class=&quot;container-fluid&quot;&gt;
         &lt;div class=&quot;row&quot;&gt;
            &lt;div class=&quot;col-xs-12&quot;&gt;
               &lt;div class=&quot;row&quot; id=&quot;studentProfile&quot;&gt;
                  &lt;div class=&quot;col-md-2 col-xs-3 block-center&quot;&gt;
                     &lt;img class=&quot;profile-pic pull-right&quot; src=&quot;/images/profile_picture_default.png&quot;/&gt;
                                       &lt;/div&gt;
                  &lt;div class=&quot;col-md-10 col-sm-9 col-xs-8&quot;&gt;
                     &lt;table class=&quot;table table-striped&quot;&gt;
                        &lt;thead&gt;
                           &lt;tr&gt;
                              &lt;th colspan=&quot;2&quot;&gt;
                                 Profile
                              &lt;/th&gt;
                           &lt;/tr&gt;
                        &lt;/thead&gt;
                        &lt;tbody&gt;
                           &lt;tr&gt;
                              &lt;td class=&quot;text-bold&quot;&gt;
                                 Short Name (Gender)
                              &lt;/td&gt;
                              &lt;td&gt;
                                 &lt;i class=&quot;text-muted&quot;&gt;
                                    Not Specified
                                 &lt;/i&gt;
                                 (
                                 &lt;i&gt;
                                    &lt;span class=&quot;text-muted&quot;&gt;
                                       Not Specified
                                    &lt;/span&gt;
                                 &lt;/i&gt;
                                 )
                              &lt;/td&gt;
                           &lt;/tr&gt;
                           &lt;tr&gt;
                              &lt;td class=&quot;text-bold&quot;&gt;
                                 Email
                              &lt;/td&gt;
                              &lt;td&gt;
                                 &lt;i class=&quot;text-muted&quot;&gt;
                                    Not Specified
                                 &lt;/i&gt;
                              &lt;/td&gt;
                           &lt;/tr&gt;
                           &lt;tr&gt;
                              &lt;td class=&quot;text-bold&quot;&gt;
                                 Institution
                              &lt;/td&gt;
                              &lt;td&gt;
                                 &lt;i class=&quot;text-muted&quot;&gt;
                                    Not Specified
                                 &lt;/i&gt;
                              &lt;/td&gt;
                           &lt;/tr&gt;
                           &lt;tr&gt;
                              &lt;td class=&quot;text-bold&quot;&gt;
                                 Nationality
                              &lt;/td&gt;
                              &lt;td&gt;
                                 &lt;i class=&quot;text-muted&quot;&gt;
                                    Not Specified
                                 &lt;/i&gt;
                              &lt;/td&gt;
                           &lt;/tr&gt;
                        &lt;/tbody&gt;
                     &lt;/table&gt;
                  &lt;/div&gt;
               &lt;/div&gt;
               &lt;div class=&quot;row&quot;&gt;
                  &lt;div class=&quot;col-xs-12&quot;&gt;
                     &lt;div class=&quot;panel panel-default&quot;&gt;
                        &lt;div class=&quot;panel-body&quot;&gt;
                           &lt;span class=&quot;text-muted pull-right glyphicon glyphicon-resize-full cursor-pointer&quot; data-target=&quot;#studentProfileMoreInfo&quot; data-toggle=&quot;modal&quot;&gt;
                           &lt;/span&gt;
                           &lt;h5&gt;
                              More Info
                           &lt;/h5&gt;
                           &lt;p class=&quot;text-preserve-space height-fixed-md&quot;&gt;
                              &lt;i class=&quot;text-muted&quot;&gt;
                                 Not Specified
                              &lt;/i&gt;
                           &lt;/p&gt;
                        &lt;/div&gt;
                     &lt;/div&gt;
                  &lt;/div&gt;
               &lt;/div&gt;
            &lt;/div&gt;
         &lt;/div&gt;
         &lt;div class=&quot;row&quot;&gt;
            &lt;div class=&quot;col-md-12&quot;&gt;
               &lt;div class=&quot;panel panel-info&quot;&gt;
                  &lt;div class=&quot;panel-heading&quot; id=&quot;studentComments&quot;&gt;
                     Comments for student1 In Course1
                  &lt;/div&gt;
                  &lt;div class=&quot;panel-body&quot;&gt;
                     Your comments on this student:
                     &lt;button class=&quot;btn btn-default btn-xs icon-button pull-right&quot; data-original-title=&quot;Add comment&quot; data-placement=&quot;top&quot; data-toggle=&quot;tooltip&quot; id=&quot;button_add_comment&quot; onclick=&quot;showAddCommentBox();&quot; title=&quot;&quot; type=&quot;button&quot;&gt;
                        &lt;span class=&quot;glyphicon glyphicon-comment glyphicon-primary&quot;&gt;
                        &lt;/span&gt;
                     &lt;/button&gt;
                     &lt;ul class=&quot;list-group&quot; style=&quot;margin-top:15px;&quot;&gt;
                        &lt;li class=&quot;list-group-item list-group-item-warning&quot;&gt;
                           You don&#039;t have any comments on this student.
                        &lt;/li&gt;
                        &lt;li class=&quot;list-group-item list-group-item-warning&quot; id=&quot;comment_box&quot; style=&quot;display:none;&quot;&gt;
                           &lt;form action=&quot;/page/instructorStudentCommentAdd&quot; class=&quot;form_comment&quot; method=&quot;post&quot; name=&quot;form_commentadd&quot;&gt;
                              &lt;div class=&quot;form-group form-inline&quot;&gt;
                                 &lt;div class=&quot;form-group text-muted&quot;&gt;
                                    The default visibility for your comment is private. You may change it using the visibility options.
                                 &lt;/div&gt;
                                 &lt;a class=&quot;btn btn-sm btn-info pull-right&quot; id=&quot;visibility-options-trigger-1&quot;&gt;
                                    &lt;span class=&quot;glyphicon glyphicon-eye-close&quot;&gt;
                                    &lt;/span&gt;
                                    Show Visibility Options
                                 &lt;/a&gt;
                              &lt;/div&gt;
                              &lt;div class=&quot;panel panel-default&quot; id=&quot;visibility-options-1&quot; style=&quot;display: none;&quot;&gt;
                                 &lt;div class=&quot;panel-heading&quot;&gt;
                                    Visibility Options
                                 &lt;/div&gt;
                                 &lt;table class=&quot;table text-center&quot; style=&quot;color:#000;&quot;&gt;
                                    &lt;tbody&gt;
                                       &lt;tr&gt;
                                          &lt;th class=&quot;text-center&quot;&gt;
                                             User/Group
                                          &lt;/th&gt;
                                          &lt;th class=&quot;text-center&quot;&gt;
                                             Can see
                                                        your comment
                                          &lt;/th&gt;
                                          &lt;th class=&quot;text-center&quot;&gt;
                                             Can see
                                                        giver&#039;s name
                                          &lt;/th&gt;
                                          &lt;th class=&quot;text-center&quot;&gt;
                                             Can see
                                                        recipient&#039;s name
                                          &lt;/th&gt;
                                       &lt;/tr&gt;
                                       &lt;tr id=&quot;recipient-person-1&quot;&gt;
                                          &lt;td class=&quot;text-left&quot;&gt;
                                             &lt;div data-original-title=&quot;Control what comment recipient(s) can view&quot; data-placement=&quot;top&quot; data-toggle=&quot;tooltip&quot; title=&quot;&quot;&gt;
                                                Recipient(s)
                                             &lt;/div&gt;
                                          &lt;/td&gt;
                                          &lt;td&gt;
                                             &lt;input class=&quot;visibilityCheckbox answerCheckbox centered&quot; name=&quot;receiverLeaderCheckbox&quot; type=&quot;checkbox&quot; value=&quot;PERSON&quot;/&gt;
                                                                                       &lt;/td&gt;
                                          &lt;td&gt;
                                             &lt;input class=&quot;visibilityCheckbox giverCheckbox&quot; type=&quot;checkbox&quot; value=&quot;PERSON&quot;/&gt;
                                                                                       &lt;/td&gt;
                                          &lt;td&gt;
                                             &lt;input class=&quot;visibilityCheckbox recipientCheckbox&quot; disabled=&quot;disabled&quot; name=&quot;receiverFollowerCheckbox&quot; type=&quot;checkbox&quot; value=&quot;PERSON&quot;/&gt;
                                                                                       &lt;/td&gt;
                                       &lt;/tr&gt;
                                       &lt;tr id=&quot;recipient-team-1&quot;&gt;
                                          &lt;td class=&quot;text-left&quot;&gt;
                                             &lt;div data-original-title=&quot;Control what team members of comment recipients can view&quot; data-placement=&quot;top&quot; data-toggle=&quot;tooltip&quot; title=&quot;&quot;&gt;
                                                Recipient&#039;s Team
                                             &lt;/div&gt;
                                          &lt;/td&gt;
                                          &lt;td&gt;
                                             &lt;input class=&quot;visibilityCheckbox answerCheckbox&quot; type=&quot;checkbox&quot; value=&quot;TEAM&quot;/&gt;
                                                                                       &lt;/td&gt;
                                          &lt;td&gt;
                                             &lt;input class=&quot;visibilityCheckbox giverCheckbox&quot; type=&quot;checkbox&quot; value=&quot;TEAM&quot;/&gt;
                                                                                       &lt;/td&gt;
                                          &lt;td&gt;
                                             &lt;input class=&quot;visibilityCheckbox recipientCheckbox&quot; type=&quot;checkbox&quot; value=&quot;TEAM&quot;/&gt;
                                                                                       &lt;/td&gt;
                                       &lt;/tr&gt;
                                       &lt;tr id=&quot;recipient-course-1&quot;&gt;
                                          &lt;td class=&quot;text-left&quot;&gt;
                                             &lt;div data-original-title=&quot;Control what other students in this course can view&quot; data-placement=&quot;top&quot; data-toggle=&quot;tooltip&quot; title=&quot;&quot;&gt;
                                                Other students in this course
                                             &lt;/div&gt;
                                          &lt;/td&gt;
                                          &lt;td&gt;
                                             &lt;input class=&quot;visibilityCheckbox answerCheckbox&quot; type=&quot;checkbox&quot; value=&quot;COURSE&quot;/&gt;
                                                                                       &lt;/td&gt;
                                          &lt;td&gt;
                                             &lt;input class=&quot;visibilityCheckbox giverCheckbox&quot; type=&quot;checkbox&quot; value=&quot;COURSE&quot;/&gt;
                                                                                       &lt;/td&gt;
                                          &lt;td&gt;
                                             &lt;input class=&quot;visibilityCheckbox recipientCheckbox&quot; type=&quot;checkbox&quot; value=&quot;COURSE&quot;/&gt;
                                                                                       &lt;/td&gt;
                                       &lt;/tr&gt;
                                       &lt;tr&gt;
                                          &lt;td class=&quot;text-left&quot;&gt;
                                             &lt;div data-original-title=&quot;Control what instructors can view&quot; data-placement=&quot;top&quot; data-toggle=&quot;tooltip&quot; title=&quot;&quot;&gt;
                                                Instructors
                                             &lt;/div&gt;
                                          &lt;/td&gt;
                                          &lt;td&gt;
                                             &lt;input class=&quot;visibilityCheckbox answerCheckbox&quot; type=&quot;checkbox&quot; value=&quot;INSTRUCTOR&quot;/&gt;
                                                                                       &lt;/td&gt;
                                          &lt;td&gt;
                                             &lt;input class=&quot;visibilityCheckbox giverCheckbox&quot; type=&quot;checkbox&quot; value=&quot;INSTRUCTOR&quot;/&gt;
                                                                                       &lt;/td&gt;
                                          &lt;td&gt;
                                             &lt;input class=&quot;visibilityCheckbox recipientCheckbox&quot; type=&quot;checkbox&quot; value=&quot;INSTRUCTOR&quot;/&gt;
                                                                                       &lt;/td&gt;
                                       &lt;/tr&gt;
                                    &lt;/tbody&gt;
                                 &lt;/table&gt;
                              &lt;/div&gt;
                              &lt;div class=&quot;form-group&quot;&gt;
                                 &lt;textarea class=&quot;form-control&quot; id=&quot;commentText&quot; name=&quot;commenttext&quot; placeholder=&quot;Your comment about this student&quot; rows=&quot;3&quot;&gt;
                                 &lt;/textarea&gt;
                              &lt;/div&gt;
                              &lt;div class=&quot;col-sm-offset-5&quot;&gt;
                                 &lt;input class=&quot;btn btn-primary&quot; id=&quot;button_save_comment&quot; type=&quot;submit&quot; value=&quot;Save&quot;/&gt;
                                                                  &lt;input class=&quot;btn btn-default&quot; onclick=&quot;hideAddCommentBox();&quot; type=&quot;button&quot; value=&quot;Cancel&quot;/&gt;
                                                                  &lt;input name=&quot;courseid&quot; type=&quot;hidden&quot; value=&quot;FSQTT.idOfTypicalCourse1&quot;/&gt;
                                                                  &lt;input name=&quot;studentemail&quot; type=&quot;hidden&quot; value=&quot;student1InCourse1@gmail.tmt&quot;/&gt;
                                                                  &lt;input name=&quot;user&quot; type=&quot;hidden&quot; value=&quot;FSQTT.idOfInstructor1OfCourse1&quot;/&gt;
                                                                  &lt;input name=&quot;recipienttype&quot; type=&quot;hidden&quot; value=&quot;PERSON&quot;/&gt;
                                                                  &lt;input name=&quot;recipients&quot; type=&quot;hidden&quot; value=&quot;student1InCourse1@gmail.tmt&quot;/&gt;
                                                                  &lt;input name=&quot;showcommentsto&quot; type=&quot;hidden&quot; value=&quot;&quot;/&gt;
                                                                  &lt;input name=&quot;showgiverto&quot; type=&quot;hidden&quot; value=&quot;&quot;/&gt;
                                                                  &lt;input name=&quot;showrecipientto&quot; type=&quot;hidden&quot; value=&quot;&quot;/&gt;
                                                                  &lt;input name=&quot;user&quot; type=&quot;hidden&quot; value=&quot;FSQTT.idOfInstructor1OfCourse1&quot;/&gt;
                                                               &lt;/div&gt;
                           &lt;/form&gt;
                        &lt;/li&gt;
                     &lt;/ul&gt;
                  &lt;/div&gt;
               &lt;/div&gt;
               &lt;br/&gt;
                              &lt;div class=&quot;well well-plain student_feedback&quot; id=&quot;studentFeedback-0&quot;&gt;
                  &lt;div class=&quot;text-primary&quot;&gt;
                     &lt;h2 id=&quot;feedback_name-0&quot;&gt;
                        &lt;strong&gt;
                           Feedback Session Name: CONSTSUM Session
                        &lt;/strong&gt;
                     &lt;/h2&gt;
                  &lt;/div&gt;
                  &lt;br/&gt;
                                    &lt;div class=&quot;panel panel-primary&quot;&gt;
                     &lt;div class=&quot;panel-heading&quot;&gt;
                        To:
                        &lt;strong&gt;
                           student1 In Course1 (Team 1.1)
                        &lt;/strong&gt;
                     &lt;/div&gt;
                     &lt;div class=&quot;panel-body&quot;&gt;
                        &lt;div class=&quot;row &quot;&gt;
                           &lt;div class=&quot;col-md-2&quot;&gt;
                              &lt;strong&gt;
                                 From: student1 In Course1 (Team 1.1)
                              &lt;/strong&gt;
                           &lt;/div&gt;
                           &lt;div class=&quot;col-md-10&quot;&gt;
                              &lt;div class=&quot;panel panel-info&quot;&gt;
                                 &lt;div class=&quot;panel-heading&quot;&gt;
                                    Question 1: How important are the following factors to you? Give points accordingly.Â 
                                    &lt;span style=&quot; white-space: normal;&quot;&gt;
                                       &lt;a class=&quot;color_gray&quot; data-less=&quot;[less]&quot; data-more=&quot;[more]&quot; href=&quot;javascript:;&quot; id=&quot;questionAdditionalInfoButton-1-giver-1-session-0&quot; onclick=&quot;toggleAdditionalQuestionInfo(&#039;1-giver-1-session-0&#039;)&quot;&gt;
                                          [more]
                                       &lt;/a&gt;
                                       &lt;br/&gt;
                                                                              &lt;span id=&quot;questionAdditionalInfo-1-giver-1-session-0&quot; style=&quot;display:none;&quot;&gt;
                                          Distribute points (among options) question options:
                                          &lt;ul style=&quot;list-style-type: disc;margin-left: 20px;&quot;&gt;
                                             &lt;li&gt;
                                                Grades
                                             &lt;/li&gt;
                                             &lt;li&gt;
                                                Fun
                                             &lt;/li&gt;
                                          &lt;/ul&gt;
                                          Total points: 100
                                       &lt;/span&gt;
                                    &lt;/span&gt;
                                 &lt;/div&gt;
                                 &lt;div class=&quot;panel-body&quot;&gt;
                                    &lt;ul&gt;
                                       &lt;li&gt;
                                          Grades: 20
                                       &lt;/li&gt;
                                       &lt;li&gt;
                                          Fun: 80
                                       &lt;/li&gt;
                                    &lt;/ul&gt;
                                 &lt;/div&gt;
                              &lt;/div&gt;
                           &lt;/div&gt;
                        &lt;/div&gt;
                        &lt;br/&gt;
                                             &lt;/div&gt;
                  &lt;/div&gt;
                  &lt;div class=&quot;panel panel-primary&quot;&gt;
                     &lt;div class=&quot;panel-heading&quot;&gt;
                        From:
                        &lt;strong&gt;
                           student1 In Course1 (Team 1.1)
                        &lt;/strong&gt;
                     &lt;/div&gt;
                     &lt;div class=&quot;panel-body&quot;&gt;
                        &lt;div class=&quot;row &quot;&gt;
                           &lt;div class=&quot;col-md-2&quot;&gt;
                              &lt;strong&gt;
                                 To: student1 In Course1 (Team 1.1)
                              &lt;/strong&gt;
                           &lt;/div&gt;
                           &lt;div class=&quot;col-md-10&quot;&gt;
                              &lt;div class=&quot;panel panel-info&quot;&gt;
                                 &lt;div class=&quot;panel-heading&quot;&gt;
                                    Question 1: How important are the following factors to you? Give points accordingly.Â 
                                    &lt;span style=&quot; white-space: normal;&quot;&gt;
                                       &lt;a class=&quot;color_gray&quot; data-less=&quot;[less]&quot; data-more=&quot;[more]&quot; href=&quot;javascript:;&quot; id=&quot;questionAdditionalInfoButton-1-recipient-1-session-0&quot; onclick=&quot;toggleAdditionalQuestionInfo(&#039;1-recipient-1-session-0&#039;)&quot;&gt;
                                          [more]
                                       &lt;/a&gt;
                                       &lt;br/&gt;
                                                                              &lt;span id=&quot;questionAdditionalInfo-1-recipient-1-session-0&quot; style=&quot;display:none;&quot;&gt;
                                          Distribute points (among options) question options:
                                          &lt;ul style=&quot;list-style-type: disc;margin-left: 20px;&quot;&gt;
                                             &lt;li&gt;
                                                Grades
                                             &lt;/li&gt;
                                             &lt;li&gt;
                                                Fun
                                             &lt;/li&gt;
                                          &lt;/ul&gt;
                                          Total points: 100
                                       &lt;/span&gt;
                                    &lt;/span&gt;
                                 &lt;/div&gt;
                                 &lt;div class=&quot;panel-body&quot;&gt;
                                    &lt;ul&gt;
                                       &lt;li&gt;
                                          Grades: 20
                                       &lt;/li&gt;
                                       &lt;li&gt;
                                          Fun: 80
                                       &lt;/li&gt;
                                    &lt;/ul&gt;
                                 &lt;/div&gt;
                              &lt;/div&gt;
                           &lt;/div&gt;
                        &lt;/div&gt;
                        &lt;br/&gt;
                                             &lt;/div&gt;
                  &lt;/div&gt;
               &lt;/div&gt;
               &lt;br/&gt;
                              &lt;div class=&quot;well well-plain student_feedback&quot; id=&quot;studentFeedback-1&quot;&gt;
                  &lt;div class=&quot;text-primary&quot;&gt;
                     &lt;h2 id=&quot;feedback_name-1&quot;&gt;
                        &lt;strong&gt;
                           Feedback Session Name: CONTRIB Session
                        &lt;/strong&gt;
                     &lt;/h2&gt;
                  &lt;/div&gt;
                  &lt;br/&gt;
                                    &lt;div class=&quot;panel panel-primary&quot;&gt;
                     &lt;div class=&quot;panel-heading&quot;&gt;
                        To:
                        &lt;strong&gt;
                           student1 In Course1 (Team 1.1)
                        &lt;/strong&gt;
                     &lt;/div&gt;
                     &lt;div class=&quot;panel-body&quot;&gt;
                        &lt;div class=&quot;row &quot;&gt;
                           &lt;div class=&quot;col-md-2&quot;&gt;
                              &lt;strong&gt;
                                 From: student1 In Course1 (Team 1.1)
                              &lt;/strong&gt;
                           &lt;/div&gt;
                           &lt;div class=&quot;col-md-10&quot;&gt;
                              &lt;div class=&quot;panel panel-info&quot;&gt;
                                 &lt;div class=&quot;panel-heading&quot;&gt;
                                    Question 1: How much has each team member including yourself, contributed to the project?Â 
                                    &lt;span style=&quot; white-space: normal;&quot;&gt;
                                       &lt;a class=&quot;color_gray&quot; data-less=&quot;[less]&quot; data-more=&quot;[more]&quot; href=&quot;javascript:;&quot; id=&quot;questionAdditionalInfoButton-1-giver-1-session-1&quot; onclick=&quot;toggleAdditionalQuestionInfo(&#039;1-giver-1-session-1&#039;)&quot;&gt;
                                          [more]
                                       &lt;/a&gt;
                                       &lt;br/&gt;
                                                                              &lt;span id=&quot;questionAdditionalInfo-1-giver-1-session-1&quot; style=&quot;display:none;&quot;&gt;
                                          Team contribution question
                                       &lt;/span&gt;
                                    &lt;/span&gt;
                                 &lt;/div&gt;
                                 &lt;div class=&quot;panel-body&quot;&gt;
                                    &lt;span class=&quot;color_neutral&quot;&gt;
                                       Equal Share
                                    &lt;/span&gt;
                                 &lt;/div&gt;
                              &lt;/div&gt;
                           &lt;/div&gt;
                        &lt;/div&gt;
                        &lt;br/&gt;
                                             &lt;/div&gt;
                  &lt;/div&gt;
                  &lt;div class=&quot;panel panel-primary&quot;&gt;
                     &lt;div class=&quot;panel-heading&quot;&gt;
                        From:
                        &lt;strong&gt;
                           student1 In Course1 (Team 1.1)
                        &lt;/strong&gt;
                     &lt;/div&gt;
                     &lt;div class=&quot;panel-body&quot;&gt;
                        &lt;div class=&quot;row &quot;&gt;
                           &lt;div class=&quot;col-md-2&quot;&gt;
                              &lt;strong&gt;
                                 To: student1 In Course1 (Team 1.1)
                              &lt;/strong&gt;
                           &lt;/div&gt;
                           &lt;div class=&quot;col-md-10&quot;&gt;
                              &lt;div class=&quot;panel panel-info&quot;&gt;
                                 &lt;div class=&quot;panel-heading&quot;&gt;
                                    Question 1: How much has each team member including yourself, contributed to the project?Â 
                                    &lt;span style=&quot; white-space: normal;&quot;&gt;
                                       &lt;a class=&quot;color_gray&quot; data-less=&quot;[less]&quot; data-more=&quot;[more]&quot; href=&quot;javascript:;&quot; id=&quot;questionAdditionalInfoButton-1-recipient-1-session-1&quot; onclick=&quot;toggleAdditionalQuestionInfo(&#039;1-recipient-1-session-1&#039;)&quot;&gt;
                                          [more]
                                       &lt;/a&gt;
                                       &lt;br/&gt;
                                                                              &lt;span id=&quot;questionAdditionalInfo-1-recipient-1-session-1&quot; style=&quot;display:none;&quot;&gt;
                                          Team contribution question
                                       &lt;/span&gt;
                                    &lt;/span&gt;
                                 &lt;/div&gt;
                                 &lt;div class=&quot;panel-body&quot;&gt;
                                    &lt;span class=&quot;color_neutral&quot;&gt;
                                       Equal Share
                                    &lt;/span&gt;
                                 &lt;/div&gt;
                              &lt;/div&gt;
                           &lt;/div&gt;
                        &lt;/div&gt;
                        &lt;br/&gt;
                                                &lt;div class=&quot;row border-top-gray&quot;&gt;
                           &lt;div class=&quot;col-md-2&quot;&gt;
                              &lt;strong&gt;
                                 To: student2 In Course1 (Team 1.1)
                              &lt;/strong&gt;
                           &lt;/div&gt;
                           &lt;div class=&quot;col-md-10&quot;&gt;
                              &lt;div class=&quot;panel panel-info&quot;&gt;
                                 &lt;div class=&quot;panel-heading&quot;&gt;
                                    Question 1: How much has each team member including yourself, contributed to the project?Â 
                                    &lt;span style=&quot; white-space: normal;&quot;&gt;
                                       &lt;a class=&quot;color_gray&quot; data-less=&quot;[less]&quot; data-more=&quot;[more]&quot; href=&quot;javascript:;&quot; id=&quot;questionAdditionalInfoButton-1-recipient-2-session-1&quot; onclick=&quot;toggleAdditionalQuestionInfo(&#039;1-recipient-2-session-1&#039;)&quot;&gt;
                                          [more]
                                       &lt;/a&gt;
                                       &lt;br/&gt;
                                                                              &lt;span id=&quot;questionAdditionalInfo-1-recipient-2-session-1&quot; style=&quot;display:none;&quot;&gt;
                                          Team contribution question
                                       &lt;/span&gt;
                                    &lt;/span&gt;
                                 &lt;/div&gt;
                                 &lt;div class=&quot;panel-body&quot;&gt;
                                    &lt;span class=&quot;color-negative&quot;&gt;
                                       Equal Share -20%
                                    &lt;/span&gt;
                                 &lt;/div&gt;
                              &lt;/div&gt;
                           &lt;/div&gt;
                        &lt;/div&gt;
                        &lt;br/&gt;
                                                &lt;div class=&quot;row border-top-gray&quot;&gt;
                           &lt;div class=&quot;col-md-2&quot;&gt;
                              &lt;strong&gt;
                                 To: student3 In Course1 (Team 1.1)
                              &lt;/strong&gt;
                           &lt;/div&gt;
                           &lt;div class=&quot;col-md-10&quot;&gt;
                              &lt;div class=&quot;panel panel-info&quot;&gt;
                                 &lt;div class=&quot;panel-heading&quot;&gt;
                                    Question 1: How much has each team member including yourself, contributed to the project?Â 
                                    &lt;span style=&quot; white-space: normal;&quot;&gt;
                                       &lt;a class=&quot;color_gray&quot; data-less=&quot;[less]&quot; data-more=&quot;[more]&quot; href=&quot;javascript:;&quot; id=&quot;questionAdditionalInfoButton-1-recipient-3-session-1&quot; onclick=&quot;toggleAdditionalQuestionInfo(&#039;1-recipient-3-session-1&#039;)&quot;&gt;
                                          [more]
                                       &lt;/a&gt;
                                       &lt;br/&gt;
                                                                              &lt;span id=&quot;questionAdditionalInfo-1-recipient-3-session-1&quot; style=&quot;display:none;&quot;&gt;
                                          Team contribution question
                                       &lt;/span&gt;
                                    &lt;/span&gt;
                                 &lt;/div&gt;
                                 &lt;div class=&quot;panel-body&quot;&gt;
                                    &lt;span class=&quot;color-positive&quot;&gt;
                                       Equal Share +10%
                                    &lt;/span&gt;
                                 &lt;/div&gt;
                              &lt;/div&gt;
                           &lt;/div&gt;
                        &lt;/div&gt;
                        &lt;br/&gt;
                                                &lt;div class=&quot;row border-top-gray&quot;&gt;
                           &lt;div class=&quot;col-md-2&quot;&gt;
                              &lt;strong&gt;
                                 To: student4 In Course1 (Team 1.1)
                              &lt;/strong&gt;
                           &lt;/div&gt;
                           &lt;div class=&quot;col-md-10&quot;&gt;
                              &lt;div class=&quot;panel panel-info&quot;&gt;
                                 &lt;div class=&quot;panel-heading&quot;&gt;
                                    Question 1: How much has each team member including yourself, contributed to the project?Â 
                                    &lt;span style=&quot; white-space: normal;&quot;&gt;
                                       &lt;a class=&quot;color_gray&quot; data-less=&quot;[less]&quot; data-more=&quot;[more]&quot; href=&quot;javascript:;&quot; id=&quot;questionAdditionalInfoButton-1-recipient-4-session-1&quot; onclick=&quot;toggleAdditionalQuestionInfo(&#039;1-recipient-4-session-1&#039;)&quot;&gt;
                                          [more]
                                       &lt;/a&gt;
                                       &lt;br/&gt;
                                                                              &lt;span id=&quot;questionAdditionalInfo-1-recipient-4-session-1&quot; style=&quot;display:none;&quot;&gt;
                                          Team contribution question
                                       &lt;/span&gt;
                                    &lt;/span&gt;
                                 &lt;/div&gt;
                                 &lt;div class=&quot;panel-body&quot;&gt;
                                    &lt;span class=&quot;color-positive&quot;&gt;
                                       Equal Share +30%
                                    &lt;/span&gt;
                                 &lt;/div&gt;
                              &lt;/div&gt;
                           &lt;/div&gt;
                        &lt;/div&gt;
                        &lt;br/&gt;
                                             &lt;/div&gt;
                  &lt;/div&gt;
               &lt;/div&gt;
               &lt;br/&gt;
                              &lt;div class=&quot;well well-plain student_feedback&quot; id=&quot;studentFeedback-2&quot;&gt;
                  &lt;div class=&quot;text-primary&quot;&gt;
                     &lt;h2 id=&quot;feedback_name-2&quot;&gt;
                        &lt;strong&gt;
                           Feedback Session Name: MCQ Session
                        &lt;/strong&gt;
                     &lt;/h2&gt;
                  &lt;/div&gt;
                  &lt;br/&gt;
                                    &lt;div class=&quot;panel panel-primary&quot;&gt;
                     &lt;div class=&quot;panel-heading&quot;&gt;
                        To:
                        &lt;strong&gt;
                           student1 In Course1 (Team 1.1)
                        &lt;/strong&gt;
                     &lt;/div&gt;
                     &lt;div class=&quot;panel-body&quot;&gt;
                        &lt;div class=&quot;row &quot;&gt;
                           &lt;div class=&quot;col-md-2&quot;&gt;
                              &lt;strong&gt;
                                 From: student1 In Course1 (Team 1.1)
                              &lt;/strong&gt;
                           &lt;/div&gt;
                           &lt;div class=&quot;col-md-10&quot;&gt;
                              &lt;div class=&quot;panel panel-info&quot;&gt;
                                 &lt;div class=&quot;panel-heading&quot;&gt;
                                    Question 1: What do you like best about our product?Â 
                                    &lt;span style=&quot; white-space: normal;&quot;&gt;
                                       &lt;a class=&quot;color_gray&quot; data-less=&quot;[less]&quot; data-more=&quot;[more]&quot; href=&quot;javascript:;&quot; id=&quot;questionAdditionalInfoButton-1-giver-1-session-2&quot; onclick=&quot;toggleAdditionalQuestionInfo(&#039;1-giver-1-session-2&#039;)&quot;&gt;
                                          [more]
                                       &lt;/a&gt;
                                       &lt;br/&gt;
                                                                              &lt;span id=&quot;questionAdditionalInfo-1-giver-1-session-2&quot; style=&quot;display:none;&quot;&gt;
                                          Multiple-choice (single answer) question options:
                                          &lt;ul style=&quot;list-style-type: disc;margin-left: 20px;&quot;&gt;
                                             &lt;li&gt;
                                                It&#039;s good
                                             &lt;/li&gt;
                                             &lt;li&gt;
                                                It&#039;s perfect
                                             &lt;/li&gt;
                                          &lt;/ul&gt;
                                       &lt;/span&gt;
                                    &lt;/span&gt;
                                 &lt;/div&gt;
                                 &lt;div class=&quot;panel-body&quot;&gt;
                                    It&#039;s good
                                 &lt;/div&gt;
                              &lt;/div&gt;
                           &lt;/div&gt;
                        &lt;/div&gt;
                        &lt;br/&gt;
                                             &lt;/div&gt;
                  &lt;/div&gt;
                  &lt;div class=&quot;panel panel-primary&quot;&gt;
                     &lt;div class=&quot;panel-heading&quot;&gt;
                        From:
                        &lt;strong&gt;
                           student1 In Course1 (Team 1.1)
                        &lt;/strong&gt;
                     &lt;/div&gt;
                     &lt;div class=&quot;panel-body&quot;&gt;
                        &lt;div class=&quot;row &quot;&gt;
                           &lt;div class=&quot;col-md-2&quot;&gt;
                              &lt;strong&gt;
                                 To: student1 In Course1 (Team 1.1)
                              &lt;/strong&gt;
                           &lt;/div&gt;
                           &lt;div class=&quot;col-md-10&quot;&gt;
                              &lt;div class=&quot;panel panel-info&quot;&gt;
                                 &lt;div class=&quot;panel-heading&quot;&gt;
                                    Question 1: What do you like best about our product?Â 
                                    &lt;span style=&quot; white-space: normal;&quot;&gt;
                                       &lt;a class=&quot;color_gray&quot; data-less=&quot;[less]&quot; data-more=&quot;[more]&quot; href=&quot;javascript:;&quot; id=&quot;questionAdditionalInfoButton-1-recipient-1-session-2&quot; onclick=&quot;toggleAdditionalQuestionInfo(&#039;1-recipient-1-session-2&#039;)&quot;&gt;
                                          [more]
                                       &lt;/a&gt;
                                       &lt;br/&gt;
                                                                              &lt;span id=&quot;questionAdditionalInfo-1-recipient-1-session-2&quot; style=&quot;display:none;&quot;&gt;
                                          Multiple-choice (single answer) question options:
                                          &lt;ul style=&quot;list-style-type: disc;margin-left: 20px;&quot;&gt;
                                             &lt;li&gt;
                                                It&#039;s good
                                             &lt;/li&gt;
                                             &lt;li&gt;
                                                It&#039;s perfect
                                             &lt;/li&gt;
                                          &lt;/ul&gt;
                                       &lt;/span&gt;
                                    &lt;/span&gt;
                                 &lt;/div&gt;
                                 &lt;div class=&quot;panel-body&quot;&gt;
                                    It&#039;s good
                                 &lt;/div&gt;
                              &lt;/div&gt;
                           &lt;/div&gt;
                        &lt;/div&gt;
                        &lt;br/&gt;
                                             &lt;/div&gt;
                  &lt;/div&gt;
               &lt;/div&gt;
               &lt;br/&gt;
                              &lt;div class=&quot;well well-plain student_feedback&quot; id=&quot;studentFeedback-3&quot;&gt;
                  &lt;div class=&quot;text-primary&quot;&gt;
                     &lt;h2 id=&quot;feedback_name-3&quot;&gt;
                        &lt;strong&gt;
                           Feedback Session Name: MSQ Session
                        &lt;/strong&gt;
                     &lt;/h2&gt;
                  &lt;/div&gt;
                  &lt;br/&gt;
                                    &lt;div class=&quot;panel panel-primary&quot;&gt;
                     &lt;div class=&quot;panel-heading&quot;&gt;
                        To:
                        &lt;strong&gt;
                           student1 In Course1 (Team 1.1)
                        &lt;/strong&gt;
                     &lt;/div&gt;
                     &lt;div class=&quot;panel-body&quot;&gt;
                        &lt;div class=&quot;row &quot;&gt;
                           &lt;div class=&quot;col-md-2&quot;&gt;
                              &lt;strong&gt;
                                 From: student1 In Course1 (Team 1.1)
                              &lt;/strong&gt;
                           &lt;/div&gt;
                           &lt;div class=&quot;col-md-10&quot;&gt;
                              &lt;div class=&quot;panel panel-info&quot;&gt;
                                 &lt;div class=&quot;panel-heading&quot;&gt;
                                    Question 1: What do you like best about our product?Â 
                                    &lt;span style=&quot; white-space: normal;&quot;&gt;
                                       &lt;a class=&quot;color_gray&quot; data-less=&quot;[less]&quot; data-more=&quot;[more]&quot; href=&quot;javascript:;&quot; id=&quot;questionAdditionalInfoButton-1-giver-1-session-3&quot; onclick=&quot;toggleAdditionalQuestionInfo(&#039;1-giver-1-session-3&#039;)&quot;&gt;
                                          [more]
                                       &lt;/a&gt;
                                       &lt;br/&gt;
                                                                              &lt;span id=&quot;questionAdditionalInfo-1-giver-1-session-3&quot; style=&quot;display:none;&quot;&gt;
                                          Multiple-choice (multiple answers) question options:
                                          &lt;ul style=&quot;list-style-type: disc;margin-left: 20px;&quot;&gt;
                                             &lt;li&gt;
                                                It&#039;s good
                                             &lt;/li&gt;
                                             &lt;li&gt;
                                                It&#039;s perfect
                                             &lt;/li&gt;
                                          &lt;/ul&gt;
                                       &lt;/span&gt;
                                    &lt;/span&gt;
                                 &lt;/div&gt;
                                 &lt;div class=&quot;panel-body&quot;&gt;
                                    &lt;ul class=&quot;selectedOptionsList&quot;&gt;
                                       &lt;li&gt;
                                          It&#039;s good
                                       &lt;/li&gt;
                                       &lt;li&gt;
                                          It&#039;s perfect
                                       &lt;/li&gt;
                                    &lt;/ul&gt;
                                 &lt;/div&gt;
                              &lt;/div&gt;
                           &lt;/div&gt;
                        &lt;/div&gt;
                        &lt;br/&gt;
                                             &lt;/div&gt;
                  &lt;/div&gt;
                  &lt;div class=&quot;panel panel-primary&quot;&gt;
                     &lt;div class=&quot;panel-heading&quot;&gt;
                        From:
                        &lt;strong&gt;
                           student1 In Course1 (Team 1.1)
                        &lt;/strong&gt;
                     &lt;/div&gt;
                     &lt;div class=&quot;panel-body&quot;&gt;
                        &lt;div class=&quot;row &quot;&gt;
                           &lt;div class=&quot;col-md-2&quot;&gt;
                              &lt;strong&gt;
                                 To: student1 In Course1 (Team 1.1)
                              &lt;/strong&gt;
                           &lt;/div&gt;
                           &lt;div class=&quot;col-md-10&quot;&gt;
                              &lt;div class=&quot;panel panel-info&quot;&gt;
                                 &lt;div class=&quot;panel-heading&quot;&gt;
                                    Question 1: What do you like best about our product?Â 
                                    &lt;span style=&quot; white-space: normal;&quot;&gt;
                                       &lt;a class=&quot;color_gray&quot; data-less=&quot;[less]&quot; data-more=&quot;[more]&quot; href=&quot;javascript:;&quot; id=&quot;questionAdditionalInfoButton-1-recipient-1-session-3&quot; onclick=&quot;toggleAdditionalQuestionInfo(&#039;1-recipient-1-session-3&#039;)&quot;&gt;
                                          [more]
                                       &lt;/a&gt;
                                       &lt;br/&gt;
                                                                              &lt;span id=&quot;questionAdditionalInfo-1-recipient-1-session-3&quot; style=&quot;display:none;&quot;&gt;
                                          Multiple-choice (multiple answers) question options:
                                          &lt;ul style=&quot;list-style-type: disc;margin-left: 20px;&quot;&gt;
                                             &lt;li&gt;
                                                It&#039;s good
                                             &lt;/li&gt;
                                             &lt;li&gt;
                                                It&#039;s perfect
                                             &lt;/li&gt;
                                          &lt;/ul&gt;
                                       &lt;/span&gt;
                                    &lt;/span&gt;
                                 &lt;/div&gt;
                                 &lt;div class=&quot;panel-body&quot;&gt;
                                    &lt;ul class=&quot;selectedOptionsList&quot;&gt;
                                       &lt;li&gt;
                                          It&#039;s good
                                       &lt;/li&gt;
                                       &lt;li&gt;
                                          It&#039;s perfect
                                       &lt;/li&gt;
                                    &lt;/ul&gt;
                                 &lt;/div&gt;
                              &lt;/div&gt;
                           &lt;/div&gt;
                        &lt;/div&gt;
                        &lt;br/&gt;
                                             &lt;/div&gt;
                  &lt;/div&gt;
               &lt;/div&gt;
               &lt;br/&gt;
                              &lt;div class=&quot;well well-plain student_feedback&quot; id=&quot;studentFeedback-4&quot;&gt;
                  &lt;div class=&quot;text-primary&quot;&gt;
                     &lt;h2 id=&quot;feedback_name-4&quot;&gt;
                        &lt;strong&gt;
                           Feedback Session Name: NUMSCALE Session
                        &lt;/strong&gt;
                     &lt;/h2&gt;
                  &lt;/div&gt;
                  &lt;br/&gt;
                                    &lt;div class=&quot;panel panel-primary&quot;&gt;
                     &lt;div class=&quot;panel-heading&quot;&gt;
                        To:
                        &lt;strong&gt;
                           student1 In Course1 (Team 1.1)
                        &lt;/strong&gt;
                     &lt;/div&gt;
                     &lt;div class=&quot;panel-body&quot;&gt;
                        &lt;div class=&quot;row &quot;&gt;
                           &lt;div class=&quot;col-md-2&quot;&gt;
                              &lt;strong&gt;
                                 From: student1 In Course1 (Team 1.1)
                              &lt;/strong&gt;
                           &lt;/div&gt;
                           &lt;div class=&quot;col-md-10&quot;&gt;
                              &lt;div class=&quot;panel panel-info&quot;&gt;
                                 &lt;div class=&quot;panel-heading&quot;&gt;
                                    Question 1: Rate our product.Â 
                                    &lt;span style=&quot; white-space: normal;&quot;&gt;
                                       &lt;a class=&quot;color_gray&quot; data-less=&quot;[less]&quot; data-more=&quot;[more]&quot; href=&quot;javascript:;&quot; id=&quot;questionAdditionalInfoButton-1-giver-1-session-4&quot; onclick=&quot;toggleAdditionalQuestionInfo(&#039;1-giver-1-session-4&#039;)&quot;&gt;
                                          [more]
                                       &lt;/a&gt;
                                       &lt;br/&gt;
                                                                              &lt;span id=&quot;questionAdditionalInfo-1-giver-1-session-4&quot; style=&quot;display:none;&quot;&gt;
                                          Numerical-scale question:
                                          &lt;br/&gt;
                                                                                    Minimum value: 1. Increment: 0.5. Maximum value: 5.
                                       &lt;/span&gt;
                                    &lt;/span&gt;
                                 &lt;/div&gt;
                                 &lt;div class=&quot;panel-body&quot;&gt;
                                    3.5
                                 &lt;/div&gt;
                              &lt;/div&gt;
                           &lt;/div&gt;
                        &lt;/div&gt;
                        &lt;br/&gt;
                                             &lt;/div&gt;
                  &lt;/div&gt;
                  &lt;div class=&quot;panel panel-primary&quot;&gt;
                     &lt;div class=&quot;panel-heading&quot;&gt;
                        From:
                        &lt;strong&gt;
                           student1 In Course1 (Team 1.1)
                        &lt;/strong&gt;
                     &lt;/div&gt;
                     &lt;div class=&quot;panel-body&quot;&gt;
                        &lt;div class=&quot;row &quot;&gt;
                           &lt;div class=&quot;col-md-2&quot;&gt;
                              &lt;strong&gt;
                                 To: student1 In Course1 (Team 1.1)
                              &lt;/strong&gt;
                           &lt;/div&gt;
                           &lt;div class=&quot;col-md-10&quot;&gt;
                              &lt;div class=&quot;panel panel-info&quot;&gt;
                                 &lt;div class=&quot;panel-heading&quot;&gt;
                                    Question 1: Rate our product.Â 
                                    &lt;span style=&quot; white-space: normal;&quot;&gt;
                                       &lt;a class=&quot;color_gray&quot; data-less=&quot;[less]&quot; data-more=&quot;[more]&quot; href=&quot;javascript:;&quot; id=&quot;questionAdditionalInfoButton-1-recipient-1-session-4&quot; onclick=&quot;toggleAdditionalQuestionInfo(&#039;1-recipient-1-session-4&#039;)&quot;&gt;
                                          [more]
                                       &lt;/a&gt;
                                       &lt;br/&gt;
                                                                              &lt;span id=&quot;questionAdditionalInfo-1-recipient-1-session-4&quot; style=&quot;display:none;&quot;&gt;
                                          Numerical-scale question:
                                          &lt;br/&gt;
                                                                                    Minimum value: 1. Increment: 0.5. Maximum value: 5.
                                       &lt;/span&gt;
                                    &lt;/span&gt;
                                 &lt;/div&gt;
                                 &lt;div class=&quot;panel-body&quot;&gt;
                                    3.5
                                 &lt;/div&gt;
                              &lt;/div&gt;
                           &lt;/div&gt;
                        &lt;/div&gt;
                        &lt;br/&gt;
                                             &lt;/div&gt;
                  &lt;/div&gt;
               &lt;/div&gt;
               &lt;br/&gt;
                           &lt;/div&gt;
         &lt;/div&gt;
      &lt;/div&gt;
   &lt;/div&gt;

&lt;/expected]&gt;&gt; but was:&lt;&lt;[actual&gt;
   &lt;div class=&quot;container&quot; id=&quot;frameBodyWrapper&quot;&gt;
      &lt;div id=&quot;topOfPage&quot;&gt;
      &lt;/div&gt;
      &lt;h2&gt;
         student1 In Course1&#039;s Records
         &lt;small class=&quot;muted&quot;&gt;
            - FSQTT.idOfTypicalCourse1
         &lt;/small&gt;
      &lt;/h2&gt;
      &lt;br/&gt;
            &lt;div id=&quot;statusMessage&quot; style=&quot;display: none;&quot;&gt;
      &lt;/div&gt;
      &lt;div aria-hidden=&quot;true&quot; aria-labelledby=&quot;myModalLabel&quot; class=&quot;modal fade&quot; id=&quot;studentProfileMoreInfo&quot; role=&quot;dialog&quot;&gt;
         &lt;div class=&quot;modal-dialog modal-lg&quot;&gt;
            &lt;div class=&quot;modal-content&quot;&gt;
               &lt;div class=&quot;modal-header&quot;&gt;
                  &lt;button aria-hidden=&quot;true&quot; class=&quot;close&quot; data-dismiss=&quot;modal&quot; type=&quot;button&quot;&gt;
                     Ã—
                  &lt;/button&gt;
                  &lt;h4 class=&quot;modal-title&quot;&gt;
                     student1 In Course1&#039;s Profile - More Info
                  &lt;/h4&gt;
               &lt;/div&gt;
               &lt;div class=&quot;modal-body&quot;&gt;
                  &lt;br/&gt;
                                    &lt;p class=&quot;text-preserve-space height-fixed-md&quot;&gt;
                     &lt;i class=&quot;text-muted&quot;&gt;
                        Not Specified
                     &lt;/i&gt;
                  &lt;/p&gt;
               &lt;/div&gt;
               &lt;div class=&quot;modal-footer&quot;&gt;
                  &lt;button class=&quot;btn btn-primary&quot; data-dismiss=&quot;modal&quot; type=&quot;button&quot;&gt;
                     Close
                  &lt;/button&gt;
               &lt;/div&gt;
            &lt;/div&gt;
         &lt;/div&gt;
      &lt;/div&gt;
      &lt;div class=&quot;container-fluid&quot;&gt;
         &lt;div class=&quot;row&quot;&gt;
            &lt;div class=&quot;col-xs-12&quot;&gt;
               &lt;div class=&quot;row&quot; id=&quot;studentProfile&quot;&gt;
                  &lt;div class=&quot;col-md-2 col-xs-3 block-center&quot;&gt;
                     &lt;img class=&quot;profile-pic pull-right&quot; src=&quot;/images/profile_picture_default.png&quot;/&gt;
                                       &lt;/div&gt;
                  &lt;div class=&quot;col-md-10 col-sm-9 col-xs-8&quot;&gt;
                     &lt;table class=&quot;table table-striped&quot;&gt;
                        &lt;thead&gt;
                           &lt;tr&gt;
                              &lt;th colspan=&quot;2&quot;&gt;
                                 Profile
                              &lt;/th&gt;
                           &lt;/tr&gt;
                        &lt;/thead&gt;
                        &lt;tbody&gt;
                           &lt;tr&gt;
                              &lt;td class=&quot;text-bold&quot;&gt;
                                 Short Name (Gender)
                              &lt;/td&gt;
                              &lt;td&gt;
                                 &lt;i class=&quot;text-muted&quot;&gt;
                                    Not Specified
                                 &lt;/i&gt;
                                 (
                                 &lt;i&gt;
                                    &lt;span class=&quot;text-muted&quot;&gt;
                                       Not Specified
                                    &lt;/span&gt;
                                 &lt;/i&gt;
                                 )
                              &lt;/td&gt;
                           &lt;/tr&gt;
                           &lt;tr&gt;
                              &lt;td class=&quot;text-bold&quot;&gt;
                                 Email
                              &lt;/td&gt;
                              &lt;td&gt;
                                 &lt;i class=&quot;text-muted&quot;&gt;
                                    Not Specified
                                 &lt;/i&gt;
                              &lt;/td&gt;
                           &lt;/tr&gt;
                           &lt;tr&gt;
                              &lt;td class=&quot;text-bold&quot;&gt;
                                 Institution
                              &lt;/td&gt;
                              &lt;td&gt;
                                 &lt;i class=&quot;text-muted&quot;&gt;
                                    Not Specified
                                 &lt;/i&gt;
                              &lt;/td&gt;
                           &lt;/tr&gt;
                           &lt;tr&gt;
                              &lt;td class=&quot;text-bold&quot;&gt;
                                 Nationality
                              &lt;/td&gt;
                              &lt;td&gt;
                                 &lt;i class=&quot;text-muted&quot;&gt;
                                    Not Specified
                                 &lt;/i&gt;
                              &lt;/td&gt;
                           &lt;/tr&gt;
                        &lt;/tbody&gt;
                     &lt;/table&gt;
                  &lt;/div&gt;
               &lt;/div&gt;
               &lt;div class=&quot;row&quot;&gt;
                  &lt;div class=&quot;col-xs-12&quot;&gt;
                     &lt;div class=&quot;panel panel-default&quot;&gt;
                        &lt;div class=&quot;panel-body&quot;&gt;
                           &lt;span class=&quot;text-muted pull-right glyphicon glyphicon-resize-full cursor-pointer&quot; data-target=&quot;#studentProfileMoreInfo&quot; data-toggle=&quot;modal&quot;&gt;
                           &lt;/span&gt;
                           &lt;h5&gt;
                              More Info
                           &lt;/h5&gt;
                           &lt;p class=&quot;text-preserve-space height-fixed-md&quot;&gt;
                              &lt;i class=&quot;text-muted&quot;&gt;
                                 Not Specified
                              &lt;/i&gt;
                           &lt;/p&gt;
                        &lt;/div&gt;
                     &lt;/div&gt;
                  &lt;/div&gt;
               &lt;/div&gt;
            &lt;/div&gt;
         &lt;/div&gt;
         &lt;div class=&quot;row&quot;&gt;
            &lt;div class=&quot;col-md-12&quot;&gt;
               &lt;div class=&quot;panel panel-info&quot;&gt;
                  &lt;div class=&quot;panel-heading&quot; id=&quot;studentComments&quot;&gt;
                     Comments for student1 In Course1
                  &lt;/div&gt;
                  &lt;div class=&quot;panel-body&quot;&gt;
                     Your comments on this student:
                     &lt;button class=&quot;btn btn-default btn-xs icon-button pull-right&quot; data-original-title=&quot;Add comment&quot; data-placement=&quot;top&quot; data-toggle=&quot;tooltip&quot; id=&quot;button_add_comment&quot; onclick=&quot;showAddCommentBox();&quot; title=&quot;&quot; type=&quot;button&quot;&gt;
                        &lt;span class=&quot;glyphicon glyphicon-comment glyphicon-primary&quot;&gt;
                        &lt;/span&gt;
                     &lt;/button&gt;
                     &lt;ul class=&quot;list-group&quot; style=&quot;margin-top:15px;&quot;&gt;
                        &lt;li class=&quot;list-group-item list-group-item-warning&quot;&gt;
                           You don&#039;t have any comments on this student.
                        &lt;/li&gt;
                        &lt;li class=&quot;list-group-item list-group-item-warning&quot; id=&quot;comment_box&quot; style=&quot;display:none;&quot;&gt;
                           &lt;form action=&quot;/page/instructorStudentCommentAdd&quot; class=&quot;form_comment&quot; method=&quot;post&quot; name=&quot;form_commentadd&quot;&gt;
                              &lt;div class=&quot;form-group form-inline&quot;&gt;
                                 &lt;div class=&quot;form-group text-muted&quot;&gt;
                                    The default visibility for your comment is private. You may change it using the visibility options.
                                 &lt;/div&gt;
                                 &lt;a class=&quot;btn btn-sm btn-info pull-right&quot; id=&quot;visibility-options-trigger-1&quot;&gt;
                                    &lt;span class=&quot;glyphicon glyphicon-eye-close&quot;&gt;
                                    &lt;/span&gt;
                                    Show Visibility Options
                                 &lt;/a&gt;
                              &lt;/div&gt;
                              &lt;div class=&quot;panel panel-default&quot; id=&quot;visibility-options-1&quot; style=&quot;display: none;&quot;&gt;
                                 &lt;div class=&quot;panel-heading&quot;&gt;
                                    Visibility Options
                                 &lt;/div&gt;
                                 &lt;table class=&quot;table text-center&quot; style=&quot;color:#000;&quot;&gt;
                                    &lt;tbody&gt;
                                       &lt;tr&gt;
                                          &lt;th class=&quot;text-center&quot;&gt;
                                             User/Group
                                          &lt;/th&gt;
                                          &lt;th class=&quot;text-center&quot;&gt;
                                             Can see
                                                        your comment
                                          &lt;/th&gt;
                                          &lt;th class=&quot;text-center&quot;&gt;
                                             Can see
                                                        giver&#039;s name
                                          &lt;/th&gt;
                                          &lt;th class=&quot;text-center&quot;&gt;
                                             Can see
                                                        recipient&#039;s name
                                          &lt;/th&gt;
                                       &lt;/tr&gt;
                                       &lt;tr id=&quot;recipient-person-1&quot;&gt;
                                          &lt;td class=&quot;text-left&quot;&gt;
                                             &lt;div data-original-title=&quot;Control what comment recipient(s) can view&quot; data-placement=&quot;top&quot; data-toggle=&quot;tooltip&quot; title=&quot;&quot;&gt;
                                                Recipient(s)
                                             &lt;/div&gt;
                                          &lt;/td&gt;
                                          &lt;td&gt;
                                             &lt;input class=&quot;visibilityCheckbox answerCheckbox centered&quot; name=&quot;receiverLeaderCheckbox&quot; type=&quot;checkbox&quot; value=&quot;PERSON&quot;/&gt;
                                                                                       &lt;/td&gt;
                                          &lt;td&gt;
                                             &lt;input class=&quot;visibilityCheckbox giverCheckbox&quot; type=&quot;checkbox&quot; value=&quot;PERSON&quot;/&gt;
                                                                                       &lt;/td&gt;
                                          &lt;td&gt;
                                             &lt;input class=&quot;visibilityCheckbox recipientCheckbox&quot; disabled=&quot;disabled&quot; name=&quot;receiverFollowerCheckbox&quot; type=&quot;checkbox&quot; value=&quot;PERSON&quot;/&gt;
                                                                                       &lt;/td&gt;
                                       &lt;/tr&gt;
                                       &lt;tr id=&quot;recipient-team-1&quot;&gt;
                                          &lt;td class=&quot;text-left&quot;&gt;
                                             &lt;div data-original-title=&quot;Control what team members of comment recipients can view&quot; data-placement=&quot;top&quot; data-toggle=&quot;tooltip&quot; title=&quot;&quot;&gt;
                                                Recipient&#039;s Team
                                             &lt;/div&gt;
                                          &lt;/td&gt;
                                          &lt;td&gt;
                                             &lt;input class=&quot;visibilityCheckbox answerCheckbox&quot; type=&quot;checkbox&quot; value=&quot;TEAM&quot;/&gt;
                                                                                       &lt;/td&gt;
                                          &lt;td&gt;
                                             &lt;input class=&quot;visibilityCheckbox giverCheckbox&quot; type=&quot;checkbox&quot; value=&quot;TEAM&quot;/&gt;
                                                                                       &lt;/td&gt;
                                          &lt;td&gt;
                                             &lt;input class=&quot;visibilityCheckbox recipientCheckbox&quot; type=&quot;checkbox&quot; value=&quot;TEAM&quot;/&gt;
                                                                                       &lt;/td&gt;
                                       &lt;/tr&gt;
                                       &lt;tr id=&quot;recipient-course-1&quot;&gt;
                                          &lt;td class=&quot;text-left&quot;&gt;
                                             &lt;div data-original-title=&quot;Control what other students in this course can view&quot; data-placement=&quot;top&quot; data-toggle=&quot;tooltip&quot; title=&quot;&quot;&gt;
                                                Other students in this course
                                             &lt;/div&gt;
                                          &lt;/td&gt;
                                          &lt;td&gt;
                                             &lt;input class=&quot;visibilityCheckbox answerCheckbox&quot; type=&quot;checkbox&quot; value=&quot;COURSE&quot;/&gt;
                                                                                       &lt;/td&gt;
                                          &lt;td&gt;
                                             &lt;input class=&quot;visibilityCheckbox giverCheckbox&quot; type=&quot;checkbox&quot; value=&quot;COURSE&quot;/&gt;
                                                                                       &lt;/td&gt;
                                          &lt;td&gt;
                                             &lt;input class=&quot;visibilityCheckbox recipientCheckbox&quot; type=&quot;checkbox&quot; value=&quot;COURSE&quot;/&gt;
                                                                                       &lt;/td&gt;
                                       &lt;/tr&gt;
                                       &lt;tr&gt;
                                          &lt;td class=&quot;text-left&quot;&gt;
                                             &lt;div data-original-title=&quot;Control what instructors can view&quot; data-placement=&quot;top&quot; data-toggle=&quot;tooltip&quot; title=&quot;&quot;&gt;
                                                Instructors
                                             &lt;/div&gt;
                                          &lt;/td&gt;
                                          &lt;td&gt;
                                             &lt;input class=&quot;visibilityCheckbox answerCheckbox&quot; type=&quot;checkbox&quot; value=&quot;INSTRUCTOR&quot;/&gt;
                                                                                       &lt;/td&gt;
                                          &lt;td&gt;
                                             &lt;input class=&quot;visibilityCheckbox giverCheckbox&quot; type=&quot;checkbox&quot; value=&quot;INSTRUCTOR&quot;/&gt;
                                                                                       &lt;/td&gt;
                                          &lt;td&gt;
                                             &lt;input class=&quot;visibilityCheckbox recipientCheckbox&quot; type=&quot;checkbox&quot; value=&quot;INSTRUCTOR&quot;/&gt;
                                                                                       &lt;/td&gt;
                                       &lt;/tr&gt;
                                    &lt;/tbody&gt;
                                 &lt;/table&gt;
                              &lt;/div&gt;
                              &lt;div class=&quot;form-group&quot;&gt;
                                 &lt;textarea class=&quot;form-control&quot; id=&quot;commentText&quot; name=&quot;commenttext&quot; placeholder=&quot;Your comment about this student&quot; rows=&quot;3&quot;&gt;
                                 &lt;/textarea&gt;
                              &lt;/div&gt;
                              &lt;div class=&quot;col-sm-offset-5&quot;&gt;
                                 &lt;input class=&quot;btn btn-primary&quot; id=&quot;button_save_comment&quot; type=&quot;submit&quot; value=&quot;Save&quot;/&gt;
                                                                  &lt;input class=&quot;btn btn-default&quot; onclick=&quot;hideAddCommentBox();&quot; type=&quot;button&quot; value=&quot;Cancel&quot;/&gt;
                                                                  &lt;input name=&quot;courseid&quot; type=&quot;hidden&quot; value=&quot;FSQTT.idOfTypicalCourse1&quot;/&gt;
                                                                  &lt;input name=&quot;studentemail&quot; type=&quot;hidden&quot; value=&quot;student1InCourse1@gmail.tmt&quot;/&gt;
                                                                  &lt;input name=&quot;user&quot; type=&quot;hidden&quot; value=&quot;FSQTT.idOfInstructor1OfCourse1&quot;/&gt;
                                                                  &lt;input name=&quot;recipienttype&quot; type=&quot;hidden&quot; value=&quot;PERSON&quot;/&gt;
                                                                  &lt;input name=&quot;recipients&quot; type=&quot;hidden&quot; value=&quot;student1InCourse1@gmail.tmt&quot;/&gt;
                                                                  &lt;input name=&quot;showcommentsto&quot; type=&quot;hidden&quot; value=&quot;&quot;/&gt;
                                                                  &lt;input name=&quot;showgiverto&quot; type=&quot;hidden&quot; value=&quot;&quot;/&gt;
                                                                  &lt;input name=&quot;showrecipientto&quot; type=&quot;hidden&quot; value=&quot;&quot;/&gt;
                                                                  &lt;input name=&quot;user&quot; type=&quot;hidden&quot; value=&quot;FSQTT.idOfInstructor1OfCourse1&quot;/&gt;
                                                               &lt;/div&gt;
                           &lt;/form&gt;
                        &lt;/li&gt;
                     &lt;/ul&gt;
                  &lt;/div&gt;
               &lt;/div&gt;
               &lt;br/&gt;
                              &lt;div class=&quot;well well-plain student_feedback&quot; id=&quot;studentFeedback-0&quot;&gt;
                  &lt;div class=&quot;text-primary&quot;&gt;
                     &lt;h2 id=&quot;feedback_name-0&quot;&gt;
                        &lt;strong&gt;
                           Feedback Session Name: CONSTSUM Session
                        &lt;/strong&gt;
                     &lt;/h2&gt;
                  &lt;/div&gt;
                  &lt;br/&gt;
                                    &lt;div class=&quot;panel panel-info&quot;&gt;
                     &lt;div class=&quot;panel-body&quot;&gt;
                        No feedback for student1 In Course1 found
                     &lt;/div&gt;
                  &lt;/div&gt;
                  &lt;div class=&quot;panel panel-info&quot;&gt;
                     &lt;div class=&quot;panel-body&quot;&gt;
                        No feedback by student1 In Course1 found
                     &lt;/div&gt;
                  &lt;/div&gt;
               &lt;/div&gt;
               &lt;br/&gt;
                              &lt;div class=&quot;well well-plain student_feedback&quot; id=&quot;studentFeedback-1&quot;&gt;
                  &lt;div class=&quot;text-primary&quot;&gt;
                     &lt;h2 id=&quot;feedback_name-1&quot;&gt;
                        &lt;strong&gt;
                           Feedback Session Name: CONTRIB Session
                        &lt;/strong&gt;
                     &lt;/h2&gt;
                  &lt;/div&gt;
                  &lt;br/&gt;
                                    &lt;div class=&quot;panel panel-info&quot;&gt;
                     &lt;div class=&quot;panel-body&quot;&gt;
                        No feedback for student1 In Course1 found
                     &lt;/div&gt;
                  &lt;/div&gt;
                  &lt;div class=&quot;panel panel-info&quot;&gt;
                     &lt;div class=&quot;panel-body&quot;&gt;
                        No feedback by student1 In Course1 found
                     &lt;/div&gt;
                  &lt;/div&gt;
               &lt;/div&gt;
               &lt;br/&gt;
                              &lt;div class=&quot;well well-plain student_feedback&quot; id=&quot;studentFeedback-2&quot;&gt;
                  &lt;div class=&quot;text-primary&quot;&gt;
                     &lt;h2 id=&quot;feedback_name-2&quot;&gt;
                        &lt;strong&gt;
                           Feedback Session Name: MCQ Session
                        &lt;/strong&gt;
                     &lt;/h2&gt;
                  &lt;/div&gt;
                  &lt;br/&gt;
                                    &lt;div class=&quot;panel panel-info&quot;&gt;
                     &lt;div class=&quot;panel-body&quot;&gt;
                        No feedback for student1 In Course1 found
                     &lt;/div&gt;
                  &lt;/div&gt;
                  &lt;div class=&quot;panel panel-info&quot;&gt;
                     &lt;div class=&quot;panel-body&quot;&gt;
                        No feedback by student1 In Course1 found
                     &lt;/div&gt;
                  &lt;/div&gt;
               &lt;/div&gt;
               &lt;br/&gt;
                              &lt;div class=&quot;well well-plain student_feedback&quot; id=&quot;studentFeedback-3&quot;&gt;
                  &lt;div class=&quot;text-primary&quot;&gt;
                     &lt;h2 id=&quot;feedback_name-3&quot;&gt;
                        &lt;strong&gt;
                           Feedback Session Name: MSQ Session
                        &lt;/strong&gt;
                     &lt;/h2&gt;
                  &lt;/div&gt;
                  &lt;br/&gt;
                                    &lt;div class=&quot;panel panel-info&quot;&gt;
                     &lt;div class=&quot;panel-body&quot;&gt;
                        No feedback for student1 In Course1 found
                     &lt;/div&gt;
                  &lt;/div&gt;
                  &lt;div class=&quot;panel panel-info&quot;&gt;
                     &lt;div class=&quot;panel-body&quot;&gt;
                        No feedback by student1 In Course1 found
                     &lt;/div&gt;
                  &lt;/div&gt;
               &lt;/div&gt;
               &lt;br/&gt;
                              &lt;div class=&quot;well well-plain student_feedback&quot; id=&quot;studentFeedback-4&quot;&gt;
                  &lt;div class=&quot;text-primary&quot;&gt;
                     &lt;h2 id=&quot;feedback_name-4&quot;&gt;
                        &lt;strong&gt;
                           Feedback Session Name: NUMSCALE Session
                        &lt;/strong&gt;
                     &lt;/h2&gt;
                  &lt;/div&gt;
                  &lt;br/&gt;
                                    &lt;div class=&quot;panel panel-info&quot;&gt;
                     &lt;div class=&quot;panel-body&quot;&gt;
                        No feedback for student1 In Course1 found
                     &lt;/div&gt;
                  &lt;/div&gt;
                  &lt;div class=&quot;panel panel-info&quot;&gt;
                     &lt;div class=&quot;panel-body&quot;&gt;
                        No feedback by student1 In Course1 found
                     &lt;/div&gt;
                  &lt;/div&gt;
               &lt;/div&gt;
               &lt;br/&gt;
                           &lt;/div&gt;
         &lt;/div&gt;
      &lt;/div&gt;
   &lt;/div&gt;

&lt;/actual]&gt;&gt;">
      <![CDATA[org.junit.ComparisonFailure: expected:<<[expected>
   <div class="container" id="frameBodyWrapper">
      <div id="topOfPage">
      </div>
      <h2>
         student1 In Course1's Records
         <small class="muted">
            - FSQTT.idOfTypicalCourse1
         </small>
      </h2>
      <br/>
            <div id="statusMessage" style="display: none;">
      </div>
      <div aria-hidden="true" aria-labelledby="myModalLabel" class="modal fade" id="studentProfileMoreInfo" role="dialog">
         <div class="modal-dialog modal-lg">
            <div class="modal-content">
               <div class="modal-header">
                  <button aria-hidden="true" class="close" data-dismiss="modal" type="button">
                     Ã—
                  </button>
                  <h4 class="modal-title">
                     student1 In Course1's Profile - More Info
                  </h4>
               </div>
               <div class="modal-body">
                  <br/>
                                    <p class="text-preserve-space height-fixed-md">
                     <i class="text-muted">
                        Not Specified
                     </i>
                  </p>
               </div>
               <div class="modal-footer">
                  <button class="btn btn-primary" data-dismiss="modal" type="button">
                     Close
                  </button>
               </div>
            </div>
         </div>
      </div>
      <div class="container-fluid">
         <div class="row">
            <div class="col-xs-12">
               <div class="row" id="studentProfile">
                  <div class="col-md-2 col-xs-3 block-center">
                     <img class="profile-pic pull-right" src="/images/profile_picture_default.png"/>
                                       </div>
                  <div class="col-md-10 col-sm-9 col-xs-8">
                     <table class="table table-striped">
                        <thead>
                           <tr>
                              <th colspan="2">
                                 Profile
                              </th>
                           </tr>
                        </thead>
                        <tbody>
                           <tr>
                              <td class="text-bold">
                                 Short Name (Gender)
                              </td>
                              <td>
                                 <i class="text-muted">
                                    Not Specified
                                 </i>
                                 (
                                 <i>
                                    <span class="text-muted">
                                       Not Specified
                                    </span>
                                 </i>
                                 )
                              </td>
                           </tr>
                           <tr>
                              <td class="text-bold">
                                 Email
                              </td>
                              <td>
                                 <i class="text-muted">
                                    Not Specified
                                 </i>
                              </td>
                           </tr>
                           <tr>
                              <td class="text-bold">
                                 Institution
                              </td>
                              <td>
                                 <i class="text-muted">
                                    Not Specified
                                 </i>
                              </td>
                           </tr>
                           <tr>
                              <td class="text-bold">
                                 Nationality
                              </td>
                              <td>
                                 <i class="text-muted">
                                    Not Specified
                                 </i>
                              </td>
                           </tr>
                        </tbody>
                     </table>
                  </div>
               </div>
               <div class="row">
                  <div class="col-xs-12">
                     <div class="panel panel-default">
                        <div class="panel-body">
                           <span class="text-muted pull-right glyphicon glyphicon-resize-full cursor-pointer" data-target="#studentProfileMoreInfo" data-toggle="modal">
                           </span>
                           <h5>
                              More Info
                           </h5>
                           <p class="text-preserve-space height-fixed-md">
                              <i class="text-muted">
                                 Not Specified
                              </i>
                           </p>
                        </div>
                     </div>
                  </div>
               </div>
            </div>
         </div>
         <div class="row">
            <div class="col-md-12">
               <div class="panel panel-info">
                  <div class="panel-heading" id="studentComments">
                     Comments for student1 In Course1
                  </div>
                  <div class="panel-body">
                     Your comments on this student:
                     <button class="btn btn-default btn-xs icon-button pull-right" data-original-title="Add comment" data-placement="top" data-toggle="tooltip" id="button_add_comment" onclick="showAddCommentBox();" title="" type="button">
                        <span class="glyphicon glyphicon-comment glyphicon-primary">
                        </span>
                     </button>
                     <ul class="list-group" style="margin-top:15px;">
                        <li class="list-group-item list-group-item-warning">
                           You don't have any comments on this student.
                        </li>
                        <li class="list-group-item list-group-item-warning" id="comment_box" style="display:none;">
                           <form action="/page/instructorStudentCommentAdd" class="form_comment" method="post" name="form_commentadd">
                              <div class="form-group form-inline">
                                 <div class="form-group text-muted">
                                    The default visibility for your comment is private. You may change it using the visibility options.
                                 </div>
                                 <a class="btn btn-sm btn-info pull-right" id="visibility-options-trigger-1">
                                    <span class="glyphicon glyphicon-eye-close">
                                    </span>
                                    Show Visibility Options
                                 </a>
                              </div>
                              <div class="panel panel-default" id="visibility-options-1" style="display: none;">
                                 <div class="panel-heading">
                                    Visibility Options
                                 </div>
                                 <table class="table text-center" style="color:#000;">
                                    <tbody>
                                       <tr>
                                          <th class="text-center">
                                             User/Group
                                          </th>
                                          <th class="text-center">
                                             Can see
                                                        your comment
                                          </th>
                                          <th class="text-center">
                                             Can see
                                                        giver's name
                                          </th>
                                          <th class="text-center">
                                             Can see
                                                        recipient's name
                                          </th>
                                       </tr>
                                       <tr id="recipient-person-1">
                                          <td class="text-left">
                                             <div data-original-title="Control what comment recipient(s) can view" data-placement="top" data-toggle="tooltip" title="">
                                                Recipient(s)
                                             </div>
                                          </td>
                                          <td>
                                             <input class="visibilityCheckbox answerCheckbox centered" name="receiverLeaderCheckbox" type="checkbox" value="PERSON"/>
                                                                                       </td>
                                          <td>
                                             <input class="visibilityCheckbox giverCheckbox" type="checkbox" value="PERSON"/>
                                                                                       </td>
                                          <td>
                                             <input class="visibilityCheckbox recipientCheckbox" disabled="disabled" name="receiverFollowerCheckbox" type="checkbox" value="PERSON"/>
                                                                                       </td>
                                       </tr>
                                       <tr id="recipient-team-1">
                                          <td class="text-left">
                                             <div data-original-title="Control what team members of comment recipients can view" data-placement="top" data-toggle="tooltip" title="">
                                                Recipient's Team
                                             </div>
                                          </td>
                                          <td>
                                             <input class="visibilityCheckbox answerCheckbox" type="checkbox" value="TEAM"/>
                                                                                       </td>
                                          <td>
                                             <input class="visibilityCheckbox giverCheckbox" type="checkbox" value="TEAM"/>
                                                                                       </td>
                                          <td>
                                             <input class="visibilityCheckbox recipientCheckbox" type="checkbox" value="TEAM"/>
                                                                                       </td>
                                       </tr>
                                       <tr id="recipient-course-1">
                                          <td class="text-left">
                                             <div data-original-title="Control what other students in this course can view" data-placement="top" data-toggle="tooltip" title="">
                                                Other students in this course
                                             </div>
                                          </td>
                                          <td>
                                             <input class="visibilityCheckbox answerCheckbox" type="checkbox" value="COURSE"/>
                                                                                       </td>
                                          <td>
                                             <input class="visibilityCheckbox giverCheckbox" type="checkbox" value="COURSE"/>
                                                                                       </td>
                                          <td>
                                             <input class="visibilityCheckbox recipientCheckbox" type="checkbox" value="COURSE"/>
                                                                                       </td>
                                       </tr>
                                       <tr>
                                          <td class="text-left">
                                             <div data-original-title="Control what instructors can view" data-placement="top" data-toggle="tooltip" title="">
                                                Instructors
                                             </div>
                                          </td>
                                          <td>
                                             <input class="visibilityCheckbox answerCheckbox" type="checkbox" value="INSTRUCTOR"/>
                                                                                       </td>
                                          <td>
                                             <input class="visibilityCheckbox giverCheckbox" type="checkbox" value="INSTRUCTOR"/>
                                                                                       </td>
                                          <td>
                                             <input class="visibilityCheckbox recipientCheckbox" type="checkbox" value="INSTRUCTOR"/>
                                                                                       </td>
                                       </tr>
                                    </tbody>
                                 </table>
                              </div>
                              <div class="form-group">
                                 <textarea class="form-control" id="commentText" name="commenttext" placeholder="Your comment about this student" rows="3">
                                 </textarea>
                              </div>
                              <div class="col-sm-offset-5">
                                 <input class="btn btn-primary" id="button_save_comment" type="submit" value="Save"/>
                                                                  <input class="btn btn-default" onclick="hideAddCommentBox();" type="button" value="Cancel"/>
                                                                  <input name="courseid" type="hidden" value="FSQTT.idOfTypicalCourse1"/>
                                                                  <input name="studentemail" type="hidden" value="student1InCourse1@gmail.tmt"/>
                                                                  <input name="user" type="hidden" value="FSQTT.idOfInstructor1OfCourse1"/>
                                                                  <input name="recipienttype" type="hidden" value="PERSON"/>
                                                                  <input name="recipients" type="hidden" value="student1InCourse1@gmail.tmt"/>
                                                                  <input name="showcommentsto" type="hidden" value=""/>
                                                                  <input name="showgiverto" type="hidden" value=""/>
                                                                  <input name="showrecipientto" type="hidden" value=""/>
                                                                  <input name="user" type="hidden" value="FSQTT.idOfInstructor1OfCourse1"/>
                                                               </div>
                           </form>
                        </li>
                     </ul>
                  </div>
               </div>
               <br/>
                              <div class="well well-plain student_feedback" id="studentFeedback-0">
                  <div class="text-primary">
                     <h2 id="feedback_name-0">
                        <strong>
                           Feedback Session Name: CONSTSUM Session
                        </strong>
                     </h2>
                  </div>
                  <br/>
                                    <div class="panel panel-primary">
                     <div class="panel-heading">
                        To:
                        <strong>
                           student1 In Course1 (Team 1.1)
                        </strong>
                     </div>
                     <div class="panel-body">
                        <div class="row ">
                           <div class="col-md-2">
                              <strong>
                                 From: student1 In Course1 (Team 1.1)
                              </strong>
                           </div>
                           <div class="col-md-10">
                              <div class="panel panel-info">
                                 <div class="panel-heading">
                                    Question 1: How important are the following factors to you? Give points accordingly.Â 
                                    <span style=" white-space: normal;">
                                       <a class="color_gray" data-less="[less]" data-more="[more]" href="javascript:;" id="questionAdditionalInfoButton-1-giver-1-session-0" onclick="toggleAdditionalQuestionInfo('1-giver-1-session-0')">
                                          [more]
                                       </a>
                                       <br/>
                                                                              <span id="questionAdditionalInfo-1-giver-1-session-0" style="display:none;">
                                          Distribute points (among options) question options:
                                          <ul style="list-style-type: disc;margin-left: 20px;">
                                             <li>
                                                Grades
                                             </li>
                                             <li>
                                                Fun
                                             </li>
                                          </ul>
                                          Total points: 100
                                       </span>
                                    </span>
                                 </div>
                                 <div class="panel-body">
                                    <ul>
                                       <li>
                                          Grades: 20
                                       </li>
                                       <li>
                                          Fun: 80
                                       </li>
                                    </ul>
                                 </div>
                              </div>
                           </div>
                        </div>
                        <br/>
                                             </div>
                  </div>
                  <div class="panel panel-primary">
                     <div class="panel-heading">
                        From:
                        <strong>
                           student1 In Course1 (Team 1.1)
                        </strong>
                     </div>
                     <div class="panel-body">
                        <div class="row ">
                           <div class="col-md-2">
                              <strong>
                                 To: student1 In Course1 (Team 1.1)
                              </strong>
                           </div>
                           <div class="col-md-10">
                              <div class="panel panel-info">
                                 <div class="panel-heading">
                                    Question 1: How important are the following factors to you? Give points accordingly.Â 
                                    <span style=" white-space: normal;">
                                       <a class="color_gray" data-less="[less]" data-more="[more]" href="javascript:;" id="questionAdditionalInfoButton-1-recipient-1-session-0" onclick="toggleAdditionalQuestionInfo('1-recipient-1-session-0')">
                                          [more]
                                       </a>
                                       <br/>
                                                                              <span id="questionAdditionalInfo-1-recipient-1-session-0" style="display:none;">
                                          Distribute points (among options) question options:
                                          <ul style="list-style-type: disc;margin-left: 20px;">
                                             <li>
                                                Grades
                                             </li>
                                             <li>
                                                Fun
                                             </li>
                                          </ul>
                                          Total points: 100
                                       </span>
                                    </span>
                                 </div>
                                 <div class="panel-body">
                                    <ul>
                                       <li>
                                          Grades: 20
                                       </li>
                                       <li>
                                          Fun: 80
                                       </li>
                                    </ul>
                                 </div>
                              </div>
                           </div>
                        </div>
                        <br/>
                                             </div>
                  </div>
               </div>
               <br/>
                              <div class="well well-plain student_feedback" id="studentFeedback-1">
                  <div class="text-primary">
                     <h2 id="feedback_name-1">
                        <strong>
                           Feedback Session Name: CONTRIB Session
                        </strong>
                     </h2>
                  </div>
                  <br/>
                                    <div class="panel panel-primary">
                     <div class="panel-heading">
                        To:
                        <strong>
                           student1 In Course1 (Team 1.1)
                        </strong>
                     </div>
                     <div class="panel-body">
                        <div class="row ">
                           <div class="col-md-2">
                              <strong>
                                 From: student1 In Course1 (Team 1.1)
                              </strong>
                           </div>
                           <div class="col-md-10">
                              <div class="panel panel-info">
                                 <div class="panel-heading">
                                    Question 1: How much has each team member including yourself, contributed to the project?Â 
                                    <span style=" white-space: normal;">
                                       <a class="color_gray" data-less="[less]" data-more="[more]" href="javascript:;" id="questionAdditionalInfoButton-1-giver-1-session-1" onclick="toggleAdditionalQuestionInfo('1-giver-1-session-1')">
                                          [more]
                                       </a>
                                       <br/>
                                                                              <span id="questionAdditionalInfo-1-giver-1-session-1" style="display:none;">
                                          Team contribution question
                                       </span>
                                    </span>
                                 </div>
                                 <div class="panel-body">
                                    <span class="color_neutral">
                                       Equal Share
                                    </span>
                                 </div>
                              </div>
                           </div>
                        </div>
                        <br/>
                                             </div>
                  </div>
                  <div class="panel panel-primary">
                     <div class="panel-heading">
                        From:
                        <strong>
                           student1 In Course1 (Team 1.1)
                        </strong>
                     </div>
                     <div class="panel-body">
                        <div class="row ">
                           <div class="col-md-2">
                              <strong>
                                 To: student1 In Course1 (Team 1.1)
                              </strong>
                           </div>
                           <div class="col-md-10">
                              <div class="panel panel-info">
                                 <div class="panel-heading">
                                    Question 1: How much has each team member including yourself, contributed to the project?Â 
                                    <span style=" white-space: normal;">
                                       <a class="color_gray" data-less="[less]" data-more="[more]" href="javascript:;" id="questionAdditionalInfoButton-1-recipient-1-session-1" onclick="toggleAdditionalQuestionInfo('1-recipient-1-session-1')">
                                          [more]
                                       </a>
                                       <br/>
                                                                              <span id="questionAdditionalInfo-1-recipient-1-session-1" style="display:none;">
                                          Team contribution question
                                       </span>
                                    </span>
                                 </div>
                                 <div class="panel-body">
                                    <span class="color_neutral">
                                       Equal Share
                                    </span>
                                 </div>
                              </div>
                           </div>
                        </div>
                        <br/>
                                                <div class="row border-top-gray">
                           <div class="col-md-2">
                              <strong>
                                 To: student2 In Course1 (Team 1.1)
                              </strong>
                           </div>
                           <div class="col-md-10">
                              <div class="panel panel-info">
                                 <div class="panel-heading">
                                    Question 1: How much has each team member including yourself, contributed to the project?Â 
                                    <span style=" white-space: normal;">
                                       <a class="color_gray" data-less="[less]" data-more="[more]" href="javascript:;" id="questionAdditionalInfoButton-1-recipient-2-session-1" onclick="toggleAdditionalQuestionInfo('1-recipient-2-session-1')">
                                          [more]
                                       </a>
                                       <br/>
                                                                              <span id="questionAdditionalInfo-1-recipient-2-session-1" style="display:none;">
                                          Team contribution question
                                       </span>
                                    </span>
                                 </div>
                                 <div class="panel-body">
                                    <span class="color-negative">
                                       Equal Share -20%
                                    </span>
                                 </div>
                              </div>
                           </div>
                        </div>
                        <br/>
                                                <div class="row border-top-gray">
                           <div class="col-md-2">
                              <strong>
                                 To: student3 In Course1 (Team 1.1)
                              </strong>
                           </div>
                           <div class="col-md-10">
                              <div class="panel panel-info">
                                 <div class="panel-heading">
                                    Question 1: How much has each team member including yourself, contributed to the project?Â 
                                    <span style=" white-space: normal;">
                                       <a class="color_gray" data-less="[less]" data-more="[more]" href="javascript:;" id="questionAdditionalInfoButton-1-recipient-3-session-1" onclick="toggleAdditionalQuestionInfo('1-recipient-3-session-1')">
                                          [more]
                                       </a>
                                       <br/>
                                                                              <span id="questionAdditionalInfo-1-recipient-3-session-1" style="display:none;">
                                          Team contribution question
                                       </span>
                                    </span>
                                 </div>
                                 <div class="panel-body">
                                    <span class="color-positive">
                                       Equal Share +10%
                                    </span>
                                 </div>
                              </div>
                           </div>
                        </div>
                        <br/>
                                                <div class="row border-top-gray">
                           <div class="col-md-2">
                              <strong>
                                 To: student4 In Course1 (Team 1.1)
                              </strong>
                           </div>
                           <div class="col-md-10">
                              <div class="panel panel-info">
                                 <div class="panel-heading">
                                    Question 1: How much has each team member including yourself, contributed to the project?Â 
                                    <span style=" white-space: normal;">
                                       <a class="color_gray" data-less="[less]" data-more="[more]" href="javascript:;" id="questionAdditionalInfoButton-1-recipient-4-session-1" onclick="toggleAdditionalQuestionInfo('1-recipient-4-session-1')">
                                          [more]
                                       </a>
                                       <br/>
                                                                              <span id="questionAdditionalInfo-1-recipient-4-session-1" style="display:none;">
                                          Team contribution question
                                       </span>
                                    </span>
                                 </div>
                                 <div class="panel-body">
                                    <span class="color-positive">
                                       Equal Share +30%
                                    </span>
                                 </div>
                              </div>
                           </div>
                        </div>
                        <br/>
                                             </div>
                  </div>
               </div>
               <br/>
                              <div class="well well-plain student_feedback" id="studentFeedback-2">
                  <div class="text-primary">
                     <h2 id="feedback_name-2">
                        <strong>
                           Feedback Session Name: MCQ Session
                        </strong>
                     </h2>
                  </div>
                  <br/>
                                    <div class="panel panel-primary">
                     <div class="panel-heading">
                        To:
                        <strong>
                           student1 In Course1 (Team 1.1)
                        </strong>
                     </div>
                     <div class="panel-body">
                        <div class="row ">
                           <div class="col-md-2">
                              <strong>
                                 From: student1 In Course1 (Team 1.1)
                              </strong>
                           </div>
                           <div class="col-md-10">
                              <div class="panel panel-info">
                                 <div class="panel-heading">
                                    Question 1: What do you like best about our product?Â 
                                    <span style=" white-space: normal;">
                                       <a class="color_gray" data-less="[less]" data-more="[more]" href="javascript:;" id="questionAdditionalInfoButton-1-giver-1-session-2" onclick="toggleAdditionalQuestionInfo('1-giver-1-session-2')">
                                          [more]
                                       </a>
                                       <br/>
                                                                              <span id="questionAdditionalInfo-1-giver-1-session-2" style="display:none;">
                                          Multiple-choice (single answer) question options:
                                          <ul style="list-style-type: disc;margin-left: 20px;">
                                             <li>
                                                It's good
                                             </li>
                                             <li>
                                                It's perfect
                                             </li>
                                          </ul>
                                       </span>
                                    </span>
                                 </div>
                                 <div class="panel-body">
                                    It's good
                                 </div>
                              </div>
                           </div>
                        </div>
                        <br/>
                                             </div>
                  </div>
                  <div class="panel panel-primary">
                     <div class="panel-heading">
                        From:
                        <strong>
                           student1 In Course1 (Team 1.1)
                        </strong>
                     </div>
                     <div class="panel-body">
                        <div class="row ">
                           <div class="col-md-2">
                              <strong>
                                 To: student1 In Course1 (Team 1.1)
                              </strong>
                           </div>
                           <div class="col-md-10">
                              <div class="panel panel-info">
                                 <div class="panel-heading">
                                    Question 1: What do you like best about our product?Â 
                                    <span style=" white-space: normal;">
                                       <a class="color_gray" data-less="[less]" data-more="[more]" href="javascript:;" id="questionAdditionalInfoButton-1-recipient-1-session-2" onclick="toggleAdditionalQuestionInfo('1-recipient-1-session-2')">
                                          [more]
                                       </a>
                                       <br/>
                                                                              <span id="questionAdditionalInfo-1-recipient-1-session-2" style="display:none;">
                                          Multiple-choice (single answer) question options:
                                          <ul style="list-style-type: disc;margin-left: 20px;">
                                             <li>
                                                It's good
                                             </li>
                                             <li>
                                                It's perfect
                                             </li>
                                          </ul>
                                       </span>
                                    </span>
                                 </div>
                                 <div class="panel-body">
                                    It's good
                                 </div>
                              </div>
                           </div>
                        </div>
                        <br/>
                                             </div>
                  </div>
               </div>
               <br/>
                              <div class="well well-plain student_feedback" id="studentFeedback-3">
                  <div class="text-primary">
                     <h2 id="feedback_name-3">
                        <strong>
                           Feedback Session Name: MSQ Session
                        </strong>
                     </h2>
                  </div>
                  <br/>
                                    <div class="panel panel-primary">
                     <div class="panel-heading">
                        To:
                        <strong>
                           student1 In Course1 (Team 1.1)
                        </strong>
                     </div>
                     <div class="panel-body">
                        <div class="row ">
                           <div class="col-md-2">
                              <strong>
                                 From: student1 In Course1 (Team 1.1)
                              </strong>
                           </div>
                           <div class="col-md-10">
                              <div class="panel panel-info">
                                 <div class="panel-heading">
                                    Question 1: What do you like best about our product?Â 
                                    <span style=" white-space: normal;">
                                       <a class="color_gray" data-less="[less]" data-more="[more]" href="javascript:;" id="questionAdditionalInfoButton-1-giver-1-session-3" onclick="toggleAdditionalQuestionInfo('1-giver-1-session-3')">
                                          [more]
                                       </a>
                                       <br/>
                                                                              <span id="questionAdditionalInfo-1-giver-1-session-3" style="display:none;">
                                          Multiple-choice (multiple answers) question options:
                                          <ul style="list-style-type: disc;margin-left: 20px;">
                                             <li>
                                                It's good
                                             </li>
                                             <li>
                                                It's perfect
                                             </li>
                                          </ul>
                                       </span>
                                    </span>
                                 </div>
                                 <div class="panel-body">
                                    <ul class="selectedOptionsList">
                                       <li>
                                          It's good
                                       </li>
                                       <li>
                                          It's perfect
                                       </li>
                                    </ul>
                                 </div>
                              </div>
                           </div>
                        </div>
                        <br/>
                                             </div>
                  </div>
                  <div class="panel panel-primary">
                     <div class="panel-heading">
                        From:
                        <strong>
                           student1 In Course1 (Team 1.1)
                        </strong>
                     </div>
                     <div class="panel-body">
                        <div class="row ">
                           <div class="col-md-2">
                              <strong>
                                 To: student1 In Course1 (Team 1.1)
                              </strong>
                           </div>
                           <div class="col-md-10">
                              <div class="panel panel-info">
                                 <div class="panel-heading">
                                    Question 1: What do you like best about our product?Â 
                                    <span style=" white-space: normal;">
                                       <a class="color_gray" data-less="[less]" data-more="[more]" href="javascript:;" id="questionAdditionalInfoButton-1-recipient-1-session-3" onclick="toggleAdditionalQuestionInfo('1-recipient-1-session-3')">
                                          [more]
                                       </a>
                                       <br/>
                                                                              <span id="questionAdditionalInfo-1-recipient-1-session-3" style="display:none;">
                                          Multiple-choice (multiple answers) question options:
                                          <ul style="list-style-type: disc;margin-left: 20px;">
                                             <li>
                                                It's good
                                             </li>
                                             <li>
                                                It's perfect
                                             </li>
                                          </ul>
                                       </span>
                                    </span>
                                 </div>
                                 <div class="panel-body">
                                    <ul class="selectedOptionsList">
                                       <li>
                                          It's good
                                       </li>
                                       <li>
                                          It's perfect
                                       </li>
                                    </ul>
                                 </div>
                              </div>
                           </div>
                        </div>
                        <br/>
                                             </div>
                  </div>
               </div>
               <br/>
                              <div class="well well-plain student_feedback" id="studentFeedback-4">
                  <div class="text-primary">
                     <h2 id="feedback_name-4">
                        <strong>
                           Feedback Session Name: NUMSCALE Session
                        </strong>
                     </h2>
                  </div>
                  <br/>
                                    <div class="panel panel-primary">
                     <div class="panel-heading">
                        To:
                        <strong>
                           student1 In Course1 (Team 1.1)
                        </strong>
                     </div>
                     <div class="panel-body">
                        <div class="row ">
                           <div class="col-md-2">
                              <strong>
                                 From: student1 In Course1 (Team 1.1)
                              </strong>
                           </div>
                           <div class="col-md-10">
                              <div class="panel panel-info">
                                 <div class="panel-heading">
                                    Question 1: Rate our product.Â 
                                    <span style=" white-space: normal;">
                                       <a class="color_gray" data-less="[less]" data-more="[more]" href="javascript:;" id="questionAdditionalInfoButton-1-giver-1-session-4" onclick="toggleAdditionalQuestionInfo('1-giver-1-session-4')">
                                          [more]
                                       </a>
                                       <br/>
                                                                              <span id="questionAdditionalInfo-1-giver-1-session-4" style="display:none;">
                                          Numerical-scale question:
                                          <br/>
                                                                                    Minimum value: 1. Increment: 0.5. Maximum value: 5.
                                       </span>
                                    </span>
                                 </div>
                                 <div class="panel-body">
                                    3.5
                                 </div>
                              </div>
                           </div>
                        </div>
                        <br/>
                                             </div>
                  </div>
                  <div class="panel panel-primary">
                     <div class="panel-heading">
                        From:
                        <strong>
                           student1 In Course1 (Team 1.1)
                        </strong>
                     </div>
                     <div class="panel-body">
                        <div class="row ">
                           <div class="col-md-2">
                              <strong>
                                 To: student1 In Course1 (Team 1.1)
                              </strong>
                           </div>
                           <div class="col-md-10">
                              <div class="panel panel-info">
                                 <div class="panel-heading">
                                    Question 1: Rate our product.Â 
                                    <span style=" white-space: normal;">
                                       <a class="color_gray" data-less="[less]" data-more="[more]" href="javascript:;" id="questionAdditionalInfoButton-1-recipient-1-session-4" onclick="toggleAdditionalQuestionInfo('1-recipient-1-session-4')">
                                          [more]
                                       </a>
                                       <br/>
                                                                              <span id="questionAdditionalInfo-1-recipient-1-session-4" style="display:none;">
                                          Numerical-scale question:
                                          <br/>
                                                                                    Minimum value: 1. Increment: 0.5. Maximum value: 5.
                                       </span>
                                    </span>
                                 </div>
                                 <div class="panel-body">
                                    3.5
                                 </div>
                              </div>
                           </div>
                        </div>
                        <br/>
                                             </div>
                  </div>
               </div>
               <br/>
                           </div>
         </div>
      </div>
   </div>

</expected]>> but was:<<[actual>
   <div class="container" id="frameBodyWrapper">
      <div id="topOfPage">
      </div>
      <h2>
         student1 In Course1's Records
         <small class="muted">
            - FSQTT.idOfTypicalCourse1
         </small>
      </h2>
      <br/>
            <div id="statusMessage" style="display: none;">
      </div>
      <div aria-hidden="true" aria-labelledby="myModalLabel" class="modal fade" id="studentProfileMoreInfo" role="dialog">
         <div class="modal-dialog modal-lg">
            <div class="modal-content">
               <div class="modal-header">
                  <button aria-hidden="true" class="close" data-dismiss="modal" type="button">
                     Ã—
                  </button>
                  <h4 class="modal-title">
                     student1 In Course1's Profile - More Info
                  </h4>
               </div>
               <div class="modal-body">
                  <br/>
                                    <p class="text-preserve-space height-fixed-md">
                     <i class="text-muted">
                        Not Specified
                     </i>
                  </p>
               </div>
               <div class="modal-footer">
                  <button class="btn btn-primary" data-dismiss="modal" type="button">
                     Close
                  </button>
               </div>
            </div>
         </div>
      </div>
      <div class="container-fluid">
         <div class="row">
            <div class="col-xs-12">
               <div class="row" id="studentProfile">
                  <div class="col-md-2 col-xs-3 block-center">
                     <img class="profile-pic pull-right" src="/images/profile_picture_default.png"/>
                                       </div>
                  <div class="col-md-10 col-sm-9 col-xs-8">
                     <table class="table table-striped">
                        <thead>
                           <tr>
                              <th colspan="2">
                                 Profile
                              </th>
                           </tr>
                        </thead>
                        <tbody>
                           <tr>
                              <td class="text-bold">
                                 Short Name (Gender)
                              </td>
                              <td>
                                 <i class="text-muted">
                                    Not Specified
                                 </i>
                                 (
                                 <i>
                                    <span class="text-muted">
                                       Not Specified
                                    </span>
                                 </i>
                                 )
                              </td>
                           </tr>
                           <tr>
                              <td class="text-bold">
                                 Email
                              </td>
                              <td>
                                 <i class="text-muted">
                                    Not Specified
                                 </i>
                              </td>
                           </tr>
                           <tr>
                              <td class="text-bold">
                                 Institution
                              </td>
                              <td>
                                 <i class="text-muted">
                                    Not Specified
                                 </i>
                              </td>
                           </tr>
                           <tr>
                              <td class="text-bold">
                                 Nationality
                              </td>
                              <td>
                                 <i class="text-muted">
                                    Not Specified
                                 </i>
                              </td>
                           </tr>
                        </tbody>
                     </table>
                  </div>
               </div>
               <div class="row">
                  <div class="col-xs-12">
                     <div class="panel panel-default">
                        <div class="panel-body">
                           <span class="text-muted pull-right glyphicon glyphicon-resize-full cursor-pointer" data-target="#studentProfileMoreInfo" data-toggle="modal">
                           </span>
                           <h5>
                              More Info
                           </h5>
                           <p class="text-preserve-space height-fixed-md">
                              <i class="text-muted">
                                 Not Specified
                              </i>
                           </p>
                        </div>
                     </div>
                  </div>
               </div>
            </div>
         </div>
         <div class="row">
            <div class="col-md-12">
               <div class="panel panel-info">
                  <div class="panel-heading" id="studentComments">
                     Comments for student1 In Course1
                  </div>
                  <div class="panel-body">
                     Your comments on this student:
                     <button class="btn btn-default btn-xs icon-button pull-right" data-original-title="Add comment" data-placement="top" data-toggle="tooltip" id="button_add_comment" onclick="showAddCommentBox();" title="" type="button">
                        <span class="glyphicon glyphicon-comment glyphicon-primary">
                        </span>
                     </button>
                     <ul class="list-group" style="margin-top:15px;">
                        <li class="list-group-item list-group-item-warning">
                           You don't have any comments on this student.
                        </li>
                        <li class="list-group-item list-group-item-warning" id="comment_box" style="display:none;">
                           <form action="/page/instructorStudentCommentAdd" class="form_comment" method="post" name="form_commentadd">
                              <div class="form-group form-inline">
                                 <div class="form-group text-muted">
                                    The default visibility for your comment is private. You may change it using the visibility options.
                                 </div>
                                 <a class="btn btn-sm btn-info pull-right" id="visibility-options-trigger-1">
                                    <span class="glyphicon glyphicon-eye-close">
                                    </span>
                                    Show Visibility Options
                                 </a>
                              </div>
                              <div class="panel panel-default" id="visibility-options-1" style="display: none;">
                                 <div class="panel-heading">
                                    Visibility Options
                                 </div>
                                 <table class="table text-center" style="color:#000;">
                                    <tbody>
                                       <tr>
                                          <th class="text-center">
                                             User/Group
                                          </th>
                                          <th class="text-center">
                                             Can see
                                                        your comment
                                          </th>
                                          <th class="text-center">
                                             Can see
                                                        giver's name
                                          </th>
                                          <th class="text-center">
                                             Can see
                                                        recipient's name
                                          </th>
                                       </tr>
                                       <tr id="recipient-person-1">
                                          <td class="text-left">
                                             <div data-original-title="Control what comment recipient(s) can view" data-placement="top" data-toggle="tooltip" title="">
                                                Recipient(s)
                                             </div>
                                          </td>
                                          <td>
                                             <input class="visibilityCheckbox answerCheckbox centered" name="receiverLeaderCheckbox" type="checkbox" value="PERSON"/>
                                                                                       </td>
                                          <td>
                                             <input class="visibilityCheckbox giverCheckbox" type="checkbox" value="PERSON"/>
                                                                                       </td>
                                          <td>
                                             <input class="visibilityCheckbox recipientCheckbox" disabled="disabled" name="receiverFollowerCheckbox" type="checkbox" value="PERSON"/>
                                                                                       </td>
                                       </tr>
                                       <tr id="recipient-team-1">
                                          <td class="text-left">
                                             <div data-original-title="Control what team members of comment recipients can view" data-placement="top" data-toggle="tooltip" title="">
                                                Recipient's Team
                                             </div>
                                          </td>
                                          <td>
                                             <input class="visibilityCheckbox answerCheckbox" type="checkbox" value="TEAM"/>
                                                                                       </td>
                                          <td>
                                             <input class="visibilityCheckbox giverCheckbox" type="checkbox" value="TEAM"/>
                                                                                       </td>
                                          <td>
                                             <input class="visibilityCheckbox recipientCheckbox" type="checkbox" value="TEAM"/>
                                                                                       </td>
                                       </tr>
                                       <tr id="recipient-course-1">
                                          <td class="text-left">
                                             <div data-original-title="Control what other students in this course can view" data-placement="top" data-toggle="tooltip" title="">
                                                Other students in this course
                                             </div>
                                          </td>
                                          <td>
                                             <input class="visibilityCheckbox answerCheckbox" type="checkbox" value="COURSE"/>
                                                                                       </td>
                                          <td>
                                             <input class="visibilityCheckbox giverCheckbox" type="checkbox" value="COURSE"/>
                                                                                       </td>
                                          <td>
                                             <input class="visibilityCheckbox recipientCheckbox" type="checkbox" value="COURSE"/>
                                                                                       </td>
                                       </tr>
                                       <tr>
                                          <td class="text-left">
                                             <div data-original-title="Control what instructors can view" data-placement="top" data-toggle="tooltip" title="">
                                                Instructors
                                             </div>
                                          </td>
                                          <td>
                                             <input class="visibilityCheckbox answerCheckbox" type="checkbox" value="INSTRUCTOR"/>
                                                                                       </td>
                                          <td>
                                             <input class="visibilityCheckbox giverCheckbox" type="checkbox" value="INSTRUCTOR"/>
                                                                                       </td>
                                          <td>
                                             <input class="visibilityCheckbox recipientCheckbox" type="checkbox" value="INSTRUCTOR"/>
                                                                                       </td>
                                       </tr>
                                    </tbody>
                                 </table>
                              </div>
                              <div class="form-group">
                                 <textarea class="form-control" id="commentText" name="commenttext" placeholder="Your comment about this student" rows="3">
                                 </textarea>
                              </div>
                              <div class="col-sm-offset-5">
                                 <input class="btn btn-primary" id="button_save_comment" type="submit" value="Save"/>
                                                                  <input class="btn btn-default" onclick="hideAddCommentBox();" type="button" value="Cancel"/>
                                                                  <input name="courseid" type="hidden" value="FSQTT.idOfTypicalCourse1"/>
                                                                  <input name="studentemail" type="hidden" value="student1InCourse1@gmail.tmt"/>
                                                                  <input name="user" type="hidden" value="FSQTT.idOfInstructor1OfCourse1"/>
                                                                  <input name="recipienttype" type="hidden" value="PERSON"/>
                                                                  <input name="recipients" type="hidden" value="student1InCourse1@gmail.tmt"/>
                                                                  <input name="showcommentsto" type="hidden" value=""/>
                                                                  <input name="showgiverto" type="hidden" value=""/>
                                                                  <input name="showrecipientto" type="hidden" value=""/>
                                                                  <input name="user" type="hidden" value="FSQTT.idOfInstructor1OfCourse1"/>
                                                               </div>
                           </form>
                        </li>
                     </ul>
                  </div>
               </div>
               <br/>
                              <div class="well well-plain student_feedback" id="studentFeedback-0">
                  <div class="text-primary">
                     <h2 id="feedback_name-0">
                        <strong>
                           Feedback Session Name: CONSTSUM Session
                        </strong>
                     </h2>
                  </div>
                  <br/>
                                    <div class="panel panel-info">
                     <div class="panel-body">
                        No feedback for student1 In Course1 found
                     </div>
                  </div>
                  <div class="panel panel-info">
                     <div class="panel-body">
                        No feedback by student1 In Course1 found
                     </div>
                  </div>
               </div>
               <br/>
                              <div class="well well-plain student_feedback" id="studentFeedback-1">
                  <div class="text-primary">
                     <h2 id="feedback_name-1">
                        <strong>
                           Feedback Session Name: CONTRIB Session
                        </strong>
                     </h2>
                  </div>
                  <br/>
                                    <div class="panel panel-info">
                     <div class="panel-body">
                        No feedback for student1 In Course1 found
                     </div>
                  </div>
                  <div class="panel panel-info">
                     <div class="panel-body">
                        No feedback by student1 In Course1 found
                     </div>
                  </div>
               </div>
               <br/>
                              <div class="well well-plain student_feedback" id="studentFeedback-2">
                  <div class="text-primary">
                     <h2 id="feedback_name-2">
                        <strong>
                           Feedback Session Name: MCQ Session
                        </strong>
                     </h2>
                  </div>
                  <br/>
                                    <div class="panel panel-info">
                     <div class="panel-body">
                        No feedback for student1 In Course1 found
                     </div>
                  </div>
                  <div class="panel panel-info">
                     <div class="panel-body">
                        No feedback by student1 In Course1 found
                     </div>
                  </div>
               </div>
               <br/>
                              <div class="well well-plain student_feedback" id="studentFeedback-3">
                  <div class="text-primary">
                     <h2 id="feedback_name-3">
                        <strong>
                           Feedback Session Name: MSQ Session
                        </strong>
                     </h2>
                  </div>
                  <br/>
                                    <div class="panel panel-info">
                     <div class="panel-body">
                        No feedback for student1 In Course1 found
                     </div>
                  </div>
                  <div class="panel panel-info">
                     <div class="panel-body">
                        No feedback by student1 In Course1 found
                     </div>
                  </div>
               </div>
               <br/>
                              <div class="well well-plain student_feedback" id="studentFeedback-4">
                  <div class="text-primary">
                     <h2 id="feedback_name-4">
                        <strong>
                           Feedback Session Name: NUMSCALE Session
                        </strong>
                     </h2>
                  </div>
                  <br/>
                                    <div class="panel panel-info">
                     <div class="panel-body">
                        No feedback for student1 In Course1 found
                     </div>
                  </div>
                  <div class="panel panel-info">
                     <div class="panel-body">
                        No feedback by student1 In Course1 found
                     </div>
                  </div>
               </div>
               <br/>
                           </div>
         </div>
      </div>
   </div>

</actual]>>
	at org.junit.Assert.assertEquals(Assert.java:115)
	at org.junit.Assert.assertEquals(Assert.java:144)
	at teammates.test.driver.HtmlHelper.assertSameHtmlPart(HtmlHelper.java:43)
	at teammates.test.pageobjects.AppPage.verifyHtmlPart(AppPage.java:822)
	at teammates.test.pageobjects.AppPage.verifyHtmlMainContent(AppPage.java:864)
	at teammates.test.cases.ui.browsertests.InstructorStudentRecordsPageUiTest.testContent(InstructorStudentRecordsPageUiTest.java:116)
	at teammates.test.cases.ui.browsertests.InstructorStudentRecordsPageUiTest.testAll(InstructorStudentRecordsPageUiTest.java:43)
	at sun.reflect.NativeMethodAccessorImpl.invoke0(Native Method)
	at sun.reflect.NativeMethodAccessorImpl.invoke(NativeMethodAccessorImpl.java:57)
	at sun.reflect.DelegatingMethodAccessorImpl.invoke(DelegatingMethodAccessorImpl.java:43)
	at java.lang.reflect.Method.invoke(Method.java:606)
	at org.testng.internal.MethodInvocationHelper.invokeMethod(MethodInvocationHelper.java:84)
	at org.testng.internal.Invoker.invokeMethod(Invoker.java:714)
	at org.testng.internal.Invoker.invokeTestMethod(Invoker.java:901)
	at org.testng.internal.Invoker.invokeTestMethods(Invoker.java:1231)
	at org.testng.internal.TestMethodWorker.invokeTestMethods(TestMethodWorker.java:127)
	at org.testng.internal.TestMethodWorker.run(TestMethodWorker.java:111)
	at java.util.concurrent.ThreadPoolExecutor.runWorker(ThreadPoolExecutor.java:1145)
	at java.util.concurrent.ThreadPoolExecutor$Worker.run(ThreadPoolExecutor.java:615)
	at java.lang.Thread.run(Thread.java:745)
]]>
    </error>
  </testcase> <!-- testAll -->
</testsuite> <!-- teammates.test.cases.ui.browsertests.InstructorStudentRecordsPageUiTest -->
