<?xml version="1.0" encoding="UTF-8"?>
<!-- Generated by org.testng.reporters.JUnitReportReporter -->
<testsuite hostname="soccf-tr5-001" name="teammates.test.cases.logic.SubmissionTaskQueueLogicTest" tests="2" failures="0" timestamp="7 Aug 2014 04:10:49 GMT" time="2.075" errors="0">
  <testcase name="testCreationOfSubmissions" time="0.032" classname="teammates.test.cases.logic.SubmissionTaskQueueLogicTest"/>
  <testcase name="testSchedulingOfCreationOfSubmissions" time="2.043" classname="teammates.test.cases.logic.SubmissionTaskQueueLogicTest"/>
</testsuite> <!-- teammates.test.cases.logic.SubmissionTaskQueueLogicTest -->
