<?xml version="1.0" encoding="UTF-8"?>
<!-- Generated by org.testng.reporters.JUnitReportReporter -->
<testsuite hostname="soccf-tr5-001" name="teammates.test.cases.ui.InstructorFeedbackQuestionAddActionTest" tests="7" failures="0" timestamp="8 Oct 2014 15:54:51 GMT" time="2.933" errors="0">
  <testcase name="testExecuteAndPostProcessMcq" time="0.483" classname="teammates.test.cases.ui.InstructorFeedbackQuestionAddActionTest"/>
  <testcase name="testExecuteAndPostProcessMsq" time="0.562" classname="teammates.test.cases.ui.InstructorFeedbackQuestionAddActionTest"/>
  <testcase name="testExecuteAndPostProcessConstSumRecipient" time="0.141" classname="teammates.test.cases.ui.InstructorFeedbackQuestionAddActionTest"/>
  <testcase name="testExecuteAndPostProcess" time="0.936" classname="teammates.test.cases.ui.InstructorFeedbackQuestionAddActionTest"/>
  <testcase name="testExecuteAndPostProcessConstSumOption" time="0.109" classname="teammates.test.cases.ui.InstructorFeedbackQuestionAddActionTest"/>
  <testcase name="testExecuteAndPostProcessContributionQuestion" time="0.390" classname="teammates.test.cases.ui.InstructorFeedbackQuestionAddActionTest"/>
  <testcase name="testExecuteAndPostProcessNumScale" time="0.312" classname="teammates.test.cases.ui.InstructorFeedbackQuestionAddActionTest"/>
</testsuite> <!-- teammates.test.cases.ui.InstructorFeedbackQuestionAddActionTest -->
