<?xml version="1.0" encoding="UTF-8"?>
<!-- Generated by org.testng.reporters.JUnitReportReporter -->
<testsuite hostname="soccf-tr5-001" name="teammates.test.cases.ui.browsertests.InstructorCourseEnrollPageUiTest" tests="1" failures="0" timestamp="29 Oct 2014 13:17:37 GMT" time="125.794" errors="0">
  <testcase name="testInstructorCourseEnrollPage" time="125.794" classname="teammates.test.cases.ui.browsertests.InstructorCourseEnrollPageUiTest"/>
</testsuite> <!-- teammates.test.cases.ui.browsertests.InstructorCourseEnrollPageUiTest -->
