<?xml version="1.0" encoding="UTF-8"?>
<!-- Generated by org.testng.reporters.JUnitReportReporter -->
<testsuite hostname="soccf-tr5-001" name="teammates.test.cases.ui.InstructorCourseStudentDeleteActionTest" tests="1" failures="0" timestamp="25 Feb 2015 13:04:49 GMT" time="0.156" errors="0">
  <testcase name="testExecuteAndPostProcess" time="0.156" classname="teammates.test.cases.ui.InstructorCourseStudentDeleteActionTest"/>
</testsuite> <!-- teammates.test.cases.ui.InstructorCourseStudentDeleteActionTest -->
