<?xml version="1.0" encoding="UTF-8"?>
<!-- Generated by org.testng.reporters.JUnitReportReporter -->
<testsuite hostname="soccf-tr5-001" name="teammates.test.cases.testdriver.BackDoorTest" tests="1" failures="0" timestamp="2 Jan 2015 09:31:31 GMT" time="0.140" errors="1">
  <testcase name="testEditStudent" time="0.140" classname="teammates.test.cases.testdriver.BackDoorTest">
    <error type="java.lang.AssertionError" message="expected:&lt;[BACKDOOR_STATUS_SUCCESS]&gt; but was:&lt;[BACKDOOR_STATUS_FAILURE]teammates.common.exception.EntityDoesNotExistException: Trying to update non-existent Student: idOfTypicalCourse1/student4InCourse1@gmail.tmt	at teammates.storage.api.StudentsDb.verifyStudentExists(StudentsDb.java:514)	at teammates.logic.core.StudentsLogic.updateStudentCascadeWithSubmissionAdjustmentScheduled(StudentsLogic.java:272)	at teammates.logic.core.StudentsLogic.updateStudentCascade(StudentsLogic.java:230)	at teammates.logic.core.StudentsLogic.updateStudentCascadeWithoutDocument(StudentsLogic.java:224)	at teammates.logic.api.Logic.updateStudentWithoutDocument(Logic.java:1122)	at teammates.logic.backdoor.BackDoorLogic.editStudentAsJson(BackDoorLogic.java:351)	at teammates.logic.backdoor.BackDoorServlet.executeBackendAction(BackDoorServlet.java:264)	at teammates.logic.backdoor.BackDoorServlet.doPost(BackDoorServlet.java:127)	at javax.servlet.http.HttpServlet.service(HttpServlet.java:637)	at javax.servlet.http.HttpServlet.service(HttpServlet.java:717)	at org.mortbay.jetty.servlet.ServletHolder.handle(ServletHolder.java:511)	at org.mortbay.jetty.servlet.ServletHandler$CachedChain.doFilter(ServletHandler.java:1166)	at teammates.storage.datastore.DatastoreFilter.doFilter(DatastoreFilter.java:28)	at org.mortbay.jetty.servlet.ServletHandler$CachedChain.doFilter(ServletHandler.java:1157)	at com.google.appengine.api.socket.dev.DevSocketFilter.doFilter(DevSocketFilter.java:74)	at org.mortbay.jetty.servlet.ServletHandler$CachedChain.doFilter(ServletHandler.java:1157)	at com.google.appengine.tools.development.ResponseRewriterFilter.doFilter(ResponseRewriterFilter.java:127)	at org.mortbay.jetty.servlet.ServletHandler$CachedChain.doFilter(ServletHandler.java:1157)	at com.google.appengine.tools.development.HeaderVerificationFilter.doFilter(HeaderVerificationFilter.java:34)	at org.mortbay.jetty.servlet.ServletHandler$CachedChain.doFilter(ServletHandler.java:1157)	at com.google.appengine.api.blobstore.dev.ServeBlobFilter.doFilter(ServeBlobFilter.java:63)	at org.mortbay.jetty.servlet.ServletHandler$CachedChain.doFilter(ServletHandler.java:1157)	at com.google.apphosting.utils.servlet.TransactionCleanupFilter.doFilter(TransactionCleanupFilter.java:43)	at org.mortbay.jetty.servlet.ServletHandler$CachedChain.doFilter(ServletHandler.java:1157)	at com.google.appengine.tools.development.StaticFileFilter.doFilter(StaticFileFilter.java:125)	at org.mortbay.jetty.servlet.ServletHandler$CachedChain.doFilter(ServletHandler.java:1157)	at com.google.appengine.tools.development.DevAppServerModulesFilter.doDirectRequest(DevAppServerModulesFilter.java:366)	at com.google.appengine.tools.development.DevAppServerModulesFilter.doDirectModuleRequest(DevAppServerModulesFilter.java:349)	at com.google.appengine.tools.development.DevAppServerModulesFilter.doFilter(DevAppServerModulesFilter.java:116)	at org.mortbay.jetty.servlet.ServletHandler$CachedChain.doFilter(ServletHandler.java:1157)	at org.mortbay.jetty.servlet.ServletHandler.handle(ServletHandler.java:388)	at org.mortbay.jetty.security.SecurityHandler.handle(SecurityHandler.java:216)	at org.mortbay.jetty.servlet.SessionHandler.handle(SessionHandler.java:182)	at org.mortbay.jetty.handler.ContextHandler.handle(ContextHandler.java:765)	at org.mortbay.jetty.webapp.WebAppContext.handle(WebAppContext.java:418)	at com.google.appengine.tools.development.DevAppEngineWebAppContext.handle(DevAppEngineWebAppContext.java:98)	at org.mortbay.jetty.handler.HandlerWrapper.handle(HandlerWrapper.java:152)	at com.google.appengine.tools.development.JettyContainerService$ApiProxyHandler.handle(JettyContainerService.java:491)	at org.mortbay.jetty.handler.HandlerWrapper.handle(HandlerWrapper.java:152)	at org.mortbay.jetty.Server.handle(Server.java:326)	at org.mortbay.jetty.HttpConnection.handleRequest(HttpConnection.java:542)	at org.mortbay.jetty.HttpConnection$RequestHandler.content(HttpConnection.java:938)	at org.mortbay.jetty.HttpParser.parseNext(HttpParser.java:755)	at org.mortbay.jetty.HttpParser.parseAvailable(HttpParser.java:218)	at org.mortbay.jetty.HttpConnection.handle(HttpConnection.java:404)	at org.mortbay.io.nio.SelectChannelEndPoint.run(SelectChannelEndPoint.java:409)	at org.mortbay.thread.QueuedThreadPool$PoolThread.run(QueuedThreadPool.java:582)&gt;">
      <![CDATA[java.lang.AssertionError: expected:<[BACKDOOR_STATUS_SUCCESS]> but was:<[BACKDOOR_STATUS_FAILURE]teammates.common.exception.EntityDoesNotExistException: Trying to update non-existent Student: idOfTypicalCourse1/student4InCourse1@gmail.tmt	at teammates.storage.api.StudentsDb.verifyStudentExists(StudentsDb.java:514)	at teammates.logic.core.StudentsLogic.updateStudentCascadeWithSubmissionAdjustmentScheduled(StudentsLogic.java:272)	at teammates.logic.core.StudentsLogic.updateStudentCascade(StudentsLogic.java:230)	at teammates.logic.core.StudentsLogic.updateStudentCascadeWithoutDocument(StudentsLogic.java:224)	at teammates.logic.api.Logic.updateStudentWithoutDocument(Logic.java:1122)	at teammates.logic.backdoor.BackDoorLogic.editStudentAsJson(BackDoorLogic.java:351)	at teammates.logic.backdoor.BackDoorServlet.executeBackendAction(BackDoorServlet.java:264)	at teammates.logic.backdoor.BackDoorServlet.doPost(BackDoorServlet.java:127)	at javax.servlet.http.HttpServlet.service(HttpServlet.java:637)	at javax.servlet.http.HttpServlet.service(HttpServlet.java:717)	at org.mortbay.jetty.servlet.ServletHolder.handle(ServletHolder.java:511)	at org.mortbay.jetty.servlet.ServletHandler$CachedChain.doFilter(ServletHandler.java:1166)	at teammates.storage.datastore.DatastoreFilter.doFilter(DatastoreFilter.java:28)	at org.mortbay.jetty.servlet.ServletHandler$CachedChain.doFilter(ServletHandler.java:1157)	at com.google.appengine.api.socket.dev.DevSocketFilter.doFilter(DevSocketFilter.java:74)	at org.mortbay.jetty.servlet.ServletHandler$CachedChain.doFilter(ServletHandler.java:1157)	at com.google.appengine.tools.development.ResponseRewriterFilter.doFilter(ResponseRewriterFilter.java:127)	at org.mortbay.jetty.servlet.ServletHandler$CachedChain.doFilter(ServletHandler.java:1157)	at com.google.appengine.tools.development.HeaderVerificationFilter.doFilter(HeaderVerificationFilter.java:34)	at org.mortbay.jetty.servlet.ServletHandler$CachedChain.doFilter(ServletHandler.java:1157)	at com.google.appengine.api.blobstore.dev.ServeBlobFilter.doFilter(ServeBlobFilter.java:63)	at org.mortbay.jetty.servlet.ServletHandler$CachedChain.doFilter(ServletHandler.java:1157)	at com.google.apphosting.utils.servlet.TransactionCleanupFilter.doFilter(TransactionCleanupFilter.java:43)	at org.mortbay.jetty.servlet.ServletHandler$CachedChain.doFilter(ServletHandler.java:1157)	at com.google.appengine.tools.development.StaticFileFilter.doFilter(StaticFileFilter.java:125)	at org.mortbay.jetty.servlet.ServletHandler$CachedChain.doFilter(ServletHandler.java:1157)	at com.google.appengine.tools.development.DevAppServerModulesFilter.doDirectRequest(DevAppServerModulesFilter.java:366)	at com.google.appengine.tools.development.DevAppServerModulesFilter.doDirectModuleRequest(DevAppServerModulesFilter.java:349)	at com.google.appengine.tools.development.DevAppServerModulesFilter.doFilter(DevAppServerModulesFilter.java:116)	at org.mortbay.jetty.servlet.ServletHandler$CachedChain.doFilter(ServletHandler.java:1157)	at org.mortbay.jetty.servlet.ServletHandler.handle(ServletHandler.java:388)	at org.mortbay.jetty.security.SecurityHandler.handle(SecurityHandler.java:216)	at org.mortbay.jetty.servlet.SessionHandler.handle(SessionHandler.java:182)	at org.mortbay.jetty.handler.ContextHandler.handle(ContextHandler.java:765)	at org.mortbay.jetty.webapp.WebAppContext.handle(WebAppContext.java:418)	at com.google.appengine.tools.development.DevAppEngineWebAppContext.handle(DevAppEngineWebAppContext.java:98)	at org.mortbay.jetty.handler.HandlerWrapper.handle(HandlerWrapper.java:152)	at com.google.appengine.tools.development.JettyContainerService$ApiProxyHandler.handle(JettyContainerService.java:491)	at org.mortbay.jetty.handler.HandlerWrapper.handle(HandlerWrapper.java:152)	at org.mortbay.jetty.Server.handle(Server.java:326)	at org.mortbay.jetty.HttpConnection.handleRequest(HttpConnection.java:542)	at org.mortbay.jetty.HttpConnection$RequestHandler.content(HttpConnection.java:938)	at org.mortbay.jetty.HttpParser.parseNext(HttpParser.java:755)	at org.mortbay.jetty.HttpParser.parseAvailable(HttpParser.java:218)	at org.mortbay.jetty.HttpConnection.handle(HttpConnection.java:404)	at org.mortbay.io.nio.SelectChannelEndPoint.run(SelectChannelEndPoint.java:409)	at org.mortbay.thread.QueuedThreadPool$PoolThread.run(QueuedThreadPool.java:582)>
	at org.testng.AssertJUnit.assertEquals(AssertJUnit.java:101)
	at org.testng.AssertJUnit.assertEquals(AssertJUnit.java:108)
	at teammates.test.cases.testdriver.BackDoorTest.testEditStudent(BackDoorTest.java:394)
	at sun.reflect.NativeMethodAccessorImpl.invoke0(Native Method)
	at sun.reflect.NativeMethodAccessorImpl.invoke(NativeMethodAccessorImpl.java:57)
	at sun.reflect.DelegatingMethodAccessorImpl.invoke(DelegatingMethodAccessorImpl.java:43)
	at java.lang.reflect.Method.invoke(Method.java:606)
	at org.testng.internal.MethodInvocationHelper.invokeMethod(MethodInvocationHelper.java:84)
	at org.testng.internal.Invoker.invokeMethod(Invoker.java:714)
	at org.testng.internal.Invoker.invokeTestMethod(Invoker.java:901)
	at org.testng.internal.Invoker.invokeTestMethods(Invoker.java:1231)
	at org.testng.internal.TestMethodWorker.invokeTestMethods(TestMethodWorker.java:127)
	at org.testng.internal.TestMethodWorker.run(TestMethodWorker.java:111)
	at java.util.concurrent.ThreadPoolExecutor.runWorker(ThreadPoolExecutor.java:1145)
	at java.util.concurrent.ThreadPoolExecutor$Worker.run(ThreadPoolExecutor.java:615)
	at java.lang.Thread.run(Thread.java:745)
]]>
    </error>
  </testcase> <!-- testEditStudent -->
</testsuite> <!-- teammates.test.cases.testdriver.BackDoorTest -->
