<?xml version="1.0" encoding="UTF-8"?>
<!-- Generated by org.testng.reporters.JUnitReportReporter -->
<testsuite hostname="soccf-tr5-001" name="teammates.test.cases.common.TimeHelperTest" tests="2" failures="0" timestamp="9 Oct 2014 14:26:02 GMT" time="0.000" errors="0">
  <testcase name="testCombineDateTime" time="0.000" classname="teammates.test.cases.common.TimeHelperTest"/>
  <testcase name="testFormatTimeForEvaluation" time="0.000" classname="teammates.test.cases.common.TimeHelperTest"/>
</testsuite> <!-- teammates.test.cases.common.TimeHelperTest -->
