<?xml version="1.0" encoding="UTF-8"?>
<!-- Generated by org.testng.reporters.JUnitReportReporter -->
<testsuite hostname="soccf-tr5-001" name="teammates.test.automated.EvaluationClosingReminderTest" tests="2" failures="0" timestamp="10 Sep 2014 13:16:53 GMT" time="2.059" errors="0">
  <testcase name="testAdditionOfTaskToTaskQueue" time="2.043" classname="teammates.test.automated.EvaluationClosingReminderTest"/>
  <testcase name="testEvaluationClosingMailAction" time="0.016" classname="teammates.test.automated.EvaluationClosingReminderTest"/>
</testsuite> <!-- teammates.test.automated.EvaluationClosingReminderTest -->
