<?xml version="1.0" encoding="UTF-8"?>
<!-- Generated by org.testng.reporters.JUnitReportReporter -->
<testsuite hostname="soccf-tr5-001" name="teammates.test.cases.ui.browsertests.AdminAccountDetailsPageUiTest" tests="1" failures="0" timestamp="7 Aug 2014 06:08:16 GMT" time="11.310" errors="0">
  <testcase name="testAll" time="11.310" classname="teammates.test.cases.ui.browsertests.AdminAccountDetailsPageUiTest"/>
</testsuite> <!-- teammates.test.cases.ui.browsertests.AdminAccountDetailsPageUiTest -->
