<?xml version="1.0" encoding="UTF-8"?>
<!-- Generated by org.testng.reporters.JUnitReportReporter -->
<testsuite hostname="soccf-tr5-001" name="teammates.test.cases.ui.browsertests.InstructorStudentRecordsPageUiTest" tests="1" failures="0" timestamp="7 Aug 2014 02:56:33 GMT" time="0.421" errors="1">
  <testcase name="testAll" time="0.421" classname="teammates.test.cases.ui.browsertests.InstructorStudentRecordsPageUiTest">
    <error type="java.lang.AssertionError" message="expected:&lt;[BACKDOOR_STATUS_SUCCESS]&gt; but was:&lt;[BACKDOOR_STATUS_FAILURE]javax.jdo.JDOUserException: Persistent class &quot;Class teammates.storage.entity.Course does not seem to have been enhanced.  You may want to rerun the enhancer and check for errors in the output.&quot; has no table in the database, but the operation requires it. Please check the specification of the MetaData for this class.	at org.datanucleus.jdo.NucleusJDOHelper.getJDOExceptionForNucleusException(NucleusJDOHelper.java:375)	at org.datanucleus.jdo.JDOQuery.execute(JDOQuery.java:252)	at teammates.storage.api.CoursesDb.getCourseEntity(CoursesDb.java:149)	at teammates.storage.api.CoursesDb.getEntity(CoursesDb.java:138)	at teammates.storage.api.EntitiesDb.deleteEntities(EntitiesDb.java:213)	at teammates.logic.backdoor.BackDoorLogic.deleteCourses(BackDoorLogic.java:452)	at teammates.logic.backdoor.BackDoorLogic.deleteExistingData(BackDoorLogic.java:434)	at teammates.logic.backdoor.BackDoorServlet.executeBackendAction(BackDoorServlet.java:240)	at teammates.logic.backdoor.BackDoorServlet.doPost(BackDoorServlet.java:126)	at javax.servlet.http.HttpServlet.service(HttpServlet.java:637)	at javax.servlet.http.HttpServlet.service(HttpServlet.java:717)	at org.mortbay.jetty.servlet.ServletHolder.handle(ServletHolder.java:511)	at org.mortbay.jetty.servlet.ServletHandler$CachedChain.doFilter(ServletHandler.java:1166)	at teammates.storage.datastore.DatastoreFilter.doFilter(DatastoreFilter.java:28)	at org.mortbay.jetty.servlet.ServletHandler$CachedChain.doFilter(ServletHandler.java:1157)	at com.google.appengine.api.socket.dev.DevSocketFilter.doFilter(DevSocketFilter.java:74)	at org.mortbay.jetty.servlet.ServletHandler$CachedChain.doFilter(ServletHandler.java:1157)	at com.google.appengine.tools.development.ResponseRewriterFilter.doFilter(ResponseRewriterFilter.java:127)	at org.mortbay.jetty.servlet.ServletHandler$CachedChain.doFilter(ServletHandler.java:1157)	at com.google.appengine.tools.development.HeaderVerificationFilter.doFilter(HeaderVerificationFilter.java:34)	at org.mortbay.jetty.servlet.ServletHandler$CachedChain.doFilter(ServletHandler.java:1157)	at com.google.appengine.api.blobstore.dev.ServeBlobFilter.doFilter(ServeBlobFilter.java:63)	at org.mortbay.jetty.servlet.ServletHandler$CachedChain.doFilter(ServletHandler.java:1157)	at com.google.apphosting.utils.servlet.TransactionCleanupFilter.doFilter(TransactionCleanupFilter.java:43)	at org.mortbay.jetty.servlet.ServletHandler$CachedChain.doFilter(ServletHandler.java:1157)	at com.google.appengine.tools.development.StaticFileFilter.doFilter(StaticFileFilter.java:125)	at org.mortbay.jetty.servlet.ServletHandler$CachedChain.doFilter(ServletHandler.java:1157)	at com.google.appengine.tools.development.DevAppServerModulesFilter.doDirectRequest(DevAppServerModulesFilter.java:366)	at com.google.appengine.tools.development.DevAppServerModulesFilter.doDirectModuleRequest(DevAppServerModulesFilter.java:349)	at com.google.appengine.tools.development.DevAppServerModulesFilter.doFilter(DevAppServerModulesFilter.java:116)	at org.mortbay.jetty.servlet.ServletHandler$CachedChain.doFilter(ServletHandler.java:1157)	at org.mortbay.jetty.servlet.ServletHandler.handle(ServletHandler.java:388)	at org.mortbay.jetty.security.SecurityHandler.handle(SecurityHandler.java:216)	at org.mortbay.jetty.servlet.SessionHandler.handle(SessionHandler.java:182)	at org.mortbay.jetty.handler.ContextHandler.handle(ContextHandler.java:765)	at org.mortbay.jetty.webapp.WebAppContext.handle(WebAppContext.java:418)	at com.google.appengine.tools.development.DevAppEngineWebAppContext.handle(DevAppEngineWebAppContext.java:98)	at org.mortbay.jetty.handler.HandlerWrapper.handle(HandlerWrapper.java:152)	at com.google.appengine.tools.development.JettyContainerService$ApiProxyHandler.handle(JettyContainerService.java:491)	at org.mortbay.jetty.handler.HandlerWrapper.handle(HandlerWrapper.java:152)	at org.mortbay.jetty.Server.handle(Server.java:326)	at org.mortbay.jetty.HttpConnection.handleRequest(HttpConnection.java:542)	at org.mortbay.jetty.HttpConnection$RequestHandler.content(HttpConnection.java:938)	at org.mortbay.jetty.HttpParser.parseNext(HttpParser.java:755)	at org.mortbay.jetty.HttpParser.parseAvailable(HttpParser.java:218)	at org.mortbay.jetty.HttpConnection.handle(HttpConnection.java:404)	at org.mortbay.io.nio.SelectChannelEndPoint.run(SelectChannelEndPoint.java:409)	at org.mortbay.thread.QueuedThreadPool$PoolThread.run(QueuedThreadPool.java:582)NestedThrowablesStackTrace:Persistent class &quot;Class teammates.storage.entity.Course does not seem to have been enhanced.  You may want to rerun the enhancer and check for errors in the output.&quot; has no table in the database, but the operation requires it. Please check the specification of the MetaData for this class.org.datanucleus.store.exceptions.NoTableManagedException: Persistent class &quot;Class teammates.storage.entity.Course does not seem to have been enhanced.  You may want to rerun the enhancer and check for errors in the output.&quot; has no table in the database, but the operation requires it. Please check the specification of the MetaData for this class.	at org.datanucleus.store.appengine.DatastoreManager.getDatastoreClass(DatastoreManager.java:778)	at org.datanucleus.store.appengine.query.DatastoreQuery.performExecute(DatastoreQuery.java:224)	at org.datanucleus.store.appengine.query.JDOQLQuery.performExecute(JDOQLQuery.java:92)	at org.datanucleus.store.query.Query.executeQuery(Query.java:1489)	at org.datanucleus.store.query.Query.executeWithArray(Query.java:1371)	at org.datanucleus.jdo.JDOQuery.execute(JDOQuery.java:243)	at teammates.storage.api.CoursesDb.getCourseEntity(CoursesDb.java:149)	at teammates.storage.api.CoursesDb.getEntity(CoursesDb.java:138)	at teammates.storage.api.EntitiesDb.deleteEntities(EntitiesDb.java:213)	at teammates.logic.backdoor.BackDoorLogic.deleteCourses(BackDoorLogic.java:452)	at teammates.logic.backdoor.BackDoorLogic.deleteExistingData(BackDoorLogic.java:434)	at teammates.logic.backdoor.BackDoorServlet.executeBackendAction(BackDoorServlet.java:240)	at teammates.logic.backdoor.BackDoorServlet.doPost(BackDoorServlet.java:126)	at javax.servlet.http.HttpServlet.service(HttpServlet.java:637)	at javax.servlet.http.HttpServlet.service(HttpServlet.java:717)	at org.mortbay.jetty.servlet.ServletHolder.handle(ServletHolder.java:511)	at org.mortbay.jetty.servlet.ServletHandler$CachedChain.doFilter(ServletHandler.java:1166)	at teammates.storage.datastore.DatastoreFilter.doFilter(DatastoreFilter.java:28)	at org.mortbay.jetty.servlet.ServletHandler$CachedChain.doFilter(ServletHandler.java:1157)	at com.google.appengine.api.socket.dev.DevSocketFilter.doFilter(DevSocketFilter.java:74)	at org.mortbay.jetty.servlet.ServletHandler$CachedChain.doFilter(ServletHandler.java:1157)	at com.google.appengine.tools.development.ResponseRewriterFilter.doFilter(ResponseRewriterFilter.java:127)	at org.mortbay.jetty.servlet.ServletHandler$CachedChain.doFilter(ServletHandler.java:1157)	at com.google.appengine.tools.development.HeaderVerificationFilter.doFilter(HeaderVerificationFilter.java:34)	at org.mortbay.jetty.servlet.ServletHandler$CachedChain.doFilter(ServletHandler.java:1157)	at com.google.appengine.api.blobstore.dev.ServeBlobFilter.doFilter(ServeBlobFilter.java:63)	at org.mortbay.jetty.servlet.ServletHandler$CachedChain.doFilter(ServletHandler.java:1157)	at com.google.apphosting.utils.servlet.TransactionCleanupFilter.doFilter(TransactionCleanupFilter.java:43)	at org.mortbay.jetty.servlet.ServletHandler$CachedChain.doFilter(ServletHandler.java:1157)	at com.google.appengine.tools.development.StaticFileFilter.doFilter(StaticFileFilter.java:125)	at org.mortbay.jetty.servlet.ServletHandler$CachedChain.doFilter(ServletHandler.java:1157)	at com.google.appengine.tools.development.DevAppServerModulesFilter.doDirectRequest(DevAppServerModulesFilter.java:366)	at com.google.appengine.tools.development.DevAppServerModulesFilter.doDirectModuleRequest(DevAppServerModulesFilter.java:349)	at com.google.appengine.tools.development.DevAppServerModulesFilter.doFilter(DevAppServerModulesFilter.java:116)	at org.mortbay.jetty.servlet.ServletHandler$CachedChain.doFilter(ServletHandler.java:1157)	at org.mortbay.jetty.servlet.ServletHandler.handle(ServletHandler.java:388)	at org.mortbay.jetty.security.SecurityHandler.handle(SecurityHandler.java:216)	at org.mortbay.jetty.servlet.SessionHandler.handle(SessionHandler.java:182)	at org.mortbay.jetty.handler.ContextHandler.handle(ContextHandler.java:765)	at org.mortbay.jetty.webapp.WebAppContext.handle(WebAppContext.java:418)	at com.google.appengine.tools.development.DevAppEngineWebAppContext.handle(DevAppEngineWebAppContext.java:98)	at org.mortbay.jetty.handler.HandlerWrapper.handle(HandlerWrapper.java:152)	at com.google.appengine.tools.development.JettyContainerService$ApiProxyHandler.handle(JettyContainerService.java:491)	at org.mortbay.jetty.handler.HandlerWrapper.handle(HandlerWrapper.java:152)	at org.mortbay.jetty.Server.handle(Server.java:326)	at org.mortbay.jetty.HttpConnection.handleRequest(HttpConnection.java:542)	at org.mortbay.jetty.HttpConnection$RequestHandler.content(HttpConnection.java:938)	at org.mortbay.jetty.HttpParser.parseNext(HttpParser.java:755)	at org.mortbay.jetty.HttpParser.parseAvailable(HttpParser.java:218)	at org.mortbay.jetty.HttpConnection.handle(HttpConnection.java:404)	at org.mortbay.io.nio.SelectChannelEndPoint.run(SelectChannelEndPoint.java:409)	at org.mortbay.thread.QueuedThreadPool$PoolThread.run(QueuedThreadPool.java:582)&gt;">
      <![CDATA[java.lang.AssertionError: expected:<[BACKDOOR_STATUS_SUCCESS]> but was:<[BACKDOOR_STATUS_FAILURE]javax.jdo.JDOUserException: Persistent class "Class teammates.storage.entity.Course does not seem to have been enhanced.  You may want to rerun the enhancer and check for errors in the output." has no table in the database, but the operation requires it. Please check the specification of the MetaData for this class.	at org.datanucleus.jdo.NucleusJDOHelper.getJDOExceptionForNucleusException(NucleusJDOHelper.java:375)	at org.datanucleus.jdo.JDOQuery.execute(JDOQuery.java:252)	at teammates.storage.api.CoursesDb.getCourseEntity(CoursesDb.java:149)	at teammates.storage.api.CoursesDb.getEntity(CoursesDb.java:138)	at teammates.storage.api.EntitiesDb.deleteEntities(EntitiesDb.java:213)	at teammates.logic.backdoor.BackDoorLogic.deleteCourses(BackDoorLogic.java:452)	at teammates.logic.backdoor.BackDoorLogic.deleteExistingData(BackDoorLogic.java:434)	at teammates.logic.backdoor.BackDoorServlet.executeBackendAction(BackDoorServlet.java:240)	at teammates.logic.backdoor.BackDoorServlet.doPost(BackDoorServlet.java:126)	at javax.servlet.http.HttpServlet.service(HttpServlet.java:637)	at javax.servlet.http.HttpServlet.service(HttpServlet.java:717)	at org.mortbay.jetty.servlet.ServletHolder.handle(ServletHolder.java:511)	at org.mortbay.jetty.servlet.ServletHandler$CachedChain.doFilter(ServletHandler.java:1166)	at teammates.storage.datastore.DatastoreFilter.doFilter(DatastoreFilter.java:28)	at org.mortbay.jetty.servlet.ServletHandler$CachedChain.doFilter(ServletHandler.java:1157)	at com.google.appengine.api.socket.dev.DevSocketFilter.doFilter(DevSocketFilter.java:74)	at org.mortbay.jetty.servlet.ServletHandler$CachedChain.doFilter(ServletHandler.java:1157)	at com.google.appengine.tools.development.ResponseRewriterFilter.doFilter(ResponseRewriterFilter.java:127)	at org.mortbay.jetty.servlet.ServletHandler$CachedChain.doFilter(ServletHandler.java:1157)	at com.google.appengine.tools.development.HeaderVerificationFilter.doFilter(HeaderVerificationFilter.java:34)	at org.mortbay.jetty.servlet.ServletHandler$CachedChain.doFilter(ServletHandler.java:1157)	at com.google.appengine.api.blobstore.dev.ServeBlobFilter.doFilter(ServeBlobFilter.java:63)	at org.mortbay.jetty.servlet.ServletHandler$CachedChain.doFilter(ServletHandler.java:1157)	at com.google.apphosting.utils.servlet.TransactionCleanupFilter.doFilter(TransactionCleanupFilter.java:43)	at org.mortbay.jetty.servlet.ServletHandler$CachedChain.doFilter(ServletHandler.java:1157)	at com.google.appengine.tools.development.StaticFileFilter.doFilter(StaticFileFilter.java:125)	at org.mortbay.jetty.servlet.ServletHandler$CachedChain.doFilter(ServletHandler.java:1157)	at com.google.appengine.tools.development.DevAppServerModulesFilter.doDirectRequest(DevAppServerModulesFilter.java:366)	at com.google.appengine.tools.development.DevAppServerModulesFilter.doDirectModuleRequest(DevAppServerModulesFilter.java:349)	at com.google.appengine.tools.development.DevAppServerModulesFilter.doFilter(DevAppServerModulesFilter.java:116)	at org.mortbay.jetty.servlet.ServletHandler$CachedChain.doFilter(ServletHandler.java:1157)	at org.mortbay.jetty.servlet.ServletHandler.handle(ServletHandler.java:388)	at org.mortbay.jetty.security.SecurityHandler.handle(SecurityHandler.java:216)	at org.mortbay.jetty.servlet.SessionHandler.handle(SessionHandler.java:182)	at org.mortbay.jetty.handler.ContextHandler.handle(ContextHandler.java:765)	at org.mortbay.jetty.webapp.WebAppContext.handle(WebAppContext.java:418)	at com.google.appengine.tools.development.DevAppEngineWebAppContext.handle(DevAppEngineWebAppContext.java:98)	at org.mortbay.jetty.handler.HandlerWrapper.handle(HandlerWrapper.java:152)	at com.google.appengine.tools.development.JettyContainerService$ApiProxyHandler.handle(JettyContainerService.java:491)	at org.mortbay.jetty.handler.HandlerWrapper.handle(HandlerWrapper.java:152)	at org.mortbay.jetty.Server.handle(Server.java:326)	at org.mortbay.jetty.HttpConnection.handleRequest(HttpConnection.java:542)	at org.mortbay.jetty.HttpConnection$RequestHandler.content(HttpConnection.java:938)	at org.mortbay.jetty.HttpParser.parseNext(HttpParser.java:755)	at org.mortbay.jetty.HttpParser.parseAvailable(HttpParser.java:218)	at org.mortbay.jetty.HttpConnection.handle(HttpConnection.java:404)	at org.mortbay.io.nio.SelectChannelEndPoint.run(SelectChannelEndPoint.java:409)	at org.mortbay.thread.QueuedThreadPool$PoolThread.run(QueuedThreadPool.java:582)NestedThrowablesStackTrace:Persistent class "Class teammates.storage.entity.Course does not seem to have been enhanced.  You may want to rerun the enhancer and check for errors in the output." has no table in the database, but the operation requires it. Please check the specification of the MetaData for this class.org.datanucleus.store.exceptions.NoTableManagedException: Persistent class "Class teammates.storage.entity.Course does not seem to have been enhanced.  You may want to rerun the enhancer and check for errors in the output." has no table in the database, but the operation requires it. Please check the specification of the MetaData for this class.	at org.datanucleus.store.appengine.DatastoreManager.getDatastoreClass(DatastoreManager.java:778)	at org.datanucleus.store.appengine.query.DatastoreQuery.performExecute(DatastoreQuery.java:224)	at org.datanucleus.store.appengine.query.JDOQLQuery.performExecute(JDOQLQuery.java:92)	at org.datanucleus.store.query.Query.executeQuery(Query.java:1489)	at org.datanucleus.store.query.Query.executeWithArray(Query.java:1371)	at org.datanucleus.jdo.JDOQuery.execute(JDOQuery.java:243)	at teammates.storage.api.CoursesDb.getCourseEntity(CoursesDb.java:149)	at teammates.storage.api.CoursesDb.getEntity(CoursesDb.java:138)	at teammates.storage.api.EntitiesDb.deleteEntities(EntitiesDb.java:213)	at teammates.logic.backdoor.BackDoorLogic.deleteCourses(BackDoorLogic.java:452)	at teammates.logic.backdoor.BackDoorLogic.deleteExistingData(BackDoorLogic.java:434)	at teammates.logic.backdoor.BackDoorServlet.executeBackendAction(BackDoorServlet.java:240)	at teammates.logic.backdoor.BackDoorServlet.doPost(BackDoorServlet.java:126)	at javax.servlet.http.HttpServlet.service(HttpServlet.java:637)	at javax.servlet.http.HttpServlet.service(HttpServlet.java:717)	at org.mortbay.jetty.servlet.ServletHolder.handle(ServletHolder.java:511)	at org.mortbay.jetty.servlet.ServletHandler$CachedChain.doFilter(ServletHandler.java:1166)	at teammates.storage.datastore.DatastoreFilter.doFilter(DatastoreFilter.java:28)	at org.mortbay.jetty.servlet.ServletHandler$CachedChain.doFilter(ServletHandler.java:1157)	at com.google.appengine.api.socket.dev.DevSocketFilter.doFilter(DevSocketFilter.java:74)	at org.mortbay.jetty.servlet.ServletHandler$CachedChain.doFilter(ServletHandler.java:1157)	at com.google.appengine.tools.development.ResponseRewriterFilter.doFilter(ResponseRewriterFilter.java:127)	at org.mortbay.jetty.servlet.ServletHandler$CachedChain.doFilter(ServletHandler.java:1157)	at com.google.appengine.tools.development.HeaderVerificationFilter.doFilter(HeaderVerificationFilter.java:34)	at org.mortbay.jetty.servlet.ServletHandler$CachedChain.doFilter(ServletHandler.java:1157)	at com.google.appengine.api.blobstore.dev.ServeBlobFilter.doFilter(ServeBlobFilter.java:63)	at org.mortbay.jetty.servlet.ServletHandler$CachedChain.doFilter(ServletHandler.java:1157)	at com.google.apphosting.utils.servlet.TransactionCleanupFilter.doFilter(TransactionCleanupFilter.java:43)	at org.mortbay.jetty.servlet.ServletHandler$CachedChain.doFilter(ServletHandler.java:1157)	at com.google.appengine.tools.development.StaticFileFilter.doFilter(StaticFileFilter.java:125)	at org.mortbay.jetty.servlet.ServletHandler$CachedChain.doFilter(ServletHandler.java:1157)	at com.google.appengine.tools.development.DevAppServerModulesFilter.doDirectRequest(DevAppServerModulesFilter.java:366)	at com.google.appengine.tools.development.DevAppServerModulesFilter.doDirectModuleRequest(DevAppServerModulesFilter.java:349)	at com.google.appengine.tools.development.DevAppServerModulesFilter.doFilter(DevAppServerModulesFilter.java:116)	at org.mortbay.jetty.servlet.ServletHandler$CachedChain.doFilter(ServletHandler.java:1157)	at org.mortbay.jetty.servlet.ServletHandler.handle(ServletHandler.java:388)	at org.mortbay.jetty.security.SecurityHandler.handle(SecurityHandler.java:216)	at org.mortbay.jetty.servlet.SessionHandler.handle(SessionHandler.java:182)	at org.mortbay.jetty.handler.ContextHandler.handle(ContextHandler.java:765)	at org.mortbay.jetty.webapp.WebAppContext.handle(WebAppContext.java:418)	at com.google.appengine.tools.development.DevAppEngineWebAppContext.handle(DevAppEngineWebAppContext.java:98)	at org.mortbay.jetty.handler.HandlerWrapper.handle(HandlerWrapper.java:152)	at com.google.appengine.tools.development.JettyContainerService$ApiProxyHandler.handle(JettyContainerService.java:491)	at org.mortbay.jetty.handler.HandlerWrapper.handle(HandlerWrapper.java:152)	at org.mortbay.jetty.Server.handle(Server.java:326)	at org.mortbay.jetty.HttpConnection.handleRequest(HttpConnection.java:542)	at org.mortbay.jetty.HttpConnection$RequestHandler.content(HttpConnection.java:938)	at org.mortbay.jetty.HttpParser.parseNext(HttpParser.java:755)	at org.mortbay.jetty.HttpParser.parseAvailable(HttpParser.java:218)	at org.mortbay.jetty.HttpConnection.handle(HttpConnection.java:404)	at org.mortbay.io.nio.SelectChannelEndPoint.run(SelectChannelEndPoint.java:409)	at org.mortbay.thread.QueuedThreadPool$PoolThread.run(QueuedThreadPool.java:582)>
	at teammates.common.util.Assumption.assertEquals(Assumption.java:98)
	at teammates.common.util.Assumption.assertEquals(Assumption.java:105)
	at teammates.test.cases.ui.browsertests.BaseUiTestCase.removeAndRestoreTestDataOnServer(BaseUiTestCase.java:155)
	at teammates.test.cases.ui.browsertests.InstructorStudentRecordsPageUiTest.testContent(InstructorStudentRecordsPageUiTest.java:56)
	at teammates.test.cases.ui.browsertests.InstructorStudentRecordsPageUiTest.testAll(InstructorStudentRecordsPageUiTest.java:43)
	at sun.reflect.NativeMethodAccessorImpl.invoke0(Native Method)
	at sun.reflect.NativeMethodAccessorImpl.invoke(NativeMethodAccessorImpl.java:57)
	at sun.reflect.DelegatingMethodAccessorImpl.invoke(DelegatingMethodAccessorImpl.java:43)
	at java.lang.reflect.Method.invoke(Method.java:606)
	at org.testng.internal.MethodInvocationHelper.invokeMethod(MethodInvocationHelper.java:84)
	at org.testng.internal.Invoker.invokeMethod(Invoker.java:714)
	at org.testng.internal.Invoker.invokeTestMethod(Invoker.java:901)
	at org.testng.internal.Invoker.invokeTestMethods(Invoker.java:1231)
	at org.testng.internal.TestMethodWorker.invokeTestMethods(TestMethodWorker.java:127)
	at org.testng.internal.TestMethodWorker.run(TestMethodWorker.java:111)
	at java.util.concurrent.ThreadPoolExecutor.runWorker(ThreadPoolExecutor.java:1145)
	at java.util.concurrent.ThreadPoolExecutor$Worker.run(ThreadPoolExecutor.java:615)
	at java.lang.Thread.run(Thread.java:745)
]]>
    </error>
  </testcase> <!-- testAll -->
</testsuite> <!-- teammates.test.cases.ui.browsertests.InstructorStudentRecordsPageUiTest -->
