<?xml version="1.0" encoding="UTF-8"?>
<!-- Generated by org.testng.reporters.JUnitReportReporter -->
<testsuite hostname="soccf-tr5-001" name="teammates.test.cases.logic.EvaluationsEmailTaskQueueTest" tests="2" failures="0" timestamp="8 Oct 2014 15:22:55 GMT" time="4.149" errors="0">
  <testcase name="testEvaluationsPublishEmail" time="2.121" classname="teammates.test.cases.logic.EvaluationsEmailTaskQueueTest"/>
  <testcase name="testEvaluationsRemindEmail" time="2.028" classname="teammates.test.cases.logic.EvaluationsEmailTaskQueueTest"/>
</testsuite> <!-- teammates.test.cases.logic.EvaluationsEmailTaskQueueTest -->
