<?xml version="1.0" encoding="UTF-8"?>
<!-- Generated by org.testng.reporters.JUnitReportReporter -->
<testsuite hostname="soccf-tr5-001" name="teammates.test.cases.ui.ActivityLogTest" tests="2" failures="0" timestamp="29 Oct 2014 17:12:04 GMT" time="0.015" errors="0">
  <testcase name="testGetActionName" time="0.000" classname="teammates.test.cases.ui.ActivityLogTest"/>
  <testcase name="testActivityLogEntryClass" time="0.015" classname="teammates.test.cases.ui.ActivityLogTest"/>
</testsuite> <!-- teammates.test.cases.ui.ActivityLogTest -->
