<?xml version="1.0" encoding="UTF-8"?>
<!-- Generated by org.testng.reporters.JUnitReportReporter -->
<testsuite hostname="soccf-tr5-001" name="teammates.test.cases.ui.InstructorCoursesPageActionTest" tests="1" failures="0" timestamp="26 Sep 2014 15:21:29 GMT" time="2.433" errors="0">
  <testcase name="testExecuteAndPostProcess" time="2.433" classname="teammates.test.cases.ui.InstructorCoursesPageActionTest"/>
</testsuite> <!-- teammates.test.cases.ui.InstructorCoursesPageActionTest -->
