<?xml version="1.0" encoding="UTF-8"?>
<!-- Generated by org.testng.reporters.JUnitReportReporter -->
<testsuite hostname="soccf-tr5-001" name="teammates.test.cases.logic.AccountsLogicTest" tests="8" failures="0" timestamp="10 Sep 2014 13:16:53 GMT" time="1.061" errors="0">
  <testcase name="testCreateAccount" time="0.015" classname="teammates.test.cases.logic.AccountsLogicTest"/>
  <testcase name="testStudentProfileFunctions" time="0.078" classname="teammates.test.cases.logic.AccountsLogicTest"/>
  <testcase name="testJoinCourseForInstructor" time="0.405" classname="teammates.test.cases.logic.AccountsLogicTest"/>
  <testcase name="testGetInstructorAccounts" time="0.063" classname="teammates.test.cases.logic.AccountsLogicTest"/>
  <testcase name="testJoinCourseForStudent" time="0.406" classname="teammates.test.cases.logic.AccountsLogicTest"/>
  <testcase name="testAccountFunctions" time="0.032" classname="teammates.test.cases.logic.AccountsLogicTest"/>
  <testcase name="testDeleteAccountCascade" time="0.031" classname="teammates.test.cases.logic.AccountsLogicTest"/>
  <testcase name="testDeletePicture" time="0.031" classname="teammates.test.cases.logic.AccountsLogicTest"/>
</testsuite> <!-- teammates.test.cases.logic.AccountsLogicTest -->
