<?xml version="1.0" encoding="UTF-8"?>
<!-- Generated by org.testng.reporters.JUnitReportReporter -->
<testsuite hostname="soccf-tr5-001" name="teammates.test.cases.logic.SubmissionsLogicTest" tests="1" failures="0" timestamp="21 Aug 2014 13:50:20 GMT" time="0.234" errors="0">
  <testcase name="testAll" time="0.234" classname="teammates.test.cases.logic.SubmissionsLogicTest"/>
</testsuite> <!-- teammates.test.cases.logic.SubmissionsLogicTest -->
