<?xml version="1.0" encoding="UTF-8"?>
<!-- Generated by org.testng.reporters.JUnitReportReporter -->
<testsuite hostname="soccf-tr5-001" name="teammates.test.cases.ui.browsertests.TableSortTest" tests="6" failures="0" timestamp="24 Sep 2014 13:40:10 GMT" time="3.230" errors="0">
  <testcase name="testTableSortingID" time="0.344" classname="teammates.test.cases.ui.browsertests.TableSortTest"/>
  <testcase name="testStableSort" time="0.686" classname="teammates.test.cases.ui.browsertests.TableSortTest"/>
  <testcase name="testTableSortingDate" time="0.530" classname="teammates.test.cases.ui.browsertests.TableSortTest"/>
  <testcase name="testTableSortingDiff" time="0.250" classname="teammates.test.cases.ui.browsertests.TableSortTest"/>
  <testcase name="testTableSortingPoint" time="0.328" classname="teammates.test.cases.ui.browsertests.TableSortTest"/>
  <testcase name="testTableSortingName" time="1.092" classname="teammates.test.cases.ui.browsertests.TableSortTest"/>
</testsuite> <!-- teammates.test.cases.ui.browsertests.TableSortTest -->
