<?xml version="1.0" encoding="UTF-8"?>
<!-- Generated by org.testng.reporters.JUnitReportReporter -->
<testsuite hostname="soccf-tr5-001" name="teammates.test.cases.ui.browsertests.AdminAccountDetailsPageUiTest" tests="1" failures="0" timestamp="5 Nov 2014 10:55:50 GMT" time="7.488" errors="0">
  <testcase name="testAll" time="7.488" classname="teammates.test.cases.ui.browsertests.AdminAccountDetailsPageUiTest"/>
</testsuite> <!-- teammates.test.cases.ui.browsertests.AdminAccountDetailsPageUiTest -->
