<?xml version="1.0" encoding="UTF-8"?>
<!-- Generated by org.testng.reporters.JUnitReportReporter -->
<testsuite hostname="soccf-tr5-001" name="teammates.test.cases.logic.BackDoorLogicTest" tests="2" failures="0" timestamp="8 Oct 2014 10:45:32 GMT" time="1.374" errors="0">
  <testcase name="testGetSubmission" time="0.016" classname="teammates.test.cases.logic.BackDoorLogicTest"/>
  <testcase name="testPersistDataBundle" time="1.358" classname="teammates.test.cases.logic.BackDoorLogicTest"/>
</testsuite> <!-- teammates.test.cases.logic.BackDoorLogicTest -->
