<?xml version="1.0" encoding="UTF-8"?>
<!-- Generated by org.testng.reporters.JUnitReportReporter -->
<testsuite hostname="soccf-tr5-001" name="teammates.test.cases.ui.StudentHomePageActionTest" tests="1" failures="0" timestamp="3 Sep 2014 15:50:16 GMT" time="0.499" errors="0">
  <testcase name="testExecuteAndPostProcess" time="0.499" classname="teammates.test.cases.ui.StudentHomePageActionTest"/>
</testsuite> <!-- teammates.test.cases.ui.StudentHomePageActionTest -->
