<?xml version="1.0" encoding="UTF-8"?>
<!-- Generated by org.testng.reporters.JUnitReportReporter -->
<testsuite hostname="soccf-tr5-001" name="teammates.test.cases.ui.browsertests.StudentFeedbackResultsPageUiTest" tests="1" failures="0" timestamp="8 Oct 2014 15:22:55 GMT" time="29.172" errors="0">
  <testcase name="testAll" time="29.172" classname="teammates.test.cases.ui.browsertests.StudentFeedbackResultsPageUiTest"/>
</testsuite> <!-- teammates.test.cases.ui.browsertests.StudentFeedbackResultsPageUiTest -->
