<?xml version="1.0" encoding="UTF-8"?>
<!-- Generated by org.testng.reporters.JUnitReportReporter -->
<testsuite hostname="soccf-tr5-001" name="teammates.test.cases.ui.browsertests.InstructorFeedbackEditPageUiTest" tests="1" failures="1" timestamp="25 Feb 2015 13:21:15 GMT" time="7.989" errors="0">
  <testcase name="allTests" time="7.989" classname="teammates.test.cases.ui.browsertests.InstructorFeedbackEditPageUiTest">
    <failure type="java.lang.RuntimeException" message="java.lang.reflect.InvocationTargetException">
      <![CDATA[java.lang.RuntimeException: java.lang.reflect.InvocationTargetException
	at teammates.test.pageobjects.AppPage.createNewPage(AppPage.java:1013)
	at teammates.test.pageobjects.AppPage.getNewPageInstance(AppPage.java:165)
	at teammates.test.cases.ui.browsertests.BaseUiTestCase.loginAdminToPage(BaseUiTestCase.java:76)
	at teammates.test.cases.ui.browsertests.InstructorFeedbackEditPageUiTest.getFeedbackEditPage(InstructorFeedbackEditPageUiTest.java:1027)
	at teammates.test.cases.ui.browsertests.InstructorFeedbackEditPageUiTest.testContent(InstructorFeedbackEditPageUiTest.java:144)
	at teammates.test.cases.ui.browsertests.InstructorFeedbackEditPageUiTest.allTests(InstructorFeedbackEditPageUiTest.java:72)
	at sun.reflect.NativeMethodAccessorImpl.invoke0(Native Method)
	at sun.reflect.NativeMethodAccessorImpl.invoke(NativeMethodAccessorImpl.java:57)
	at sun.reflect.DelegatingMethodAccessorImpl.invoke(DelegatingMethodAccessorImpl.java:43)
	at java.lang.reflect.Method.invoke(Method.java:606)
	at org.testng.internal.MethodInvocationHelper.invokeMethod(MethodInvocationHelper.java:84)
	at org.testng.internal.Invoker.invokeMethod(Invoker.java:714)
	at org.testng.internal.Invoker.invokeTestMethod(Invoker.java:901)
	at org.testng.internal.Invoker.invokeTestMethods(Invoker.java:1231)
	at org.testng.internal.TestMethodWorker.invokeTestMethods(TestMethodWorker.java:127)
	at org.testng.internal.TestMethodWorker.run(TestMethodWorker.java:111)
	at java.util.concurrent.ThreadPoolExecutor.runWorker(ThreadPoolExecutor.java:1145)
	at java.util.concurrent.ThreadPoolExecutor$Worker.run(ThreadPoolExecutor.java:615)
	at java.lang.Thread.run(Thread.java:745)
Caused by: java.lang.reflect.InvocationTargetException
	at sun.reflect.NativeConstructorAccessorImpl.newInstance0(Native Method)
	at sun.reflect.NativeConstructorAccessorImpl.newInstance(NativeConstructorAccessorImpl.java:57)
	at sun.reflect.DelegatingConstructorAccessorImpl.newInstance(DelegatingConstructorAccessorImpl.java:45)
	at java.lang.reflect.Constructor.newInstance(Constructor.java:526)
	at teammates.test.pageobjects.AppPage.createNewPage(AppPage.java:1009)
	... 18 more
Caused by: java.lang.IllegalStateException: Not in the correct page!
	at teammates.test.pageobjects.AppPage.<init>(AppPage.java:147)
	at teammates.test.pageobjects.InstructorFeedbackEditPage.<init>(InstructorFeedbackEditPage.java:149)
	... 23 more
]]>
    </failure>
  </testcase> <!-- allTests -->
</testsuite> <!-- teammates.test.cases.ui.browsertests.InstructorFeedbackEditPageUiTest -->
