<?xml version="1.0" encoding="UTF-8"?>
<!-- Generated by org.testng.reporters.JUnitReportReporter -->
<testsuite hostname="soccf-tr5-001" name="teammates.test.cases.testdriver.HtmlHelperTest" tests="3" failures="0" timestamp="3 Sep 2014 15:24:38 GMT" time="0.250" errors="0">
  <testcase name="testConvertToStandardHtml" time="0.047" classname="teammates.test.cases.testdriver.HtmlHelperTest"/>
  <testcase name="testComparison" time="0.125" classname="teammates.test.cases.testdriver.HtmlHelperTest"/>
  <testcase name="testConvertToStandardHtmlPart" time="0.078" classname="teammates.test.cases.testdriver.HtmlHelperTest"/>
</testsuite> <!-- teammates.test.cases.testdriver.HtmlHelperTest -->
