<?xml version="1.0" encoding="UTF-8"?>
<!-- Generated by org.testng.reporters.JUnitReportReporter -->
<testsuite hostname="soccf-tr5-001" name="teammates.test.cases.ui.InstructorCourseInstructorEditSaveActionTest" tests="1" failures="0" timestamp="8 Oct 2014 11:52:49 GMT" time="0.484" errors="0">
  <testcase name="testExecuteAndPostProcess" time="0.484" classname="teammates.test.cases.ui.InstructorCourseInstructorEditSaveActionTest"/>
</testsuite> <!-- teammates.test.cases.ui.InstructorCourseInstructorEditSaveActionTest -->
