<?xml version="1.0" encoding="UTF-8"?>
<!-- Generated by org.testng.reporters.JUnitReportReporter -->
<testsuite hostname="soccf-tr5-001" name="teammates.test.cases.ui.browsertests.AdminAccountManagementPageUiTest" tests="1" failures="0" timestamp="26 Sep 2014 15:21:30 GMT" time="40.232" errors="0">
  <testcase name="testAll" time="40.232" classname="teammates.test.cases.ui.browsertests.AdminAccountManagementPageUiTest"/>
</testsuite> <!-- teammates.test.cases.ui.browsertests.AdminAccountManagementPageUiTest -->
