<?xml version="1.0" encoding="UTF-8"?>
<!-- Generated by org.testng.reporters.JUnitReportReporter -->
<testsuite hostname="soccf-tr5-001" name="teammates.test.cases.common.SubmissionAttributesTest" tests="4" failures="0" timestamp="25 Feb 2015 13:04:50 GMT" time="0.000" errors="0">
  <testcase name="testValidate" time="0.000" classname="teammates.test.cases.common.SubmissionAttributesTest"/>
  <testcase name="testIsValid" time="0.000" classname="teammates.test.cases.common.SubmissionAttributesTest"/>
  <testcase name="testIsSelfvaluation" time="0.000" classname="teammates.test.cases.common.SubmissionAttributesTest"/>
  <testcase name="testGetInvalidStateInfo" time="0.000" classname="teammates.test.cases.common.SubmissionAttributesTest"/>
</testsuite> <!-- teammates.test.cases.common.SubmissionAttributesTest -->
