<?xml version="1.0" encoding="UTF-8"?>
<!-- Generated by org.testng.reporters.JUnitReportReporter -->
<testsuite hostname="soccf-tr5-001" name="teammates.test.cases.common.InstructorAttributesTest" tests="7" failures="0" timestamp="8 Oct 2014 10:45:32 GMT" time="0.000" errors="0">
  <testcase name="testConstructor" time="0.000" classname="teammates.test.cases.common.InstructorAttributesTest"/>
  <testcase name="testGetInvalidityInfo" time="0.000" classname="teammates.test.cases.common.InstructorAttributesTest"/>
  <testcase name="testIsRegistered" time="0.000" classname="teammates.test.cases.common.InstructorAttributesTest"/>
  <testcase name="testIsAllowedForPrivilege" time="0.000" classname="teammates.test.cases.common.InstructorAttributesTest"/>
  <testcase name="testToEntity" time="0.000" classname="teammates.test.cases.common.InstructorAttributesTest"/>
  <testcase name="testIsEqualToAnotherInstructor" time="0.000" classname="teammates.test.cases.common.InstructorAttributesTest"/>
  <testcase name="testSanitizeForSaving" time="0.000" classname="teammates.test.cases.common.InstructorAttributesTest"/>
</testsuite> <!-- teammates.test.cases.common.InstructorAttributesTest -->
