<?xml version="1.0" encoding="UTF-8"?>
<!-- Generated by org.testng.reporters.JUnitReportReporter -->
<testsuite hostname="soccf-tr5-001" name="teammates.test.cases.storage.FeedbackSessionsDbTest" tests="3" failures="0" timestamp="9 Oct 2014 14:26:02 GMT" time="0.156" errors="0">
  <testcase name="testAllGetFeedbackSessions" time="0.094" classname="teammates.test.cases.storage.FeedbackSessionsDbTest"/>
  <testcase name="testUpdateFeedbackSession" time="0.047" classname="teammates.test.cases.storage.FeedbackSessionsDbTest"/>
  <testcase name="testCreateDeleteFeedbackSession" time="0.015" classname="teammates.test.cases.storage.FeedbackSessionsDbTest"/>
</testsuite> <!-- teammates.test.cases.storage.FeedbackSessionsDbTest -->
