<?xml version="1.0" encoding="UTF-8"?>
<!-- Generated by org.testng.reporters.JUnitReportReporter -->
<testsuite hostname="soccf-tr5-001" name="teammates.test.cases.common.StringHelperTest" tests="8" failures="0" timestamp="1 Oct 2014 11:57:39 GMT" time="0.078" errors="0">
  <testcase name="testToStringForStringLists" time="0.000" classname="teammates.test.cases.common.StringHelperTest"/>
  <testcase name="testIsWhiteSpace" time="0.000" classname="teammates.test.cases.common.StringHelperTest"/>
  <testcase name="testRecoverFromSanitizedText" time="0.016" classname="teammates.test.cases.common.StringHelperTest"/>
  <testcase name="testGenerateStringOfLength" time="0.000" classname="teammates.test.cases.common.StringHelperTest"/>
  <testcase name="testSplitName" time="0.000" classname="teammates.test.cases.common.StringHelperTest"/>
  <testcase name="testKeyEncryption" time="0.000" classname="teammates.test.cases.common.StringHelperTest"/>
  <testcase name="testIsMatching" time="0.062" classname="teammates.test.cases.common.StringHelperTest"/>
  <testcase name="testRemoveExtraSpace" time="0.000" classname="teammates.test.cases.common.StringHelperTest"/>
</testsuite> <!-- teammates.test.cases.common.StringHelperTest -->
