<?xml version="1.0" encoding="UTF-8"?>
<!-- Generated by org.testng.reporters.JUnitReportReporter -->
<testsuite hostname="soccf-tr5-001" name="teammates.test.cases.ui.InstructorStudentListAjaxPageActionTest" tests="1" failures="0" timestamp="6 Aug 2014 07:33:51 GMT" time="0.078" errors="0">
  <testcase name="testExecuteAndPostProcess" time="0.078" classname="teammates.test.cases.ui.InstructorStudentListAjaxPageActionTest"/>
</testsuite> <!-- teammates.test.cases.ui.InstructorStudentListAjaxPageActionTest -->
