<?xml version="1.0" encoding="UTF-8"?>
<!-- Generated by org.testng.reporters.JUnitReportReporter -->
<testsuite hostname="soccf-tr5-001" name="teammates.test.automated.EvaluationOpeningReminderTest" tests="2" failures="0" timestamp="10 Sep 2014 12:56:05 GMT" time="3.121" errors="0">
  <testcase name="testEvaluationOpeningMailAction" time="1.031" classname="teammates.test.automated.EvaluationOpeningReminderTest"/>
  <testcase name="testAdditionOfTaskToTaskQueue" time="2.090" classname="teammates.test.automated.EvaluationOpeningReminderTest"/>
</testsuite> <!-- teammates.test.automated.EvaluationOpeningReminderTest -->
