<?xml version="1.0" encoding="UTF-8"?>
<!-- Generated by org.testng.reporters.JUnitReportReporter -->
<testsuite hostname="soccf-tr5-001" name="teammates.test.cases.common.SanitizerTest" tests="10" failures="0" timestamp="7 Aug 2014 03:44:33 GMT" time="0.000" errors="0">
  <testcase name="testSanitizeTextField" time="0.000" classname="teammates.test.cases.common.SanitizerTest"/>
  <testcase name="testSanitizeGoogleId" time="0.000" classname="teammates.test.cases.common.SanitizerTest"/>
  <testcase name="testSanitizeListForCsv" time="0.000" classname="teammates.test.cases.common.SanitizerTest"/>
  <testcase name="testSanitizeForRichText" time="0.000" classname="teammates.test.cases.common.SanitizerTest"/>
  <testcase name="testSanitizeEmail" time="0.000" classname="teammates.test.cases.common.SanitizerTest"/>
  <testcase name="testSanitizeForCsv" time="0.000" classname="teammates.test.cases.common.SanitizerTest"/>
  <testcase name="testSanitizeName" time="0.000" classname="teammates.test.cases.common.SanitizerTest"/>
  <testcase name="testSanitizeForJs" time="0.000" classname="teammates.test.cases.common.SanitizerTest"/>
  <testcase name="testSanitizeForHtml" time="0.000" classname="teammates.test.cases.common.SanitizerTest"/>
  <testcase name="testSanitizeTitle" time="0.000" classname="teammates.test.cases.common.SanitizerTest"/>
</testsuite> <!-- teammates.test.cases.common.SanitizerTest -->
