<?xml version="1.0" encoding="UTF-8"?>
<!-- Generated by org.testng.reporters.JUnitReportReporter -->
<testsuite hostname="soccf-tr5-001" name="teammates.test.cases.ui.InstructorFeedbackCopyActionTest" tests="2" failures="0" timestamp="11 Sep 2014 07:39:05 GMT" time="9.110" errors="0">
  <testcase name="testExecuteAndPostProcess" time="3.775" classname="teammates.test.cases.ui.InstructorFeedbackCopyActionTest"/>
  <testcase name="testAccessControl" time="5.335" classname="teammates.test.cases.ui.InstructorFeedbackCopyActionTest"/>
</testsuite> <!-- teammates.test.cases.ui.InstructorFeedbackCopyActionTest -->
