<?xml version="1.0" encoding="UTF-8"?>
<!-- Generated by org.testng.reporters.JUnitReportReporter -->
<testsuite hostname="soccf-tr5-001" name="teammates.test.cases.ui.InstructorCourseAddActionTest" tests="1" failures="0" timestamp="24 Sep 2014 13:40:10 GMT" time="1.513" errors="0">
  <testcase name="testExecute" time="1.513" classname="teammates.test.cases.ui.InstructorCourseAddActionTest"/>
</testsuite> <!-- teammates.test.cases.ui.InstructorCourseAddActionTest -->
