<?xml version="1.0" encoding="UTF-8"?>
<!-- Generated by org.testng.reporters.JUnitReportReporter -->
<testsuite hostname="soccf-tr5-001" name="teammates.test.cases.ui.browsertests.StudentFeedbackSubmitPageUiTest" tests="1" failures="0" timestamp="8 Oct 2014 10:45:32 GMT" time="175.450" errors="0">
  <testcase name="testAll" time="175.450" classname="teammates.test.cases.ui.browsertests.StudentFeedbackSubmitPageUiTest"/>
</testsuite> <!-- teammates.test.cases.ui.browsertests.StudentFeedbackSubmitPageUiTest -->
