<?xml version="1.0" encoding="UTF-8"?>
<!-- Generated by org.testng.reporters.JUnitReportReporter -->
<testsuite hostname="soccf-tr5-001" name="teammates.test.cases.ui.InstructorCommentsPageActionTest" tests="1" failures="0" timestamp="15 Sep 2014 10:43:00 GMT" time="0.515" errors="0">
  <testcase name="testExecuteAndPostProcess" time="0.515" classname="teammates.test.cases.ui.InstructorCommentsPageActionTest"/>
</testsuite> <!-- teammates.test.cases.ui.InstructorCommentsPageActionTest -->
