<?xml version="1.0" encoding="UTF-8"?>
<!-- Generated by org.testng.reporters.JUnitReportReporter -->
<testsuite hostname="soccf-tr5-001" name="teammates.test.cases.ui.InstructorCourseAddActionTest" tests="1" failures="0" timestamp="8 Oct 2014 15:54:50 GMT" time="2.028" errors="0">
  <testcase name="testExecute" time="2.028" classname="teammates.test.cases.ui.InstructorCourseAddActionTest"/>
</testsuite> <!-- teammates.test.cases.ui.InstructorCourseAddActionTest -->
