<?xml version="1.0" encoding="UTF-8"?>
<!-- Generated by org.testng.reporters.JUnitReportReporter -->
<testsuite hostname="soccf-tr5-001" name="teammates.test.automated.FeedbackSessionClosingReminderTest" tests="2" failures="0" timestamp="24 Sep 2014 13:40:10 GMT" time="2.121" errors="0">
  <testcase name="testAdditionOfTaskToTaskQueue" time="2.059" classname="teammates.test.automated.FeedbackSessionClosingReminderTest"/>
  <testcase name="testFeedbackSessionClosingMailAction" time="0.062" classname="teammates.test.automated.FeedbackSessionClosingReminderTest"/>
</testsuite> <!-- teammates.test.automated.FeedbackSessionClosingReminderTest -->
