<?xml version="1.0" encoding="UTF-8"?>
<!-- Generated by org.testng.reporters.JUnitReportReporter -->
<testsuite hostname="soccf-tr5-001" name="teammates.test.cases.ui.browsertests.AutomatedSessionRemindersTest" tests="5" failures="0" timestamp="8 Oct 2014 10:45:32 GMT" time="5.226" errors="0">
  <testcase name="testEvaluationClosingReminders" time="0.827" classname="teammates.test.cases.ui.browsertests.AutomatedSessionRemindersTest"/>
  <testcase name="testEvaluationOpeningReminders" time="0.655" classname="teammates.test.cases.ui.browsertests.AutomatedSessionRemindersTest"/>
  <testcase name="testFeedbackSessionOpeningReminders" time="0.608" classname="teammates.test.cases.ui.browsertests.AutomatedSessionRemindersTest"/>
  <testcase name="testFeedbackSesssionClosingReminders" time="1.529" classname="teammates.test.cases.ui.browsertests.AutomatedSessionRemindersTest"/>
  <testcase name="testFeedbackSessionPublishedReminders" time="1.607" classname="teammates.test.cases.ui.browsertests.AutomatedSessionRemindersTest"/>
</testsuite> <!-- teammates.test.cases.ui.browsertests.AutomatedSessionRemindersTest -->
