<?xml version="1.0" encoding="UTF-8"?>
<!-- Generated by org.testng.reporters.JUnitReportReporter -->
<testsuite hostname="soccf-tr5-001" name="teammates.test.cases.ui.browsertests.TableSortTest" tests="6" failures="0" timestamp="22 Sep 2014 13:13:16 GMT" time="3.479" errors="0">
  <testcase name="testTableSortingID" time="0.421" classname="teammates.test.cases.ui.browsertests.TableSortTest"/>
  <testcase name="testTableSortingPoint" time="0.297" classname="teammates.test.cases.ui.browsertests.TableSortTest"/>
  <testcase name="testStableSort" time="1.139" classname="teammates.test.cases.ui.browsertests.TableSortTest"/>
  <testcase name="testTableSortingName" time="0.265" classname="teammates.test.cases.ui.browsertests.TableSortTest"/>
  <testcase name="testTableSortingDate" time="0.405" classname="teammates.test.cases.ui.browsertests.TableSortTest"/>
  <testcase name="testTableSortingDiff" time="0.952" classname="teammates.test.cases.ui.browsertests.TableSortTest"/>
</testsuite> <!-- teammates.test.cases.ui.browsertests.TableSortTest -->
