<?xml version="1.0" encoding="UTF-8"?>
<!-- Generated by org.testng.reporters.JUnitReportReporter -->
<testsuite hostname="soccf-tr5-001" name="teammates.test.automated.FeedbackSessionPublishedReminderTest" tests="2" failures="0" timestamp="29 Oct 2014 13:47:49 GMT" time="7.224" errors="0">
  <testcase name="testAdditionOfTaskToTaskQueue" time="6.148" classname="teammates.test.automated.FeedbackSessionPublishedReminderTest"/>
  <testcase name="testFeedbackSessionOpeningMailAction" time="1.076" classname="teammates.test.automated.FeedbackSessionPublishedReminderTest"/>
</testsuite> <!-- teammates.test.automated.FeedbackSessionPublishedReminderTest -->
