<?xml version="1.0" encoding="UTF-8"?>
<!-- Generated by org.testng.reporters.JUnitReportReporter -->
<testsuite hostname="soccf-tr5-001" name="teammates.test.cases.common.BuildPropertiesTest" tests="1" failures="1" timestamp="22 Feb 2015 13:34:35 GMT" time="0.031" errors="0">
  <testcase name="checkReadingEmailTemplates" time="0.031" classname="teammates.test.cases.common.BuildPropertiesTest">
    <failure type="java.lang.ExceptionInInitializerError">
      <![CDATA[java.lang.ExceptionInInitializerError
	at teammates.test.cases.common.BuildPropertiesTest.checkReadingEmailTemplates(BuildPropertiesTest.java:21)
	at sun.reflect.NativeMethodAccessorImpl.invoke0(Native Method)
	at sun.reflect.NativeMethodAccessorImpl.invoke(NativeMethodAccessorImpl.java:57)
	at sun.reflect.DelegatingMethodAccessorImpl.invoke(DelegatingMethodAccessorImpl.java:43)
	at java.lang.reflect.Method.invoke(Method.java:606)
	at org.testng.internal.MethodInvocationHelper.invokeMethod(MethodInvocationHelper.java:84)
	at org.testng.internal.Invoker.invokeMethod(Invoker.java:714)
	at org.testng.internal.Invoker.invokeTestMethod(Invoker.java:901)
	at org.testng.internal.Invoker.invokeTestMethods(Invoker.java:1231)
	at org.testng.internal.TestMethodWorker.invokeTestMethods(TestMethodWorker.java:127)
	at org.testng.internal.TestMethodWorker.run(TestMethodWorker.java:111)
	at org.testng.TestRunner.privateRun(TestRunner.java:767)
	at org.testng.TestRunner.run(TestRunner.java:617)
	at org.testng.SuiteRunner.runTest(SuiteRunner.java:334)
	at org.testng.SuiteRunner.access$000(SuiteRunner.java:37)
	at org.testng.SuiteRunner$SuiteWorker.run(SuiteRunner.java:368)
	at org.testng.internal.thread.ThreadUtil$2.call(ThreadUtil.java:64)
	at java.util.concurrent.FutureTask.run(FutureTask.java:262)
	at java.util.concurrent.ThreadPoolExecutor.runWorker(ThreadPoolExecutor.java:1145)
	at java.util.concurrent.ThreadPoolExecutor$Worker.run(ThreadPoolExecutor.java:615)
	at java.lang.Thread.run(Thread.java:745)
Caused by: java.lang.NullPointerException: source
	at java.util.Objects.requireNonNull(Objects.java:226)
	at java.util.Scanner.<init>(Scanner.java:623)
	at teammates.common.util.FileHelper.readStream(FileHelper.java:38)
	at teammates.common.util.FileHelper.readResourseFile(FileHelper.java:45)
	at teammates.common.util.EmailTemplates.<clinit>(EmailTemplates.java:9)
	... 21 more
]]>
    </failure>
  </testcase> <!-- checkReadingEmailTemplates -->
</testsuite> <!-- teammates.test.cases.common.BuildPropertiesTest -->
