<?xml version="1.0" encoding="UTF-8"?>
<!-- Generated by org.testng.reporters.JUnitReportReporter -->
<testsuite hostname="soccf-tr5-001" name="teammates.test.cases.ui.AdminAccountDetailsPageActionTest" tests="1" failures="0" timestamp="30 Aug 2014 08:03:45 GMT" time="0.000" errors="0">
  <testcase name="testExecuteAndPostProcess" time="0.000" classname="teammates.test.cases.ui.AdminAccountDetailsPageActionTest"/>
</testsuite> <!-- teammates.test.cases.ui.AdminAccountDetailsPageActionTest -->
