<?xml version="1.0" encoding="UTF-8"?>
<!-- Generated by org.testng.reporters.JUnitReportReporter -->
<testsuite hostname="soccf-tr5-001" name="teammates.test.cases.ui.browsertests.AdminHomePageUiTest" tests="1" failures="0" timestamp="24 Sep 2014 13:45:01 GMT" time="159.483" errors="0">
  <testcase name="testAll" time="159.483" classname="teammates.test.cases.ui.browsertests.AdminHomePageUiTest"/>
</testsuite> <!-- teammates.test.cases.ui.browsertests.AdminHomePageUiTest -->
