<?xml version="1.0" encoding="UTF-8"?>
<!-- Generated by org.testng.reporters.JUnitReportReporter -->
<testsuite hostname="soccf-tr5-001" name="teammates.test.cases.storage.ProfilesDbTest" tests="4" failures="0" timestamp="29 Oct 2014 17:34:19 GMT" time="0.421" errors="0">
  <testcase name="testDeleteProfilePicture" time="0.062" classname="teammates.test.cases.storage.ProfilesDbTest"/>
  <testcase name="testUpdateStudentProfile" time="0.312" classname="teammates.test.cases.storage.ProfilesDbTest"/>
  <testcase name="testGetStudentProfile" time="0.000" classname="teammates.test.cases.storage.ProfilesDbTest"/>
  <testcase name="testUpdateStudentProfilePicture" time="0.047" classname="teammates.test.cases.storage.ProfilesDbTest"/>
</testsuite> <!-- teammates.test.cases.storage.ProfilesDbTest -->
