<?xml version="1.0" encoding="UTF-8"?>
<!-- Generated by org.testng.reporters.JUnitReportReporter -->
<testsuite hostname="soccf-tr5-001" name="teammates.test.cases.ui.browsertests.StudentEvalResultsPageUiTest" tests="1" failures="0" timestamp="11 Sep 2014 05:49:53 GMT" time="17.800" errors="0">
  <testcase name="testAll" time="17.800" classname="teammates.test.cases.ui.browsertests.StudentEvalResultsPageUiTest"/>
</testsuite> <!-- teammates.test.cases.ui.browsertests.StudentEvalResultsPageUiTest -->
