<?xml version="1.0" encoding="UTF-8"?>
<!-- Generated by org.testng.reporters.JUnitReportReporter -->
<testsuite hostname="soccf-tr5-001" name="teammates.test.automated.EvaluationClosingReminderTest" tests="2" failures="0" timestamp="10 Sep 2014 12:56:05 GMT" time="2.278" errors="0">
  <testcase name="testAdditionOfTaskToTaskQueue" time="2.169" classname="teammates.test.automated.EvaluationClosingReminderTest"/>
  <testcase name="testEvaluationClosingMailAction" time="0.109" classname="teammates.test.automated.EvaluationClosingReminderTest"/>
</testsuite> <!-- teammates.test.automated.EvaluationClosingReminderTest -->
