<?xml version="1.0" encoding="UTF-8"?>
<!-- Generated by org.testng.reporters.JUnitReportReporter -->
<testsuite hostname="soccf-tr5-001" name="teammates.test.cases.common.TimeHelperTest" tests="2" failures="0" timestamp="21 Aug 2014 08:55:40 GMT" time="0.016" errors="0">
  <testcase name="testFormatTimeForEvaluation" time="0.000" classname="teammates.test.cases.common.TimeHelperTest"/>
  <testcase name="testCombineDateTime" time="0.016" classname="teammates.test.cases.common.TimeHelperTest"/>
</testsuite> <!-- teammates.test.cases.common.TimeHelperTest -->
