<?xml version="1.0" encoding="UTF-8"?>
<!-- Generated by org.testng.reporters.JUnitReportReporter -->
<testsuite hostname="soccf-tr5-001" name="teammates.test.cases.ui.InstructorFeedbackResultsDownloadActionTest" tests="1" failures="0" timestamp="24 Sep 2014 13:40:10 GMT" time="4.821" errors="0">
  <testcase name="testExecuteAndPostProcess" time="4.821" classname="teammates.test.cases.ui.InstructorFeedbackResultsDownloadActionTest"/>
</testsuite> <!-- teammates.test.cases.ui.InstructorFeedbackResultsDownloadActionTest -->
