<?xml version="1.0" encoding="UTF-8"?>
<!-- Generated by org.testng.reporters.JUnitReportReporter -->
<testsuite hostname="soccf-tr5-001" name="teammates.test.cases.storage.InstructorsDbTest" tests="12" failures="0" timestamp="15 Sep 2014 10:43:01 GMT" time="2.543" errors="0">
  <testcase name="testGetInstructorsForGoogleId" time="0.000" classname="teammates.test.cases.storage.InstructorsDbTest"/>
  <testcase name="testUpdateInstructorByGoogleId" time="0.016" classname="teammates.test.cases.storage.InstructorsDbTest"/>
  <testcase name="testGetInstructorForRegistrationKey" time="0.000" classname="teammates.test.cases.storage.InstructorsDbTest"/>
  <testcase name="testUpdateInstructorByEmail" time="1.185" classname="teammates.test.cases.storage.InstructorsDbTest"/>
  <testcase name="testDeleteInstructorsForCourse" time="0.047" classname="teammates.test.cases.storage.InstructorsDbTest"/>
  <testcase name="testGetInstructorsForEmail" time="0.000" classname="teammates.test.cases.storage.InstructorsDbTest"/>
  <testcase name="testDeleteInstructor" time="0.905" classname="teammates.test.cases.storage.InstructorsDbTest"/>
  <testcase name="testCreateInstructor" time="0.000" classname="teammates.test.cases.storage.InstructorsDbTest"/>
  <testcase name="testGetInstructorForGoogleId" time="0.031" classname="teammates.test.cases.storage.InstructorsDbTest"/>
  <testcase name="testDeleteInstructorsForGoogleId" time="0.343" classname="teammates.test.cases.storage.InstructorsDbTest"/>
  <testcase name="testGetInstructorsForCourse" time="0.016" classname="teammates.test.cases.storage.InstructorsDbTest"/>
  <testcase name="testGetInstructorForEmail" time="0.000" classname="teammates.test.cases.storage.InstructorsDbTest"/>
</testsuite> <!-- teammates.test.cases.storage.InstructorsDbTest -->
