<?xml version="1.0" encoding="UTF-8"?>
<!-- Generated by org.testng.reporters.JUnitReportReporter -->
<testsuite hostname="soccf-tr5-001" name="teammates.test.cases.ui.InstructorFeedbackQuestionEditActionTest" tests="7" failures="0" timestamp="7 Aug 2014 03:44:31 GMT" time="10.312" errors="0">
  <testcase name="testExecuteAndPostProcessContributionQuestion" time="1.872" classname="teammates.test.cases.ui.InstructorFeedbackQuestionEditActionTest"/>
  <testcase name="testExecuteAndPostProcessMcq" time="1.622" classname="teammates.test.cases.ui.InstructorFeedbackQuestionEditActionTest"/>
  <testcase name="testExecuteAndPostProcess" time="0.187" classname="teammates.test.cases.ui.InstructorFeedbackQuestionEditActionTest"/>
  <testcase name="testExecuteAndPostProcessConstSumOption" time="1.341" classname="teammates.test.cases.ui.InstructorFeedbackQuestionEditActionTest"/>
  <testcase name="testExecuteAndPostProcessConstSumRecipient" time="1.702" classname="teammates.test.cases.ui.InstructorFeedbackQuestionEditActionTest"/>
  <testcase name="testExecuteAndPostProcessNumScale" time="1.778" classname="teammates.test.cases.ui.InstructorFeedbackQuestionEditActionTest"/>
  <testcase name="testExecuteAndPostProcessMsq" time="1.810" classname="teammates.test.cases.ui.InstructorFeedbackQuestionEditActionTest"/>
</testsuite> <!-- teammates.test.cases.ui.InstructorFeedbackQuestionEditActionTest -->
