<?xml version="1.0" encoding="UTF-8"?>
<!-- Generated by org.testng.reporters.JUnitReportReporter -->
<testsuite hostname="soccf-tr5-001" name="teammates.test.cases.ui.browsertests.StudentCourseJoinConfirmationPageUiTest" tests="1" failures="0" timestamp="3 Sep 2014 15:24:38 GMT" time="67.874" errors="0">
  <testcase name="testAll" time="67.874" classname="teammates.test.cases.ui.browsertests.StudentCourseJoinConfirmationPageUiTest"/>
</testsuite> <!-- teammates.test.cases.ui.browsertests.StudentCourseJoinConfirmationPageUiTest -->
