<?xml version="1.0" encoding="UTF-8"?>
<!-- Generated by org.testng.reporters.JUnitReportReporter -->
<testsuite hostname="soccf-tr5-001" name="teammates.test.cases.ui.browsertests.StudentHomePageUiTest" tests="1" failures="0" timestamp="2 Jan 2015 09:31:31 GMT" time="8.362" errors="1">
  <testcase name="allTests" time="8.362" classname="teammates.test.cases.ui.browsertests.StudentHomePageUiTest">
    <error type="org.junit.ComparisonFailure" message="expected:&lt;&lt;[expected&gt;
   &lt;div class=&quot;container theme-showcase&quot; id=&quot;frameBodyWrapper&quot;&gt;
      &lt;div id=&quot;topOfPage&quot;&gt;
      &lt;/div&gt;
      &lt;h2&gt;
         Student Home
      &lt;/h2&gt;
      &lt;div id=&quot;statusMessage&quot; style=&quot;display: none;&quot;&gt;
      &lt;/div&gt;
      &lt;br/&gt;
            &lt;div class=&quot;panel panel-primary&quot;&gt;
         &lt;div class=&quot;panel-heading&quot;&gt;
            &lt;strong&gt;
               [SHomeUiT.CS2104] : Programming Language Concepts
            &lt;/strong&gt;
            &lt;span class=&quot;pull-right&quot;&gt;
               &lt;a class=&quot;btn btn-primary btn-xs&quot; data-original-title=&quot;View and edit information regarding your team&quot; data-placement=&quot;top&quot; data-toggle=&quot;tooltip&quot; href=&quot;/page/studentCourseDetailsPage?user=unreg_user&amp;courseid=SHomeUiT.CS2104&quot; title=&quot;&quot;&gt;
                  View Team
               &lt;/a&gt;
            &lt;/span&gt;
         &lt;/div&gt;
         &lt;table class=&quot;table-responsive table table-striped&quot;&gt;
            &lt;thead&gt;
               &lt;tr&gt;
                  &lt;th&gt;
                     Session Name
                  &lt;/th&gt;
                  &lt;th&gt;
                     Deadline
                  &lt;/th&gt;
                  &lt;th&gt;
                     Status
                  &lt;/th&gt;
                  &lt;th class=&quot;studentHomeActions&quot;&gt;
                     Action(s)
                  &lt;/th&gt;
               &lt;/tr&gt;
            &lt;/thead&gt;
            &lt;tbody&gt;
               &lt;tr id=&quot;evaluation0&quot;&gt;
                  &lt;td&gt;
                     Second Eval
                  &lt;/td&gt;
                  &lt;td&gt;
                     02 Apr 2012, 23:59
                  &lt;/td&gt;
                  &lt;td&gt;
                     &lt;span data-original-title=&quot;The evaluation has finished and you can check the results&quot; data-placement=&quot;top&quot; data-toggle=&quot;tooltip&quot; title=&quot;&quot;&gt;
                        Published
                     &lt;/span&gt;
                  &lt;/td&gt;
                  &lt;td class=&quot;studentHomeActions&quot;&gt;
                     &lt;a class=&quot;btn btn-default btn-xs btn-tm-actions&quot; data-original-title=&quot;View the current results of the evaluation&quot; data-placement=&quot;top&quot; data-toggle=&quot;tooltip&quot; href=&quot;/page/studentEvalResultsPage?user=unreg_user&amp;courseid=SHomeUiT.CS2104&amp;evaluationname=Second+Eval&quot; id=&quot;viewEvaluationResults0&quot; name=&quot;viewEvaluationResults0&quot; role=&quot;button&quot; title=&quot;&quot;&gt;
                        View Results
                     &lt;/a&gt;
                     &lt;a class=&quot;btn btn-default btn-xs btn-tm-actions disabled&quot; data-original-title=&quot;Edit submitted evaluation&quot; data-placement=&quot;top&quot; data-toggle=&quot;tooltip&quot; href=&quot;/page/studentEvalSubmissionEditPage?user=unreg_user&amp;courseid=SHomeUiT.CS2104&amp;evaluationname=Second+Eval&quot; id=&quot;editEvaluationSubmission0&quot; name=&quot;editEvaluationSubmission0&quot; onclick=&quot;return false&quot; role=&quot;button&quot; title=&quot;&quot;&gt;
                        Edit/View Submission
                     &lt;/a&gt;
                  &lt;/td&gt;
               &lt;/tr&gt;
               &lt;tr id=&quot;evaluation1&quot;&gt;
                  &lt;td&gt;
                     First Eval
                  &lt;/td&gt;
                  &lt;td&gt;
                     01 Apr 2017, 23:59
                  &lt;/td&gt;
                  &lt;td&gt;
                     &lt;span data-original-title=&quot;The evaluation is yet to be completed by you&quot; data-placement=&quot;top&quot; data-toggle=&quot;tooltip&quot; title=&quot;&quot;&gt;
                        Pending
                     &lt;/span&gt;
                  &lt;/td&gt;
                  &lt;td class=&quot;studentHomeActions&quot;&gt;
                     &lt;a class=&quot;btn btn-default btn-xs btn-tm-actions&quot; data-original-title=&quot;Start evaluation&quot; data-placement=&quot;top&quot; data-toggle=&quot;tooltip&quot; href=&quot;/page/studentEvalSubmissionEditPage?user=unreg_user&amp;courseid=SHomeUiT.CS2104&amp;evaluationname=First+Eval&quot; id=&quot;submitEvaluation1&quot; title=&quot;&quot;&gt;
                        Start Submission
                     &lt;/a&gt;
                  &lt;/td&gt;
               &lt;/tr&gt;
            &lt;/tbody&gt;
         &lt;/table&gt;
      &lt;/div&gt;
      &lt;br/&gt;
            &lt;br/&gt;
         &lt;/div&gt;

&lt;/expected]&gt;&gt; but was:&lt;&lt;[actual&gt;
   &lt;div class=&quot;container theme-showcase&quot; id=&quot;frameBodyWrapper&quot;&gt;
      &lt;div id=&quot;topOfPage&quot;&gt;
      &lt;/div&gt;
      &lt;h2&gt;
         Student Home
      &lt;/h2&gt;
      &lt;div id=&quot;statusMessage&quot; style=&quot;display: none;&quot;&gt;
      &lt;/div&gt;
      &lt;br/&gt;
            &lt;div class=&quot;panel panel-primary&quot;&gt;
         &lt;div class=&quot;panel-heading&quot;&gt;
            &lt;strong&gt;
               [SHomeUiT.CS2104] : Programming Language Concepts
            &lt;/strong&gt;
            &lt;span class=&quot;pull-right&quot;&gt;
               &lt;a class=&quot;btn btn-primary btn-xs&quot; data-original-title=&quot;View and edit information regarding your team&quot; data-placement=&quot;top&quot; data-toggle=&quot;tooltip&quot; href=&quot;/page/studentCourseDetailsPage?user=unreg_user&amp;courseid=SHomeUiT.CS2104&quot; title=&quot;&quot;&gt;
                  View Team
               &lt;/a&gt;
            &lt;/span&gt;
         &lt;/div&gt;
         &lt;table class=&quot;table-responsive table table-striped&quot;&gt;
            &lt;thead&gt;
               &lt;tr&gt;
                  &lt;th&gt;
                     Session Name
                  &lt;/th&gt;
                  &lt;th&gt;
                     Deadline
                  &lt;/th&gt;
                  &lt;th&gt;
                     Status
                  &lt;/th&gt;
                  &lt;th class=&quot;studentHomeActions&quot;&gt;
                     Action(s)
                  &lt;/th&gt;
               &lt;/tr&gt;
            &lt;/thead&gt;
            &lt;tbody&gt;
               &lt;tr id=&quot;evaluation1&quot;&gt;
                  &lt;td&gt;
                     Second Eval
                  &lt;/td&gt;
                  &lt;td&gt;
                     02 Apr 2012, 23:59
                  &lt;/td&gt;
                  &lt;td&gt;
                     &lt;span data-original-title=&quot;The evaluation has finished and you can check the results&quot; data-placement=&quot;top&quot; data-toggle=&quot;tooltip&quot; title=&quot;&quot;&gt;
                        Published
                     &lt;/span&gt;
                  &lt;/td&gt;
                  &lt;td class=&quot;studentHomeActions&quot;&gt;
                     &lt;a class=&quot;btn btn-default btn-xs btn-tm-actions&quot; data-original-title=&quot;View the current results of the evaluation&quot; data-placement=&quot;top&quot; data-toggle=&quot;tooltip&quot; href=&quot;/page/studentEvalResultsPage?user=unreg_user&amp;courseid=SHomeUiT.CS2104&amp;evaluationname=Second+Eval&quot; id=&quot;viewEvaluationResults1&quot; name=&quot;viewEvaluationResults1&quot; role=&quot;button&quot; title=&quot;&quot;&gt;
                        View Results
                     &lt;/a&gt;
                     &lt;a class=&quot;btn btn-default btn-xs btn-tm-actions disabled&quot; data-original-title=&quot;Edit submitted evaluation&quot; data-placement=&quot;top&quot; data-toggle=&quot;tooltip&quot; href=&quot;/page/studentEvalSubmissionEditPage?user=unreg_user&amp;courseid=SHomeUiT.CS2104&amp;evaluationname=Second+Eval&quot; id=&quot;editEvaluationSubmission1&quot; name=&quot;editEvaluationSubmission1&quot; onclick=&quot;return false&quot; role=&quot;button&quot; title=&quot;&quot;&gt;
                        Edit/View Submission
                     &lt;/a&gt;
                  &lt;/td&gt;
               &lt;/tr&gt;
               &lt;tr id=&quot;evaluation0&quot;&gt;
                  &lt;td&gt;
                     First Eval
                  &lt;/td&gt;
                  &lt;td&gt;
                     01 Apr 2017, 23:59
                  &lt;/td&gt;
                  &lt;td&gt;
                     &lt;span data-original-title=&quot;The evaluation is yet to be completed by you&quot; data-placement=&quot;top&quot; data-toggle=&quot;tooltip&quot; title=&quot;&quot;&gt;
                        Pending
                     &lt;/span&gt;
                  &lt;/td&gt;
                  &lt;td class=&quot;studentHomeActions&quot;&gt;
                     &lt;a class=&quot;btn btn-default btn-xs btn-tm-actions&quot; data-original-title=&quot;Start evaluation&quot; data-placement=&quot;top&quot; data-toggle=&quot;tooltip&quot; href=&quot;/page/studentEvalSubmissionEditPage?user=unreg_user&amp;courseid=SHomeUiT.CS2104&amp;evaluationname=First+Eval&quot; id=&quot;submitEvaluation0&quot; title=&quot;&quot;&gt;
                        Start Submission
                     &lt;/a&gt;
                  &lt;/td&gt;
               &lt;/tr&gt;
            &lt;/tbody&gt;
         &lt;/table&gt;
      &lt;/div&gt;
      &lt;br/&gt;
            &lt;br/&gt;
         &lt;/div&gt;

&lt;/actual]&gt;&gt;">
      <![CDATA[org.junit.ComparisonFailure: expected:<<[expected>
   <div class="container theme-showcase" id="frameBodyWrapper">
      <div id="topOfPage">
      </div>
      <h2>
         Student Home
      </h2>
      <div id="statusMessage" style="display: none;">
      </div>
      <br/>
            <div class="panel panel-primary">
         <div class="panel-heading">
            <strong>
               [SHomeUiT.CS2104] : Programming Language Concepts
            </strong>
            <span class="pull-right">
               <a class="btn btn-primary btn-xs" data-original-title="View and edit information regarding your team" data-placement="top" data-toggle="tooltip" href="/page/studentCourseDetailsPage?user=unreg_user&courseid=SHomeUiT.CS2104" title="">
                  View Team
               </a>
            </span>
         </div>
         <table class="table-responsive table table-striped">
            <thead>
               <tr>
                  <th>
                     Session Name
                  </th>
                  <th>
                     Deadline
                  </th>
                  <th>
                     Status
                  </th>
                  <th class="studentHomeActions">
                     Action(s)
                  </th>
               </tr>
            </thead>
            <tbody>
               <tr id="evaluation0">
                  <td>
                     Second Eval
                  </td>
                  <td>
                     02 Apr 2012, 23:59
                  </td>
                  <td>
                     <span data-original-title="The evaluation has finished and you can check the results" data-placement="top" data-toggle="tooltip" title="">
                        Published
                     </span>
                  </td>
                  <td class="studentHomeActions">
                     <a class="btn btn-default btn-xs btn-tm-actions" data-original-title="View the current results of the evaluation" data-placement="top" data-toggle="tooltip" href="/page/studentEvalResultsPage?user=unreg_user&courseid=SHomeUiT.CS2104&evaluationname=Second+Eval" id="viewEvaluationResults0" name="viewEvaluationResults0" role="button" title="">
                        View Results
                     </a>
                     <a class="btn btn-default btn-xs btn-tm-actions disabled" data-original-title="Edit submitted evaluation" data-placement="top" data-toggle="tooltip" href="/page/studentEvalSubmissionEditPage?user=unreg_user&courseid=SHomeUiT.CS2104&evaluationname=Second+Eval" id="editEvaluationSubmission0" name="editEvaluationSubmission0" onclick="return false" role="button" title="">
                        Edit/View Submission
                     </a>
                  </td>
               </tr>
               <tr id="evaluation1">
                  <td>
                     First Eval
                  </td>
                  <td>
                     01 Apr 2017, 23:59
                  </td>
                  <td>
                     <span data-original-title="The evaluation is yet to be completed by you" data-placement="top" data-toggle="tooltip" title="">
                        Pending
                     </span>
                  </td>
                  <td class="studentHomeActions">
                     <a class="btn btn-default btn-xs btn-tm-actions" data-original-title="Start evaluation" data-placement="top" data-toggle="tooltip" href="/page/studentEvalSubmissionEditPage?user=unreg_user&courseid=SHomeUiT.CS2104&evaluationname=First+Eval" id="submitEvaluation1" title="">
                        Start Submission
                     </a>
                  </td>
               </tr>
            </tbody>
         </table>
      </div>
      <br/>
            <br/>
         </div>

</expected]>> but was:<<[actual>
   <div class="container theme-showcase" id="frameBodyWrapper">
      <div id="topOfPage">
      </div>
      <h2>
         Student Home
      </h2>
      <div id="statusMessage" style="display: none;">
      </div>
      <br/>
            <div class="panel panel-primary">
         <div class="panel-heading">
            <strong>
               [SHomeUiT.CS2104] : Programming Language Concepts
            </strong>
            <span class="pull-right">
               <a class="btn btn-primary btn-xs" data-original-title="View and edit information regarding your team" data-placement="top" data-toggle="tooltip" href="/page/studentCourseDetailsPage?user=unreg_user&courseid=SHomeUiT.CS2104" title="">
                  View Team
               </a>
            </span>
         </div>
         <table class="table-responsive table table-striped">
            <thead>
               <tr>
                  <th>
                     Session Name
                  </th>
                  <th>
                     Deadline
                  </th>
                  <th>
                     Status
                  </th>
                  <th class="studentHomeActions">
                     Action(s)
                  </th>
               </tr>
            </thead>
            <tbody>
               <tr id="evaluation1">
                  <td>
                     Second Eval
                  </td>
                  <td>
                     02 Apr 2012, 23:59
                  </td>
                  <td>
                     <span data-original-title="The evaluation has finished and you can check the results" data-placement="top" data-toggle="tooltip" title="">
                        Published
                     </span>
                  </td>
                  <td class="studentHomeActions">
                     <a class="btn btn-default btn-xs btn-tm-actions" data-original-title="View the current results of the evaluation" data-placement="top" data-toggle="tooltip" href="/page/studentEvalResultsPage?user=unreg_user&courseid=SHomeUiT.CS2104&evaluationname=Second+Eval" id="viewEvaluationResults1" name="viewEvaluationResults1" role="button" title="">
                        View Results
                     </a>
                     <a class="btn btn-default btn-xs btn-tm-actions disabled" data-original-title="Edit submitted evaluation" data-placement="top" data-toggle="tooltip" href="/page/studentEvalSubmissionEditPage?user=unreg_user&courseid=SHomeUiT.CS2104&evaluationname=Second+Eval" id="editEvaluationSubmission1" name="editEvaluationSubmission1" onclick="return false" role="button" title="">
                        Edit/View Submission
                     </a>
                  </td>
               </tr>
               <tr id="evaluation0">
                  <td>
                     First Eval
                  </td>
                  <td>
                     01 Apr 2017, 23:59
                  </td>
                  <td>
                     <span data-original-title="The evaluation is yet to be completed by you" data-placement="top" data-toggle="tooltip" title="">
                        Pending
                     </span>
                  </td>
                  <td class="studentHomeActions">
                     <a class="btn btn-default btn-xs btn-tm-actions" data-original-title="Start evaluation" data-placement="top" data-toggle="tooltip" href="/page/studentEvalSubmissionEditPage?user=unreg_user&courseid=SHomeUiT.CS2104&evaluationname=First+Eval" id="submitEvaluation0" title="">
                        Start Submission
                     </a>
                  </td>
               </tr>
            </tbody>
         </table>
      </div>
      <br/>
            <br/>
         </div>

</actual]>>
	at org.junit.Assert.assertEquals(Assert.java:115)
	at org.junit.Assert.assertEquals(Assert.java:144)
	at teammates.test.driver.HtmlHelper.assertSameHtmlPart(HtmlHelper.java:43)
	at teammates.test.pageobjects.AppPage.verifyHtmlPart(AppPage.java:821)
	at teammates.test.pageobjects.AppPage.verifyHtmlMainContent(AppPage.java:863)
	at teammates.test.cases.ui.browsertests.StudentHomePageUiTest.testContentAndLogin(StudentHomePageUiTest.java:75)
	at teammates.test.cases.ui.browsertests.StudentHomePageUiTest.allTests(StudentHomePageUiTest.java:51)
	at sun.reflect.NativeMethodAccessorImpl.invoke0(Native Method)
	at sun.reflect.NativeMethodAccessorImpl.invoke(NativeMethodAccessorImpl.java:57)
	at sun.reflect.DelegatingMethodAccessorImpl.invoke(DelegatingMethodAccessorImpl.java:43)
	at java.lang.reflect.Method.invoke(Method.java:606)
	at org.testng.internal.MethodInvocationHelper.invokeMethod(MethodInvocationHelper.java:84)
	at org.testng.internal.Invoker.invokeMethod(Invoker.java:714)
	at org.testng.internal.Invoker.invokeTestMethod(Invoker.java:901)
	at org.testng.internal.Invoker.invokeTestMethods(Invoker.java:1231)
	at org.testng.internal.TestMethodWorker.invokeTestMethods(TestMethodWorker.java:127)
	at org.testng.internal.TestMethodWorker.run(TestMethodWorker.java:111)
	at org.testng.TestRunner.privateRun(TestRunner.java:767)
	at org.testng.TestRunner.run(TestRunner.java:617)
	at org.testng.SuiteRunner.runTest(SuiteRunner.java:334)
	at org.testng.SuiteRunner.access$000(SuiteRunner.java:37)
	at org.testng.SuiteRunner$SuiteWorker.run(SuiteRunner.java:368)
	at org.testng.internal.thread.ThreadUtil$2.call(ThreadUtil.java:64)
	at java.util.concurrent.FutureTask.run(FutureTask.java:262)
	at java.util.concurrent.ThreadPoolExecutor.runWorker(ThreadPoolExecutor.java:1145)
	at java.util.concurrent.ThreadPoolExecutor$Worker.run(ThreadPoolExecutor.java:615)
	at java.lang.Thread.run(Thread.java:745)
]]>
    </error>
  </testcase> <!-- allTests -->
</testsuite> <!-- teammates.test.cases.ui.browsertests.StudentHomePageUiTest -->
