<?xml version="1.0" encoding="UTF-8"?>
<!-- Generated by org.testng.reporters.JUnitReportReporter -->
<testsuite hostname="soccf-tr5-001" name="teammates.test.cases.ui.browsertests.AdminHomePageUiTest" tests="1" failures="0" timestamp="11 Sep 2014 06:17:36 GMT" time="32.296" errors="1">
  <testcase name="testAll" time="32.296" classname="teammates.test.cases.ui.browsertests.AdminHomePageUiTest">
    <error type="org.junit.ComparisonFailure" message="expected:&lt;&lt;[expected&gt;
   &lt;div class=&quot;container theme-showcase&quot; id=&quot;frameBodyWrapper&quot;&gt;
      &lt;div id=&quot;topOfPage&quot;&gt;
      &lt;/div&gt;
      &lt;div class=&quot;inner-container&quot;&gt;
         &lt;div class=&quot;row&quot;&gt;
            &lt;div class=&quot;col-md-5&quot;&gt;
               &lt;h1&gt;
                  Instructor Home
               &lt;/h1&gt;
            &lt;/div&gt;
            &lt;div class=&quot;col-md-5 instructor-header-bar&quot;&gt;
               &lt;form action=&quot;/page/instructorSearchPage?user=teammates.coord_123&quot; method=&quot;get&quot; name=&quot;search_form&quot;&gt;
                  &lt;div class=&quot;input-group&quot;&gt;
                     &lt;input class=&quot;form-control&quot; data-original-title=&quot;Search for student&#039;s name&quot; data-placement=&quot;top&quot; data-toggle=&quot;tooltip&quot; id=&quot;searchbox&quot; name=&quot;searchkey&quot; placeholder=&quot;Student Name&quot; title=&quot;&quot; type=&quot;text&quot;/&gt;
                                          &lt;span class=&quot;input-group-btn&quot;&gt;
                        &lt;button class=&quot;btn btn-default&quot; id=&quot;buttonSearch&quot; type=&quot;submit&quot; value=&quot;Search&quot;&gt;
                           Search
                        &lt;/button&gt;
                     &lt;/span&gt;
                  &lt;/div&gt;
                  &lt;input name=&quot;searchstudents&quot; type=&quot;hidden&quot; value=&quot;true&quot;/&gt;
                                    &lt;input name=&quot;searchcommentforstudents&quot; type=&quot;hidden&quot; value=&quot;false&quot;/&gt;
                                    &lt;input name=&quot;searchcommentforresponses&quot; type=&quot;hidden&quot; value=&quot;false&quot;/&gt;
                                    &lt;input name=&quot;user&quot; type=&quot;hidden&quot; value=&quot;teammates.coord_123&quot;/&gt;
                                 &lt;/form&gt;
            &lt;/div&gt;
            &lt;div class=&quot;col-md-2 instructor-header-bar&quot;&gt;
               &lt;a class=&quot;btn btn-primary btn-md&quot; href=&quot;/page/instructorCoursesPage?user=teammates.coord_123&quot; id=&quot;addNewCourse&quot;&gt;
                  Add New Course
               &lt;/a&gt;
            &lt;/div&gt;
         &lt;/div&gt;
      &lt;/div&gt;
      &lt;br/&gt;
            &lt;div class=&quot;alert alert-warning&quot; id=&quot;statusMessage&quot;&gt;
         New to TEAMMATES? You may wish to have a look at our
         &lt;a href=&quot;/instructorHelp.html#gs&quot; target=&quot;_blank&quot;&gt;
            Getting Started Guide
         &lt;/a&gt;
         .
         &lt;br/&gt;
                  A video tour is also available in our
         &lt;a href=&quot;/index.html&quot; target=&quot;_blank&quot;&gt;
            home page
         &lt;/a&gt;
         .
      &lt;/div&gt;
      &lt;script type=&quot;text/javascript&quot;&gt;
         document.getElementById( &#039;statusMessage&#039; ).scrollIntoView();
      &lt;/script&gt;
      &lt;div class=&quot;row hidden&quot;&gt;
         &lt;div class=&quot;col-md-5 pull-right&quot;&gt;
            &lt;div class=&quot;row&quot;&gt;
               &lt;div class=&quot;col-md-3 btn-group&quot;&gt;
                  &lt;h5 class=&quot;pull-right&quot;&gt;
                     &lt;strong&gt;
                        Sort By:
                     &lt;/strong&gt;
                  &lt;/h5&gt;
               &lt;/div&gt;
               &lt;div class=&quot;col-md-9&quot;&gt;
                  &lt;div class=&quot;btn-group pull-right&quot; data-toggle=&quot;buttons&quot;&gt;
                     &lt;label class=&quot;btn btn-default &quot; data=&quot;id&quot; id=&quot;sortById&quot; name=&quot;sortby&quot;&gt;
                        &lt;input type=&quot;radio&quot;/&gt;
                                                Course ID
                     &lt;/label&gt;
                     &lt;label class=&quot;btn btn-default &quot; data=&quot;name&quot; id=&quot;sortByName&quot; name=&quot;sortby&quot;&gt;
                        &lt;input name=&quot;sortby&quot; type=&quot;radio&quot; value=&quot;name&quot;/&gt;
                                                Course Name
                     &lt;/label&gt;
                     &lt;label class=&quot;btn btn-default active&quot; data=&quot;createdAt&quot; id=&quot;sortByDate&quot; name=&quot;sortby&quot;&gt;
                        &lt;input type=&quot;radio&quot;/&gt;
                                                Creation Date
                     &lt;/label&gt;
                  &lt;/div&gt;
               &lt;/div&gt;
            &lt;/div&gt;
         &lt;/div&gt;
      &lt;/div&gt;
      &lt;br/&gt;
            &lt;div class=&quot;panel panel-primary&quot; id=&quot;course0&quot;&gt;
         &lt;div class=&quot;panel-heading&quot;&gt;
            &lt;div class=&quot;row&quot;&gt;
               &lt;div class=&quot;col-md-6&quot;&gt;
                  &lt;strong&gt;
                     [AHPUiT.instr1.gma-demo] :
                                        Sample Course 101
                  &lt;/strong&gt;
               &lt;/div&gt;
               &lt;div class=&quot;col-md-6&quot;&gt;
                  &lt;span class=&quot;pull-right&quot;&gt;
                     &lt;a class=&quot;btn btn-primary btn-xs btn-tm-actions course-enroll-for-test&quot; data-original-title=&quot;Enroll student into the course&quot; data-placement=&quot;top&quot; data-toggle=&quot;tooltip&quot; href=&quot;/page/instructorCourseEnrollPage?courseid=AHPUiT.instr1.gma-demo&amp;user=teammat.coord_test123&quot; title=&quot;&quot;&gt;
                        Enroll
                     &lt;/a&gt;
                     &lt;a class=&quot;btn btn-primary btn-xs btn-tm-actions course-view-for-test&quot; data-original-title=&quot;View, edit and send invitation emails to the students in the course&quot; data-placement=&quot;top&quot; data-toggle=&quot;tooltip&quot; href=&quot;/page/instructorCourseDetailsPage?courseid=AHPUiT.instr1.gma-demo&amp;user=teammat.coord_test123&quot; title=&quot;&quot;&gt;
                        View
                     &lt;/a&gt;
                     &lt;a class=&quot;btn btn-primary btn-xs btn-tm-actions course-edit-for-test&quot; data-original-title=&quot;Edit Course information and instructor list&quot; data-placement=&quot;top&quot; data-toggle=&quot;tooltip&quot; href=&quot;/page/instructorCourseEditPage?courseid=AHPUiT.instr1.gma-demo&amp;user=teammat.coord_test123&quot; title=&quot;&quot;&gt;
                        Edit
                     &lt;/a&gt;
                     &lt;a class=&quot;btn btn-primary btn-xs btn-tm-actions course-add-eval-for-test&quot; data-original-title=&quot;Add a feedback session for the course&quot; data-placement=&quot;top&quot; data-toggle=&quot;tooltip&quot; href=&quot;/page/instructorFeedbacksPage?user=teammat.coord_test123&amp;courseid=AHPUiT.instr1.gma-demo&quot; title=&quot;&quot;&gt;
                        Add Session
                     &lt;/a&gt;
                     &lt;a class=&quot;btn btn-primary btn-xs btn-tm-actions course-archive-for-test&quot; data-original-title=&quot;Archive the course so that it will not be shown in the home page any more (you can still access it from the &#039;Courses&#039; tab)&quot; data-placement=&quot;top&quot; data-toggle=&quot;tooltip&quot; href=&quot;/page/instructorCourseArchive?courseid=AHPUiT.instr1.gma-demo&amp;archive=true&amp;next=%2Fpage%2FinstructorHomePage&amp;user=teammat.coord_test123&quot; onclick=&quot;return toggleArchiveCourseConfirmation(&#039;AHPUiT.instr1.gma-demo&#039;)&quot; title=&quot;&quot;&gt;
                        Archive
                     &lt;/a&gt;
                     &lt;a class=&quot;btn btn-primary btn-xs btn-tm-actions course-notify-pending-comments-for-test
                                            hidden&quot; data-original-title=&quot;Send email notification to recipients of 0 pending comment&quot; data-placement=&quot;top&quot; data-toggle=&quot;tooltip&quot; href=&quot;/page/instructorStudentCommentClearPending?courseid=AHPUiT.instr1.gma-demo&amp;user=teammat.coord_test123&quot; title=&quot;&quot;&gt;
                        &lt;span class=&quot;badge&quot;&gt;
                           0
                        &lt;/span&gt;
                        &lt;span class=&quot;glyphicon glyphicon-comment&quot;&gt;
                        &lt;/span&gt;
                        &lt;span class=&quot;glyphicon glyphicon-arrow-right&quot;&gt;
                        &lt;/span&gt;
                        &lt;span class=&quot;glyphicon glyphicon-envelope&quot;&gt;
                        &lt;/span&gt;
                     &lt;/a&gt;
                     &lt;a class=&quot;btn btn-primary btn-xs btn-tm-actions course-delete-for-test&quot; data-original-title=&quot;Delete the course and its corresponding students and sessions&quot; data-placement=&quot;top&quot; data-toggle=&quot;tooltip&quot; href=&quot;/page/instructorCourseDelete?courseid=AHPUiT.instr1.gma-demo&amp;next=%2Fpage%2FinstructorHomePage&amp;user=teammates.coord_123&quot; onclick=&quot;return toggleDeleteCourseConfirmation(&#039;AHPUiT.instr1.gma-demo&#039;)&quot; title=&quot;&quot;&gt;
                        Delete
                     &lt;/a&gt;
                  &lt;/span&gt;
               &lt;/div&gt;
            &lt;/div&gt;
         &lt;/div&gt;
         &lt;table class=&quot;table-responsive table table-striped table-bordered&quot;&gt;
            &lt;thead&gt;
               &lt;tr&gt;
                  &lt;th class=&quot;button-sort-none&quot; id=&quot;button_sortname&quot; onclick=&quot;toggleSort(this,1);&quot;&gt;
                     Session Name
                     &lt;span class=&quot;icon-sort unsorted&quot;&gt;
                     &lt;/span&gt;
                  &lt;/th&gt;
                  &lt;th&gt;
                     Status
                  &lt;/th&gt;
                  &lt;th&gt;
                     &lt;span data-original-title=&quot;Number of students submitted / Class size&quot; data-placement=&quot;top&quot; data-toggle=&quot;tooltip&quot; title=&quot;&quot;&gt;
                        Response Rate
                     &lt;/span&gt;
                  &lt;/th&gt;
                  &lt;th class=&quot;no-print&quot;&gt;
                     Action(s)
                  &lt;/th&gt;
               &lt;/tr&gt;
            &lt;/thead&gt;
            &lt;tbody&gt;
               &lt;tr id=&quot;session0&quot;&gt;
                  &lt;td&gt;
                     Second team feedback session
                  &lt;/td&gt;
                  &lt;td&gt;
                     &lt;span data-original-title=&quot;The feedback session has been created, is visible, and is open for submissions.&lt;br /&gt;The responses for this session are visible.&quot; data-placement=&quot;top&quot; data-toggle=&quot;tooltip&quot; title=&quot;&quot;&gt;
                        Open
                     &lt;/span&gt;
                  &lt;/td&gt;
                  &lt;td class=&quot;session-response-for-test recent&quot;&gt;
                     {*}
                  &lt;/td&gt;
                  &lt;td class=&quot;no-print&quot;&gt;
                     &lt;a class=&quot;btn btn-default btn-xs btn-tm-actions session-view-for-test&quot; data-original-title=&quot;View the submitted responses for this feedback session&quot; data-placement=&quot;top&quot; data-toggle=&quot;tooltip&quot; href=&quot;/page/instructorFeedbackResultsPage?courseid=AHPUiT.instr1.gma-demo&amp;fsname=Second+team+feedback+session&amp;user=teammates.coord_123&quot; title=&quot;&quot;&gt;
                        View Results
                     &lt;/a&gt;
                     &lt;a class=&quot;btn btn-default btn-xs btn-tm-actions session-edit-for-test&quot; data-original-title=&quot;Edit feedback session details&quot; data-placement=&quot;top&quot; data-toggle=&quot;tooltip&quot; href=&quot;/page/instructorFeedbackEditPage?courseid=AHPUiT.instr1.gma-demo&amp;fsname=Second+team+feedback+session&amp;user=teammates.coord_123&quot; title=&quot;&quot;&gt;
                        Edit
                     &lt;/a&gt;
                     &lt;a class=&quot;btn btn-default btn-xs btn-tm-actions session-delete-for-test&quot; data-original-title=&quot;Delete the feedback session&quot; data-placement=&quot;top&quot; data-toggle=&quot;tooltip&quot; href=&quot;/page/instructorFeedbackDelete?courseid=AHPUiT.instr1.gma-demo&amp;fsname=Second+team+feedback+session&amp;next=%2Fpage%2FinstructorFeedbacksPage%3Fuser%3Dteammates.coord_123&amp;user=teammates.coord_123&quot; onclick=&quot;return toggleDeleteFeedbackSessionConfirmation(&#039;AHPUiT.instr1.gma-demo&#039;,&#039;Second team feedback session&#039;);&quot; title=&quot;&quot;&gt;
                        Delete
                     &lt;/a&gt;
                     &lt;a class=&quot;btn btn-default btn-xs btn-tm-actions session-submit-for-test&quot; data-original-title=&quot;Start submitting feedback&quot; data-placement=&quot;top&quot; data-toggle=&quot;tooltip&quot; href=&quot;/page/instructorFeedbackSubmissionEditPage?courseid=AHPUiT.instr1.gma-demo&amp;fsname=Second+team+feedback+session&amp;user=teammates.coord_123&quot; title=&quot;&quot;&gt;
                        Submit
                     &lt;/a&gt;
                     &lt;a class=&quot;btn btn-default btn-xs btn-tm-actions session-remind-for-test&quot; data-original-title=&quot;Send e-mails to remind students and instructors who have not submitted their feedbacks to do so&quot; data-placement=&quot;top&quot; data-toggle=&quot;tooltip&quot; href=&quot;/page/instructorFeedbackRemind?courseid=AHPUiT.instr1.gma-demo&amp;fsname=Second+team+feedback+session&amp;user=teammates.coord_123&quot; onclick=&quot;return toggleRemindStudents(&#039;Second team feedback session&#039;);&quot; title=&quot;&quot;&gt;
                        Remind
                     &lt;/a&gt;
                     &lt;a class=&quot;btn btn-default btn-xs btn-tm-actions session-unpublish-for-test&quot; data-original-title=&quot;Make responses no longer visible&quot; data-placement=&quot;top&quot; data-toggle=&quot;tooltip&quot; href=&quot;/page/instructorFeedbackUnpublish?courseid=AHPUiT.instr1.gma-demo&amp;fsname=Second+team+feedback+session&amp;next=%2Fpage%2FinstructorFeedbacksPage%3Fuser%3Dteammates.coord_123&amp;user=teammates.coord_123&quot; onclick=&quot;return toggleUnpublishEvaluation(&#039;Second team feedback session&#039;);&quot; title=&quot;&quot;&gt;
                        Unpublish
                     &lt;/a&gt;
                  &lt;/td&gt;
               &lt;/tr&gt;
               &lt;tr id=&quot;session1&quot;&gt;
                  &lt;td&gt;
                     First team feedback session
                  &lt;/td&gt;
                  &lt;td&gt;
                     &lt;span data-original-title=&quot;The feedback session has been created, is visible, and has ended.&lt;br /&gt;The responses for this session are visible.&quot; data-placement=&quot;top&quot; data-toggle=&quot;tooltip&quot; title=&quot;&quot;&gt;
                        Published
                     &lt;/span&gt;
                  &lt;/td&gt;
                  &lt;td class=&quot;session-response-for-test&quot;&gt;
                     &lt;a href=&quot;/page/feedbackSessionStatsPage?courseid=AHPUiT.instr1.gma-demo&amp;fsname=First+team+feedback+session&amp;user=teammates.coord_123&quot; oncontextmenu=&quot;return false;&quot;&gt;
                        Show
                     &lt;/a&gt;
                  &lt;/td&gt;
                  &lt;td class=&quot;no-print&quot;&gt;
                     &lt;a class=&quot;btn btn-default btn-xs btn-tm-actions session-view-for-test&quot; data-original-title=&quot;View the submitted responses for this feedback session&quot; data-placement=&quot;top&quot; data-toggle=&quot;tooltip&quot; href=&quot;/page/instructorFeedbackResultsPage?courseid=AHPUiT.instr1.gma-demo&amp;fsname=First+team+feedback+session&amp;user=teammates.coord_123&quot; title=&quot;&quot;&gt;
                        View Results
                     &lt;/a&gt;
                     &lt;a class=&quot;btn btn-default btn-xs btn-tm-actions session-edit-for-test&quot; data-original-title=&quot;Edit feedback session details&quot; data-placement=&quot;top&quot; data-toggle=&quot;tooltip&quot; href=&quot;/page/instructorFeedbackEditPage?courseid=AHPUiT.instr1.gma-demo&amp;fsname=First+team+feedback+session&amp;user=teammates.coord_123&quot; title=&quot;&quot;&gt;
                        Edit
                     &lt;/a&gt;
                     &lt;a class=&quot;btn btn-default btn-xs btn-tm-actions session-delete-for-test&quot; data-original-title=&quot;Delete the feedback session&quot; data-placement=&quot;top&quot; data-toggle=&quot;tooltip&quot; href=&quot;/page/instructorFeedbackDelete?courseid=AHPUiT.instr1.gma-demo&amp;fsname=First+team+feedback+session&amp;next=%2Fpage%2FinstructorFeedbacksPage%3Fuser%3Dteammates.coord_123&amp;user=teammates.coord_123&quot; onclick=&quot;return toggleDeleteFeedbackSessionConfirmation(&#039;AHPUiT.instr1.gma-demo&#039;,&#039;First team feedback session&#039;);&quot; title=&quot;&quot;&gt;
                        Delete
                     &lt;/a&gt;
                     &lt;a class=&quot;btn btn-default btn-xs btn-tm-actions session-submit-for-test&quot; data-original-title=&quot;Start submitting feedback&quot; data-placement=&quot;top&quot; data-toggle=&quot;tooltip&quot; href=&quot;/page/instructorFeedbackSubmissionEditPage?courseid=AHPUiT.instr1.gma-demo&amp;fsname=First+team+feedback+session&amp;user=teammates.coord_123&quot; title=&quot;&quot;&gt;
                        Submit
                     &lt;/a&gt;
                     &lt;a class=&quot;btn btn-default btn-xs btn-tm-actions session-remind-for-test disabled&quot; data-original-title=&quot;Send e-mails to remind students and instructors who have not submitted their feedbacks to do so&quot; data-placement=&quot;top&quot; data-toggle=&quot;tooltip&quot; href=&quot;/page/instructorFeedbackRemind?courseid=AHPUiT.instr1.gma-demo&amp;fsname=First+team+feedback+session&amp;user=teammates.coord_123&quot; onclick=&quot;return false&quot; title=&quot;&quot;&gt;
                        Remind
                     &lt;/a&gt;
                     &lt;a class=&quot;btn btn-default btn-xs btn-tm-actions session-unpublish-for-test&quot; data-original-title=&quot;Make responses no longer visible&quot; data-placement=&quot;top&quot; data-toggle=&quot;tooltip&quot; href=&quot;/page/instructorFeedbackUnpublish?courseid=AHPUiT.instr1.gma-demo&amp;fsname=First+team+feedback+session&amp;next=%2Fpage%2FinstructorFeedbacksPage%3Fuser%3Dteammates.coord_123&amp;user=teammates.coord_123&quot; onclick=&quot;return toggleUnpublishEvaluation(&#039;First team feedback session&#039;);&quot; title=&quot;&quot;&gt;
                        Unpublish
                     &lt;/a&gt;
                  &lt;/td&gt;
               &lt;/tr&gt;
               &lt;tr id=&quot;session2&quot;&gt;
                  &lt;td&gt;
                     Session with different question types
                  &lt;/td&gt;
                  &lt;td&gt;
                     &lt;span data-original-title=&quot;The feedback session has been created, is visible, and has ended.&lt;br /&gt;The responses for this session are visible.&quot; data-placement=&quot;top&quot; data-toggle=&quot;tooltip&quot; title=&quot;&quot;&gt;
                        Published
                     &lt;/span&gt;
                  &lt;/td&gt;
                  &lt;td class=&quot;session-response-for-test&quot;&gt;
                     &lt;a href=&quot;/page/feedbackSessionStatsPage?courseid=AHPUiT.instr1.gma-demo&amp;fsname=Session+with+different+question+types&amp;user=teammates.coord_123&quot; oncontextmenu=&quot;return false;&quot;&gt;
                        Show
                     &lt;/a&gt;
                  &lt;/td&gt;
                  &lt;td class=&quot;no-print&quot;&gt;
                     &lt;a class=&quot;btn btn-default btn-xs btn-tm-actions session-view-for-test&quot; data-original-title=&quot;View the submitted responses for this feedback session&quot; data-placement=&quot;top&quot; data-toggle=&quot;tooltip&quot; href=&quot;/page/instructorFeedbackResultsPage?courseid=AHPUiT.instr1.gma-demo&amp;fsname=Session+with+different+question+types&amp;user=teammates.coord_123&quot; title=&quot;&quot;&gt;
                        View Results
                     &lt;/a&gt;
                     &lt;a class=&quot;btn btn-default btn-xs btn-tm-actions session-edit-for-test&quot; data-original-title=&quot;Edit feedback session details&quot; data-placement=&quot;top&quot; data-toggle=&quot;tooltip&quot; href=&quot;/page/instructorFeedbackEditPage?courseid=AHPUiT.instr1.gma-demo&amp;fsname=Session+with+different+question+types&amp;user=teammates.coord_123&quot; title=&quot;&quot;&gt;
                        Edit
                     &lt;/a&gt;
                     &lt;a class=&quot;btn btn-default btn-xs btn-tm-actions session-delete-for-test&quot; data-original-title=&quot;Delete the feedback session&quot; data-placement=&quot;top&quot; data-toggle=&quot;tooltip&quot; href=&quot;/page/instructorFeedbackDelete?courseid=AHPUiT.instr1.gma-demo&amp;fsname=Session+with+different+question+types&amp;next=%2Fpage%2FinstructorFeedbacksPage%3Fuser%3Dteammates.coord_123&amp;user=teammates.coord_123&quot; onclick=&quot;return toggleDeleteFeedbackSessionConfirmation(&#039;AHPUiT.instr1.gma-demo&#039;,&#039;Session with different question types&#039;);&quot; title=&quot;&quot;&gt;
                        Delete
                     &lt;/a&gt;
                     &lt;a class=&quot;btn btn-default btn-xs btn-tm-actions session-submit-for-test&quot; data-original-title=&quot;Start submitting feedback&quot; data-placement=&quot;top&quot; data-toggle=&quot;tooltip&quot; href=&quot;/page/instructorFeedbackSubmissionEditPage?courseid=AHPUiT.instr1.gma-demo&amp;fsname=Session+with+different+question+types&amp;user=teammates.coord_123&quot; title=&quot;&quot;&gt;
                        Submit
                     &lt;/a&gt;
                     &lt;a class=&quot;btn btn-default btn-xs btn-tm-actions session-remind-for-test disabled&quot; data-original-title=&quot;Send e-mails to remind students and instructors who have not submitted their feedbacks to do so&quot; data-placement=&quot;top&quot; data-toggle=&quot;tooltip&quot; href=&quot;/page/instructorFeedbackRemind?courseid=AHPUiT.instr1.gma-demo&amp;fsname=Session+with+different+question+types&amp;user=teammates.coord_123&quot; onclick=&quot;return false&quot; title=&quot;&quot;&gt;
                        Remind
                     &lt;/a&gt;
                     &lt;a class=&quot;btn btn-default btn-xs btn-tm-actions session-unpublish-for-test&quot; data-original-title=&quot;Make responses no longer visible&quot; data-placement=&quot;top&quot; data-toggle=&quot;tooltip&quot; href=&quot;/page/instructorFeedbackUnpublish?courseid=AHPUiT.instr1.gma-demo&amp;fsname=Session+with+different+question+types&amp;next=%2Fpage%2FinstructorFeedbacksPage%3Fuser%3Dteammates.coord_123&amp;user=teammates.coord_123&quot; onclick=&quot;return toggleUnpublishEvaluation(&#039;Session with different question types&#039;);&quot; title=&quot;&quot;&gt;
                        Unpublish
                     &lt;/a&gt;
                  &lt;/td&gt;
               &lt;/tr&gt;
            &lt;/tbody&gt;
         &lt;/table&gt;
      &lt;/div&gt;
      &lt;br/&gt;
         &lt;/div&gt;

&lt;/expected]&gt;&gt; but was:&lt;&lt;[actual&gt;
   &lt;div class=&quot;container theme-showcase&quot; id=&quot;frameBodyWrapper&quot;&gt;
      &lt;div id=&quot;topOfPage&quot;&gt;
      &lt;/div&gt;
      &lt;div class=&quot;inner-container&quot;&gt;
         &lt;div class=&quot;row&quot;&gt;
            &lt;div class=&quot;col-md-5&quot;&gt;
               &lt;h1&gt;
                  Instructor Home
               &lt;/h1&gt;
            &lt;/div&gt;
            &lt;div class=&quot;col-md-5 instructor-header-bar&quot;&gt;
               &lt;form action=&quot;/page/instructorSearchPage?user=teammates.coord_123&quot; method=&quot;get&quot; name=&quot;search_form&quot;&gt;
                  &lt;div class=&quot;input-group&quot;&gt;
                     &lt;input class=&quot;form-control&quot; data-original-title=&quot;Search for student&#039;s name&quot; data-placement=&quot;top&quot; data-toggle=&quot;tooltip&quot; id=&quot;searchbox&quot; name=&quot;searchkey&quot; placeholder=&quot;Student Name&quot; title=&quot;&quot; type=&quot;text&quot;/&gt;
                                          &lt;span class=&quot;input-group-btn&quot;&gt;
                        &lt;button class=&quot;btn btn-default&quot; id=&quot;buttonSearch&quot; type=&quot;submit&quot; value=&quot;Search&quot;&gt;
                           Search
                        &lt;/button&gt;
                     &lt;/span&gt;
                  &lt;/div&gt;
                  &lt;input name=&quot;searchstudents&quot; type=&quot;hidden&quot; value=&quot;true&quot;/&gt;
                                    &lt;input name=&quot;searchcommentforstudents&quot; type=&quot;hidden&quot; value=&quot;false&quot;/&gt;
                                    &lt;input name=&quot;searchcommentforresponses&quot; type=&quot;hidden&quot; value=&quot;false&quot;/&gt;
                                    &lt;input name=&quot;user&quot; type=&quot;hidden&quot; value=&quot;teammates.coord_123&quot;/&gt;
                                 &lt;/form&gt;
            &lt;/div&gt;
            &lt;div class=&quot;col-md-2 instructor-header-bar&quot;&gt;
               &lt;a class=&quot;btn btn-primary btn-md&quot; href=&quot;/page/instructorCoursesPage?user=teammates.coord_123&quot; id=&quot;addNewCourse&quot;&gt;
                  Add New Course
               &lt;/a&gt;
            &lt;/div&gt;
         &lt;/div&gt;
      &lt;/div&gt;
      &lt;br/&gt;
            &lt;div class=&quot;alert alert-warning&quot; id=&quot;statusMessage&quot;&gt;
         New to TEAMMATES? You may wish to have a look at our
         &lt;a href=&quot;/instructorHelp.html#gs&quot; target=&quot;_blank&quot;&gt;
            Getting Started Guide
         &lt;/a&gt;
         .
         &lt;br/&gt;
                  A video tour is also available in our
         &lt;a href=&quot;/index.html&quot; target=&quot;_blank&quot;&gt;
            home page
         &lt;/a&gt;
         .
      &lt;/div&gt;
      &lt;script type=&quot;text/javascript&quot;&gt;
         document.getElementById( &#039;statusMessage&#039; ).scrollIntoView();
      &lt;/script&gt;
      &lt;div class=&quot;row hidden&quot;&gt;
         &lt;div class=&quot;col-md-5 pull-right&quot;&gt;
            &lt;div class=&quot;row&quot;&gt;
               &lt;div class=&quot;col-md-3 btn-group&quot;&gt;
                  &lt;h5 class=&quot;pull-right&quot;&gt;
                     &lt;strong&gt;
                        Sort By:
                     &lt;/strong&gt;
                  &lt;/h5&gt;
               &lt;/div&gt;
               &lt;div class=&quot;col-md-9&quot;&gt;
                  &lt;div class=&quot;btn-group pull-right&quot; data-toggle=&quot;buttons&quot;&gt;
                     &lt;label class=&quot;btn btn-default &quot; data=&quot;id&quot; id=&quot;sortById&quot; name=&quot;sortby&quot;&gt;
                        &lt;input type=&quot;radio&quot;/&gt;
                                                Course ID
                     &lt;/label&gt;
                     &lt;label class=&quot;btn btn-default &quot; data=&quot;name&quot; id=&quot;sortByName&quot; name=&quot;sortby&quot;&gt;
                        &lt;input name=&quot;sortby&quot; type=&quot;radio&quot; value=&quot;name&quot;/&gt;
                                                Course Name
                     &lt;/label&gt;
                     &lt;label class=&quot;btn btn-default active&quot; data=&quot;createdAt&quot; id=&quot;sortByDate&quot; name=&quot;sortby&quot;&gt;
                        &lt;input type=&quot;radio&quot;/&gt;
                                                Creation Date
                     &lt;/label&gt;
                  &lt;/div&gt;
               &lt;/div&gt;
            &lt;/div&gt;
         &lt;/div&gt;
      &lt;/div&gt;
      &lt;br/&gt;
            &lt;div class=&quot;panel panel-primary&quot; id=&quot;course0&quot;&gt;
         &lt;div class=&quot;panel-heading&quot;&gt;
            &lt;div class=&quot;row&quot;&gt;
               &lt;div class=&quot;col-md-6&quot;&gt;
                  &lt;strong&gt;
                     [AHPUiT.instr1.gma-demo] :
                                        Sample Course 101
                  &lt;/strong&gt;
               &lt;/div&gt;
               &lt;div class=&quot;col-md-6&quot;&gt;
                  &lt;span class=&quot;pull-right&quot;&gt;
                     &lt;a class=&quot;btn btn-primary btn-xs btn-tm-actions course-enroll-for-test&quot; data-original-title=&quot;Enroll student into the course&quot; data-placement=&quot;top&quot; data-toggle=&quot;tooltip&quot; href=&quot;/page/instructorCourseEnrollPage?courseid=AHPUiT.instr1.gma-demo&amp;user=teammates.coord_123&quot; title=&quot;&quot;&gt;
                        Enroll
                     &lt;/a&gt;
                     &lt;a class=&quot;btn btn-primary btn-xs btn-tm-actions course-view-for-test&quot; data-original-title=&quot;View, edit and send invitation emails to the students in the course&quot; data-placement=&quot;top&quot; data-toggle=&quot;tooltip&quot; href=&quot;/page/instructorCourseDetailsPage?courseid=AHPUiT.instr1.gma-demo&amp;user=teammates.coord_123&quot; title=&quot;&quot;&gt;
                        View
                     &lt;/a&gt;
                     &lt;a class=&quot;btn btn-primary btn-xs btn-tm-actions course-edit-for-test&quot; data-original-title=&quot;Edit Course information and instructor list&quot; data-placement=&quot;top&quot; data-toggle=&quot;tooltip&quot; href=&quot;/page/instructorCourseEditPage?courseid=AHPUiT.instr1.gma-demo&amp;user=teammates.coord_123&quot; title=&quot;&quot;&gt;
                        Edit
                     &lt;/a&gt;
                     &lt;a class=&quot;btn btn-primary btn-xs btn-tm-actions course-add-eval-for-test&quot; data-original-title=&quot;Add a feedback session for the course&quot; data-placement=&quot;top&quot; data-toggle=&quot;tooltip&quot; href=&quot;/page/instructorFeedbacksPage?user=teammates.coord_123&amp;courseid=AHPUiT.instr1.gma-demo&quot; title=&quot;&quot;&gt;
                        Add Session
                     &lt;/a&gt;
                     &lt;a class=&quot;btn btn-primary btn-xs btn-tm-actions course-archive-for-test&quot; data-original-title=&quot;Archive the course so that it will not be shown in the home page any more (you can still access it from the &#039;Courses&#039; tab)&quot; data-placement=&quot;top&quot; data-toggle=&quot;tooltip&quot; href=&quot;/page/instructorCourseArchive?courseid=AHPUiT.instr1.gma-demo&amp;archive=true&amp;next=%2Fpage%2FinstructorHomePage&amp;user=teammates.coord_123&quot; onclick=&quot;return toggleArchiveCourseConfirmation(&#039;AHPUiT.instr1.gma-demo&#039;)&quot; title=&quot;&quot;&gt;
                        Archive
                     &lt;/a&gt;
                     &lt;a class=&quot;btn btn-primary btn-xs btn-tm-actions course-notify-pending-comments-for-test
                                            hidden&quot; data-original-title=&quot;Send email notification to recipients of 0 pending comment&quot; data-placement=&quot;top&quot; data-toggle=&quot;tooltip&quot; href=&quot;/page/instructorStudentCommentClearPending?courseid=AHPUiT.instr1.gma-demo&amp;user=teammates.coord_123&quot; title=&quot;&quot;&gt;
                        &lt;span class=&quot;badge&quot;&gt;
                           0
                        &lt;/span&gt;
                        &lt;span class=&quot;glyphicon glyphicon-comment&quot;&gt;
                        &lt;/span&gt;
                        &lt;span class=&quot;glyphicon glyphicon-arrow-right&quot;&gt;
                        &lt;/span&gt;
                        &lt;span class=&quot;glyphicon glyphicon-envelope&quot;&gt;
                        &lt;/span&gt;
                     &lt;/a&gt;
                     &lt;a class=&quot;btn btn-primary btn-xs btn-tm-actions course-delete-for-test&quot; data-original-title=&quot;Delete the course and its corresponding students and sessions&quot; data-placement=&quot;top&quot; data-toggle=&quot;tooltip&quot; href=&quot;/page/instructorCourseDelete?courseid=AHPUiT.instr1.gma-demo&amp;next=%2Fpage%2FinstructorHomePage&amp;user=teammates.coord_123&quot; onclick=&quot;return toggleDeleteCourseConfirmation(&#039;AHPUiT.instr1.gma-demo&#039;)&quot; title=&quot;&quot;&gt;
                        Delete
                     &lt;/a&gt;
                  &lt;/span&gt;
               &lt;/div&gt;
            &lt;/div&gt;
         &lt;/div&gt;
         &lt;table class=&quot;table-responsive table table-striped table-bordered&quot;&gt;
            &lt;thead&gt;
               &lt;tr&gt;
                  &lt;th class=&quot;button-sort-none&quot; id=&quot;button_sortname&quot; onclick=&quot;toggleSort(this,1);&quot;&gt;
                     Session Name
                     &lt;span class=&quot;icon-sort unsorted&quot;&gt;
                     &lt;/span&gt;
                  &lt;/th&gt;
                  &lt;th&gt;
                     Status
                  &lt;/th&gt;
                  &lt;th&gt;
                     &lt;span data-original-title=&quot;Number of students submitted / Class size&quot; data-placement=&quot;top&quot; data-toggle=&quot;tooltip&quot; title=&quot;&quot;&gt;
                        Response Rate
                     &lt;/span&gt;
                  &lt;/th&gt;
                  &lt;th class=&quot;no-print&quot;&gt;
                     Action(s)
                  &lt;/th&gt;
               &lt;/tr&gt;
            &lt;/thead&gt;
            &lt;tbody&gt;
               &lt;tr id=&quot;session0&quot;&gt;
                  &lt;td&gt;
                     Second team feedback session
                  &lt;/td&gt;
                  &lt;td&gt;
                     &lt;span data-original-title=&quot;The feedback session has been created, is visible, and is open for submissions.&lt;br /&gt;The responses for this session are visible.&quot; data-placement=&quot;top&quot; data-toggle=&quot;tooltip&quot; title=&quot;&quot;&gt;
                        Open
                     &lt;/span&gt;
                  &lt;/td&gt;
                  &lt;td class=&quot;session-response-for-test recent&quot;&gt;
                     0 / 9
                  &lt;/td&gt;
                  &lt;td class=&quot;no-print&quot;&gt;
                     &lt;a class=&quot;btn btn-default btn-xs btn-tm-actions session-view-for-test&quot; data-original-title=&quot;View the submitted responses for this feedback session&quot; data-placement=&quot;top&quot; data-toggle=&quot;tooltip&quot; href=&quot;/page/instructorFeedbackResultsPage?courseid=AHPUiT.instr1.gma-demo&amp;fsname=Second+team+feedback+session&amp;user=teammates.coord_123&quot; title=&quot;&quot;&gt;
                        View Results
                     &lt;/a&gt;
                     &lt;a class=&quot;btn btn-default btn-xs btn-tm-actions session-edit-for-test&quot; data-original-title=&quot;Edit feedback session details&quot; data-placement=&quot;top&quot; data-toggle=&quot;tooltip&quot; href=&quot;/page/instructorFeedbackEditPage?courseid=AHPUiT.instr1.gma-demo&amp;fsname=Second+team+feedback+session&amp;user=teammates.coord_123&quot; title=&quot;&quot;&gt;
                        Edit
                     &lt;/a&gt;
                     &lt;a class=&quot;btn btn-default btn-xs btn-tm-actions session-delete-for-test&quot; data-original-title=&quot;Delete the feedback session&quot; data-placement=&quot;top&quot; data-toggle=&quot;tooltip&quot; href=&quot;/page/instructorFeedbackDelete?courseid=AHPUiT.instr1.gma-demo&amp;fsname=Second+team+feedback+session&amp;next=%2Fpage%2FinstructorFeedbacksPage%3Fuser%3Dteammates.coord_123&amp;user=teammates.coord_123&quot; onclick=&quot;return toggleDeleteFeedbackSessionConfirmation(&#039;AHPUiT.instr1.gma-demo&#039;,&#039;Second team feedback session&#039;);&quot; title=&quot;&quot;&gt;
                        Delete
                     &lt;/a&gt;
                     &lt;a class=&quot;btn btn-default btn-xs btn-tm-actions session-submit-for-test&quot; data-original-title=&quot;Start submitting feedback&quot; data-placement=&quot;top&quot; data-toggle=&quot;tooltip&quot; href=&quot;/page/instructorFeedbackSubmissionEditPage?courseid=AHPUiT.instr1.gma-demo&amp;fsname=Second+team+feedback+session&amp;user=teammates.coord_123&quot; title=&quot;&quot;&gt;
                        Submit
                     &lt;/a&gt;
                     &lt;a class=&quot;btn btn-default btn-xs btn-tm-actions session-remind-for-test&quot; data-original-title=&quot;Send e-mails to remind students and instructors who have not submitted their feedbacks to do so&quot; data-placement=&quot;top&quot; data-toggle=&quot;tooltip&quot; href=&quot;/page/instructorFeedbackRemind?courseid=AHPUiT.instr1.gma-demo&amp;fsname=Second+team+feedback+session&amp;user=teammates.coord_123&quot; onclick=&quot;return toggleRemindStudents(&#039;Second team feedback session&#039;);&quot; title=&quot;&quot;&gt;
                        Remind
                     &lt;/a&gt;
                     &lt;a class=&quot;btn btn-default btn-xs btn-tm-actions session-unpublish-for-test&quot; data-original-title=&quot;Make responses no longer visible&quot; data-placement=&quot;top&quot; data-toggle=&quot;tooltip&quot; href=&quot;/page/instructorFeedbackUnpublish?courseid=AHPUiT.instr1.gma-demo&amp;fsname=Second+team+feedback+session&amp;next=%2Fpage%2FinstructorFeedbacksPage%3Fuser%3Dteammates.coord_123&amp;user=teammates.coord_123&quot; onclick=&quot;return toggleUnpublishEvaluation(&#039;Second team feedback session&#039;);&quot; title=&quot;&quot;&gt;
                        Unpublish
                     &lt;/a&gt;
                  &lt;/td&gt;
               &lt;/tr&gt;
               &lt;tr id=&quot;session1&quot;&gt;
                  &lt;td&gt;
                     First team feedback session
                  &lt;/td&gt;
                  &lt;td&gt;
                     &lt;span data-original-title=&quot;The feedback session has been created, is visible, and has ended.&lt;br /&gt;The responses for this session are visible.&quot; data-placement=&quot;top&quot; data-toggle=&quot;tooltip&quot; title=&quot;&quot;&gt;
                        Published
                     &lt;/span&gt;
                  &lt;/td&gt;
                  &lt;td class=&quot;session-response-for-test&quot;&gt;
                     &lt;a href=&quot;/page/feedbackSessionStatsPage?courseid=AHPUiT.instr1.gma-demo&amp;fsname=First+team+feedback+session&amp;user=teammates.coord_123&quot; oncontextmenu=&quot;return false;&quot;&gt;
                        Show
                     &lt;/a&gt;
                  &lt;/td&gt;
                  &lt;td class=&quot;no-print&quot;&gt;
                     &lt;a class=&quot;btn btn-default btn-xs btn-tm-actions session-view-for-test&quot; data-original-title=&quot;View the submitted responses for this feedback session&quot; data-placement=&quot;top&quot; data-toggle=&quot;tooltip&quot; href=&quot;/page/instructorFeedbackResultsPage?courseid=AHPUiT.instr1.gma-demo&amp;fsname=First+team+feedback+session&amp;user=teammates.coord_123&quot; title=&quot;&quot;&gt;
                        View Results
                     &lt;/a&gt;
                     &lt;a class=&quot;btn btn-default btn-xs btn-tm-actions session-edit-for-test&quot; data-original-title=&quot;Edit feedback session details&quot; data-placement=&quot;top&quot; data-toggle=&quot;tooltip&quot; href=&quot;/page/instructorFeedbackEditPage?courseid=AHPUiT.instr1.gma-demo&amp;fsname=First+team+feedback+session&amp;user=teammates.coord_123&quot; title=&quot;&quot;&gt;
                        Edit
                     &lt;/a&gt;
                     &lt;a class=&quot;btn btn-default btn-xs btn-tm-actions session-delete-for-test&quot; data-original-title=&quot;Delete the feedback session&quot; data-placement=&quot;top&quot; data-toggle=&quot;tooltip&quot; href=&quot;/page/instructorFeedbackDelete?courseid=AHPUiT.instr1.gma-demo&amp;fsname=First+team+feedback+session&amp;next=%2Fpage%2FinstructorFeedbacksPage%3Fuser%3Dteammates.coord_123&amp;user=teammates.coord_123&quot; onclick=&quot;return toggleDeleteFeedbackSessionConfirmation(&#039;AHPUiT.instr1.gma-demo&#039;,&#039;First team feedback session&#039;);&quot; title=&quot;&quot;&gt;
                        Delete
                     &lt;/a&gt;
                     &lt;a class=&quot;btn btn-default btn-xs btn-tm-actions session-submit-for-test&quot; data-original-title=&quot;Start submitting feedback&quot; data-placement=&quot;top&quot; data-toggle=&quot;tooltip&quot; href=&quot;/page/instructorFeedbackSubmissionEditPage?courseid=AHPUiT.instr1.gma-demo&amp;fsname=First+team+feedback+session&amp;user=teammates.coord_123&quot; title=&quot;&quot;&gt;
                        Submit
                     &lt;/a&gt;
                     &lt;a class=&quot;btn btn-default btn-xs btn-tm-actions session-remind-for-test disabled&quot; data-original-title=&quot;Send e-mails to remind students and instructors who have not submitted their feedbacks to do so&quot; data-placement=&quot;top&quot; data-toggle=&quot;tooltip&quot; href=&quot;/page/instructorFeedbackRemind?courseid=AHPUiT.instr1.gma-demo&amp;fsname=First+team+feedback+session&amp;user=teammates.coord_123&quot; onclick=&quot;return false&quot; title=&quot;&quot;&gt;
                        Remind
                     &lt;/a&gt;
                     &lt;a class=&quot;btn btn-default btn-xs btn-tm-actions session-unpublish-for-test&quot; data-original-title=&quot;Make responses no longer visible&quot; data-placement=&quot;top&quot; data-toggle=&quot;tooltip&quot; href=&quot;/page/instructorFeedbackUnpublish?courseid=AHPUiT.instr1.gma-demo&amp;fsname=First+team+feedback+session&amp;next=%2Fpage%2FinstructorFeedbacksPage%3Fuser%3Dteammates.coord_123&amp;user=teammates.coord_123&quot; onclick=&quot;return toggleUnpublishEvaluation(&#039;First team feedback session&#039;);&quot; title=&quot;&quot;&gt;
                        Unpublish
                     &lt;/a&gt;
                  &lt;/td&gt;
               &lt;/tr&gt;
               &lt;tr id=&quot;session2&quot;&gt;
                  &lt;td&gt;
                     Session with different question types
                  &lt;/td&gt;
                  &lt;td&gt;
                     &lt;span data-original-title=&quot;The feedback session has been created, is visible, and has ended.&lt;br /&gt;The responses for this session are visible.&quot; data-placement=&quot;top&quot; data-toggle=&quot;tooltip&quot; title=&quot;&quot;&gt;
                        Published
                     &lt;/span&gt;
                  &lt;/td&gt;
                  &lt;td class=&quot;session-response-for-test&quot;&gt;
                     &lt;a href=&quot;/page/feedbackSessionStatsPage?courseid=AHPUiT.instr1.gma-demo&amp;fsname=Session+with+different+question+types&amp;user=teammates.coord_123&quot; oncontextmenu=&quot;return false;&quot;&gt;
                        Show
                     &lt;/a&gt;
                  &lt;/td&gt;
                  &lt;td class=&quot;no-print&quot;&gt;
                     &lt;a class=&quot;btn btn-default btn-xs btn-tm-actions session-view-for-test&quot; data-original-title=&quot;View the submitted responses for this feedback session&quot; data-placement=&quot;top&quot; data-toggle=&quot;tooltip&quot; href=&quot;/page/instructorFeedbackResultsPage?courseid=AHPUiT.instr1.gma-demo&amp;fsname=Session+with+different+question+types&amp;user=teammates.coord_123&quot; title=&quot;&quot;&gt;
                        View Results
                     &lt;/a&gt;
                     &lt;a class=&quot;btn btn-default btn-xs btn-tm-actions session-edit-for-test&quot; data-original-title=&quot;Edit feedback session details&quot; data-placement=&quot;top&quot; data-toggle=&quot;tooltip&quot; href=&quot;/page/instructorFeedbackEditPage?courseid=AHPUiT.instr1.gma-demo&amp;fsname=Session+with+different+question+types&amp;user=teammates.coord_123&quot; title=&quot;&quot;&gt;
                        Edit
                     &lt;/a&gt;
                     &lt;a class=&quot;btn btn-default btn-xs btn-tm-actions session-delete-for-test&quot; data-original-title=&quot;Delete the feedback session&quot; data-placement=&quot;top&quot; data-toggle=&quot;tooltip&quot; href=&quot;/page/instructorFeedbackDelete?courseid=AHPUiT.instr1.gma-demo&amp;fsname=Session+with+different+question+types&amp;next=%2Fpage%2FinstructorFeedbacksPage%3Fuser%3Dteammates.coord_123&amp;user=teammates.coord_123&quot; onclick=&quot;return toggleDeleteFeedbackSessionConfirmation(&#039;AHPUiT.instr1.gma-demo&#039;,&#039;Session with different question types&#039;);&quot; title=&quot;&quot;&gt;
                        Delete
                     &lt;/a&gt;
                     &lt;a class=&quot;btn btn-default btn-xs btn-tm-actions session-submit-for-test&quot; data-original-title=&quot;Start submitting feedback&quot; data-placement=&quot;top&quot; data-toggle=&quot;tooltip&quot; href=&quot;/page/instructorFeedbackSubmissionEditPage?courseid=AHPUiT.instr1.gma-demo&amp;fsname=Session+with+different+question+types&amp;user=teammates.coord_123&quot; title=&quot;&quot;&gt;
                        Submit
                     &lt;/a&gt;
                     &lt;a class=&quot;btn btn-default btn-xs btn-tm-actions session-remind-for-test disabled&quot; data-original-title=&quot;Send e-mails to remind students and instructors who have not submitted their feedbacks to do so&quot; data-placement=&quot;top&quot; data-toggle=&quot;tooltip&quot; href=&quot;/page/instructorFeedbackRemind?courseid=AHPUiT.instr1.gma-demo&amp;fsname=Session+with+different+question+types&amp;user=teammates.coord_123&quot; onclick=&quot;return false&quot; title=&quot;&quot;&gt;
                        Remind
                     &lt;/a&gt;
                     &lt;a class=&quot;btn btn-default btn-xs btn-tm-actions session-unpublish-for-test&quot; data-original-title=&quot;Make responses no longer visible&quot; data-placement=&quot;top&quot; data-toggle=&quot;tooltip&quot; href=&quot;/page/instructorFeedbackUnpublish?courseid=AHPUiT.instr1.gma-demo&amp;fsname=Session+with+different+question+types&amp;next=%2Fpage%2FinstructorFeedbacksPage%3Fuser%3Dteammates.coord_123&amp;user=teammates.coord_123&quot; onclick=&quot;return toggleUnpublishEvaluation(&#039;Session with different question types&#039;);&quot; title=&quot;&quot;&gt;
                        Unpublish
                     &lt;/a&gt;
                  &lt;/td&gt;
               &lt;/tr&gt;
            &lt;/tbody&gt;
         &lt;/table&gt;
      &lt;/div&gt;
      &lt;br/&gt;
         &lt;/div&gt;

&lt;/actual]&gt;&gt;">
      <![CDATA[org.junit.ComparisonFailure: expected:<<[expected>
   <div class="container theme-showcase" id="frameBodyWrapper">
      <div id="topOfPage">
      </div>
      <div class="inner-container">
         <div class="row">
            <div class="col-md-5">
               <h1>
                  Instructor Home
               </h1>
            </div>
            <div class="col-md-5 instructor-header-bar">
               <form action="/page/instructorSearchPage?user=teammates.coord_123" method="get" name="search_form">
                  <div class="input-group">
                     <input class="form-control" data-original-title="Search for student's name" data-placement="top" data-toggle="tooltip" id="searchbox" name="searchkey" placeholder="Student Name" title="" type="text"/>
                                          <span class="input-group-btn">
                        <button class="btn btn-default" id="buttonSearch" type="submit" value="Search">
                           Search
                        </button>
                     </span>
                  </div>
                  <input name="searchstudents" type="hidden" value="true"/>
                                    <input name="searchcommentforstudents" type="hidden" value="false"/>
                                    <input name="searchcommentforresponses" type="hidden" value="false"/>
                                    <input name="user" type="hidden" value="teammates.coord_123"/>
                                 </form>
            </div>
            <div class="col-md-2 instructor-header-bar">
               <a class="btn btn-primary btn-md" href="/page/instructorCoursesPage?user=teammates.coord_123" id="addNewCourse">
                  Add New Course
               </a>
            </div>
         </div>
      </div>
      <br/>
            <div class="alert alert-warning" id="statusMessage">
         New to TEAMMATES? You may wish to have a look at our
         <a href="/instructorHelp.html#gs" target="_blank">
            Getting Started Guide
         </a>
         .
         <br/>
                  A video tour is also available in our
         <a href="/index.html" target="_blank">
            home page
         </a>
         .
      </div>
      <script type="text/javascript">
         document.getElementById( 'statusMessage' ).scrollIntoView();
      </script>
      <div class="row hidden">
         <div class="col-md-5 pull-right">
            <div class="row">
               <div class="col-md-3 btn-group">
                  <h5 class="pull-right">
                     <strong>
                        Sort By:
                     </strong>
                  </h5>
               </div>
               <div class="col-md-9">
                  <div class="btn-group pull-right" data-toggle="buttons">
                     <label class="btn btn-default " data="id" id="sortById" name="sortby">
                        <input type="radio"/>
                                                Course ID
                     </label>
                     <label class="btn btn-default " data="name" id="sortByName" name="sortby">
                        <input name="sortby" type="radio" value="name"/>
                                                Course Name
                     </label>
                     <label class="btn btn-default active" data="createdAt" id="sortByDate" name="sortby">
                        <input type="radio"/>
                                                Creation Date
                     </label>
                  </div>
               </div>
            </div>
         </div>
      </div>
      <br/>
            <div class="panel panel-primary" id="course0">
         <div class="panel-heading">
            <div class="row">
               <div class="col-md-6">
                  <strong>
                     [AHPUiT.instr1.gma-demo] :
                                        Sample Course 101
                  </strong>
               </div>
               <div class="col-md-6">
                  <span class="pull-right">
                     <a class="btn btn-primary btn-xs btn-tm-actions course-enroll-for-test" data-original-title="Enroll student into the course" data-placement="top" data-toggle="tooltip" href="/page/instructorCourseEnrollPage?courseid=AHPUiT.instr1.gma-demo&user=teammat.coord_test123" title="">
                        Enroll
                     </a>
                     <a class="btn btn-primary btn-xs btn-tm-actions course-view-for-test" data-original-title="View, edit and send invitation emails to the students in the course" data-placement="top" data-toggle="tooltip" href="/page/instructorCourseDetailsPage?courseid=AHPUiT.instr1.gma-demo&user=teammat.coord_test123" title="">
                        View
                     </a>
                     <a class="btn btn-primary btn-xs btn-tm-actions course-edit-for-test" data-original-title="Edit Course information and instructor list" data-placement="top" data-toggle="tooltip" href="/page/instructorCourseEditPage?courseid=AHPUiT.instr1.gma-demo&user=teammat.coord_test123" title="">
                        Edit
                     </a>
                     <a class="btn btn-primary btn-xs btn-tm-actions course-add-eval-for-test" data-original-title="Add a feedback session for the course" data-placement="top" data-toggle="tooltip" href="/page/instructorFeedbacksPage?user=teammat.coord_test123&courseid=AHPUiT.instr1.gma-demo" title="">
                        Add Session
                     </a>
                     <a class="btn btn-primary btn-xs btn-tm-actions course-archive-for-test" data-original-title="Archive the course so that it will not be shown in the home page any more (you can still access it from the 'Courses' tab)" data-placement="top" data-toggle="tooltip" href="/page/instructorCourseArchive?courseid=AHPUiT.instr1.gma-demo&archive=true&next=%2Fpage%2FinstructorHomePage&user=teammat.coord_test123" onclick="return toggleArchiveCourseConfirmation('AHPUiT.instr1.gma-demo')" title="">
                        Archive
                     </a>
                     <a class="btn btn-primary btn-xs btn-tm-actions course-notify-pending-comments-for-test
                                            hidden" data-original-title="Send email notification to recipients of 0 pending comment" data-placement="top" data-toggle="tooltip" href="/page/instructorStudentCommentClearPending?courseid=AHPUiT.instr1.gma-demo&user=teammat.coord_test123" title="">
                        <span class="badge">
                           0
                        </span>
                        <span class="glyphicon glyphicon-comment">
                        </span>
                        <span class="glyphicon glyphicon-arrow-right">
                        </span>
                        <span class="glyphicon glyphicon-envelope">
                        </span>
                     </a>
                     <a class="btn btn-primary btn-xs btn-tm-actions course-delete-for-test" data-original-title="Delete the course and its corresponding students and sessions" data-placement="top" data-toggle="tooltip" href="/page/instructorCourseDelete?courseid=AHPUiT.instr1.gma-demo&next=%2Fpage%2FinstructorHomePage&user=teammates.coord_123" onclick="return toggleDeleteCourseConfirmation('AHPUiT.instr1.gma-demo')" title="">
                        Delete
                     </a>
                  </span>
               </div>
            </div>
         </div>
         <table class="table-responsive table table-striped table-bordered">
            <thead>
               <tr>
                  <th class="button-sort-none" id="button_sortname" onclick="toggleSort(this,1);">
                     Session Name
                     <span class="icon-sort unsorted">
                     </span>
                  </th>
                  <th>
                     Status
                  </th>
                  <th>
                     <span data-original-title="Number of students submitted / Class size" data-placement="top" data-toggle="tooltip" title="">
                        Response Rate
                     </span>
                  </th>
                  <th class="no-print">
                     Action(s)
                  </th>
               </tr>
            </thead>
            <tbody>
               <tr id="session0">
                  <td>
                     Second team feedback session
                  </td>
                  <td>
                     <span data-original-title="The feedback session has been created, is visible, and is open for submissions.<br />The responses for this session are visible." data-placement="top" data-toggle="tooltip" title="">
                        Open
                     </span>
                  </td>
                  <td class="session-response-for-test recent">
                     {*}
                  </td>
                  <td class="no-print">
                     <a class="btn btn-default btn-xs btn-tm-actions session-view-for-test" data-original-title="View the submitted responses for this feedback session" data-placement="top" data-toggle="tooltip" href="/page/instructorFeedbackResultsPage?courseid=AHPUiT.instr1.gma-demo&fsname=Second+team+feedback+session&user=teammates.coord_123" title="">
                        View Results
                     </a>
                     <a class="btn btn-default btn-xs btn-tm-actions session-edit-for-test" data-original-title="Edit feedback session details" data-placement="top" data-toggle="tooltip" href="/page/instructorFeedbackEditPage?courseid=AHPUiT.instr1.gma-demo&fsname=Second+team+feedback+session&user=teammates.coord_123" title="">
                        Edit
                     </a>
                     <a class="btn btn-default btn-xs btn-tm-actions session-delete-for-test" data-original-title="Delete the feedback session" data-placement="top" data-toggle="tooltip" href="/page/instructorFeedbackDelete?courseid=AHPUiT.instr1.gma-demo&fsname=Second+team+feedback+session&next=%2Fpage%2FinstructorFeedbacksPage%3Fuser%3Dteammates.coord_123&user=teammates.coord_123" onclick="return toggleDeleteFeedbackSessionConfirmation('AHPUiT.instr1.gma-demo','Second team feedback session');" title="">
                        Delete
                     </a>
                     <a class="btn btn-default btn-xs btn-tm-actions session-submit-for-test" data-original-title="Start submitting feedback" data-placement="top" data-toggle="tooltip" href="/page/instructorFeedbackSubmissionEditPage?courseid=AHPUiT.instr1.gma-demo&fsname=Second+team+feedback+session&user=teammates.coord_123" title="">
                        Submit
                     </a>
                     <a class="btn btn-default btn-xs btn-tm-actions session-remind-for-test" data-original-title="Send e-mails to remind students and instructors who have not submitted their feedbacks to do so" data-placement="top" data-toggle="tooltip" href="/page/instructorFeedbackRemind?courseid=AHPUiT.instr1.gma-demo&fsname=Second+team+feedback+session&user=teammates.coord_123" onclick="return toggleRemindStudents('Second team feedback session');" title="">
                        Remind
                     </a>
                     <a class="btn btn-default btn-xs btn-tm-actions session-unpublish-for-test" data-original-title="Make responses no longer visible" data-placement="top" data-toggle="tooltip" href="/page/instructorFeedbackUnpublish?courseid=AHPUiT.instr1.gma-demo&fsname=Second+team+feedback+session&next=%2Fpage%2FinstructorFeedbacksPage%3Fuser%3Dteammates.coord_123&user=teammates.coord_123" onclick="return toggleUnpublishEvaluation('Second team feedback session');" title="">
                        Unpublish
                     </a>
                  </td>
               </tr>
               <tr id="session1">
                  <td>
                     First team feedback session
                  </td>
                  <td>
                     <span data-original-title="The feedback session has been created, is visible, and has ended.<br />The responses for this session are visible." data-placement="top" data-toggle="tooltip" title="">
                        Published
                     </span>
                  </td>
                  <td class="session-response-for-test">
                     <a href="/page/feedbackSessionStatsPage?courseid=AHPUiT.instr1.gma-demo&fsname=First+team+feedback+session&user=teammates.coord_123" oncontextmenu="return false;">
                        Show
                     </a>
                  </td>
                  <td class="no-print">
                     <a class="btn btn-default btn-xs btn-tm-actions session-view-for-test" data-original-title="View the submitted responses for this feedback session" data-placement="top" data-toggle="tooltip" href="/page/instructorFeedbackResultsPage?courseid=AHPUiT.instr1.gma-demo&fsname=First+team+feedback+session&user=teammates.coord_123" title="">
                        View Results
                     </a>
                     <a class="btn btn-default btn-xs btn-tm-actions session-edit-for-test" data-original-title="Edit feedback session details" data-placement="top" data-toggle="tooltip" href="/page/instructorFeedbackEditPage?courseid=AHPUiT.instr1.gma-demo&fsname=First+team+feedback+session&user=teammates.coord_123" title="">
                        Edit
                     </a>
                     <a class="btn btn-default btn-xs btn-tm-actions session-delete-for-test" data-original-title="Delete the feedback session" data-placement="top" data-toggle="tooltip" href="/page/instructorFeedbackDelete?courseid=AHPUiT.instr1.gma-demo&fsname=First+team+feedback+session&next=%2Fpage%2FinstructorFeedbacksPage%3Fuser%3Dteammates.coord_123&user=teammates.coord_123" onclick="return toggleDeleteFeedbackSessionConfirmation('AHPUiT.instr1.gma-demo','First team feedback session');" title="">
                        Delete
                     </a>
                     <a class="btn btn-default btn-xs btn-tm-actions session-submit-for-test" data-original-title="Start submitting feedback" data-placement="top" data-toggle="tooltip" href="/page/instructorFeedbackSubmissionEditPage?courseid=AHPUiT.instr1.gma-demo&fsname=First+team+feedback+session&user=teammates.coord_123" title="">
                        Submit
                     </a>
                     <a class="btn btn-default btn-xs btn-tm-actions session-remind-for-test disabled" data-original-title="Send e-mails to remind students and instructors who have not submitted their feedbacks to do so" data-placement="top" data-toggle="tooltip" href="/page/instructorFeedbackRemind?courseid=AHPUiT.instr1.gma-demo&fsname=First+team+feedback+session&user=teammates.coord_123" onclick="return false" title="">
                        Remind
                     </a>
                     <a class="btn btn-default btn-xs btn-tm-actions session-unpublish-for-test" data-original-title="Make responses no longer visible" data-placement="top" data-toggle="tooltip" href="/page/instructorFeedbackUnpublish?courseid=AHPUiT.instr1.gma-demo&fsname=First+team+feedback+session&next=%2Fpage%2FinstructorFeedbacksPage%3Fuser%3Dteammates.coord_123&user=teammates.coord_123" onclick="return toggleUnpublishEvaluation('First team feedback session');" title="">
                        Unpublish
                     </a>
                  </td>
               </tr>
               <tr id="session2">
                  <td>
                     Session with different question types
                  </td>
                  <td>
                     <span data-original-title="The feedback session has been created, is visible, and has ended.<br />The responses for this session are visible." data-placement="top" data-toggle="tooltip" title="">
                        Published
                     </span>
                  </td>
                  <td class="session-response-for-test">
                     <a href="/page/feedbackSessionStatsPage?courseid=AHPUiT.instr1.gma-demo&fsname=Session+with+different+question+types&user=teammates.coord_123" oncontextmenu="return false;">
                        Show
                     </a>
                  </td>
                  <td class="no-print">
                     <a class="btn btn-default btn-xs btn-tm-actions session-view-for-test" data-original-title="View the submitted responses for this feedback session" data-placement="top" data-toggle="tooltip" href="/page/instructorFeedbackResultsPage?courseid=AHPUiT.instr1.gma-demo&fsname=Session+with+different+question+types&user=teammates.coord_123" title="">
                        View Results
                     </a>
                     <a class="btn btn-default btn-xs btn-tm-actions session-edit-for-test" data-original-title="Edit feedback session details" data-placement="top" data-toggle="tooltip" href="/page/instructorFeedbackEditPage?courseid=AHPUiT.instr1.gma-demo&fsname=Session+with+different+question+types&user=teammates.coord_123" title="">
                        Edit
                     </a>
                     <a class="btn btn-default btn-xs btn-tm-actions session-delete-for-test" data-original-title="Delete the feedback session" data-placement="top" data-toggle="tooltip" href="/page/instructorFeedbackDelete?courseid=AHPUiT.instr1.gma-demo&fsname=Session+with+different+question+types&next=%2Fpage%2FinstructorFeedbacksPage%3Fuser%3Dteammates.coord_123&user=teammates.coord_123" onclick="return toggleDeleteFeedbackSessionConfirmation('AHPUiT.instr1.gma-demo','Session with different question types');" title="">
                        Delete
                     </a>
                     <a class="btn btn-default btn-xs btn-tm-actions session-submit-for-test" data-original-title="Start submitting feedback" data-placement="top" data-toggle="tooltip" href="/page/instructorFeedbackSubmissionEditPage?courseid=AHPUiT.instr1.gma-demo&fsname=Session+with+different+question+types&user=teammates.coord_123" title="">
                        Submit
                     </a>
                     <a class="btn btn-default btn-xs btn-tm-actions session-remind-for-test disabled" data-original-title="Send e-mails to remind students and instructors who have not submitted their feedbacks to do so" data-placement="top" data-toggle="tooltip" href="/page/instructorFeedbackRemind?courseid=AHPUiT.instr1.gma-demo&fsname=Session+with+different+question+types&user=teammates.coord_123" onclick="return false" title="">
                        Remind
                     </a>
                     <a class="btn btn-default btn-xs btn-tm-actions session-unpublish-for-test" data-original-title="Make responses no longer visible" data-placement="top" data-toggle="tooltip" href="/page/instructorFeedbackUnpublish?courseid=AHPUiT.instr1.gma-demo&fsname=Session+with+different+question+types&next=%2Fpage%2FinstructorFeedbacksPage%3Fuser%3Dteammates.coord_123&user=teammates.coord_123" onclick="return toggleUnpublishEvaluation('Session with different question types');" title="">
                        Unpublish
                     </a>
                  </td>
               </tr>
            </tbody>
         </table>
      </div>
      <br/>
         </div>

</expected]>> but was:<<[actual>
   <div class="container theme-showcase" id="frameBodyWrapper">
      <div id="topOfPage">
      </div>
      <div class="inner-container">
         <div class="row">
            <div class="col-md-5">
               <h1>
                  Instructor Home
               </h1>
            </div>
            <div class="col-md-5 instructor-header-bar">
               <form action="/page/instructorSearchPage?user=teammates.coord_123" method="get" name="search_form">
                  <div class="input-group">
                     <input class="form-control" data-original-title="Search for student's name" data-placement="top" data-toggle="tooltip" id="searchbox" name="searchkey" placeholder="Student Name" title="" type="text"/>
                                          <span class="input-group-btn">
                        <button class="btn btn-default" id="buttonSearch" type="submit" value="Search">
                           Search
                        </button>
                     </span>
                  </div>
                  <input name="searchstudents" type="hidden" value="true"/>
                                    <input name="searchcommentforstudents" type="hidden" value="false"/>
                                    <input name="searchcommentforresponses" type="hidden" value="false"/>
                                    <input name="user" type="hidden" value="teammates.coord_123"/>
                                 </form>
            </div>
            <div class="col-md-2 instructor-header-bar">
               <a class="btn btn-primary btn-md" href="/page/instructorCoursesPage?user=teammates.coord_123" id="addNewCourse">
                  Add New Course
               </a>
            </div>
         </div>
      </div>
      <br/>
            <div class="alert alert-warning" id="statusMessage">
         New to TEAMMATES? You may wish to have a look at our
         <a href="/instructorHelp.html#gs" target="_blank">
            Getting Started Guide
         </a>
         .
         <br/>
                  A video tour is also available in our
         <a href="/index.html" target="_blank">
            home page
         </a>
         .
      </div>
      <script type="text/javascript">
         document.getElementById( 'statusMessage' ).scrollIntoView();
      </script>
      <div class="row hidden">
         <div class="col-md-5 pull-right">
            <div class="row">
               <div class="col-md-3 btn-group">
                  <h5 class="pull-right">
                     <strong>
                        Sort By:
                     </strong>
                  </h5>
               </div>
               <div class="col-md-9">
                  <div class="btn-group pull-right" data-toggle="buttons">
                     <label class="btn btn-default " data="id" id="sortById" name="sortby">
                        <input type="radio"/>
                                                Course ID
                     </label>
                     <label class="btn btn-default " data="name" id="sortByName" name="sortby">
                        <input name="sortby" type="radio" value="name"/>
                                                Course Name
                     </label>
                     <label class="btn btn-default active" data="createdAt" id="sortByDate" name="sortby">
                        <input type="radio"/>
                                                Creation Date
                     </label>
                  </div>
               </div>
            </div>
         </div>
      </div>
      <br/>
            <div class="panel panel-primary" id="course0">
         <div class="panel-heading">
            <div class="row">
               <div class="col-md-6">
                  <strong>
                     [AHPUiT.instr1.gma-demo] :
                                        Sample Course 101
                  </strong>
               </div>
               <div class="col-md-6">
                  <span class="pull-right">
                     <a class="btn btn-primary btn-xs btn-tm-actions course-enroll-for-test" data-original-title="Enroll student into the course" data-placement="top" data-toggle="tooltip" href="/page/instructorCourseEnrollPage?courseid=AHPUiT.instr1.gma-demo&user=teammates.coord_123" title="">
                        Enroll
                     </a>
                     <a class="btn btn-primary btn-xs btn-tm-actions course-view-for-test" data-original-title="View, edit and send invitation emails to the students in the course" data-placement="top" data-toggle="tooltip" href="/page/instructorCourseDetailsPage?courseid=AHPUiT.instr1.gma-demo&user=teammates.coord_123" title="">
                        View
                     </a>
                     <a class="btn btn-primary btn-xs btn-tm-actions course-edit-for-test" data-original-title="Edit Course information and instructor list" data-placement="top" data-toggle="tooltip" href="/page/instructorCourseEditPage?courseid=AHPUiT.instr1.gma-demo&user=teammates.coord_123" title="">
                        Edit
                     </a>
                     <a class="btn btn-primary btn-xs btn-tm-actions course-add-eval-for-test" data-original-title="Add a feedback session for the course" data-placement="top" data-toggle="tooltip" href="/page/instructorFeedbacksPage?user=teammates.coord_123&courseid=AHPUiT.instr1.gma-demo" title="">
                        Add Session
                     </a>
                     <a class="btn btn-primary btn-xs btn-tm-actions course-archive-for-test" data-original-title="Archive the course so that it will not be shown in the home page any more (you can still access it from the 'Courses' tab)" data-placement="top" data-toggle="tooltip" href="/page/instructorCourseArchive?courseid=AHPUiT.instr1.gma-demo&archive=true&next=%2Fpage%2FinstructorHomePage&user=teammates.coord_123" onclick="return toggleArchiveCourseConfirmation('AHPUiT.instr1.gma-demo')" title="">
                        Archive
                     </a>
                     <a class="btn btn-primary btn-xs btn-tm-actions course-notify-pending-comments-for-test
                                            hidden" data-original-title="Send email notification to recipients of 0 pending comment" data-placement="top" data-toggle="tooltip" href="/page/instructorStudentCommentClearPending?courseid=AHPUiT.instr1.gma-demo&user=teammates.coord_123" title="">
                        <span class="badge">
                           0
                        </span>
                        <span class="glyphicon glyphicon-comment">
                        </span>
                        <span class="glyphicon glyphicon-arrow-right">
                        </span>
                        <span class="glyphicon glyphicon-envelope">
                        </span>
                     </a>
                     <a class="btn btn-primary btn-xs btn-tm-actions course-delete-for-test" data-original-title="Delete the course and its corresponding students and sessions" data-placement="top" data-toggle="tooltip" href="/page/instructorCourseDelete?courseid=AHPUiT.instr1.gma-demo&next=%2Fpage%2FinstructorHomePage&user=teammates.coord_123" onclick="return toggleDeleteCourseConfirmation('AHPUiT.instr1.gma-demo')" title="">
                        Delete
                     </a>
                  </span>
               </div>
            </div>
         </div>
         <table class="table-responsive table table-striped table-bordered">
            <thead>
               <tr>
                  <th class="button-sort-none" id="button_sortname" onclick="toggleSort(this,1);">
                     Session Name
                     <span class="icon-sort unsorted">
                     </span>
                  </th>
                  <th>
                     Status
                  </th>
                  <th>
                     <span data-original-title="Number of students submitted / Class size" data-placement="top" data-toggle="tooltip" title="">
                        Response Rate
                     </span>
                  </th>
                  <th class="no-print">
                     Action(s)
                  </th>
               </tr>
            </thead>
            <tbody>
               <tr id="session0">
                  <td>
                     Second team feedback session
                  </td>
                  <td>
                     <span data-original-title="The feedback session has been created, is visible, and is open for submissions.<br />The responses for this session are visible." data-placement="top" data-toggle="tooltip" title="">
                        Open
                     </span>
                  </td>
                  <td class="session-response-for-test recent">
                     0 / 9
                  </td>
                  <td class="no-print">
                     <a class="btn btn-default btn-xs btn-tm-actions session-view-for-test" data-original-title="View the submitted responses for this feedback session" data-placement="top" data-toggle="tooltip" href="/page/instructorFeedbackResultsPage?courseid=AHPUiT.instr1.gma-demo&fsname=Second+team+feedback+session&user=teammates.coord_123" title="">
                        View Results
                     </a>
                     <a class="btn btn-default btn-xs btn-tm-actions session-edit-for-test" data-original-title="Edit feedback session details" data-placement="top" data-toggle="tooltip" href="/page/instructorFeedbackEditPage?courseid=AHPUiT.instr1.gma-demo&fsname=Second+team+feedback+session&user=teammates.coord_123" title="">
                        Edit
                     </a>
                     <a class="btn btn-default btn-xs btn-tm-actions session-delete-for-test" data-original-title="Delete the feedback session" data-placement="top" data-toggle="tooltip" href="/page/instructorFeedbackDelete?courseid=AHPUiT.instr1.gma-demo&fsname=Second+team+feedback+session&next=%2Fpage%2FinstructorFeedbacksPage%3Fuser%3Dteammates.coord_123&user=teammates.coord_123" onclick="return toggleDeleteFeedbackSessionConfirmation('AHPUiT.instr1.gma-demo','Second team feedback session');" title="">
                        Delete
                     </a>
                     <a class="btn btn-default btn-xs btn-tm-actions session-submit-for-test" data-original-title="Start submitting feedback" data-placement="top" data-toggle="tooltip" href="/page/instructorFeedbackSubmissionEditPage?courseid=AHPUiT.instr1.gma-demo&fsname=Second+team+feedback+session&user=teammates.coord_123" title="">
                        Submit
                     </a>
                     <a class="btn btn-default btn-xs btn-tm-actions session-remind-for-test" data-original-title="Send e-mails to remind students and instructors who have not submitted their feedbacks to do so" data-placement="top" data-toggle="tooltip" href="/page/instructorFeedbackRemind?courseid=AHPUiT.instr1.gma-demo&fsname=Second+team+feedback+session&user=teammates.coord_123" onclick="return toggleRemindStudents('Second team feedback session');" title="">
                        Remind
                     </a>
                     <a class="btn btn-default btn-xs btn-tm-actions session-unpublish-for-test" data-original-title="Make responses no longer visible" data-placement="top" data-toggle="tooltip" href="/page/instructorFeedbackUnpublish?courseid=AHPUiT.instr1.gma-demo&fsname=Second+team+feedback+session&next=%2Fpage%2FinstructorFeedbacksPage%3Fuser%3Dteammates.coord_123&user=teammates.coord_123" onclick="return toggleUnpublishEvaluation('Second team feedback session');" title="">
                        Unpublish
                     </a>
                  </td>
               </tr>
               <tr id="session1">
                  <td>
                     First team feedback session
                  </td>
                  <td>
                     <span data-original-title="The feedback session has been created, is visible, and has ended.<br />The responses for this session are visible." data-placement="top" data-toggle="tooltip" title="">
                        Published
                     </span>
                  </td>
                  <td class="session-response-for-test">
                     <a href="/page/feedbackSessionStatsPage?courseid=AHPUiT.instr1.gma-demo&fsname=First+team+feedback+session&user=teammates.coord_123" oncontextmenu="return false;">
                        Show
                     </a>
                  </td>
                  <td class="no-print">
                     <a class="btn btn-default btn-xs btn-tm-actions session-view-for-test" data-original-title="View the submitted responses for this feedback session" data-placement="top" data-toggle="tooltip" href="/page/instructorFeedbackResultsPage?courseid=AHPUiT.instr1.gma-demo&fsname=First+team+feedback+session&user=teammates.coord_123" title="">
                        View Results
                     </a>
                     <a class="btn btn-default btn-xs btn-tm-actions session-edit-for-test" data-original-title="Edit feedback session details" data-placement="top" data-toggle="tooltip" href="/page/instructorFeedbackEditPage?courseid=AHPUiT.instr1.gma-demo&fsname=First+team+feedback+session&user=teammates.coord_123" title="">
                        Edit
                     </a>
                     <a class="btn btn-default btn-xs btn-tm-actions session-delete-for-test" data-original-title="Delete the feedback session" data-placement="top" data-toggle="tooltip" href="/page/instructorFeedbackDelete?courseid=AHPUiT.instr1.gma-demo&fsname=First+team+feedback+session&next=%2Fpage%2FinstructorFeedbacksPage%3Fuser%3Dteammates.coord_123&user=teammates.coord_123" onclick="return toggleDeleteFeedbackSessionConfirmation('AHPUiT.instr1.gma-demo','First team feedback session');" title="">
                        Delete
                     </a>
                     <a class="btn btn-default btn-xs btn-tm-actions session-submit-for-test" data-original-title="Start submitting feedback" data-placement="top" data-toggle="tooltip" href="/page/instructorFeedbackSubmissionEditPage?courseid=AHPUiT.instr1.gma-demo&fsname=First+team+feedback+session&user=teammates.coord_123" title="">
                        Submit
                     </a>
                     <a class="btn btn-default btn-xs btn-tm-actions session-remind-for-test disabled" data-original-title="Send e-mails to remind students and instructors who have not submitted their feedbacks to do so" data-placement="top" data-toggle="tooltip" href="/page/instructorFeedbackRemind?courseid=AHPUiT.instr1.gma-demo&fsname=First+team+feedback+session&user=teammates.coord_123" onclick="return false" title="">
                        Remind
                     </a>
                     <a class="btn btn-default btn-xs btn-tm-actions session-unpublish-for-test" data-original-title="Make responses no longer visible" data-placement="top" data-toggle="tooltip" href="/page/instructorFeedbackUnpublish?courseid=AHPUiT.instr1.gma-demo&fsname=First+team+feedback+session&next=%2Fpage%2FinstructorFeedbacksPage%3Fuser%3Dteammates.coord_123&user=teammates.coord_123" onclick="return toggleUnpublishEvaluation('First team feedback session');" title="">
                        Unpublish
                     </a>
                  </td>
               </tr>
               <tr id="session2">
                  <td>
                     Session with different question types
                  </td>
                  <td>
                     <span data-original-title="The feedback session has been created, is visible, and has ended.<br />The responses for this session are visible." data-placement="top" data-toggle="tooltip" title="">
                        Published
                     </span>
                  </td>
                  <td class="session-response-for-test">
                     <a href="/page/feedbackSessionStatsPage?courseid=AHPUiT.instr1.gma-demo&fsname=Session+with+different+question+types&user=teammates.coord_123" oncontextmenu="return false;">
                        Show
                     </a>
                  </td>
                  <td class="no-print">
                     <a class="btn btn-default btn-xs btn-tm-actions session-view-for-test" data-original-title="View the submitted responses for this feedback session" data-placement="top" data-toggle="tooltip" href="/page/instructorFeedbackResultsPage?courseid=AHPUiT.instr1.gma-demo&fsname=Session+with+different+question+types&user=teammates.coord_123" title="">
                        View Results
                     </a>
                     <a class="btn btn-default btn-xs btn-tm-actions session-edit-for-test" data-original-title="Edit feedback session details" data-placement="top" data-toggle="tooltip" href="/page/instructorFeedbackEditPage?courseid=AHPUiT.instr1.gma-demo&fsname=Session+with+different+question+types&user=teammates.coord_123" title="">
                        Edit
                     </a>
                     <a class="btn btn-default btn-xs btn-tm-actions session-delete-for-test" data-original-title="Delete the feedback session" data-placement="top" data-toggle="tooltip" href="/page/instructorFeedbackDelete?courseid=AHPUiT.instr1.gma-demo&fsname=Session+with+different+question+types&next=%2Fpage%2FinstructorFeedbacksPage%3Fuser%3Dteammates.coord_123&user=teammates.coord_123" onclick="return toggleDeleteFeedbackSessionConfirmation('AHPUiT.instr1.gma-demo','Session with different question types');" title="">
                        Delete
                     </a>
                     <a class="btn btn-default btn-xs btn-tm-actions session-submit-for-test" data-original-title="Start submitting feedback" data-placement="top" data-toggle="tooltip" href="/page/instructorFeedbackSubmissionEditPage?courseid=AHPUiT.instr1.gma-demo&fsname=Session+with+different+question+types&user=teammates.coord_123" title="">
                        Submit
                     </a>
                     <a class="btn btn-default btn-xs btn-tm-actions session-remind-for-test disabled" data-original-title="Send e-mails to remind students and instructors who have not submitted their feedbacks to do so" data-placement="top" data-toggle="tooltip" href="/page/instructorFeedbackRemind?courseid=AHPUiT.instr1.gma-demo&fsname=Session+with+different+question+types&user=teammates.coord_123" onclick="return false" title="">
                        Remind
                     </a>
                     <a class="btn btn-default btn-xs btn-tm-actions session-unpublish-for-test" data-original-title="Make responses no longer visible" data-placement="top" data-toggle="tooltip" href="/page/instructorFeedbackUnpublish?courseid=AHPUiT.instr1.gma-demo&fsname=Session+with+different+question+types&next=%2Fpage%2FinstructorFeedbacksPage%3Fuser%3Dteammates.coord_123&user=teammates.coord_123" onclick="return toggleUnpublishEvaluation('Session with different question types');" title="">
                        Unpublish
                     </a>
                  </td>
               </tr>
            </tbody>
         </table>
      </div>
      <br/>
         </div>

</actual]>>
	at org.junit.Assert.assertEquals(Assert.java:115)
	at org.junit.Assert.assertEquals(Assert.java:144)
	at teammates.test.driver.HtmlHelper.assertSameHtmlPart(HtmlHelper.java:43)
	at teammates.test.pageobjects.AppPage.verifyHtmlPart(AppPage.java:822)
	at teammates.test.pageobjects.AppPage.verifyHtmlMainContent(AppPage.java:864)
	at teammates.test.cases.ui.browsertests.AdminHomePageUiTest.testCreateInstructorAction(AdminHomePageUiTest.java:146)
	at teammates.test.cases.ui.browsertests.AdminHomePageUiTest.testAll(AdminHomePageUiTest.java:72)
	at sun.reflect.NativeMethodAccessorImpl.invoke0(Native Method)
	at sun.reflect.NativeMethodAccessorImpl.invoke(NativeMethodAccessorImpl.java:57)
	at sun.reflect.DelegatingMethodAccessorImpl.invoke(DelegatingMethodAccessorImpl.java:43)
	at java.lang.reflect.Method.invoke(Method.java:606)
	at org.testng.internal.MethodInvocationHelper.invokeMethod(MethodInvocationHelper.java:84)
	at org.testng.internal.Invoker.invokeMethod(Invoker.java:714)
	at org.testng.internal.Invoker.invokeTestMethod(Invoker.java:901)
	at org.testng.internal.Invoker.invokeTestMethods(Invoker.java:1231)
	at org.testng.internal.TestMethodWorker.invokeTestMethods(TestMethodWorker.java:127)
	at org.testng.internal.TestMethodWorker.run(TestMethodWorker.java:111)
	at java.util.concurrent.ThreadPoolExecutor.runWorker(ThreadPoolExecutor.java:1145)
	at java.util.concurrent.ThreadPoolExecutor$Worker.run(ThreadPoolExecutor.java:615)
	at java.lang.Thread.run(Thread.java:745)
]]>
    </error>
  </testcase> <!-- testAll -->
</testsuite> <!-- teammates.test.cases.ui.browsertests.AdminHomePageUiTest -->
