<?xml version="1.0" encoding="UTF-8"?>
<!-- Generated by org.testng.reporters.JUnitReportReporter -->
<testsuite hostname="soccf-tr5-001" name="teammates.test.cases.ui.browsertests.SystemErrorEmailReportTest" tests="5" failures="0" timestamp="23 Aug 2014 14:33:18 GMT" time="5.322" errors="0">
  <testcase name="testUnauthorizedAccessException" time="0.906" classname="teammates.test.cases.ui.browsertests.SystemErrorEmailReportTest"/>
  <testcase name="testEntityDoesNotExistException" time="0.765" classname="teammates.test.cases.ui.browsertests.SystemErrorEmailReportTest"/>
  <testcase name="testAssertionError" time="2.185" classname="teammates.test.cases.ui.browsertests.SystemErrorEmailReportTest"/>
  <testcase name="testDeadlineExceededException" time="0.889" classname="teammates.test.cases.ui.browsertests.SystemErrorEmailReportTest"/>
  <testcase name="testNullPointerException" time="0.577" classname="teammates.test.cases.ui.browsertests.SystemErrorEmailReportTest"/>
</testsuite> <!-- teammates.test.cases.ui.browsertests.SystemErrorEmailReportTest -->
