<?xml version="1.0" encoding="UTF-8"?>
<!-- Generated by org.testng.reporters.JUnitReportReporter -->
<testsuite hostname="soccf-tr5-001" name="teammates.test.cases.ui.browsertests.InstructorCommentsPageUiTest" tests="1" failures="0" timestamp="30 Aug 2014 08:07:38 GMT" time="86.912" errors="0">
  <testcase name="allTests" time="86.912" classname="teammates.test.cases.ui.browsertests.InstructorCommentsPageUiTest"/>
</testsuite> <!-- teammates.test.cases.ui.browsertests.InstructorCommentsPageUiTest -->
