<?xml version="1.0" encoding="UTF-8"?>
<!-- Generated by org.testng.reporters.JUnitReportReporter -->
<testsuite hostname="soccf-tr5-001" name="teammates.test.automated.EvaluationOpeningReminderTest" tests="2" failures="0" timestamp="9 Oct 2014 14:26:02 GMT" time="3.868" errors="0">
  <testcase name="testAdditionOfTaskToTaskQueue" time="2.605" classname="teammates.test.automated.EvaluationOpeningReminderTest"/>
  <testcase name="testEvaluationOpeningMailAction" time="1.263" classname="teammates.test.automated.EvaluationOpeningReminderTest"/>
</testsuite> <!-- teammates.test.automated.EvaluationOpeningReminderTest -->
