<?xml version="1.0" encoding="UTF-8"?>
<!-- Generated by org.testng.reporters.JUnitReportReporter -->
<testsuite hostname="soccf-tr5-001" name="teammates.test.cases.logic.SubmissionsAdjustmentTest" tests="2" failures="0" timestamp="7 Aug 2014 04:48:38 GMT" time="8.645" errors="0">
  <testcase name="testAdjustmentOfResponses" time="0.671" classname="teammates.test.cases.logic.SubmissionsAdjustmentTest"/>
  <testcase name="testEnrollStudentsWithScheduledSubmissionAdjustment" time="7.974" classname="teammates.test.cases.logic.SubmissionsAdjustmentTest"/>
</testsuite> <!-- teammates.test.cases.logic.SubmissionsAdjustmentTest -->
