<?xml version="1.0" encoding="UTF-8"?>
<!-- Generated by org.testng.reporters.JUnitReportReporter -->
<testsuite hostname="soccf-tr5-001" name="teammates.test.cases.ui.browsertests.AutomatedSessionRemindersTest" tests="5" failures="0" timestamp="11 Sep 2014 05:49:53 GMT" time="2.964" errors="0">
  <testcase name="testEvaluationClosingReminders" time="0.343" classname="teammates.test.cases.ui.browsertests.AutomatedSessionRemindersTest"/>
  <testcase name="testFeedbackSessionPublishedReminders" time="0.483" classname="teammates.test.cases.ui.browsertests.AutomatedSessionRemindersTest"/>
  <testcase name="testFeedbackSessionOpeningReminders" time="1.186" classname="teammates.test.cases.ui.browsertests.AutomatedSessionRemindersTest"/>
  <testcase name="testFeedbackSesssionClosingReminders" time="0.593" classname="teammates.test.cases.ui.browsertests.AutomatedSessionRemindersTest"/>
  <testcase name="testEvaluationOpeningReminders" time="0.359" classname="teammates.test.cases.ui.browsertests.AutomatedSessionRemindersTest"/>
</testsuite> <!-- teammates.test.cases.ui.browsertests.AutomatedSessionRemindersTest -->
