<?xml version="1.0" encoding="UTF-8"?>
<!-- Generated by org.testng.reporters.JUnitReportReporter -->
<testsuite hostname="soccf-tr5-001" name="teammates.test.cases.ui.InstructorCourseStudentListDownloadActionTest" tests="1" failures="0" timestamp="5 Nov 2014 10:55:49 GMT" time="5.382" errors="0">
  <testcase name="testExecuteAndPostProcess" time="5.382" classname="teammates.test.cases.ui.InstructorCourseStudentListDownloadActionTest"/>
</testsuite> <!-- teammates.test.cases.ui.InstructorCourseStudentListDownloadActionTest -->
