<?xml version="1.0" encoding="UTF-8"?>
<!-- Generated by org.testng.reporters.JUnitReportReporter -->
<testsuite hostname="soccf-tr5-001" name="teammates.test.cases.ui.StudentFeedbackResultsPageActionTest" tests="1" failures="0" timestamp="22 Sep 2014 13:13:16 GMT" time="4.383" errors="0">
  <testcase name="testExecuteAndPostProcess" time="4.383" classname="teammates.test.cases.ui.StudentFeedbackResultsPageActionTest"/>
</testsuite> <!-- teammates.test.cases.ui.StudentFeedbackResultsPageActionTest -->
