<?xml version="1.0" encoding="UTF-8"?>
<!-- Generated by org.testng.reporters.JUnitReportReporter -->
<testsuite hostname="soccf-tr5-001" name="teammates.test.cases.ui.StudentProfilePictureEditActionTest" tests="1" failures="0" timestamp="22 Sep 2014 13:13:16 GMT" time="0.015" errors="0">
  <testcase name="testExecuteAndPostProcess" time="0.015" classname="teammates.test.cases.ui.StudentProfilePictureEditActionTest"/>
</testsuite> <!-- teammates.test.cases.ui.StudentProfilePictureEditActionTest -->
