<?xml version="1.0" encoding="UTF-8"?>
<!-- Generated by org.testng.reporters.JUnitReportReporter -->
<testsuite hostname="soccf-tr5-001" name="teammates.test.cases.ui.browsertests.FeedbackContributionQuestionUiTest" tests="1" failures="0" timestamp="23 Aug 2014 14:33:18 GMT" time="49.061" errors="0">
  <testcase name="allTests" time="49.061" classname="teammates.test.cases.ui.browsertests.FeedbackContributionQuestionUiTest"/>
</testsuite> <!-- teammates.test.cases.ui.browsertests.FeedbackContributionQuestionUiTest -->
