<?xml version="1.0" encoding="UTF-8"?>
<!-- Generated by org.testng.reporters.JUnitReportReporter -->
<testsuite hostname="soccf-tr5-001" name="teammates.test.cases.ui.StudentFeedbackSubmissionEditPageActionTest" tests="1" failures="0" timestamp="8 Oct 2014 15:22:55 GMT" time="3.963" errors="0">
  <testcase name="testExecuteAndPostProcess" time="3.963" classname="teammates.test.cases.ui.StudentFeedbackSubmissionEditPageActionTest"/>
</testsuite> <!-- teammates.test.cases.ui.StudentFeedbackSubmissionEditPageActionTest -->
