<?xml version="1.0" encoding="UTF-8"?>
<!-- Generated by org.testng.reporters.JUnitReportReporter -->
<testsuite hostname="soccf-tr5-001" name="teammates.test.cases.testdriver.HtmlHelperTest" tests="3" failures="0" timestamp="21 Aug 2014 08:55:41 GMT" time="0.593" errors="0">
  <testcase name="testConvertToStandardHtmlPart" time="0.078" classname="teammates.test.cases.testdriver.HtmlHelperTest"/>
  <testcase name="testConvertToStandardHtml" time="0.047" classname="teammates.test.cases.testdriver.HtmlHelperTest"/>
  <testcase name="testComparison" time="0.468" classname="teammates.test.cases.testdriver.HtmlHelperTest"/>
</testsuite> <!-- teammates.test.cases.testdriver.HtmlHelperTest -->
