<?xml version="1.0" encoding="UTF-8"?>
<!-- Generated by org.testng.reporters.JUnitReportReporter -->
<testsuite hostname="soccf-tr5-001" name="teammates.test.cases.common.CourseAttributesTest" tests="4" failures="0" timestamp="29 Oct 2014 13:17:38 GMT" time="0.000" errors="0">
  <testcase name="testGetValidityInfo" time="0.000" classname="teammates.test.cases.common.CourseAttributesTest"/>
  <testcase name="testIsValid" time="0.000" classname="teammates.test.cases.common.CourseAttributesTest"/>
  <testcase name="testToString" time="0.000" classname="teammates.test.cases.common.CourseAttributesTest"/>
  <testcase name="testValidate" time="0.000" classname="teammates.test.cases.common.CourseAttributesTest"/>
</testsuite> <!-- teammates.test.cases.common.CourseAttributesTest -->
