<?xml version="1.0" encoding="UTF-8"?>
<!-- Generated by org.testng.reporters.JUnitReportReporter -->
<testsuite hostname="soccf-tr5-001" name="teammates.test.cases.ui.browsertests.InstructorCourseDetailsPageUiTest" tests="1" failures="0" timestamp="7 Aug 2014 03:44:32 GMT" time="55.590" errors="0">
  <testcase name="allTests" time="55.590" classname="teammates.test.cases.ui.browsertests.InstructorCourseDetailsPageUiTest"/>
</testsuite> <!-- teammates.test.cases.ui.browsertests.InstructorCourseDetailsPageUiTest -->
