<?xml version="1.0" encoding="UTF-8"?>
<!-- Generated by org.testng.reporters.JUnitReportReporter -->
<testsuite hostname="soccf-tr5-001" name="teammates.test.cases.ui.browsertests.GodModeTest" tests="1" failures="0" timestamp="14 Sep 2014 14:40:20 GMT" time="0.062" errors="1">
  <testcase name="testGodMode" time="0.062" classname="teammates.test.cases.ui.browsertests.GodModeTest">
    <error type="java.lang.AssertionError" message="expected:&lt;   &lt;title&gt;
   &lt;/title&gt;
   &lt;div id=&quot;frameBodyWrapper&quot;&gt;
      &lt;input type=&quot;text&quot; value=&quot;&quot;/&gt;
            &lt;a class=&quot;student-profile-pic-view-link btn-link&quot; data-link=&quot;/page/studentProfilePic?studentemail={*}&amp;courseid={*}&quot;&gt;
         View Photo
      &lt;/a&gt;
      &lt;a class=&quot;navLinks&quot; data-unreg=&quot;true&quot; href=&quot;/page/studentCourseJoinAuthentication?key={*}&amp;&quot;&gt;
         Home
      &lt;/a&gt;
      &lt;input class=&quot;form-control&quot; id=&quot;start&quot; name=&quot;start&quot; type=&quot;text&quot; value=&quot;{*}&quot;/&gt;
            &lt;p class=&quot;form-control-static&quot;&gt;
         {*}
      &lt;/p&gt;
      &lt;input name=&quot;commentid&quot; type=&quot;hidden&quot; value=&quot;{*}&quot;/&gt;
            &lt;input name=&quot;questionid&quot; type=&quot;hidden&quot; value=&quot;{*}&quot;/&gt;
            &lt;a class=&quot;btn btn-default btn-xs t_course_archive0&quot; data-placement=&quot;top&quot; data-toggle=&quot;tooltip&quot; href=&quot;/page/instructorCourseArchive?courseid=testuserm.gma-demo&amp;archive=true&amp;next=%2Fpage%2FinstructorCoursesPage&amp;user=testuser.instructor&quot; title=&quot;Archive the course so that it will not be shown in the home page any more (you can still access it from the &#039;Courses&#039; tab)&quot;&gt;
      &lt;/a&gt;
      &lt;input name=&quot;end&quot; value=&quot;21/05/2001&quot;/&gt;
            &lt;div&gt;
         yourGoogleId_123teammates.coord_123alice.tmms_123charlie.tmms_123teammates.unreg_123app_admin@gmail.com
      &lt;/div&gt;
   &lt;/div&gt;

&gt; but was:&lt;   &lt;title&gt;
   &lt;/title&gt;
   &lt;div id=&quot;frameBodyWrapper&quot;&gt;
      &lt;input type=&quot;text&quot; value=&quot;&quot;/&gt;
            &lt;a class=&quot;student-profile-pic-view-link btn-link&quot; data-link=&quot;/page/studentProfilePic?studentemail={*}&amp;courseid={*}&quot;&gt;
         View Photo
      &lt;/a&gt;
      &lt;a class=&quot;navLinks&quot; data-unreg=&quot;true&quot; href=&quot;/page/studentCourseJoinAuthentication?key={*}&amp;&quot;&gt;
         Home
      &lt;/a&gt;
      &lt;input class=&quot;form-control&quot; id=&quot;start&quot; name=&quot;start&quot; type=&quot;text&quot; value=&quot;07/08/2014&quot;/&gt;
            &lt;p class=&quot;form-control-static&quot;&gt;
         07 Aug 2014, 05:35
      &lt;/p&gt;
      &lt;input name=&quot;commentid&quot; type=&quot;hidden&quot; value=&quot;{*}&quot;/&gt;
            &lt;input name=&quot;questionid&quot; type=&quot;hidden&quot; value=&quot;{*}&quot;/&gt;
            &lt;a class=&quot;btn btn-default btn-xs t_course_archive0&quot; data-placement=&quot;top&quot; data-toggle=&quot;tooltip&quot; href=&quot;/page/instructorCourseArchive?courseid=testuserm.gma-demo&amp;archive=true&amp;next=%2Fpage%2FinstructorCoursesPage&amp;user=testuser.instructor&quot; title=&quot;Archive the course so that it will not be shown in the home page any more (you can still access it from the &#039;Courses&#039; tab)&quot;&gt;
      &lt;/a&gt;
      &lt;input name=&quot;end&quot; value=&quot;21/05/2001&quot;/&gt;
            &lt;div&gt;
         yourGoogleId_123teammates.coord_123alice.tmms_123charlie.tmms_123teammates.unreg_123app_admin@gmail.com
      &lt;/div&gt;
   &lt;/div&gt;

&gt;">
      <![CDATA[java.lang.AssertionError: expected:<   <title>
   </title>
   <div id="frameBodyWrapper">
      <input type="text" value=""/>
            <a class="student-profile-pic-view-link btn-link" data-link="/page/studentProfilePic?studentemail={*}&courseid={*}">
         View Photo
      </a>
      <a class="navLinks" data-unreg="true" href="/page/studentCourseJoinAuthentication?key={*}&">
         Home
      </a>
      <input class="form-control" id="start" name="start" type="text" value="{*}"/>
            <p class="form-control-static">
         {*}
      </p>
      <input name="commentid" type="hidden" value="{*}"/>
            <input name="questionid" type="hidden" value="{*}"/>
            <a class="btn btn-default btn-xs t_course_archive0" data-placement="top" data-toggle="tooltip" href="/page/instructorCourseArchive?courseid=testuserm.gma-demo&archive=true&next=%2Fpage%2FinstructorCoursesPage&user=testuser.instructor" title="Archive the course so that it will not be shown in the home page any more (you can still access it from the 'Courses' tab)">
      </a>
      <input name="end" value="21/05/2001"/>
            <div>
         yourGoogleId_123teammates.coord_123alice.tmms_123charlie.tmms_123teammates.unreg_123app_admin@gmail.com
      </div>
   </div>

> but was:<   <title>
   </title>
   <div id="frameBodyWrapper">
      <input type="text" value=""/>
            <a class="student-profile-pic-view-link btn-link" data-link="/page/studentProfilePic?studentemail={*}&courseid={*}">
         View Photo
      </a>
      <a class="navLinks" data-unreg="true" href="/page/studentCourseJoinAuthentication?key={*}&">
         Home
      </a>
      <input class="form-control" id="start" name="start" type="text" value="07/08/2014"/>
            <p class="form-control-static">
         07 Aug 2014, 05:35
      </p>
      <input name="commentid" type="hidden" value="{*}"/>
            <input name="questionid" type="hidden" value="{*}"/>
            <a class="btn btn-default btn-xs t_course_archive0" data-placement="top" data-toggle="tooltip" href="/page/instructorCourseArchive?courseid=testuserm.gma-demo&archive=true&next=%2Fpage%2FinstructorCoursesPage&user=testuser.instructor" title="Archive the course so that it will not be shown in the home page any more (you can still access it from the 'Courses' tab)">
      </a>
      <input name="end" value="21/05/2001"/>
            <div>
         yourGoogleId_123teammates.coord_123alice.tmms_123charlie.tmms_123teammates.unreg_123app_admin@gmail.com
      </div>
   </div>

>
	at org.testng.AssertJUnit.assertEquals(AssertJUnit.java:101)
	at org.testng.AssertJUnit.assertEquals(AssertJUnit.java:108)
	at teammates.test.cases.ui.browsertests.GodModeTest.verifyOutput(GodModeTest.java:131)
	at teammates.test.cases.ui.browsertests.GodModeTest.testGodMode(GodModeTest.java:97)
	at sun.reflect.NativeMethodAccessorImpl.invoke0(Native Method)
	at sun.reflect.NativeMethodAccessorImpl.invoke(NativeMethodAccessorImpl.java:57)
	at sun.reflect.DelegatingMethodAccessorImpl.invoke(DelegatingMethodAccessorImpl.java:43)
	at java.lang.reflect.Method.invoke(Method.java:606)
	at org.testng.internal.MethodInvocationHelper.invokeMethod(MethodInvocationHelper.java:84)
	at org.testng.internal.Invoker.invokeMethod(Invoker.java:714)
	at org.testng.internal.Invoker.invokeTestMethod(Invoker.java:901)
	at org.testng.internal.Invoker.invokeTestMethods(Invoker.java:1231)
	at org.testng.internal.TestMethodWorker.invokeTestMethods(TestMethodWorker.java:127)
	at org.testng.internal.TestMethodWorker.run(TestMethodWorker.java:111)
	at java.util.concurrent.ThreadPoolExecutor.runWorker(ThreadPoolExecutor.java:1145)
	at java.util.concurrent.ThreadPoolExecutor$Worker.run(ThreadPoolExecutor.java:615)
	at java.lang.Thread.run(Thread.java:745)
]]>
    </error>
  </testcase> <!-- testGodMode -->
</testsuite> <!-- teammates.test.cases.ui.browsertests.GodModeTest -->
