<?xml version="1.0" encoding="UTF-8"?>
<!-- Generated by org.testng.reporters.JUnitReportReporter -->
<testsuite hostname="soccf-tr5-001" name="teammates.test.cases.logic.FeedbackSessionsLogicTest" tests="1" failures="0" timestamp="28 Aug 2014 05:26:07 GMT" time="4.090" errors="0">
  <testcase name="testAll" time="4.090" classname="teammates.test.cases.logic.FeedbackSessionsLogicTest"/>
</testsuite> <!-- teammates.test.cases.logic.FeedbackSessionsLogicTest -->
