<?xml version="1.0" encoding="UTF-8"?>
<!-- Generated by org.testng.reporters.JUnitReportReporter -->
<testsuite hostname="soccf-tr5-001" name="teammates.test.cases.ui.browsertests.StudentProfilePageUiTest" tests="1" failures="1" timestamp="22 Feb 2015 13:34:35 GMT" time="22.983" errors="0">
  <testcase name="allTests" time="22.983" classname="teammates.test.cases.ui.browsertests.StudentProfilePageUiTest">
    <failure type="java.lang.NullPointerException">
      <![CDATA[java.lang.NullPointerException
	at teammates.test.cases.ui.browsertests.StudentProfilePageUiTest.testActions(StudentProfilePageUiTest.java:114)
	at teammates.test.cases.ui.browsertests.StudentProfilePageUiTest.allTests(StudentProfilePageUiTest.java:45)
	at sun.reflect.NativeMethodAccessorImpl.invoke0(Native Method)
	at sun.reflect.NativeMethodAccessorImpl.invoke(NativeMethodAccessorImpl.java:57)
	at sun.reflect.DelegatingMethodAccessorImpl.invoke(DelegatingMethodAccessorImpl.java:43)
	at java.lang.reflect.Method.invoke(Method.java:606)
	at org.testng.internal.MethodInvocationHelper.invokeMethod(MethodInvocationHelper.java:84)
	at org.testng.internal.Invoker.invokeMethod(Invoker.java:714)
	at org.testng.internal.Invoker.invokeTestMethod(Invoker.java:901)
	at org.testng.internal.Invoker.invokeTestMethods(Invoker.java:1231)
	at org.testng.internal.TestMethodWorker.invokeTestMethods(TestMethodWorker.java:127)
	at org.testng.internal.TestMethodWorker.run(TestMethodWorker.java:111)
	at java.util.concurrent.ThreadPoolExecutor.runWorker(ThreadPoolExecutor.java:1145)
	at java.util.concurrent.ThreadPoolExecutor$Worker.run(ThreadPoolExecutor.java:615)
	at java.lang.Thread.run(Thread.java:745)
]]>
    </failure>
  </testcase> <!-- allTests -->
</testsuite> <!-- teammates.test.cases.ui.browsertests.StudentProfilePageUiTest -->
