<?xml version="1.0" encoding="UTF-8"?>
<!-- Generated by org.testng.reporters.JUnitReportReporter -->
<testsuite hostname="soccf-tr5-001" name="teammates.test.cases.ui.browsertests.StudentCourseJoinConfirmationPageUiTest" tests="1" failures="0" timestamp="10 Sep 2014 12:59:52 GMT" time="30.654" errors="0">
  <testcase name="testAll" time="30.654" classname="teammates.test.cases.ui.browsertests.StudentCourseJoinConfirmationPageUiTest"/>
</testsuite> <!-- teammates.test.cases.ui.browsertests.StudentCourseJoinConfirmationPageUiTest -->
