<?xml version="1.0" encoding="UTF-8"?>
<!-- Generated by org.testng.reporters.JUnitReportReporter -->
<testsuite hostname="soccf-tr5-001" name="teammates.test.cases.ui.browsertests.InstructorCommentsPageUiTest" tests="1" failures="0" timestamp="24 Sep 2014 12:58:05 GMT" time="7.708" errors="1">
  <testcase name="allTests" time="7.708" classname="teammates.test.cases.ui.browsertests.InstructorCommentsPageUiTest">
    <error type="org.junit.ComparisonFailure" message="expected:&lt;&lt;[expected&gt;
   &lt;div class=&quot;container&quot; id=&quot;frameBodyWrapper&quot;&gt;
      &lt;div id=&quot;topOfPage&quot;&gt;
      &lt;/div&gt;
      &lt;div class=&quot;inner-container&quot;&gt;
         &lt;div class=&quot;row&quot;&gt;
            &lt;div class=&quot;col-sm-6&quot;&gt;
               &lt;h1&gt;
                  Comments from Instructors
               &lt;/h1&gt;
            &lt;/div&gt;
            &lt;div class=&quot;col-sm-6 instructor-header-bar&quot;&gt;
               &lt;form action=&quot;/page/instructorSearchPage?user=comments.idOfHelperOfCourse1&quot; method=&quot;get&quot; name=&quot;search_form&quot;&gt;
                  &lt;div class=&quot;input-group&quot;&gt;
                     &lt;input class=&quot;form-control&quot; id=&quot;searchBox&quot; name=&quot;searchkey&quot; placeholder=&quot;Any info related to comments&quot; title=&quot;Search for comment&quot; type=&quot;text&quot;/&gt;
                                          &lt;span class=&quot;input-group-btn&quot;&gt;
                        &lt;button class=&quot;btn btn-default&quot; id=&quot;buttonSearch&quot; type=&quot;submit&quot; value=&quot;Search&quot;&gt;
                           Search
                        &lt;/button&gt;
                     &lt;/span&gt;
                  &lt;/div&gt;
                  &lt;input name=&quot;searchcommentforstudents&quot; type=&quot;hidden&quot; value=&quot;true&quot;/&gt;
                                    &lt;input name=&quot;searchcommentforresponses&quot; type=&quot;hidden&quot; value=&quot;true&quot;/&gt;
                                    &lt;input name=&quot;user&quot; type=&quot;hidden&quot; value=&quot;comments.idOfHelperOfCourse1&quot;/&gt;
                                 &lt;/form&gt;
            &lt;/div&gt;
         &lt;/div&gt;
      &lt;/div&gt;
      &lt;br/&gt;
            &lt;div id=&quot;statusMessage&quot; style=&quot;display: none;&quot;&gt;
      &lt;/div&gt;
      &lt;div class=&quot;well well-plain&quot;&gt;
         &lt;div class=&quot;row&quot;&gt;
            &lt;div class=&quot;col-md-2&quot;&gt;
               &lt;div class=&quot;checkbox&quot;&gt;
                  &lt;input id=&quot;option-check&quot; type=&quot;checkbox&quot;/&gt;
                                    &lt;label for=&quot;option-check&quot;&gt;
                     Show More
                                Options
                  &lt;/label&gt;
               &lt;/div&gt;
            &lt;/div&gt;
            &lt;div class=&quot;col-md-3&quot;&gt;
               &lt;div class=&quot;checkbox&quot;&gt;
                  &lt;input id=&quot;displayArchivedCourses_check&quot; type=&quot;checkbox&quot;/&gt;
                                    &lt;label for=&quot;displayArchivedCourses_check&quot;&gt;
                     Include
                                Archived Courses
                  &lt;/label&gt;
                  &lt;div id=&quot;displayArchivedCourses_link&quot; style=&quot;display:none;&quot;&gt;
                     &lt;a href=&quot;/page/instructorCommentsPage?user=comments.idOfHelperOfCourse1&quot;&gt;
                        link back to the page
                     &lt;/a&gt;
                  &lt;/div&gt;
               &lt;/div&gt;
            &lt;/div&gt;
         &lt;/div&gt;
         &lt;div class=&quot;row&quot;&gt;
            &lt;div class=&quot;well well-plain&quot; id=&quot;more-options&quot;&gt;
               &lt;form class=&quot;form-horizontal&quot; role=&quot;form&quot;&gt;
                  &lt;div class=&quot;row&quot;&gt;
                     &lt;div class=&quot;col-sm-4&quot;&gt;
                        &lt;div class=&quot;text-color-primary&quot;&gt;
                           &lt;strong&gt;
                              Show comments for:
                           &lt;/strong&gt;
                        &lt;/div&gt;
                        &lt;br/&gt;
                                                &lt;div class=&quot;checkbox&quot;&gt;
                           &lt;input checked=&quot;checked&quot; id=&quot;panel_all&quot; type=&quot;checkbox&quot;/&gt;
                                                      &lt;label for=&quot;panel_all&quot;&gt;
                              &lt;strong&gt;
                                 All
                              &lt;/strong&gt;
                           &lt;/label&gt;
                        &lt;/div&gt;
                        &lt;br/&gt;
                                                &lt;div class=&quot;checkbox&quot;&gt;
                           &lt;input checked=&quot;checked&quot; id=&quot;panel_check-1&quot; type=&quot;checkbox&quot;/&gt;
                                                      &lt;label for=&quot;panel_check-1&quot;&gt;
                              Students
                           &lt;/label&gt;
                        &lt;/div&gt;
                        &lt;div class=&quot;checkbox&quot;&gt;
                           &lt;input checked=&quot;checked&quot; id=&quot;panel_check-2&quot; type=&quot;checkbox&quot;/&gt;
                                                      &lt;label for=&quot;panel_check-2&quot;&gt;
                              Session: comments.First feedback session
                           &lt;/label&gt;
                        &lt;/div&gt;
                     &lt;/div&gt;
                     &lt;div class=&quot;col-sm-4&quot;&gt;
                        &lt;div class=&quot;text-color-primary&quot;&gt;
                           &lt;strong&gt;
                              Show comments from:
                           &lt;/strong&gt;
                        &lt;/div&gt;
                        &lt;br/&gt;
                                                &lt;div class=&quot;checkbox&quot;&gt;
                           &lt;input checked=&quot;checked&quot; id=&quot;giver_all&quot; type=&quot;checkbox&quot; value=&quot;&quot;/&gt;
                                                      &lt;label for=&quot;giver_all&quot;&gt;
                              &lt;strong&gt;
                                 All
                              &lt;/strong&gt;
                           &lt;/label&gt;
                        &lt;/div&gt;
                        &lt;br/&gt;
                                                &lt;div class=&quot;checkbox&quot;&gt;
                           &lt;input checked=&quot;checked&quot; id=&quot;giver_check-by-you&quot; type=&quot;checkbox&quot;/&gt;
                                                      &lt;label for=&quot;giver_check-by-you&quot;&gt;
                              You
                           &lt;/label&gt;
                        &lt;/div&gt;
                        &lt;div class=&quot;checkbox&quot;&gt;
                           &lt;input checked=&quot;checked&quot; id=&quot;giver_check-by-others&quot; type=&quot;checkbox&quot;/&gt;
                                                      &lt;label for=&quot;giver_check-by-others&quot;&gt;
                              Others
                           &lt;/label&gt;
                        &lt;/div&gt;
                     &lt;/div&gt;
                     &lt;div class=&quot;col-sm-4&quot;&gt;
                        &lt;div class=&quot;text-color-primary&quot;&gt;
                           &lt;strong&gt;
                              Show comments with status:
                           &lt;/strong&gt;
                        &lt;/div&gt;
                        &lt;br/&gt;
                                                &lt;div class=&quot;checkbox&quot;&gt;
                           &lt;input checked=&quot;checked&quot; id=&quot;status_all&quot; type=&quot;checkbox&quot; value=&quot;&quot;/&gt;
                                                      &lt;label for=&quot;status_all&quot;&gt;
                              &lt;strong&gt;
                                 All
                              &lt;/strong&gt;
                           &lt;/label&gt;
                        &lt;/div&gt;
                        &lt;br/&gt;
                                                &lt;div class=&quot;checkbox&quot;&gt;
                           &lt;input checked=&quot;checked&quot; id=&quot;status_check-public&quot; type=&quot;checkbox&quot;/&gt;
                                                      &lt;label for=&quot;status_check-public&quot;&gt;
                              Public
                           &lt;/label&gt;
                        &lt;/div&gt;
                        &lt;div class=&quot;checkbox&quot;&gt;
                           &lt;input checked=&quot;checked&quot; id=&quot;status_check-private&quot; type=&quot;checkbox&quot;/&gt;
                                                      &lt;label for=&quot;status_check-private&quot;&gt;
                              Private
                           &lt;/label&gt;
                        &lt;/div&gt;
                     &lt;/div&gt;
                  &lt;/div&gt;
               &lt;/form&gt;
            &lt;/div&gt;
         &lt;/div&gt;
      &lt;/div&gt;
      &lt;ul class=&quot;pagination&quot;&gt;
         &lt;li&gt;
            &lt;a href=&quot;javascript:;&quot;&gt;
               Â«
            &lt;/a&gt;
         &lt;/li&gt;
         &lt;li class=&quot;active&quot;&gt;
            &lt;a href=&quot;/page/instructorCommentsPage?user=comments.idOfHelperOfCourse1&amp;courseid=comments.idOfTypicalCourse1&quot;&gt;
               comments.idOfTypicalCourse1
            &lt;/a&gt;
         &lt;/li&gt;
         &lt;li&gt;
            &lt;a href=&quot;javascript:;&quot;&gt;
               Â»
            &lt;/a&gt;
         &lt;/li&gt;
      &lt;/ul&gt;
      &lt;div class=&quot;well well-plain&quot;&gt;
         &lt;div class=&quot;row&quot;&gt;
            &lt;h4 class=&quot;col-sm-9 text-color-primary&quot;&gt;
               &lt;strong&gt;
                  comments.idOfTypicalCourse1 : Typical Course 1 with 2 Evals
               &lt;/strong&gt;
            &lt;/h4&gt;
            &lt;div class=&quot;btn-group pull-right&quot; style=&quot;display:none&quot;&gt;
               &lt;a class=&quot;btn btn-sm btn-info&quot; data-original-title=&quot;Send email notification to 0 recipient(s) of comments pending notification&quot; data-toggle=&quot;tooltip&quot; href=&quot;/page/instructorStudentCommentClearPending?courseid=comments.idOfTypicalCourse1&amp;user=comments.idOfHelperOfCourse1&quot; style=&quot;margin-right: 17px;&quot; title=&quot;&quot; type=&quot;button&quot;&gt;
                  &lt;span class=&quot;badge&quot; style=&quot;margin-right: 5px&quot;&gt;
                     0
                  &lt;/span&gt;
                  &lt;span class=&quot;glyphicon glyphicon-comment&quot;&gt;
                  &lt;/span&gt;
                  &lt;span class=&quot;glyphicon glyphicon-arrow-right&quot;&gt;
                  &lt;/span&gt;
                  &lt;span class=&quot;glyphicon glyphicon-envelope&quot;&gt;
                  &lt;/span&gt;
               &lt;/a&gt;
            &lt;/div&gt;
         &lt;/div&gt;
         &lt;div id=&quot;no-comment-panel&quot; style=&quot;display:none;&quot;&gt;
            &lt;br/&gt;
                        &lt;div class=&quot;panel&quot;&gt;
               &lt;div class=&quot;panel-body&quot;&gt;
                  You don&#039;t have any comment in this course.
               &lt;/div&gt;
            &lt;/div&gt;
         &lt;/div&gt;
         &lt;div id=&quot;panel_display-1&quot;&gt;
            &lt;br/&gt;
                        &lt;div class=&quot;panel panel-primary&quot;&gt;
               &lt;div class=&quot;panel-heading&quot;&gt;
                  &lt;strong&gt;
                     Comments for students
                  &lt;/strong&gt;
               &lt;/div&gt;
               &lt;div class=&quot;panel-body&quot;&gt;
                  &lt;div class=&quot;panel panel-info student-record-comments giver_display-by-you&quot;&gt;
                     &lt;div class=&quot;panel-heading&quot;&gt;
                        From
                        &lt;b&gt;
                           You
                        &lt;/b&gt;
                     &lt;/div&gt;
                     &lt;ul class=&quot;list-group comments&quot;&gt;
                        &lt;li class=&quot;list-group-item list-group-item-warning status_display-private&quot; id=&quot;{*}&quot;&gt;
                           &lt;form action=&quot;/page/instructorStudentCommentEdit&quot; class=&quot;form_comment&quot; id=&quot;form_commentedit-1&quot; method=&quot;post&quot; name=&quot;form_commentedit&quot;&gt;
                              &lt;div id=&quot;commentBar-1&quot;&gt;
                                 &lt;span class=&quot;text-muted&quot;&gt;
                                    To
                                    &lt;b&gt;
                                       All students in this course
                                    &lt;/b&gt;
                                    on
                                                02 Jun 2012, 19:22
                                 &lt;/span&gt;
                                 &lt;a class=&quot;btn btn-default btn-xs icon-button pull-right&quot; data-original-title=&quot;Delete this comment&quot; data-placement=&quot;top&quot; data-toggle=&quot;tooltip&quot; id=&quot;commentdelete-1&quot; onclick=&quot;return deleteComment(&#039;1&#039;);&quot; style=&quot;display: none;&quot; title=&quot;&quot; type=&quot;button&quot;&gt;
                                    &lt;span class=&quot;glyphicon glyphicon-trash glyphicon-primary&quot;&gt;
                                    &lt;/span&gt;
                                 &lt;/a&gt;
                                 &lt;a class=&quot;btn btn-default btn-xs icon-button pull-right&quot; data-original-title=&quot;Edit this comment&quot; data-placement=&quot;top&quot; data-toggle=&quot;tooltip&quot; id=&quot;commentedit-1&quot; onclick=&quot;return enableEdit(&#039;1&#039;);&quot; style=&quot;display: none;&quot; title=&quot;&quot; type=&quot;button&quot;&gt;
                                    &lt;span class=&quot;glyphicon glyphicon-pencil glyphicon-primary&quot;&gt;
                                    &lt;/span&gt;
                                 &lt;/a&gt;
                              &lt;/div&gt;
                              &lt;div id=&quot;plainCommentText1&quot; style=&quot;margin-left: 15px;&quot;&gt;
                                 This is a private comment--cannot seen by other instructors
                              &lt;/div&gt;
                              &lt;div id=&quot;commentTextEdit1&quot; style=&quot;display: none;&quot;&gt;
                                 &lt;div class=&quot;form-group form-inline&quot;&gt;
                                    &lt;div class=&quot;form-group text-muted&quot;&gt;
                                       You may change comment&#039;s visibility using the visibility options on the right hand side.
                                    &lt;/div&gt;
                                    &lt;a class=&quot;btn btn-sm btn-info pull-right&quot; id=&quot;visibility-options-trigger1&quot;&gt;
                                       &lt;span class=&quot;glyphicon glyphicon-eye-close&quot;&gt;
                                       &lt;/span&gt;
                                       Show Visibility Options
                                    &lt;/a&gt;
                                 &lt;/div&gt;
                                 &lt;div class=&quot;panel panel-default&quot; id=&quot;visibility-options1&quot; style=&quot;display: none;&quot;&gt;
                                    &lt;div class=&quot;panel-heading&quot;&gt;
                                       Visibility Options
                                    &lt;/div&gt;
                                    &lt;table class=&quot;table text-center text-color-black&quot;&gt;
                                       &lt;tbody&gt;
                                          &lt;tr&gt;
                                             &lt;th class=&quot;text-center&quot;&gt;
                                                User/Group
                                             &lt;/th&gt;
                                             &lt;th class=&quot;text-center&quot;&gt;
                                                Can see
                                                                your comment
                                             &lt;/th&gt;
                                             &lt;th class=&quot;text-center&quot;&gt;
                                                Can see
                                                                giver&#039;s name
                                             &lt;/th&gt;
                                             &lt;th class=&quot;text-center&quot;&gt;
                                                Can see
                                                                recipient&#039;s name
                                             &lt;/th&gt;
                                          &lt;/tr&gt;
                                          &lt;tr id=&quot;recipient-course1&quot;&gt;
                                             &lt;td class=&quot;text-left&quot;&gt;
                                                &lt;div data-original-title=&quot;Control what other students in this course can view&quot; data-placement=&quot;top&quot; data-toggle=&quot;tooltip&quot; title=&quot;&quot;&gt;
                                                   Students in this course
                                                &lt;/div&gt;
                                             &lt;/td&gt;
                                             &lt;td&gt;
                                                &lt;input class=&quot;visibilityCheckbox answerCheckbox&quot; type=&quot;checkbox&quot; value=&quot;COURSE&quot;/&gt;
                                                                                             &lt;/td&gt;
                                             &lt;td&gt;
                                                &lt;input class=&quot;visibilityCheckbox giverCheckbox&quot; type=&quot;checkbox&quot; value=&quot;COURSE&quot;/&gt;
                                                                                             &lt;/td&gt;
                                             &lt;td&gt;
                                                &lt;input class=&quot;visibilityCheckbox recipientCheckbox&quot; disabled=&quot;disabled&quot; type=&quot;checkbox&quot; value=&quot;COURSE&quot;/&gt;
                                                                                             &lt;/td&gt;
                                          &lt;/tr&gt;
                                          &lt;tr&gt;
                                             &lt;td class=&quot;text-left&quot;&gt;
                                                &lt;div data-original-title=&quot;Control what instructors can view&quot; data-placement=&quot;top&quot; data-toggle=&quot;tooltip&quot; title=&quot;&quot;&gt;
                                                   Instructors
                                                &lt;/div&gt;
                                             &lt;/td&gt;
                                             &lt;td&gt;
                                                &lt;input class=&quot;visibilityCheckbox answerCheckbox&quot; type=&quot;checkbox&quot; value=&quot;INSTRUCTOR&quot;/&gt;
                                                                                             &lt;/td&gt;
                                             &lt;td&gt;
                                                &lt;input class=&quot;visibilityCheckbox giverCheckbox&quot; type=&quot;checkbox&quot; value=&quot;INSTRUCTOR&quot;/&gt;
                                                                                             &lt;/td&gt;
                                             &lt;td&gt;
                                                &lt;input class=&quot;visibilityCheckbox recipientCheckbox&quot; type=&quot;checkbox&quot; value=&quot;INSTRUCTOR&quot;/&gt;
                                                                                             &lt;/td&gt;
                                          &lt;/tr&gt;
                                       &lt;/tbody&gt;
                                    &lt;/table&gt;
                                 &lt;/div&gt;
                                 &lt;div class=&quot;form-group&quot;&gt;
                                    &lt;textarea class=&quot;form-control&quot; id=&quot;commentText1&quot; name=&quot;commenttext&quot; placeholder=&quot;Your comment about this student&quot; rows=&quot;3&quot;&gt;
                                       This is a private comment--cannot seen by other instructors
                                    &lt;/textarea&gt;
                                 &lt;/div&gt;
                                 &lt;div class=&quot;col-sm-offset-5&quot;&gt;
                                    &lt;input class=&quot;btn btn-primary&quot; id=&quot;commentsave-1&quot; onclick=&quot;return submitCommentForm(&#039;1&#039;);&quot; title=&quot;Save comment&quot; type=&quot;submit&quot; value=&quot;Save&quot;/&gt;
                                                                        &lt;input class=&quot;btn btn-default&quot; onclick=&quot;return disableComment(&#039;1&#039;);&quot; type=&quot;button&quot; value=&quot;Cancel&quot;/&gt;
                                                                     &lt;/div&gt;
                              &lt;/div&gt;
                              &lt;input id=&quot;commentedittype-1&quot; name=&quot;commentedittype&quot; type=&quot;hidden&quot; value=&quot;edit&quot;/&gt;
                                                            &lt;input name=&quot;commentid&quot; type=&quot;hidden&quot; value=&quot;{*}&quot;/&gt;
                                                            &lt;input name=&quot;courseid&quot; type=&quot;hidden&quot; value=&quot;comments.idOfTypicalCourse1&quot;/&gt;
                                                            &lt;input name=&quot;commentpage&quot; type=&quot;hidden&quot; value=&quot;true&quot;/&gt;
                                                            &lt;input name=&quot;showcommentsto&quot; type=&quot;hidden&quot; value=&quot;&quot;/&gt;
                                                            &lt;input name=&quot;showgiverto&quot; type=&quot;hidden&quot; value=&quot;&quot;/&gt;
                                                            &lt;input name=&quot;showrecipientto&quot; type=&quot;hidden&quot; value=&quot;&quot;/&gt;
                                                            &lt;input name=&quot;user&quot; type=&quot;hidden&quot; value=&quot;comments.idOfHelperOfCourse1&quot;/&gt;
                                                         &lt;/form&gt;
                        &lt;/li&gt;
                     &lt;/ul&gt;
                  &lt;/div&gt;
                  &lt;div class=&quot;panel panel-info student-record-comments giver_display-by-others&quot; style=&quot;display: none;&quot;&gt;
                     &lt;div class=&quot;panel-heading&quot;&gt;
                        From
                        &lt;b&gt;
                           Anonymous
                        &lt;/b&gt;
                     &lt;/div&gt;
                     &lt;ul class=&quot;list-group comments&quot;&gt;
                     &lt;/ul&gt;
                  &lt;/div&gt;
                  &lt;div class=&quot;panel panel-info student-record-comments giver_display-by-others&quot; style=&quot;display: none;&quot;&gt;
                     &lt;div class=&quot;panel-heading&quot;&gt;
                        From
                        &lt;b&gt;
                           Instructor Instructor2 Course1
                        &lt;/b&gt;
                     &lt;/div&gt;
                     &lt;ul class=&quot;list-group comments&quot;&gt;
                     &lt;/ul&gt;
                  &lt;/div&gt;
               &lt;/div&gt;
            &lt;/div&gt;
         &lt;/div&gt;
         &lt;div id=&quot;panel_display-2&quot;&gt;
            &lt;br/&gt;
                        &lt;div class=&quot;panel panel-primary&quot;&gt;
               &lt;div class=&quot;panel-heading&quot; onclick=&quot;loadFeedbackResponseComments(&#039;comments.idOfHelperOfCourse1&#039;,&#039;comments.idOfTypicalCourse1&#039;,&#039;comments.First feedback session&#039;, this);&quot; style=&quot;cursor: pointer;&quot;&gt;
                  &lt;strong&gt;
                     Comments in session: comments.First feedback session
                  &lt;/strong&gt;
                  &lt;div class=&quot;placeholder-img-loading pull-right&quot;&gt;
                  &lt;/div&gt;
               &lt;/div&gt;
               &lt;div class=&quot;panel-body&quot;&gt;
                  &lt;div id=&quot;no-comment-panel&quot; style=&quot;&quot;&gt;
                     &lt;br/&gt;
                                          &lt;div class=&quot;panel panel-info&quot;&gt;
                        &lt;ul class=&quot;list-group comments&quot;&gt;
                           &lt;li class=&quot;list-group-item list-group-item-warning&quot;&gt;
                              You don&#039;t have any comment in this session.
                           &lt;/li&gt;
                        &lt;/ul&gt;
                     &lt;/div&gt;
                  &lt;/div&gt;
               &lt;/div&gt;
            &lt;/div&gt;
         &lt;/div&gt;
      &lt;/div&gt;
      &lt;ul class=&quot;pagination&quot;&gt;
         &lt;li&gt;
            &lt;a href=&quot;javascript:;&quot;&gt;
               Â«
            &lt;/a&gt;
         &lt;/li&gt;
         &lt;li class=&quot;active&quot;&gt;
            &lt;a href=&quot;/page/instructorCommentsPage?user=comments.idOfHelperOfCourse1&amp;courseid=comments.idOfTypicalCourse1&quot;&gt;
               comments.idOfTypicalCourse1
            &lt;/a&gt;
         &lt;/li&gt;
         &lt;li&gt;
            &lt;a href=&quot;javascript:;&quot;&gt;
               Â»
            &lt;/a&gt;
         &lt;/li&gt;
      &lt;/ul&gt;
   &lt;/div&gt;

&lt;/expected]&gt;&gt; but was:&lt;&lt;[actual&gt;
   &lt;div class=&quot;container&quot; id=&quot;frameBodyWrapper&quot;&gt;
      &lt;div id=&quot;topOfPage&quot;&gt;
      &lt;/div&gt;
      &lt;div class=&quot;inner-container&quot;&gt;
         &lt;div class=&quot;row&quot;&gt;
            &lt;div class=&quot;col-sm-6&quot;&gt;
               &lt;h1&gt;
                  Comments from Instructors
               &lt;/h1&gt;
            &lt;/div&gt;
            &lt;div class=&quot;col-sm-6 instructor-header-bar&quot;&gt;
               &lt;form action=&quot;/page/instructorSearchPage?user=comments.idOfHelperOfCourse1&quot; method=&quot;get&quot; name=&quot;search_form&quot;&gt;
                  &lt;div class=&quot;input-group&quot;&gt;
                     &lt;input class=&quot;form-control&quot; id=&quot;searchBox&quot; name=&quot;searchkey&quot; placeholder=&quot;Any info related to comments&quot; title=&quot;Search for comment&quot; type=&quot;text&quot;/&gt;
                                          &lt;span class=&quot;input-group-btn&quot;&gt;
                        &lt;button class=&quot;btn btn-default&quot; id=&quot;buttonSearch&quot; type=&quot;submit&quot; value=&quot;Search&quot;&gt;
                           Search
                        &lt;/button&gt;
                     &lt;/span&gt;
                  &lt;/div&gt;
                  &lt;input name=&quot;searchcommentforstudents&quot; type=&quot;hidden&quot; value=&quot;true&quot;/&gt;
                                    &lt;input name=&quot;searchcommentforresponses&quot; type=&quot;hidden&quot; value=&quot;true&quot;/&gt;
                                    &lt;input name=&quot;user&quot; type=&quot;hidden&quot; value=&quot;comments.idOfHelperOfCourse1&quot;/&gt;
                                 &lt;/form&gt;
            &lt;/div&gt;
         &lt;/div&gt;
      &lt;/div&gt;
      &lt;br/&gt;
            &lt;div id=&quot;statusMessage&quot; style=&quot;display: none;&quot;&gt;
      &lt;/div&gt;
      &lt;div class=&quot;well well-plain&quot;&gt;
         &lt;div class=&quot;row&quot;&gt;
            &lt;div class=&quot;col-md-2&quot;&gt;
               &lt;div class=&quot;checkbox&quot;&gt;
                  &lt;input id=&quot;option-check&quot; type=&quot;checkbox&quot;/&gt;
                                    &lt;label for=&quot;option-check&quot;&gt;
                     Show More
                                Options
                  &lt;/label&gt;
               &lt;/div&gt;
            &lt;/div&gt;
            &lt;div class=&quot;col-md-3&quot;&gt;
               &lt;div class=&quot;checkbox&quot;&gt;
                  &lt;input id=&quot;displayArchivedCourses_check&quot; type=&quot;checkbox&quot;/&gt;
                                    &lt;label for=&quot;displayArchivedCourses_check&quot;&gt;
                     Include
                                Archived Courses
                  &lt;/label&gt;
                  &lt;div id=&quot;displayArchivedCourses_link&quot; style=&quot;display:none;&quot;&gt;
                     &lt;a href=&quot;/page/instructorCommentsPage?user=comments.idOfHelperOfCourse1&quot;&gt;
                        link back to the page
                     &lt;/a&gt;
                  &lt;/div&gt;
               &lt;/div&gt;
            &lt;/div&gt;
         &lt;/div&gt;
         &lt;div class=&quot;row&quot;&gt;
            &lt;div class=&quot;well well-plain&quot; id=&quot;more-options&quot;&gt;
               &lt;form class=&quot;form-horizontal&quot; role=&quot;form&quot;&gt;
                  &lt;div class=&quot;row&quot;&gt;
                     &lt;div class=&quot;col-sm-4&quot;&gt;
                        &lt;div class=&quot;text-color-primary&quot;&gt;
                           &lt;strong&gt;
                              Show comments for:
                           &lt;/strong&gt;
                        &lt;/div&gt;
                        &lt;br/&gt;
                                                &lt;div class=&quot;checkbox&quot;&gt;
                           &lt;input checked=&quot;checked&quot; id=&quot;panel_all&quot; type=&quot;checkbox&quot;/&gt;
                                                      &lt;label for=&quot;panel_all&quot;&gt;
                              &lt;strong&gt;
                                 All
                              &lt;/strong&gt;
                           &lt;/label&gt;
                        &lt;/div&gt;
                        &lt;br/&gt;
                                                &lt;div class=&quot;checkbox&quot;&gt;
                           &lt;input checked=&quot;checked&quot; id=&quot;panel_check-1&quot; type=&quot;checkbox&quot;/&gt;
                                                      &lt;label for=&quot;panel_check-1&quot;&gt;
                              Students
                           &lt;/label&gt;
                        &lt;/div&gt;
                        &lt;div class=&quot;checkbox&quot;&gt;
                           &lt;input checked=&quot;checked&quot; id=&quot;panel_check-2&quot; type=&quot;checkbox&quot;/&gt;
                                                      &lt;label for=&quot;panel_check-2&quot;&gt;
                              Session: comments.First feedback session
                           &lt;/label&gt;
                        &lt;/div&gt;
                     &lt;/div&gt;
                     &lt;div class=&quot;col-sm-4&quot;&gt;
                        &lt;div class=&quot;text-color-primary&quot;&gt;
                           &lt;strong&gt;
                              Show comments from:
                           &lt;/strong&gt;
                        &lt;/div&gt;
                        &lt;br/&gt;
                                                &lt;div class=&quot;checkbox&quot;&gt;
                           &lt;input checked=&quot;checked&quot; id=&quot;giver_all&quot; type=&quot;checkbox&quot; value=&quot;&quot;/&gt;
                                                      &lt;label for=&quot;giver_all&quot;&gt;
                              &lt;strong&gt;
                                 All
                              &lt;/strong&gt;
                           &lt;/label&gt;
                        &lt;/div&gt;
                        &lt;br/&gt;
                                                &lt;div class=&quot;checkbox&quot;&gt;
                           &lt;input checked=&quot;checked&quot; id=&quot;giver_check-by-you&quot; type=&quot;checkbox&quot;/&gt;
                                                      &lt;label for=&quot;giver_check-by-you&quot;&gt;
                              You
                           &lt;/label&gt;
                        &lt;/div&gt;
                        &lt;div class=&quot;checkbox&quot;&gt;
                           &lt;input checked=&quot;checked&quot; id=&quot;giver_check-by-others&quot; type=&quot;checkbox&quot;/&gt;
                                                      &lt;label for=&quot;giver_check-by-others&quot;&gt;
                              Others
                           &lt;/label&gt;
                        &lt;/div&gt;
                     &lt;/div&gt;
                     &lt;div class=&quot;col-sm-4&quot;&gt;
                        &lt;div class=&quot;text-color-primary&quot;&gt;
                           &lt;strong&gt;
                              Show comments with status:
                           &lt;/strong&gt;
                        &lt;/div&gt;
                        &lt;br/&gt;
                                                &lt;div class=&quot;checkbox&quot;&gt;
                           &lt;input checked=&quot;checked&quot; id=&quot;status_all&quot; type=&quot;checkbox&quot; value=&quot;&quot;/&gt;
                                                      &lt;label for=&quot;status_all&quot;&gt;
                              &lt;strong&gt;
                                 All
                              &lt;/strong&gt;
                           &lt;/label&gt;
                        &lt;/div&gt;
                        &lt;br/&gt;
                                                &lt;div class=&quot;checkbox&quot;&gt;
                           &lt;input checked=&quot;checked&quot; id=&quot;status_check-public&quot; type=&quot;checkbox&quot;/&gt;
                                                      &lt;label for=&quot;status_check-public&quot;&gt;
                              Public
                           &lt;/label&gt;
                        &lt;/div&gt;
                        &lt;div class=&quot;checkbox&quot;&gt;
                           &lt;input checked=&quot;checked&quot; id=&quot;status_check-private&quot; type=&quot;checkbox&quot;/&gt;
                                                      &lt;label for=&quot;status_check-private&quot;&gt;
                              Private
                           &lt;/label&gt;
                        &lt;/div&gt;
                     &lt;/div&gt;
                  &lt;/div&gt;
               &lt;/form&gt;
            &lt;/div&gt;
         &lt;/div&gt;
      &lt;/div&gt;
      &lt;ul class=&quot;pagination&quot;&gt;
         &lt;li&gt;
            &lt;a href=&quot;javascript:;&quot;&gt;
               Â«
            &lt;/a&gt;
         &lt;/li&gt;
         &lt;li class=&quot;active&quot;&gt;
            &lt;a href=&quot;/page/instructorCommentsPage?user=comments.idOfHelperOfCourse1&amp;courseid=comments.idOfTypicalCourse1&quot;&gt;
               comments.idOfTypicalCourse1
            &lt;/a&gt;
         &lt;/li&gt;
         &lt;li&gt;
            &lt;a href=&quot;javascript:;&quot;&gt;
               Â»
            &lt;/a&gt;
         &lt;/li&gt;
      &lt;/ul&gt;
      &lt;div class=&quot;well well-plain&quot;&gt;
         &lt;div class=&quot;row&quot;&gt;
            &lt;h4 class=&quot;col-sm-9 text-color-primary&quot;&gt;
               &lt;strong&gt;
                  comments.idOfTypicalCourse1 : Typical Course 1 with 2 Evals
               &lt;/strong&gt;
            &lt;/h4&gt;
            &lt;div class=&quot;btn-group pull-right&quot; style=&quot;display:none&quot;&gt;
               &lt;a class=&quot;btn btn-sm btn-info&quot; data-original-title=&quot;Send email notification to 0 recipient(s) of comments pending notification&quot; data-toggle=&quot;tooltip&quot; href=&quot;/page/instructorStudentCommentClearPending?courseid=comments.idOfTypicalCourse1&amp;user=comments.idOfHelperOfCourse1&quot; style=&quot;margin-right: 17px;&quot; title=&quot;&quot; type=&quot;button&quot;&gt;
                  &lt;span class=&quot;badge&quot; style=&quot;margin-right: 5px&quot;&gt;
                     0
                  &lt;/span&gt;
                  &lt;span class=&quot;glyphicon glyphicon-comment&quot;&gt;
                  &lt;/span&gt;
                  &lt;span class=&quot;glyphicon glyphicon-arrow-right&quot;&gt;
                  &lt;/span&gt;
                  &lt;span class=&quot;glyphicon glyphicon-envelope&quot;&gt;
                  &lt;/span&gt;
               &lt;/a&gt;
            &lt;/div&gt;
         &lt;/div&gt;
         &lt;div id=&quot;no-comment-panel&quot; style=&quot;display:none;&quot;&gt;
            &lt;br/&gt;
                        &lt;div class=&quot;panel&quot;&gt;
               &lt;div class=&quot;panel-body&quot;&gt;
                  You don&#039;t have any comment in this course.
               &lt;/div&gt;
            &lt;/div&gt;
         &lt;/div&gt;
         &lt;div id=&quot;panel_display-1&quot;&gt;
            &lt;br/&gt;
                        &lt;div class=&quot;panel panel-primary&quot;&gt;
               &lt;div class=&quot;panel-heading&quot;&gt;
                  &lt;strong&gt;
                     Comments for students
                  &lt;/strong&gt;
               &lt;/div&gt;
               &lt;div class=&quot;panel-body&quot;&gt;
                  &lt;div class=&quot;panel panel-info student-record-comments giver_display-by-you&quot;&gt;
                     &lt;div class=&quot;panel-heading&quot;&gt;
                        From
                        &lt;b&gt;
                           You
                        &lt;/b&gt;
                     &lt;/div&gt;
                     &lt;ul class=&quot;list-group comments&quot;&gt;
                        &lt;li class=&quot;list-group-item list-group-item-warning status_display-private&quot; id=&quot;5621631154126848&quot;&gt;
                           &lt;form action=&quot;/page/instructorStudentCommentEdit&quot; class=&quot;form_comment&quot; id=&quot;form_commentedit-1&quot; method=&quot;post&quot; name=&quot;form_commentedit&quot;&gt;
                              &lt;div id=&quot;commentBar-1&quot;&gt;
                                 &lt;span class=&quot;text-muted&quot;&gt;
                                    To
                                    &lt;b&gt;
                                       All students in this course
                                    &lt;/b&gt;
                                    on
                                                02 Jun 2012, 19:22
                                 &lt;/span&gt;
                                 &lt;a class=&quot;btn btn-default btn-xs icon-button pull-right&quot; data-original-title=&quot;Delete this comment&quot; data-placement=&quot;top&quot; data-toggle=&quot;tooltip&quot; id=&quot;commentdelete-1&quot; onclick=&quot;return deleteComment(&#039;1&#039;);&quot; style=&quot;display: none;&quot; title=&quot;&quot; type=&quot;button&quot;&gt;
                                    &lt;span class=&quot;glyphicon glyphicon-trash glyphicon-primary&quot;&gt;
                                    &lt;/span&gt;
                                 &lt;/a&gt;
                                 &lt;a class=&quot;btn btn-default btn-xs icon-button pull-right&quot; data-original-title=&quot;Edit this comment&quot; data-placement=&quot;top&quot; data-toggle=&quot;tooltip&quot; id=&quot;commentedit-1&quot; onclick=&quot;return enableEdit(&#039;1&#039;);&quot; style=&quot;display: none;&quot; title=&quot;&quot; type=&quot;button&quot;&gt;
                                    &lt;span class=&quot;glyphicon glyphicon-pencil glyphicon-primary&quot;&gt;
                                    &lt;/span&gt;
                                 &lt;/a&gt;
                              &lt;/div&gt;
                              &lt;div id=&quot;plainCommentText1&quot; style=&quot;margin-left: 15px;&quot;&gt;
                                 This is a private comment--cannot seen by other instructors
                              &lt;/div&gt;
                              &lt;div id=&quot;commentTextEdit1&quot; style=&quot;display: none;&quot;&gt;
                                 &lt;div class=&quot;form-group form-inline&quot;&gt;
                                    &lt;div class=&quot;form-group text-muted&quot;&gt;
                                       You may change comment&#039;s visibility using the visibility options on the right hand side.
                                    &lt;/div&gt;
                                    &lt;a class=&quot;btn btn-sm btn-info pull-right&quot; id=&quot;visibility-options-trigger1&quot;&gt;
                                       &lt;span class=&quot;glyphicon glyphicon-eye-close&quot;&gt;
                                       &lt;/span&gt;
                                       Show Visibility Options
                                    &lt;/a&gt;
                                 &lt;/div&gt;
                                 &lt;div class=&quot;panel panel-default&quot; id=&quot;visibility-options1&quot; style=&quot;display: none;&quot;&gt;
                                    &lt;div class=&quot;panel-heading&quot;&gt;
                                       Visibility Options
                                    &lt;/div&gt;
                                    &lt;table class=&quot;table text-center text-color-black&quot;&gt;
                                       &lt;tbody&gt;
                                          &lt;tr&gt;
                                             &lt;th class=&quot;text-center&quot;&gt;
                                                User/Group
                                             &lt;/th&gt;
                                             &lt;th class=&quot;text-center&quot;&gt;
                                                Can see
                                                                your comment
                                             &lt;/th&gt;
                                             &lt;th class=&quot;text-center&quot;&gt;
                                                Can see
                                                                giver&#039;s name
                                             &lt;/th&gt;
                                             &lt;th class=&quot;text-center&quot;&gt;
                                                Can see
                                                                recipient&#039;s name
                                             &lt;/th&gt;
                                          &lt;/tr&gt;
                                          &lt;tr id=&quot;recipient-course1&quot;&gt;
                                             &lt;td class=&quot;text-left&quot;&gt;
                                                &lt;div data-original-title=&quot;Control what other students in this course can view&quot; data-placement=&quot;top&quot; data-toggle=&quot;tooltip&quot; title=&quot;&quot;&gt;
                                                   Students in this course
                                                &lt;/div&gt;
                                             &lt;/td&gt;
                                             &lt;td&gt;
                                                &lt;input class=&quot;visibilityCheckbox answerCheckbox&quot; type=&quot;checkbox&quot; value=&quot;COURSE&quot;/&gt;
                                                                                             &lt;/td&gt;
                                             &lt;td&gt;
                                                &lt;input class=&quot;visibilityCheckbox giverCheckbox&quot; type=&quot;checkbox&quot; value=&quot;COURSE&quot;/&gt;
                                                                                             &lt;/td&gt;
                                             &lt;td&gt;
                                                &lt;input class=&quot;visibilityCheckbox recipientCheckbox&quot; disabled=&quot;disabled&quot; type=&quot;checkbox&quot; value=&quot;COURSE&quot;/&gt;
                                                                                             &lt;/td&gt;
                                          &lt;/tr&gt;
                                          &lt;tr&gt;
                                             &lt;td class=&quot;text-left&quot;&gt;
                                                &lt;div data-original-title=&quot;Control what instructors can view&quot; data-placement=&quot;top&quot; data-toggle=&quot;tooltip&quot; title=&quot;&quot;&gt;
                                                   Instructors
                                                &lt;/div&gt;
                                             &lt;/td&gt;
                                             &lt;td&gt;
                                                &lt;input class=&quot;visibilityCheckbox answerCheckbox&quot; type=&quot;checkbox&quot; value=&quot;INSTRUCTOR&quot;/&gt;
                                                                                             &lt;/td&gt;
                                             &lt;td&gt;
                                                &lt;input class=&quot;visibilityCheckbox giverCheckbox&quot; type=&quot;checkbox&quot; value=&quot;INSTRUCTOR&quot;/&gt;
                                                                                             &lt;/td&gt;
                                             &lt;td&gt;
                                                &lt;input class=&quot;visibilityCheckbox recipientCheckbox&quot; type=&quot;checkbox&quot; value=&quot;INSTRUCTOR&quot;/&gt;
                                                                                             &lt;/td&gt;
                                          &lt;/tr&gt;
                                       &lt;/tbody&gt;
                                    &lt;/table&gt;
                                 &lt;/div&gt;
                                 &lt;div class=&quot;form-group&quot;&gt;
                                    &lt;textarea class=&quot;form-control&quot; id=&quot;commentText1&quot; name=&quot;commenttext&quot; placeholder=&quot;Your comment about this student&quot; rows=&quot;3&quot;&gt;
                                       This is a private comment--cannot seen by other instructors
                                    &lt;/textarea&gt;
                                 &lt;/div&gt;
                                 &lt;div class=&quot;col-sm-offset-5&quot;&gt;
                                    &lt;input class=&quot;btn btn-primary&quot; id=&quot;commentsave-1&quot; onclick=&quot;return submitCommentForm(&#039;1&#039;);&quot; title=&quot;Save comment&quot; type=&quot;submit&quot; value=&quot;Save&quot;/&gt;
                                                                        &lt;input class=&quot;btn btn-default&quot; onclick=&quot;return disableComment(&#039;1&#039;);&quot; type=&quot;button&quot; value=&quot;Cancel&quot;/&gt;
                                                                     &lt;/div&gt;
                              &lt;/div&gt;
                              &lt;input id=&quot;commentedittype-1&quot; name=&quot;commentedittype&quot; type=&quot;hidden&quot; value=&quot;edit&quot;/&gt;
                                                            &lt;input name=&quot;commentid&quot; type=&quot;hidden&quot; value=&quot;5621631154126848&quot;/&gt;
                                                            &lt;input name=&quot;courseid&quot; type=&quot;hidden&quot; value=&quot;comments.idOfTypicalCourse1&quot;/&gt;
                                                            &lt;input name=&quot;commentpage&quot; type=&quot;hidden&quot; value=&quot;true&quot;/&gt;
                                                            &lt;input name=&quot;showcommentsto&quot; type=&quot;hidden&quot; value=&quot;&quot;/&gt;
                                                            &lt;input name=&quot;showgiverto&quot; type=&quot;hidden&quot; value=&quot;&quot;/&gt;
                                                            &lt;input name=&quot;showrecipientto&quot; type=&quot;hidden&quot; value=&quot;&quot;/&gt;
                                                            &lt;input name=&quot;user&quot; type=&quot;hidden&quot; value=&quot;comments.idOfHelperOfCourse1&quot;/&gt;
                                                         &lt;/form&gt;
                        &lt;/li&gt;
                     &lt;/ul&gt;
                  &lt;/div&gt;
                  &lt;div class=&quot;panel panel-info student-record-comments giver_display-by-others&quot; style=&quot;display: none;&quot;&gt;
                     &lt;div class=&quot;panel-heading&quot;&gt;
                        From
                        &lt;b&gt;
                           Anonymous
                        &lt;/b&gt;
                     &lt;/div&gt;
                     &lt;ul class=&quot;list-group comments&quot;&gt;
                     &lt;/ul&gt;
                  &lt;/div&gt;
                  &lt;div class=&quot;panel panel-info student-record-comments giver_display-by-others&quot; style=&quot;display: none;&quot;&gt;
                     &lt;div class=&quot;panel-heading&quot;&gt;
                        From
                        &lt;b&gt;
                           Instructor Instructor2 Course1
                        &lt;/b&gt;
                     &lt;/div&gt;
                     &lt;ul class=&quot;list-group comments&quot;&gt;
                     &lt;/ul&gt;
                  &lt;/div&gt;
               &lt;/div&gt;
            &lt;/div&gt;
         &lt;/div&gt;
         &lt;div id=&quot;panel_display-2&quot;&gt;
            &lt;br/&gt;
                        &lt;div class=&quot;panel panel-primary&quot;&gt;
               &lt;div class=&quot;panel-heading&quot; onclick=&quot;loadFeedbackResponseComments(&#039;comments.idOfHelperOfCourse1&#039;,&#039;comments.idOfTypicalCourse1&#039;,&#039;comments.First feedback session&#039;, this);&quot; style=&quot;cursor: pointer;&quot;&gt;
                  &lt;strong&gt;
                     Comments in session: comments.First feedback session
                  &lt;/strong&gt;
                  &lt;div class=&quot;placeholder-img-loading pull-right&quot;&gt;
                  &lt;/div&gt;
               &lt;/div&gt;
               &lt;div class=&quot;panel-body&quot;&gt;
                  &lt;div class=&quot;panel panel-info&quot;&gt;
                     &lt;div class=&quot;panel-heading&quot;&gt;
                        &lt;b&gt;
                           Question 2
                        &lt;/b&gt;
                        :
        Rate 1 other student&#039;s product
                     &lt;/div&gt;
                     &lt;table class=&quot;table&quot;&gt;
                        &lt;tbody&gt;
                        &lt;/tbody&gt;
                     &lt;/table&gt;
                  &lt;/div&gt;
               &lt;/div&gt;
            &lt;/div&gt;
         &lt;/div&gt;
      &lt;/div&gt;
      &lt;ul class=&quot;pagination&quot;&gt;
         &lt;li&gt;
            &lt;a href=&quot;javascript:;&quot;&gt;
               Â«
            &lt;/a&gt;
         &lt;/li&gt;
         &lt;li class=&quot;active&quot;&gt;
            &lt;a href=&quot;/page/instructorCommentsPage?user=comments.idOfHelperOfCourse1&amp;courseid=comments.idOfTypicalCourse1&quot;&gt;
               comments.idOfTypicalCourse1
            &lt;/a&gt;
         &lt;/li&gt;
         &lt;li&gt;
            &lt;a href=&quot;javascript:;&quot;&gt;
               Â»
            &lt;/a&gt;
         &lt;/li&gt;
      &lt;/ul&gt;
   &lt;/div&gt;

&lt;/actual]&gt;&gt;">
      <![CDATA[org.junit.ComparisonFailure: expected:<<[expected>
   <div class="container" id="frameBodyWrapper">
      <div id="topOfPage">
      </div>
      <div class="inner-container">
         <div class="row">
            <div class="col-sm-6">
               <h1>
                  Comments from Instructors
               </h1>
            </div>
            <div class="col-sm-6 instructor-header-bar">
               <form action="/page/instructorSearchPage?user=comments.idOfHelperOfCourse1" method="get" name="search_form">
                  <div class="input-group">
                     <input class="form-control" id="searchBox" name="searchkey" placeholder="Any info related to comments" title="Search for comment" type="text"/>
                                          <span class="input-group-btn">
                        <button class="btn btn-default" id="buttonSearch" type="submit" value="Search">
                           Search
                        </button>
                     </span>
                  </div>
                  <input name="searchcommentforstudents" type="hidden" value="true"/>
                                    <input name="searchcommentforresponses" type="hidden" value="true"/>
                                    <input name="user" type="hidden" value="comments.idOfHelperOfCourse1"/>
                                 </form>
            </div>
         </div>
      </div>
      <br/>
            <div id="statusMessage" style="display: none;">
      </div>
      <div class="well well-plain">
         <div class="row">
            <div class="col-md-2">
               <div class="checkbox">
                  <input id="option-check" type="checkbox"/>
                                    <label for="option-check">
                     Show More
                                Options
                  </label>
               </div>
            </div>
            <div class="col-md-3">
               <div class="checkbox">
                  <input id="displayArchivedCourses_check" type="checkbox"/>
                                    <label for="displayArchivedCourses_check">
                     Include
                                Archived Courses
                  </label>
                  <div id="displayArchivedCourses_link" style="display:none;">
                     <a href="/page/instructorCommentsPage?user=comments.idOfHelperOfCourse1">
                        link back to the page
                     </a>
                  </div>
               </div>
            </div>
         </div>
         <div class="row">
            <div class="well well-plain" id="more-options">
               <form class="form-horizontal" role="form">
                  <div class="row">
                     <div class="col-sm-4">
                        <div class="text-color-primary">
                           <strong>
                              Show comments for:
                           </strong>
                        </div>
                        <br/>
                                                <div class="checkbox">
                           <input checked="checked" id="panel_all" type="checkbox"/>
                                                      <label for="panel_all">
                              <strong>
                                 All
                              </strong>
                           </label>
                        </div>
                        <br/>
                                                <div class="checkbox">
                           <input checked="checked" id="panel_check-1" type="checkbox"/>
                                                      <label for="panel_check-1">
                              Students
                           </label>
                        </div>
                        <div class="checkbox">
                           <input checked="checked" id="panel_check-2" type="checkbox"/>
                                                      <label for="panel_check-2">
                              Session: comments.First feedback session
                           </label>
                        </div>
                     </div>
                     <div class="col-sm-4">
                        <div class="text-color-primary">
                           <strong>
                              Show comments from:
                           </strong>
                        </div>
                        <br/>
                                                <div class="checkbox">
                           <input checked="checked" id="giver_all" type="checkbox" value=""/>
                                                      <label for="giver_all">
                              <strong>
                                 All
                              </strong>
                           </label>
                        </div>
                        <br/>
                                                <div class="checkbox">
                           <input checked="checked" id="giver_check-by-you" type="checkbox"/>
                                                      <label for="giver_check-by-you">
                              You
                           </label>
                        </div>
                        <div class="checkbox">
                           <input checked="checked" id="giver_check-by-others" type="checkbox"/>
                                                      <label for="giver_check-by-others">
                              Others
                           </label>
                        </div>
                     </div>
                     <div class="col-sm-4">
                        <div class="text-color-primary">
                           <strong>
                              Show comments with status:
                           </strong>
                        </div>
                        <br/>
                                                <div class="checkbox">
                           <input checked="checked" id="status_all" type="checkbox" value=""/>
                                                      <label for="status_all">
                              <strong>
                                 All
                              </strong>
                           </label>
                        </div>
                        <br/>
                                                <div class="checkbox">
                           <input checked="checked" id="status_check-public" type="checkbox"/>
                                                      <label for="status_check-public">
                              Public
                           </label>
                        </div>
                        <div class="checkbox">
                           <input checked="checked" id="status_check-private" type="checkbox"/>
                                                      <label for="status_check-private">
                              Private
                           </label>
                        </div>
                     </div>
                  </div>
               </form>
            </div>
         </div>
      </div>
      <ul class="pagination">
         <li>
            <a href="javascript:;">
               Â«
            </a>
         </li>
         <li class="active">
            <a href="/page/instructorCommentsPage?user=comments.idOfHelperOfCourse1&courseid=comments.idOfTypicalCourse1">
               comments.idOfTypicalCourse1
            </a>
         </li>
         <li>
            <a href="javascript:;">
               Â»
            </a>
         </li>
      </ul>
      <div class="well well-plain">
         <div class="row">
            <h4 class="col-sm-9 text-color-primary">
               <strong>
                  comments.idOfTypicalCourse1 : Typical Course 1 with 2 Evals
               </strong>
            </h4>
            <div class="btn-group pull-right" style="display:none">
               <a class="btn btn-sm btn-info" data-original-title="Send email notification to 0 recipient(s) of comments pending notification" data-toggle="tooltip" href="/page/instructorStudentCommentClearPending?courseid=comments.idOfTypicalCourse1&user=comments.idOfHelperOfCourse1" style="margin-right: 17px;" title="" type="button">
                  <span class="badge" style="margin-right: 5px">
                     0
                  </span>
                  <span class="glyphicon glyphicon-comment">
                  </span>
                  <span class="glyphicon glyphicon-arrow-right">
                  </span>
                  <span class="glyphicon glyphicon-envelope">
                  </span>
               </a>
            </div>
         </div>
         <div id="no-comment-panel" style="display:none;">
            <br/>
                        <div class="panel">
               <div class="panel-body">
                  You don't have any comment in this course.
               </div>
            </div>
         </div>
         <div id="panel_display-1">
            <br/>
                        <div class="panel panel-primary">
               <div class="panel-heading">
                  <strong>
                     Comments for students
                  </strong>
               </div>
               <div class="panel-body">
                  <div class="panel panel-info student-record-comments giver_display-by-you">
                     <div class="panel-heading">
                        From
                        <b>
                           You
                        </b>
                     </div>
                     <ul class="list-group comments">
                        <li class="list-group-item list-group-item-warning status_display-private" id="{*}">
                           <form action="/page/instructorStudentCommentEdit" class="form_comment" id="form_commentedit-1" method="post" name="form_commentedit">
                              <div id="commentBar-1">
                                 <span class="text-muted">
                                    To
                                    <b>
                                       All students in this course
                                    </b>
                                    on
                                                02 Jun 2012, 19:22
                                 </span>
                                 <a class="btn btn-default btn-xs icon-button pull-right" data-original-title="Delete this comment" data-placement="top" data-toggle="tooltip" id="commentdelete-1" onclick="return deleteComment('1');" style="display: none;" title="" type="button">
                                    <span class="glyphicon glyphicon-trash glyphicon-primary">
                                    </span>
                                 </a>
                                 <a class="btn btn-default btn-xs icon-button pull-right" data-original-title="Edit this comment" data-placement="top" data-toggle="tooltip" id="commentedit-1" onclick="return enableEdit('1');" style="display: none;" title="" type="button">
                                    <span class="glyphicon glyphicon-pencil glyphicon-primary">
                                    </span>
                                 </a>
                              </div>
                              <div id="plainCommentText1" style="margin-left: 15px;">
                                 This is a private comment--cannot seen by other instructors
                              </div>
                              <div id="commentTextEdit1" style="display: none;">
                                 <div class="form-group form-inline">
                                    <div class="form-group text-muted">
                                       You may change comment's visibility using the visibility options on the right hand side.
                                    </div>
                                    <a class="btn btn-sm btn-info pull-right" id="visibility-options-trigger1">
                                       <span class="glyphicon glyphicon-eye-close">
                                       </span>
                                       Show Visibility Options
                                    </a>
                                 </div>
                                 <div class="panel panel-default" id="visibility-options1" style="display: none;">
                                    <div class="panel-heading">
                                       Visibility Options
                                    </div>
                                    <table class="table text-center text-color-black">
                                       <tbody>
                                          <tr>
                                             <th class="text-center">
                                                User/Group
                                             </th>
                                             <th class="text-center">
                                                Can see
                                                                your comment
                                             </th>
                                             <th class="text-center">
                                                Can see
                                                                giver's name
                                             </th>
                                             <th class="text-center">
                                                Can see
                                                                recipient's name
                                             </th>
                                          </tr>
                                          <tr id="recipient-course1">
                                             <td class="text-left">
                                                <div data-original-title="Control what other students in this course can view" data-placement="top" data-toggle="tooltip" title="">
                                                   Students in this course
                                                </div>
                                             </td>
                                             <td>
                                                <input class="visibilityCheckbox answerCheckbox" type="checkbox" value="COURSE"/>
                                                                                             </td>
                                             <td>
                                                <input class="visibilityCheckbox giverCheckbox" type="checkbox" value="COURSE"/>
                                                                                             </td>
                                             <td>
                                                <input class="visibilityCheckbox recipientCheckbox" disabled="disabled" type="checkbox" value="COURSE"/>
                                                                                             </td>
                                          </tr>
                                          <tr>
                                             <td class="text-left">
                                                <div data-original-title="Control what instructors can view" data-placement="top" data-toggle="tooltip" title="">
                                                   Instructors
                                                </div>
                                             </td>
                                             <td>
                                                <input class="visibilityCheckbox answerCheckbox" type="checkbox" value="INSTRUCTOR"/>
                                                                                             </td>
                                             <td>
                                                <input class="visibilityCheckbox giverCheckbox" type="checkbox" value="INSTRUCTOR"/>
                                                                                             </td>
                                             <td>
                                                <input class="visibilityCheckbox recipientCheckbox" type="checkbox" value="INSTRUCTOR"/>
                                                                                             </td>
                                          </tr>
                                       </tbody>
                                    </table>
                                 </div>
                                 <div class="form-group">
                                    <textarea class="form-control" id="commentText1" name="commenttext" placeholder="Your comment about this student" rows="3">
                                       This is a private comment--cannot seen by other instructors
                                    </textarea>
                                 </div>
                                 <div class="col-sm-offset-5">
                                    <input class="btn btn-primary" id="commentsave-1" onclick="return submitCommentForm('1');" title="Save comment" type="submit" value="Save"/>
                                                                        <input class="btn btn-default" onclick="return disableComment('1');" type="button" value="Cancel"/>
                                                                     </div>
                              </div>
                              <input id="commentedittype-1" name="commentedittype" type="hidden" value="edit"/>
                                                            <input name="commentid" type="hidden" value="{*}"/>
                                                            <input name="courseid" type="hidden" value="comments.idOfTypicalCourse1"/>
                                                            <input name="commentpage" type="hidden" value="true"/>
                                                            <input name="showcommentsto" type="hidden" value=""/>
                                                            <input name="showgiverto" type="hidden" value=""/>
                                                            <input name="showrecipientto" type="hidden" value=""/>
                                                            <input name="user" type="hidden" value="comments.idOfHelperOfCourse1"/>
                                                         </form>
                        </li>
                     </ul>
                  </div>
                  <div class="panel panel-info student-record-comments giver_display-by-others" style="display: none;">
                     <div class="panel-heading">
                        From
                        <b>
                           Anonymous
                        </b>
                     </div>
                     <ul class="list-group comments">
                     </ul>
                  </div>
                  <div class="panel panel-info student-record-comments giver_display-by-others" style="display: none;">
                     <div class="panel-heading">
                        From
                        <b>
                           Instructor Instructor2 Course1
                        </b>
                     </div>
                     <ul class="list-group comments">
                     </ul>
                  </div>
               </div>
            </div>
         </div>
         <div id="panel_display-2">
            <br/>
                        <div class="panel panel-primary">
               <div class="panel-heading" onclick="loadFeedbackResponseComments('comments.idOfHelperOfCourse1','comments.idOfTypicalCourse1','comments.First feedback session', this);" style="cursor: pointer;">
                  <strong>
                     Comments in session: comments.First feedback session
                  </strong>
                  <div class="placeholder-img-loading pull-right">
                  </div>
               </div>
               <div class="panel-body">
                  <div id="no-comment-panel" style="">
                     <br/>
                                          <div class="panel panel-info">
                        <ul class="list-group comments">
                           <li class="list-group-item list-group-item-warning">
                              You don't have any comment in this session.
                           </li>
                        </ul>
                     </div>
                  </div>
               </div>
            </div>
         </div>
      </div>
      <ul class="pagination">
         <li>
            <a href="javascript:;">
               Â«
            </a>
         </li>
         <li class="active">
            <a href="/page/instructorCommentsPage?user=comments.idOfHelperOfCourse1&courseid=comments.idOfTypicalCourse1">
               comments.idOfTypicalCourse1
            </a>
         </li>
         <li>
            <a href="javascript:;">
               Â»
            </a>
         </li>
      </ul>
   </div>

</expected]>> but was:<<[actual>
   <div class="container" id="frameBodyWrapper">
      <div id="topOfPage">
      </div>
      <div class="inner-container">
         <div class="row">
            <div class="col-sm-6">
               <h1>
                  Comments from Instructors
               </h1>
            </div>
            <div class="col-sm-6 instructor-header-bar">
               <form action="/page/instructorSearchPage?user=comments.idOfHelperOfCourse1" method="get" name="search_form">
                  <div class="input-group">
                     <input class="form-control" id="searchBox" name="searchkey" placeholder="Any info related to comments" title="Search for comment" type="text"/>
                                          <span class="input-group-btn">
                        <button class="btn btn-default" id="buttonSearch" type="submit" value="Search">
                           Search
                        </button>
                     </span>
                  </div>
                  <input name="searchcommentforstudents" type="hidden" value="true"/>
                                    <input name="searchcommentforresponses" type="hidden" value="true"/>
                                    <input name="user" type="hidden" value="comments.idOfHelperOfCourse1"/>
                                 </form>
            </div>
         </div>
      </div>
      <br/>
            <div id="statusMessage" style="display: none;">
      </div>
      <div class="well well-plain">
         <div class="row">
            <div class="col-md-2">
               <div class="checkbox">
                  <input id="option-check" type="checkbox"/>
                                    <label for="option-check">
                     Show More
                                Options
                  </label>
               </div>
            </div>
            <div class="col-md-3">
               <div class="checkbox">
                  <input id="displayArchivedCourses_check" type="checkbox"/>
                                    <label for="displayArchivedCourses_check">
                     Include
                                Archived Courses
                  </label>
                  <div id="displayArchivedCourses_link" style="display:none;">
                     <a href="/page/instructorCommentsPage?user=comments.idOfHelperOfCourse1">
                        link back to the page
                     </a>
                  </div>
               </div>
            </div>
         </div>
         <div class="row">
            <div class="well well-plain" id="more-options">
               <form class="form-horizontal" role="form">
                  <div class="row">
                     <div class="col-sm-4">
                        <div class="text-color-primary">
                           <strong>
                              Show comments for:
                           </strong>
                        </div>
                        <br/>
                                                <div class="checkbox">
                           <input checked="checked" id="panel_all" type="checkbox"/>
                                                      <label for="panel_all">
                              <strong>
                                 All
                              </strong>
                           </label>
                        </div>
                        <br/>
                                                <div class="checkbox">
                           <input checked="checked" id="panel_check-1" type="checkbox"/>
                                                      <label for="panel_check-1">
                              Students
                           </label>
                        </div>
                        <div class="checkbox">
                           <input checked="checked" id="panel_check-2" type="checkbox"/>
                                                      <label for="panel_check-2">
                              Session: comments.First feedback session
                           </label>
                        </div>
                     </div>
                     <div class="col-sm-4">
                        <div class="text-color-primary">
                           <strong>
                              Show comments from:
                           </strong>
                        </div>
                        <br/>
                                                <div class="checkbox">
                           <input checked="checked" id="giver_all" type="checkbox" value=""/>
                                                      <label for="giver_all">
                              <strong>
                                 All
                              </strong>
                           </label>
                        </div>
                        <br/>
                                                <div class="checkbox">
                           <input checked="checked" id="giver_check-by-you" type="checkbox"/>
                                                      <label for="giver_check-by-you">
                              You
                           </label>
                        </div>
                        <div class="checkbox">
                           <input checked="checked" id="giver_check-by-others" type="checkbox"/>
                                                      <label for="giver_check-by-others">
                              Others
                           </label>
                        </div>
                     </div>
                     <div class="col-sm-4">
                        <div class="text-color-primary">
                           <strong>
                              Show comments with status:
                           </strong>
                        </div>
                        <br/>
                                                <div class="checkbox">
                           <input checked="checked" id="status_all" type="checkbox" value=""/>
                                                      <label for="status_all">
                              <strong>
                                 All
                              </strong>
                           </label>
                        </div>
                        <br/>
                                                <div class="checkbox">
                           <input checked="checked" id="status_check-public" type="checkbox"/>
                                                      <label for="status_check-public">
                              Public
                           </label>
                        </div>
                        <div class="checkbox">
                           <input checked="checked" id="status_check-private" type="checkbox"/>
                                                      <label for="status_check-private">
                              Private
                           </label>
                        </div>
                     </div>
                  </div>
               </form>
            </div>
         </div>
      </div>
      <ul class="pagination">
         <li>
            <a href="javascript:;">
               Â«
            </a>
         </li>
         <li class="active">
            <a href="/page/instructorCommentsPage?user=comments.idOfHelperOfCourse1&courseid=comments.idOfTypicalCourse1">
               comments.idOfTypicalCourse1
            </a>
         </li>
         <li>
            <a href="javascript:;">
               Â»
            </a>
         </li>
      </ul>
      <div class="well well-plain">
         <div class="row">
            <h4 class="col-sm-9 text-color-primary">
               <strong>
                  comments.idOfTypicalCourse1 : Typical Course 1 with 2 Evals
               </strong>
            </h4>
            <div class="btn-group pull-right" style="display:none">
               <a class="btn btn-sm btn-info" data-original-title="Send email notification to 0 recipient(s) of comments pending notification" data-toggle="tooltip" href="/page/instructorStudentCommentClearPending?courseid=comments.idOfTypicalCourse1&user=comments.idOfHelperOfCourse1" style="margin-right: 17px;" title="" type="button">
                  <span class="badge" style="margin-right: 5px">
                     0
                  </span>
                  <span class="glyphicon glyphicon-comment">
                  </span>
                  <span class="glyphicon glyphicon-arrow-right">
                  </span>
                  <span class="glyphicon glyphicon-envelope">
                  </span>
               </a>
            </div>
         </div>
         <div id="no-comment-panel" style="display:none;">
            <br/>
                        <div class="panel">
               <div class="panel-body">
                  You don't have any comment in this course.
               </div>
            </div>
         </div>
         <div id="panel_display-1">
            <br/>
                        <div class="panel panel-primary">
               <div class="panel-heading">
                  <strong>
                     Comments for students
                  </strong>
               </div>
               <div class="panel-body">
                  <div class="panel panel-info student-record-comments giver_display-by-you">
                     <div class="panel-heading">
                        From
                        <b>
                           You
                        </b>
                     </div>
                     <ul class="list-group comments">
                        <li class="list-group-item list-group-item-warning status_display-private" id="5621631154126848">
                           <form action="/page/instructorStudentCommentEdit" class="form_comment" id="form_commentedit-1" method="post" name="form_commentedit">
                              <div id="commentBar-1">
                                 <span class="text-muted">
                                    To
                                    <b>
                                       All students in this course
                                    </b>
                                    on
                                                02 Jun 2012, 19:22
                                 </span>
                                 <a class="btn btn-default btn-xs icon-button pull-right" data-original-title="Delete this comment" data-placement="top" data-toggle="tooltip" id="commentdelete-1" onclick="return deleteComment('1');" style="display: none;" title="" type="button">
                                    <span class="glyphicon glyphicon-trash glyphicon-primary">
                                    </span>
                                 </a>
                                 <a class="btn btn-default btn-xs icon-button pull-right" data-original-title="Edit this comment" data-placement="top" data-toggle="tooltip" id="commentedit-1" onclick="return enableEdit('1');" style="display: none;" title="" type="button">
                                    <span class="glyphicon glyphicon-pencil glyphicon-primary">
                                    </span>
                                 </a>
                              </div>
                              <div id="plainCommentText1" style="margin-left: 15px;">
                                 This is a private comment--cannot seen by other instructors
                              </div>
                              <div id="commentTextEdit1" style="display: none;">
                                 <div class="form-group form-inline">
                                    <div class="form-group text-muted">
                                       You may change comment's visibility using the visibility options on the right hand side.
                                    </div>
                                    <a class="btn btn-sm btn-info pull-right" id="visibility-options-trigger1">
                                       <span class="glyphicon glyphicon-eye-close">
                                       </span>
                                       Show Visibility Options
                                    </a>
                                 </div>
                                 <div class="panel panel-default" id="visibility-options1" style="display: none;">
                                    <div class="panel-heading">
                                       Visibility Options
                                    </div>
                                    <table class="table text-center text-color-black">
                                       <tbody>
                                          <tr>
                                             <th class="text-center">
                                                User/Group
                                             </th>
                                             <th class="text-center">
                                                Can see
                                                                your comment
                                             </th>
                                             <th class="text-center">
                                                Can see
                                                                giver's name
                                             </th>
                                             <th class="text-center">
                                                Can see
                                                                recipient's name
                                             </th>
                                          </tr>
                                          <tr id="recipient-course1">
                                             <td class="text-left">
                                                <div data-original-title="Control what other students in this course can view" data-placement="top" data-toggle="tooltip" title="">
                                                   Students in this course
                                                </div>
                                             </td>
                                             <td>
                                                <input class="visibilityCheckbox answerCheckbox" type="checkbox" value="COURSE"/>
                                                                                             </td>
                                             <td>
                                                <input class="visibilityCheckbox giverCheckbox" type="checkbox" value="COURSE"/>
                                                                                             </td>
                                             <td>
                                                <input class="visibilityCheckbox recipientCheckbox" disabled="disabled" type="checkbox" value="COURSE"/>
                                                                                             </td>
                                          </tr>
                                          <tr>
                                             <td class="text-left">
                                                <div data-original-title="Control what instructors can view" data-placement="top" data-toggle="tooltip" title="">
                                                   Instructors
                                                </div>
                                             </td>
                                             <td>
                                                <input class="visibilityCheckbox answerCheckbox" type="checkbox" value="INSTRUCTOR"/>
                                                                                             </td>
                                             <td>
                                                <input class="visibilityCheckbox giverCheckbox" type="checkbox" value="INSTRUCTOR"/>
                                                                                             </td>
                                             <td>
                                                <input class="visibilityCheckbox recipientCheckbox" type="checkbox" value="INSTRUCTOR"/>
                                                                                             </td>
                                          </tr>
                                       </tbody>
                                    </table>
                                 </div>
                                 <div class="form-group">
                                    <textarea class="form-control" id="commentText1" name="commenttext" placeholder="Your comment about this student" rows="3">
                                       This is a private comment--cannot seen by other instructors
                                    </textarea>
                                 </div>
                                 <div class="col-sm-offset-5">
                                    <input class="btn btn-primary" id="commentsave-1" onclick="return submitCommentForm('1');" title="Save comment" type="submit" value="Save"/>
                                                                        <input class="btn btn-default" onclick="return disableComment('1');" type="button" value="Cancel"/>
                                                                     </div>
                              </div>
                              <input id="commentedittype-1" name="commentedittype" type="hidden" value="edit"/>
                                                            <input name="commentid" type="hidden" value="5621631154126848"/>
                                                            <input name="courseid" type="hidden" value="comments.idOfTypicalCourse1"/>
                                                            <input name="commentpage" type="hidden" value="true"/>
                                                            <input name="showcommentsto" type="hidden" value=""/>
                                                            <input name="showgiverto" type="hidden" value=""/>
                                                            <input name="showrecipientto" type="hidden" value=""/>
                                                            <input name="user" type="hidden" value="comments.idOfHelperOfCourse1"/>
                                                         </form>
                        </li>
                     </ul>
                  </div>
                  <div class="panel panel-info student-record-comments giver_display-by-others" style="display: none;">
                     <div class="panel-heading">
                        From
                        <b>
                           Anonymous
                        </b>
                     </div>
                     <ul class="list-group comments">
                     </ul>
                  </div>
                  <div class="panel panel-info student-record-comments giver_display-by-others" style="display: none;">
                     <div class="panel-heading">
                        From
                        <b>
                           Instructor Instructor2 Course1
                        </b>
                     </div>
                     <ul class="list-group comments">
                     </ul>
                  </div>
               </div>
            </div>
         </div>
         <div id="panel_display-2">
            <br/>
                        <div class="panel panel-primary">
               <div class="panel-heading" onclick="loadFeedbackResponseComments('comments.idOfHelperOfCourse1','comments.idOfTypicalCourse1','comments.First feedback session', this);" style="cursor: pointer;">
                  <strong>
                     Comments in session: comments.First feedback session
                  </strong>
                  <div class="placeholder-img-loading pull-right">
                  </div>
               </div>
               <div class="panel-body">
                  <div class="panel panel-info">
                     <div class="panel-heading">
                        <b>
                           Question 2
                        </b>
                        :
        Rate 1 other student's product
                     </div>
                     <table class="table">
                        <tbody>
                        </tbody>
                     </table>
                  </div>
               </div>
            </div>
         </div>
      </div>
      <ul class="pagination">
         <li>
            <a href="javascript:;">
               Â«
            </a>
         </li>
         <li class="active">
            <a href="/page/instructorCommentsPage?user=comments.idOfHelperOfCourse1&courseid=comments.idOfTypicalCourse1">
               comments.idOfTypicalCourse1
            </a>
         </li>
         <li>
            <a href="javascript:;">
               Â»
            </a>
         </li>
      </ul>
   </div>

</actual]>>
	at org.junit.Assert.assertEquals(Assert.java:115)
	at org.junit.Assert.assertEquals(Assert.java:144)
	at teammates.test.driver.HtmlHelper.assertSameHtmlPart(HtmlHelper.java:43)
	at teammates.test.pageobjects.AppPage.verifyHtmlPart(AppPage.java:822)
	at teammates.test.pageobjects.AppPage.verifyHtmlMainContent(AppPage.java:864)
	at teammates.test.cases.ui.browsertests.InstructorCommentsPageUiTest.testContent(InstructorCommentsPageUiTest.java:67)
	at teammates.test.cases.ui.browsertests.InstructorCommentsPageUiTest.allTests(InstructorCommentsPageUiTest.java:32)
	at sun.reflect.NativeMethodAccessorImpl.invoke0(Native Method)
	at sun.reflect.NativeMethodAccessorImpl.invoke(NativeMethodAccessorImpl.java:57)
	at sun.reflect.DelegatingMethodAccessorImpl.invoke(DelegatingMethodAccessorImpl.java:43)
	at java.lang.reflect.Method.invoke(Method.java:606)
	at org.testng.internal.MethodInvocationHelper.invokeMethod(MethodInvocationHelper.java:84)
	at org.testng.internal.Invoker.invokeMethod(Invoker.java:714)
	at org.testng.internal.Invoker.invokeTestMethod(Invoker.java:901)
	at org.testng.internal.Invoker.invokeTestMethods(Invoker.java:1231)
	at org.testng.internal.TestMethodWorker.invokeTestMethods(TestMethodWorker.java:127)
	at org.testng.internal.TestMethodWorker.run(TestMethodWorker.java:111)
	at org.testng.TestRunner.privateRun(TestRunner.java:767)
	at org.testng.TestRunner.run(TestRunner.java:617)
	at org.testng.SuiteRunner.runTest(SuiteRunner.java:334)
	at org.testng.SuiteRunner.access$000(SuiteRunner.java:37)
	at org.testng.SuiteRunner$SuiteWorker.run(SuiteRunner.java:368)
	at org.testng.internal.thread.ThreadUtil$2.call(ThreadUtil.java:64)
	at java.util.concurrent.FutureTask.run(FutureTask.java:262)
	at java.util.concurrent.ThreadPoolExecutor.runWorker(ThreadPoolExecutor.java:1145)
	at java.util.concurrent.ThreadPoolExecutor$Worker.run(ThreadPoolExecutor.java:615)
	at java.lang.Thread.run(Thread.java:745)
]]>
    </error>
  </testcase> <!-- allTests -->
</testsuite> <!-- teammates.test.cases.ui.browsertests.InstructorCommentsPageUiTest -->
