<?xml version="1.0" encoding="UTF-8"?>
<!-- Generated by org.testng.reporters.JUnitReportReporter -->
<testsuite hostname="soccf-tr5-001" name="teammates.test.cases.ui.browsertests.InstructorFeedbackSubmitPageUiTest" tests="1" failures="0" timestamp="26 Sep 2014 15:21:29 GMT" time="137.683" errors="0">
  <testcase name="testAll" time="137.683" classname="teammates.test.cases.ui.browsertests.InstructorFeedbackSubmitPageUiTest"/>
</testsuite> <!-- teammates.test.cases.ui.browsertests.InstructorFeedbackSubmitPageUiTest -->
