<?xml version="1.0" encoding="UTF-8"?>
<!-- Generated by org.testng.reporters.JUnitReportReporter -->
<testsuite hostname="soccf-tr5-001" name="teammates.test.cases.ui.InstructorCourseJoinActionTest" tests="1" failures="0" timestamp="3 Sep 2014 15:50:17 GMT" time="0.125" errors="0">
  <testcase name="testExecuteAndPostProcess" time="0.125" classname="teammates.test.cases.ui.InstructorCourseJoinActionTest"/>
</testsuite> <!-- teammates.test.cases.ui.InstructorCourseJoinActionTest -->
