<?xml version="1.0" encoding="UTF-8"?>
<!-- Generated by org.testng.reporters.JUnitReportReporter -->
<testsuite hostname="soccf-tr5-001" name="teammates.test.cases.ui.browsertests.AdminHomePageUiTest" tests="1" failures="0" timestamp="14 Sep 2014 18:23:54 GMT" time="172.572" errors="0">
  <testcase name="testAll" time="172.572" classname="teammates.test.cases.ui.browsertests.AdminHomePageUiTest"/>
</testsuite> <!-- teammates.test.cases.ui.browsertests.AdminHomePageUiTest -->
