<?xml version="1.0" encoding="UTF-8"?>
<!-- Generated by org.testng.reporters.JUnitReportReporter -->
<testsuite hostname="soccf-tr5-001" name="teammates.test.cases.ui.browsertests.InstructorFeedbackResultsPageUiTest" tests="1" failures="0" timestamp="24 Sep 2014 13:47:44 GMT" time="7.225" errors="1">
  <testcase name="testAll" time="7.225" classname="teammates.test.cases.ui.browsertests.InstructorFeedbackResultsPageUiTest">
    <error type="org.junit.ComparisonFailure" message="expected:&lt;&lt;[expected&gt;
   &lt;div class=&quot;container&quot; id=&quot;frameBodyWrapper&quot;&gt;
      &lt;div id=&quot;topOfPage&quot;&gt;
      &lt;/div&gt;
      &lt;div id=&quot;headerOperation&quot;&gt;
         &lt;h1&gt;
            Session Results
         &lt;/h1&gt;
      &lt;/div&gt;
      &lt;div class=&quot;well well-plain padding-0&quot;&gt;
         &lt;form action=&quot;/page/instructorFeedbackResultsDownload&quot; class=&quot;form-horizontal&quot; method=&quot;post&quot; role=&quot;form&quot;&gt;
            &lt;div class=&quot;panel-heading&quot;&gt;
               &lt;div class=&quot;row&quot;&gt;
                  &lt;div class=&quot;col-sm-4&quot;&gt;
                     &lt;div class=&quot;form-group&quot;&gt;
                        &lt;label class=&quot;col-sm-2 control-label&quot;&gt;
                           Course:
                        &lt;/label&gt;
                        &lt;div class=&quot;col-sm-10&quot;&gt;
                           &lt;p class=&quot;form-control-static&quot;&gt;
                              CFResultsUiT.CS2104
                           &lt;/p&gt;
                        &lt;/div&gt;
                     &lt;/div&gt;
                     &lt;div class=&quot;form-group&quot;&gt;
                        &lt;label class=&quot;col-sm-2 control-label&quot;&gt;
                           Session:
                        &lt;/label&gt;
                        &lt;div class=&quot;col-sm-10&quot;&gt;
                           &lt;p class=&quot;form-control-static&quot;&gt;
                              First Session
                           &lt;/p&gt;
                        &lt;/div&gt;
                     &lt;/div&gt;
                  &lt;/div&gt;
                  &lt;div class=&quot;col-sm-6&quot;&gt;
                     &lt;div class=&quot;form-group&quot;&gt;
                        &lt;label class=&quot;col-sm-4 control-label&quot;&gt;
                           Session duration:
                        &lt;/label&gt;
                        &lt;div class=&quot;col-sm-8&quot;&gt;
                           &lt;p class=&quot;form-control-static&quot;&gt;
                              01 Apr 2012, 23:59   
                              &lt;b&gt;
                                 to
                              &lt;/b&gt;
                                 30 Apr 2016, 23:59
                           &lt;/p&gt;
                        &lt;/div&gt;
                     &lt;/div&gt;
                     &lt;div class=&quot;form-group&quot;&gt;
                        &lt;label class=&quot;col-sm-4 control-label&quot;&gt;
                           Results visible from:
                        &lt;/label&gt;
                        &lt;div class=&quot;col-sm-8&quot;&gt;
                           &lt;p class=&quot;form-control-static&quot;&gt;
                              01 May 2012, 23:59
                           &lt;/p&gt;
                        &lt;/div&gt;
                     &lt;/div&gt;
                  &lt;/div&gt;
                  &lt;div class=&quot;col-sm-2&quot;&gt;
                     &lt;div id=&quot;feedbackDataButtons&quot;&gt;
                        &lt;input class=&quot;btn btn-primary pull-right&quot; id=&quot;button_download&quot; name=&quot;fruploaddownloadbtn&quot; type=&quot;submit&quot; value=&quot;Download results&quot;/&gt;
                                             &lt;/div&gt;
                     &lt;input name=&quot;user&quot; type=&quot;hidden&quot; value=&quot;CFResultsUiT.helper1&quot;/&gt;
                                          &lt;input name=&quot;fsname&quot; type=&quot;hidden&quot; value=&quot;First Session&quot;/&gt;
                                          &lt;input name=&quot;courseid&quot; type=&quot;hidden&quot; value=&quot;CFResultsUiT.CS2104&quot;/&gt;
                                          &lt;input name=&quot;sectionname&quot; type=&quot;hidden&quot; value=&quot;All&quot;/&gt;
                                       &lt;/div&gt;
               &lt;/div&gt;
            &lt;/div&gt;
         &lt;/form&gt;
      &lt;/div&gt;
      &lt;br/&gt;
            &lt;div id=&quot;statusMessage&quot; style=&quot;display: none;&quot;&gt;
      &lt;/div&gt;
      &lt;br/&gt;
            &lt;div class=&quot;bold color_red align-center&quot;&gt;
         There are no responses for this feedback session yet or you do not have access to the responses collected so far.
      &lt;/div&gt;
      &lt;br/&gt;
            &lt;div class=&quot;panel panel-info&quot;&gt;
         &lt;div class=&quot;panel-heading&quot; data-target=&quot;#panelBodyCollapse-1&quot; id=&quot;panelHeading-1&quot; style=&quot;cursor: pointer;&quot;&gt;
            &lt;form action=&quot;/page/instructorFeedbackResultsPage&quot; class=&quot;seeMoreForm-1&quot; id=&quot;seeMore-1&quot; style=&quot;display:none;&quot;&gt;
               &lt;input name=&quot;courseid&quot; type=&quot;hidden&quot; value=&quot;CFResultsUiT.CS2104&quot;/&gt;
                              &lt;input name=&quot;fsname&quot; type=&quot;hidden&quot; value=&quot;First Session&quot;/&gt;
                              &lt;input name=&quot;user&quot; type=&quot;hidden&quot; value=&quot;CFResultsUiT.helper1&quot;/&gt;
                              &lt;input name=&quot;frgroupbyteam&quot; type=&quot;hidden&quot; value=&quot;on&quot;/&gt;
                              &lt;input name=&quot;frsorttype&quot; type=&quot;hidden&quot; value=&quot;question&quot;/&gt;
                              &lt;input id=&quot;showStats-1&quot; name=&quot;frshowstats&quot; type=&quot;hidden&quot; value=&quot;on&quot;/&gt;
                              &lt;input name=&quot;questionnum&quot; type=&quot;hidden&quot; value=&quot;1&quot;/&gt;
                           &lt;/form&gt;
            &lt;div class=&quot;display-icon pull-right&quot;&gt;
               &lt;span class=&quot;glyphicon glyphicon-chevron-up pull-right&quot;&gt;
               &lt;/span&gt;
            &lt;/div&gt;
            &lt;strong&gt;
               Question 1:
            &lt;/strong&gt;
            &lt;span class=&quot;text-preserve-space&quot;&gt;
               Rate 3 other students&#039; products
            &lt;/span&gt;
         &lt;/div&gt;
         &lt;div class=&quot;panel-collapse collapse in&quot; id=&quot;panelBodyCollapse-1&quot;&gt;
            &lt;div class=&quot;panel-body padding-0&quot; id=&quot;questionBody-0&quot;&gt;
               &lt;div class=&quot;col-sm-12&quot;&gt;
                  &lt;i class=&quot;text-muted&quot;&gt;
                     There are no responses for this question.
                  &lt;/i&gt;
               &lt;/div&gt;
            &lt;/div&gt;
         &lt;/div&gt;
      &lt;/div&gt;
      &lt;div class=&quot;panel panel-info&quot;&gt;
         &lt;div class=&quot;panel-heading&quot; data-target=&quot;#panelBodyCollapse-2&quot; id=&quot;panelHeading-2&quot; style=&quot;cursor: pointer;&quot;&gt;
            &lt;form action=&quot;/page/instructorFeedbackResultsPage&quot; class=&quot;seeMoreForm-2&quot; id=&quot;seeMore-2&quot; style=&quot;display:none;&quot;&gt;
               &lt;input name=&quot;courseid&quot; type=&quot;hidden&quot; value=&quot;CFResultsUiT.CS2104&quot;/&gt;
                              &lt;input name=&quot;fsname&quot; type=&quot;hidden&quot; value=&quot;First Session&quot;/&gt;
                              &lt;input name=&quot;user&quot; type=&quot;hidden&quot; value=&quot;CFResultsUiT.helper1&quot;/&gt;
                              &lt;input name=&quot;frgroupbyteam&quot; type=&quot;hidden&quot; value=&quot;on&quot;/&gt;
                              &lt;input name=&quot;frsorttype&quot; type=&quot;hidden&quot; value=&quot;question&quot;/&gt;
                              &lt;input id=&quot;showStats-2&quot; name=&quot;frshowstats&quot; type=&quot;hidden&quot; value=&quot;on&quot;/&gt;
                              &lt;input name=&quot;questionnum&quot; type=&quot;hidden&quot; value=&quot;2&quot;/&gt;
                           &lt;/form&gt;
            &lt;div class=&quot;display-icon pull-right&quot;&gt;
               &lt;span class=&quot;glyphicon glyphicon-chevron-up pull-right&quot;&gt;
               &lt;/span&gt;
            &lt;/div&gt;
            &lt;strong&gt;
               Question 2:
            &lt;/strong&gt;
            &lt;span class=&quot;text-preserve-space&quot;&gt;
               What is the best selling point of your product?
            &lt;/span&gt;
         &lt;/div&gt;
         &lt;div class=&quot;panel-collapse collapse in&quot; id=&quot;panelBodyCollapse-2&quot;&gt;
            &lt;div class=&quot;panel-body padding-0&quot; id=&quot;questionBody-1&quot;&gt;
               &lt;div class=&quot;col-sm-12&quot;&gt;
                  &lt;i class=&quot;text-muted&quot;&gt;
                     There are no responses for this question.
                  &lt;/i&gt;
               &lt;/div&gt;
            &lt;/div&gt;
         &lt;/div&gt;
      &lt;/div&gt;
      &lt;div class=&quot;panel panel-info&quot;&gt;
         &lt;div class=&quot;panel-heading&quot; data-target=&quot;#panelBodyCollapse-3&quot; id=&quot;panelHeading-3&quot; style=&quot;cursor: pointer;&quot;&gt;
            &lt;form action=&quot;/page/instructorFeedbackResultsPage&quot; class=&quot;seeMoreForm-3&quot; id=&quot;seeMore-3&quot; style=&quot;display:none;&quot;&gt;
               &lt;input name=&quot;courseid&quot; type=&quot;hidden&quot; value=&quot;CFResultsUiT.CS2104&quot;/&gt;
                              &lt;input name=&quot;fsname&quot; type=&quot;hidden&quot; value=&quot;First Session&quot;/&gt;
                              &lt;input name=&quot;user&quot; type=&quot;hidden&quot; value=&quot;CFResultsUiT.helper1&quot;/&gt;
                              &lt;input name=&quot;frgroupbyteam&quot; type=&quot;hidden&quot; value=&quot;on&quot;/&gt;
                              &lt;input name=&quot;frsorttype&quot; type=&quot;hidden&quot; value=&quot;question&quot;/&gt;
                              &lt;input id=&quot;showStats-3&quot; name=&quot;frshowstats&quot; type=&quot;hidden&quot; value=&quot;on&quot;/&gt;
                              &lt;input name=&quot;questionnum&quot; type=&quot;hidden&quot; value=&quot;3&quot;/&gt;
                           &lt;/form&gt;
            &lt;div class=&quot;display-icon pull-right&quot;&gt;
               &lt;span class=&quot;glyphicon glyphicon-chevron-up pull-right&quot;&gt;
               &lt;/span&gt;
            &lt;/div&gt;
            &lt;strong&gt;
               Question 3:
            &lt;/strong&gt;
            &lt;span class=&quot;text-preserve-space&quot;&gt;
               My comments on the class
            &lt;/span&gt;
         &lt;/div&gt;
         &lt;div class=&quot;panel-collapse collapse in&quot; id=&quot;panelBodyCollapse-3&quot;&gt;
            &lt;div class=&quot;panel-body padding-0&quot; id=&quot;questionBody-2&quot;&gt;
               &lt;div class=&quot;col-sm-12&quot;&gt;
                  &lt;i class=&quot;text-muted&quot;&gt;
                     There are no responses for this question.
                  &lt;/i&gt;
               &lt;/div&gt;
            &lt;/div&gt;
         &lt;/div&gt;
      &lt;/div&gt;
      &lt;div class=&quot;panel panel-info&quot;&gt;
         &lt;div class=&quot;panel-heading&quot; data-target=&quot;#panelBodyCollapse-4&quot; id=&quot;panelHeading-4&quot; style=&quot;cursor: pointer;&quot;&gt;
            &lt;form action=&quot;/page/instructorFeedbackResultsPage&quot; class=&quot;seeMoreForm-4&quot; id=&quot;seeMore-4&quot; style=&quot;display:none;&quot;&gt;
               &lt;input name=&quot;courseid&quot; type=&quot;hidden&quot; value=&quot;CFResultsUiT.CS2104&quot;/&gt;
                              &lt;input name=&quot;fsname&quot; type=&quot;hidden&quot; value=&quot;First Session&quot;/&gt;
                              &lt;input name=&quot;user&quot; type=&quot;hidden&quot; value=&quot;CFResultsUiT.helper1&quot;/&gt;
                              &lt;input name=&quot;frgroupbyteam&quot; type=&quot;hidden&quot; value=&quot;on&quot;/&gt;
                              &lt;input name=&quot;frsorttype&quot; type=&quot;hidden&quot; value=&quot;question&quot;/&gt;
                              &lt;input id=&quot;showStats-4&quot; name=&quot;frshowstats&quot; type=&quot;hidden&quot; value=&quot;on&quot;/&gt;
                              &lt;input name=&quot;questionnum&quot; type=&quot;hidden&quot; value=&quot;4&quot;/&gt;
                           &lt;/form&gt;
            &lt;div class=&quot;display-icon pull-right&quot;&gt;
               &lt;span class=&quot;glyphicon glyphicon-chevron-up pull-right&quot;&gt;
               &lt;/span&gt;
            &lt;/div&gt;
            &lt;strong&gt;
               Question 4:
            &lt;/strong&gt;
            &lt;span class=&quot;text-preserve-space&quot;&gt;
               Give feedback to 3 other teams.
            &lt;/span&gt;
         &lt;/div&gt;
         &lt;div class=&quot;panel-collapse collapse in&quot; id=&quot;panelBodyCollapse-4&quot;&gt;
            &lt;div class=&quot;panel-body padding-0&quot; id=&quot;questionBody-3&quot;&gt;
               &lt;div class=&quot;col-sm-12&quot;&gt;
                  &lt;i class=&quot;text-muted&quot;&gt;
                     There are no responses for this question.
                  &lt;/i&gt;
               &lt;/div&gt;
            &lt;/div&gt;
         &lt;/div&gt;
      &lt;/div&gt;
      &lt;div class=&quot;panel panel-info&quot;&gt;
         &lt;div class=&quot;panel-heading&quot; data-target=&quot;#panelBodyCollapse-5&quot; id=&quot;panelHeading-5&quot; style=&quot;cursor: pointer;&quot;&gt;
            &lt;form action=&quot;/page/instructorFeedbackResultsPage&quot; class=&quot;seeMoreForm-5&quot; id=&quot;seeMore-5&quot; style=&quot;display:none;&quot;&gt;
               &lt;input name=&quot;courseid&quot; type=&quot;hidden&quot; value=&quot;CFResultsUiT.CS2104&quot;/&gt;
                              &lt;input name=&quot;fsname&quot; type=&quot;hidden&quot; value=&quot;First Session&quot;/&gt;
                              &lt;input name=&quot;user&quot; type=&quot;hidden&quot; value=&quot;CFResultsUiT.helper1&quot;/&gt;
                              &lt;input name=&quot;frgroupbyteam&quot; type=&quot;hidden&quot; value=&quot;on&quot;/&gt;
                              &lt;input name=&quot;frsorttype&quot; type=&quot;hidden&quot; value=&quot;question&quot;/&gt;
                              &lt;input id=&quot;showStats-5&quot; name=&quot;frshowstats&quot; type=&quot;hidden&quot; value=&quot;on&quot;/&gt;
                              &lt;input name=&quot;questionnum&quot; type=&quot;hidden&quot; value=&quot;5&quot;/&gt;
                           &lt;/form&gt;
            &lt;div class=&quot;display-icon pull-right&quot;&gt;
               &lt;span class=&quot;glyphicon glyphicon-chevron-up pull-right&quot;&gt;
               &lt;/span&gt;
            &lt;/div&gt;
            &lt;strong&gt;
               Question 5:
            &lt;/strong&gt;
            &lt;span class=&quot;text-preserve-space&quot;&gt;
               Give feedback to your team mates
            &lt;/span&gt;
         &lt;/div&gt;
         &lt;div class=&quot;panel-collapse collapse in&quot; id=&quot;panelBodyCollapse-5&quot;&gt;
            &lt;div class=&quot;panel-body padding-0&quot; id=&quot;questionBody-4&quot;&gt;
               &lt;div class=&quot;col-sm-12&quot;&gt;
                  &lt;i class=&quot;text-muted&quot;&gt;
                     There are no responses for this question.
                  &lt;/i&gt;
               &lt;/div&gt;
            &lt;/div&gt;
         &lt;/div&gt;
      &lt;/div&gt;
      &lt;div class=&quot;panel panel-info&quot;&gt;
         &lt;div class=&quot;panel-heading&quot; data-target=&quot;#panelBodyCollapse-6&quot; id=&quot;panelHeading-6&quot; style=&quot;cursor: pointer;&quot;&gt;
            &lt;form action=&quot;/page/instructorFeedbackResultsPage&quot; class=&quot;seeMoreForm-6&quot; id=&quot;seeMore-6&quot; style=&quot;display:none;&quot;&gt;
               &lt;input name=&quot;courseid&quot; type=&quot;hidden&quot; value=&quot;CFResultsUiT.CS2104&quot;/&gt;
                              &lt;input name=&quot;fsname&quot; type=&quot;hidden&quot; value=&quot;First Session&quot;/&gt;
                              &lt;input name=&quot;user&quot; type=&quot;hidden&quot; value=&quot;CFResultsUiT.helper1&quot;/&gt;
                              &lt;input name=&quot;frgroupbyteam&quot; type=&quot;hidden&quot; value=&quot;on&quot;/&gt;
                              &lt;input name=&quot;frsorttype&quot; type=&quot;hidden&quot; value=&quot;question&quot;/&gt;
                              &lt;input id=&quot;showStats-6&quot; name=&quot;frshowstats&quot; type=&quot;hidden&quot; value=&quot;on&quot;/&gt;
                              &lt;input name=&quot;questionnum&quot; type=&quot;hidden&quot; value=&quot;6&quot;/&gt;
                           &lt;/form&gt;
            &lt;div class=&quot;display-icon pull-right&quot;&gt;
               &lt;span class=&quot;glyphicon glyphicon-chevron-up pull-right&quot;&gt;
               &lt;/span&gt;
            &lt;/div&gt;
            &lt;strong&gt;
               Question 6:
            &lt;/strong&gt;
            &lt;span class=&quot;text-preserve-space&quot;&gt;
               This question should be hidden.
            &lt;/span&gt;
         &lt;/div&gt;
         &lt;div class=&quot;panel-collapse collapse in&quot; id=&quot;panelBodyCollapse-6&quot;&gt;
            &lt;div class=&quot;panel-body padding-0&quot; id=&quot;questionBody-5&quot;&gt;
               &lt;div class=&quot;col-sm-12&quot;&gt;
                  &lt;i class=&quot;text-muted&quot;&gt;
                     There are no responses for this question.
                  &lt;/i&gt;
               &lt;/div&gt;
            &lt;/div&gt;
         &lt;/div&gt;
      &lt;/div&gt;
      &lt;div class=&quot;panel panel-info&quot;&gt;
         &lt;div class=&quot;panel-heading&quot; data-target=&quot;#panelBodyCollapse-7&quot; id=&quot;panelHeading-7&quot; style=&quot;cursor: pointer;&quot;&gt;
            &lt;form action=&quot;/page/instructorFeedbackResultsPage&quot; class=&quot;seeMoreForm-7&quot; id=&quot;seeMore-7&quot; style=&quot;display:none;&quot;&gt;
               &lt;input name=&quot;courseid&quot; type=&quot;hidden&quot; value=&quot;CFResultsUiT.CS2104&quot;/&gt;
                              &lt;input name=&quot;fsname&quot; type=&quot;hidden&quot; value=&quot;First Session&quot;/&gt;
                              &lt;input name=&quot;user&quot; type=&quot;hidden&quot; value=&quot;CFResultsUiT.helper1&quot;/&gt;
                              &lt;input name=&quot;frgroupbyteam&quot; type=&quot;hidden&quot; value=&quot;on&quot;/&gt;
                              &lt;input name=&quot;frsorttype&quot; type=&quot;hidden&quot; value=&quot;question&quot;/&gt;
                              &lt;input id=&quot;showStats-7&quot; name=&quot;frshowstats&quot; type=&quot;hidden&quot; value=&quot;on&quot;/&gt;
                              &lt;input name=&quot;questionnum&quot; type=&quot;hidden&quot; value=&quot;7&quot;/&gt;
                           &lt;/form&gt;
            &lt;div class=&quot;display-icon pull-right&quot;&gt;
               &lt;span class=&quot;glyphicon glyphicon-chevron-up pull-right&quot;&gt;
               &lt;/span&gt;
            &lt;/div&gt;
            &lt;strong&gt;
               Question 7:
            &lt;/strong&gt;
            &lt;span class=&quot;text-preserve-space&quot;&gt;
               What is your extra feature? 
               &lt;span style=&quot; white-space: normal;&quot;&gt;
                  &lt;a class=&quot;color_gray&quot; data-less=&quot;[less]&quot; data-more=&quot;[more]&quot; href=&quot;javascript:;&quot; id=&quot;questionAdditionalInfoButton-7-&quot; onclick=&quot;toggleAdditionalQuestionInfo(&#039;7-&#039;)&quot;&gt;
                     [more]
                  &lt;/a&gt;
                  &lt;br/&gt;
                                    &lt;span id=&quot;questionAdditionalInfo-7-&quot; style=&quot;display:none;&quot;&gt;
                     Multiple-choice (single answer) question options:
                     &lt;ul style=&quot;list-style-type: disc;margin-left: 20px;&quot;&gt;
                        &lt;li&gt;
                           FlexiCommand
                        &lt;/li&gt;
                        &lt;li&gt;
                           PowerSearch
                        &lt;/li&gt;
                        &lt;li&gt;
                           GoodUI
                        &lt;/li&gt;
                        &lt;li&gt;
                           Google Integration
                        &lt;/li&gt;
                     &lt;/ul&gt;
                  &lt;/span&gt;
               &lt;/span&gt;
            &lt;/span&gt;
         &lt;/div&gt;
         &lt;div class=&quot;panel-collapse collapse in&quot; id=&quot;panelBodyCollapse-7&quot;&gt;
            &lt;div class=&quot;panel-body padding-0&quot; id=&quot;questionBody-6&quot;&gt;
               &lt;div class=&quot;col-sm-12&quot;&gt;
                  &lt;i class=&quot;text-muted&quot;&gt;
                     There are no responses for this question.
                  &lt;/i&gt;
               &lt;/div&gt;
            &lt;/div&gt;
         &lt;/div&gt;
      &lt;/div&gt;
      &lt;div class=&quot;panel panel-info&quot;&gt;
         &lt;div class=&quot;panel-heading&quot; data-target=&quot;#panelBodyCollapse-8&quot; id=&quot;panelHeading-8&quot; style=&quot;cursor: pointer;&quot;&gt;
            &lt;form action=&quot;/page/instructorFeedbackResultsPage&quot; class=&quot;seeMoreForm-8&quot; id=&quot;seeMore-8&quot; style=&quot;display:none;&quot;&gt;
               &lt;input name=&quot;courseid&quot; type=&quot;hidden&quot; value=&quot;CFResultsUiT.CS2104&quot;/&gt;
                              &lt;input name=&quot;fsname&quot; type=&quot;hidden&quot; value=&quot;First Session&quot;/&gt;
                              &lt;input name=&quot;user&quot; type=&quot;hidden&quot; value=&quot;CFResultsUiT.helper1&quot;/&gt;
                              &lt;input name=&quot;frgroupbyteam&quot; type=&quot;hidden&quot; value=&quot;on&quot;/&gt;
                              &lt;input name=&quot;frsorttype&quot; type=&quot;hidden&quot; value=&quot;question&quot;/&gt;
                              &lt;input id=&quot;showStats-8&quot; name=&quot;frshowstats&quot; type=&quot;hidden&quot; value=&quot;on&quot;/&gt;
                              &lt;input name=&quot;questionnum&quot; type=&quot;hidden&quot; value=&quot;8&quot;/&gt;
                           &lt;/form&gt;
            &lt;div class=&quot;display-icon pull-right&quot;&gt;
               &lt;span class=&quot;glyphicon glyphicon-chevron-up pull-right&quot;&gt;
               &lt;/span&gt;
            &lt;/div&gt;
            &lt;strong&gt;
               Question 8:
            &lt;/strong&gt;
            &lt;span class=&quot;text-preserve-space&quot;&gt;
               What is your extra feature? 
               &lt;span style=&quot; white-space: normal;&quot;&gt;
                  &lt;a class=&quot;color_gray&quot; data-less=&quot;[less]&quot; data-more=&quot;[more]&quot; href=&quot;javascript:;&quot; id=&quot;questionAdditionalInfoButton-8-&quot; onclick=&quot;toggleAdditionalQuestionInfo(&#039;8-&#039;)&quot;&gt;
                     [more]
                  &lt;/a&gt;
                  &lt;br/&gt;
                                    &lt;span id=&quot;questionAdditionalInfo-8-&quot; style=&quot;display:none;&quot;&gt;
                     Multiple-choice (multiple answers) question options:
                     &lt;ul style=&quot;list-style-type: disc;margin-left: 20px;&quot;&gt;
                        &lt;li&gt;
                           FlexiCommand
                        &lt;/li&gt;
                        &lt;li&gt;
                           PowerSearch
                        &lt;/li&gt;
                        &lt;li&gt;
                           GoodUI
                        &lt;/li&gt;
                        &lt;li&gt;
                           Google Integration
                        &lt;/li&gt;
                     &lt;/ul&gt;
                  &lt;/span&gt;
               &lt;/span&gt;
            &lt;/span&gt;
         &lt;/div&gt;
         &lt;div class=&quot;panel-collapse collapse in&quot; id=&quot;panelBodyCollapse-8&quot;&gt;
            &lt;div class=&quot;panel-body padding-0&quot; id=&quot;questionBody-7&quot;&gt;
               &lt;div class=&quot;col-sm-12&quot;&gt;
                  &lt;i class=&quot;text-muted&quot;&gt;
                     There are no responses for this question.
                  &lt;/i&gt;
               &lt;/div&gt;
            &lt;/div&gt;
         &lt;/div&gt;
      &lt;/div&gt;
      &lt;div class=&quot;panel panel-info&quot;&gt;
         &lt;div class=&quot;panel-heading&quot; data-target=&quot;#panelBodyCollapse-9&quot; id=&quot;panelHeading-9&quot; style=&quot;cursor: pointer;&quot;&gt;
            &lt;form action=&quot;/page/instructorFeedbackResultsPage&quot; class=&quot;seeMoreForm-9&quot; id=&quot;seeMore-9&quot; style=&quot;display:none;&quot;&gt;
               &lt;input name=&quot;courseid&quot; type=&quot;hidden&quot; value=&quot;CFResultsUiT.CS2104&quot;/&gt;
                              &lt;input name=&quot;fsname&quot; type=&quot;hidden&quot; value=&quot;First Session&quot;/&gt;
                              &lt;input name=&quot;user&quot; type=&quot;hidden&quot; value=&quot;CFResultsUiT.helper1&quot;/&gt;
                              &lt;input name=&quot;frgroupbyteam&quot; type=&quot;hidden&quot; value=&quot;on&quot;/&gt;
                              &lt;input name=&quot;frsorttype&quot; type=&quot;hidden&quot; value=&quot;question&quot;/&gt;
                              &lt;input id=&quot;showStats-9&quot; name=&quot;frshowstats&quot; type=&quot;hidden&quot; value=&quot;on&quot;/&gt;
                              &lt;input name=&quot;questionnum&quot; type=&quot;hidden&quot; value=&quot;9&quot;/&gt;
                           &lt;/form&gt;
            &lt;div class=&quot;display-icon pull-right&quot;&gt;
               &lt;span class=&quot;glyphicon glyphicon-chevron-up pull-right&quot;&gt;
               &lt;/span&gt;
            &lt;/div&gt;
            &lt;strong&gt;
               Question 9:
            &lt;/strong&gt;
            &lt;span class=&quot;text-preserve-space&quot;&gt;
               Who do you think is the most hardworking student? 
               &lt;span style=&quot; white-space: normal;&quot;&gt;
                  &lt;a class=&quot;color_gray&quot; data-less=&quot;[less]&quot; data-more=&quot;[more]&quot; href=&quot;javascript:;&quot; id=&quot;questionAdditionalInfoButton-9-&quot; onclick=&quot;toggleAdditionalQuestionInfo(&#039;9-&#039;)&quot;&gt;
                     [more]
                  &lt;/a&gt;
                  &lt;br/&gt;
                                    &lt;span id=&quot;questionAdditionalInfo-9-&quot; style=&quot;display:none;&quot;&gt;
                     Multiple-choice (single answer) question options:
                     &lt;br/&gt;
                                          The options for this question is automatically generated from the list of all students in this course.
                  &lt;/span&gt;
               &lt;/span&gt;
            &lt;/span&gt;
         &lt;/div&gt;
         &lt;div class=&quot;panel-collapse collapse in&quot; id=&quot;panelBodyCollapse-9&quot;&gt;
            &lt;div class=&quot;panel-body padding-0&quot; id=&quot;questionBody-8&quot;&gt;
               &lt;div class=&quot;col-sm-12&quot;&gt;
                  &lt;i class=&quot;text-muted&quot;&gt;
                     There are no responses for this question.
                  &lt;/i&gt;
               &lt;/div&gt;
            &lt;/div&gt;
         &lt;/div&gt;
      &lt;/div&gt;
      &lt;div class=&quot;panel panel-info&quot;&gt;
         &lt;div class=&quot;panel-heading&quot; data-target=&quot;#panelBodyCollapse-10&quot; id=&quot;panelHeading-10&quot; style=&quot;cursor: pointer;&quot;&gt;
            &lt;form action=&quot;/page/instructorFeedbackResultsPage&quot; class=&quot;seeMoreForm-10&quot; id=&quot;seeMore-10&quot; style=&quot;display:none;&quot;&gt;
               &lt;input name=&quot;courseid&quot; type=&quot;hidden&quot; value=&quot;CFResultsUiT.CS2104&quot;/&gt;
                              &lt;input name=&quot;fsname&quot; type=&quot;hidden&quot; value=&quot;First Session&quot;/&gt;
                              &lt;input name=&quot;user&quot; type=&quot;hidden&quot; value=&quot;CFResultsUiT.helper1&quot;/&gt;
                              &lt;input name=&quot;frgroupbyteam&quot; type=&quot;hidden&quot; value=&quot;on&quot;/&gt;
                              &lt;input name=&quot;frsorttype&quot; type=&quot;hidden&quot; value=&quot;question&quot;/&gt;
                              &lt;input id=&quot;showStats-10&quot; name=&quot;frshowstats&quot; type=&quot;hidden&quot; value=&quot;on&quot;/&gt;
                              &lt;input name=&quot;questionnum&quot; type=&quot;hidden&quot; value=&quot;10&quot;/&gt;
                           &lt;/form&gt;
            &lt;div class=&quot;display-icon pull-right&quot;&gt;
               &lt;span class=&quot;glyphicon glyphicon-chevron-up pull-right&quot;&gt;
               &lt;/span&gt;
            &lt;/div&gt;
            &lt;strong&gt;
               Question 10:
            &lt;/strong&gt;
            &lt;span class=&quot;text-preserve-space&quot;&gt;
               Which team do you think has the best feature? 
               &lt;span style=&quot; white-space: normal;&quot;&gt;
                  &lt;a class=&quot;color_gray&quot; data-less=&quot;[less]&quot; data-more=&quot;[more]&quot; href=&quot;javascript:;&quot; id=&quot;questionAdditionalInfoButton-10-&quot; onclick=&quot;toggleAdditionalQuestionInfo(&#039;10-&#039;)&quot;&gt;
                     [more]
                  &lt;/a&gt;
                  &lt;br/&gt;
                                    &lt;span id=&quot;questionAdditionalInfo-10-&quot; style=&quot;display:none;&quot;&gt;
                     Multiple-choice (single answer) question options:
                     &lt;br/&gt;
                                          The options for this question is automatically generated from the list of all teams in this course.
                  &lt;/span&gt;
               &lt;/span&gt;
            &lt;/span&gt;
         &lt;/div&gt;
         &lt;div class=&quot;panel-collapse collapse in&quot; id=&quot;panelBodyCollapse-10&quot;&gt;
            &lt;div class=&quot;panel-body padding-0&quot; id=&quot;questionBody-9&quot;&gt;
               &lt;div class=&quot;col-sm-12&quot;&gt;
                  &lt;i class=&quot;text-muted&quot;&gt;
                     There are no responses for this question.
                  &lt;/i&gt;
               &lt;/div&gt;
            &lt;/div&gt;
         &lt;/div&gt;
      &lt;/div&gt;
      &lt;div class=&quot;panel panel-info&quot;&gt;
         &lt;div class=&quot;panel-heading&quot; data-target=&quot;#panelBodyCollapse-11&quot; id=&quot;panelHeading-11&quot; style=&quot;cursor: pointer;&quot;&gt;
            &lt;form action=&quot;/page/instructorFeedbackResultsPage&quot; class=&quot;seeMoreForm-11&quot; id=&quot;seeMore-11&quot; style=&quot;display:none;&quot;&gt;
               &lt;input name=&quot;courseid&quot; type=&quot;hidden&quot; value=&quot;CFResultsUiT.CS2104&quot;/&gt;
                              &lt;input name=&quot;fsname&quot; type=&quot;hidden&quot; value=&quot;First Session&quot;/&gt;
                              &lt;input name=&quot;user&quot; type=&quot;hidden&quot; value=&quot;CFResultsUiT.helper1&quot;/&gt;
                              &lt;input name=&quot;frgroupbyteam&quot; type=&quot;hidden&quot; value=&quot;on&quot;/&gt;
                              &lt;input name=&quot;frsorttype&quot; type=&quot;hidden&quot; value=&quot;question&quot;/&gt;
                              &lt;input id=&quot;showStats-11&quot; name=&quot;frshowstats&quot; type=&quot;hidden&quot; value=&quot;on&quot;/&gt;
                              &lt;input name=&quot;questionnum&quot; type=&quot;hidden&quot; value=&quot;11&quot;/&gt;
                           &lt;/form&gt;
            &lt;div class=&quot;display-icon pull-right&quot;&gt;
               &lt;span class=&quot;glyphicon glyphicon-chevron-up pull-right&quot;&gt;
               &lt;/span&gt;
            &lt;/div&gt;
            &lt;strong&gt;
               Question 11:
            &lt;/strong&gt;
            &lt;span class=&quot;text-preserve-space&quot;&gt;
               Who are your teammates? 
               &lt;span style=&quot; white-space: normal;&quot;&gt;
                  &lt;a class=&quot;color_gray&quot; data-less=&quot;[less]&quot; data-more=&quot;[more]&quot; href=&quot;javascript:;&quot; id=&quot;questionAdditionalInfoButton-11-&quot; onclick=&quot;toggleAdditionalQuestionInfo(&#039;11-&#039;)&quot;&gt;
                     [more]
                  &lt;/a&gt;
                  &lt;br/&gt;
                                    &lt;span id=&quot;questionAdditionalInfo-11-&quot; style=&quot;display:none;&quot;&gt;
                     Multiple-choice (multiple answers) question options:
                     &lt;br/&gt;
                                          The options for this question is automatically generated from the list of all students in this course.
                  &lt;/span&gt;
               &lt;/span&gt;
            &lt;/span&gt;
         &lt;/div&gt;
         &lt;div class=&quot;panel-collapse collapse in&quot; id=&quot;panelBodyCollapse-11&quot;&gt;
            &lt;div class=&quot;panel-body padding-0&quot; id=&quot;questionBody-10&quot;&gt;
               &lt;div class=&quot;col-sm-12&quot;&gt;
                  &lt;i class=&quot;text-muted&quot;&gt;
                     There are no responses for this question.
                  &lt;/i&gt;
               &lt;/div&gt;
            &lt;/div&gt;
         &lt;/div&gt;
      &lt;/div&gt;
      &lt;div class=&quot;panel panel-info&quot;&gt;
         &lt;div class=&quot;panel-heading&quot; data-target=&quot;#panelBodyCollapse-12&quot; id=&quot;panelHeading-12&quot; style=&quot;cursor: pointer;&quot;&gt;
            &lt;form action=&quot;/page/instructorFeedbackResultsPage&quot; class=&quot;seeMoreForm-12&quot; id=&quot;seeMore-12&quot; style=&quot;display:none;&quot;&gt;
               &lt;input name=&quot;courseid&quot; type=&quot;hidden&quot; value=&quot;CFResultsUiT.CS2104&quot;/&gt;
                              &lt;input name=&quot;fsname&quot; type=&quot;hidden&quot; value=&quot;First Session&quot;/&gt;
                              &lt;input name=&quot;user&quot; type=&quot;hidden&quot; value=&quot;CFResultsUiT.helper1&quot;/&gt;
                              &lt;input name=&quot;frgroupbyteam&quot; type=&quot;hidden&quot; value=&quot;on&quot;/&gt;
                              &lt;input name=&quot;frsorttype&quot; type=&quot;hidden&quot; value=&quot;question&quot;/&gt;
                              &lt;input id=&quot;showStats-12&quot; name=&quot;frshowstats&quot; type=&quot;hidden&quot; value=&quot;on&quot;/&gt;
                              &lt;input name=&quot;questionnum&quot; type=&quot;hidden&quot; value=&quot;12&quot;/&gt;
                           &lt;/form&gt;
            &lt;div class=&quot;display-icon pull-right&quot;&gt;
               &lt;span class=&quot;glyphicon glyphicon-chevron-up pull-right&quot;&gt;
               &lt;/span&gt;
            &lt;/div&gt;
            &lt;strong&gt;
               Question 12:
            &lt;/strong&gt;
            &lt;span class=&quot;text-preserve-space&quot;&gt;
               Which teams do you like? 
               &lt;span style=&quot; white-space: normal;&quot;&gt;
                  &lt;a class=&quot;color_gray&quot; data-less=&quot;[less]&quot; data-more=&quot;[more]&quot; href=&quot;javascript:;&quot; id=&quot;questionAdditionalInfoButton-12-&quot; onclick=&quot;toggleAdditionalQuestionInfo(&#039;12-&#039;)&quot;&gt;
                     [more]
                  &lt;/a&gt;
                  &lt;br/&gt;
                                    &lt;span id=&quot;questionAdditionalInfo-12-&quot; style=&quot;display:none;&quot;&gt;
                     Multiple-choice (multiple answers) question options:
                     &lt;br/&gt;
                                          The options for this question is automatically generated from the list of all teams in this course.
                  &lt;/span&gt;
               &lt;/span&gt;
            &lt;/span&gt;
         &lt;/div&gt;
         &lt;div class=&quot;panel-collapse collapse in&quot; id=&quot;panelBodyCollapse-12&quot;&gt;
            &lt;div class=&quot;panel-body padding-0&quot; id=&quot;questionBody-11&quot;&gt;
               &lt;div class=&quot;col-sm-12&quot;&gt;
                  &lt;i class=&quot;text-muted&quot;&gt;
                     There are no responses for this question.
                  &lt;/i&gt;
               &lt;/div&gt;
            &lt;/div&gt;
         &lt;/div&gt;
      &lt;/div&gt;
      &lt;div class=&quot;panel panel-info&quot;&gt;
         &lt;div class=&quot;panel-heading&quot; data-target=&quot;#panelBodyCollapse-13&quot; id=&quot;panelHeading-13&quot; style=&quot;cursor: pointer;&quot;&gt;
            &lt;form action=&quot;/page/instructorFeedbackResultsPage&quot; class=&quot;seeMoreForm-13&quot; id=&quot;seeMore-13&quot; style=&quot;display:none;&quot;&gt;
               &lt;input name=&quot;courseid&quot; type=&quot;hidden&quot; value=&quot;CFResultsUiT.CS2104&quot;/&gt;
                              &lt;input name=&quot;fsname&quot; type=&quot;hidden&quot; value=&quot;First Session&quot;/&gt;
                              &lt;input name=&quot;user&quot; type=&quot;hidden&quot; value=&quot;CFResultsUiT.helper1&quot;/&gt;
                              &lt;input name=&quot;frgroupbyteam&quot; type=&quot;hidden&quot; value=&quot;on&quot;/&gt;
                              &lt;input name=&quot;frsorttype&quot; type=&quot;hidden&quot; value=&quot;question&quot;/&gt;
                              &lt;input id=&quot;showStats-13&quot; name=&quot;frshowstats&quot; type=&quot;hidden&quot; value=&quot;on&quot;/&gt;
                              &lt;input name=&quot;questionnum&quot; type=&quot;hidden&quot; value=&quot;13&quot;/&gt;
                           &lt;/form&gt;
            &lt;div class=&quot;display-icon pull-right&quot;&gt;
               &lt;span class=&quot;glyphicon glyphicon-chevron-up pull-right&quot;&gt;
               &lt;/span&gt;
            &lt;/div&gt;
            &lt;strong&gt;
               Question 13:
            &lt;/strong&gt;
            &lt;span class=&quot;text-preserve-space&quot;&gt;
               Rate our product. 
               &lt;span style=&quot; white-space: normal;&quot;&gt;
                  &lt;a class=&quot;color_gray&quot; data-less=&quot;[less]&quot; data-more=&quot;[more]&quot; href=&quot;javascript:;&quot; id=&quot;questionAdditionalInfoButton-13-&quot; onclick=&quot;toggleAdditionalQuestionInfo(&#039;13-&#039;)&quot;&gt;
                     [more]
                  &lt;/a&gt;
                  &lt;br/&gt;
                                    &lt;span id=&quot;questionAdditionalInfo-13-&quot; style=&quot;display:none;&quot;&gt;
                     Numerical-scale question:
                     &lt;br/&gt;
                                          Minimum value: 1. Increment: 0.5. Maximum value: 5.
                  &lt;/span&gt;
               &lt;/span&gt;
            &lt;/span&gt;
         &lt;/div&gt;
         &lt;div class=&quot;panel-collapse collapse in&quot; id=&quot;panelBodyCollapse-13&quot;&gt;
            &lt;div class=&quot;panel-body padding-0&quot; id=&quot;questionBody-12&quot;&gt;
               &lt;div class=&quot;col-sm-12&quot;&gt;
                  &lt;i class=&quot;text-muted&quot;&gt;
                     There are no responses for this question.
                  &lt;/i&gt;
               &lt;/div&gt;
            &lt;/div&gt;
         &lt;/div&gt;
      &lt;/div&gt;
      &lt;div class=&quot;panel panel-info&quot;&gt;
         &lt;div class=&quot;panel-heading&quot; data-target=&quot;#panelBodyCollapse-14&quot; id=&quot;panelHeading-14&quot; style=&quot;cursor: pointer;&quot;&gt;
            &lt;form action=&quot;/page/instructorFeedbackResultsPage&quot; class=&quot;seeMoreForm-14&quot; id=&quot;seeMore-14&quot; style=&quot;display:none;&quot;&gt;
               &lt;input name=&quot;courseid&quot; type=&quot;hidden&quot; value=&quot;CFResultsUiT.CS2104&quot;/&gt;
                              &lt;input name=&quot;fsname&quot; type=&quot;hidden&quot; value=&quot;First Session&quot;/&gt;
                              &lt;input name=&quot;user&quot; type=&quot;hidden&quot; value=&quot;CFResultsUiT.helper1&quot;/&gt;
                              &lt;input name=&quot;frgroupbyteam&quot; type=&quot;hidden&quot; value=&quot;on&quot;/&gt;
                              &lt;input name=&quot;frsorttype&quot; type=&quot;hidden&quot; value=&quot;question&quot;/&gt;
                              &lt;input id=&quot;showStats-14&quot; name=&quot;frshowstats&quot; type=&quot;hidden&quot; value=&quot;on&quot;/&gt;
                              &lt;input name=&quot;questionnum&quot; type=&quot;hidden&quot; value=&quot;14&quot;/&gt;
                           &lt;/form&gt;
            &lt;div class=&quot;display-icon pull-right&quot;&gt;
               &lt;span class=&quot;glyphicon glyphicon-chevron-up pull-right&quot;&gt;
               &lt;/span&gt;
            &lt;/div&gt;
            &lt;strong&gt;
               Question 14:
            &lt;/strong&gt;
            &lt;span class=&quot;text-preserve-space&quot;&gt;
               How important are the following factors to you? Give points accordingly. 
               &lt;span style=&quot; white-space: normal;&quot;&gt;
                  &lt;a class=&quot;color_gray&quot; data-less=&quot;[less]&quot; data-more=&quot;[more]&quot; href=&quot;javascript:;&quot; id=&quot;questionAdditionalInfoButton-14-&quot; onclick=&quot;toggleAdditionalQuestionInfo(&#039;14-&#039;)&quot;&gt;
                     [more]
                  &lt;/a&gt;
                  &lt;br/&gt;
                                    &lt;span id=&quot;questionAdditionalInfo-14-&quot; style=&quot;display:none;&quot;&gt;
                     Distribute points (among options) question options:
                     &lt;ul style=&quot;list-style-type: disc;margin-left: 20px;&quot;&gt;
                        &lt;li&gt;
                           Grades
                        &lt;/li&gt;
                        &lt;li&gt;
                           Fun
                        &lt;/li&gt;
                     &lt;/ul&gt;
                     Total points: 100
                  &lt;/span&gt;
               &lt;/span&gt;
            &lt;/span&gt;
         &lt;/div&gt;
         &lt;div class=&quot;panel-collapse collapse in&quot; id=&quot;panelBodyCollapse-14&quot;&gt;
            &lt;div class=&quot;panel-body padding-0&quot; id=&quot;questionBody-13&quot;&gt;
               &lt;div class=&quot;col-sm-12&quot;&gt;
                  &lt;i class=&quot;text-muted&quot;&gt;
                     There are no responses for this question.
                  &lt;/i&gt;
               &lt;/div&gt;
            &lt;/div&gt;
         &lt;/div&gt;
      &lt;/div&gt;
      &lt;div class=&quot;panel panel-info&quot;&gt;
         &lt;div class=&quot;panel-heading&quot; data-target=&quot;#panelBodyCollapse-15&quot; id=&quot;panelHeading-15&quot; style=&quot;cursor: pointer;&quot;&gt;
            &lt;form action=&quot;/page/instructorFeedbackResultsPage&quot; class=&quot;seeMoreForm-15&quot; id=&quot;seeMore-15&quot; style=&quot;display:none;&quot;&gt;
               &lt;input name=&quot;courseid&quot; type=&quot;hidden&quot; value=&quot;CFResultsUiT.CS2104&quot;/&gt;
                              &lt;input name=&quot;fsname&quot; type=&quot;hidden&quot; value=&quot;First Session&quot;/&gt;
                              &lt;input name=&quot;user&quot; type=&quot;hidden&quot; value=&quot;CFResultsUiT.helper1&quot;/&gt;
                              &lt;input name=&quot;frgroupbyteam&quot; type=&quot;hidden&quot; value=&quot;on&quot;/&gt;
                              &lt;input name=&quot;frsorttype&quot; type=&quot;hidden&quot; value=&quot;question&quot;/&gt;
                              &lt;input id=&quot;showStats-15&quot; name=&quot;frshowstats&quot; type=&quot;hidden&quot; value=&quot;on&quot;/&gt;
                              &lt;input name=&quot;questionnum&quot; type=&quot;hidden&quot; value=&quot;15&quot;/&gt;
                           &lt;/form&gt;
            &lt;div class=&quot;display-icon pull-right&quot;&gt;
               &lt;span class=&quot;glyphicon glyphicon-chevron-up pull-right&quot;&gt;
               &lt;/span&gt;
            &lt;/div&gt;
            &lt;strong&gt;
               Question 15:
            &lt;/strong&gt;
            &lt;span class=&quot;text-preserve-space&quot;&gt;
               Split points among the your team members and yourself, according to how much you think each member has contributed. 
               &lt;span style=&quot; white-space: normal;&quot;&gt;
                  &lt;a class=&quot;color_gray&quot; data-less=&quot;[less]&quot; data-more=&quot;[more]&quot; href=&quot;javascript:;&quot; id=&quot;questionAdditionalInfoButton-15-&quot; onclick=&quot;toggleAdditionalQuestionInfo(&#039;15-&#039;)&quot;&gt;
                     [more]
                  &lt;/a&gt;
                  &lt;br/&gt;
                                    &lt;span id=&quot;questionAdditionalInfo-15-&quot; style=&quot;display:none;&quot;&gt;
                     Distribute points (among recipients) question
                     &lt;br/&gt;
                                          Points per recipient: 100
                  &lt;/span&gt;
               &lt;/span&gt;
            &lt;/span&gt;
         &lt;/div&gt;
         &lt;div class=&quot;panel-collapse collapse in&quot; id=&quot;panelBodyCollapse-15&quot;&gt;
            &lt;div class=&quot;panel-body padding-0&quot; id=&quot;questionBody-14&quot;&gt;
               &lt;div class=&quot;col-sm-12&quot;&gt;
                  &lt;i class=&quot;text-muted&quot;&gt;
                     There are no responses for this question.
                  &lt;/i&gt;
               &lt;/div&gt;
            &lt;/div&gt;
         &lt;/div&gt;
      &lt;/div&gt;
      &lt;div class=&quot;panel panel-info&quot;&gt;
         &lt;div class=&quot;panel-heading&quot; data-target=&quot;#panelBodyCollapse-16&quot; id=&quot;panelHeading-16&quot; style=&quot;cursor: pointer;&quot;&gt;
            &lt;form action=&quot;/page/instructorFeedbackResultsPage&quot; class=&quot;seeMoreForm-16&quot; id=&quot;seeMore-16&quot; style=&quot;display:none;&quot;&gt;
               &lt;input name=&quot;courseid&quot; type=&quot;hidden&quot; value=&quot;CFResultsUiT.CS2104&quot;/&gt;
                              &lt;input name=&quot;fsname&quot; type=&quot;hidden&quot; value=&quot;First Session&quot;/&gt;
                              &lt;input name=&quot;user&quot; type=&quot;hidden&quot; value=&quot;CFResultsUiT.helper1&quot;/&gt;
                              &lt;input name=&quot;frgroupbyteam&quot; type=&quot;hidden&quot; value=&quot;on&quot;/&gt;
                              &lt;input name=&quot;frsorttype&quot; type=&quot;hidden&quot; value=&quot;question&quot;/&gt;
                              &lt;input id=&quot;showStats-16&quot; name=&quot;frshowstats&quot; type=&quot;hidden&quot; value=&quot;on&quot;/&gt;
                              &lt;input name=&quot;questionnum&quot; type=&quot;hidden&quot; value=&quot;16&quot;/&gt;
                           &lt;/form&gt;
            &lt;div class=&quot;display-icon pull-right&quot;&gt;
               &lt;span class=&quot;glyphicon glyphicon-chevron-up pull-right&quot;&gt;
               &lt;/span&gt;
            &lt;/div&gt;
            &lt;strong&gt;
               Question 16:
            &lt;/strong&gt;
            &lt;span class=&quot;text-preserve-space&quot;&gt;
               Rate the contribution of yourself and your team members towards the latest project. 
               &lt;span style=&quot; white-space: normal;&quot;&gt;
                  &lt;a class=&quot;color_gray&quot; data-less=&quot;[less]&quot; data-more=&quot;[more]&quot; href=&quot;javascript:;&quot; id=&quot;questionAdditionalInfoButton-16-&quot; onclick=&quot;toggleAdditionalQuestionInfo(&#039;16-&#039;)&quot;&gt;
                     [more]
                  &lt;/a&gt;
                  &lt;br/&gt;
                                    &lt;span id=&quot;questionAdditionalInfo-16-&quot; style=&quot;display:none;&quot;&gt;
                     Team contribution question
                  &lt;/span&gt;
               &lt;/span&gt;
            &lt;/span&gt;
         &lt;/div&gt;
         &lt;div class=&quot;panel-collapse collapse in&quot; id=&quot;panelBodyCollapse-16&quot;&gt;
            &lt;div class=&quot;panel-body padding-0&quot; id=&quot;questionBody-15&quot;&gt;
               &lt;div class=&quot;col-sm-12&quot;&gt;
                  &lt;i class=&quot;text-muted&quot;&gt;
                     There are no responses for this question.
                  &lt;/i&gt;
               &lt;/div&gt;
            &lt;/div&gt;
         &lt;/div&gt;
      &lt;/div&gt;
   &lt;/div&gt;

&lt;/expected]&gt;&gt; but was:&lt;&lt;[actual&gt;
   &lt;div class=&quot;container&quot; id=&quot;frameBodyWrapper&quot;&gt;
      &lt;div id=&quot;topOfPage&quot;&gt;
      &lt;/div&gt;
      &lt;div id=&quot;headerOperation&quot;&gt;
         &lt;h1&gt;
            Session Results
         &lt;/h1&gt;
      &lt;/div&gt;
      &lt;div class=&quot;well well-plain padding-0&quot;&gt;
         &lt;form action=&quot;/page/instructorFeedbackResultsDownload&quot; class=&quot;form-horizontal&quot; method=&quot;post&quot; role=&quot;form&quot;&gt;
            &lt;div class=&quot;panel-heading&quot;&gt;
               &lt;div class=&quot;row&quot;&gt;
                  &lt;div class=&quot;col-sm-4&quot;&gt;
                     &lt;div class=&quot;form-group&quot;&gt;
                        &lt;label class=&quot;col-sm-2 control-label&quot;&gt;
                           Course:
                        &lt;/label&gt;
                        &lt;div class=&quot;col-sm-10&quot;&gt;
                           &lt;p class=&quot;form-control-static&quot;&gt;
                              CFResultsUiT.CS2104
                           &lt;/p&gt;
                        &lt;/div&gt;
                     &lt;/div&gt;
                     &lt;div class=&quot;form-group&quot;&gt;
                        &lt;label class=&quot;col-sm-2 control-label&quot;&gt;
                           Session:
                        &lt;/label&gt;
                        &lt;div class=&quot;col-sm-10&quot;&gt;
                           &lt;p class=&quot;form-control-static&quot;&gt;
                              First Session
                           &lt;/p&gt;
                        &lt;/div&gt;
                     &lt;/div&gt;
                  &lt;/div&gt;
                  &lt;div class=&quot;col-sm-6&quot;&gt;
                     &lt;div class=&quot;form-group&quot;&gt;
                        &lt;label class=&quot;col-sm-4 control-label&quot;&gt;
                           Session duration:
                        &lt;/label&gt;
                        &lt;div class=&quot;col-sm-8&quot;&gt;
                           &lt;p class=&quot;form-control-static&quot;&gt;
                              01 Apr 2012, 23:59   
                              &lt;b&gt;
                                 to
                              &lt;/b&gt;
                                 30 Apr 2016, 23:59
                           &lt;/p&gt;
                        &lt;/div&gt;
                     &lt;/div&gt;
                     &lt;div class=&quot;form-group&quot;&gt;
                        &lt;label class=&quot;col-sm-4 control-label&quot;&gt;
                           Results visible from:
                        &lt;/label&gt;
                        &lt;div class=&quot;col-sm-8&quot;&gt;
                           &lt;p class=&quot;form-control-static&quot;&gt;
                              01 May 2012, 23:59
                           &lt;/p&gt;
                        &lt;/div&gt;
                     &lt;/div&gt;
                  &lt;/div&gt;
                  &lt;div class=&quot;col-sm-2&quot;&gt;
                     &lt;div id=&quot;feedbackDataButtons&quot;&gt;
                        &lt;input class=&quot;btn btn-primary pull-right&quot; id=&quot;button_download&quot; name=&quot;fruploaddownloadbtn&quot; type=&quot;submit&quot; value=&quot;Download results&quot;/&gt;
                                             &lt;/div&gt;
                     &lt;input name=&quot;user&quot; type=&quot;hidden&quot; value=&quot;CFResultsUiT.helper1&quot;/&gt;
                                          &lt;input name=&quot;fsname&quot; type=&quot;hidden&quot; value=&quot;First Session&quot;/&gt;
                                          &lt;input name=&quot;courseid&quot; type=&quot;hidden&quot; value=&quot;CFResultsUiT.CS2104&quot;/&gt;
                                          &lt;input name=&quot;sectionname&quot; type=&quot;hidden&quot; value=&quot;All&quot;/&gt;
                                       &lt;/div&gt;
               &lt;/div&gt;
            &lt;/div&gt;
         &lt;/form&gt;
      &lt;/div&gt;
      &lt;form action=&quot;/page/instructorFeedbackResultsPage?courseid=CFResultsUiT.CS2104&amp;fsname=First+Session&amp;user=CFResultsUiT.helper1&quot; class=&quot;form-horizontal&quot; method=&quot;post&quot; role=&quot;form&quot;&gt;
         &lt;div class=&quot;panel panel-info margin-0&quot;&gt;
            &lt;div class=&quot;panel-body&quot;&gt;
               &lt;div class=&quot;row&quot;&gt;
                  &lt;div class=&quot;col-sm-5&quot; data-original-title=&quot;View results in different formats&quot; data-toggle=&quot;tooltip&quot; title=&quot;&quot;&gt;
                     &lt;div class=&quot;form-group&quot;&gt;
                        &lt;label class=&quot;col-sm-2 control-label&quot; for=&quot;viewSelect&quot;&gt;
                           View:
                        &lt;/label&gt;
                        &lt;div class=&quot;col-sm-10&quot;&gt;
                           &lt;select class=&quot;form-control&quot; id=&quot;viewSelect&quot; name=&quot;frsorttype&quot; onchange=&quot;this.form.submit()&quot;&gt;
                              &lt;option selected=&quot;selected&quot; value=&quot;question&quot;&gt;
                                 Group by - Question
                              &lt;/option&gt;
                              &lt;option value=&quot;giver-recipient-question&quot;&gt;
                                 Group by - Giver &gt; Recipient &gt; Question
                              &lt;/option&gt;
                              &lt;option value=&quot;recipient-giver-question&quot;&gt;
                                 Group by - Recipient &gt; Giver &gt; Question
                              &lt;/option&gt;
                              &lt;option value=&quot;giver-question-recipient&quot;&gt;
                                 Group by - Giver &gt; Question &gt; Recipient
                              &lt;/option&gt;
                              &lt;option value=&quot;recipient-question-giver&quot;&gt;
                                 Group by - Recipient &gt; Question &gt; Giver
                              &lt;/option&gt;
                           &lt;/select&gt;
                        &lt;/div&gt;
                     &lt;/div&gt;
                  &lt;/div&gt;
                  &lt;div class=&quot;col-sm-5&quot; data-original-title=&quot;Filter the results in the current view&quot; data-toggle=&quot;tooltip&quot; title=&quot;&quot;&gt;
                     &lt;div class=&quot;form-group&quot;&gt;
                        &lt;label class=&quot;col-sm-2 control-label&quot; for=&quot;viewSelect&quot;&gt;
                           Filter:
                        &lt;/label&gt;
                        &lt;div class=&quot;col-sm-10&quot;&gt;
                           &lt;div class=&quot;input-group&quot;&gt;
                              &lt;input class=&quot;form-control&quot; id=&quot;results-search-box&quot; onchange=&quot;updateResultsFilter()&quot; placeholder=&quot;Type keywords from the question title&quot; type=&quot;text&quot;/&gt;
                                                            &lt;a class=&quot;input-group-addon btn btn-default&quot;&gt;
                                 &lt;span class=&quot;glyphicon glyphicon-search&quot;&gt;
                                 &lt;/span&gt;
                              &lt;/a&gt;
                           &lt;/div&gt;
                        &lt;/div&gt;
                     &lt;/div&gt;
                  &lt;/div&gt;
                  &lt;div class=&quot;col-sm-2 pull-right&quot;&gt;
                     &lt;div class=&quot;col-sm-12&quot; data-original-title=&quot;Group results in the current view by team&quot; data-toggle=&quot;tooltip&quot; title=&quot;&quot;&gt;
                        &lt;div class=&quot;checkbox padding-top-0 min-height-0&quot;&gt;
                           &lt;label class=&quot;text-strike&quot;&gt;
                              &lt;input checked=&quot;checked&quot; id=&quot;frgroupbyteam&quot; name=&quot;frgroupbyteam&quot; type=&quot;checkbox&quot;/&gt;
                                                            Group by Teams
                           &lt;/label&gt;
                        &lt;/div&gt;
                     &lt;/div&gt;
                     &lt;div class=&quot;col-sm-12&quot; data-original-title=&quot;Show statistics&quot; data-toggle=&quot;tooltip&quot; title=&quot;&quot;&gt;
                        &lt;div class=&quot;checkbox padding-top-0 min-height-0&quot;&gt;
                           &lt;label&gt;
                              &lt;input checked=&quot;checked&quot; id=&quot;show-stats-checkbox&quot; name=&quot;frshowstats&quot; type=&quot;checkbox&quot;/&gt;
                                                            Show Statistics
                           &lt;/label&gt;
                        &lt;/div&gt;
                     &lt;/div&gt;
                  &lt;/div&gt;
               &lt;/div&gt;
               &lt;div class=&quot;row&quot;&gt;
                  &lt;div class=&quot;col-sm-5&quot; data-original-title=&quot;View results by sections&quot; data-toggle=&quot;tooltip&quot; title=&quot;&quot;&gt;
                     &lt;div class=&quot;form-group&quot;&gt;
                        &lt;label class=&quot;col-sm-2 control-label&quot; for=&quot;sectionSelect&quot;&gt;
                           Section:
                        &lt;/label&gt;
                        &lt;div class=&quot;col-sm-10&quot;&gt;
                           &lt;select class=&quot;form-control&quot; id=&quot;sectionSelect&quot; name=&quot;frgroupbysection&quot; onchange=&quot;this.form.submit()&quot;&gt;
                              &lt;option selected=&quot;selected&quot; value=&quot;All&quot;&gt;
                                 All
                              &lt;/option&gt;
                              &lt;option value=&quot;Section A&quot;&gt;
                                 Section A
                              &lt;/option&gt;
                              &lt;option value=&quot;Section B&quot;&gt;
                                 Section B
                              &lt;/option&gt;
                           &lt;/select&gt;
                        &lt;/div&gt;
                     &lt;/div&gt;
                  &lt;/div&gt;
                  &lt;div class=&quot;col-sm-7 pull-right&quot; style=&quot;padding-top:8px;&quot;&gt;
                     &lt;a class=&quot;btn btn-default btn-xs pull-right&quot; data-original-title=&quot;Collapse all panels. You can also click on the panel heading to toggle each one individually.&quot; data-toggle=&quot;tooltip&quot; id=&quot;collapse-panels-button&quot; onclick=&quot;toggleCollapse(this)&quot; title=&quot;&quot;&gt;
                        Collapse Questions
                     &lt;/a&gt;
                  &lt;/div&gt;
               &lt;/div&gt;
            &lt;/div&gt;
         &lt;/div&gt;
         &lt;input name=&quot;fsname&quot; type=&quot;hidden&quot; value=&quot;First Session&quot;/&gt;
                  &lt;input name=&quot;courseid&quot; type=&quot;hidden&quot; value=&quot;CFResultsUiT.CS2104&quot;/&gt;
                  &lt;input name=&quot;user&quot; type=&quot;hidden&quot; value=&quot;CFResultsUiT.helper1&quot;/&gt;
               &lt;/form&gt;
      &lt;br/&gt;
            &lt;div id=&quot;statusMessage&quot; style=&quot;display: none;&quot;&gt;
      &lt;/div&gt;
      &lt;br/&gt;
            &lt;br/&gt;
            &lt;div class=&quot;panel panel-info&quot;&gt;
         &lt;div class=&quot;panel-heading&quot; data-target=&quot;#panelBodyCollapse-1&quot; id=&quot;panelHeading-1&quot; style=&quot;cursor: pointer;&quot;&gt;
            &lt;form action=&quot;/page/instructorFeedbackResultsPage&quot; class=&quot;seeMoreForm-1&quot; id=&quot;seeMore-1&quot; style=&quot;display:none;&quot;&gt;
               &lt;input name=&quot;courseid&quot; type=&quot;hidden&quot; value=&quot;CFResultsUiT.CS2104&quot;/&gt;
                              &lt;input name=&quot;fsname&quot; type=&quot;hidden&quot; value=&quot;First Session&quot;/&gt;
                              &lt;input name=&quot;user&quot; type=&quot;hidden&quot; value=&quot;CFResultsUiT.helper1&quot;/&gt;
                              &lt;input name=&quot;frgroupbyteam&quot; type=&quot;hidden&quot; value=&quot;on&quot;/&gt;
                              &lt;input name=&quot;frsorttype&quot; type=&quot;hidden&quot; value=&quot;question&quot;/&gt;
                              &lt;input id=&quot;showStats-1&quot; name=&quot;frshowstats&quot; type=&quot;hidden&quot; value=&quot;on&quot;/&gt;
                              &lt;input name=&quot;questionnum&quot; type=&quot;hidden&quot; value=&quot;1&quot;/&gt;
                           &lt;/form&gt;
            &lt;div class=&quot;display-icon pull-right&quot;&gt;
               &lt;span class=&quot;glyphicon glyphicon-chevron-up pull-right&quot;&gt;
               &lt;/span&gt;
            &lt;/div&gt;
            &lt;strong&gt;
               Question 1:
            &lt;/strong&gt;
            &lt;span class=&quot;text-preserve-space&quot;&gt;
               Rate 3 other students&#039; products
            &lt;/span&gt;
         &lt;/div&gt;
         &lt;div class=&quot;panel-collapse collapse in&quot; id=&quot;panelBodyCollapse-1&quot;&gt;
            &lt;div class=&quot;panel-body padding-0&quot; id=&quot;questionBody-0&quot;&gt;
               &lt;div class=&quot;resultStatistics&quot;&gt;
               &lt;/div&gt;
               &lt;div class=&quot;table-responsive&quot;&gt;
                  &lt;table class=&quot;table table-striped table-bordered dataTable margin-0&quot;&gt;
                     &lt;thead class=&quot;background-color-medium-gray text-color-gray font-weight-normal&quot;&gt;
                        &lt;tr&gt;
                           &lt;th class=&quot;button-sort-none&quot; id=&quot;button_sortFromName&quot; onclick=&quot;toggleSort(this,1)&quot; style=&quot;width: 15%;&quot;&gt;
                              Giver
                              &lt;span class=&quot;icon-sort unsorted&quot;&gt;
                              &lt;/span&gt;
                           &lt;/th&gt;
                           &lt;th class=&quot;button-sort-none&quot; id=&quot;button_sortFromTeam&quot; onclick=&quot;toggleSort(this,2)&quot; style=&quot;width: 15%;&quot;&gt;
                              Team
                              &lt;span class=&quot;icon-sort unsorted&quot;&gt;
                              &lt;/span&gt;
                           &lt;/th&gt;
                           &lt;th class=&quot;button-sort-none&quot; id=&quot;button_sortToName&quot; onclick=&quot;toggleSort(this,3)&quot; style=&quot;width: 15%;&quot;&gt;
                              Recipient
                              &lt;span class=&quot;icon-sort unsorted&quot;&gt;
                              &lt;/span&gt;
                           &lt;/th&gt;
                           &lt;th class=&quot;button-sort-ascending&quot; id=&quot;button_sortToTeam&quot; onclick=&quot;toggleSort(this,4)&quot; style=&quot;width: 15%;&quot;&gt;
                              Team
                              &lt;span class=&quot;icon-sort unsorted&quot;&gt;
                              &lt;/span&gt;
                           &lt;/th&gt;
                           &lt;th class=&quot;button-sort-none&quot; id=&quot;button_sortFeedback&quot; onclick=&quot;toggleSort(this,5)&quot;&gt;
                              Feedback
                              &lt;span class=&quot;icon-sort unsorted&quot;&gt;
                              &lt;/span&gt;
                           &lt;/th&gt;
                        &lt;/tr&gt;
                     &lt;/thead&gt;
                     &lt;thead&gt;
                     &lt;/thead&gt;
                     &lt;tbody&gt;
                        &lt;tr&gt;
                           &lt;td class=&quot;middlealign&quot;&gt;
                              Alice Betsy
                           &lt;/td&gt;
                           &lt;td class=&quot;middlealign&quot;&gt;
                              Team 1
                           &lt;/td&gt;
                           &lt;td class=&quot;middlealign&quot;&gt;
                              Benny Charles
                           &lt;/td&gt;
                           &lt;td class=&quot;middlealign&quot;&gt;
                              Team 1
                           &lt;/td&gt;
                           &lt;td class=&quot;text-preserve-space&quot;&gt;
                              2 Response to Benny.
                           &lt;/td&gt;
                        &lt;/tr&gt;
                        &lt;tr&gt;
                           &lt;td class=&quot;middlealign&quot;&gt;
                              Alice Betsy
                           &lt;/td&gt;
                           &lt;td class=&quot;middlealign&quot;&gt;
                              Team 1
                           &lt;/td&gt;
                           &lt;td class=&quot;middlealign&quot;&gt;
                              Drop out
                           &lt;/td&gt;
                           &lt;td class=&quot;middlealign&quot;&gt;
                              Team 2
                           &lt;/td&gt;
                           &lt;td class=&quot;text-preserve-space&quot;&gt;
                              Response to Dropout.
                           &lt;/td&gt;
                        &lt;/tr&gt;
                        &lt;tr&gt;
                           &lt;td class=&quot;middlealign&quot;&gt;
                              Benny Charles
                           &lt;/td&gt;
                           &lt;td class=&quot;middlealign&quot;&gt;
                              Team 1
                           &lt;/td&gt;
                           &lt;td class=&quot;middlealign&quot;&gt;
                              Charlie Dávis
                           &lt;/td&gt;
                           &lt;td class=&quot;middlealign&quot;&gt;
                              Team 2
                           &lt;/td&gt;
                           &lt;td class=&quot;text-preserve-space&quot;&gt;
                              4 Response to Charlie.
                           &lt;/td&gt;
                        &lt;/tr&gt;
                        &lt;tr&gt;
                           &lt;td class=&quot;middlealign&quot;&gt;
                              Benny Charles
                           &lt;/td&gt;
                           &lt;td class=&quot;middlealign&quot;&gt;
                              Team 1
                           &lt;/td&gt;
                           &lt;td class=&quot;middlealign&quot;&gt;
                              Danny Engrid
                           &lt;/td&gt;
                           &lt;td class=&quot;middlealign&quot;&gt;
                              Team 2
                           &lt;/td&gt;
                           &lt;td class=&quot;text-preserve-space&quot;&gt;
                              1 Response to Danny.
                           &lt;/td&gt;
                        &lt;/tr&gt;
                        &lt;tr&gt;
                           &lt;td class=&quot;middlealign&quot;&gt;
                              Charlie Dávis
                           &lt;/td&gt;
                           &lt;td class=&quot;middlealign&quot;&gt;
                              Team 2
                           &lt;/td&gt;
                           &lt;td class=&quot;middlealign&quot;&gt;
                              Emily
                           &lt;/td&gt;
                           &lt;td class=&quot;middlealign&quot;&gt;
                              Team 3
                           &lt;/td&gt;
                           &lt;td class=&quot;text-preserve-space&quot;&gt;
                              3 Response to Emily.
                           &lt;/td&gt;
                        &lt;/tr&gt;
                        &lt;tr&gt;
                           &lt;td class=&quot;middlealign&quot;&gt;
                              Drop out
                           &lt;/td&gt;
                           &lt;td class=&quot;middlealign&quot;&gt;
                              Team 2
                           &lt;/td&gt;
                           &lt;td class=&quot;middlealign&quot;&gt;
                              Alice Betsy
                           &lt;/td&gt;
                           &lt;td class=&quot;middlealign&quot;&gt;
                              Team 1
                           &lt;/td&gt;
                           &lt;td class=&quot;text-preserve-space&quot;&gt;
                              Response to Alice from Dropout.
                           &lt;/td&gt;
                        &lt;/tr&gt;
                        &lt;tr&gt;
                           &lt;td class=&quot;middlealign&quot;&gt;
                              Drop out
                           &lt;/td&gt;
                           &lt;td class=&quot;middlealign&quot;&gt;
                              Team 2
                           &lt;/td&gt;
                           &lt;td class=&quot;middlealign&quot;&gt;
                              Benny Charles
                           &lt;/td&gt;
                           &lt;td class=&quot;middlealign&quot;&gt;
                              Team 1
                           &lt;/td&gt;
                           &lt;td class=&quot;text-preserve-space&quot;&gt;
                              Response to Benny from Dropout.
                           &lt;/td&gt;
                        &lt;/tr&gt;
                        &lt;tr&gt;
                           &lt;td class=&quot;middlealign&quot;&gt;
                              Drop out
                           &lt;/td&gt;
                           &lt;td class=&quot;middlealign&quot;&gt;
                              Team 2
                           &lt;/td&gt;
                           &lt;td class=&quot;middlealign&quot;&gt;
                              Danny Engrid
                           &lt;/td&gt;
                           &lt;td class=&quot;middlealign&quot;&gt;
                              Team 2
                           &lt;/td&gt;
                           &lt;td class=&quot;text-preserve-space&quot;&gt;
                              Response to Danny from Dropout.
                           &lt;/td&gt;
                        &lt;/tr&gt;
                     &lt;/tbody&gt;
                  &lt;/table&gt;
               &lt;/div&gt;
            &lt;/div&gt;
         &lt;/div&gt;
      &lt;/div&gt;
      &lt;div class=&quot;panel panel-info&quot;&gt;
         &lt;div class=&quot;panel-heading&quot; data-target=&quot;#panelBodyCollapse-2&quot; id=&quot;panelHeading-2&quot; style=&quot;cursor: pointer;&quot;&gt;
            &lt;form action=&quot;/page/instructorFeedbackResultsPage&quot; class=&quot;seeMoreForm-2&quot; id=&quot;seeMore-2&quot; style=&quot;display:none;&quot;&gt;
               &lt;input name=&quot;courseid&quot; type=&quot;hidden&quot; value=&quot;CFResultsUiT.CS2104&quot;/&gt;
                              &lt;input name=&quot;fsname&quot; type=&quot;hidden&quot; value=&quot;First Session&quot;/&gt;
                              &lt;input name=&quot;user&quot; type=&quot;hidden&quot; value=&quot;CFResultsUiT.helper1&quot;/&gt;
                              &lt;input name=&quot;frgroupbyteam&quot; type=&quot;hidden&quot; value=&quot;on&quot;/&gt;
                              &lt;input name=&quot;frsorttype&quot; type=&quot;hidden&quot; value=&quot;question&quot;/&gt;
                              &lt;input id=&quot;showStats-2&quot; name=&quot;frshowstats&quot; type=&quot;hidden&quot; value=&quot;on&quot;/&gt;
                              &lt;input name=&quot;questionnum&quot; type=&quot;hidden&quot; value=&quot;2&quot;/&gt;
                           &lt;/form&gt;
            &lt;div class=&quot;display-icon pull-right&quot;&gt;
               &lt;span class=&quot;glyphicon glyphicon-chevron-up pull-right&quot;&gt;
               &lt;/span&gt;
            &lt;/div&gt;
            &lt;strong&gt;
               Question 2:
            &lt;/strong&gt;
            &lt;span class=&quot;text-preserve-space&quot;&gt;
               What is the best selling point of your product?
            &lt;/span&gt;
         &lt;/div&gt;
         &lt;div class=&quot;panel-collapse collapse in&quot; id=&quot;panelBodyCollapse-2&quot;&gt;
            &lt;div class=&quot;panel-body padding-0&quot; id=&quot;questionBody-1&quot;&gt;
               &lt;div class=&quot;col-sm-12&quot;&gt;
                  &lt;i class=&quot;text-muted&quot;&gt;
                     There are no responses for this question.
                  &lt;/i&gt;
               &lt;/div&gt;
            &lt;/div&gt;
         &lt;/div&gt;
      &lt;/div&gt;
      &lt;div class=&quot;panel panel-info&quot;&gt;
         &lt;div class=&quot;panel-heading&quot; data-target=&quot;#panelBodyCollapse-3&quot; id=&quot;panelHeading-3&quot; style=&quot;cursor: pointer;&quot;&gt;
            &lt;form action=&quot;/page/instructorFeedbackResultsPage&quot; class=&quot;seeMoreForm-3&quot; id=&quot;seeMore-3&quot; style=&quot;display:none;&quot;&gt;
               &lt;input name=&quot;courseid&quot; type=&quot;hidden&quot; value=&quot;CFResultsUiT.CS2104&quot;/&gt;
                              &lt;input name=&quot;fsname&quot; type=&quot;hidden&quot; value=&quot;First Session&quot;/&gt;
                              &lt;input name=&quot;user&quot; type=&quot;hidden&quot; value=&quot;CFResultsUiT.helper1&quot;/&gt;
                              &lt;input name=&quot;frgroupbyteam&quot; type=&quot;hidden&quot; value=&quot;on&quot;/&gt;
                              &lt;input name=&quot;frsorttype&quot; type=&quot;hidden&quot; value=&quot;question&quot;/&gt;
                              &lt;input id=&quot;showStats-3&quot; name=&quot;frshowstats&quot; type=&quot;hidden&quot; value=&quot;on&quot;/&gt;
                              &lt;input name=&quot;questionnum&quot; type=&quot;hidden&quot; value=&quot;3&quot;/&gt;
                           &lt;/form&gt;
            &lt;div class=&quot;display-icon pull-right&quot;&gt;
               &lt;span class=&quot;glyphicon glyphicon-chevron-up pull-right&quot;&gt;
               &lt;/span&gt;
            &lt;/div&gt;
            &lt;strong&gt;
               Question 3:
            &lt;/strong&gt;
            &lt;span class=&quot;text-preserve-space&quot;&gt;
               My comments on the class
            &lt;/span&gt;
         &lt;/div&gt;
         &lt;div class=&quot;panel-collapse collapse in&quot; id=&quot;panelBodyCollapse-3&quot;&gt;
            &lt;div class=&quot;panel-body padding-0&quot; id=&quot;questionBody-2&quot;&gt;
               &lt;div class=&quot;col-sm-12&quot;&gt;
                  &lt;i class=&quot;text-muted&quot;&gt;
                     There are no responses for this question.
                  &lt;/i&gt;
               &lt;/div&gt;
            &lt;/div&gt;
         &lt;/div&gt;
      &lt;/div&gt;
      &lt;div class=&quot;panel panel-info&quot;&gt;
         &lt;div class=&quot;panel-heading&quot; data-target=&quot;#panelBodyCollapse-4&quot; id=&quot;panelHeading-4&quot; style=&quot;cursor: pointer;&quot;&gt;
            &lt;form action=&quot;/page/instructorFeedbackResultsPage&quot; class=&quot;seeMoreForm-4&quot; id=&quot;seeMore-4&quot; style=&quot;display:none;&quot;&gt;
               &lt;input name=&quot;courseid&quot; type=&quot;hidden&quot; value=&quot;CFResultsUiT.CS2104&quot;/&gt;
                              &lt;input name=&quot;fsname&quot; type=&quot;hidden&quot; value=&quot;First Session&quot;/&gt;
                              &lt;input name=&quot;user&quot; type=&quot;hidden&quot; value=&quot;CFResultsUiT.helper1&quot;/&gt;
                              &lt;input name=&quot;frgroupbyteam&quot; type=&quot;hidden&quot; value=&quot;on&quot;/&gt;
                              &lt;input name=&quot;frsorttype&quot; type=&quot;hidden&quot; value=&quot;question&quot;/&gt;
                              &lt;input id=&quot;showStats-4&quot; name=&quot;frshowstats&quot; type=&quot;hidden&quot; value=&quot;on&quot;/&gt;
                              &lt;input name=&quot;questionnum&quot; type=&quot;hidden&quot; value=&quot;4&quot;/&gt;
                           &lt;/form&gt;
            &lt;div class=&quot;display-icon pull-right&quot;&gt;
               &lt;span class=&quot;glyphicon glyphicon-chevron-up pull-right&quot;&gt;
               &lt;/span&gt;
            &lt;/div&gt;
            &lt;strong&gt;
               Question 4:
            &lt;/strong&gt;
            &lt;span class=&quot;text-preserve-space&quot;&gt;
               Give feedback to 3 other teams.
            &lt;/span&gt;
         &lt;/div&gt;
         &lt;div class=&quot;panel-collapse collapse in&quot; id=&quot;panelBodyCollapse-4&quot;&gt;
            &lt;div class=&quot;panel-body padding-0&quot; id=&quot;questionBody-3&quot;&gt;
               &lt;div class=&quot;col-sm-12&quot;&gt;
                  &lt;i class=&quot;text-muted&quot;&gt;
                     There are no responses for this question.
                  &lt;/i&gt;
               &lt;/div&gt;
            &lt;/div&gt;
         &lt;/div&gt;
      &lt;/div&gt;
      &lt;div class=&quot;panel panel-info&quot;&gt;
         &lt;div class=&quot;panel-heading&quot; data-target=&quot;#panelBodyCollapse-5&quot; id=&quot;panelHeading-5&quot; style=&quot;cursor: pointer;&quot;&gt;
            &lt;form action=&quot;/page/instructorFeedbackResultsPage&quot; class=&quot;seeMoreForm-5&quot; id=&quot;seeMore-5&quot; style=&quot;display:none;&quot;&gt;
               &lt;input name=&quot;courseid&quot; type=&quot;hidden&quot; value=&quot;CFResultsUiT.CS2104&quot;/&gt;
                              &lt;input name=&quot;fsname&quot; type=&quot;hidden&quot; value=&quot;First Session&quot;/&gt;
                              &lt;input name=&quot;user&quot; type=&quot;hidden&quot; value=&quot;CFResultsUiT.helper1&quot;/&gt;
                              &lt;input name=&quot;frgroupbyteam&quot; type=&quot;hidden&quot; value=&quot;on&quot;/&gt;
                              &lt;input name=&quot;frsorttype&quot; type=&quot;hidden&quot; value=&quot;question&quot;/&gt;
                              &lt;input id=&quot;showStats-5&quot; name=&quot;frshowstats&quot; type=&quot;hidden&quot; value=&quot;on&quot;/&gt;
                              &lt;input name=&quot;questionnum&quot; type=&quot;hidden&quot; value=&quot;5&quot;/&gt;
                           &lt;/form&gt;
            &lt;div class=&quot;display-icon pull-right&quot;&gt;
               &lt;span class=&quot;glyphicon glyphicon-chevron-up pull-right&quot;&gt;
               &lt;/span&gt;
            &lt;/div&gt;
            &lt;strong&gt;
               Question 5:
            &lt;/strong&gt;
            &lt;span class=&quot;text-preserve-space&quot;&gt;
               Give feedback to your team mates
            &lt;/span&gt;
         &lt;/div&gt;
         &lt;div class=&quot;panel-collapse collapse in&quot; id=&quot;panelBodyCollapse-5&quot;&gt;
            &lt;div class=&quot;panel-body padding-0&quot; id=&quot;questionBody-4&quot;&gt;
               &lt;div class=&quot;col-sm-12&quot;&gt;
                  &lt;i class=&quot;text-muted&quot;&gt;
                     There are no responses for this question.
                  &lt;/i&gt;
               &lt;/div&gt;
            &lt;/div&gt;
         &lt;/div&gt;
      &lt;/div&gt;
      &lt;div class=&quot;panel panel-info&quot;&gt;
         &lt;div class=&quot;panel-heading&quot; data-target=&quot;#panelBodyCollapse-6&quot; id=&quot;panelHeading-6&quot; style=&quot;cursor: pointer;&quot;&gt;
            &lt;form action=&quot;/page/instructorFeedbackResultsPage&quot; class=&quot;seeMoreForm-6&quot; id=&quot;seeMore-6&quot; style=&quot;display:none;&quot;&gt;
               &lt;input name=&quot;courseid&quot; type=&quot;hidden&quot; value=&quot;CFResultsUiT.CS2104&quot;/&gt;
                              &lt;input name=&quot;fsname&quot; type=&quot;hidden&quot; value=&quot;First Session&quot;/&gt;
                              &lt;input name=&quot;user&quot; type=&quot;hidden&quot; value=&quot;CFResultsUiT.helper1&quot;/&gt;
                              &lt;input name=&quot;frgroupbyteam&quot; type=&quot;hidden&quot; value=&quot;on&quot;/&gt;
                              &lt;input name=&quot;frsorttype&quot; type=&quot;hidden&quot; value=&quot;question&quot;/&gt;
                              &lt;input id=&quot;showStats-6&quot; name=&quot;frshowstats&quot; type=&quot;hidden&quot; value=&quot;on&quot;/&gt;
                              &lt;input name=&quot;questionnum&quot; type=&quot;hidden&quot; value=&quot;6&quot;/&gt;
                           &lt;/form&gt;
            &lt;div class=&quot;display-icon pull-right&quot;&gt;
               &lt;span class=&quot;glyphicon glyphicon-chevron-up pull-right&quot;&gt;
               &lt;/span&gt;
            &lt;/div&gt;
            &lt;strong&gt;
               Question 6:
            &lt;/strong&gt;
            &lt;span class=&quot;text-preserve-space&quot;&gt;
               This question should be hidden.
            &lt;/span&gt;
         &lt;/div&gt;
         &lt;div class=&quot;panel-collapse collapse in&quot; id=&quot;panelBodyCollapse-6&quot;&gt;
            &lt;div class=&quot;panel-body padding-0&quot; id=&quot;questionBody-5&quot;&gt;
               &lt;div class=&quot;col-sm-12&quot;&gt;
                  &lt;i class=&quot;text-muted&quot;&gt;
                     There are no responses for this question.
                  &lt;/i&gt;
               &lt;/div&gt;
            &lt;/div&gt;
         &lt;/div&gt;
      &lt;/div&gt;
      &lt;div class=&quot;panel panel-info&quot;&gt;
         &lt;div class=&quot;panel-heading&quot; data-target=&quot;#panelBodyCollapse-7&quot; id=&quot;panelHeading-7&quot; style=&quot;cursor: pointer;&quot;&gt;
            &lt;form action=&quot;/page/instructorFeedbackResultsPage&quot; class=&quot;seeMoreForm-7&quot; id=&quot;seeMore-7&quot; style=&quot;display:none;&quot;&gt;
               &lt;input name=&quot;courseid&quot; type=&quot;hidden&quot; value=&quot;CFResultsUiT.CS2104&quot;/&gt;
                              &lt;input name=&quot;fsname&quot; type=&quot;hidden&quot; value=&quot;First Session&quot;/&gt;
                              &lt;input name=&quot;user&quot; type=&quot;hidden&quot; value=&quot;CFResultsUiT.helper1&quot;/&gt;
                              &lt;input name=&quot;frgroupbyteam&quot; type=&quot;hidden&quot; value=&quot;on&quot;/&gt;
                              &lt;input name=&quot;frsorttype&quot; type=&quot;hidden&quot; value=&quot;question&quot;/&gt;
                              &lt;input id=&quot;showStats-7&quot; name=&quot;frshowstats&quot; type=&quot;hidden&quot; value=&quot;on&quot;/&gt;
                              &lt;input name=&quot;questionnum&quot; type=&quot;hidden&quot; value=&quot;7&quot;/&gt;
                           &lt;/form&gt;
            &lt;div class=&quot;display-icon pull-right&quot;&gt;
               &lt;span class=&quot;glyphicon glyphicon-chevron-up pull-right&quot;&gt;
               &lt;/span&gt;
            &lt;/div&gt;
            &lt;strong&gt;
               Question 7:
            &lt;/strong&gt;
            &lt;span class=&quot;text-preserve-space&quot;&gt;
               What is your extra feature? 
               &lt;span style=&quot; white-space: normal;&quot;&gt;
                  &lt;a class=&quot;color_gray&quot; data-less=&quot;[less]&quot; data-more=&quot;[more]&quot; href=&quot;javascript:;&quot; id=&quot;questionAdditionalInfoButton-7-&quot; onclick=&quot;toggleAdditionalQuestionInfo(&#039;7-&#039;)&quot;&gt;
                     [more]
                  &lt;/a&gt;
                  &lt;br/&gt;
                                    &lt;span id=&quot;questionAdditionalInfo-7-&quot; style=&quot;display:none;&quot;&gt;
                     Multiple-choice (single answer) question options:
                     &lt;ul style=&quot;list-style-type: disc;margin-left: 20px;&quot;&gt;
                        &lt;li&gt;
                           FlexiCommand
                        &lt;/li&gt;
                        &lt;li&gt;
                           PowerSearch
                        &lt;/li&gt;
                        &lt;li&gt;
                           GoodUI
                        &lt;/li&gt;
                        &lt;li&gt;
                           Google Integration
                        &lt;/li&gt;
                     &lt;/ul&gt;
                  &lt;/span&gt;
               &lt;/span&gt;
            &lt;/span&gt;
         &lt;/div&gt;
         &lt;div class=&quot;panel-collapse collapse in&quot; id=&quot;panelBodyCollapse-7&quot;&gt;
            &lt;div class=&quot;panel-body padding-0&quot; id=&quot;questionBody-6&quot;&gt;
               &lt;div class=&quot;col-sm-12&quot;&gt;
                  &lt;i class=&quot;text-muted&quot;&gt;
                     There are no responses for this question.
                  &lt;/i&gt;
               &lt;/div&gt;
            &lt;/div&gt;
         &lt;/div&gt;
      &lt;/div&gt;
      &lt;div class=&quot;panel panel-info&quot;&gt;
         &lt;div class=&quot;panel-heading&quot; data-target=&quot;#panelBodyCollapse-8&quot; id=&quot;panelHeading-8&quot; style=&quot;cursor: pointer;&quot;&gt;
            &lt;form action=&quot;/page/instructorFeedbackResultsPage&quot; class=&quot;seeMoreForm-8&quot; id=&quot;seeMore-8&quot; style=&quot;display:none;&quot;&gt;
               &lt;input name=&quot;courseid&quot; type=&quot;hidden&quot; value=&quot;CFResultsUiT.CS2104&quot;/&gt;
                              &lt;input name=&quot;fsname&quot; type=&quot;hidden&quot; value=&quot;First Session&quot;/&gt;
                              &lt;input name=&quot;user&quot; type=&quot;hidden&quot; value=&quot;CFResultsUiT.helper1&quot;/&gt;
                              &lt;input name=&quot;frgroupbyteam&quot; type=&quot;hidden&quot; value=&quot;on&quot;/&gt;
                              &lt;input name=&quot;frsorttype&quot; type=&quot;hidden&quot; value=&quot;question&quot;/&gt;
                              &lt;input id=&quot;showStats-8&quot; name=&quot;frshowstats&quot; type=&quot;hidden&quot; value=&quot;on&quot;/&gt;
                              &lt;input name=&quot;questionnum&quot; type=&quot;hidden&quot; value=&quot;8&quot;/&gt;
                           &lt;/form&gt;
            &lt;div class=&quot;display-icon pull-right&quot;&gt;
               &lt;span class=&quot;glyphicon glyphicon-chevron-up pull-right&quot;&gt;
               &lt;/span&gt;
            &lt;/div&gt;
            &lt;strong&gt;
               Question 8:
            &lt;/strong&gt;
            &lt;span class=&quot;text-preserve-space&quot;&gt;
               What is your extra feature? 
               &lt;span style=&quot; white-space: normal;&quot;&gt;
                  &lt;a class=&quot;color_gray&quot; data-less=&quot;[less]&quot; data-more=&quot;[more]&quot; href=&quot;javascript:;&quot; id=&quot;questionAdditionalInfoButton-8-&quot; onclick=&quot;toggleAdditionalQuestionInfo(&#039;8-&#039;)&quot;&gt;
                     [more]
                  &lt;/a&gt;
                  &lt;br/&gt;
                                    &lt;span id=&quot;questionAdditionalInfo-8-&quot; style=&quot;display:none;&quot;&gt;
                     Multiple-choice (multiple answers) question options:
                     &lt;ul style=&quot;list-style-type: disc;margin-left: 20px;&quot;&gt;
                        &lt;li&gt;
                           FlexiCommand
                        &lt;/li&gt;
                        &lt;li&gt;
                           PowerSearch
                        &lt;/li&gt;
                        &lt;li&gt;
                           GoodUI
                        &lt;/li&gt;
                        &lt;li&gt;
                           Google Integration
                        &lt;/li&gt;
                     &lt;/ul&gt;
                  &lt;/span&gt;
               &lt;/span&gt;
            &lt;/span&gt;
         &lt;/div&gt;
         &lt;div class=&quot;panel-collapse collapse in&quot; id=&quot;panelBodyCollapse-8&quot;&gt;
            &lt;div class=&quot;panel-body padding-0&quot; id=&quot;questionBody-7&quot;&gt;
               &lt;div class=&quot;col-sm-12&quot;&gt;
                  &lt;i class=&quot;text-muted&quot;&gt;
                     There are no responses for this question.
                  &lt;/i&gt;
               &lt;/div&gt;
            &lt;/div&gt;
         &lt;/div&gt;
      &lt;/div&gt;
      &lt;div class=&quot;panel panel-info&quot;&gt;
         &lt;div class=&quot;panel-heading&quot; data-target=&quot;#panelBodyCollapse-9&quot; id=&quot;panelHeading-9&quot; style=&quot;cursor: pointer;&quot;&gt;
            &lt;form action=&quot;/page/instructorFeedbackResultsPage&quot; class=&quot;seeMoreForm-9&quot; id=&quot;seeMore-9&quot; style=&quot;display:none;&quot;&gt;
               &lt;input name=&quot;courseid&quot; type=&quot;hidden&quot; value=&quot;CFResultsUiT.CS2104&quot;/&gt;
                              &lt;input name=&quot;fsname&quot; type=&quot;hidden&quot; value=&quot;First Session&quot;/&gt;
                              &lt;input name=&quot;user&quot; type=&quot;hidden&quot; value=&quot;CFResultsUiT.helper1&quot;/&gt;
                              &lt;input name=&quot;frgroupbyteam&quot; type=&quot;hidden&quot; value=&quot;on&quot;/&gt;
                              &lt;input name=&quot;frsorttype&quot; type=&quot;hidden&quot; value=&quot;question&quot;/&gt;
                              &lt;input id=&quot;showStats-9&quot; name=&quot;frshowstats&quot; type=&quot;hidden&quot; value=&quot;on&quot;/&gt;
                              &lt;input name=&quot;questionnum&quot; type=&quot;hidden&quot; value=&quot;9&quot;/&gt;
                           &lt;/form&gt;
            &lt;div class=&quot;display-icon pull-right&quot;&gt;
               &lt;span class=&quot;glyphicon glyphicon-chevron-up pull-right&quot;&gt;
               &lt;/span&gt;
            &lt;/div&gt;
            &lt;strong&gt;
               Question 9:
            &lt;/strong&gt;
            &lt;span class=&quot;text-preserve-space&quot;&gt;
               Who do you think is the most hardworking student? 
               &lt;span style=&quot; white-space: normal;&quot;&gt;
                  &lt;a class=&quot;color_gray&quot; data-less=&quot;[less]&quot; data-more=&quot;[more]&quot; href=&quot;javascript:;&quot; id=&quot;questionAdditionalInfoButton-9-&quot; onclick=&quot;toggleAdditionalQuestionInfo(&#039;9-&#039;)&quot;&gt;
                     [more]
                  &lt;/a&gt;
                  &lt;br/&gt;
                                    &lt;span id=&quot;questionAdditionalInfo-9-&quot; style=&quot;display:none;&quot;&gt;
                     Multiple-choice (single answer) question options:
                     &lt;br/&gt;
                                          The options for this question is automatically generated from the list of all students in this course.
                  &lt;/span&gt;
               &lt;/span&gt;
            &lt;/span&gt;
         &lt;/div&gt;
         &lt;div class=&quot;panel-collapse collapse in&quot; id=&quot;panelBodyCollapse-9&quot;&gt;
            &lt;div class=&quot;panel-body padding-0&quot; id=&quot;questionBody-8&quot;&gt;
               &lt;div class=&quot;col-sm-12&quot;&gt;
                  &lt;i class=&quot;text-muted&quot;&gt;
                     There are no responses for this question.
                  &lt;/i&gt;
               &lt;/div&gt;
            &lt;/div&gt;
         &lt;/div&gt;
      &lt;/div&gt;
      &lt;div class=&quot;panel panel-info&quot;&gt;
         &lt;div class=&quot;panel-heading&quot; data-target=&quot;#panelBodyCollapse-10&quot; id=&quot;panelHeading-10&quot; style=&quot;cursor: pointer;&quot;&gt;
            &lt;form action=&quot;/page/instructorFeedbackResultsPage&quot; class=&quot;seeMoreForm-10&quot; id=&quot;seeMore-10&quot; style=&quot;display:none;&quot;&gt;
               &lt;input name=&quot;courseid&quot; type=&quot;hidden&quot; value=&quot;CFResultsUiT.CS2104&quot;/&gt;
                              &lt;input name=&quot;fsname&quot; type=&quot;hidden&quot; value=&quot;First Session&quot;/&gt;
                              &lt;input name=&quot;user&quot; type=&quot;hidden&quot; value=&quot;CFResultsUiT.helper1&quot;/&gt;
                              &lt;input name=&quot;frgroupbyteam&quot; type=&quot;hidden&quot; value=&quot;on&quot;/&gt;
                              &lt;input name=&quot;frsorttype&quot; type=&quot;hidden&quot; value=&quot;question&quot;/&gt;
                              &lt;input id=&quot;showStats-10&quot; name=&quot;frshowstats&quot; type=&quot;hidden&quot; value=&quot;on&quot;/&gt;
                              &lt;input name=&quot;questionnum&quot; type=&quot;hidden&quot; value=&quot;10&quot;/&gt;
                           &lt;/form&gt;
            &lt;div class=&quot;display-icon pull-right&quot;&gt;
               &lt;span class=&quot;glyphicon glyphicon-chevron-up pull-right&quot;&gt;
               &lt;/span&gt;
            &lt;/div&gt;
            &lt;strong&gt;
               Question 10:
            &lt;/strong&gt;
            &lt;span class=&quot;text-preserve-space&quot;&gt;
               Which team do you think has the best feature? 
               &lt;span style=&quot; white-space: normal;&quot;&gt;
                  &lt;a class=&quot;color_gray&quot; data-less=&quot;[less]&quot; data-more=&quot;[more]&quot; href=&quot;javascript:;&quot; id=&quot;questionAdditionalInfoButton-10-&quot; onclick=&quot;toggleAdditionalQuestionInfo(&#039;10-&#039;)&quot;&gt;
                     [more]
                  &lt;/a&gt;
                  &lt;br/&gt;
                                    &lt;span id=&quot;questionAdditionalInfo-10-&quot; style=&quot;display:none;&quot;&gt;
                     Multiple-choice (single answer) question options:
                     &lt;br/&gt;
                                          The options for this question is automatically generated from the list of all teams in this course.
                  &lt;/span&gt;
               &lt;/span&gt;
            &lt;/span&gt;
         &lt;/div&gt;
         &lt;div class=&quot;panel-collapse collapse in&quot; id=&quot;panelBodyCollapse-10&quot;&gt;
            &lt;div class=&quot;panel-body padding-0&quot; id=&quot;questionBody-9&quot;&gt;
               &lt;div class=&quot;col-sm-12&quot;&gt;
                  &lt;i class=&quot;text-muted&quot;&gt;
                     There are no responses for this question.
                  &lt;/i&gt;
               &lt;/div&gt;
            &lt;/div&gt;
         &lt;/div&gt;
      &lt;/div&gt;
      &lt;div class=&quot;panel panel-info&quot;&gt;
         &lt;div class=&quot;panel-heading&quot; data-target=&quot;#panelBodyCollapse-11&quot; id=&quot;panelHeading-11&quot; style=&quot;cursor: pointer;&quot;&gt;
            &lt;form action=&quot;/page/instructorFeedbackResultsPage&quot; class=&quot;seeMoreForm-11&quot; id=&quot;seeMore-11&quot; style=&quot;display:none;&quot;&gt;
               &lt;input name=&quot;courseid&quot; type=&quot;hidden&quot; value=&quot;CFResultsUiT.CS2104&quot;/&gt;
                              &lt;input name=&quot;fsname&quot; type=&quot;hidden&quot; value=&quot;First Session&quot;/&gt;
                              &lt;input name=&quot;user&quot; type=&quot;hidden&quot; value=&quot;CFResultsUiT.helper1&quot;/&gt;
                              &lt;input name=&quot;frgroupbyteam&quot; type=&quot;hidden&quot; value=&quot;on&quot;/&gt;
                              &lt;input name=&quot;frsorttype&quot; type=&quot;hidden&quot; value=&quot;question&quot;/&gt;
                              &lt;input id=&quot;showStats-11&quot; name=&quot;frshowstats&quot; type=&quot;hidden&quot; value=&quot;on&quot;/&gt;
                              &lt;input name=&quot;questionnum&quot; type=&quot;hidden&quot; value=&quot;11&quot;/&gt;
                           &lt;/form&gt;
            &lt;div class=&quot;display-icon pull-right&quot;&gt;
               &lt;span class=&quot;glyphicon glyphicon-chevron-up pull-right&quot;&gt;
               &lt;/span&gt;
            &lt;/div&gt;
            &lt;strong&gt;
               Question 11:
            &lt;/strong&gt;
            &lt;span class=&quot;text-preserve-space&quot;&gt;
               Who are your teammates? 
               &lt;span style=&quot; white-space: normal;&quot;&gt;
                  &lt;a class=&quot;color_gray&quot; data-less=&quot;[less]&quot; data-more=&quot;[more]&quot; href=&quot;javascript:;&quot; id=&quot;questionAdditionalInfoButton-11-&quot; onclick=&quot;toggleAdditionalQuestionInfo(&#039;11-&#039;)&quot;&gt;
                     [more]
                  &lt;/a&gt;
                  &lt;br/&gt;
                                    &lt;span id=&quot;questionAdditionalInfo-11-&quot; style=&quot;display:none;&quot;&gt;
                     Multiple-choice (multiple answers) question options:
                     &lt;br/&gt;
                                          The options for this question is automatically generated from the list of all students in this course.
                  &lt;/span&gt;
               &lt;/span&gt;
            &lt;/span&gt;
         &lt;/div&gt;
         &lt;div class=&quot;panel-collapse collapse in&quot; id=&quot;panelBodyCollapse-11&quot;&gt;
            &lt;div class=&quot;panel-body padding-0&quot; id=&quot;questionBody-10&quot;&gt;
               &lt;div class=&quot;col-sm-12&quot;&gt;
                  &lt;i class=&quot;text-muted&quot;&gt;
                     There are no responses for this question.
                  &lt;/i&gt;
               &lt;/div&gt;
            &lt;/div&gt;
         &lt;/div&gt;
      &lt;/div&gt;
      &lt;div class=&quot;panel panel-info&quot;&gt;
         &lt;div class=&quot;panel-heading&quot; data-target=&quot;#panelBodyCollapse-12&quot; id=&quot;panelHeading-12&quot; style=&quot;cursor: pointer;&quot;&gt;
            &lt;form action=&quot;/page/instructorFeedbackResultsPage&quot; class=&quot;seeMoreForm-12&quot; id=&quot;seeMore-12&quot; style=&quot;display:none;&quot;&gt;
               &lt;input name=&quot;courseid&quot; type=&quot;hidden&quot; value=&quot;CFResultsUiT.CS2104&quot;/&gt;
                              &lt;input name=&quot;fsname&quot; type=&quot;hidden&quot; value=&quot;First Session&quot;/&gt;
                              &lt;input name=&quot;user&quot; type=&quot;hidden&quot; value=&quot;CFResultsUiT.helper1&quot;/&gt;
                              &lt;input name=&quot;frgroupbyteam&quot; type=&quot;hidden&quot; value=&quot;on&quot;/&gt;
                              &lt;input name=&quot;frsorttype&quot; type=&quot;hidden&quot; value=&quot;question&quot;/&gt;
                              &lt;input id=&quot;showStats-12&quot; name=&quot;frshowstats&quot; type=&quot;hidden&quot; value=&quot;on&quot;/&gt;
                              &lt;input name=&quot;questionnum&quot; type=&quot;hidden&quot; value=&quot;12&quot;/&gt;
                           &lt;/form&gt;
            &lt;div class=&quot;display-icon pull-right&quot;&gt;
               &lt;span class=&quot;glyphicon glyphicon-chevron-up pull-right&quot;&gt;
               &lt;/span&gt;
            &lt;/div&gt;
            &lt;strong&gt;
               Question 12:
            &lt;/strong&gt;
            &lt;span class=&quot;text-preserve-space&quot;&gt;
               Which teams do you like? 
               &lt;span style=&quot; white-space: normal;&quot;&gt;
                  &lt;a class=&quot;color_gray&quot; data-less=&quot;[less]&quot; data-more=&quot;[more]&quot; href=&quot;javascript:;&quot; id=&quot;questionAdditionalInfoButton-12-&quot; onclick=&quot;toggleAdditionalQuestionInfo(&#039;12-&#039;)&quot;&gt;
                     [more]
                  &lt;/a&gt;
                  &lt;br/&gt;
                                    &lt;span id=&quot;questionAdditionalInfo-12-&quot; style=&quot;display:none;&quot;&gt;
                     Multiple-choice (multiple answers) question options:
                     &lt;br/&gt;
                                          The options for this question is automatically generated from the list of all teams in this course.
                  &lt;/span&gt;
               &lt;/span&gt;
            &lt;/span&gt;
         &lt;/div&gt;
         &lt;div class=&quot;panel-collapse collapse in&quot; id=&quot;panelBodyCollapse-12&quot;&gt;
            &lt;div class=&quot;panel-body padding-0&quot; id=&quot;questionBody-11&quot;&gt;
               &lt;div class=&quot;col-sm-12&quot;&gt;
                  &lt;i class=&quot;text-muted&quot;&gt;
                     There are no responses for this question.
                  &lt;/i&gt;
               &lt;/div&gt;
            &lt;/div&gt;
         &lt;/div&gt;
      &lt;/div&gt;
      &lt;div class=&quot;panel panel-info&quot;&gt;
         &lt;div class=&quot;panel-heading&quot; data-target=&quot;#panelBodyCollapse-13&quot; id=&quot;panelHeading-13&quot; style=&quot;cursor: pointer;&quot;&gt;
            &lt;form action=&quot;/page/instructorFeedbackResultsPage&quot; class=&quot;seeMoreForm-13&quot; id=&quot;seeMore-13&quot; style=&quot;display:none;&quot;&gt;
               &lt;input name=&quot;courseid&quot; type=&quot;hidden&quot; value=&quot;CFResultsUiT.CS2104&quot;/&gt;
                              &lt;input name=&quot;fsname&quot; type=&quot;hidden&quot; value=&quot;First Session&quot;/&gt;
                              &lt;input name=&quot;user&quot; type=&quot;hidden&quot; value=&quot;CFResultsUiT.helper1&quot;/&gt;
                              &lt;input name=&quot;frgroupbyteam&quot; type=&quot;hidden&quot; value=&quot;on&quot;/&gt;
                              &lt;input name=&quot;frsorttype&quot; type=&quot;hidden&quot; value=&quot;question&quot;/&gt;
                              &lt;input id=&quot;showStats-13&quot; name=&quot;frshowstats&quot; type=&quot;hidden&quot; value=&quot;on&quot;/&gt;
                              &lt;input name=&quot;questionnum&quot; type=&quot;hidden&quot; value=&quot;13&quot;/&gt;
                           &lt;/form&gt;
            &lt;div class=&quot;display-icon pull-right&quot;&gt;
               &lt;span class=&quot;glyphicon glyphicon-chevron-up pull-right&quot;&gt;
               &lt;/span&gt;
            &lt;/div&gt;
            &lt;strong&gt;
               Question 13:
            &lt;/strong&gt;
            &lt;span class=&quot;text-preserve-space&quot;&gt;
               Rate our product. 
               &lt;span style=&quot; white-space: normal;&quot;&gt;
                  &lt;a class=&quot;color_gray&quot; data-less=&quot;[less]&quot; data-more=&quot;[more]&quot; href=&quot;javascript:;&quot; id=&quot;questionAdditionalInfoButton-13-&quot; onclick=&quot;toggleAdditionalQuestionInfo(&#039;13-&#039;)&quot;&gt;
                     [more]
                  &lt;/a&gt;
                  &lt;br/&gt;
                                    &lt;span id=&quot;questionAdditionalInfo-13-&quot; style=&quot;display:none;&quot;&gt;
                     Numerical-scale question:
                     &lt;br/&gt;
                                          Minimum value: 1. Increment: 0.5. Maximum value: 5.
                  &lt;/span&gt;
               &lt;/span&gt;
            &lt;/span&gt;
         &lt;/div&gt;
         &lt;div class=&quot;panel-collapse collapse in&quot; id=&quot;panelBodyCollapse-13&quot;&gt;
            &lt;div class=&quot;panel-body padding-0&quot; id=&quot;questionBody-12&quot;&gt;
               &lt;div class=&quot;col-sm-12&quot;&gt;
                  &lt;i class=&quot;text-muted&quot;&gt;
                     There are no responses for this question.
                  &lt;/i&gt;
               &lt;/div&gt;
            &lt;/div&gt;
         &lt;/div&gt;
      &lt;/div&gt;
      &lt;div class=&quot;panel panel-info&quot;&gt;
         &lt;div class=&quot;panel-heading&quot; data-target=&quot;#panelBodyCollapse-14&quot; id=&quot;panelHeading-14&quot; style=&quot;cursor: pointer;&quot;&gt;
            &lt;form action=&quot;/page/instructorFeedbackResultsPage&quot; class=&quot;seeMoreForm-14&quot; id=&quot;seeMore-14&quot; style=&quot;display:none;&quot;&gt;
               &lt;input name=&quot;courseid&quot; type=&quot;hidden&quot; value=&quot;CFResultsUiT.CS2104&quot;/&gt;
                              &lt;input name=&quot;fsname&quot; type=&quot;hidden&quot; value=&quot;First Session&quot;/&gt;
                              &lt;input name=&quot;user&quot; type=&quot;hidden&quot; value=&quot;CFResultsUiT.helper1&quot;/&gt;
                              &lt;input name=&quot;frgroupbyteam&quot; type=&quot;hidden&quot; value=&quot;on&quot;/&gt;
                              &lt;input name=&quot;frsorttype&quot; type=&quot;hidden&quot; value=&quot;question&quot;/&gt;
                              &lt;input id=&quot;showStats-14&quot; name=&quot;frshowstats&quot; type=&quot;hidden&quot; value=&quot;on&quot;/&gt;
                              &lt;input name=&quot;questionnum&quot; type=&quot;hidden&quot; value=&quot;14&quot;/&gt;
                           &lt;/form&gt;
            &lt;div class=&quot;display-icon pull-right&quot;&gt;
               &lt;span class=&quot;glyphicon glyphicon-chevron-up pull-right&quot;&gt;
               &lt;/span&gt;
            &lt;/div&gt;
            &lt;strong&gt;
               Question 14:
            &lt;/strong&gt;
            &lt;span class=&quot;text-preserve-space&quot;&gt;
               How important are the following factors to you? Give points accordingly. 
               &lt;span style=&quot; white-space: normal;&quot;&gt;
                  &lt;a class=&quot;color_gray&quot; data-less=&quot;[less]&quot; data-more=&quot;[more]&quot; href=&quot;javascript:;&quot; id=&quot;questionAdditionalInfoButton-14-&quot; onclick=&quot;toggleAdditionalQuestionInfo(&#039;14-&#039;)&quot;&gt;
                     [more]
                  &lt;/a&gt;
                  &lt;br/&gt;
                                    &lt;span id=&quot;questionAdditionalInfo-14-&quot; style=&quot;display:none;&quot;&gt;
                     Distribute points (among options) question options:
                     &lt;ul style=&quot;list-style-type: disc;margin-left: 20px;&quot;&gt;
                        &lt;li&gt;
                           Grades
                        &lt;/li&gt;
                        &lt;li&gt;
                           Fun
                        &lt;/li&gt;
                     &lt;/ul&gt;
                     Total points: 100
                  &lt;/span&gt;
               &lt;/span&gt;
            &lt;/span&gt;
         &lt;/div&gt;
         &lt;div class=&quot;panel-collapse collapse in&quot; id=&quot;panelBodyCollapse-14&quot;&gt;
            &lt;div class=&quot;panel-body padding-0&quot; id=&quot;questionBody-13&quot;&gt;
               &lt;div class=&quot;col-sm-12&quot;&gt;
                  &lt;i class=&quot;text-muted&quot;&gt;
                     There are no responses for this question.
                  &lt;/i&gt;
               &lt;/div&gt;
            &lt;/div&gt;
         &lt;/div&gt;
      &lt;/div&gt;
      &lt;div class=&quot;panel panel-info&quot;&gt;
         &lt;div class=&quot;panel-heading&quot; data-target=&quot;#panelBodyCollapse-15&quot; id=&quot;panelHeading-15&quot; style=&quot;cursor: pointer;&quot;&gt;
            &lt;form action=&quot;/page/instructorFeedbackResultsPage&quot; class=&quot;seeMoreForm-15&quot; id=&quot;seeMore-15&quot; style=&quot;display:none;&quot;&gt;
               &lt;input name=&quot;courseid&quot; type=&quot;hidden&quot; value=&quot;CFResultsUiT.CS2104&quot;/&gt;
                              &lt;input name=&quot;fsname&quot; type=&quot;hidden&quot; value=&quot;First Session&quot;/&gt;
                              &lt;input name=&quot;user&quot; type=&quot;hidden&quot; value=&quot;CFResultsUiT.helper1&quot;/&gt;
                              &lt;input name=&quot;frgroupbyteam&quot; type=&quot;hidden&quot; value=&quot;on&quot;/&gt;
                              &lt;input name=&quot;frsorttype&quot; type=&quot;hidden&quot; value=&quot;question&quot;/&gt;
                              &lt;input id=&quot;showStats-15&quot; name=&quot;frshowstats&quot; type=&quot;hidden&quot; value=&quot;on&quot;/&gt;
                              &lt;input name=&quot;questionnum&quot; type=&quot;hidden&quot; value=&quot;15&quot;/&gt;
                           &lt;/form&gt;
            &lt;div class=&quot;display-icon pull-right&quot;&gt;
               &lt;span class=&quot;glyphicon glyphicon-chevron-up pull-right&quot;&gt;
               &lt;/span&gt;
            &lt;/div&gt;
            &lt;strong&gt;
               Question 15:
            &lt;/strong&gt;
            &lt;span class=&quot;text-preserve-space&quot;&gt;
               Split points among the your team members and yourself, according to how much you think each member has contributed. 
               &lt;span style=&quot; white-space: normal;&quot;&gt;
                  &lt;a class=&quot;color_gray&quot; data-less=&quot;[less]&quot; data-more=&quot;[more]&quot; href=&quot;javascript:;&quot; id=&quot;questionAdditionalInfoButton-15-&quot; onclick=&quot;toggleAdditionalQuestionInfo(&#039;15-&#039;)&quot;&gt;
                     [more]
                  &lt;/a&gt;
                  &lt;br/&gt;
                                    &lt;span id=&quot;questionAdditionalInfo-15-&quot; style=&quot;display:none;&quot;&gt;
                     Distribute points (among recipients) question
                     &lt;br/&gt;
                                          Points per recipient: 100
                  &lt;/span&gt;
               &lt;/span&gt;
            &lt;/span&gt;
         &lt;/div&gt;
         &lt;div class=&quot;panel-collapse collapse in&quot; id=&quot;panelBodyCollapse-15&quot;&gt;
            &lt;div class=&quot;panel-body padding-0&quot; id=&quot;questionBody-14&quot;&gt;
               &lt;div class=&quot;col-sm-12&quot;&gt;
                  &lt;i class=&quot;text-muted&quot;&gt;
                     There are no responses for this question.
                  &lt;/i&gt;
               &lt;/div&gt;
            &lt;/div&gt;
         &lt;/div&gt;
      &lt;/div&gt;
      &lt;div class=&quot;panel panel-info&quot;&gt;
         &lt;div class=&quot;panel-heading&quot; data-target=&quot;#panelBodyCollapse-16&quot; id=&quot;panelHeading-16&quot; style=&quot;cursor: pointer;&quot;&gt;
            &lt;form action=&quot;/page/instructorFeedbackResultsPage&quot; class=&quot;seeMoreForm-16&quot; id=&quot;seeMore-16&quot; style=&quot;display:none;&quot;&gt;
               &lt;input name=&quot;courseid&quot; type=&quot;hidden&quot; value=&quot;CFResultsUiT.CS2104&quot;/&gt;
                              &lt;input name=&quot;fsname&quot; type=&quot;hidden&quot; value=&quot;First Session&quot;/&gt;
                              &lt;input name=&quot;user&quot; type=&quot;hidden&quot; value=&quot;CFResultsUiT.helper1&quot;/&gt;
                              &lt;input name=&quot;frgroupbyteam&quot; type=&quot;hidden&quot; value=&quot;on&quot;/&gt;
                              &lt;input name=&quot;frsorttype&quot; type=&quot;hidden&quot; value=&quot;question&quot;/&gt;
                              &lt;input id=&quot;showStats-16&quot; name=&quot;frshowstats&quot; type=&quot;hidden&quot; value=&quot;on&quot;/&gt;
                              &lt;input name=&quot;questionnum&quot; type=&quot;hidden&quot; value=&quot;16&quot;/&gt;
                           &lt;/form&gt;
            &lt;div class=&quot;display-icon pull-right&quot;&gt;
               &lt;span class=&quot;glyphicon glyphicon-chevron-up pull-right&quot;&gt;
               &lt;/span&gt;
            &lt;/div&gt;
            &lt;strong&gt;
               Question 16:
            &lt;/strong&gt;
            &lt;span class=&quot;text-preserve-space&quot;&gt;
               Rate the contribution of yourself and your team members towards the latest project. 
               &lt;span style=&quot; white-space: normal;&quot;&gt;
                  &lt;a class=&quot;color_gray&quot; data-less=&quot;[less]&quot; data-more=&quot;[more]&quot; href=&quot;javascript:;&quot; id=&quot;questionAdditionalInfoButton-16-&quot; onclick=&quot;toggleAdditionalQuestionInfo(&#039;16-&#039;)&quot;&gt;
                     [more]
                  &lt;/a&gt;
                  &lt;br/&gt;
                                    &lt;span id=&quot;questionAdditionalInfo-16-&quot; style=&quot;display:none;&quot;&gt;
                     Team contribution question
                  &lt;/span&gt;
               &lt;/span&gt;
            &lt;/span&gt;
         &lt;/div&gt;
         &lt;div class=&quot;panel-collapse collapse in&quot; id=&quot;panelBodyCollapse-16&quot;&gt;
            &lt;div class=&quot;panel-body padding-0&quot; id=&quot;questionBody-15&quot;&gt;
               &lt;div class=&quot;col-sm-12&quot;&gt;
                  &lt;i class=&quot;text-muted&quot;&gt;
                     There are no responses for this question.
                  &lt;/i&gt;
               &lt;/div&gt;
            &lt;/div&gt;
         &lt;/div&gt;
      &lt;/div&gt;
      &lt;div class=&quot;panel panel-warning&quot;&gt;
         &lt;div class=&quot;panel-heading&quot; data-target=&quot;#panelBodyCollapse-17&quot; id=&quot;panelHeading-17&quot; style=&quot;cursor: pointer;&quot;&gt;
            &lt;form action=&quot;/page/instructorFeedbackResultsAjaxResponseRate&quot; class=&quot;responseRateForm&quot; id=&quot;responseRate&quot; style=&quot;display:none;&quot;&gt;
               &lt;input name=&quot;courseid&quot; type=&quot;hidden&quot; value=&quot;CFResultsUiT.CS2104&quot;/&gt;
                              &lt;input name=&quot;fsname&quot; type=&quot;hidden&quot; value=&quot;First Session&quot;/&gt;
                              &lt;input name=&quot;user&quot; type=&quot;hidden&quot; value=&quot;CFResultsUiT.helper1&quot;/&gt;
                           &lt;/form&gt;
            &lt;div class=&quot;display-icon pull-right&quot;&gt;
               &lt;span class=&quot;glyphicon glyphicon-chevron-up pull-right&quot;&gt;
               &lt;/span&gt;
            &lt;/div&gt;
            Participants who have not responded to any question
         &lt;/div&gt;
         &lt;div class=&quot;panel-collapse collapse in&quot; id=&quot;panelBodyCollapse-17&quot;&gt;
            &lt;div class=&quot;panel-body padding-0&quot;&gt;
               &lt;table class=&quot;table table-striped table-bordered margin-0&quot;&gt;
                  &lt;tbody&gt;
                     &lt;tr&gt;
                        &lt;td&gt;
                           Danny Engrid
                        &lt;/td&gt;
                     &lt;/tr&gt;
                     &lt;tr&gt;
                        &lt;td&gt;
                           Emily
                        &lt;/td&gt;
                     &lt;/tr&gt;
                     &lt;tr&gt;
                        &lt;td&gt;
                           Extra guy
                        &lt;/td&gt;
                     &lt;/tr&gt;
                     &lt;tr&gt;
                        &lt;td&gt;
                           Teammates Helper1
                        &lt;/td&gt;
                     &lt;/tr&gt;
                     &lt;tr&gt;
                        &lt;td&gt;
                           Teammates Helper2
                        &lt;/td&gt;
                     &lt;/tr&gt;
                  &lt;/tbody&gt;
               &lt;/table&gt;
            &lt;/div&gt;
         &lt;/div&gt;
      &lt;/div&gt;
   &lt;/div&gt;

&lt;/actual]&gt;&gt;">
      <![CDATA[org.junit.ComparisonFailure: expected:<<[expected>
   <div class="container" id="frameBodyWrapper">
      <div id="topOfPage">
      </div>
      <div id="headerOperation">
         <h1>
            Session Results
         </h1>
      </div>
      <div class="well well-plain padding-0">
         <form action="/page/instructorFeedbackResultsDownload" class="form-horizontal" method="post" role="form">
            <div class="panel-heading">
               <div class="row">
                  <div class="col-sm-4">
                     <div class="form-group">
                        <label class="col-sm-2 control-label">
                           Course:
                        </label>
                        <div class="col-sm-10">
                           <p class="form-control-static">
                              CFResultsUiT.CS2104
                           </p>
                        </div>
                     </div>
                     <div class="form-group">
                        <label class="col-sm-2 control-label">
                           Session:
                        </label>
                        <div class="col-sm-10">
                           <p class="form-control-static">
                              First Session
                           </p>
                        </div>
                     </div>
                  </div>
                  <div class="col-sm-6">
                     <div class="form-group">
                        <label class="col-sm-4 control-label">
                           Session duration:
                        </label>
                        <div class="col-sm-8">
                           <p class="form-control-static">
                              01 Apr 2012, 23:59   
                              <b>
                                 to
                              </b>
                                 30 Apr 2016, 23:59
                           </p>
                        </div>
                     </div>
                     <div class="form-group">
                        <label class="col-sm-4 control-label">
                           Results visible from:
                        </label>
                        <div class="col-sm-8">
                           <p class="form-control-static">
                              01 May 2012, 23:59
                           </p>
                        </div>
                     </div>
                  </div>
                  <div class="col-sm-2">
                     <div id="feedbackDataButtons">
                        <input class="btn btn-primary pull-right" id="button_download" name="fruploaddownloadbtn" type="submit" value="Download results"/>
                                             </div>
                     <input name="user" type="hidden" value="CFResultsUiT.helper1"/>
                                          <input name="fsname" type="hidden" value="First Session"/>
                                          <input name="courseid" type="hidden" value="CFResultsUiT.CS2104"/>
                                          <input name="sectionname" type="hidden" value="All"/>
                                       </div>
               </div>
            </div>
         </form>
      </div>
      <br/>
            <div id="statusMessage" style="display: none;">
      </div>
      <br/>
            <div class="bold color_red align-center">
         There are no responses for this feedback session yet or you do not have access to the responses collected so far.
      </div>
      <br/>
            <div class="panel panel-info">
         <div class="panel-heading" data-target="#panelBodyCollapse-1" id="panelHeading-1" style="cursor: pointer;">
            <form action="/page/instructorFeedbackResultsPage" class="seeMoreForm-1" id="seeMore-1" style="display:none;">
               <input name="courseid" type="hidden" value="CFResultsUiT.CS2104"/>
                              <input name="fsname" type="hidden" value="First Session"/>
                              <input name="user" type="hidden" value="CFResultsUiT.helper1"/>
                              <input name="frgroupbyteam" type="hidden" value="on"/>
                              <input name="frsorttype" type="hidden" value="question"/>
                              <input id="showStats-1" name="frshowstats" type="hidden" value="on"/>
                              <input name="questionnum" type="hidden" value="1"/>
                           </form>
            <div class="display-icon pull-right">
               <span class="glyphicon glyphicon-chevron-up pull-right">
               </span>
            </div>
            <strong>
               Question 1:
            </strong>
            <span class="text-preserve-space">
               Rate 3 other students' products
            </span>
         </div>
         <div class="panel-collapse collapse in" id="panelBodyCollapse-1">
            <div class="panel-body padding-0" id="questionBody-0">
               <div class="col-sm-12">
                  <i class="text-muted">
                     There are no responses for this question.
                  </i>
               </div>
            </div>
         </div>
      </div>
      <div class="panel panel-info">
         <div class="panel-heading" data-target="#panelBodyCollapse-2" id="panelHeading-2" style="cursor: pointer;">
            <form action="/page/instructorFeedbackResultsPage" class="seeMoreForm-2" id="seeMore-2" style="display:none;">
               <input name="courseid" type="hidden" value="CFResultsUiT.CS2104"/>
                              <input name="fsname" type="hidden" value="First Session"/>
                              <input name="user" type="hidden" value="CFResultsUiT.helper1"/>
                              <input name="frgroupbyteam" type="hidden" value="on"/>
                              <input name="frsorttype" type="hidden" value="question"/>
                              <input id="showStats-2" name="frshowstats" type="hidden" value="on"/>
                              <input name="questionnum" type="hidden" value="2"/>
                           </form>
            <div class="display-icon pull-right">
               <span class="glyphicon glyphicon-chevron-up pull-right">
               </span>
            </div>
            <strong>
               Question 2:
            </strong>
            <span class="text-preserve-space">
               What is the best selling point of your product?
            </span>
         </div>
         <div class="panel-collapse collapse in" id="panelBodyCollapse-2">
            <div class="panel-body padding-0" id="questionBody-1">
               <div class="col-sm-12">
                  <i class="text-muted">
                     There are no responses for this question.
                  </i>
               </div>
            </div>
         </div>
      </div>
      <div class="panel panel-info">
         <div class="panel-heading" data-target="#panelBodyCollapse-3" id="panelHeading-3" style="cursor: pointer;">
            <form action="/page/instructorFeedbackResultsPage" class="seeMoreForm-3" id="seeMore-3" style="display:none;">
               <input name="courseid" type="hidden" value="CFResultsUiT.CS2104"/>
                              <input name="fsname" type="hidden" value="First Session"/>
                              <input name="user" type="hidden" value="CFResultsUiT.helper1"/>
                              <input name="frgroupbyteam" type="hidden" value="on"/>
                              <input name="frsorttype" type="hidden" value="question"/>
                              <input id="showStats-3" name="frshowstats" type="hidden" value="on"/>
                              <input name="questionnum" type="hidden" value="3"/>
                           </form>
            <div class="display-icon pull-right">
               <span class="glyphicon glyphicon-chevron-up pull-right">
               </span>
            </div>
            <strong>
               Question 3:
            </strong>
            <span class="text-preserve-space">
               My comments on the class
            </span>
         </div>
         <div class="panel-collapse collapse in" id="panelBodyCollapse-3">
            <div class="panel-body padding-0" id="questionBody-2">
               <div class="col-sm-12">
                  <i class="text-muted">
                     There are no responses for this question.
                  </i>
               </div>
            </div>
         </div>
      </div>
      <div class="panel panel-info">
         <div class="panel-heading" data-target="#panelBodyCollapse-4" id="panelHeading-4" style="cursor: pointer;">
            <form action="/page/instructorFeedbackResultsPage" class="seeMoreForm-4" id="seeMore-4" style="display:none;">
               <input name="courseid" type="hidden" value="CFResultsUiT.CS2104"/>
                              <input name="fsname" type="hidden" value="First Session"/>
                              <input name="user" type="hidden" value="CFResultsUiT.helper1"/>
                              <input name="frgroupbyteam" type="hidden" value="on"/>
                              <input name="frsorttype" type="hidden" value="question"/>
                              <input id="showStats-4" name="frshowstats" type="hidden" value="on"/>
                              <input name="questionnum" type="hidden" value="4"/>
                           </form>
            <div class="display-icon pull-right">
               <span class="glyphicon glyphicon-chevron-up pull-right">
               </span>
            </div>
            <strong>
               Question 4:
            </strong>
            <span class="text-preserve-space">
               Give feedback to 3 other teams.
            </span>
         </div>
         <div class="panel-collapse collapse in" id="panelBodyCollapse-4">
            <div class="panel-body padding-0" id="questionBody-3">
               <div class="col-sm-12">
                  <i class="text-muted">
                     There are no responses for this question.
                  </i>
               </div>
            </div>
         </div>
      </div>
      <div class="panel panel-info">
         <div class="panel-heading" data-target="#panelBodyCollapse-5" id="panelHeading-5" style="cursor: pointer;">
            <form action="/page/instructorFeedbackResultsPage" class="seeMoreForm-5" id="seeMore-5" style="display:none;">
               <input name="courseid" type="hidden" value="CFResultsUiT.CS2104"/>
                              <input name="fsname" type="hidden" value="First Session"/>
                              <input name="user" type="hidden" value="CFResultsUiT.helper1"/>
                              <input name="frgroupbyteam" type="hidden" value="on"/>
                              <input name="frsorttype" type="hidden" value="question"/>
                              <input id="showStats-5" name="frshowstats" type="hidden" value="on"/>
                              <input name="questionnum" type="hidden" value="5"/>
                           </form>
            <div class="display-icon pull-right">
               <span class="glyphicon glyphicon-chevron-up pull-right">
               </span>
            </div>
            <strong>
               Question 5:
            </strong>
            <span class="text-preserve-space">
               Give feedback to your team mates
            </span>
         </div>
         <div class="panel-collapse collapse in" id="panelBodyCollapse-5">
            <div class="panel-body padding-0" id="questionBody-4">
               <div class="col-sm-12">
                  <i class="text-muted">
                     There are no responses for this question.
                  </i>
               </div>
            </div>
         </div>
      </div>
      <div class="panel panel-info">
         <div class="panel-heading" data-target="#panelBodyCollapse-6" id="panelHeading-6" style="cursor: pointer;">
            <form action="/page/instructorFeedbackResultsPage" class="seeMoreForm-6" id="seeMore-6" style="display:none;">
               <input name="courseid" type="hidden" value="CFResultsUiT.CS2104"/>
                              <input name="fsname" type="hidden" value="First Session"/>
                              <input name="user" type="hidden" value="CFResultsUiT.helper1"/>
                              <input name="frgroupbyteam" type="hidden" value="on"/>
                              <input name="frsorttype" type="hidden" value="question"/>
                              <input id="showStats-6" name="frshowstats" type="hidden" value="on"/>
                              <input name="questionnum" type="hidden" value="6"/>
                           </form>
            <div class="display-icon pull-right">
               <span class="glyphicon glyphicon-chevron-up pull-right">
               </span>
            </div>
            <strong>
               Question 6:
            </strong>
            <span class="text-preserve-space">
               This question should be hidden.
            </span>
         </div>
         <div class="panel-collapse collapse in" id="panelBodyCollapse-6">
            <div class="panel-body padding-0" id="questionBody-5">
               <div class="col-sm-12">
                  <i class="text-muted">
                     There are no responses for this question.
                  </i>
               </div>
            </div>
         </div>
      </div>
      <div class="panel panel-info">
         <div class="panel-heading" data-target="#panelBodyCollapse-7" id="panelHeading-7" style="cursor: pointer;">
            <form action="/page/instructorFeedbackResultsPage" class="seeMoreForm-7" id="seeMore-7" style="display:none;">
               <input name="courseid" type="hidden" value="CFResultsUiT.CS2104"/>
                              <input name="fsname" type="hidden" value="First Session"/>
                              <input name="user" type="hidden" value="CFResultsUiT.helper1"/>
                              <input name="frgroupbyteam" type="hidden" value="on"/>
                              <input name="frsorttype" type="hidden" value="question"/>
                              <input id="showStats-7" name="frshowstats" type="hidden" value="on"/>
                              <input name="questionnum" type="hidden" value="7"/>
                           </form>
            <div class="display-icon pull-right">
               <span class="glyphicon glyphicon-chevron-up pull-right">
               </span>
            </div>
            <strong>
               Question 7:
            </strong>
            <span class="text-preserve-space">
               What is your extra feature? 
               <span style=" white-space: normal;">
                  <a class="color_gray" data-less="[less]" data-more="[more]" href="javascript:;" id="questionAdditionalInfoButton-7-" onclick="toggleAdditionalQuestionInfo('7-')">
                     [more]
                  </a>
                  <br/>
                                    <span id="questionAdditionalInfo-7-" style="display:none;">
                     Multiple-choice (single answer) question options:
                     <ul style="list-style-type: disc;margin-left: 20px;">
                        <li>
                           FlexiCommand
                        </li>
                        <li>
                           PowerSearch
                        </li>
                        <li>
                           GoodUI
                        </li>
                        <li>
                           Google Integration
                        </li>
                     </ul>
                  </span>
               </span>
            </span>
         </div>
         <div class="panel-collapse collapse in" id="panelBodyCollapse-7">
            <div class="panel-body padding-0" id="questionBody-6">
               <div class="col-sm-12">
                  <i class="text-muted">
                     There are no responses for this question.
                  </i>
               </div>
            </div>
         </div>
      </div>
      <div class="panel panel-info">
         <div class="panel-heading" data-target="#panelBodyCollapse-8" id="panelHeading-8" style="cursor: pointer;">
            <form action="/page/instructorFeedbackResultsPage" class="seeMoreForm-8" id="seeMore-8" style="display:none;">
               <input name="courseid" type="hidden" value="CFResultsUiT.CS2104"/>
                              <input name="fsname" type="hidden" value="First Session"/>
                              <input name="user" type="hidden" value="CFResultsUiT.helper1"/>
                              <input name="frgroupbyteam" type="hidden" value="on"/>
                              <input name="frsorttype" type="hidden" value="question"/>
                              <input id="showStats-8" name="frshowstats" type="hidden" value="on"/>
                              <input name="questionnum" type="hidden" value="8"/>
                           </form>
            <div class="display-icon pull-right">
               <span class="glyphicon glyphicon-chevron-up pull-right">
               </span>
            </div>
            <strong>
               Question 8:
            </strong>
            <span class="text-preserve-space">
               What is your extra feature? 
               <span style=" white-space: normal;">
                  <a class="color_gray" data-less="[less]" data-more="[more]" href="javascript:;" id="questionAdditionalInfoButton-8-" onclick="toggleAdditionalQuestionInfo('8-')">
                     [more]
                  </a>
                  <br/>
                                    <span id="questionAdditionalInfo-8-" style="display:none;">
                     Multiple-choice (multiple answers) question options:
                     <ul style="list-style-type: disc;margin-left: 20px;">
                        <li>
                           FlexiCommand
                        </li>
                        <li>
                           PowerSearch
                        </li>
                        <li>
                           GoodUI
                        </li>
                        <li>
                           Google Integration
                        </li>
                     </ul>
                  </span>
               </span>
            </span>
         </div>
         <div class="panel-collapse collapse in" id="panelBodyCollapse-8">
            <div class="panel-body padding-0" id="questionBody-7">
               <div class="col-sm-12">
                  <i class="text-muted">
                     There are no responses for this question.
                  </i>
               </div>
            </div>
         </div>
      </div>
      <div class="panel panel-info">
         <div class="panel-heading" data-target="#panelBodyCollapse-9" id="panelHeading-9" style="cursor: pointer;">
            <form action="/page/instructorFeedbackResultsPage" class="seeMoreForm-9" id="seeMore-9" style="display:none;">
               <input name="courseid" type="hidden" value="CFResultsUiT.CS2104"/>
                              <input name="fsname" type="hidden" value="First Session"/>
                              <input name="user" type="hidden" value="CFResultsUiT.helper1"/>
                              <input name="frgroupbyteam" type="hidden" value="on"/>
                              <input name="frsorttype" type="hidden" value="question"/>
                              <input id="showStats-9" name="frshowstats" type="hidden" value="on"/>
                              <input name="questionnum" type="hidden" value="9"/>
                           </form>
            <div class="display-icon pull-right">
               <span class="glyphicon glyphicon-chevron-up pull-right">
               </span>
            </div>
            <strong>
               Question 9:
            </strong>
            <span class="text-preserve-space">
               Who do you think is the most hardworking student? 
               <span style=" white-space: normal;">
                  <a class="color_gray" data-less="[less]" data-more="[more]" href="javascript:;" id="questionAdditionalInfoButton-9-" onclick="toggleAdditionalQuestionInfo('9-')">
                     [more]
                  </a>
                  <br/>
                                    <span id="questionAdditionalInfo-9-" style="display:none;">
                     Multiple-choice (single answer) question options:
                     <br/>
                                          The options for this question is automatically generated from the list of all students in this course.
                  </span>
               </span>
            </span>
         </div>
         <div class="panel-collapse collapse in" id="panelBodyCollapse-9">
            <div class="panel-body padding-0" id="questionBody-8">
               <div class="col-sm-12">
                  <i class="text-muted">
                     There are no responses for this question.
                  </i>
               </div>
            </div>
         </div>
      </div>
      <div class="panel panel-info">
         <div class="panel-heading" data-target="#panelBodyCollapse-10" id="panelHeading-10" style="cursor: pointer;">
            <form action="/page/instructorFeedbackResultsPage" class="seeMoreForm-10" id="seeMore-10" style="display:none;">
               <input name="courseid" type="hidden" value="CFResultsUiT.CS2104"/>
                              <input name="fsname" type="hidden" value="First Session"/>
                              <input name="user" type="hidden" value="CFResultsUiT.helper1"/>
                              <input name="frgroupbyteam" type="hidden" value="on"/>
                              <input name="frsorttype" type="hidden" value="question"/>
                              <input id="showStats-10" name="frshowstats" type="hidden" value="on"/>
                              <input name="questionnum" type="hidden" value="10"/>
                           </form>
            <div class="display-icon pull-right">
               <span class="glyphicon glyphicon-chevron-up pull-right">
               </span>
            </div>
            <strong>
               Question 10:
            </strong>
            <span class="text-preserve-space">
               Which team do you think has the best feature? 
               <span style=" white-space: normal;">
                  <a class="color_gray" data-less="[less]" data-more="[more]" href="javascript:;" id="questionAdditionalInfoButton-10-" onclick="toggleAdditionalQuestionInfo('10-')">
                     [more]
                  </a>
                  <br/>
                                    <span id="questionAdditionalInfo-10-" style="display:none;">
                     Multiple-choice (single answer) question options:
                     <br/>
                                          The options for this question is automatically generated from the list of all teams in this course.
                  </span>
               </span>
            </span>
         </div>
         <div class="panel-collapse collapse in" id="panelBodyCollapse-10">
            <div class="panel-body padding-0" id="questionBody-9">
               <div class="col-sm-12">
                  <i class="text-muted">
                     There are no responses for this question.
                  </i>
               </div>
            </div>
         </div>
      </div>
      <div class="panel panel-info">
         <div class="panel-heading" data-target="#panelBodyCollapse-11" id="panelHeading-11" style="cursor: pointer;">
            <form action="/page/instructorFeedbackResultsPage" class="seeMoreForm-11" id="seeMore-11" style="display:none;">
               <input name="courseid" type="hidden" value="CFResultsUiT.CS2104"/>
                              <input name="fsname" type="hidden" value="First Session"/>
                              <input name="user" type="hidden" value="CFResultsUiT.helper1"/>
                              <input name="frgroupbyteam" type="hidden" value="on"/>
                              <input name="frsorttype" type="hidden" value="question"/>
                              <input id="showStats-11" name="frshowstats" type="hidden" value="on"/>
                              <input name="questionnum" type="hidden" value="11"/>
                           </form>
            <div class="display-icon pull-right">
               <span class="glyphicon glyphicon-chevron-up pull-right">
               </span>
            </div>
            <strong>
               Question 11:
            </strong>
            <span class="text-preserve-space">
               Who are your teammates? 
               <span style=" white-space: normal;">
                  <a class="color_gray" data-less="[less]" data-more="[more]" href="javascript:;" id="questionAdditionalInfoButton-11-" onclick="toggleAdditionalQuestionInfo('11-')">
                     [more]
                  </a>
                  <br/>
                                    <span id="questionAdditionalInfo-11-" style="display:none;">
                     Multiple-choice (multiple answers) question options:
                     <br/>
                                          The options for this question is automatically generated from the list of all students in this course.
                  </span>
               </span>
            </span>
         </div>
         <div class="panel-collapse collapse in" id="panelBodyCollapse-11">
            <div class="panel-body padding-0" id="questionBody-10">
               <div class="col-sm-12">
                  <i class="text-muted">
                     There are no responses for this question.
                  </i>
               </div>
            </div>
         </div>
      </div>
      <div class="panel panel-info">
         <div class="panel-heading" data-target="#panelBodyCollapse-12" id="panelHeading-12" style="cursor: pointer;">
            <form action="/page/instructorFeedbackResultsPage" class="seeMoreForm-12" id="seeMore-12" style="display:none;">
               <input name="courseid" type="hidden" value="CFResultsUiT.CS2104"/>
                              <input name="fsname" type="hidden" value="First Session"/>
                              <input name="user" type="hidden" value="CFResultsUiT.helper1"/>
                              <input name="frgroupbyteam" type="hidden" value="on"/>
                              <input name="frsorttype" type="hidden" value="question"/>
                              <input id="showStats-12" name="frshowstats" type="hidden" value="on"/>
                              <input name="questionnum" type="hidden" value="12"/>
                           </form>
            <div class="display-icon pull-right">
               <span class="glyphicon glyphicon-chevron-up pull-right">
               </span>
            </div>
            <strong>
               Question 12:
            </strong>
            <span class="text-preserve-space">
               Which teams do you like? 
               <span style=" white-space: normal;">
                  <a class="color_gray" data-less="[less]" data-more="[more]" href="javascript:;" id="questionAdditionalInfoButton-12-" onclick="toggleAdditionalQuestionInfo('12-')">
                     [more]
                  </a>
                  <br/>
                                    <span id="questionAdditionalInfo-12-" style="display:none;">
                     Multiple-choice (multiple answers) question options:
                     <br/>
                                          The options for this question is automatically generated from the list of all teams in this course.
                  </span>
               </span>
            </span>
         </div>
         <div class="panel-collapse collapse in" id="panelBodyCollapse-12">
            <div class="panel-body padding-0" id="questionBody-11">
               <div class="col-sm-12">
                  <i class="text-muted">
                     There are no responses for this question.
                  </i>
               </div>
            </div>
         </div>
      </div>
      <div class="panel panel-info">
         <div class="panel-heading" data-target="#panelBodyCollapse-13" id="panelHeading-13" style="cursor: pointer;">
            <form action="/page/instructorFeedbackResultsPage" class="seeMoreForm-13" id="seeMore-13" style="display:none;">
               <input name="courseid" type="hidden" value="CFResultsUiT.CS2104"/>
                              <input name="fsname" type="hidden" value="First Session"/>
                              <input name="user" type="hidden" value="CFResultsUiT.helper1"/>
                              <input name="frgroupbyteam" type="hidden" value="on"/>
                              <input name="frsorttype" type="hidden" value="question"/>
                              <input id="showStats-13" name="frshowstats" type="hidden" value="on"/>
                              <input name="questionnum" type="hidden" value="13"/>
                           </form>
            <div class="display-icon pull-right">
               <span class="glyphicon glyphicon-chevron-up pull-right">
               </span>
            </div>
            <strong>
               Question 13:
            </strong>
            <span class="text-preserve-space">
               Rate our product. 
               <span style=" white-space: normal;">
                  <a class="color_gray" data-less="[less]" data-more="[more]" href="javascript:;" id="questionAdditionalInfoButton-13-" onclick="toggleAdditionalQuestionInfo('13-')">
                     [more]
                  </a>
                  <br/>
                                    <span id="questionAdditionalInfo-13-" style="display:none;">
                     Numerical-scale question:
                     <br/>
                                          Minimum value: 1. Increment: 0.5. Maximum value: 5.
                  </span>
               </span>
            </span>
         </div>
         <div class="panel-collapse collapse in" id="panelBodyCollapse-13">
            <div class="panel-body padding-0" id="questionBody-12">
               <div class="col-sm-12">
                  <i class="text-muted">
                     There are no responses for this question.
                  </i>
               </div>
            </div>
         </div>
      </div>
      <div class="panel panel-info">
         <div class="panel-heading" data-target="#panelBodyCollapse-14" id="panelHeading-14" style="cursor: pointer;">
            <form action="/page/instructorFeedbackResultsPage" class="seeMoreForm-14" id="seeMore-14" style="display:none;">
               <input name="courseid" type="hidden" value="CFResultsUiT.CS2104"/>
                              <input name="fsname" type="hidden" value="First Session"/>
                              <input name="user" type="hidden" value="CFResultsUiT.helper1"/>
                              <input name="frgroupbyteam" type="hidden" value="on"/>
                              <input name="frsorttype" type="hidden" value="question"/>
                              <input id="showStats-14" name="frshowstats" type="hidden" value="on"/>
                              <input name="questionnum" type="hidden" value="14"/>
                           </form>
            <div class="display-icon pull-right">
               <span class="glyphicon glyphicon-chevron-up pull-right">
               </span>
            </div>
            <strong>
               Question 14:
            </strong>
            <span class="text-preserve-space">
               How important are the following factors to you? Give points accordingly. 
               <span style=" white-space: normal;">
                  <a class="color_gray" data-less="[less]" data-more="[more]" href="javascript:;" id="questionAdditionalInfoButton-14-" onclick="toggleAdditionalQuestionInfo('14-')">
                     [more]
                  </a>
                  <br/>
                                    <span id="questionAdditionalInfo-14-" style="display:none;">
                     Distribute points (among options) question options:
                     <ul style="list-style-type: disc;margin-left: 20px;">
                        <li>
                           Grades
                        </li>
                        <li>
                           Fun
                        </li>
                     </ul>
                     Total points: 100
                  </span>
               </span>
            </span>
         </div>
         <div class="panel-collapse collapse in" id="panelBodyCollapse-14">
            <div class="panel-body padding-0" id="questionBody-13">
               <div class="col-sm-12">
                  <i class="text-muted">
                     There are no responses for this question.
                  </i>
               </div>
            </div>
         </div>
      </div>
      <div class="panel panel-info">
         <div class="panel-heading" data-target="#panelBodyCollapse-15" id="panelHeading-15" style="cursor: pointer;">
            <form action="/page/instructorFeedbackResultsPage" class="seeMoreForm-15" id="seeMore-15" style="display:none;">
               <input name="courseid" type="hidden" value="CFResultsUiT.CS2104"/>
                              <input name="fsname" type="hidden" value="First Session"/>
                              <input name="user" type="hidden" value="CFResultsUiT.helper1"/>
                              <input name="frgroupbyteam" type="hidden" value="on"/>
                              <input name="frsorttype" type="hidden" value="question"/>
                              <input id="showStats-15" name="frshowstats" type="hidden" value="on"/>
                              <input name="questionnum" type="hidden" value="15"/>
                           </form>
            <div class="display-icon pull-right">
               <span class="glyphicon glyphicon-chevron-up pull-right">
               </span>
            </div>
            <strong>
               Question 15:
            </strong>
            <span class="text-preserve-space">
               Split points among the your team members and yourself, according to how much you think each member has contributed. 
               <span style=" white-space: normal;">
                  <a class="color_gray" data-less="[less]" data-more="[more]" href="javascript:;" id="questionAdditionalInfoButton-15-" onclick="toggleAdditionalQuestionInfo('15-')">
                     [more]
                  </a>
                  <br/>
                                    <span id="questionAdditionalInfo-15-" style="display:none;">
                     Distribute points (among recipients) question
                     <br/>
                                          Points per recipient: 100
                  </span>
               </span>
            </span>
         </div>
         <div class="panel-collapse collapse in" id="panelBodyCollapse-15">
            <div class="panel-body padding-0" id="questionBody-14">
               <div class="col-sm-12">
                  <i class="text-muted">
                     There are no responses for this question.
                  </i>
               </div>
            </div>
         </div>
      </div>
      <div class="panel panel-info">
         <div class="panel-heading" data-target="#panelBodyCollapse-16" id="panelHeading-16" style="cursor: pointer;">
            <form action="/page/instructorFeedbackResultsPage" class="seeMoreForm-16" id="seeMore-16" style="display:none;">
               <input name="courseid" type="hidden" value="CFResultsUiT.CS2104"/>
                              <input name="fsname" type="hidden" value="First Session"/>
                              <input name="user" type="hidden" value="CFResultsUiT.helper1"/>
                              <input name="frgroupbyteam" type="hidden" value="on"/>
                              <input name="frsorttype" type="hidden" value="question"/>
                              <input id="showStats-16" name="frshowstats" type="hidden" value="on"/>
                              <input name="questionnum" type="hidden" value="16"/>
                           </form>
            <div class="display-icon pull-right">
               <span class="glyphicon glyphicon-chevron-up pull-right">
               </span>
            </div>
            <strong>
               Question 16:
            </strong>
            <span class="text-preserve-space">
               Rate the contribution of yourself and your team members towards the latest project. 
               <span style=" white-space: normal;">
                  <a class="color_gray" data-less="[less]" data-more="[more]" href="javascript:;" id="questionAdditionalInfoButton-16-" onclick="toggleAdditionalQuestionInfo('16-')">
                     [more]
                  </a>
                  <br/>
                                    <span id="questionAdditionalInfo-16-" style="display:none;">
                     Team contribution question
                  </span>
               </span>
            </span>
         </div>
         <div class="panel-collapse collapse in" id="panelBodyCollapse-16">
            <div class="panel-body padding-0" id="questionBody-15">
               <div class="col-sm-12">
                  <i class="text-muted">
                     There are no responses for this question.
                  </i>
               </div>
            </div>
         </div>
      </div>
   </div>

</expected]>> but was:<<[actual>
   <div class="container" id="frameBodyWrapper">
      <div id="topOfPage">
      </div>
      <div id="headerOperation">
         <h1>
            Session Results
         </h1>
      </div>
      <div class="well well-plain padding-0">
         <form action="/page/instructorFeedbackResultsDownload" class="form-horizontal" method="post" role="form">
            <div class="panel-heading">
               <div class="row">
                  <div class="col-sm-4">
                     <div class="form-group">
                        <label class="col-sm-2 control-label">
                           Course:
                        </label>
                        <div class="col-sm-10">
                           <p class="form-control-static">
                              CFResultsUiT.CS2104
                           </p>
                        </div>
                     </div>
                     <div class="form-group">
                        <label class="col-sm-2 control-label">
                           Session:
                        </label>
                        <div class="col-sm-10">
                           <p class="form-control-static">
                              First Session
                           </p>
                        </div>
                     </div>
                  </div>
                  <div class="col-sm-6">
                     <div class="form-group">
                        <label class="col-sm-4 control-label">
                           Session duration:
                        </label>
                        <div class="col-sm-8">
                           <p class="form-control-static">
                              01 Apr 2012, 23:59   
                              <b>
                                 to
                              </b>
                                 30 Apr 2016, 23:59
                           </p>
                        </div>
                     </div>
                     <div class="form-group">
                        <label class="col-sm-4 control-label">
                           Results visible from:
                        </label>
                        <div class="col-sm-8">
                           <p class="form-control-static">
                              01 May 2012, 23:59
                           </p>
                        </div>
                     </div>
                  </div>
                  <div class="col-sm-2">
                     <div id="feedbackDataButtons">
                        <input class="btn btn-primary pull-right" id="button_download" name="fruploaddownloadbtn" type="submit" value="Download results"/>
                                             </div>
                     <input name="user" type="hidden" value="CFResultsUiT.helper1"/>
                                          <input name="fsname" type="hidden" value="First Session"/>
                                          <input name="courseid" type="hidden" value="CFResultsUiT.CS2104"/>
                                          <input name="sectionname" type="hidden" value="All"/>
                                       </div>
               </div>
            </div>
         </form>
      </div>
      <form action="/page/instructorFeedbackResultsPage?courseid=CFResultsUiT.CS2104&fsname=First+Session&user=CFResultsUiT.helper1" class="form-horizontal" method="post" role="form">
         <div class="panel panel-info margin-0">
            <div class="panel-body">
               <div class="row">
                  <div class="col-sm-5" data-original-title="View results in different formats" data-toggle="tooltip" title="">
                     <div class="form-group">
                        <label class="col-sm-2 control-label" for="viewSelect">
                           View:
                        </label>
                        <div class="col-sm-10">
                           <select class="form-control" id="viewSelect" name="frsorttype" onchange="this.form.submit()">
                              <option selected="selected" value="question">
                                 Group by - Question
                              </option>
                              <option value="giver-recipient-question">
                                 Group by - Giver > Recipient > Question
                              </option>
                              <option value="recipient-giver-question">
                                 Group by - Recipient > Giver > Question
                              </option>
                              <option value="giver-question-recipient">
                                 Group by - Giver > Question > Recipient
                              </option>
                              <option value="recipient-question-giver">
                                 Group by - Recipient > Question > Giver
                              </option>
                           </select>
                        </div>
                     </div>
                  </div>
                  <div class="col-sm-5" data-original-title="Filter the results in the current view" data-toggle="tooltip" title="">
                     <div class="form-group">
                        <label class="col-sm-2 control-label" for="viewSelect">
                           Filter:
                        </label>
                        <div class="col-sm-10">
                           <div class="input-group">
                              <input class="form-control" id="results-search-box" onchange="updateResultsFilter()" placeholder="Type keywords from the question title" type="text"/>
                                                            <a class="input-group-addon btn btn-default">
                                 <span class="glyphicon glyphicon-search">
                                 </span>
                              </a>
                           </div>
                        </div>
                     </div>
                  </div>
                  <div class="col-sm-2 pull-right">
                     <div class="col-sm-12" data-original-title="Group results in the current view by team" data-toggle="tooltip" title="">
                        <div class="checkbox padding-top-0 min-height-0">
                           <label class="text-strike">
                              <input checked="checked" id="frgroupbyteam" name="frgroupbyteam" type="checkbox"/>
                                                            Group by Teams
                           </label>
                        </div>
                     </div>
                     <div class="col-sm-12" data-original-title="Show statistics" data-toggle="tooltip" title="">
                        <div class="checkbox padding-top-0 min-height-0">
                           <label>
                              <input checked="checked" id="show-stats-checkbox" name="frshowstats" type="checkbox"/>
                                                            Show Statistics
                           </label>
                        </div>
                     </div>
                  </div>
               </div>
               <div class="row">
                  <div class="col-sm-5" data-original-title="View results by sections" data-toggle="tooltip" title="">
                     <div class="form-group">
                        <label class="col-sm-2 control-label" for="sectionSelect">
                           Section:
                        </label>
                        <div class="col-sm-10">
                           <select class="form-control" id="sectionSelect" name="frgroupbysection" onchange="this.form.submit()">
                              <option selected="selected" value="All">
                                 All
                              </option>
                              <option value="Section A">
                                 Section A
                              </option>
                              <option value="Section B">
                                 Section B
                              </option>
                           </select>
                        </div>
                     </div>
                  </div>
                  <div class="col-sm-7 pull-right" style="padding-top:8px;">
                     <a class="btn btn-default btn-xs pull-right" data-original-title="Collapse all panels. You can also click on the panel heading to toggle each one individually." data-toggle="tooltip" id="collapse-panels-button" onclick="toggleCollapse(this)" title="">
                        Collapse Questions
                     </a>
                  </div>
               </div>
            </div>
         </div>
         <input name="fsname" type="hidden" value="First Session"/>
                  <input name="courseid" type="hidden" value="CFResultsUiT.CS2104"/>
                  <input name="user" type="hidden" value="CFResultsUiT.helper1"/>
               </form>
      <br/>
            <div id="statusMessage" style="display: none;">
      </div>
      <br/>
            <br/>
            <div class="panel panel-info">
         <div class="panel-heading" data-target="#panelBodyCollapse-1" id="panelHeading-1" style="cursor: pointer;">
            <form action="/page/instructorFeedbackResultsPage" class="seeMoreForm-1" id="seeMore-1" style="display:none;">
               <input name="courseid" type="hidden" value="CFResultsUiT.CS2104"/>
                              <input name="fsname" type="hidden" value="First Session"/>
                              <input name="user" type="hidden" value="CFResultsUiT.helper1"/>
                              <input name="frgroupbyteam" type="hidden" value="on"/>
                              <input name="frsorttype" type="hidden" value="question"/>
                              <input id="showStats-1" name="frshowstats" type="hidden" value="on"/>
                              <input name="questionnum" type="hidden" value="1"/>
                           </form>
            <div class="display-icon pull-right">
               <span class="glyphicon glyphicon-chevron-up pull-right">
               </span>
            </div>
            <strong>
               Question 1:
            </strong>
            <span class="text-preserve-space">
               Rate 3 other students' products
            </span>
         </div>
         <div class="panel-collapse collapse in" id="panelBodyCollapse-1">
            <div class="panel-body padding-0" id="questionBody-0">
               <div class="resultStatistics">
               </div>
               <div class="table-responsive">
                  <table class="table table-striped table-bordered dataTable margin-0">
                     <thead class="background-color-medium-gray text-color-gray font-weight-normal">
                        <tr>
                           <th class="button-sort-none" id="button_sortFromName" onclick="toggleSort(this,1)" style="width: 15%;">
                              Giver
                              <span class="icon-sort unsorted">
                              </span>
                           </th>
                           <th class="button-sort-none" id="button_sortFromTeam" onclick="toggleSort(this,2)" style="width: 15%;">
                              Team
                              <span class="icon-sort unsorted">
                              </span>
                           </th>
                           <th class="button-sort-none" id="button_sortToName" onclick="toggleSort(this,3)" style="width: 15%;">
                              Recipient
                              <span class="icon-sort unsorted">
                              </span>
                           </th>
                           <th class="button-sort-ascending" id="button_sortToTeam" onclick="toggleSort(this,4)" style="width: 15%;">
                              Team
                              <span class="icon-sort unsorted">
                              </span>
                           </th>
                           <th class="button-sort-none" id="button_sortFeedback" onclick="toggleSort(this,5)">
                              Feedback
                              <span class="icon-sort unsorted">
                              </span>
                           </th>
                        </tr>
                     </thead>
                     <thead>
                     </thead>
                     <tbody>
                        <tr>
                           <td class="middlealign">
                              Alice Betsy
                           </td>
                           <td class="middlealign">
                              Team 1
                           </td>
                           <td class="middlealign">
                              Benny Charles
                           </td>
                           <td class="middlealign">
                              Team 1
                           </td>
                           <td class="text-preserve-space">
                              2 Response to Benny.
                           </td>
                        </tr>
                        <tr>
                           <td class="middlealign">
                              Alice Betsy
                           </td>
                           <td class="middlealign">
                              Team 1
                           </td>
                           <td class="middlealign">
                              Drop out
                           </td>
                           <td class="middlealign">
                              Team 2
                           </td>
                           <td class="text-preserve-space">
                              Response to Dropout.
                           </td>
                        </tr>
                        <tr>
                           <td class="middlealign">
                              Benny Charles
                           </td>
                           <td class="middlealign">
                              Team 1
                           </td>
                           <td class="middlealign">
                              Charlie Dávis
                           </td>
                           <td class="middlealign">
                              Team 2
                           </td>
                           <td class="text-preserve-space">
                              4 Response to Charlie.
                           </td>
                        </tr>
                        <tr>
                           <td class="middlealign">
                              Benny Charles
                           </td>
                           <td class="middlealign">
                              Team 1
                           </td>
                           <td class="middlealign">
                              Danny Engrid
                           </td>
                           <td class="middlealign">
                              Team 2
                           </td>
                           <td class="text-preserve-space">
                              1 Response to Danny.
                           </td>
                        </tr>
                        <tr>
                           <td class="middlealign">
                              Charlie Dávis
                           </td>
                           <td class="middlealign">
                              Team 2
                           </td>
                           <td class="middlealign">
                              Emily
                           </td>
                           <td class="middlealign">
                              Team 3
                           </td>
                           <td class="text-preserve-space">
                              3 Response to Emily.
                           </td>
                        </tr>
                        <tr>
                           <td class="middlealign">
                              Drop out
                           </td>
                           <td class="middlealign">
                              Team 2
                           </td>
                           <td class="middlealign">
                              Alice Betsy
                           </td>
                           <td class="middlealign">
                              Team 1
                           </td>
                           <td class="text-preserve-space">
                              Response to Alice from Dropout.
                           </td>
                        </tr>
                        <tr>
                           <td class="middlealign">
                              Drop out
                           </td>
                           <td class="middlealign">
                              Team 2
                           </td>
                           <td class="middlealign">
                              Benny Charles
                           </td>
                           <td class="middlealign">
                              Team 1
                           </td>
                           <td class="text-preserve-space">
                              Response to Benny from Dropout.
                           </td>
                        </tr>
                        <tr>
                           <td class="middlealign">
                              Drop out
                           </td>
                           <td class="middlealign">
                              Team 2
                           </td>
                           <td class="middlealign">
                              Danny Engrid
                           </td>
                           <td class="middlealign">
                              Team 2
                           </td>
                           <td class="text-preserve-space">
                              Response to Danny from Dropout.
                           </td>
                        </tr>
                     </tbody>
                  </table>
               </div>
            </div>
         </div>
      </div>
      <div class="panel panel-info">
         <div class="panel-heading" data-target="#panelBodyCollapse-2" id="panelHeading-2" style="cursor: pointer;">
            <form action="/page/instructorFeedbackResultsPage" class="seeMoreForm-2" id="seeMore-2" style="display:none;">
               <input name="courseid" type="hidden" value="CFResultsUiT.CS2104"/>
                              <input name="fsname" type="hidden" value="First Session"/>
                              <input name="user" type="hidden" value="CFResultsUiT.helper1"/>
                              <input name="frgroupbyteam" type="hidden" value="on"/>
                              <input name="frsorttype" type="hidden" value="question"/>
                              <input id="showStats-2" name="frshowstats" type="hidden" value="on"/>
                              <input name="questionnum" type="hidden" value="2"/>
                           </form>
            <div class="display-icon pull-right">
               <span class="glyphicon glyphicon-chevron-up pull-right">
               </span>
            </div>
            <strong>
               Question 2:
            </strong>
            <span class="text-preserve-space">
               What is the best selling point of your product?
            </span>
         </div>
         <div class="panel-collapse collapse in" id="panelBodyCollapse-2">
            <div class="panel-body padding-0" id="questionBody-1">
               <div class="col-sm-12">
                  <i class="text-muted">
                     There are no responses for this question.
                  </i>
               </div>
            </div>
         </div>
      </div>
      <div class="panel panel-info">
         <div class="panel-heading" data-target="#panelBodyCollapse-3" id="panelHeading-3" style="cursor: pointer;">
            <form action="/page/instructorFeedbackResultsPage" class="seeMoreForm-3" id="seeMore-3" style="display:none;">
               <input name="courseid" type="hidden" value="CFResultsUiT.CS2104"/>
                              <input name="fsname" type="hidden" value="First Session"/>
                              <input name="user" type="hidden" value="CFResultsUiT.helper1"/>
                              <input name="frgroupbyteam" type="hidden" value="on"/>
                              <input name="frsorttype" type="hidden" value="question"/>
                              <input id="showStats-3" name="frshowstats" type="hidden" value="on"/>
                              <input name="questionnum" type="hidden" value="3"/>
                           </form>
            <div class="display-icon pull-right">
               <span class="glyphicon glyphicon-chevron-up pull-right">
               </span>
            </div>
            <strong>
               Question 3:
            </strong>
            <span class="text-preserve-space">
               My comments on the class
            </span>
         </div>
         <div class="panel-collapse collapse in" id="panelBodyCollapse-3">
            <div class="panel-body padding-0" id="questionBody-2">
               <div class="col-sm-12">
                  <i class="text-muted">
                     There are no responses for this question.
                  </i>
               </div>
            </div>
         </div>
      </div>
      <div class="panel panel-info">
         <div class="panel-heading" data-target="#panelBodyCollapse-4" id="panelHeading-4" style="cursor: pointer;">
            <form action="/page/instructorFeedbackResultsPage" class="seeMoreForm-4" id="seeMore-4" style="display:none;">
               <input name="courseid" type="hidden" value="CFResultsUiT.CS2104"/>
                              <input name="fsname" type="hidden" value="First Session"/>
                              <input name="user" type="hidden" value="CFResultsUiT.helper1"/>
                              <input name="frgroupbyteam" type="hidden" value="on"/>
                              <input name="frsorttype" type="hidden" value="question"/>
                              <input id="showStats-4" name="frshowstats" type="hidden" value="on"/>
                              <input name="questionnum" type="hidden" value="4"/>
                           </form>
            <div class="display-icon pull-right">
               <span class="glyphicon glyphicon-chevron-up pull-right">
               </span>
            </div>
            <strong>
               Question 4:
            </strong>
            <span class="text-preserve-space">
               Give feedback to 3 other teams.
            </span>
         </div>
         <div class="panel-collapse collapse in" id="panelBodyCollapse-4">
            <div class="panel-body padding-0" id="questionBody-3">
               <div class="col-sm-12">
                  <i class="text-muted">
                     There are no responses for this question.
                  </i>
               </div>
            </div>
         </div>
      </div>
      <div class="panel panel-info">
         <div class="panel-heading" data-target="#panelBodyCollapse-5" id="panelHeading-5" style="cursor: pointer;">
            <form action="/page/instructorFeedbackResultsPage" class="seeMoreForm-5" id="seeMore-5" style="display:none;">
               <input name="courseid" type="hidden" value="CFResultsUiT.CS2104"/>
                              <input name="fsname" type="hidden" value="First Session"/>
                              <input name="user" type="hidden" value="CFResultsUiT.helper1"/>
                              <input name="frgroupbyteam" type="hidden" value="on"/>
                              <input name="frsorttype" type="hidden" value="question"/>
                              <input id="showStats-5" name="frshowstats" type="hidden" value="on"/>
                              <input name="questionnum" type="hidden" value="5"/>
                           </form>
            <div class="display-icon pull-right">
               <span class="glyphicon glyphicon-chevron-up pull-right">
               </span>
            </div>
            <strong>
               Question 5:
            </strong>
            <span class="text-preserve-space">
               Give feedback to your team mates
            </span>
         </div>
         <div class="panel-collapse collapse in" id="panelBodyCollapse-5">
            <div class="panel-body padding-0" id="questionBody-4">
               <div class="col-sm-12">
                  <i class="text-muted">
                     There are no responses for this question.
                  </i>
               </div>
            </div>
         </div>
      </div>
      <div class="panel panel-info">
         <div class="panel-heading" data-target="#panelBodyCollapse-6" id="panelHeading-6" style="cursor: pointer;">
            <form action="/page/instructorFeedbackResultsPage" class="seeMoreForm-6" id="seeMore-6" style="display:none;">
               <input name="courseid" type="hidden" value="CFResultsUiT.CS2104"/>
                              <input name="fsname" type="hidden" value="First Session"/>
                              <input name="user" type="hidden" value="CFResultsUiT.helper1"/>
                              <input name="frgroupbyteam" type="hidden" value="on"/>
                              <input name="frsorttype" type="hidden" value="question"/>
                              <input id="showStats-6" name="frshowstats" type="hidden" value="on"/>
                              <input name="questionnum" type="hidden" value="6"/>
                           </form>
            <div class="display-icon pull-right">
               <span class="glyphicon glyphicon-chevron-up pull-right">
               </span>
            </div>
            <strong>
               Question 6:
            </strong>
            <span class="text-preserve-space">
               This question should be hidden.
            </span>
         </div>
         <div class="panel-collapse collapse in" id="panelBodyCollapse-6">
            <div class="panel-body padding-0" id="questionBody-5">
               <div class="col-sm-12">
                  <i class="text-muted">
                     There are no responses for this question.
                  </i>
               </div>
            </div>
         </div>
      </div>
      <div class="panel panel-info">
         <div class="panel-heading" data-target="#panelBodyCollapse-7" id="panelHeading-7" style="cursor: pointer;">
            <form action="/page/instructorFeedbackResultsPage" class="seeMoreForm-7" id="seeMore-7" style="display:none;">
               <input name="courseid" type="hidden" value="CFResultsUiT.CS2104"/>
                              <input name="fsname" type="hidden" value="First Session"/>
                              <input name="user" type="hidden" value="CFResultsUiT.helper1"/>
                              <input name="frgroupbyteam" type="hidden" value="on"/>
                              <input name="frsorttype" type="hidden" value="question"/>
                              <input id="showStats-7" name="frshowstats" type="hidden" value="on"/>
                              <input name="questionnum" type="hidden" value="7"/>
                           </form>
            <div class="display-icon pull-right">
               <span class="glyphicon glyphicon-chevron-up pull-right">
               </span>
            </div>
            <strong>
               Question 7:
            </strong>
            <span class="text-preserve-space">
               What is your extra feature? 
               <span style=" white-space: normal;">
                  <a class="color_gray" data-less="[less]" data-more="[more]" href="javascript:;" id="questionAdditionalInfoButton-7-" onclick="toggleAdditionalQuestionInfo('7-')">
                     [more]
                  </a>
                  <br/>
                                    <span id="questionAdditionalInfo-7-" style="display:none;">
                     Multiple-choice (single answer) question options:
                     <ul style="list-style-type: disc;margin-left: 20px;">
                        <li>
                           FlexiCommand
                        </li>
                        <li>
                           PowerSearch
                        </li>
                        <li>
                           GoodUI
                        </li>
                        <li>
                           Google Integration
                        </li>
                     </ul>
                  </span>
               </span>
            </span>
         </div>
         <div class="panel-collapse collapse in" id="panelBodyCollapse-7">
            <div class="panel-body padding-0" id="questionBody-6">
               <div class="col-sm-12">
                  <i class="text-muted">
                     There are no responses for this question.
                  </i>
               </div>
            </div>
         </div>
      </div>
      <div class="panel panel-info">
         <div class="panel-heading" data-target="#panelBodyCollapse-8" id="panelHeading-8" style="cursor: pointer;">
            <form action="/page/instructorFeedbackResultsPage" class="seeMoreForm-8" id="seeMore-8" style="display:none;">
               <input name="courseid" type="hidden" value="CFResultsUiT.CS2104"/>
                              <input name="fsname" type="hidden" value="First Session"/>
                              <input name="user" type="hidden" value="CFResultsUiT.helper1"/>
                              <input name="frgroupbyteam" type="hidden" value="on"/>
                              <input name="frsorttype" type="hidden" value="question"/>
                              <input id="showStats-8" name="frshowstats" type="hidden" value="on"/>
                              <input name="questionnum" type="hidden" value="8"/>
                           </form>
            <div class="display-icon pull-right">
               <span class="glyphicon glyphicon-chevron-up pull-right">
               </span>
            </div>
            <strong>
               Question 8:
            </strong>
            <span class="text-preserve-space">
               What is your extra feature? 
               <span style=" white-space: normal;">
                  <a class="color_gray" data-less="[less]" data-more="[more]" href="javascript:;" id="questionAdditionalInfoButton-8-" onclick="toggleAdditionalQuestionInfo('8-')">
                     [more]
                  </a>
                  <br/>
                                    <span id="questionAdditionalInfo-8-" style="display:none;">
                     Multiple-choice (multiple answers) question options:
                     <ul style="list-style-type: disc;margin-left: 20px;">
                        <li>
                           FlexiCommand
                        </li>
                        <li>
                           PowerSearch
                        </li>
                        <li>
                           GoodUI
                        </li>
                        <li>
                           Google Integration
                        </li>
                     </ul>
                  </span>
               </span>
            </span>
         </div>
         <div class="panel-collapse collapse in" id="panelBodyCollapse-8">
            <div class="panel-body padding-0" id="questionBody-7">
               <div class="col-sm-12">
                  <i class="text-muted">
                     There are no responses for this question.
                  </i>
               </div>
            </div>
         </div>
      </div>
      <div class="panel panel-info">
         <div class="panel-heading" data-target="#panelBodyCollapse-9" id="panelHeading-9" style="cursor: pointer;">
            <form action="/page/instructorFeedbackResultsPage" class="seeMoreForm-9" id="seeMore-9" style="display:none;">
               <input name="courseid" type="hidden" value="CFResultsUiT.CS2104"/>
                              <input name="fsname" type="hidden" value="First Session"/>
                              <input name="user" type="hidden" value="CFResultsUiT.helper1"/>
                              <input name="frgroupbyteam" type="hidden" value="on"/>
                              <input name="frsorttype" type="hidden" value="question"/>
                              <input id="showStats-9" name="frshowstats" type="hidden" value="on"/>
                              <input name="questionnum" type="hidden" value="9"/>
                           </form>
            <div class="display-icon pull-right">
               <span class="glyphicon glyphicon-chevron-up pull-right">
               </span>
            </div>
            <strong>
               Question 9:
            </strong>
            <span class="text-preserve-space">
               Who do you think is the most hardworking student? 
               <span style=" white-space: normal;">
                  <a class="color_gray" data-less="[less]" data-more="[more]" href="javascript:;" id="questionAdditionalInfoButton-9-" onclick="toggleAdditionalQuestionInfo('9-')">
                     [more]
                  </a>
                  <br/>
                                    <span id="questionAdditionalInfo-9-" style="display:none;">
                     Multiple-choice (single answer) question options:
                     <br/>
                                          The options for this question is automatically generated from the list of all students in this course.
                  </span>
               </span>
            </span>
         </div>
         <div class="panel-collapse collapse in" id="panelBodyCollapse-9">
            <div class="panel-body padding-0" id="questionBody-8">
               <div class="col-sm-12">
                  <i class="text-muted">
                     There are no responses for this question.
                  </i>
               </div>
            </div>
         </div>
      </div>
      <div class="panel panel-info">
         <div class="panel-heading" data-target="#panelBodyCollapse-10" id="panelHeading-10" style="cursor: pointer;">
            <form action="/page/instructorFeedbackResultsPage" class="seeMoreForm-10" id="seeMore-10" style="display:none;">
               <input name="courseid" type="hidden" value="CFResultsUiT.CS2104"/>
                              <input name="fsname" type="hidden" value="First Session"/>
                              <input name="user" type="hidden" value="CFResultsUiT.helper1"/>
                              <input name="frgroupbyteam" type="hidden" value="on"/>
                              <input name="frsorttype" type="hidden" value="question"/>
                              <input id="showStats-10" name="frshowstats" type="hidden" value="on"/>
                              <input name="questionnum" type="hidden" value="10"/>
                           </form>
            <div class="display-icon pull-right">
               <span class="glyphicon glyphicon-chevron-up pull-right">
               </span>
            </div>
            <strong>
               Question 10:
            </strong>
            <span class="text-preserve-space">
               Which team do you think has the best feature? 
               <span style=" white-space: normal;">
                  <a class="color_gray" data-less="[less]" data-more="[more]" href="javascript:;" id="questionAdditionalInfoButton-10-" onclick="toggleAdditionalQuestionInfo('10-')">
                     [more]
                  </a>
                  <br/>
                                    <span id="questionAdditionalInfo-10-" style="display:none;">
                     Multiple-choice (single answer) question options:
                     <br/>
                                          The options for this question is automatically generated from the list of all teams in this course.
                  </span>
               </span>
            </span>
         </div>
         <div class="panel-collapse collapse in" id="panelBodyCollapse-10">
            <div class="panel-body padding-0" id="questionBody-9">
               <div class="col-sm-12">
                  <i class="text-muted">
                     There are no responses for this question.
                  </i>
               </div>
            </div>
         </div>
      </div>
      <div class="panel panel-info">
         <div class="panel-heading" data-target="#panelBodyCollapse-11" id="panelHeading-11" style="cursor: pointer;">
            <form action="/page/instructorFeedbackResultsPage" class="seeMoreForm-11" id="seeMore-11" style="display:none;">
               <input name="courseid" type="hidden" value="CFResultsUiT.CS2104"/>
                              <input name="fsname" type="hidden" value="First Session"/>
                              <input name="user" type="hidden" value="CFResultsUiT.helper1"/>
                              <input name="frgroupbyteam" type="hidden" value="on"/>
                              <input name="frsorttype" type="hidden" value="question"/>
                              <input id="showStats-11" name="frshowstats" type="hidden" value="on"/>
                              <input name="questionnum" type="hidden" value="11"/>
                           </form>
            <div class="display-icon pull-right">
               <span class="glyphicon glyphicon-chevron-up pull-right">
               </span>
            </div>
            <strong>
               Question 11:
            </strong>
            <span class="text-preserve-space">
               Who are your teammates? 
               <span style=" white-space: normal;">
                  <a class="color_gray" data-less="[less]" data-more="[more]" href="javascript:;" id="questionAdditionalInfoButton-11-" onclick="toggleAdditionalQuestionInfo('11-')">
                     [more]
                  </a>
                  <br/>
                                    <span id="questionAdditionalInfo-11-" style="display:none;">
                     Multiple-choice (multiple answers) question options:
                     <br/>
                                          The options for this question is automatically generated from the list of all students in this course.
                  </span>
               </span>
            </span>
         </div>
         <div class="panel-collapse collapse in" id="panelBodyCollapse-11">
            <div class="panel-body padding-0" id="questionBody-10">
               <div class="col-sm-12">
                  <i class="text-muted">
                     There are no responses for this question.
                  </i>
               </div>
            </div>
         </div>
      </div>
      <div class="panel panel-info">
         <div class="panel-heading" data-target="#panelBodyCollapse-12" id="panelHeading-12" style="cursor: pointer;">
            <form action="/page/instructorFeedbackResultsPage" class="seeMoreForm-12" id="seeMore-12" style="display:none;">
               <input name="courseid" type="hidden" value="CFResultsUiT.CS2104"/>
                              <input name="fsname" type="hidden" value="First Session"/>
                              <input name="user" type="hidden" value="CFResultsUiT.helper1"/>
                              <input name="frgroupbyteam" type="hidden" value="on"/>
                              <input name="frsorttype" type="hidden" value="question"/>
                              <input id="showStats-12" name="frshowstats" type="hidden" value="on"/>
                              <input name="questionnum" type="hidden" value="12"/>
                           </form>
            <div class="display-icon pull-right">
               <span class="glyphicon glyphicon-chevron-up pull-right">
               </span>
            </div>
            <strong>
               Question 12:
            </strong>
            <span class="text-preserve-space">
               Which teams do you like? 
               <span style=" white-space: normal;">
                  <a class="color_gray" data-less="[less]" data-more="[more]" href="javascript:;" id="questionAdditionalInfoButton-12-" onclick="toggleAdditionalQuestionInfo('12-')">
                     [more]
                  </a>
                  <br/>
                                    <span id="questionAdditionalInfo-12-" style="display:none;">
                     Multiple-choice (multiple answers) question options:
                     <br/>
                                          The options for this question is automatically generated from the list of all teams in this course.
                  </span>
               </span>
            </span>
         </div>
         <div class="panel-collapse collapse in" id="panelBodyCollapse-12">
            <div class="panel-body padding-0" id="questionBody-11">
               <div class="col-sm-12">
                  <i class="text-muted">
                     There are no responses for this question.
                  </i>
               </div>
            </div>
         </div>
      </div>
      <div class="panel panel-info">
         <div class="panel-heading" data-target="#panelBodyCollapse-13" id="panelHeading-13" style="cursor: pointer;">
            <form action="/page/instructorFeedbackResultsPage" class="seeMoreForm-13" id="seeMore-13" style="display:none;">
               <input name="courseid" type="hidden" value="CFResultsUiT.CS2104"/>
                              <input name="fsname" type="hidden" value="First Session"/>
                              <input name="user" type="hidden" value="CFResultsUiT.helper1"/>
                              <input name="frgroupbyteam" type="hidden" value="on"/>
                              <input name="frsorttype" type="hidden" value="question"/>
                              <input id="showStats-13" name="frshowstats" type="hidden" value="on"/>
                              <input name="questionnum" type="hidden" value="13"/>
                           </form>
            <div class="display-icon pull-right">
               <span class="glyphicon glyphicon-chevron-up pull-right">
               </span>
            </div>
            <strong>
               Question 13:
            </strong>
            <span class="text-preserve-space">
               Rate our product. 
               <span style=" white-space: normal;">
                  <a class="color_gray" data-less="[less]" data-more="[more]" href="javascript:;" id="questionAdditionalInfoButton-13-" onclick="toggleAdditionalQuestionInfo('13-')">
                     [more]
                  </a>
                  <br/>
                                    <span id="questionAdditionalInfo-13-" style="display:none;">
                     Numerical-scale question:
                     <br/>
                                          Minimum value: 1. Increment: 0.5. Maximum value: 5.
                  </span>
               </span>
            </span>
         </div>
         <div class="panel-collapse collapse in" id="panelBodyCollapse-13">
            <div class="panel-body padding-0" id="questionBody-12">
               <div class="col-sm-12">
                  <i class="text-muted">
                     There are no responses for this question.
                  </i>
               </div>
            </div>
         </div>
      </div>
      <div class="panel panel-info">
         <div class="panel-heading" data-target="#panelBodyCollapse-14" id="panelHeading-14" style="cursor: pointer;">
            <form action="/page/instructorFeedbackResultsPage" class="seeMoreForm-14" id="seeMore-14" style="display:none;">
               <input name="courseid" type="hidden" value="CFResultsUiT.CS2104"/>
                              <input name="fsname" type="hidden" value="First Session"/>
                              <input name="user" type="hidden" value="CFResultsUiT.helper1"/>
                              <input name="frgroupbyteam" type="hidden" value="on"/>
                              <input name="frsorttype" type="hidden" value="question"/>
                              <input id="showStats-14" name="frshowstats" type="hidden" value="on"/>
                              <input name="questionnum" type="hidden" value="14"/>
                           </form>
            <div class="display-icon pull-right">
               <span class="glyphicon glyphicon-chevron-up pull-right">
               </span>
            </div>
            <strong>
               Question 14:
            </strong>
            <span class="text-preserve-space">
               How important are the following factors to you? Give points accordingly. 
               <span style=" white-space: normal;">
                  <a class="color_gray" data-less="[less]" data-more="[more]" href="javascript:;" id="questionAdditionalInfoButton-14-" onclick="toggleAdditionalQuestionInfo('14-')">
                     [more]
                  </a>
                  <br/>
                                    <span id="questionAdditionalInfo-14-" style="display:none;">
                     Distribute points (among options) question options:
                     <ul style="list-style-type: disc;margin-left: 20px;">
                        <li>
                           Grades
                        </li>
                        <li>
                           Fun
                        </li>
                     </ul>
                     Total points: 100
                  </span>
               </span>
            </span>
         </div>
         <div class="panel-collapse collapse in" id="panelBodyCollapse-14">
            <div class="panel-body padding-0" id="questionBody-13">
               <div class="col-sm-12">
                  <i class="text-muted">
                     There are no responses for this question.
                  </i>
               </div>
            </div>
         </div>
      </div>
      <div class="panel panel-info">
         <div class="panel-heading" data-target="#panelBodyCollapse-15" id="panelHeading-15" style="cursor: pointer;">
            <form action="/page/instructorFeedbackResultsPage" class="seeMoreForm-15" id="seeMore-15" style="display:none;">
               <input name="courseid" type="hidden" value="CFResultsUiT.CS2104"/>
                              <input name="fsname" type="hidden" value="First Session"/>
                              <input name="user" type="hidden" value="CFResultsUiT.helper1"/>
                              <input name="frgroupbyteam" type="hidden" value="on"/>
                              <input name="frsorttype" type="hidden" value="question"/>
                              <input id="showStats-15" name="frshowstats" type="hidden" value="on"/>
                              <input name="questionnum" type="hidden" value="15"/>
                           </form>
            <div class="display-icon pull-right">
               <span class="glyphicon glyphicon-chevron-up pull-right">
               </span>
            </div>
            <strong>
               Question 15:
            </strong>
            <span class="text-preserve-space">
               Split points among the your team members and yourself, according to how much you think each member has contributed. 
               <span style=" white-space: normal;">
                  <a class="color_gray" data-less="[less]" data-more="[more]" href="javascript:;" id="questionAdditionalInfoButton-15-" onclick="toggleAdditionalQuestionInfo('15-')">
                     [more]
                  </a>
                  <br/>
                                    <span id="questionAdditionalInfo-15-" style="display:none;">
                     Distribute points (among recipients) question
                     <br/>
                                          Points per recipient: 100
                  </span>
               </span>
            </span>
         </div>
         <div class="panel-collapse collapse in" id="panelBodyCollapse-15">
            <div class="panel-body padding-0" id="questionBody-14">
               <div class="col-sm-12">
                  <i class="text-muted">
                     There are no responses for this question.
                  </i>
               </div>
            </div>
         </div>
      </div>
      <div class="panel panel-info">
         <div class="panel-heading" data-target="#panelBodyCollapse-16" id="panelHeading-16" style="cursor: pointer;">
            <form action="/page/instructorFeedbackResultsPage" class="seeMoreForm-16" id="seeMore-16" style="display:none;">
               <input name="courseid" type="hidden" value="CFResultsUiT.CS2104"/>
                              <input name="fsname" type="hidden" value="First Session"/>
                              <input name="user" type="hidden" value="CFResultsUiT.helper1"/>
                              <input name="frgroupbyteam" type="hidden" value="on"/>
                              <input name="frsorttype" type="hidden" value="question"/>
                              <input id="showStats-16" name="frshowstats" type="hidden" value="on"/>
                              <input name="questionnum" type="hidden" value="16"/>
                           </form>
            <div class="display-icon pull-right">
               <span class="glyphicon glyphicon-chevron-up pull-right">
               </span>
            </div>
            <strong>
               Question 16:
            </strong>
            <span class="text-preserve-space">
               Rate the contribution of yourself and your team members towards the latest project. 
               <span style=" white-space: normal;">
                  <a class="color_gray" data-less="[less]" data-more="[more]" href="javascript:;" id="questionAdditionalInfoButton-16-" onclick="toggleAdditionalQuestionInfo('16-')">
                     [more]
                  </a>
                  <br/>
                                    <span id="questionAdditionalInfo-16-" style="display:none;">
                     Team contribution question
                  </span>
               </span>
            </span>
         </div>
         <div class="panel-collapse collapse in" id="panelBodyCollapse-16">
            <div class="panel-body padding-0" id="questionBody-15">
               <div class="col-sm-12">
                  <i class="text-muted">
                     There are no responses for this question.
                  </i>
               </div>
            </div>
         </div>
      </div>
      <div class="panel panel-warning">
         <div class="panel-heading" data-target="#panelBodyCollapse-17" id="panelHeading-17" style="cursor: pointer;">
            <form action="/page/instructorFeedbackResultsAjaxResponseRate" class="responseRateForm" id="responseRate" style="display:none;">
               <input name="courseid" type="hidden" value="CFResultsUiT.CS2104"/>
                              <input name="fsname" type="hidden" value="First Session"/>
                              <input name="user" type="hidden" value="CFResultsUiT.helper1"/>
                           </form>
            <div class="display-icon pull-right">
               <span class="glyphicon glyphicon-chevron-up pull-right">
               </span>
            </div>
            Participants who have not responded to any question
         </div>
         <div class="panel-collapse collapse in" id="panelBodyCollapse-17">
            <div class="panel-body padding-0">
               <table class="table table-striped table-bordered margin-0">
                  <tbody>
                     <tr>
                        <td>
                           Danny Engrid
                        </td>
                     </tr>
                     <tr>
                        <td>
                           Emily
                        </td>
                     </tr>
                     <tr>
                        <td>
                           Extra guy
                        </td>
                     </tr>
                     <tr>
                        <td>
                           Teammates Helper1
                        </td>
                     </tr>
                     <tr>
                        <td>
                           Teammates Helper2
                        </td>
                     </tr>
                  </tbody>
               </table>
            </div>
         </div>
      </div>
   </div>

</actual]>>
	at org.junit.Assert.assertEquals(Assert.java:115)
	at org.junit.Assert.assertEquals(Assert.java:144)
	at teammates.test.driver.HtmlHelper.assertSameHtmlPart(HtmlHelper.java:43)
	at teammates.test.pageobjects.AppPage.verifyHtmlPart(AppPage.java:822)
	at teammates.test.pageobjects.AppPage.verifyHtmlMainContent(AppPage.java:864)
	at teammates.test.cases.ui.browsertests.InstructorFeedbackResultsPageUiTest.testContent(InstructorFeedbackResultsPageUiTest.java:73)
	at teammates.test.cases.ui.browsertests.InstructorFeedbackResultsPageUiTest.testAll(InstructorFeedbackResultsPageUiTest.java:50)
	at sun.reflect.NativeMethodAccessorImpl.invoke0(Native Method)
	at sun.reflect.NativeMethodAccessorImpl.invoke(NativeMethodAccessorImpl.java:57)
	at sun.reflect.DelegatingMethodAccessorImpl.invoke(DelegatingMethodAccessorImpl.java:43)
	at java.lang.reflect.Method.invoke(Method.java:606)
	at org.testng.internal.MethodInvocationHelper.invokeMethod(MethodInvocationHelper.java:84)
	at org.testng.internal.Invoker.invokeMethod(Invoker.java:714)
	at org.testng.internal.Invoker.invokeTestMethod(Invoker.java:901)
	at org.testng.internal.Invoker.invokeTestMethods(Invoker.java:1231)
	at org.testng.internal.TestMethodWorker.invokeTestMethods(TestMethodWorker.java:127)
	at org.testng.internal.TestMethodWorker.run(TestMethodWorker.java:111)
	at java.util.concurrent.ThreadPoolExecutor.runWorker(ThreadPoolExecutor.java:1145)
	at java.util.concurrent.ThreadPoolExecutor$Worker.run(ThreadPoolExecutor.java:615)
	at java.lang.Thread.run(Thread.java:745)
]]>
    </error>
  </testcase> <!-- testAll -->
</testsuite> <!-- teammates.test.cases.ui.browsertests.InstructorFeedbackResultsPageUiTest -->
