<?xml version="1.0" encoding="UTF-8"?>
<!-- Generated by org.testng.reporters.JUnitReportReporter -->
<testsuite hostname="soccf-tr5-001" name="teammates.test.cases.logic.EvaluationsEmailTaskQueueTest" tests="2" failures="0" timestamp="1 Oct 2014 11:57:39 GMT" time="5.087" errors="0">
  <testcase name="testEvaluationsPublishEmail" time="3.059" classname="teammates.test.cases.logic.EvaluationsEmailTaskQueueTest"/>
  <testcase name="testEvaluationsRemindEmail" time="2.028" classname="teammates.test.cases.logic.EvaluationsEmailTaskQueueTest"/>
</testsuite> <!-- teammates.test.cases.logic.EvaluationsEmailTaskQueueTest -->
