<?xml version="1.0" encoding="UTF-8"?>
<!-- Generated by org.testng.reporters.JUnitReportReporter -->
<testsuite hostname="soccf-tr5-001" name="teammates.test.cases.ui.AdminAccountDetailsPageActionTest" tests="1" failures="0" timestamp="7 Aug 2014 03:44:32 GMT" time="0.016" errors="0">
  <testcase name="testExecuteAndPostProcess" time="0.016" classname="teammates.test.cases.ui.AdminAccountDetailsPageActionTest"/>
</testsuite> <!-- teammates.test.cases.ui.AdminAccountDetailsPageActionTest -->
