<?xml version="1.0" encoding="UTF-8"?>
<!-- Generated by org.testng.reporters.JUnitReportReporter -->
<testsuite hostname="soccf-tr5-001" name="teammates.test.automated.FeedbackSessionOpeningReminderTest" tests="2" failures="0" timestamp="6 Aug 2014 03:11:25 GMT" time="3.081" errors="0">
  <testcase name="testFeedbackSessionOpeningMailAction" time="1.048" classname="teammates.test.automated.FeedbackSessionOpeningReminderTest"/>
  <testcase name="testAdditionOfTaskToTaskQueue" time="2.033" classname="teammates.test.automated.FeedbackSessionOpeningReminderTest"/>
</testsuite> <!-- teammates.test.automated.FeedbackSessionOpeningReminderTest -->
