<?xml version="1.0" encoding="UTF-8"?>
<!-- Generated by org.testng.reporters.JUnitReportReporter -->
<testsuite hostname="soccf-tr5-001" name="teammates.test.cases.ui.browsertests.InstructorStudentListPageUiTest" tests="1" failures="0" timestamp="6 Aug 2014 03:39:18 GMT" time="181.725" errors="1">
  <testcase name="testAll" time="181.725" classname="teammates.test.cases.ui.browsertests.InstructorStudentListPageUiTest">
    <error type="org.junit.ComparisonFailure" message="expected:&lt;&lt;[expected&gt;
   &lt;div class=&quot;container&quot; id=&quot;frameBodyWrapper&quot;&gt;
      &lt;div&gt;
         &lt;h1&gt;
            Search
         &lt;/h1&gt;
      &lt;/div&gt;
      &lt;br/&gt;
            &lt;div&gt;
         &lt;form action=&quot;/page/instructorSearchPage?user=instructorWith2Courses&quot; method=&quot;get&quot; name=&quot;search_form&quot;&gt;
            &lt;div class=&quot;well well-plain&quot;&gt;
               &lt;div class=&quot;form-group&quot;&gt;
                  &lt;div class=&quot;input-group&quot;&gt;
                     &lt;input class=&quot;form-control&quot; id=&quot;searchBox&quot; name=&quot;searchkey&quot; placeholder=&quot;Your search keyword&quot; title=&quot;Search for comment&quot; type=&quot;text&quot; value=&quot;charlie&quot;/&gt;
                                          &lt;span class=&quot;input-group-btn&quot;&gt;
                        &lt;button class=&quot;btn btn-primary&quot; id=&quot;buttonSearch&quot; type=&quot;submit&quot; value=&quot;Search&quot;&gt;
                           Search
                        &lt;/button&gt;
                     &lt;/span&gt;
                  &lt;/div&gt;
                  &lt;input name=&quot;user&quot; type=&quot;hidden&quot; value=&quot;instructorWith2Courses&quot;/&gt;
                                 &lt;/div&gt;
               &lt;div class=&quot;form-group&quot;&gt;
                  &lt;ul class=&quot;list-inline&quot;&gt;
                     &lt;li&gt;
                        &lt;span class=&quot;glyphicon glyphicon-info-sign&quot; data-original-title=&quot;Tick the checkboxes to limit your search to certain categories&quot; data-toggle=&quot;tooltip&quot; title=&quot;&quot;&gt;
                        &lt;/span&gt;
                     &lt;/li&gt;
                     &lt;li&gt;
                        &lt;input id=&quot;comments-for-student-check&quot; name=&quot;searchcommentforstudents&quot; type=&quot;checkbox&quot; value=&quot;true&quot;/&gt;
                                                &lt;label for=&quot;comments-for-student-check&quot;&gt;
                           Comments for students
                        &lt;/label&gt;
                     &lt;/li&gt;
                     &lt;li&gt;
                        &lt;input id=&quot;comments-for-responses-check&quot; name=&quot;searchcommentforresponses&quot; type=&quot;checkbox&quot; value=&quot;true&quot;/&gt;
                                                &lt;label for=&quot;comments-for-responses-check&quot;&gt;
                           Comments for responses
                        &lt;/label&gt;
                     &lt;/li&gt;
                     &lt;li&gt;
                        &lt;input checked=&quot;&quot; id=&quot;students-check&quot; name=&quot;searchstudents&quot; type=&quot;checkbox&quot; value=&quot;true&quot;/&gt;
                                                &lt;label for=&quot;students-check&quot;&gt;
                           Students
                        &lt;/label&gt;
                     &lt;/li&gt;
                  &lt;/ul&gt;
               &lt;/div&gt;
            &lt;/div&gt;
         &lt;/form&gt;
      &lt;/div&gt;
      &lt;br/&gt;
            &lt;div id=&quot;statusMessage&quot; style=&quot;display: none;&quot;&gt;
      &lt;/div&gt;
      &lt;br/&gt;
            &lt;div class=&quot;panel panel-primary&quot;&gt;
         &lt;div class=&quot;panel-heading&quot;&gt;
            &lt;strong&gt;
               Students
            &lt;/strong&gt;
         &lt;/div&gt;
         &lt;div class=&quot;panel-body&quot;&gt;
            &lt;div class=&quot;panel panel-info&quot;&gt;
               &lt;div class=&quot;panel-heading&quot;&gt;
                  &lt;strong&gt;
                     [course3]
                  &lt;/strong&gt;
               &lt;/div&gt;
               &lt;div class=&quot;panel-body padding-0&quot;&gt;
                  &lt;table class=&quot;table table-responsive table-striped table-bordered margin-0&quot;&gt;
                     &lt;thead class=&quot;background-color-medium-gray text-color-gray font-weight-normal&quot;&gt;
                        &lt;tr&gt;
                           &lt;th&gt;
                              Photo
                           &lt;/th&gt;
                           &lt;th class=&quot;button-sort-none&quot; id=&quot;button_sortsection-0&quot; onclick=&quot;toggleSort(this, 1)&quot;&gt;
                              Section
                              &lt;span class=&quot;icon-sort unsorted&quot;&gt;
                              &lt;/span&gt;
                           &lt;/th&gt;
                           &lt;th class=&quot;button-sort-none&quot; id=&quot;button_sortteam-0&quot; onclick=&quot;toggleSort(this, 2)&quot;&gt;
                              Team
                              &lt;span class=&quot;icon-sort unsorted&quot;&gt;
                              &lt;/span&gt;
                           &lt;/th&gt;
                           &lt;th class=&quot;button-sort-none&quot; id=&quot;button_sortname-0&quot; onclick=&quot;toggleSort(this, 3)&quot;&gt;
                              Student Name
                              &lt;span class=&quot;icon-sort unsorted&quot;&gt;
                              &lt;/span&gt;
                           &lt;/th&gt;
                           &lt;th class=&quot;button-sort-none&quot; id=&quot;button_sortemail-0&quot; onclick=&quot;toggleSort(this, 4)&quot;&gt;
                              Email
                              &lt;span class=&quot;icon-sort unsorted&quot;&gt;
                              &lt;/span&gt;
                           &lt;/th&gt;
                           &lt;th&gt;
                              Action(s)
                           &lt;/th&gt;
                        &lt;/tr&gt;
                     &lt;/thead&gt;
                     &lt;tbody&gt;
                        &lt;tr id=&quot;student-c0.0&quot; style=&quot;display: table-row;&quot;&gt;
                           &lt;td id=&quot;studentphoto-c0.0&quot;&gt;
                              &lt;div class=&quot;profile-pic-icon-click align-center&quot; data-link=&quot;/page/studentProfilePic?studentemail={*}&amp;courseid={*}&quot;&gt;
                                 &lt;a class=&quot;student-profile-pic-view-link btn-link&quot;&gt;
                                    View Photo
                                 &lt;/a&gt;
                                 &lt;img alt=&quot;No Image Given&quot; class=&quot;hidden&quot; src=&quot;&quot;/&gt;
                                                               &lt;/div&gt;
                           &lt;/td&gt;
                           &lt;td id=&quot;studentsection-c0.0&quot;&gt;
                              None
                           &lt;/td&gt;
                           &lt;td id=&quot;studentteam-c0.0&quot;&gt;
                              Team 2
                           &lt;/td&gt;
                           &lt;td id=&quot;studentname-c0.0&quot;&gt;
                              Charlie D
                           &lt;/td&gt;
                           &lt;td id=&quot;studentemail-c0.0&quot;&gt;
                              CCSDetailsUiT.charlie.tmms@gmail.com
                           &lt;/td&gt;
                           &lt;td class=&quot;no-print align-center&quot;&gt;
                              &lt;a class=&quot;btn btn-default btn-xs student-view-for-test&quot; data-original-title=&quot;View the details of the student&quot; data-placement=&quot;top&quot; data-toggle=&quot;tooltip&quot; href=&quot;/page/instructorCourseStudentDetailsPage?courseid=course3&amp;studentemail=CCSDetailsUiT.charlie.tmms%40gmail.com&amp;user=instructorWith2Courses&quot; title=&quot;&quot;&gt;
                                 View
                              &lt;/a&gt;
                              &lt;a class=&quot;btn btn-default btn-xs student-edit-for-test&quot; data-original-title=&quot;Use this to edit the details of this student. &lt;br&gt;To edit multiple students in one go, you can use the enroll page: &lt;br&gt;Simply enroll students using the updated data and existing data will be updated accordingly&quot; data-placement=&quot;top&quot; data-toggle=&quot;tooltip&quot; href=&quot;/page/instructorCourseStudentDetailsEdit?courseid=course3&amp;studentemail=CCSDetailsUiT.charlie.tmms%40gmail.com&amp;user=instructorWith2Courses&quot; title=&quot;&quot;&gt;
                                 Edit
                              &lt;/a&gt;
                              &lt;a class=&quot;btn btn-default btn-xs student-delete-for-test&quot; data-original-title=&quot;Delete the student and the corresponding submissions from the course&quot; data-placement=&quot;top&quot; data-toggle=&quot;tooltip&quot; href=&quot;/page/instructorCourseStudentDelete?courseid=course3&amp;studentemail=CCSDetailsUiT.charlie.tmms%40gmail.com&amp;user=instructorWith2Courses&quot; onclick=&quot;return toggleDeleteStudentConfirmation(&#039;course3&#039;,&#039;Charlie D&#039;)&quot; title=&quot;&quot;&gt;
                                 Delete
                              &lt;/a&gt;
                              &lt;a class=&quot;btn btn-default btn-xs student-records-for-test&quot; data-original-title=&quot;View all data about this student&quot; data-placement=&quot;top&quot; data-toggle=&quot;tooltip&quot; href=&quot;/page/instructorStudentRecordsPage?courseid=course3&amp;studentemail=CCSDetailsUiT.charlie.tmms%40gmail.com&amp;user=instructorWith2Courses&quot; title=&quot;&quot;&gt;
                                 All Records
                              &lt;/a&gt;
                              &lt;div class=&quot;dropdown&quot; style=&quot;display:inline;&quot;&gt;
                                 &lt;a class=&quot;btn btn-default btn-xs dropdown-toggle&quot; data-toggle=&quot;dropdown&quot; href=&quot;javascript:;&quot;&gt;
                                    Add Comment
                                 &lt;/a&gt;
                                 &lt;ul aria-labelledby=&quot;dLabel&quot; class=&quot;dropdown-menu&quot; role=&quot;menu&quot; style=&quot;text-align:left;&quot;&gt;
                                    &lt;li role=&quot;presentation&quot;&gt;
                                       &lt;a href=&quot;/page/instructorCourseStudentDetailsPage?courseid=course3&amp;studentemail=CCSDetailsUiT.charlie.tmms%40gmail.com&amp;user=instructorWith2Courses&amp;addComment=student&quot; role=&quot;menuitem&quot; tabindex=&quot;-1&quot;&gt;
                                          Comment on Charlie D
                                       &lt;/a&gt;
                                    &lt;/li&gt;
                                    &lt;li role=&quot;presentation&quot;&gt;
                                       &lt;a href=&quot;/page/instructorCourseStudentDetailsPage?courseid=course3&amp;studentemail=CCSDetailsUiT.charlie.tmms%40gmail.com&amp;user=instructorWith2Courses&amp;addComment=team&quot; role=&quot;menuitem&quot; tabindex=&quot;-1&quot;&gt;
                                          Comment on Team 2
                                       &lt;/a&gt;
                                    &lt;/li&gt;
                                 &lt;/ul&gt;
                              &lt;/div&gt;
                           &lt;/td&gt;
                        &lt;/tr&gt;
                     &lt;/tbody&gt;
                  &lt;/table&gt;
               &lt;/div&gt;
            &lt;/div&gt;
         &lt;/div&gt;
      &lt;/div&gt;
   &lt;/div&gt;

&lt;/expected]&gt;&gt; but was:&lt;&lt;[actual&gt;
   &lt;div class=&quot;container&quot; id=&quot;frameBodyWrapper&quot;&gt;
      &lt;div&gt;
         &lt;h1&gt;
            Search
         &lt;/h1&gt;
      &lt;/div&gt;
      &lt;br/&gt;
            &lt;div&gt;
         &lt;form action=&quot;/page/instructorSearchPage?user=instructorWith2Courses&quot; method=&quot;get&quot; name=&quot;search_form&quot;&gt;
            &lt;div class=&quot;well well-plain&quot;&gt;
               &lt;div class=&quot;form-group&quot;&gt;
                  &lt;div class=&quot;input-group&quot;&gt;
                     &lt;input class=&quot;form-control&quot; id=&quot;searchBox&quot; name=&quot;searchkey&quot; placeholder=&quot;Your search keyword&quot; title=&quot;Search for comment&quot; type=&quot;text&quot; value=&quot;charlie&quot;/&gt;
                                          &lt;span class=&quot;input-group-btn&quot;&gt;
                        &lt;button class=&quot;btn btn-primary&quot; id=&quot;buttonSearch&quot; type=&quot;submit&quot; value=&quot;Search&quot;&gt;
                           Search
                        &lt;/button&gt;
                     &lt;/span&gt;
                  &lt;/div&gt;
                  &lt;input name=&quot;user&quot; type=&quot;hidden&quot; value=&quot;instructorWith2Courses&quot;/&gt;
                                 &lt;/div&gt;
               &lt;div class=&quot;form-group&quot;&gt;
                  &lt;ul class=&quot;list-inline&quot;&gt;
                     &lt;li&gt;
                        &lt;span class=&quot;glyphicon glyphicon-info-sign&quot; data-original-title=&quot;Tick the checkboxes to limit your search to certain categories&quot; data-toggle=&quot;tooltip&quot; title=&quot;&quot;&gt;
                        &lt;/span&gt;
                     &lt;/li&gt;
                     &lt;li&gt;
                        &lt;input id=&quot;comments-for-student-check&quot; name=&quot;searchcommentforstudents&quot; type=&quot;checkbox&quot; value=&quot;true&quot;/&gt;
                                                &lt;label for=&quot;comments-for-student-check&quot;&gt;
                           Comments for students
                        &lt;/label&gt;
                     &lt;/li&gt;
                     &lt;li&gt;
                        &lt;input id=&quot;comments-for-responses-check&quot; name=&quot;searchcommentforresponses&quot; type=&quot;checkbox&quot; value=&quot;true&quot;/&gt;
                                                &lt;label for=&quot;comments-for-responses-check&quot;&gt;
                           Comments for responses
                        &lt;/label&gt;
                     &lt;/li&gt;
                     &lt;li&gt;
                        &lt;input checked=&quot;&quot; id=&quot;students-check&quot; name=&quot;searchstudents&quot; type=&quot;checkbox&quot; value=&quot;true&quot;/&gt;
                                                &lt;label for=&quot;students-check&quot;&gt;
                           Students
                        &lt;/label&gt;
                     &lt;/li&gt;
                  &lt;/ul&gt;
               &lt;/div&gt;
            &lt;/div&gt;
         &lt;/form&gt;
      &lt;/div&gt;
      &lt;br/&gt;
            &lt;div class=&quot;alert alert-warning&quot; id=&quot;statusMessage&quot;&gt;
         No results found.
      &lt;/div&gt;
      &lt;script type=&quot;text/javascript&quot;&gt;
         document.getElementById( &#039;statusMessage&#039; ).scrollIntoView();
      &lt;/script&gt;
   &lt;/div&gt;

&lt;/actual]&gt;&gt;">
      <![CDATA[org.junit.ComparisonFailure: expected:<<[expected>
   <div class="container" id="frameBodyWrapper">
      <div>
         <h1>
            Search
         </h1>
      </div>
      <br/>
            <div>
         <form action="/page/instructorSearchPage?user=instructorWith2Courses" method="get" name="search_form">
            <div class="well well-plain">
               <div class="form-group">
                  <div class="input-group">
                     <input class="form-control" id="searchBox" name="searchkey" placeholder="Your search keyword" title="Search for comment" type="text" value="charlie"/>
                                          <span class="input-group-btn">
                        <button class="btn btn-primary" id="buttonSearch" type="submit" value="Search">
                           Search
                        </button>
                     </span>
                  </div>
                  <input name="user" type="hidden" value="instructorWith2Courses"/>
                                 </div>
               <div class="form-group">
                  <ul class="list-inline">
                     <li>
                        <span class="glyphicon glyphicon-info-sign" data-original-title="Tick the checkboxes to limit your search to certain categories" data-toggle="tooltip" title="">
                        </span>
                     </li>
                     <li>
                        <input id="comments-for-student-check" name="searchcommentforstudents" type="checkbox" value="true"/>
                                                <label for="comments-for-student-check">
                           Comments for students
                        </label>
                     </li>
                     <li>
                        <input id="comments-for-responses-check" name="searchcommentforresponses" type="checkbox" value="true"/>
                                                <label for="comments-for-responses-check">
                           Comments for responses
                        </label>
                     </li>
                     <li>
                        <input checked="" id="students-check" name="searchstudents" type="checkbox" value="true"/>
                                                <label for="students-check">
                           Students
                        </label>
                     </li>
                  </ul>
               </div>
            </div>
         </form>
      </div>
      <br/>
            <div id="statusMessage" style="display: none;">
      </div>
      <br/>
            <div class="panel panel-primary">
         <div class="panel-heading">
            <strong>
               Students
            </strong>
         </div>
         <div class="panel-body">
            <div class="panel panel-info">
               <div class="panel-heading">
                  <strong>
                     [course3]
                  </strong>
               </div>
               <div class="panel-body padding-0">
                  <table class="table table-responsive table-striped table-bordered margin-0">
                     <thead class="background-color-medium-gray text-color-gray font-weight-normal">
                        <tr>
                           <th>
                              Photo
                           </th>
                           <th class="button-sort-none" id="button_sortsection-0" onclick="toggleSort(this, 1)">
                              Section
                              <span class="icon-sort unsorted">
                              </span>
                           </th>
                           <th class="button-sort-none" id="button_sortteam-0" onclick="toggleSort(this, 2)">
                              Team
                              <span class="icon-sort unsorted">
                              </span>
                           </th>
                           <th class="button-sort-none" id="button_sortname-0" onclick="toggleSort(this, 3)">
                              Student Name
                              <span class="icon-sort unsorted">
                              </span>
                           </th>
                           <th class="button-sort-none" id="button_sortemail-0" onclick="toggleSort(this, 4)">
                              Email
                              <span class="icon-sort unsorted">
                              </span>
                           </th>
                           <th>
                              Action(s)
                           </th>
                        </tr>
                     </thead>
                     <tbody>
                        <tr id="student-c0.0" style="display: table-row;">
                           <td id="studentphoto-c0.0">
                              <div class="profile-pic-icon-click align-center" data-link="/page/studentProfilePic?studentemail={*}&courseid={*}">
                                 <a class="student-profile-pic-view-link btn-link">
                                    View Photo
                                 </a>
                                 <img alt="No Image Given" class="hidden" src=""/>
                                                               </div>
                           </td>
                           <td id="studentsection-c0.0">
                              None
                           </td>
                           <td id="studentteam-c0.0">
                              Team 2
                           </td>
                           <td id="studentname-c0.0">
                              Charlie D
                           </td>
                           <td id="studentemail-c0.0">
                              CCSDetailsUiT.charlie.tmms@gmail.com
                           </td>
                           <td class="no-print align-center">
                              <a class="btn btn-default btn-xs student-view-for-test" data-original-title="View the details of the student" data-placement="top" data-toggle="tooltip" href="/page/instructorCourseStudentDetailsPage?courseid=course3&studentemail=CCSDetailsUiT.charlie.tmms%40gmail.com&user=instructorWith2Courses" title="">
                                 View
                              </a>
                              <a class="btn btn-default btn-xs student-edit-for-test" data-original-title="Use this to edit the details of this student. <br>To edit multiple students in one go, you can use the enroll page: <br>Simply enroll students using the updated data and existing data will be updated accordingly" data-placement="top" data-toggle="tooltip" href="/page/instructorCourseStudentDetailsEdit?courseid=course3&studentemail=CCSDetailsUiT.charlie.tmms%40gmail.com&user=instructorWith2Courses" title="">
                                 Edit
                              </a>
                              <a class="btn btn-default btn-xs student-delete-for-test" data-original-title="Delete the student and the corresponding submissions from the course" data-placement="top" data-toggle="tooltip" href="/page/instructorCourseStudentDelete?courseid=course3&studentemail=CCSDetailsUiT.charlie.tmms%40gmail.com&user=instructorWith2Courses" onclick="return toggleDeleteStudentConfirmation('course3','Charlie D')" title="">
                                 Delete
                              </a>
                              <a class="btn btn-default btn-xs student-records-for-test" data-original-title="View all data about this student" data-placement="top" data-toggle="tooltip" href="/page/instructorStudentRecordsPage?courseid=course3&studentemail=CCSDetailsUiT.charlie.tmms%40gmail.com&user=instructorWith2Courses" title="">
                                 All Records
                              </a>
                              <div class="dropdown" style="display:inline;">
                                 <a class="btn btn-default btn-xs dropdown-toggle" data-toggle="dropdown" href="javascript:;">
                                    Add Comment
                                 </a>
                                 <ul aria-labelledby="dLabel" class="dropdown-menu" role="menu" style="text-align:left;">
                                    <li role="presentation">
                                       <a href="/page/instructorCourseStudentDetailsPage?courseid=course3&studentemail=CCSDetailsUiT.charlie.tmms%40gmail.com&user=instructorWith2Courses&addComment=student" role="menuitem" tabindex="-1">
                                          Comment on Charlie D
                                       </a>
                                    </li>
                                    <li role="presentation">
                                       <a href="/page/instructorCourseStudentDetailsPage?courseid=course3&studentemail=CCSDetailsUiT.charlie.tmms%40gmail.com&user=instructorWith2Courses&addComment=team" role="menuitem" tabindex="-1">
                                          Comment on Team 2
                                       </a>
                                    </li>
                                 </ul>
                              </div>
                           </td>
                        </tr>
                     </tbody>
                  </table>
               </div>
            </div>
         </div>
      </div>
   </div>

</expected]>> but was:<<[actual>
   <div class="container" id="frameBodyWrapper">
      <div>
         <h1>
            Search
         </h1>
      </div>
      <br/>
            <div>
         <form action="/page/instructorSearchPage?user=instructorWith2Courses" method="get" name="search_form">
            <div class="well well-plain">
               <div class="form-group">
                  <div class="input-group">
                     <input class="form-control" id="searchBox" name="searchkey" placeholder="Your search keyword" title="Search for comment" type="text" value="charlie"/>
                                          <span class="input-group-btn">
                        <button class="btn btn-primary" id="buttonSearch" type="submit" value="Search">
                           Search
                        </button>
                     </span>
                  </div>
                  <input name="user" type="hidden" value="instructorWith2Courses"/>
                                 </div>
               <div class="form-group">
                  <ul class="list-inline">
                     <li>
                        <span class="glyphicon glyphicon-info-sign" data-original-title="Tick the checkboxes to limit your search to certain categories" data-toggle="tooltip" title="">
                        </span>
                     </li>
                     <li>
                        <input id="comments-for-student-check" name="searchcommentforstudents" type="checkbox" value="true"/>
                                                <label for="comments-for-student-check">
                           Comments for students
                        </label>
                     </li>
                     <li>
                        <input id="comments-for-responses-check" name="searchcommentforresponses" type="checkbox" value="true"/>
                                                <label for="comments-for-responses-check">
                           Comments for responses
                        </label>
                     </li>
                     <li>
                        <input checked="" id="students-check" name="searchstudents" type="checkbox" value="true"/>
                                                <label for="students-check">
                           Students
                        </label>
                     </li>
                  </ul>
               </div>
            </div>
         </form>
      </div>
      <br/>
            <div class="alert alert-warning" id="statusMessage">
         No results found.
      </div>
      <script type="text/javascript">
         document.getElementById( 'statusMessage' ).scrollIntoView();
      </script>
   </div>

</actual]>>
	at org.junit.Assert.assertEquals(Assert.java:115)
	at org.junit.Assert.assertEquals(Assert.java:144)
	at teammates.test.driver.HtmlHelper.assertSameHtmlPart(HtmlHelper.java:43)
	at teammates.test.pageobjects.AppPage.verifyHtmlPart(AppPage.java:815)
	at teammates.test.pageobjects.AppPage.verifyHtmlMainContent(AppPage.java:857)
	at teammates.test.cases.ui.browsertests.InstructorStudentListPageUiTest.testSearch(InstructorStudentListPageUiTest.java:79)
	at teammates.test.cases.ui.browsertests.InstructorStudentListPageUiTest.testAll(InstructorStudentListPageUiTest.java:56)
	at sun.reflect.NativeMethodAccessorImpl.invoke0(Native Method)
	at sun.reflect.NativeMethodAccessorImpl.invoke(NativeMethodAccessorImpl.java:57)
	at sun.reflect.DelegatingMethodAccessorImpl.invoke(DelegatingMethodAccessorImpl.java:43)
	at java.lang.reflect.Method.invoke(Method.java:606)
	at org.testng.internal.MethodInvocationHelper.invokeMethod(MethodInvocationHelper.java:84)
	at org.testng.internal.Invoker.invokeMethod(Invoker.java:714)
	at org.testng.internal.Invoker.invokeTestMethod(Invoker.java:901)
	at org.testng.internal.Invoker.invokeTestMethods(Invoker.java:1231)
	at org.testng.internal.TestMethodWorker.invokeTestMethods(TestMethodWorker.java:127)
	at org.testng.internal.TestMethodWorker.run(TestMethodWorker.java:111)
	at java.util.concurrent.ThreadPoolExecutor.runWorker(ThreadPoolExecutor.java:1145)
	at java.util.concurrent.ThreadPoolExecutor$Worker.run(ThreadPoolExecutor.java:615)
	at java.lang.Thread.run(Thread.java:745)
]]>
    </error>
  </testcase> <!-- testAll -->
</testsuite> <!-- teammates.test.cases.ui.browsertests.InstructorStudentListPageUiTest -->
