<?xml version="1.0" encoding="UTF-8"?>
<!-- Generated by org.testng.reporters.JUnitReportReporter -->
<testsuite hostname="soccf-tr5-001" name="teammates.test.cases.common.FeedbackQuestionAttributesTest" tests="2" failures="0" timestamp="6 Aug 2014 03:11:26 GMT" time="0.002" errors="0">
  <testcase name="testValidate" time="0.001" classname="teammates.test.cases.common.FeedbackQuestionAttributesTest"/>
  <testcase name="testRemoveIrrelevantVisibilityOptions" time="0.001" classname="teammates.test.cases.common.FeedbackQuestionAttributesTest"/>
</testsuite> <!-- teammates.test.cases.common.FeedbackQuestionAttributesTest -->
