<?xml version="1.0" encoding="UTF-8"?>
<!-- Generated by org.testng.reporters.JUnitReportReporter -->
<testsuite hostname="soccf-tr5-001" name="teammates.test.cases.storage.ProfilesDbTest" tests="2" failures="2" timestamp="6 Aug 2014 03:39:18 GMT" time="0.159" errors="0">
  <testcase name="testUpdateStudentProfilePicture" time="0.131" classname="teammates.test.cases.storage.ProfilesDbTest">
    <failure type="java.lang.NoClassDefFoundError" message="com/google/appengine/tools/cloudstorage/GcsFilename">
      <![CDATA[java.lang.NoClassDefFoundError: com/google/appengine/tools/cloudstorage/GcsFilename
	at teammates.common.util.GoogleCloudStorageHelper.writeDataToGcs(GoogleCloudStorageHelper.java:54)
	at teammates.common.util.GoogleCloudStorageHelper.writeFileToGcs(GoogleCloudStorageHelper.java:26)
	at teammates.test.cases.storage.ProfilesDbTest.testUpdateStudentProfilePicture(ProfilesDbTest.java:164)
	at sun.reflect.NativeMethodAccessorImpl.invoke0(Native Method)
	at sun.reflect.NativeMethodAccessorImpl.invoke(NativeMethodAccessorImpl.java:57)
	at sun.reflect.DelegatingMethodAccessorImpl.invoke(DelegatingMethodAccessorImpl.java:43)
	at java.lang.reflect.Method.invoke(Method.java:606)
	at org.testng.internal.MethodInvocationHelper.invokeMethod(MethodInvocationHelper.java:84)
	at org.testng.internal.Invoker.invokeMethod(Invoker.java:714)
	at org.testng.internal.Invoker.invokeTestMethod(Invoker.java:901)
	at org.testng.internal.Invoker.invokeTestMethods(Invoker.java:1231)
	at org.testng.internal.TestMethodWorker.invokeTestMethods(TestMethodWorker.java:127)
	at org.testng.internal.TestMethodWorker.run(TestMethodWorker.java:111)
	at org.testng.TestRunner.privateRun(TestRunner.java:767)
	at org.testng.TestRunner.run(TestRunner.java:617)
	at org.testng.SuiteRunner.runTest(SuiteRunner.java:334)
	at org.testng.SuiteRunner.access$000(SuiteRunner.java:37)
	at org.testng.SuiteRunner$SuiteWorker.run(SuiteRunner.java:368)
	at org.testng.internal.thread.ThreadUtil$2.call(ThreadUtil.java:64)
	at java.util.concurrent.FutureTask.run(FutureTask.java:262)
	at java.util.concurrent.ThreadPoolExecutor.runWorker(ThreadPoolExecutor.java:1145)
	at java.util.concurrent.ThreadPoolExecutor$Worker.run(ThreadPoolExecutor.java:615)
	at java.lang.Thread.run(Thread.java:745)
]]>
    </failure>
  </testcase> <!-- testUpdateStudentProfilePicture -->
  <testcase name="testUpdateStudentProfile" time="0.028" classname="teammates.test.cases.storage.ProfilesDbTest">
    <failure type="java.lang.NoClassDefFoundError" message="com/google/appengine/tools/cloudstorage/GcsFilename">
      <![CDATA[java.lang.NoClassDefFoundError: com/google/appengine/tools/cloudstorage/GcsFilename
	at teammates.common.util.GoogleCloudStorageHelper.writeDataToGcs(GoogleCloudStorageHelper.java:54)
	at teammates.common.util.GoogleCloudStorageHelper.writeFileToGcs(GoogleCloudStorageHelper.java:26)
	at teammates.test.cases.storage.ProfilesDbTest.testUpdateStudentProfile(ProfilesDbTest.java:88)
	at sun.reflect.NativeMethodAccessorImpl.invoke0(Native Method)
	at sun.reflect.NativeMethodAccessorImpl.invoke(NativeMethodAccessorImpl.java:57)
	at sun.reflect.DelegatingMethodAccessorImpl.invoke(DelegatingMethodAccessorImpl.java:43)
	at java.lang.reflect.Method.invoke(Method.java:606)
	at org.testng.internal.MethodInvocationHelper.invokeMethod(MethodInvocationHelper.java:84)
	at org.testng.internal.Invoker.invokeMethod(Invoker.java:714)
	at org.testng.internal.Invoker.invokeTestMethod(Invoker.java:901)
	at org.testng.internal.Invoker.invokeTestMethods(Invoker.java:1231)
	at org.testng.internal.TestMethodWorker.invokeTestMethods(TestMethodWorker.java:127)
	at org.testng.internal.TestMethodWorker.run(TestMethodWorker.java:111)
	at org.testng.TestRunner.privateRun(TestRunner.java:767)
	at org.testng.TestRunner.run(TestRunner.java:617)
	at org.testng.SuiteRunner.runTest(SuiteRunner.java:334)
	at org.testng.SuiteRunner.access$000(SuiteRunner.java:37)
	at org.testng.SuiteRunner$SuiteWorker.run(SuiteRunner.java:368)
	at org.testng.internal.thread.ThreadUtil$2.call(ThreadUtil.java:64)
	at java.util.concurrent.FutureTask.run(FutureTask.java:262)
	at java.util.concurrent.ThreadPoolExecutor.runWorker(ThreadPoolExecutor.java:1145)
	at java.util.concurrent.ThreadPoolExecutor$Worker.run(ThreadPoolExecutor.java:615)
	at java.lang.Thread.run(Thread.java:745)
]]>
    </failure>
  </testcase> <!-- testUpdateStudentProfile -->
</testsuite> <!-- teammates.test.cases.storage.ProfilesDbTest -->
