<?xml version="1.0" encoding="UTF-8"?>
<!-- Generated by org.testng.reporters.JUnitReportReporter -->
<testsuite hostname="soccf-tr5-001" name="teammates.test.cases.BaseTestCaseTest" tests="2" failures="0" timestamp="6 Aug 2014 03:11:24 GMT" time="0.011" errors="0">
  <testcase name="testAssertContainsRegex" time="0.011" classname="teammates.test.cases.BaseTestCaseTest"/>
  <testcase name="testAssertContains" time="0.000" classname="teammates.test.cases.BaseTestCaseTest"/>
</testsuite> <!-- teammates.test.cases.BaseTestCaseTest -->
