<?xml version="1.0" encoding="UTF-8"?>
<!-- Generated by org.testng.reporters.JUnitReportReporter -->
<testsuite hostname="soccf-tr5-001" name="teammates.test.cases.logic.SubmissionsAdjustmentTest" tests="2" failures="0" timestamp="6 Aug 2014 03:11:26 GMT" time="7.207" errors="0">
  <testcase name="testAdjustmentOfResponses" time="0.076" classname="teammates.test.cases.logic.SubmissionsAdjustmentTest"/>
  <testcase name="testEnrollStudentsWithScheduledSubmissionAdjustment" time="7.131" classname="teammates.test.cases.logic.SubmissionsAdjustmentTest"/>
</testsuite> <!-- teammates.test.cases.logic.SubmissionsAdjustmentTest -->
