<?xml version="1.0" encoding="UTF-8"?>
<!-- Generated by org.testng.reporters.JUnitReportReporter -->
<testsuite hostname="soccf-tr5-001" name="teammates.test.cases.common.StudentAttributesFactoryTest" tests="4" failures="0" timestamp="6 Aug 2014 03:11:24 GMT" time="0.005" errors="0">
  <testcase name="testConstructor" time="0.002" classname="teammates.test.cases.common.StudentAttributesFactoryTest"/>
  <testcase name="testMakeStudent" time="0.002" classname="teammates.test.cases.common.StudentAttributesFactoryTest"/>
  <testcase name="testSplitLineIntoColumns" time="0.000" classname="teammates.test.cases.common.StudentAttributesFactoryTest"/>
  <testcase name="testLocateColumnIndexes" time="0.001" classname="teammates.test.cases.common.StudentAttributesFactoryTest"/>
</testsuite> <!-- teammates.test.cases.common.StudentAttributesFactoryTest -->
