<?xml version="1.0" encoding="UTF-8"?>
<!-- Generated by org.testng.reporters.JUnitReportReporter -->
<testsuite hostname="soccf-tr5-001" name="teammates.test.cases.logic.FeedbackSessionEmailTaskQueueTest" tests="4" failures="0" timestamp="6 Aug 2014 03:11:25 GMT" time="18.175" errors="0">
  <testcase name="testScheduleFeedbackSessionOpeningEmails" time="3.018" classname="teammates.test.cases.logic.FeedbackSessionEmailTaskQueueTest"/>
  <testcase name="testScheduleFeedbackSessionClosingEmails" time="2.021" classname="teammates.test.cases.logic.FeedbackSessionEmailTaskQueueTest"/>
  <testcase name="testScheduleFeedbackSessionPublishedEmails" time="2.011" classname="teammates.test.cases.logic.FeedbackSessionEmailTaskQueueTest"/>
  <testcase name="testAll" time="11.125" classname="teammates.test.cases.logic.FeedbackSessionEmailTaskQueueTest"/>
</testsuite> <!-- teammates.test.cases.logic.FeedbackSessionEmailTaskQueueTest -->
