<?xml version="1.0" encoding="UTF-8"?>
<!-- Generated by org.testng.reporters.JUnitReportReporter -->
<testsuite hostname="soccf-tr5-001" name="teammates.test.cases.ui.StudentFeedbackSubmissionEditSaveActionTest" tests="2" failures="0" timestamp="6 Aug 2014 03:11:26 GMT" time="4.359" errors="0">
  <testcase name="testExecuteAndPostProcess" time="4.222" classname="teammates.test.cases.ui.StudentFeedbackSubmissionEditSaveActionTest"/>
  <testcase name="testGracePeriodExecuteAndPostProcess" time="0.137" classname="teammates.test.cases.ui.StudentFeedbackSubmissionEditSaveActionTest"/>
</testsuite> <!-- teammates.test.cases.ui.StudentFeedbackSubmissionEditSaveActionTest -->
