<?xml version="1.0" encoding="UTF-8"?>
<!-- Generated by org.testng.reporters.JUnitReportReporter -->
<testsuite hostname="soccf-tr5-001" name="teammates.test.cases.ui.browsertests.AdminAccountDetailsPageUiTest" tests="1" failures="0" timestamp="6 Aug 2014 03:11:25 GMT" time="12.084" errors="0">
  <testcase name="testAll" time="12.084" classname="teammates.test.cases.ui.browsertests.AdminAccountDetailsPageUiTest"/>
</testsuite> <!-- teammates.test.cases.ui.browsertests.AdminAccountDetailsPageUiTest -->
