<?xml version="1.0" encoding="UTF-8"?>
<!-- Generated by org.testng.reporters.JUnitReportReporter -->
<testsuite hostname="soccf-tr5-001" name="teammates.test.cases.logic.EvaluationsEmailTaskQueueTest" tests="2" failures="0" timestamp="6 Aug 2014 03:11:26 GMT" time="4.098" errors="0">
  <testcase name="testEvaluationsPublishEmail" time="2.097" classname="teammates.test.cases.logic.EvaluationsEmailTaskQueueTest"/>
  <testcase name="testEvaluationsRemindEmail" time="2.001" classname="teammates.test.cases.logic.EvaluationsEmailTaskQueueTest"/>
</testsuite> <!-- teammates.test.cases.logic.EvaluationsEmailTaskQueueTest -->
