<?xml version="1.0" encoding="UTF-8"?>
<!-- Generated by org.testng.reporters.JUnitReportReporter -->
<testsuite hostname="soccf-tr5-001" name="teammates.test.cases.ui.InstructorFeedbackSubmissionEditSaveActionTest" tests="2" failures="0" timestamp="6 Aug 2014 03:11:25 GMT" time="1.629" errors="0">
  <testcase name="testExecuteAndPostProcess" time="1.553" classname="teammates.test.cases.ui.InstructorFeedbackSubmissionEditSaveActionTest"/>
  <testcase name="testGracePeriodExecuteAndPostProcess" time="0.076" classname="teammates.test.cases.ui.InstructorFeedbackSubmissionEditSaveActionTest"/>
</testsuite> <!-- teammates.test.cases.ui.InstructorFeedbackSubmissionEditSaveActionTest -->
