<?xml version="1.0" encoding="UTF-8"?>
<!-- Generated by org.testng.reporters.JUnitReportReporter -->
<testsuite hostname="soccf-tr5-001" name="teammates.test.cases.logic.AccountsLogicTest" tests="8" failures="0" timestamp="6 Aug 2014 03:11:25 GMT" time="4.139" errors="0">
  <testcase name="testGetStudentAndUpdateStudentProfile" time="0.045" classname="teammates.test.cases.logic.AccountsLogicTest"/>
  <testcase name="testCreateAccount" time="0.019" classname="teammates.test.cases.logic.AccountsLogicTest"/>
  <testcase name="testJoinCourseForInstructor" time="0.155" classname="teammates.test.cases.logic.AccountsLogicTest"/>
  <testcase name="testGetInstructorAccounts" time="0.137" classname="teammates.test.cases.logic.AccountsLogicTest"/>
  <testcase name="testJoinCourseForStudent" time="2.702" classname="teammates.test.cases.logic.AccountsLogicTest"/>
  <testcase name="testAccountFunctions" time="0.071" classname="teammates.test.cases.logic.AccountsLogicTest"/>
  <testcase name="testDeleteProfilePicture" time="0.000" classname="teammates.test.cases.logic.AccountsLogicTest"/>
  <testcase name="testDeleteAccountCascade" time="1.010" classname="teammates.test.cases.logic.AccountsLogicTest"/>
</testsuite> <!-- teammates.test.cases.logic.AccountsLogicTest -->
