<?xml version="1.0" encoding="UTF-8"?>
<!-- Generated by org.testng.reporters.JUnitReportReporter -->
<testsuite hostname="soccf-tr5-001" name="teammates.test.cases.ui.browsertests.InstructorEvalResultsPageUiTest" tests="4" failures="0" timestamp="6 Aug 2014 03:11:24 GMT" time="70.291" errors="0">
  <testcase name="testPublishedEval" time="13.130" classname="teammates.test.cases.ui.browsertests.InstructorEvalResultsPageUiTest"/>
  <testcase name="testP2PDisabledEval" time="5.090" classname="teammates.test.cases.ui.browsertests.InstructorEvalResultsPageUiTest"/>
  <testcase name="testClosedEval" time="17.221" classname="teammates.test.cases.ui.browsertests.InstructorEvalResultsPageUiTest"/>
  <testcase name="testOpenEval" time="34.850" classname="teammates.test.cases.ui.browsertests.InstructorEvalResultsPageUiTest"/>
</testsuite> <!-- teammates.test.cases.ui.browsertests.InstructorEvalResultsPageUiTest -->
