<?xml version="1.0" encoding="UTF-8"?>
<!-- Generated by org.testng.reporters.JUnitReportReporter -->
<testsuite hostname="soccf-tr5-001" name="teammates.test.cases.ui.StudentCourseJoinAuthenticatedActionTest" tests="1" failures="0" timestamp="6 Aug 2014 03:11:24 GMT" time="0.073" errors="0">
  <testcase name="testExecuteAndPostProcess" time="0.073" classname="teammates.test.cases.ui.StudentCourseJoinAuthenticatedActionTest"/>
</testsuite> <!-- teammates.test.cases.ui.StudentCourseJoinAuthenticatedActionTest -->
