<?xml version="1.0" encoding="UTF-8"?>
<!-- Generated by org.testng.reporters.JUnitReportReporter -->
<testsuite hostname="soccf-tr5-001" name="teammates.test.cases.ui.AdminInstructorAccountAddActionTest" tests="2" failures="0" timestamp="6 Aug 2014 03:11:25 GMT" time="5.644" errors="0">
  <testcase name="testGenerateNextDemoCourseId" time="0.001" classname="teammates.test.cases.ui.AdminInstructorAccountAddActionTest"/>
  <testcase name="testExecuteAndPostProcess" time="5.643" classname="teammates.test.cases.ui.AdminInstructorAccountAddActionTest"/>
</testsuite> <!-- teammates.test.cases.ui.AdminInstructorAccountAddActionTest -->
