<?xml version="1.0" encoding="UTF-8"?>
<!-- Generated by org.testng.reporters.JUnitReportReporter -->
<testsuite hostname="soccf-tr5-001" name="teammates.test.cases.ui.browsertests.InstructorCourseStudentDetailsEditPageUiTest" tests="1" failures="0" timestamp="6 Aug 2014 03:11:25 GMT" time="32.882" errors="0">
  <testcase name="testAll" time="32.882" classname="teammates.test.cases.ui.browsertests.InstructorCourseStudentDetailsEditPageUiTest"/>
</testsuite> <!-- teammates.test.cases.ui.browsertests.InstructorCourseStudentDetailsEditPageUiTest -->
