<?xml version="1.0" encoding="UTF-8"?>
<!-- Generated by org.testng.reporters.JUnitReportReporter -->
<testsuite hostname="soccf-tr5-001" name="teammates.test.cases.ui.InstructorEvalsPageDataTest" tests="1" failures="0" timestamp="6 Aug 2014 03:11:25 GMT" time="0.060" errors="0">
  <testcase name="testGetTimeOptions" time="0.060" classname="teammates.test.cases.ui.InstructorEvalsPageDataTest"/>
</testsuite> <!-- teammates.test.cases.ui.InstructorEvalsPageDataTest -->
