<?xml version="1.0" encoding="UTF-8"?>
<!-- Generated by org.testng.reporters.JUnitReportReporter -->
<testsuite hostname="soccf-tr5-001" name="teammates.test.cases.storage.CoursesDbTest" tests="4" failures="0" timestamp="6 Aug 2014 03:11:25 GMT" time="0.422" errors="0">
  <testcase name="testCreateCourse" time="0.012" classname="teammates.test.cases.storage.CoursesDbTest"/>
  <testcase name="testDeleteCourse" time="0.394" classname="teammates.test.cases.storage.CoursesDbTest"/>
  <testcase name="testUpdateCourse" time="0.009" classname="teammates.test.cases.storage.CoursesDbTest"/>
  <testcase name="testGetCourse" time="0.007" classname="teammates.test.cases.storage.CoursesDbTest"/>
</testsuite> <!-- teammates.test.cases.storage.CoursesDbTest -->
