<?xml version="1.0" encoding="UTF-8"?>
<!-- Generated by org.testng.reporters.JUnitReportReporter -->
<testsuite hostname="soccf-tr5-001" name="teammates.test.cases.ui.browsertests.AllAccessControlUiTests" tests="8" failures="0" timestamp="6 Aug 2014 03:11:25 GMT" time="69.776" errors="0">
  <testcase name="testUserNotRegistered" time="12.909" classname="teammates.test.cases.ui.browsertests.AllAccessControlUiTests"/>
  <testcase name="testStudentHome" time="4.907" classname="teammates.test.cases.ui.browsertests.AllAccessControlUiTests"/>
  <testcase name="testInstructorHome" time="5.749" classname="teammates.test.cases.ui.browsertests.AllAccessControlUiTests"/>
  <testcase name="testStudentEvalResult" time="16.021" classname="teammates.test.cases.ui.browsertests.AllAccessControlUiTests"/>
  <testcase name="testStudentEvalSubmission" time="17.366" classname="teammates.test.cases.ui.browsertests.AllAccessControlUiTests"/>
  <testcase name="testStudentAccessToAdminPages" time="6.001" classname="teammates.test.cases.ui.browsertests.AllAccessControlUiTests"/>
  <testcase name="testPubliclyAccessiblePages" time="5.465" classname="teammates.test.cases.ui.browsertests.AllAccessControlUiTests"/>
  <testcase name="testUserNotLoggedIn" time="1.358" classname="teammates.test.cases.ui.browsertests.AllAccessControlUiTests"/>
</testsuite> <!-- teammates.test.cases.ui.browsertests.AllAccessControlUiTests -->
