<?xml version="1.0" encoding="UTF-8"?>
<!-- Generated by org.testng.reporters.JUnitReportReporter -->
<testsuite hostname="soccf-tr5-001" name="teammates.test.cases.storage.EvaluationsDbTest" tests="4" failures="0" timestamp="6 Aug 2014 03:11:26 GMT" time="0.183" errors="0">
  <testcase name="testUpdateEvaluation" time="0.015" classname="teammates.test.cases.storage.EvaluationsDbTest"/>
  <testcase name="testCreateEvaluation" time="0.130" classname="teammates.test.cases.storage.EvaluationsDbTest"/>
  <testcase name="testGetEvaluation" time="0.011" classname="teammates.test.cases.storage.EvaluationsDbTest"/>
  <testcase name="testDeleteEvaluation" time="0.027" classname="teammates.test.cases.storage.EvaluationsDbTest"/>
</testsuite> <!-- teammates.test.cases.storage.EvaluationsDbTest -->
