<?xml version="1.0" encoding="UTF-8"?>
<!-- Generated by org.testng.reporters.JUnitReportReporter -->
<testsuite hostname="soccf-tr5-001" name="teammates.test.cases.ui.InstructorFeedbackResponseCommentDeleteActionTest" tests="1" failures="0" timestamp="6 Aug 2014 03:11:25 GMT" time="0.022" errors="0">
  <testcase name="testExcecuteAndPostProcess" time="0.022" classname="teammates.test.cases.ui.InstructorFeedbackResponseCommentDeleteActionTest"/>
</testsuite> <!-- teammates.test.cases.ui.InstructorFeedbackResponseCommentDeleteActionTest -->
